MAJOR NFEV NGEV OBJFUN GNORM CNORM FEAS OPT STEP
0 0 0 2.8957449934765161e-01 1.2568641600750211e-01 9.1954765487300034e-03 9.1954765487296530e-03 0 1.0000000000000000e+00
1 0 0 2.8570092773347788e-01 1.5922989833396770e-01 9.1954765487302133e-03 9.1954765487298751e-03 0 5.0000000000000000e-01
2 0 0 2.8473224034633515e-01 9.0181156910555588e-02 9.1954765487288950e-03 9.1954765487285428e-03 0 5.0000000000000000e-01
3 0 0 2.8462635041033191e-01 7.2595618708658022e-02 9.1954765487288950e-03 9.1954765487285428e-03 0 1.0000000000000000e+00
4 0 0 2.8353753106881263e-01 1.0383108746535241e-01 9.1954765487286660e-03 9.1954765487283208e-03 0 5.0000000000000000e-01
5 0 0 2.8285019389116584e-01 8.1233347708835821e-02 9.1954765487286712e-03 9.1954765487283208e-03 0 5.0000000000000000e-01
6 0 0 2.8281543188574465e-01 7.0524278393757647e-02 9.1954765487297831e-03 9.1954765487294310e-03 0 1.0000000000000000e+00
7 0 0 2.8185389865410759e-01 1.0161807144910401e-01 9.1954765487311033e-03 9.1954765487307633e-03 0 5.0000000000000000e-01
8 0 0 2.8121021943727542e-01 8.1586483104441845e-02 9.1954765487293373e-03 9.1954765487289869e-03 0 5.0000000000000000e-01
9 0 0 2.8071002345855822e-01 7.0500666834563561e-02 9.1954765487302272e-03 9.1954765487298751e-03 0 5.0000000000000000e-01
10 0 0 2.8038736629376138e-01 6.4897426506773964e-02 9.1954765487280050e-03 9.1954765487276546e-03 0 1.0000000000000000e+00
11 0 0 2.7974482413234003e-01 8.3801513649507345e-02 9.1954765487297727e-03 9.1954765487294310e-03 0 5.0000000000000000e-01
12 0 0 2.7926206153437155e-01 7.1579637993808454e-02 9.1954765487288950e-03 9.1954765487285428e-03 0 5.0000000000000000e-01
13 0 0 2.7910283396206204e-01 6.4849215089848464e-02 9.1954765487297831e-03 9.1954765487294310e-03 0 1.0000000000000000e+00
14 0 0 2.7843864725255218e-01 8.7528670361261177e-02 9.1954765487284439e-03 9.1954765487280987e-03 0 5.0000000000000000e-01
15 0 0 2.7796434973912454e-01 7.3064270318378324e-02 9.1954765487300034e-03 9.1954765487296530e-03 0 5.0000000000000000e-01
16 0 0 2.7758184572734868e-01 6.5281922980899632e-02 9.1954765487288950e-03 9.1954765487285428e-03 0 5.0000000000000000e-01
17 0 0 2.7728629115180725e-01 6.1054341676786757e-02 9.1954765487284509e-03 9.1954765487280987e-03 0 1.0000000000000000e+00
18 0 0 2.7680952392793717e-01 7.5382457436118461e-02 9.1954765487286660e-03 9.1954765487283208e-03 0 5.0000000000000000e-01
19 0 0 2.7644442674320341e-01 6.5892538887285301e-02 9.1954765487306713e-03 9.1954765487303192e-03 0 5.0000000000000000e-01
20 0 0 2.7628176286076245e-01 6.0948563277754809e-02 9.1954765487288950e-03 9.1954765487285428e-03 0 1.0000000000000000e+00
21 0 0 2.7579438693661285e-01 7.8147779725011815e-02 9.1954765487293304e-03 9.1954765487289869e-03 0 5.0000000000000000e-01
22 0 0 2.7543938919797506e-01 6.7073508111460581e-02 9.1954765487297831e-03 9.1954765487294310e-03 0 5.0000000000000000e-01
23 0 0 2.7542581877044425e-01 6.0934413362583824e-02 9.1954765487288950e-03 9.1954765487285428e-03 0 1.0000000000000000e+00
24 0 0 2.7491265343626914e-01 8.1895386797436229e-02 9.1954765487297797e-03 9.1954765487294310e-03 0 5.0000000000000000e-01
25 0 0 2.7456325175575702e-01 6.8546102205585255e-02 9.1954765487304493e-03 9.1954765487300971e-03 0 5.0000000000000000e-01
26 0 0 2.7429276739384717e-01 6.1318293096749486e-02 9.1954765487297831e-03 9.1954765487294310e-03 0 5.0000000000000000e-01
27 0 0 2.7416345330962388e-01 5.7379159512686531e-02 9.1954765487306713e-03 9.1954765487303192e-03 0 1.0000000000000000e+00
28 0 0 2.7380950898110284e-01 7.0756672792060521e-02 9.1954765487291135e-03 9.1954765487287649e-03 0 5.0000000000000000e-01
29 0 0 2.7355330570060732e-01 6.1884247403971956e-02 9.1954765487291170e-03 9.1954765487287649e-03 0 5.0000000000000000e-01
30 0 0 2.7354111154272931e-01 5.7233696399492572e-02 9.1954765487297831e-03 9.1954765487294310e-03 0 1.0000000000000000e+00
31 0 0 2.7317602495591659e-01 7.3419152301977222e-02 9.1954765487288880e-03 9.1954765487285428e-03 0 5.0000000000000000e-01
32 0 0 2.7292707285436046e-01 6.2990572147171478e-02 9.1954765487297831e-03 9.1954765487294310e-03 0 5.0000000000000000e-01
33 0 0 2.7273757438024560e-01 5.7195017362311550e-02 9.1954765487297831e-03 9.1954765487294310e-03 0 5.0000000000000000e-01
34 0 0 2.7265659194698022e-01 5.4214624992156575e-02 9.1954765487280050e-03 9.1954765487276546e-03 0 1.0000000000000000e+00
35 0 0 2.7241094604666066e-01 6.4407229114052486e-02 9.1954765487284457e-03 9.1954765487280987e-03 0 5.0000000000000000e-01
36 0 0 2.7223496004534220e-01 5.7540575886051444e-02 9.1954765487288950e-03 9.1954765487285428e-03 0 5.0000000000000000e-01
37 0 0 2.7209606272051912e-01 5.3787468489719818e-02 9.1954765487308934e-03 9.1954765487305412e-03 0 5.0000000000000000e-01
38 0 0 2.7199865041484272e-01 5.1861528806654164e-02 9.1954765487284509e-03 9.1954765487280987e-03 0 1.0000000000000000e+00
39 0 0 2.7183366911757567e-01 5.8087895238628208e-02 9.1954765487297797e-03 9.1954765487294310e-03 0 5.0000000000000000e-01
40 0 0 2.7171130912810659e-01 5.3629032915870775e-02 9.1954765487300034e-03 9.1954765487296530e-03 0 5.0000000000000000e-01
41 0 0 2.7168817487209268e-01 5.1192975474246005e-02 9.1954765487288950e-03 9.1954765487285428e-03 0 1.0000000000000000e+00
42 0 0 2.7152753327343127e-01 5.9163750836634027e-02 9.1954765487284509e-03 9.1954765487280987e-03 0 5.0000000000000000e-01
43 0 0 2.7141997187664813e-01 5.3595109727490764e-02 9.1954765487297831e-03 9.1954765487294310e-03 0 5.0000000000000000e-01
44 0 0 2.7133919547028412e-01 5.0711448639755914e-02 9.1954765487295611e-03 9.1954765487292089e-03 0 5.0000000000000000e-01
45 0 0 2.7131360320139897e-01 4.9107031417507191e-02 9.1954765487288950e-03 9.1954765487285428e-03 0 1.0000000000000000e+00
46 0 0 2.7121604574916758e-01 5.3939616124059474e-02 9.1954765487286712e-03 9.1954765487283208e-03 0 5.0000000000000000e-01
47 0 0 2.7115161517391517e-01 5.0303072999498752e-02 9.1954765487297831e-03 9.1954765487294310e-03 0 5.0000000000000000e-01
48 0 0 2.7110460933406672e-01 4.8424037455071768e-02 9.1954765487280050e-03 9.1954765487276546e-03 0 5.0000000000000000e-01
49 0 0 2.7109603735457477e-01 4.7338033781469155e-02 9.1954765487291170e-03 9.1954765487287649e-03 0 1.0000000000000000e+00
50 0 0 2.7104435713375585e-01 5.0161196216615474e-02 9.1954765487300034e-03 9.1954765487296530e-03 0 5.0000000000000000e-01
51 0 0 2.7101395664020128e-01 4.7782834606649519e-02 9.1954765487302272e-03 9.1954765487298751e-03 0 5.0000000000000000e-01
52 0 0 2.7099537830443160e-01 4.6533279740695259e-02 9.1954765487293373e-03 9.1954765487289869e-03 0 5.0000000000000000e-01
53 0 0 2.7098511389947566e-01 4.5768432949252175e-02 9.1954765487302272e-03 9.1954765487298751e-03 0 5.0000000000000000e-01
54 0 0 2.7098079072917591e-01 4.5291539491489660e-02 9.1954765487288950e-03 9.1954765487285428e-03 0 5.0000000000000000e-01
55 0 0 2.7097976642318022e-01 4.4917160489922899e-02 9.1954765487300034e-03 9.1954765487296530e-03 0 2.5000000000000000e-01
56 0 0 2.7097976642317789e-01 4.4694920369663160e-02 9.1954765487291170e-03 9.1954765487287649e-03 0 3.7252902984619141e-09
57 0 0 2.7097976642317773e-01 4.4694920367732809e-02 9.1954765487293373e-03 9.1954765487289869e-03 0 1.4551915228366852e-11
58 0 0 2.7097976642317689e-01 4.4694920367725266e-02 9.1954765487284509e-03 9.1954765487280987e-03 0 7.2759576141834259e-12
59 0 0 2.7097976642317689e-01 4.4694920367721568e-02 9.1954765487293373e-03 9.1954765487289869e-03 0 9.0949470177292824e-13
60 0 0 2.7097976642317689e-01 4.4694920367721568e-02 9.1954765487293373e-03 9.1954765487289869e-03 0 9.0949470177292824e-13
61 0 0 2.7097976642317689e-01 4.4694920367721568e-02 9.1954765487293373e-03 9.1954765487289869e-03 0 9.0949470177292824e-13
62 0 0 2.7097976642317689e-01 4.4694920367721568e-02 9.1954765487293373e-03 9.1954765487289869e-03 0 9.0949470177292824e-13
63 0 0 2.7097976642317689e-01 4.4694920367721568e-02 9.1954765487293373e-03 9.1954765487289869e-03 0 9.0949470177292824e-13
64 0 0 2.7097976642317689e-01 4.4694920367721568e-02 9.1954765487293373e-03 9.1954765487289869e-03 0 9.0949470177292824e-13
65 0 0 2.7097976642317689e-01 4.4694920367721568e-02 9.1954765487293373e-03 9.1954765487289869e-03 0 9.0949470177292824e-13
66 0 0 2.7097976642317689e-01 4.4694920367721568e-02 9.1954765487293373e-03 9.1954765487289869e-03 0 9.0949470177292824e-13
67 0 0 2.7097976642317689e-01 4.4694920367721568e-02 9.1954765487293373e-03 9.1954765487289869e-03 0 9.0949470177292824e-13
68 0 0 2.7097976642317689e-01 4.4694920367721568e-02 9.1954765487293373e-03 9.1954765487289869e-03 0 9.0949470177292824e-13
69 0 0 2.7097976642317689e-01 4.4694920367721568e-02 9.1954765487293373e-03 9.1954765487289869e-03 0 9.0949470177292824e-13
70 0 0 2.7097976642317689e-01 4.4694920367721568e-02 9.1954765487293373e-03 9.1954765487289869e-03 0 9.0949470177292824e-13
71 0 0 2.7097976642317689e-01 4.4694920367721568e-02 9.1954765487293373e-03 9.1954765487289869e-03 0 9.0949470177292824e-13
72 0 0 2.7097976642317689e-01 4.4694920367721568e-02 9.1954765487293373e-03 9.1954765487289869e-03 0 9.0949470177292824e-13
73 0 0 2.7097976642317689e-01 4.4694920367721568e-02 9.1954765487293373e-03 9.1954765487289869e-03 0 9.0949470177292824e-13
74 0 0 2.7097976642317689e-01 4.4694920367721568e-02 9.1954765487293373e-03 9.1954765487289869e-03 0 9.0949470177292824e-13
75 0 0 2.7097976642317689e-01 4.4694920367721568e-02 9.1954765487293373e-03 9.1954765487289869e-03 0 9.0949470177292824e-13
76 0 0 2.7097976642317689e-01 4.4694920367721568e-02 9.1954765487293373e-03 9.1954765487289869e-03 0 9.0949470177292824e-13
77 0 0 2.7097976642317689e-01 4.4694920367721568e-02 9.1954765487293373e-03 9.1954765487289869e-03 0 9.0949470177292824e-13
78 0 0 2.7097976642317689e-01 4.4694920367721568e-02 9.1954765487293373e-03 9.1954765487289869e-03 0 9.0949470177292824e-13
79 0 0 2.7097976642317689e-01 4.4694920367721568e-02 9.1954765487293373e-03 9.1954765487289869e-03 0 9.0949470177292824e-13
80 0 0 2.7097976642317689e-01 4.4694920367721568e-02 9.1954765487293373e-03 9.1954765487289869e-03 0 9.0949470177292824e-13
81 0 0 2.7097976642317689e-01 4.4694920367721568e-02 9.1954765487293373e-03 9.1954765487289869e-03 0 9.0949470177292824e-13
82 0 0 2.7097976642317689e-01 4.4694920367721568e-02 9.1954765487293373e-03 9.1954765487289869e-03 0 9.0949470177292824e-13
83 0 0 2.7097976642317689e-01 4.4694920367721568e-02 9.1954765487293373e-03 9.1954765487289869e-03 0 9.0949470177292824e-13
84 0 0 2.7097976642317689e-01 4.4694920367721568e-02 9.1954765487293373e-03 9.1954765487289869e-03 0 9.0949470177292824e-13
85 0 0 2.7097976642317689e-01 4.4694920367721568e-02 9.1954765487293373e-03 9.1954765487289869e-03 0 9.0949470177292824e-13
86 0 0 2.7097976642317689e-01 4.4694920367721568e-02 9.1954765487293373e-03 9.1954765487289869e-03 0 9.0949470177292824e-13
87 0 0 2.7097976642317689e-01 4.4694920367721568e-02 9.1954765487293373e-03 9.1954765487289869e-03 0 9.0949470177292824e-13
88 0 0 2.7097976642317689e-01 4.4694920367721568e-02 9.1954765487293373e-03 9.1954765487289869e-03 0 9.0949470177292824e-13
89 0 0 2.7097976642317689e-01 4.4694920367721568e-02 9.1954765487293373e-03 9.1954765487289869e-03 0 9.0949470177292824e-13
90 0 0 2.7097976642317689e-01 4.4694920367721568e-02 9.1954765487293373e-03 9.1954765487289869e-03 0 9.0949470177292824e-13
91 0 0 2.7097976642317689e-01 4.4694920367721568e-02 9.1954765487293373e-03 9.1954765487289869e-03 0 9.0949470177292824e-13
92 0 0 2.7097976642317689e-01 4.4694920367721568e-02 9.1954765487293373e-03 9.1954765487289869e-03 0 9.0949470177292824e-13
93 0 0 2.7097976642317689e-01 4.4694920367721568e-02 9.1954765487293373e-03 9.1954765487289869e-03 0 9.0949470177292824e-13
94 0 0 2.7097976642317689e-01 4.4694920367721568e-02 9.1954765487293373e-03 9.1954765487289869e-03 0 9.0949470177292824e-13
95 0 0 2.7097976642317689e-01 4.4694920367721568e-02 9.1954765487293373e-03 9.1954765487289869e-03 0 9.0949470177292824e-13
96 0 0 2.7097976642317689e-01 4.4694920367721568e-02 9.1954765487293373e-03 9.1954765487289869e-03 0 9.0949470177292824e-13
97 0 0 2.7097976642317689e-01 4.4694920367721568e-02 9.1954765487293373e-03 9.1954765487289869e-03 0 9.0949470177292824e-13
98 0 0 2.7097976642317689e-01 4.4694920367721568e-02 9.1954765487293373e-03 9.1954765487289869e-03 0 9.0949470177292824e-13
99 0 0 2.7097976642317689e-01 4.4694920367721568e-02 9.1954765487293373e-03 9.1954765487289869e-03 0 9.0949470177292824e-13
100 0 0 2.7097976642317689e-01 4.4694920367721568e-02 9.1954765487293373e-03 9.1954765487289869e-03 0 9.0949470177292824e-13
101 0 0 2.7097976642317689e-01 4.4694920367721568e-02 9.1954765487293373e-03 9.1954765487289869e-03 0 9.0949470177292824e-13
102 0 0 2.7097976642317689e-01 4.4694920367721568e-02 9.1954765487293373e-03 9.1954765487289869e-03 0 9.0949470177292824e-13
103 0 0 2.7097976642317689e-01 4.4694920367721568e-02 9.1954765487293373e-03 9.1954765487289869e-03 0 9.0949470177292824e-13
104 0 0 2.7097976642317689e-01 4.4694920367721568e-02 9.1954765487293373e-03 9.1954765487289869e-03 0 9.0949470177292824e-13
105 0 0 2.7097976642317689e-01 4.4694920367721568e-02 9.1954765487293373e-03 9.1954765487289869e-03 0 9.0949470177292824e-13
106 0 0 2.7097976642317689e-01 4.4694920367721568e-02 9.1954765487293373e-03 9.1954765487289869e-03 0 9.0949470177292824e-13
107 0 0 2.7097976642317689e-01 4.4694920367721568e-02 9.1954765487293373e-03 9.1954765487289869e-03 0 9.0949470177292824e-13
108 0 0 2.7097976642317689e-01 4.4694920367721568e-02 9.1954765487293373e-03 9.1954765487289869e-03 0 9.0949470177292824e-13
109 0 0 2.7097976642317689e-01 4.4694920367721568e-02 9.1954765487293373e-03 9.1954765487289869e-03 0 9.0949470177292824e-13
110 0 0 2.7097976642317689e-01 4.4694920367721568e-02 9.1954765487293373e-03 9.1954765487289869e-03 0 9.0949470177292824e-13
111 0 0 2.7097976642317689e-01 4.4694920367721568e-02 9.1954765487293373e-03 9.1954765487289869e-03 0 9.0949470177292824e-13
112 0 0 2.7097976642317689e-01 4.4694920367721568e-02 9.1954765487293373e-03 9.1954765487289869e-03 0 9.0949470177292824e-13
113 0 0 2.7097976642317689e-01 4.4694920367721568e-02 9.1954765487293373e-03 9.1954765487289869e-03 0 9.0949470177292824e-13
114 0 0 2.7097976642317689e-01 4.4694920367721568e-02 9.1954765487293373e-03 9.1954765487289869e-03 0 9.0949470177292824e-13
115 0 0 2.7097976642317689e-01 4.4694920367721568e-02 9.1954765487293373e-03 9.1954765487289869e-03 0 9.0949470177292824e-13
116 0 0 2.7097976642317689e-01 4.4694920367721568e-02 9.1954765487293373e-03 9.1954765487289869e-03 0 9.0949470177292824e-13
117 0 0 2.7097976642317689e-01 4.4694920367721568e-02 9.1954765487293373e-03 9.1954765487289869e-03 0 9.0949470177292824e-13
118 0 0 2.7097976642317689e-01 4.4694920367721568e-02 9.1954765487293373e-03 9.1954765487289869e-03 0 9.0949470177292824e-13
119 0 0 2.7097976642317689e-01 4.4694920367721568e-02 9.1954765487293373e-03 9.1954765487289869e-03 0 9.0949470177292824e-13
120 0 0 2.7097976642317689e-01 4.4694920367721568e-02 9.1954765487293373e-03 9.1954765487289869e-03 0 9.0949470177292824e-13
121 0 0 2.7097976642317689e-01 4.4694920367721568e-02 9.1954765487293373e-03 9.1954765487289869e-03 0 9.0949470177292824e-13
122 0 0 2.7097976642317689e-01 4.4694920367721568e-02 9.1954765487293373e-03 9.1954765487289869e-03 0 9.0949470177292824e-13
123 0 0 2.7097976642317689e-01 4.4694920367721568e-02 9.1954765487293373e-03 9.1954765487289869e-03 0 9.0949470177292824e-13
124 0 0 2.7097976642317689e-01 4.4694920367721568e-02 9.1954765487293373e-03 9.1954765487289869e-03 0 9.0949470177292824e-13
125 0 0 2.7097976642317689e-01 4.4694920367721568e-02 9.1954765487293373e-03 9.1954765487289869e-03 0 9.0949470177292824e-13
126 0 0 2.7097976642317689e-01 4.4694920367721568e-02 9.1954765487293373e-03 9.1954765487289869e-03 0 9.0949470177292824e-13
127 0 0 2.7097976642317689e-01 4.4694920367721568e-02 9.1954765487293373e-03 9.1954765487289869e-03 0 9.0949470177292824e-13
128 0 0 2.7097976642317689e-01 4.4694920367721568e-02 9.1954765487293373e-03 9.1954765487289869e-03 0 9.0949470177292824e-13
129 0 0 2.7097976642317689e-01 4.4694920367721568e-02 9.1954765487293373e-03 9.1954765487289869e-03 0 9.0949470177292824e-13
130 0 0 2.7097976642317689e-01 4.4694920367721568e-02 9.1954765487293373e-03 9.1954765487289869e-03 0 9.0949470177292824e-13
131 0 0 2.7097976642317689e-01 4.4694920367721568e-02 9.1954765487293373e-03 9.1954765487289869e-03 0 9.0949470177292824e-13
132 0 0 2.7097976642317689e-01 4.4694920367721568e-02 9.1954765487293373e-03 9.1954765487289869e-03 0 9.0949470177292824e-13
133 0 0 2.7097976642317689e-01 4.4694920367721568e-02 9.1954765487293373e-03 9.1954765487289869e-03 0 9.0949470177292824e-13
134 0 0 2.7097976642317689e-01 4.4694920367721568e-02 9.1954765487293373e-03 9.1954765487289869e-03 0 9.0949470177292824e-13
135 0 0 2.7097976642317689e-01 4.4694920367721568e-02 9.1954765487293373e-03 9.1954765487289869e-03 0 9.0949470177292824e-13
136 0 0 2.7097976642317689e-01 4.4694920367721568e-02 9.1954765487293373e-03 9.1954765487289869e-03 0 9.0949470177292824e-13
137 0 0 2.7097976642317689e-01 4.4694920367721568e-02 9.1954765487293373e-03 9.1954765487289869e-03 0 9.0949470177292824e-13
138 0 0 2.7097976642317689e-01 4.4694920367721568e-02 9.1954765487293373e-03 9.1954765487289869e-03 0 9.0949470177292824e-13
139 0 0 2.7097976642317689e-01 4.4694920367721568e-02 9.1954765487293373e-03 9.1954765487289869e-03 0 9.0949470177292824e-13
140 0 0 2.7097976642317689e-01 4.4694920367721568e-02 9.1954765487293373e-03 9.1954765487289869e-03 0 9.0949470177292824e-13
141 0 0 2.7097976642317689e-01 4.4694920367721568e-02 9.1954765487293373e-03 9.1954765487289869e-03 0 9.0949470177292824e-13
142 0 0 2.7097976642317689e-01 4.4694920367721568e-02 9.1954765487293373e-03 9.1954765487289869e-03 0 9.0949470177292824e-13
143 0 0 2.7097976642317689e-01 4.4694920367721568e-02 9.1954765487293373e-03 9.1954765487289869e-03 0 9.0949470177292824e-13
144 0 0 2.7097976642317689e-01 4.4694920367721568e-02 9.1954765487293373e-03 9.1954765487289869e-03 0 9.0949470177292824e-13
145 0 0 2.7097976642317689e-01 4.4694920367721568e-02 9.1954765487293373e-03 9.1954765487289869e-03 0 9.0949470177292824e-13
146 0 0 2.7097976642317689e-01 4.4694920367721568e-02 9.1954765487293373e-03 9.1954765487289869e-03 0 9.0949470177292824e-13
147 0 0 2.7097976642317689e-01 4.4694920367721568e-02 9.1954765487293373e-03 9.1954765487289869e-03 0 9.0949470177292824e-13
148 0 0 2.7097976642317689e-01 4.4694920367721568e-02 9.1954765487293373e-03 9.1954765487289869e-03 0 9.0949470177292824e-13
149 0 0 2.7097976642317689e-01 4.4694920367721568e-02 9.1954765487293373e-03 9.1954765487289869e-03 0 9.0949470177292824e-13
150 0 0 2.7097976642317689e-01 4.4694920367721568e-02 9.1954765487293373e-03 9.1954765487289869e-03 0 9.0949470177292824e-13
151 0 0 2.7097976642317689e-01 4.4694920367721568e-02 9.1954765487293373e-03 9.1954765487289869e-03 0 9.0949470177292824e-13
152 0 0 2.7097976642317689e-01 4.4694920367721568e-02 9.1954765487293373e-03 9.1954765487289869e-03 0 9.0949470177292824e-13
153 0 0 2.7097976642317689e-01 4.4694920367721568e-02 9.1954765487293373e-03 9.1954765487289869e-03 0 9.0949470177292824e-13
154 0 0 2.7097976642317689e-01 4.4694920367721568e-02 9.1954765487293373e-03 9.1954765487289869e-03 0 9.0949470177292824e-13
155 0 0 2.7097976642317689e-01 4.4694920367721568e-02 9.1954765487293373e-03 9.1954765487289869e-03 0 9.0949470177292824e-13
156 0 0 2.7097976642317689e-01 4.4694920367721568e-02 9.1954765487293373e-03 9.1954765487289869e-03 0 9.0949470177292824e-13
157 0 0 2.7097976642317689e-01 4.4694920367721568e-02 9.1954765487293373e-03 9.1954765487289869e-03 0 9.0949470177292824e-13
158 0 0 2.7097976642317689e-01 4.4694920367721568e-02 9.1954765487293373e-03 9.1954765487289869e-03 0 9.0949470177292824e-13
159 0 0 2.7097976642317689e-01 4.4694920367721568e-02 9.1954765487293373e-03 9.1954765487289869e-03 0 9.0949470177292824e-13
160 0 0 2.7097976642317689e-01 4.4694920367721568e-02 9.1954765487293373e-03 9.1954765487289869e-03 0 9.0949470177292824e-13
161 0 0 2.7097976642317689e-01 4.4694920367721568e-02 9.1954765487293373e-03 9.1954765487289869e-03 0 9.0949470177292824e-13
162 0 0 2.7097976642317689e-01 4.4694920367721568e-02 9.1954765487293373e-03 9.1954765487289869e-03 0 9.0949470177292824e-13
163 0 0 2.7097976642317689e-01 4.4694920367721568e-02 9.1954765487293373e-03 9.1954765487289869e-03 0 9.0949470177292824e-13
164 0 0 2.7097976642317689e-01 4.4694920367721568e-02 9.1954765487293373e-03 9.1954765487289869e-03 0 9.0949470177292824e-13
165 0 0 2.7097976642317689e-01 4.4694920367721568e-02 9.1954765487293373e-03 9.1954765487289869e-03 0 9.0949470177292824e-13
166 0 0 2.7097976642317689e-01 4.4694920367721568e-02 9.1954765487293373e-03 9.1954765487289869e-03 0 9.0949470177292824e-13
167 0 0 2.7097976642317689e-01 4.4694920367721568e-02 9.1954765487293373e-03 9.1954765487289869e-03 0 9.0949470177292824e-13
168 0 0 2.7097976642317689e-01 4.4694920367721568e-02 9.1954765487293373e-03 9.1954765487289869e-03 0 9.0949470177292824e-13
169 0 0 2.7097976642317689e-01 4.4694920367721568e-02 9.1954765487293373e-03 9.1954765487289869e-03 0 9.0949470177292824e-13
170 0 0 2.7097976642317689e-01 4.4694920367721568e-02 9.1954765487293373e-03 9.1954765487289869e-03 0 9.0949470177292824e-13
171 0 0 2.7097976642317689e-01 4.4694920367721568e-02 9.1954765487293373e-03 9.1954765487289869e-03 0 9.0949470177292824e-13
172 0 0 2.7097976642317689e-01 4.4694920367721568e-02 9.1954765487293373e-03 9.1954765487289869e-03 0 9.0949470177292824e-13
173 0 0 2.7097976642317689e-01 4.4694920367721568e-02 9.1954765487293373e-03 9.1954765487289869e-03 0 9.0949470177292824e-13
174 0 0 2.7097976642317689e-01 4.4694920367721568e-02 9.1954765487293373e-03 9.1954765487289869e-03 0 9.0949470177292824e-13
175 0 0 2.7097976642317689e-01 4.4694920367721568e-02 9.1954765487293373e-03 9.1954765487289869e-03 0 9.0949470177292824e-13
176 0 0 2.7097976642317689e-01 4.4694920367721568e-02 9.1954765487293373e-03 9.1954765487289869e-03 0 9.0949470177292824e-13
177 0 0 2.7097976642317689e-01 4.4694920367721568e-02 9.1954765487293373e-03 9.1954765487289869e-03 0 9.0949470177292824e-13
178 0 0 2.7097976642317689e-01 4.4694920367721568e-02 9.1954765487293373e-03 9.1954765487289869e-03 0 9.0949470177292824e-13
179 0 0 2.7097976642317689e-01 4.4694920367721568e-02 9.1954765487293373e-03 9.1954765487289869e-03 0 9.0949470177292824e-13
180 0 0 2.7097976642317689e-01 4.4694920367721568e-02 9.1954765487293373e-03 9.1954765487289869e-03 0 9.0949470177292824e-13
181 0 0 2.7097976642317689e-01 4.4694920367721568e-02 9.1954765487293373e-03 9.1954765487289869e-03 0 9.0949470177292824e-13
182 0 0 2.7097976642317689e-01 4.4694920367721568e-02 9.1954765487293373e-03 9.1954765487289869e-03 0 9.0949470177292824e-13
183 0 0 2.7097976642317689e-01 4.4694920367721568e-02 9.1954765487293373e-03 9.1954765487289869e-03 0 9.0949470177292824e-13
184 0 0 2.7097976642317689e-01 4.4694920367721568e-02 9.1954765487293373e-03 9.1954765487289869e-03 0 9.0949470177292824e-13
185 0 0 2.7097976642317689e-01 4.4694920367721568e-02 9.1954765487293373e-03 9.1954765487289869e-03 0 9.0949470177292824e-13
186 0 0 2.7097976642317689e-01 4.4694920367721568e-02 9.1954765487293373e-03 9.1954765487289869e-03 0 9.0949470177292824e-13
187 0 0 2.7097976642317689e-01 4.4694920367721568e-02 9.1954765487293373e-03 9.1954765487289869e-03 0 9.0949470177292824e-13
188 0 0 2.7097976642317689e-01 4.4694920367721568e-02 9.1954765487293373e-03 9.1954765487289869e-03 0 9.0949470177292824e-13
189 0 0 2.7097976642317689e-01 4.4694920367721568e-02 9.1954765487293373e-03 9.1954765487289869e-03 0 9.0949470177292824e-13
190 0 0 2.7097976642317689e-01 4.4694920367721568e-02 9.1954765487293373e-03 9.1954765487289869e-03 0 9.0949470177292824e-13
191 0 0 2.7097976642317689e-01 4.4694920367721568e-02 9.1954765487293373e-03 9.1954765487289869e-03 0 9.0949470177292824e-13
192 0 0 2.7097976642317689e-01 4.4694920367721568e-02 9.1954765487293373e-03 9.1954765487289869e-03 0 9.0949470177292824e-13
193 0 0 2.7097976642317689e-01 4.4694920367721568e-02 9.1954765487293373e-03 9.1954765487289869e-03 0 9.0949470177292824e-13
194 0 0 2.7097976642317689e-01 4.4694920367721568e-02 9.1954765487293373e-03 9.1954765487289869e-03 0 9.0949470177292824e-13
195 0 0 2.7097976642317689e-01 4.4694920367721568e-02 9.1954765487293373e-03 9.1954765487289869e-03 0 9.0949470177292824e-13
196 0 0 2.7097976642317689e-01 4.4694920367721568e-02 9.1954765487293373e-03 9.1954765487289869e-03 0 9.0949470177292824e-13
197 0 0 2.7097976642317689e-01 4.4694920367721568e-02 9.1954765487293373e-03 9.1954765487289869e-03 0 9.0949470177292824e-13
198 0 0 2.7097976642317689e-01 4.4694920367721568e-02 9.1954765487293373e-03 9.1954765487289869e-03 0 9.0949470177292824e-13
199 0 0 2.7097976642317689e-01 4.4694920367721568e-02 9.1954765487293373e-03 9.1954765487289869e-03 0 9.0949470177292824e-13
200 0 0 2.7097976642317689e-01 4.4694920367721568e-02 9.1954765487293373e-03 9.1954765487289869e-03 0 9.0949470177292824e-13
201 0 0 2.7097976642317689e-01 4.4694920367721568e-02 9.1954765487293373e-03 9.1954765487289869e-03 0 9.0949470177292824e-13
202 0 0 2.7097976642317689e-01 4.4694920367721568e-02 9.1954765487293373e-03 9.1954765487289869e-03 0 9.0949470177292824e-13
203 0 0 2.7097976642317689e-01 4.4694920367721568e-02 9.1954765487293373e-03 9.1954765487289869e-03 0 9.0949470177292824e-13
204 0 0 2.7097976642317689e-01 4.4694920367721568e-02 9.1954765487293373e-03 9.1954765487289869e-03 0 9.0949470177292824e-13
205 0 0 2.7097976642317689e-01 4.4694920367721568e-02 9.1954765487293373e-03 9.1954765487289869e-03 0 9.0949470177292824e-13
206 0 0 2.7097976642317689e-01 4.4694920367721568e-02 9.1954765487293373e-03 9.1954765487289869e-03 0 9.0949470177292824e-13
207 0 0 2.7097976642317689e-01 4.4694920367721568e-02 9.1954765487293373e-03 9.1954765487289869e-03 0 9.0949470177292824e-13
208 0 0 2.7097976642317689e-01 4.4694920367721568e-02 9.1954765487293373e-03 9.1954765487289869e-03 0 9.0949470177292824e-13
209 0 0 2.7097976642317689e-01 4.4694920367721568e-02 9.1954765487293373e-03 9.1954765487289869e-03 0 9.0949470177292824e-13
210 0 0 2.7097976642317689e-01 4.4694920367721568e-02 9.1954765487293373e-03 9.1954765487289869e-03 0 9.0949470177292824e-13
211 0 0 2.7097976642317689e-01 4.4694920367721568e-02 9.1954765487293373e-03 9.1954765487289869e-03 0 9.0949470177292824e-13
212 0 0 2.7097976642317689e-01 4.4694920367721568e-02 9.1954765487293373e-03 9.1954765487289869e-03 0 9.0949470177292824e-13
213 0 0 2.7097976642317689e-01 4.4694920367721568e-02 9.1954765487293373e-03 9.1954765487289869e-03 0 9.0949470177292824e-13
214 0 0 2.7097976642317689e-01 4.4694920367721568e-02 9.1954765487293373e-03 9.1954765487289869e-03 0 9.0949470177292824e-13
215 0 0 2.7097976642317689e-01 4.4694920367721568e-02 9.1954765487293373e-03 9.1954765487289869e-03 0 9.0949470177292824e-13
216 0 0 2.7097976642317689e-01 4.4694920367721568e-02 9.1954765487293373e-03 9.1954765487289869e-03 0 9.0949470177292824e-13
217 0 0 2.7097976642317689e-01 4.4694920367721568e-02 9.1954765487293373e-03 9.1954765487289869e-03 0 9.0949470177292824e-13
218 0 0 2.7097976642317689e-01 4.4694920367721568e-02 9.1954765487293373e-03 9.1954765487289869e-03 0 9.0949470177292824e-13
219 0 0 2.7097976642317689e-01 4.4694920367721568e-02 9.1954765487293373e-03 9.1954765487289869e-03 0 9.0949470177292824e-13
220 0 0 2.7097976642317689e-01 4.4694920367721568e-02 9.1954765487293373e-03 9.1954765487289869e-03 0 9.0949470177292824e-13
221 0 0 2.7097976642317689e-01 4.4694920367721568e-02 9.1954765487293373e-03 9.1954765487289869e-03 0 9.0949470177292824e-13
222 0 0 2.7097976642317689e-01 4.4694920367721568e-02 9.1954765487293373e-03 9.1954765487289869e-03 0 9.0949470177292824e-13
223 0 0 2.7097976642317689e-01 4.4694920367721568e-02 9.1954765487293373e-03 9.1954765487289869e-03 0 9.0949470177292824e-13
224 0 0 2.7097976642317689e-01 4.4694920367721568e-02 9.1954765487293373e-03 9.1954765487289869e-03 0 9.0949470177292824e-13
225 0 0 2.7097976642317689e-01 4.4694920367721568e-02 9.1954765487293373e-03 9.1954765487289869e-03 0 9.0949470177292824e-13
226 0 0 2.7097976642317689e-01 4.4694920367721568e-02 9.1954765487293373e-03 9.1954765487289869e-03 0 9.0949470177292824e-13
227 0 0 2.7097976642317689e-01 4.4694920367721568e-02 9.1954765487293373e-03 9.1954765487289869e-03 0 9.0949470177292824e-13
228 0 0 2.7097976642317689e-01 4.4694920367721568e-02 9.1954765487293373e-03 9.1954765487289869e-03 0 9.0949470177292824e-13
229 0 0 2.7097976642317689e-01 4.4694920367721568e-02 9.1954765487293373e-03 9.1954765487289869e-03 0 9.0949470177292824e-13
230 0 0 2.7097976642317689e-01 4.4694920367721568e-02 9.1954765487293373e-03 9.1954765487289869e-03 0 9.0949470177292824e-13
231 0 0 2.7097976642317689e-01 4.4694920367721568e-02 9.1954765487293373e-03 9.1954765487289869e-03 0 9.0949470177292824e-13
232 0 0 2.7097976642317689e-01 4.4694920367721568e-02 9.1954765487293373e-03 9.1954765487289869e-03 0 9.0949470177292824e-13
233 0 0 2.7097976642317689e-01 4.4694920367721568e-02 9.1954765487293373e-03 9.1954765487289869e-03 0 9.0949470177292824e-13
234 0 0 2.7097976642317689e-01 4.4694920367721568e-02 9.1954765487293373e-03 9.1954765487289869e-03 0 9.0949470177292824e-13
235 0 0 2.7097976642317689e-01 4.4694920367721568e-02 9.1954765487293373e-03 9.1954765487289869e-03 0 9.0949470177292824e-13
236 0 0 2.7097976642317689e-01 4.4694920367721568e-02 9.1954765487293373e-03 9.1954765487289869e-03 0 9.0949470177292824e-13
237 0 0 2.7097976642317689e-01 4.4694920367721568e-02 9.1954765487293373e-03 9.1954765487289869e-03 0 9.0949470177292824e-13
238 0 0 2.7097976642317689e-01 4.4694920367721568e-02 9.1954765487293373e-03 9.1954765487289869e-03 0 9.0949470177292824e-13
239 0 0 2.7097976642317689e-01 4.4694920367721568e-02 9.1954765487293373e-03 9.1954765487289869e-03 0 9.0949470177292824e-13
240 0 0 2.7097976642317689e-01 4.4694920367721568e-02 9.1954765487293373e-03 9.1954765487289869e-03 0 9.0949470177292824e-13
241 0 0 2.7097976642317689e-01 4.4694920367721568e-02 9.1954765487293373e-03 9.1954765487289869e-03 0 9.0949470177292824e-13
242 0 0 2.7097976642317689e-01 4.4694920367721568e-02 9.1954765487293373e-03 9.1954765487289869e-03 0 9.0949470177292824e-13
243 0 0 2.7097976642317689e-01 4.4694920367721568e-02 9.1954765487293373e-03 9.1954765487289869e-03 0 9.0949470177292824e-13
244 0 0 2.7097976642317689e-01 4.4694920367721568e-02 9.1954765487293373e-03 9.1954765487289869e-03 0 9.0949470177292824e-13
245 0 0 2.7097976642317689e-01 4.4694920367721568e-02 9.1954765487293373e-03 9.1954765487289869e-03 0 9.0949470177292824e-13
246 0 0 2.7097976642317689e-01 4.4694920367721568e-02 9.1954765487293373e-03 9.1954765487289869e-03 0 9.0949470177292824e-13
247 0 0 2.7097976642317689e-01 4.4694920367721568e-02 9.1954765487293373e-03 9.1954765487289869e-03 0 9.0949470177292824e-13
248 0 0 2.7097976642317689e-01 4.4694920367721568e-02 9.1954765487293373e-03 9.1954765487289869e-03 0 9.0949470177292824e-13
249 0 0 2.7097976642317689e-01 4.4694920367721568e-02 9.1954765487293373e-03 9.1954765487289869e-03 0 9.0949470177292824e-13
250 0 0 2.7097976642317689e-01 4.4694920367721568e-02 9.1954765487293373e-03 9.1954765487289869e-03 0 9.0949470177292824e-13
251 0 0 2.7097976642317689e-01 4.4694920367721568e-02 9.1954765487293373e-03 9.1954765487289869e-03 0 9.0949470177292824e-13
252 0 0 2.7097976642317689e-01 4.4694920367721568e-02 9.1954765487293373e-03 9.1954765487289869e-03 0 9.0949470177292824e-13
253 0 0 2.7097976642317689e-01 4.4694920367721568e-02 9.1954765487293373e-03 9.1954765487289869e-03 0 9.0949470177292824e-13
254 0 0 2.7097976642317689e-01 4.4694920367721568e-02 9.1954765487293373e-03 9.1954765487289869e-03 0 9.0949470177292824e-13
255 0 0 2.7097976642317689e-01 4.4694920367721568e-02 9.1954765487293373e-03 9.1954765487289869e-03 0 9.0949470177292824e-13
256 0 0 2.7097976642317689e-01 4.4694920367721568e-02 9.1954765487293373e-03 9.1954765487289869e-03 0 9.0949470177292824e-13
257 0 0 2.7097976642317689e-01 4.4694920367721568e-02 9.1954765487293373e-03 9.1954765487289869e-03 0 9.0949470177292824e-13
258 0 0 2.7097976642317689e-01 4.4694920367721568e-02 9.1954765487293373e-03 9.1954765487289869e-03 0 9.0949470177292824e-13
259 0 0 2.7097976642317689e-01 4.4694920367721568e-02 9.1954765487293373e-03 9.1954765487289869e-03 0 9.0949470177292824e-13
260 0 0 2.7097976642317689e-01 4.4694920367721568e-02 9.1954765487293373e-03 9.1954765487289869e-03 0 9.0949470177292824e-13
261 0 0 2.7097976642317689e-01 4.4694920367721568e-02 9.1954765487293373e-03 9.1954765487289869e-03 0 9.0949470177292824e-13
262 0 0 2.7097976642317689e-01 4.4694920367721568e-02 9.1954765487293373e-03 9.1954765487289869e-03 0 9.0949470177292824e-13
263 0 0 2.7097976642317689e-01 4.4694920367721568e-02 9.1954765487293373e-03 9.1954765487289869e-03 0 9.0949470177292824e-13
264 0 0 2.7097976642317689e-01 4.4694920367721568e-02 9.1954765487293373e-03 9.1954765487289869e-03 0 9.0949470177292824e-13
265 0 0 2.7097976642317689e-01 4.4694920367721568e-02 9.1954765487293373e-03 9.1954765487289869e-03 0 9.0949470177292824e-13
266 0 0 2.7097976642317689e-01 4.4694920367721568e-02 9.1954765487293373e-03 9.1954765487289869e-03 0 9.0949470177292824e-13
267 0 0 2.7097976642317689e-01 4.4694920367721568e-02 9.1954765487293373e-03 9.1954765487289869e-03 0 9.0949470177292824e-13
268 0 0 2.7097976642317689e-01 4.4694920367721568e-02 9.1954765487293373e-03 9.1954765487289869e-03 0 9.0949470177292824e-13
269 0 0 2.7097976642317689e-01 4.4694920367721568e-02 9.1954765487293373e-03 9.1954765487289869e-03 0 9.0949470177292824e-13
270 0 0 2.7097976642317689e-01 4.4694920367721568e-02 9.1954765487293373e-03 9.1954765487289869e-03 0 9.0949470177292824e-13
271 0 0 2.7097976642317689e-01 4.4694920367721568e-02 9.1954765487293373e-03 9.1954765487289869e-03 0 9.0949470177292824e-13
272 0 0 2.7097976642317689e-01 4.4694920367721568e-02 9.1954765487293373e-03 9.1954765487289869e-03 0 9.0949470177292824e-13
273 0 0 2.7097976642317689e-01 4.4694920367721568e-02 9.1954765487293373e-03 9.1954765487289869e-03 0 9.0949470177292824e-13
274 0 0 2.7097976642317689e-01 4.4694920367721568e-02 9.1954765487293373e-03 9.1954765487289869e-03 0 9.0949470177292824e-13
275 0 0 2.7097976642317689e-01 4.4694920367721568e-02 9.1954765487293373e-03 9.1954765487289869e-03 0 9.0949470177292824e-13
276 0 0 2.7097976642317689e-01 4.4694920367721568e-02 9.1954765487293373e-03 9.1954765487289869e-03 0 9.0949470177292824e-13
277 0 0 2.7097976642317689e-01 4.4694920367721568e-02 9.1954765487293373e-03 9.1954765487289869e-03 0 9.0949470177292824e-13
278 0 0 2.7097976642317689e-01 4.4694920367721568e-02 9.1954765487293373e-03 9.1954765487289869e-03 0 9.0949470177292824e-13
279 0 0 2.7097976642317689e-01 4.4694920367721568e-02 9.1954765487293373e-03 9.1954765487289869e-03 0 9.0949470177292824e-13
280 0 0 2.7097976642317689e-01 4.4694920367721568e-02 9.1954765487293373e-03 9.1954765487289869e-03 0 9.0949470177292824e-13
281 0 0 2.7097976642317689e-01 4.4694920367721568e-02 9.1954765487293373e-03 9.1954765487289869e-03 0 9.0949470177292824e-13
282 0 0 2.7097976642317689e-01 4.4694920367721568e-02 9.1954765487293373e-03 9.1954765487289869e-03 0 9.0949470177292824e-13
283 0 0 2.7097976642317689e-01 4.4694920367721568e-02 9.1954765487293373e-03 9.1954765487289869e-03 0 9.0949470177292824e-13
284 0 0 2.7097976642317689e-01 4.4694920367721568e-02 9.1954765487293373e-03 9.1954765487289869e-03 0 9.0949470177292824e-13
285 0 0 2.7097976642317689e-01 4.4694920367721568e-02 9.1954765487293373e-03 9.1954765487289869e-03 0 9.0949470177292824e-13
286 0 0 2.7097976642317689e-01 4.4694920367721568e-02 9.1954765487293373e-03 9.1954765487289869e-03 0 9.0949470177292824e-13
287 0 0 2.7097976642317689e-01 4.4694920367721568e-02 9.1954765487293373e-03 9.1954765487289869e-03 0 9.0949470177292824e-13
288 0 0 2.7097976642317689e-01 4.4694920367721568e-02 9.1954765487293373e-03 9.1954765487289869e-03 0 9.0949470177292824e-13
289 0 0 2.7097976642317689e-01 4.4694920367721568e-02 9.1954765487293373e-03 9.1954765487289869e-03 0 9.0949470177292824e-13
290 0 0 2.7097976642317689e-01 4.4694920367721568e-02 9.1954765487293373e-03 9.1954765487289869e-03 0 9.0949470177292824e-13
291 0 0 2.7097976642317689e-01 4.4694920367721568e-02 9.1954765487293373e-03 9.1954765487289869e-03 0 9.0949470177292824e-13
292 0 0 2.7097976642317689e-01 4.4694920367721568e-02 9.1954765487293373e-03 9.1954765487289869e-03 0 9.0949470177292824e-13
293 0 0 2.7097976642317689e-01 4.4694920367721568e-02 9.1954765487293373e-03 9.1954765487289869e-03 0 9.0949470177292824e-13
294 0 0 2.7097976642317689e-01 4.4694920367721568e-02 9.1954765487293373e-03 9.1954765487289869e-03 0 9.0949470177292824e-13
295 0 0 2.7097976642317689e-01 4.4694920367721568e-02 9.1954765487293373e-03 9.1954765487289869e-03 0 9.0949470177292824e-13
296 0 0 2.7097976642317689e-01 4.4694920367721568e-02 9.1954765487293373e-03 9.1954765487289869e-03 0 9.0949470177292824e-13
297 0 0 2.7097976642317689e-01 4.4694920367721568e-02 9.1954765487293373e-03 9.1954765487289869e-03 0 9.0949470177292824e-13
298 0 0 2.7097976642317689e-01 4.4694920367721568e-02 9.1954765487293373e-03 9.1954765487289869e-03 0 9.0949470177292824e-13
299 0 0 2.7097976642317689e-01 4.4694920367721568e-02 9.1954765487293373e-03 9.1954765487289869e-03 0 9.0949470177292824e-13
300 0 0 2.7097976642317689e-01 4.4694920367721568e-02 9.1954765487293373e-03 9.1954765487289869e-03 0 9.0949470177292824e-13
301 0 0 2.7097976642317689e-01 4.4694920367721568e-02 9.1954765487293373e-03 9.1954765487289869e-03 0 9.0949470177292824e-13
302 0 0 2.7097976642317689e-01 4.4694920367721568e-02 9.1954765487293373e-03 9.1954765487289869e-03 0 9.0949470177292824e-13
303 0 0 2.7097976642317689e-01 4.4694920367721568e-02 9.1954765487293373e-03 9.1954765487289869e-03 0 9.0949470177292824e-13
304 0 0 2.7097976642317689e-01 4.4694920367721568e-02 9.1954765487293373e-03 9.1954765487289869e-03 0 9.0949470177292824e-13
305 0 0 2.7097976642317689e-01 4.4694920367721568e-02 9.1954765487293373e-03 9.1954765487289869e-03 0 9.0949470177292824e-13
306 0 0 2.7097976642317689e-01 4.4694920367721568e-02 9.1954765487293373e-03 9.1954765487289869e-03 0 9.0949470177292824e-13
307 0 0 2.7097976642317689e-01 4.4694920367721568e-02 9.1954765487293373e-03 9.1954765487289869e-03 0 9.0949470177292824e-13
308 0 0 2.7097976642317689e-01 4.4694920367721568e-02 9.1954765487293373e-03 9.1954765487289869e-03 0 9.0949470177292824e-13
309 0 0 2.7097976642317689e-01 4.4694920367721568e-02 9.1954765487293373e-03 9.1954765487289869e-03 0 9.0949470177292824e-13
310 0 0 2.7097976642317689e-01 4.4694920367721568e-02 9.1954765487293373e-03 9.1954765487289869e-03 0 9.0949470177292824e-13
311 0 0 2.7097976642317689e-01 4.4694920367721568e-02 9.1954765487293373e-03 9.1954765487289869e-03 0 9.0949470177292824e-13
312 0 0 2.7097976642317689e-01 4.4694920367721568e-02 9.1954765487293373e-03 9.1954765487289869e-03 0 9.0949470177292824e-13
313 0 0 2.7097976642317689e-01 4.4694920367721568e-02 9.1954765487293373e-03 9.1954765487289869e-03 0 9.0949470177292824e-13
314 0 0 2.7097976642317689e-01 4.4694920367721568e-02 9.1954765487293373e-03 9.1954765487289869e-03 0 9.0949470177292824e-13
315 0 0 2.7097976642317689e-01 4.4694920367721568e-02 9.1954765487293373e-03 9.1954765487289869e-03 0 9.0949470177292824e-13
316 0 0 2.7097976642317689e-01 4.4694920367721568e-02 9.1954765487293373e-03 9.1954765487289869e-03 0 9.0949470177292824e-13
317 0 0 2.7097976642317689e-01 4.4694920367721568e-02 9.1954765487293373e-03 9.1954765487289869e-03 0 9.0949470177292824e-13
318 0 0 2.7097976642317689e-01 4.4694920367721568e-02 9.1954765487293373e-03 9.1954765487289869e-03 0 9.0949470177292824e-13
319 0 0 2.7097976642317689e-01 4.4694920367721568e-02 9.1954765487293373e-03 9.1954765487289869e-03 0 9.0949470177292824e-13
320 0 0 2.7097976642317689e-01 4.4694920367721568e-02 9.1954765487293373e-03 9.1954765487289869e-03 0 9.0949470177292824e-13
321 0 0 2.7097976642317689e-01 4.4694920367721568e-02 9.1954765487293373e-03 9.1954765487289869e-03 0 9.0949470177292824e-13
322 0 0 2.7097976642317689e-01 4.4694920367721568e-02 9.1954765487293373e-03 9.1954765487289869e-03 0 9.0949470177292824e-13
323 0 0 2.7097976642317689e-01 4.4694920367721568e-02 9.1954765487293373e-03 9.1954765487289869e-03 0 9.0949470177292824e-13
324 0 0 2.7097976642317689e-01 4.4694920367721568e-02 9.1954765487293373e-03 9.1954765487289869e-03 0 9.0949470177292824e-13
325 0 0 2.7097976642317689e-01 4.4694920367721568e-02 9.1954765487293373e-03 9.1954765487289869e-03 0 9.0949470177292824e-13
326 0 0 2.7097976642317689e-01 4.4694920367721568e-02 9.1954765487293373e-03 9.1954765487289869e-03 0 9.0949470177292824e-13
327 0 0 2.7097976642317689e-01 4.4694920367721568e-02 9.1954765487293373e-03 9.1954765487289869e-03 0 9.0949470177292824e-13
328 0 0 2.7097976642317689e-01 4.4694920367721568e-02 9.1954765487293373e-03 9.1954765487289869e-03 0 9.0949470177292824e-13
329 0 0 2.7097976642317689e-01 4.4694920367721568e-02 9.1954765487293373e-03 9.1954765487289869e-03 0 9.0949470177292824e-13
330 0 0 2.7097976642317689e-01 4.4694920367721568e-02 9.1954765487293373e-03 9.1954765487289869e-03 0 9.0949470177292824e-13
331 0 0 2.7097976642317689e-01 4.4694920367721568e-02 9.1954765487293373e-03 9.1954765487289869e-03 0 9.0949470177292824e-13
332 0 0 2.7097976642317689e-01 4.4694920367721568e-02 9.1954765487293373e-03 9.1954765487289869e-03 0 9.0949470177292824e-13
333 0 0 2.7097976642317689e-01 4.4694920367721568e-02 9.1954765487293373e-03 9.1954765487289869e-03 0 9.0949470177292824e-13
334 0 0 2.7097976642317689e-01 4.4694920367721568e-02 9.1954765487293373e-03 9.1954765487289869e-03 0 9.0949470177292824e-13
335 0 0 2.7097976642317689e-01 4.4694920367721568e-02 9.1954765487293373e-03 9.1954765487289869e-03 0 9.0949470177292824e-13
336 0 0 2.7097976642317689e-01 4.4694920367721568e-02 9.1954765487293373e-03 9.1954765487289869e-03 0 9.0949470177292824e-13
337 0 0 2.7097976642317689e-01 4.4694920367721568e-02 9.1954765487293373e-03 9.1954765487289869e-03 0 9.0949470177292824e-13
338 0 0 2.7097976642317689e-01 4.4694920367721568e-02 9.1954765487293373e-03 9.1954765487289869e-03 0 9.0949470177292824e-13
339 0 0 2.7097976642317689e-01 4.4694920367721568e-02 9.1954765487293373e-03 9.1954765487289869e-03 0 9.0949470177292824e-13
340 0 0 2.7097976642317689e-01 4.4694920367721568e-02 9.1954765487293373e-03 9.1954765487289869e-03 0 9.0949470177292824e-13
341 0 0 2.7097976642317689e-01 4.4694920367721568e-02 9.1954765487293373e-03 9.1954765487289869e-03 0 9.0949470177292824e-13
342 0 0 2.7097976642317689e-01 4.4694920367721568e-02 9.1954765487293373e-03 9.1954765487289869e-03 0 9.0949470177292824e-13
343 0 0 2.7097976642317689e-01 4.4694920367721568e-02 9.1954765487293373e-03 9.1954765487289869e-03 0 9.0949470177292824e-13
344 0 0 2.7097976642317689e-01 4.4694920367721568e-02 9.1954765487293373e-03 9.1954765487289869e-03 0 9.0949470177292824e-13
345 0 0 2.7097976642317689e-01 4.4694920367721568e-02 9.1954765487293373e-03 9.1954765487289869e-03 0 9.0949470177292824e-13
346 0 0 2.7097976642317689e-01 4.4694920367721568e-02 9.1954765487293373e-03 9.1954765487289869e-03 0 9.0949470177292824e-13
347 0 0 2.7097976642317689e-01 4.4694920367721568e-02 9.1954765487293373e-03 9.1954765487289869e-03 0 9.0949470177292824e-13
348 0 0 2.7097976642317689e-01 4.4694920367721568e-02 9.1954765487293373e-03 9.1954765487289869e-03 0 9.0949470177292824e-13
349 0 0 2.7097976642317689e-01 4.4694920367721568e-02 9.1954765487293373e-03 9.1954765487289869e-03 0 9.0949470177292824e-13
350 0 0 2.7097976642317689e-01 4.4694920367721568e-02 9.1954765487293373e-03 9.1954765487289869e-03 0 9.0949470177292824e-13
351 0 0 2.7097976642317689e-01 4.4694920367721568e-02 9.1954765487293373e-03 9.1954765487289869e-03 0 9.0949470177292824e-13
352 0 0 2.7097976642317689e-01 4.4694920367721568e-02 9.1954765487293373e-03 9.1954765487289869e-03 0 9.0949470177292824e-13
353 0 0 2.7097976642317689e-01 4.4694920367721568e-02 9.1954765487293373e-03 9.1954765487289869e-03 0 9.0949470177292824e-13
354 0 0 2.7097976642317689e-01 4.4694920367721568e-02 9.1954765487293373e-03 9.1954765487289869e-03 0 9.0949470177292824e-13
355 0 0 2.7097976642317689e-01 4.4694920367721568e-02 9.1954765487293373e-03 9.1954765487289869e-03 0 9.0949470177292824e-13
356 0 0 2.7097976642317689e-01 4.4694920367721568e-02 9.1954765487293373e-03 9.1954765487289869e-03 0 9.0949470177292824e-13
357 0 0 2.7097976642317689e-01 4.4694920367721568e-02 9.1954765487293373e-03 9.1954765487289869e-03 0 9.0949470177292824e-13
358 0 0 2.7097976642317689e-01 4.4694920367721568e-02 9.1954765487293373e-03 9.1954765487289869e-03 0 9.0949470177292824e-13
359 0 0 2.7097976642317689e-01 4.4694920367721568e-02 9.1954765487293373e-03 9.1954765487289869e-03 0 9.0949470177292824e-13
360 0 0 2.7097976642317689e-01 4.4694920367721568e-02 9.1954765487293373e-03 9.1954765487289869e-03 0 9.0949470177292824e-13
361 0 0 2.7097976642317689e-01 4.4694920367721568e-02 9.1954765487293373e-03 9.1954765487289869e-03 0 9.0949470177292824e-13
362 0 0 2.7097976642317689e-01 4.4694920367721568e-02 9.1954765487293373e-03 9.1954765487289869e-03 0 9.0949470177292824e-13
363 0 0 2.7097976642317689e-01 4.4694920367721568e-02 9.1954765487293373e-03 9.1954765487289869e-03 0 9.0949470177292824e-13
364 0 0 2.7097976642317689e-01 4.4694920367721568e-02 9.1954765487293373e-03 9.1954765487289869e-03 0 9.0949470177292824e-13
365 0 0 2.7097976642317689e-01 4.4694920367721568e-02 9.1954765487293373e-03 9.1954765487289869e-03 0 9.0949470177292824e-13
366 0 0 2.7097976642317689e-01 4.4694920367721568e-02 9.1954765487293373e-03 9.1954765487289869e-03 0 9.0949470177292824e-13
367 0 0 2.7097976642317689e-01 4.4694920367721568e-02 9.1954765487293373e-03 9.1954765487289869e-03 0 9.0949470177292824e-13
368 0 0 2.7097976642317689e-01 4.4694920367721568e-02 9.1954765487293373e-03 9.1954765487289869e-03 0 9.0949470177292824e-13
369 0 0 2.7097976642317689e-01 4.4694920367721568e-02 9.1954765487293373e-03 9.1954765487289869e-03 0 9.0949470177292824e-13
370 0 0 2.7097976642317689e-01 4.4694920367721568e-02 9.1954765487293373e-03 9.1954765487289869e-03 0 9.0949470177292824e-13
371 0 0 2.7097976642317689e-01 4.4694920367721568e-02 9.1954765487293373e-03 9.1954765487289869e-03 0 9.0949470177292824e-13
372 0 0 2.7097976642317689e-01 4.4694920367721568e-02 9.1954765487293373e-03 9.1954765487289869e-03 0 9.0949470177292824e-13
373 0 0 2.7097976642317689e-01 4.4694920367721568e-02 9.1954765487293373e-03 9.1954765487289869e-03 0 9.0949470177292824e-13
374 0 0 2.7097976642317689e-01 4.4694920367721568e-02 9.1954765487293373e-03 9.1954765487289869e-03 0 9.0949470177292824e-13
375 0 0 2.7097976642317689e-01 4.4694920367721568e-02 9.1954765487293373e-03 9.1954765487289869e-03 0 9.0949470177292824e-13
376 0 0 2.7097976642317689e-01 4.4694920367721568e-02 9.1954765487293373e-03 9.1954765487289869e-03 0 9.0949470177292824e-13
377 0 0 2.7097976642317689e-01 4.4694920367721568e-02 9.1954765487293373e-03 9.1954765487289869e-03 0 9.0949470177292824e-13
378 0 0 2.7097976642317689e-01 4.4694920367721568e-02 9.1954765487293373e-03 9.1954765487289869e-03 0 9.0949470177292824e-13
379 0 0 2.7097976642317689e-01 4.4694920367721568e-02 9.1954765487293373e-03 9.1954765487289869e-03 0 9.0949470177292824e-13
380 0 0 2.7097976642317689e-01 4.4694920367721568e-02 9.1954765487293373e-03 9.1954765487289869e-03 0 9.0949470177292824e-13
381 0 0 2.7097976642317689e-01 4.4694920367721568e-02 9.1954765487293373e-03 9.1954765487289869e-03 0 9.0949470177292824e-13
382 0 0 2.7097976642317689e-01 4.4694920367721568e-02 9.1954765487293373e-03 9.1954765487289869e-03 0 9.0949470177292824e-13
383 0 0 2.7097976642317689e-01 4.4694920367721568e-02 9.1954765487293373e-03 9.1954765487289869e-03 0 9.0949470177292824e-13
384 0 0 2.7097976642317689e-01 4.4694920367721568e-02 9.1954765487293373e-03 9.1954765487289869e-03 0 9.0949470177292824e-13
385 0 0 2.7097976642317689e-01 4.4694920367721568e-02 9.1954765487293373e-03 9.1954765487289869e-03 0 9.0949470177292824e-13
386 0 0 2.7097976642317689e-01 4.4694920367721568e-02 9.1954765487293373e-03 9.1954765487289869e-03 0 9.0949470177292824e-13
387 0 0 2.7097976642317689e-01 4.4694920367721568e-02 9.1954765487293373e-03 9.1954765487289869e-03 0 9.0949470177292824e-13
388 0 0 2.7097976642317689e-01 4.4694920367721568e-02 9.1954765487293373e-03 9.1954765487289869e-03 0 9.0949470177292824e-13
389 0 0 2.7097976642317689e-01 4.4694920367721568e-02 9.1954765487293373e-03 9.1954765487289869e-03 0 9.0949470177292824e-13
390 0 0 2.7097976642317689e-01 4.4694920367721568e-02 9.1954765487293373e-03 9.1954765487289869e-03 0 9.0949470177292824e-13
391 0 0 2.7097976642317689e-01 4.4694920367721568e-02 9.1954765487293373e-03 9.1954765487289869e-03 0 9.0949470177292824e-13
392 0 0 2.7097976642317689e-01 4.4694920367721568e-02 9.1954765487293373e-03 9.1954765487289869e-03 0 9.0949470177292824e-13
393 0 0 2.7097976642317689e-01 4.4694920367721568e-02 9.1954765487293373e-03 9.1954765487289869e-03 0 9.0949470177292824e-13
394 0 0 2.7097976642317689e-01 4.4694920367721568e-02 9.1954765487293373e-03 9.1954765487289869e-03 0 9.0949470177292824e-13
395 0 0 2.7097976642317689e-01 4.4694920367721568e-02 9.1954765487293373e-03 9.1954765487289869e-03 0 9.0949470177292824e-13
396 0 0 2.7097976642317689e-01 4.4694920367721568e-02 9.1954765487293373e-03 9.1954765487289869e-03 0 9.0949470177292824e-13
397 0 0 2.7097976642317689e-01 4.4694920367721568e-02 9.1954765487293373e-03 9.1954765487289869e-03 0 9.0949470177292824e-13
398 0 0 2.7097976642317689e-01 4.4694920367721568e-02 9.1954765487293373e-03 9.1954765487289869e-03 0 9.0949470177292824e-13
399 0 0 2.7097976642317689e-01 4.4694920367721568e-02 9.1954765487293373e-03 9.1954765487289869e-03 0 9.0949470177292824e-13
400 0 0 2.7097976642317689e-01 4.4694920367721568e-02 9.1954765487293373e-03 9.1954765487289869e-03 0 9.0949470177292824e-13
401 0 0 2.7097976642317689e-01 4.4694920367721568e-02 9.1954765487293373e-03 9.1954765487289869e-03 0 9.0949470177292824e-13
402 0 0 2.7097976642317689e-01 4.4694920367721568e-02 9.1954765487293373e-03 9.1954765487289869e-03 0 9.0949470177292824e-13
403 0 0 2.7097976642317689e-01 4.4694920367721568e-02 9.1954765487293373e-03 9.1954765487289869e-03 0 9.0949470177292824e-13
404 0 0 2.7097976642317689e-01 4.4694920367721568e-02 9.1954765487293373e-03 9.1954765487289869e-03 0 9.0949470177292824e-13
405 0 0 2.7097976642317689e-01 4.4694920367721568e-02 9.1954765487293373e-03 9.1954765487289869e-03 0 9.0949470177292824e-13
406 0 0 2.7097976642317689e-01 4.4694920367721568e-02 9.1954765487293373e-03 9.1954765487289869e-03 0 9.0949470177292824e-13
407 0 0 2.7097976642317689e-01 4.4694920367721568e-02 9.1954765487293373e-03 9.1954765487289869e-03 0 9.0949470177292824e-13
408 0 0 2.7097976642317689e-01 4.4694920367721568e-02 9.1954765487293373e-03 9.1954765487289869e-03 0 9.0949470177292824e-13
409 0 0 2.7097976642317689e-01 4.4694920367721568e-02 9.1954765487293373e-03 9.1954765487289869e-03 0 9.0949470177292824e-13
410 0 0 2.7097976642317689e-01 4.4694920367721568e-02 9.1954765487293373e-03 9.1954765487289869e-03 0 9.0949470177292824e-13
411 0 0 2.7097976642317689e-01 4.4694920367721568e-02 9.1954765487293373e-03 9.1954765487289869e-03 0 9.0949470177292824e-13
412 0 0 2.7097976642317689e-01 4.4694920367721568e-02 9.1954765487293373e-03 9.1954765487289869e-03 0 9.0949470177292824e-13
413 0 0 2.7097976642317689e-01 4.4694920367721568e-02 9.1954765487293373e-03 9.1954765487289869e-03 0 9.0949470177292824e-13
414 0 0 2.7097976642317689e-01 4.4694920367721568e-02 9.1954765487293373e-03 9.1954765487289869e-03 0 9.0949470177292824e-13
415 0 0 2.7097976642317689e-01 4.4694920367721568e-02 9.1954765487293373e-03 9.1954765487289869e-03 0 9.0949470177292824e-13
416 0 0 2.7097976642317689e-01 4.4694920367721568e-02 9.1954765487293373e-03 9.1954765487289869e-03 0 9.0949470177292824e-13
417 0 0 2.7097976642317689e-01 4.4694920367721568e-02 9.1954765487293373e-03 9.1954765487289869e-03 0 9.0949470177292824e-13
418 0 0 2.7097976642317689e-01 4.4694920367721568e-02 9.1954765487293373e-03 9.1954765487289869e-03 0 9.0949470177292824e-13
419 0 0 2.7097976642317689e-01 4.4694920367721568e-02 9.1954765487293373e-03 9.1954765487289869e-03 0 9.0949470177292824e-13
420 0 0 2.7097976642317689e-01 4.4694920367721568e-02 9.1954765487293373e-03 9.1954765487289869e-03 0 9.0949470177292824e-13
421 0 0 2.7097976642317689e-01 4.4694920367721568e-02 9.1954765487293373e-03 9.1954765487289869e-03 0 9.0949470177292824e-13
422 0 0 2.7097976642317689e-01 4.4694920367721568e-02 9.1954765487293373e-03 9.1954765487289869e-03 0 9.0949470177292824e-13
423 0 0 2.7097976642317689e-01 4.4694920367721568e-02 9.1954765487293373e-03 9.1954765487289869e-03 0 9.0949470177292824e-13
424 0 0 2.7097976642317689e-01 4.4694920367721568e-02 9.1954765487293373e-03 9.1954765487289869e-03 0 9.0949470177292824e-13
425 0 0 2.7097976642317689e-01 4.4694920367721568e-02 9.1954765487293373e-03 9.1954765487289869e-03 0 9.0949470177292824e-13
426 0 0 2.7097976642317689e-01 4.4694920367721568e-02 9.1954765487293373e-03 9.1954765487289869e-03 0 9.0949470177292824e-13
427 0 0 2.7097976642317689e-01 4.4694920367721568e-02 9.1954765487293373e-03 9.1954765487289869e-03 0 9.0949470177292824e-13
428 0 0 2.7097976642317689e-01 4.4694920367721568e-02 9.1954765487293373e-03 9.1954765487289869e-03 0 9.0949470177292824e-13
429 0 0 2.7097976642317689e-01 4.4694920367721568e-02 9.1954765487293373e-03 9.1954765487289869e-03 0 9.0949470177292824e-13
430 0 0 2.7097976642317689e-01 4.4694920367721568e-02 9.1954765487293373e-03 9.1954765487289869e-03 0 9.0949470177292824e-13
431 0 0 2.7097976642317689e-01 4.4694920367721568e-02 9.1954765487293373e-03 9.1954765487289869e-03 0 9.0949470177292824e-13
432 0 0 2.7097976642317689e-01 4.4694920367721568e-02 9.1954765487293373e-03 9.1954765487289869e-03 0 9.0949470177292824e-13
433 0 0 2.7097976642317689e-01 4.4694920367721568e-02 9.1954765487293373e-03 9.1954765487289869e-03 0 9.0949470177292824e-13
434 0 0 2.7097976642317689e-01 4.4694920367721568e-02 9.1954765487293373e-03 9.1954765487289869e-03 0 9.0949470177292824e-13
435 0 0 2.7097976642317689e-01 4.4694920367721568e-02 9.1954765487293373e-03 9.1954765487289869e-03 0 9.0949470177292824e-13
436 0 0 2.7097976642317689e-01 4.4694920367721568e-02 9.1954765487293373e-03 9.1954765487289869e-03 0 9.0949470177292824e-13
437 0 0 2.7097976642317689e-01 4.4694920367721568e-02 9.1954765487293373e-03 9.1954765487289869e-03 0 9.0949470177292824e-13
438 0 0 2.7097976642317689e-01 4.4694920367721568e-02 9.1954765487293373e-03 9.1954765487289869e-03 0 9.0949470177292824e-13
439 0 0 2.7097976642317689e-01 4.4694920367721568e-02 9.1954765487293373e-03 9.1954765487289869e-03 0 9.0949470177292824e-13
440 0 0 2.7097976642317689e-01 4.4694920367721568e-02 9.1954765487293373e-03 9.1954765487289869e-03 0 9.0949470177292824e-13
441 0 0 2.7097976642317689e-01 4.4694920367721568e-02 9.1954765487293373e-03 9.1954765487289869e-03 0 9.0949470177292824e-13
442 0 0 2.7097976642317689e-01 4.4694920367721568e-02 9.1954765487293373e-03 9.1954765487289869e-03 0 9.0949470177292824e-13
443 0 0 2.7097976642317689e-01 4.4694920367721568e-02 9.1954765487293373e-03 9.1954765487289869e-03 0 9.0949470177292824e-13
444 0 0 2.7097976642317689e-01 4.4694920367721568e-02 9.1954765487293373e-03 9.1954765487289869e-03 0 9.0949470177292824e-13
445 0 0 2.7097976642317689e-01 4.4694920367721568e-02 9.1954765487293373e-03 9.1954765487289869e-03 0 9.0949470177292824e-13
446 0 0 2.7097976642317689e-01 4.4694920367721568e-02 9.1954765487293373e-03 9.1954765487289869e-03 0 9.0949470177292824e-13
447 0 0 2.7097976642317689e-01 4.4694920367721568e-02 9.1954765487293373e-03 9.1954765487289869e-03 0 9.0949470177292824e-13
448 0 0 2.7097976642317689e-01 4.4694920367721568e-02 9.1954765487293373e-03 9.1954765487289869e-03 0 9.0949470177292824e-13
449 0 0 2.7097976642317689e-01 4.4694920367721568e-02 9.1954765487293373e-03 9.1954765487289869e-03 0 9.0949470177292824e-13
450 0 0 2.7097976642317689e-01 4.4694920367721568e-02 9.1954765487293373e-03 9.1954765487289869e-03 0 9.0949470177292824e-13
451 0 0 2.7097976642317689e-01 4.4694920367721568e-02 9.1954765487293373e-03 9.1954765487289869e-03 0 9.0949470177292824e-13
452 0 0 2.7097976642317689e-01 4.4694920367721568e-02 9.1954765487293373e-03 9.1954765487289869e-03 0 9.0949470177292824e-13
453 0 0 2.7097976642317689e-01 4.4694920367721568e-02 9.1954765487293373e-03 9.1954765487289869e-03 0 9.0949470177292824e-13
454 0 0 2.7097976642317689e-01 4.4694920367721568e-02 9.1954765487293373e-03 9.1954765487289869e-03 0 9.0949470177292824e-13
455 0 0 2.7097976642317689e-01 4.4694920367721568e-02 9.1954765487293373e-03 9.1954765487289869e-03 0 9.0949470177292824e-13
456 0 0 2.7097976642317689e-01 4.4694920367721568e-02 9.1954765487293373e-03 9.1954765487289869e-03 0 9.0949470177292824e-13
457 0 0 2.7097976642317689e-01 4.4694920367721568e-02 9.1954765487293373e-03 9.1954765487289869e-03 0 9.0949470177292824e-13
458 0 0 2.7097976642317689e-01 4.4694920367721568e-02 9.1954765487293373e-03 9.1954765487289869e-03 0 9.0949470177292824e-13
459 0 0 2.7097976642317689e-01 4.4694920367721568e-02 9.1954765487293373e-03 9.1954765487289869e-03 0 9.0949470177292824e-13
460 0 0 2.7097976642317689e-01 4.4694920367721568e-02 9.1954765487293373e-03 9.1954765487289869e-03 0 9.0949470177292824e-13
461 0 0 2.7097976642317689e-01 4.4694920367721568e-02 9.1954765487293373e-03 9.1954765487289869e-03 0 9.0949470177292824e-13
462 0 0 2.7097976642317689e-01 4.4694920367721568e-02 9.1954765487293373e-03 9.1954765487289869e-03 0 9.0949470177292824e-13
463 0 0 2.7097976642317689e-01 4.4694920367721568e-02 9.1954765487293373e-03 9.1954765487289869e-03 0 9.0949470177292824e-13
464 0 0 2.7097976642317689e-01 4.4694920367721568e-02 9.1954765487293373e-03 9.1954765487289869e-03 0 9.0949470177292824e-13
465 0 0 2.7097976642317689e-01 4.4694920367721568e-02 9.1954765487293373e-03 9.1954765487289869e-03 0 9.0949470177292824e-13
466 0 0 2.7097976642317689e-01 4.4694920367721568e-02 9.1954765487293373e-03 9.1954765487289869e-03 0 9.0949470177292824e-13
467 0 0 2.7097976642317689e-01 4.4694920367721568e-02 9.1954765487293373e-03 9.1954765487289869e-03 0 9.0949470177292824e-13
468 0 0 2.7097976642317689e-01 4.4694920367721568e-02 9.1954765487293373e-03 9.1954765487289869e-03 0 9.0949470177292824e-13
469 0 0 2.7097976642317689e-01 4.4694920367721568e-02 9.1954765487293373e-03 9.1954765487289869e-03 0 9.0949470177292824e-13
470 0 0 2.7097976642317689e-01 4.4694920367721568e-02 9.1954765487293373e-03 9.1954765487289869e-03 0 9.0949470177292824e-13
471 0 0 2.7097976642317689e-01 4.4694920367721568e-02 9.1954765487293373e-03 9.1954765487289869e-03 0 9.0949470177292824e-13
472 0 0 2.7097976642317689e-01 4.4694920367721568e-02 9.1954765487293373e-03 9.1954765487289869e-03 0 9.0949470177292824e-13
473 0 0 2.7097976642317689e-01 4.4694920367721568e-02 9.1954765487293373e-03 9.1954765487289869e-03 0 9.0949470177292824e-13
474 0 0 2.7097976642317689e-01 4.4694920367721568e-02 9.1954765487293373e-03 9.1954765487289869e-03 0 9.0949470177292824e-13
475 0 0 2.7097976642317689e-01 4.4694920367721568e-02 9.1954765487293373e-03 9.1954765487289869e-03 0 9.0949470177292824e-13
476 0 0 2.7097976642317689e-01 4.4694920367721568e-02 9.1954765487293373e-03 9.1954765487289869e-03 0 9.0949470177292824e-13
477 0 0 2.7097976642317689e-01 4.4694920367721568e-02 9.1954765487293373e-03 9.1954765487289869e-03 0 9.0949470177292824e-13
478 0 0 2.7097976642317689e-01 4.4694920367721568e-02 9.1954765487293373e-03 9.1954765487289869e-03 0 9.0949470177292824e-13
479 0 0 2.7097976642317689e-01 4.4694920367721568e-02 9.1954765487293373e-03 9.1954765487289869e-03 0 9.0949470177292824e-13
480 0 0 2.7097976642317689e-01 4.4694920367721568e-02 9.1954765487293373e-03 9.1954765487289869e-03 0 9.0949470177292824e-13
481 0 0 2.7097976642317689e-01 4.4694920367721568e-02 9.1954765487293373e-03 9.1954765487289869e-03 0 9.0949470177292824e-13
482 0 0 2.7097976642317689e-01 4.4694920367721568e-02 9.1954765487293373e-03 9.1954765487289869e-03 0 9.0949470177292824e-13
483 0 0 2.7097976642317689e-01 4.4694920367721568e-02 9.1954765487293373e-03 9.1954765487289869e-03 0 9.0949470177292824e-13
484 0 0 2.7097976642317689e-01 4.4694920367721568e-02 9.1954765487293373e-03 9.1954765487289869e-03 0 9.0949470177292824e-13
485 0 0 2.7097976642317689e-01 4.4694920367721568e-02 9.1954765487293373e-03 9.1954765487289869e-03 0 9.0949470177292824e-13
486 0 0 2.7097976642317689e-01 4.4694920367721568e-02 9.1954765487293373e-03 9.1954765487289869e-03 0 9.0949470177292824e-13
487 0 0 2.7097976642317689e-01 4.4694920367721568e-02 9.1954765487293373e-03 9.1954765487289869e-03 0 9.0949470177292824e-13
488 0 0 2.7097976642317689e-01 4.4694920367721568e-02 9.1954765487293373e-03 9.1954765487289869e-03 0 9.0949470177292824e-13
489 0 0 2.7097976642317689e-01 4.4694920367721568e-02 9.1954765487293373e-03 9.1954765487289869e-03 0 9.0949470177292824e-13
490 0 0 2.7097976642317689e-01 4.4694920367721568e-02 9.1954765487293373e-03 9.1954765487289869e-03 0 9.0949470177292824e-13
491 0 0 2.7097976642317689e-01 4.4694920367721568e-02 9.1954765487293373e-03 9.1954765487289869e-03 0 9.0949470177292824e-13
492 0 0 2.7097976642317689e-01 4.4694920367721568e-02 9.1954765487293373e-03 9.1954765487289869e-03 0 9.0949470177292824e-13
493 0 0 2.7097976642317689e-01 4.4694920367721568e-02 9.1954765487293373e-03 9.1954765487289869e-03 0 9.0949470177292824e-13
494 0 0 2.7097976642317689e-01 4.4694920367721568e-02 9.1954765487293373e-03 9.1954765487289869e-03 0 9.0949470177292824e-13
495 0 0 2.7097976642317689e-01 4.4694920367721568e-02 9.1954765487293373e-03 9.1954765487289869e-03 0 9.0949470177292824e-13
496 0 0 2.7097976642317689e-01 4.4694920367721568e-02 9.1954765487293373e-03 9.1954765487289869e-03 0 9.0949470177292824e-13
497 0 0 2.7097976642317689e-01 4.4694920367721568e-02 9.1954765487293373e-03 9.1954765487289869e-03 0 9.0949470177292824e-13
498 0 0 2.7097976642317689e-01 4.4694920367721568e-02 9.1954765487293373e-03 9.1954765487289869e-03 0 9.0949470177292824e-13
499 0 0 2.7097976642317689e-01 4.4694920367721568e-02 9.1954765487293373e-03 9.1954765487289869e-03 0 9.0949470177292824e-13
500 0 0 2.7097976642317689e-01 4.4694920367721568e-02 9.1954765487293373e-03 9.1954765487289869e-03 0 9.0949470177292824e-13
501 0 0 2.7097976642317689e-01 4.4694920367721568e-02 9.1954765487293373e-03 9.1954765487289869e-03 0 9.0949470177292824e-13
502 0 0 2.7097976642317689e-01 4.4694920367721568e-02 9.1954765487293373e-03 9.1954765487289869e-03 0 9.0949470177292824e-13
503 0 0 2.7097976642317689e-01 4.4694920367721568e-02 9.1954765487293373e-03 9.1954765487289869e-03 0 9.0949470177292824e-13
504 0 0 2.7097976642317689e-01 4.4694920367721568e-02 9.1954765487293373e-03 9.1954765487289869e-03 0 9.0949470177292824e-13
505 0 0 2.7097976642317689e-01 4.4694920367721568e-02 9.1954765487293373e-03 9.1954765487289869e-03 0 9.0949470177292824e-13
506 0 0 2.7097976642317689e-01 4.4694920367721568e-02 9.1954765487293373e-03 9.1954765487289869e-03 0 9.0949470177292824e-13
507 0 0 2.7097976642317689e-01 4.4694920367721568e-02 9.1954765487293373e-03 9.1954765487289869e-03 0 9.0949470177292824e-13
508 0 0 2.7097976642317689e-01 4.4694920367721568e-02 9.1954765487293373e-03 9.1954765487289869e-03 0 9.0949470177292824e-13
509 0 0 2.7097976642317689e-01 4.4694920367721568e-02 9.1954765487293373e-03 9.1954765487289869e-03 0 9.0949470177292824e-13
510 0 0 2.7097976642317689e-01 4.4694920367721568e-02 9.1954765487293373e-03 9.1954765487289869e-03 0 9.0949470177292824e-13
511 0 0 2.7097976642317689e-01 4.4694920367721568e-02 9.1954765487293373e-03 9.1954765487289869e-03 0 9.0949470177292824e-13
512 0 0 2.7097976642317689e-01 4.4694920367721568e-02 9.1954765487293373e-03 9.1954765487289869e-03 0 9.0949470177292824e-13
513 0 0 2.7097976642317689e-01 4.4694920367721568e-02 9.1954765487293373e-03 9.1954765487289869e-03 0 9.0949470177292824e-13
514 0 0 2.7097976642317689e-01 4.4694920367721568e-02 9.1954765487293373e-03 9.1954765487289869e-03 0 9.0949470177292824e-13
515 0 0 2.7097976642317689e-01 4.4694920367721568e-02 9.1954765487293373e-03 9.1954765487289869e-03 0 9.0949470177292824e-13
516 0 0 2.7097976642317689e-01 4.4694920367721568e-02 9.1954765487293373e-03 9.1954765487289869e-03 0 9.0949470177292824e-13
517 0 0 2.7097976642317689e-01 4.4694920367721568e-02 9.1954765487293373e-03 9.1954765487289869e-03 0 9.0949470177292824e-13
518 0 0 2.7097976642317689e-01 4.4694920367721568e-02 9.1954765487293373e-03 9.1954765487289869e-03 0 9.0949470177292824e-13
519 0 0 2.7097976642317689e-01 4.4694920367721568e-02 9.1954765487293373e-03 9.1954765487289869e-03 0 9.0949470177292824e-13
520 0 0 2.7097976642317689e-01 4.4694920367721568e-02 9.1954765487293373e-03 9.1954765487289869e-03 0 9.0949470177292824e-13
521 0 0 2.7097976642317689e-01 4.4694920367721568e-02 9.1954765487293373e-03 9.1954765487289869e-03 0 9.0949470177292824e-13
522 0 0 2.7097976642317689e-01 4.4694920367721568e-02 9.1954765487293373e-03 9.1954765487289869e-03 0 9.0949470177292824e-13
523 0 0 2.7097976642317689e-01 4.4694920367721568e-02 9.1954765487293373e-03 9.1954765487289869e-03 0 9.0949470177292824e-13
524 0 0 2.7097976642317689e-01 4.4694920367721568e-02 9.1954765487293373e-03 9.1954765487289869e-03 0 9.0949470177292824e-13
525 0 0 2.7097976642317689e-01 4.4694920367721568e-02 9.1954765487293373e-03 9.1954765487289869e-03 0 9.0949470177292824e-13
526 0 0 2.7097976642317689e-01 4.4694920367721568e-02 9.1954765487293373e-03 9.1954765487289869e-03 0 9.0949470177292824e-13
527 0 0 2.7097976642317689e-01 4.4694920367721568e-02 9.1954765487293373e-03 9.1954765487289869e-03 0 9.0949470177292824e-13
528 0 0 2.7097976642317689e-01 4.4694920367721568e-02 9.1954765487293373e-03 9.1954765487289869e-03 0 9.0949470177292824e-13
529 0 0 2.7097976642317689e-01 4.4694920367721568e-02 9.1954765487293373e-03 9.1954765487289869e-03 0 9.0949470177292824e-13
530 0 0 2.7097976642317689e-01 4.4694920367721568e-02 9.1954765487293373e-03 9.1954765487289869e-03 0 9.0949470177292824e-13
531 0 0 2.7097976642317689e-01 4.4694920367721568e-02 9.1954765487293373e-03 9.1954765487289869e-03 0 9.0949470177292824e-13
532 0 0 2.7097976642317689e-01 4.4694920367721568e-02 9.1954765487293373e-03 9.1954765487289869e-03 0 9.0949470177292824e-13
533 0 0 2.7097976642317689e-01 4.4694920367721568e-02 9.1954765487293373e-03 9.1954765487289869e-03 0 9.0949470177292824e-13
534 0 0 2.7097976642317689e-01 4.4694920367721568e-02 9.1954765487293373e-03 9.1954765487289869e-03 0 9.0949470177292824e-13
535 0 0 2.7097976642317689e-01 4.4694920367721568e-02 9.1954765487293373e-03 9.1954765487289869e-03 0 9.0949470177292824e-13
536 0 0 2.7097976642317689e-01 4.4694920367721568e-02 9.1954765487293373e-03 9.1954765487289869e-03 0 9.0949470177292824e-13
537 0 0 2.7097976642317689e-01 4.4694920367721568e-02 9.1954765487293373e-03 9.1954765487289869e-03 0 9.0949470177292824e-13
538 0 0 2.7097976642317689e-01 4.4694920367721568e-02 9.1954765487293373e-03 9.1954765487289869e-03 0 9.0949470177292824e-13
539 0 0 2.7097976642317689e-01 4.4694920367721568e-02 9.1954765487293373e-03 9.1954765487289869e-03 0 9.0949470177292824e-13
540 0 0 2.7097976642317689e-01 4.4694920367721568e-02 9.1954765487293373e-03 9.1954765487289869e-03 0 9.0949470177292824e-13
541 0 0 2.7097976642317689e-01 4.4694920367721568e-02 9.1954765487293373e-03 9.1954765487289869e-03 0 9.0949470177292824e-13
542 0 0 2.7097976642317689e-01 4.4694920367721568e-02 9.1954765487293373e-03 9.1954765487289869e-03 0 9.0949470177292824e-13
543 0 0 2.7097976642317689e-01 4.4694920367721568e-02 9.1954765487293373e-03 9.1954765487289869e-03 0 9.0949470177292824e-13
544 0 0 2.7097976642317689e-01 4.4694920367721568e-02 9.1954765487293373e-03 9.1954765487289869e-03 0 9.0949470177292824e-13
545 0 0 2.7097976642317689e-01 4.4694920367721568e-02 9.1954765487293373e-03 9.1954765487289869e-03 0 9.0949470177292824e-13
546 0 0 2.7097976642317689e-01 4.4694920367721568e-02 9.1954765487293373e-03 9.1954765487289869e-03 0 9.0949470177292824e-13
547 0 0 2.7097976642317689e-01 4.4694920367721568e-02 9.1954765487293373e-03 9.1954765487289869e-03 0 9.0949470177292824e-13
548 0 0 2.7097976642317689e-01 4.4694920367721568e-02 9.1954765487293373e-03 9.1954765487289869e-03 0 9.0949470177292824e-13
549 0 0 2.7097976642317689e-01 4.4694920367721568e-02 9.1954765487293373e-03 9.1954765487289869e-03 0 9.0949470177292824e-13
550 0 0 2.7097976642317689e-01 4.4694920367721568e-02 9.1954765487293373e-03 9.1954765487289869e-03 0 9.0949470177292824e-13
551 0 0 2.7097976642317689e-01 4.4694920367721568e-02 9.1954765487293373e-03 9.1954765487289869e-03 0 9.0949470177292824e-13
552 0 0 2.7097976642317689e-01 4.4694920367721568e-02 9.1954765487293373e-03 9.1954765487289869e-03 0 9.0949470177292824e-13
553 0 0 2.7097976642317689e-01 4.4694920367721568e-02 9.1954765487293373e-03 9.1954765487289869e-03 0 9.0949470177292824e-13
554 0 0 2.7097976642317689e-01 4.4694920367721568e-02 9.1954765487293373e-03 9.1954765487289869e-03 0 9.0949470177292824e-13
555 0 0 2.7097976642317689e-01 4.4694920367721568e-02 9.1954765487293373e-03 9.1954765487289869e-03 0 9.0949470177292824e-13
556 0 0 2.7097976642317689e-01 4.4694920367721568e-02 9.1954765487293373e-03 9.1954765487289869e-03 0 9.0949470177292824e-13
557 0 0 2.7097976642317689e-01 4.4694920367721568e-02 9.1954765487293373e-03 9.1954765487289869e-03 0 9.0949470177292824e-13
558 0 0 2.7097976642317689e-01 4.4694920367721568e-02 9.1954765487293373e-03 9.1954765487289869e-03 0 9.0949470177292824e-13
559 0 0 2.7097976642317689e-01 4.4694920367721568e-02 9.1954765487293373e-03 9.1954765487289869e-03 0 9.0949470177292824e-13
560 0 0 2.7097976642317689e-01 4.4694920367721568e-02 9.1954765487293373e-03 9.1954765487289869e-03 0 9.0949470177292824e-13
561 0 0 2.7097976642317689e-01 4.4694920367721568e-02 9.1954765487293373e-03 9.1954765487289869e-03 0 9.0949470177292824e-13
562 0 0 2.7097976642317689e-01 4.4694920367721568e-02 9.1954765487293373e-03 9.1954765487289869e-03 0 9.0949470177292824e-13
563 0 0 2.7097976642317689e-01 4.4694920367721568e-02 9.1954765487293373e-03 9.1954765487289869e-03 0 9.0949470177292824e-13
564 0 0 2.7097976642317689e-01 4.4694920367721568e-02 9.1954765487293373e-03 9.1954765487289869e-03 0 9.0949470177292824e-13
565 0 0 2.7097976642317689e-01 4.4694920367721568e-02 9.1954765487293373e-03 9.1954765487289869e-03 0 9.0949470177292824e-13
566 0 0 2.7097976642317689e-01 4.4694920367721568e-02 9.1954765487293373e-03 9.1954765487289869e-03 0 9.0949470177292824e-13
567 0 0 2.7097976642317689e-01 4.4694920367721568e-02 9.1954765487293373e-03 9.1954765487289869e-03 0 9.0949470177292824e-13
568 0 0 2.7097976642317689e-01 4.4694920367721568e-02 9.1954765487293373e-03 9.1954765487289869e-03 0 9.0949470177292824e-13
569 0 0 2.7097976642317689e-01 4.4694920367721568e-02 9.1954765487293373e-03 9.1954765487289869e-03 0 9.0949470177292824e-13
570 0 0 2.7097976642317689e-01 4.4694920367721568e-02 9.1954765487293373e-03 9.1954765487289869e-03 0 9.0949470177292824e-13
571 0 0 2.7097976642317689e-01 4.4694920367721568e-02 9.1954765487293373e-03 9.1954765487289869e-03 0 9.0949470177292824e-13
572 0 0 2.7097976642317689e-01 4.4694920367721568e-02 9.1954765487293373e-03 9.1954765487289869e-03 0 9.0949470177292824e-13
573 0 0 2.7097976642317689e-01 4.4694920367721568e-02 9.1954765487293373e-03 9.1954765487289869e-03 0 9.0949470177292824e-13
574 0 0 2.7097976642317689e-01 4.4694920367721568e-02 9.1954765487293373e-03 9.1954765487289869e-03 0 9.0949470177292824e-13
575 0 0 2.7097976642317689e-01 4.4694920367721568e-02 9.1954765487293373e-03 9.1954765487289869e-03 0 9.0949470177292824e-13
576 0 0 2.7097976642317689e-01 4.4694920367721568e-02 9.1954765487293373e-03 9.1954765487289869e-03 0 9.0949470177292824e-13
577 0 0 2.7097976642317689e-01 4.4694920367721568e-02 9.1954765487293373e-03 9.1954765487289869e-03 0 9.0949470177292824e-13
578 0 0 2.7097976642317689e-01 4.4694920367721568e-02 9.1954765487293373e-03 9.1954765487289869e-03 0 9.0949470177292824e-13
579 0 0 2.7097976642317689e-01 4.4694920367721568e-02 9.1954765487293373e-03 9.1954765487289869e-03 0 9.0949470177292824e-13
580 0 0 2.7097976642317689e-01 4.4694920367721568e-02 9.1954765487293373e-03 9.1954765487289869e-03 0 9.0949470177292824e-13
581 0 0 2.7097976642317689e-01 4.4694920367721568e-02 9.1954765487293373e-03 9.1954765487289869e-03 0 9.0949470177292824e-13
582 0 0 2.7097976642317689e-01 4.4694920367721568e-02 9.1954765487293373e-03 9.1954765487289869e-03 0 9.0949470177292824e-13
583 0 0 2.7097976642317689e-01 4.4694920367721568e-02 9.1954765487293373e-03 9.1954765487289869e-03 0 9.0949470177292824e-13
584 0 0 2.7097976642317689e-01 4.4694920367721568e-02 9.1954765487293373e-03 9.1954765487289869e-03 0 9.0949470177292824e-13
585 0 0 2.7097976642317689e-01 4.4694920367721568e-02 9.1954765487293373e-03 9.1954765487289869e-03 0 9.0949470177292824e-13
586 0 0 2.7097976642317689e-01 4.4694920367721568e-02 9.1954765487293373e-03 9.1954765487289869e-03 0 9.0949470177292824e-13
587 0 0 2.7097976642317689e-01 4.4694920367721568e-02 9.1954765487293373e-03 9.1954765487289869e-03 0 9.0949470177292824e-13
588 0 0 2.7097976642317689e-01 4.4694920367721568e-02 9.1954765487293373e-03 9.1954765487289869e-03 0 9.0949470177292824e-13
589 0 0 2.7097976642317689e-01 4.4694920367721568e-02 9.1954765487293373e-03 9.1954765487289869e-03 0 9.0949470177292824e-13
590 0 0 2.7097976642317689e-01 4.4694920367721568e-02 9.1954765487293373e-03 9.1954765487289869e-03 0 9.0949470177292824e-13
591 0 0 2.7097976642317689e-01 4.4694920367721568e-02 9.1954765487293373e-03 9.1954765487289869e-03 0 9.0949470177292824e-13
592 0 0 2.7097976642317689e-01 4.4694920367721568e-02 9.1954765487293373e-03 9.1954765487289869e-03 0 9.0949470177292824e-13
593 0 0 2.7097976642317689e-01 4.4694920367721568e-02 9.1954765487293373e-03 9.1954765487289869e-03 0 9.0949470177292824e-13
594 0 0 2.7097976642317689e-01 4.4694920367721568e-02 9.1954765487293373e-03 9.1954765487289869e-03 0 9.0949470177292824e-13
595 0 0 2.7097976642317689e-01 4.4694920367721568e-02 9.1954765487293373e-03 9.1954765487289869e-03 0 9.0949470177292824e-13
596 0 0 2.7097976642317689e-01 4.4694920367721568e-02 9.1954765487293373e-03 9.1954765487289869e-03 0 9.0949470177292824e-13
597 0 0 2.7097976642317689e-01 4.4694920367721568e-02 9.1954765487293373e-03 9.1954765487289869e-03 0 9.0949470177292824e-13
598 0 0 2.7097976642317689e-01 4.4694920367721568e-02 9.1954765487293373e-03 9.1954765487289869e-03 0 9.0949470177292824e-13
599 0 0 2.7097976642317689e-01 4.4694920367721568e-02 9.1954765487293373e-03 9.1954765487289869e-03 0 9.0949470177292824e-13
