MAJOR NFEV NGEV OBJFUN GNORM CNORM FEAS OPT STEP
0 0 0 1.5603079619072608e+01 1.5755131634193974e+01 1.3411542234830581e-02 1.3411542234830431e-02 0 5.0000000000000000e-01
1 0 0 1.0124676921524962e+01 9.5490545932900073e+00 1.3411542234830136e-02 1.3411542234829987e-02 0 5.0000000000000000e-01
2 0 0 8.2230671216100877e+00 8.0069289933595460e+00 1.3411542234829470e-02 1.3411542234829321e-02 0 5.0000000000000000e-01
3 0 0 7.3230939871875194e+00 7.3736452509934471e+00 1.3411542234829692e-02 1.3411542234829543e-02 0 5.0000000000000000e-01
4 0 0 6.8149195263967490e+00 7.0488800080732901e+00 1.3411542234829692e-02 1.3411542234829543e-02 0 5.0000000000000000e-01
5 0 0 6.4920595883476562e+00 6.8564582161972760e+00 1.3411542234829691e-02 1.3411542234829543e-02 0 5.0000000000000000e-01
6 0 0 6.2706367497488662e+00 6.7304293489621969e+00 1.3411542234828804e-02 1.3411542234828655e-02 0 5.0000000000000000e-01
7 0 0 6.1079472995625617e+00 6.6415393351028733e+00 1.3411542234829469e-02 1.3411542234829321e-02 0 5.0000000000000000e-01
8 0 0 5.9834645952483321e+00 6.5750437718424886e+00 1.3411542234828360e-02 1.3411542234828211e-02 0 5.0000000000000000e-01
9 0 0 5.8826501020811586e+00 6.5227186197382521e+00 1.3411542234829469e-02 1.3411542234829321e-02 0 5.0000000000000000e-01
10 0 0 5.7993906565418438e+00 6.4796697606053240e+00 1.3411542234829692e-02 1.3411542234829543e-02 0 5.0000000000000000e-01
11 0 0 5.7268815317599948e+00 6.4428495715739098e+00 1.3411542234828802e-02 1.3411542234828655e-02 0 5.0000000000000000e-01
12 0 0 5.6637031676180767e+00 6.4103004187262496e+00 1.3411542234829248e-02 1.3411542234829099e-02 0 5.0000000000000000e-01
13 0 0 5.6057916415397333e+00 6.3807555745401174e+00 1.3411542234830135e-02 1.3411542234829987e-02 0 5.0000000000000000e-01
14 0 0 5.5535753389391260e+00 6.3533679682325408e+00 1.3411542234828804e-02 1.3411542234828655e-02 0 5.0000000000000000e-01
15 0 0 5.5040990509101162e+00 6.3275888953944150e+00 1.3411542234828802e-02 1.3411542234828655e-02 0 5.0000000000000000e-01
16 0 0 5.4585942792338802e+00 6.3030376060995348e+00 1.3411542234829026e-02 1.3411542234828877e-02 0 5.0000000000000000e-01
17 0 0 5.4145905616674863e+00 6.2794744239833751e+00 1.3411542234828136e-02 1.3411542234827989e-02 0 5.0000000000000000e-01
18 0 0 5.3736872942560172e+00 6.2567232276061269e+00 1.3411542234829248e-02 1.3411542234829099e-02 0 5.0000000000000000e-01
19 0 0 5.3336404805579161e+00 6.2346807176483496e+00 1.3411542234829913e-02 1.3411542234829765e-02 0 5.0000000000000000e-01
20 0 0 5.2962216500987598e+00 6.2132623008703822e+00 1.3411542234829914e-02 1.3411542234829765e-02 0 5.0000000000000000e-01
21 0 0 5.2593021254660552e+00 6.1924252453514486e+00 1.3411542234829248e-02 1.3411542234829099e-02 0 5.0000000000000000e-01
22 0 0 5.2247323835479875e+00 6.1721262388742772e+00 1.3411542234829248e-02 1.3411542234829099e-02 0 5.0000000000000000e-01
23 0 0 5.1904504528228390e+00 6.1523492984251842e+00 1.3411542234829692e-02 1.3411542234829543e-02 0 5.0000000000000000e-01
24 0 0 5.1583390636768813e+00 6.1330697830682377e+00 1.3411542234830581e-02 1.3411542234830431e-02 0 5.0000000000000000e-01
25 0 0 5.1263816679551546e+00 6.1142833102001157e+00 1.3411542234829469e-02 1.3411542234829321e-02 0 5.0000000000000000e-01
26 0 0 5.0964685992654548e+00 6.0959736746578637e+00 1.3411542234829692e-02 1.3411542234829543e-02 0 5.0000000000000000e-01
27 0 0 5.0666195361469448e+00 6.0781413338580244e+00 1.3411542234828804e-02 1.3411542234828655e-02 0 5.0000000000000000e-01
28 0 0 5.0387186870223362e+00 6.0607738726754947e+00 1.3411542234829248e-02 1.3411542234829099e-02 0 5.0000000000000000e-01
29 0 0 5.0108180990550242e+00 6.0438736073097337e+00 1.3411542234829248e-02 1.3411542234829099e-02 0 5.0000000000000000e-01
30 0 0 4.9847878059446042e+00 6.0274298042976824e+00 1.3411542234829469e-02 1.3411542234829321e-02 0 5.0000000000000000e-01
31 0 0 4.9587106853444789e+00 6.0114453558578695e+00 1.3411542234829248e-02 1.3411542234829099e-02 0 5.0000000000000000e-01
32 0 0 4.9344376624452382e+00 5.9959102573895899e+00 1.3411542234829692e-02 1.3411542234829543e-02 0 5.0000000000000000e-01
33 0 0 4.9100818736990135e+00 5.9808274517485351e+00 1.3411542234829692e-02 1.3411542234829543e-02 0 5.0000000000000000e-01
34 0 0 4.8874720118507442e+00 5.9661872381961070e+00 1.3411542234828360e-02 1.3411542234828211e-02 0 5.0000000000000000e-01
35 0 0 4.8647512646723285e+00 5.9519924173420131e+00 1.3411542234829248e-02 1.3411542234829099e-02 0 5.0000000000000000e-01
36 0 0 4.8437240802987453e+00 5.9382334090686006e+00 1.3411542234829026e-02 1.3411542234828877e-02 0 5.0000000000000000e-01
37 0 0 4.8225635928089865e+00 5.9249128206298014e+00 1.3411542234828804e-02 1.3411542234828655e-02 0 5.0000000000000000e-01
38 0 0 4.8030487116256495e+00 5.9120211202773625e+00 1.3411542234828360e-02 1.3411542234828211e-02 0 5.0000000000000000e-01
39 0 0 4.7833824069092117e+00 5.8995607279328661e+00 1.3411542234828804e-02 1.3411542234828655e-02 0 5.0000000000000000e-01
40 0 0 4.7653172385575697e+00 5.8875221388811365e+00 1.3411542234830581e-02 1.3411542234830431e-02 0 5.0000000000000000e-01
41 0 0 4.7470858586551152e+00 5.8759076120921483e+00 1.3411542234829692e-02 1.3411542234829543e-02 0 5.0000000000000000e-01
42 0 0 4.7304140024120009e+00 5.8647076716602760e+00 1.3411542234828804e-02 1.3411542234828655e-02 0 5.0000000000000000e-01
43 0 0 4.7135637970476800e+00 5.8539244469822593e+00 1.3411542234828804e-02 1.3411542234828655e-02 0 5.0000000000000000e-01
44 0 0 4.6982339162907394e+00 5.8435485028423058e+00 1.3411542234829469e-02 1.3411542234829321e-02 0 5.0000000000000000e-01
45 0 0 4.6827157066368699e+00 5.8335818695157435e+00 1.3411542234829692e-02 1.3411542234829543e-02 0 5.0000000000000000e-01
46 0 0 4.6686807153253467e+00 5.8240151682809360e+00 1.3411542234829248e-02 1.3411542234829099e-02 0 5.0000000000000000e-01
47 0 0 4.6544492110262539e+00 5.8148503579327251e+00 1.3411542234827916e-02 1.3411542234827767e-02 0 5.0000000000000000e-01
48 0 0 4.6416656743375935e+00 5.8060781329823294e+00 1.3411542234829026e-02 1.3411542234828877e-02 0 5.0000000000000000e-01
49 0 0 4.6286789663639070e+00 5.7977004053264212e+00 1.3411542234828138e-02 1.3411542234827989e-02 0 5.0000000000000000e-01
50 0 0 4.6171066519565356e+00 5.7897079589112028e+00 1.3411542234829914e-02 1.3411542234829765e-02 0 5.0000000000000000e-01
51 0 0 4.6053258302445714e+00 5.7821026805985039e+00 1.3411542234829692e-02 1.3411542234829543e-02 0 5.0000000000000000e-01
52 0 0 4.5949273675246136e+00 5.7748754587080873e+00 1.3411542234828360e-02 1.3411542234828211e-02 0 5.0000000000000000e-01
53 0 0 4.5843162287271397e+00 5.7680281746976112e+00 1.3411542234828804e-02 1.3411542234828655e-02 0 5.0000000000000000e-01
54 0 0 4.5750568467521449e+00 5.7615518345875349e+00 1.3411542234829692e-02 1.3411542234829543e-02 0 5.0000000000000000e-01
55 0 0 4.5655816679778169e+00 5.7554483322910857e+00 1.3411542234829469e-02 1.3411542234829321e-02 0 5.0000000000000000e-01
56 0 0 4.5574289913345147e+00 5.7497088031001340e+00 1.3411542234829248e-02 1.3411542234829099e-02 0 5.0000000000000000e-01
57 0 0 4.5490583527769495e+00 5.7443351698542484e+00 1.3411542234829914e-02 1.3411542234829765e-02 0 5.0000000000000000e-01
58 0 0 4.5419822406560293e+00 5.7393187069003009e+00 1.3411542234828804e-02 1.3411542234828655e-02 0 5.0000000000000000e-01
59 0 0 4.5346868848163808e+00 5.7346613813812377e+00 1.3411542234828804e-02 1.3411542234828655e-02 0 5.0000000000000000e-01
60 0 0 4.5286593025840087e+00 5.7303546147319278e+00 1.3411542234829248e-02 1.3411542234829099e-02 0 5.0000000000000000e-01
61 0 0 4.5224120211466143e+00 5.7264004329006122e+00 1.3411542234829248e-02 1.3411542234829099e-02 0 5.0000000000000000e-01
62 0 0 4.5174069365907048e+00 5.7227904107698642e+00 1.3411542234830136e-02 1.3411542234829987e-02 0 5.0000000000000000e-01
63 0 0 4.5121824783970119e+00 5.7195266468771235e+00 1.3411542234828804e-02 1.3411542234828655e-02 0 5.0000000000000000e-01
64 0 0 4.5081757768897877e+00 5.7166008743409211e+00 1.3411542234828804e-02 1.3411542234828655e-02 0 5.0000000000000000e-01
65 0 0 4.5039507721753766e+00 5.7140152774640880e+00 1.3411542234829248e-02 1.3411542234829099e-02 0 5.0000000000000000e-01
66 0 0 4.5009201864909407e+00 5.7117617509338405e+00 1.3411542234829248e-02 1.3411542234829099e-02 0 5.0000000000000000e-01
67 0 0 4.4976730838036127e+00 5.7098425774627772e+00 1.3411542234827916e-02 1.3411542234827767e-02 0 5.0000000000000000e-01
68 0 0 4.4955981354268086e+00 5.7082498153071244e+00 1.3411542234828804e-02 1.3411542234828655e-02 0 5.0000000000000000e-01
69 0 0 4.4933091485650234e+00 5.7069858577532724e+00 1.3411542234828804e-02 1.3411542234828655e-02 0 5.0000000000000000e-01
70 0 0 4.1089159900681183e-01 5.7060429274196958e+00 1.3411542234830136e-02 1.3411542234829987e-02 0 2.5000000000000000e-01
71 0 0 4.1019750662946752e-01 3.7864762340512503e-02 1.3411542234828360e-02 1.3411542234828211e-02 0 1.0000000000000000e+00
72 0 0 4.0975125327738021e-01 5.5391740755648927e-02 1.3411542234829248e-02 1.3411542234829099e-02 0 5.0000000000000000e-01
73 0 0 4.0931773532281968e-01 5.5087314869197462e-02 1.3411542234829026e-02 1.3411542234828877e-02 0 5.0000000000000000e-01
74 0 0 4.0888564461386612e-01 5.4805735437207397e-02 1.3411542234827916e-02 1.3411542234827767e-02 0 5.0000000000000000e-01
75 0 0 4.0846473813498885e-01 5.4533252389789448e-02 1.3411542234829248e-02 1.3411542234829099e-02 0 5.0000000000000000e-01
76 0 0 4.0804468279491402e-01 5.4279644360366169e-02 1.3411542234829248e-02 1.3411542234829099e-02 0 5.0000000000000000e-01
77 0 0 4.0763491465507529e-01 5.4034079623220106e-02 1.3411542234829692e-02 1.3411542234829543e-02 0 5.0000000000000000e-01
78 0 0 4.0722544724472193e-01 5.3806672192954354e-02 1.3411542234829469e-02 1.3411542234829321e-02 0 5.0000000000000000e-01
79 0 0 4.0682547572184230e-01 5.3586702113263218e-02 1.3411542234829248e-02 1.3411542234829099e-02 0 5.0000000000000000e-01
80 0 0 4.0642529189381082e-01 5.3384359565886469e-02 1.3411542234829026e-02 1.3411542234828877e-02 0 5.0000000000000000e-01
81 0 0 4.0603387671085622e-01 5.3188953166832836e-02 1.3411542234828804e-02 1.3411542234828655e-02 0 5.0000000000000000e-01
82 0 0 4.0564177579650623e-01 5.3010713147958091e-02 1.3411542234828360e-02 1.3411542234828211e-02 0 5.0000000000000000e-01
83 0 0 4.0525776815292558e-01 5.2838956209250436e-02 1.3411542234828580e-02 1.3411542234828433e-02 0 5.0000000000000000e-01
84 0 0 4.0487263916142313e-01 5.2683941122838980e-02 1.3411542234829248e-02 1.3411542234829099e-02 0 5.0000000000000000e-01
85 0 0 4.0449497310529897e-01 5.2534985726938009e-02 1.3411542234829248e-02 1.3411542234829099e-02 0 5.0000000000000000e-01
86 0 0 4.0411578485579425e-01 5.2402371790658125e-02 1.3411542234830136e-02 1.3411542234829987e-02 0 5.0000000000000000e-01
87 0 0 4.0374346915758769e-01 5.2275415803473925e-02 1.3411542234829248e-02 1.3411542234829099e-02 0 5.0000000000000000e-01
88 0 0 4.0336926191501732e-01 5.2164418758138757e-02 1.3411542234829248e-02 1.3411542234829099e-02 0 5.0000000000000000e-01
89 0 0 4.0300137260017904e-01 5.2058695223152478e-02 1.3411542234829248e-02 1.3411542234829099e-02 0 5.0000000000000000e-01
90 0 0 4.0263125074053918e-01 5.1968562219632752e-02 1.3411542234829248e-02 1.3411542234829099e-02 0 5.0000000000000000e-01
91 0 0 4.0226692437126554e-01 5.1883332869231601e-02 1.3411542234829248e-02 1.3411542234829099e-02 0 5.0000000000000000e-01
92 0 0 4.0190004992541406e-01 5.1813337207626459e-02 1.3411542234829469e-02 1.3411542234829321e-02 0 5.0000000000000000e-01
93 0 0 4.0153847762794803e-01 5.1747888079051438e-02 1.3411542234829692e-02 1.3411542234829543e-02 0 5.0000000000000000e-01
94 0 0 4.0117406460320415e-01 5.1697325545511624e-02 1.3411542234829692e-02 1.3411542234829543e-02 0 5.0000000000000000e-01
95 0 0 4.0081448678922638e-01 5.1650963870667796e-02 1.3411542234828360e-02 1.3411542234828211e-02 0 5.0000000000000000e-01
96 0 0 4.0045179617811533e-01 5.1619150106437701e-02 1.3411542234829692e-02 1.3411542234829543e-02 0 5.0000000000000000e-01
97 0 0 4.0009349789147575e-01 5.1591202065304348e-02 1.3411542234828804e-02 1.3411542234828655e-02 0 5.0000000000000000e-01
98 0 0 3.9973183328395034e-01 5.1577470663201980e-02 1.3411542234828804e-02 1.3411542234828655e-02 0 5.0000000000000000e-01
99 0 0 3.9937414010192795e-01 5.1567279760876390e-02 1.3411542234829469e-02 1.3411542234829321e-02 0 5.0000000000000000e-01
100 0 0 3.9901284382594632e-01 5.1570980897219898e-02 1.3411542234829248e-02 1.3411542234829099e-02 0 5.0000000000000000e-01
101 0 0 3.9865511824887190e-01 5.1577906804043727e-02 1.3411542234829914e-02 1.3411542234829765e-02 0 5.0000000000000000e-01
102 0 0 3.9829356797335580e-01 5.1598406270635166e-02 1.3411542234828804e-02 1.3411542234828655e-02 0 5.0000000000000000e-01
103 0 0 3.9793520624355572e-01 5.1621824007847331e-02 1.3411542234829692e-02 1.3411542234829543e-02 0 5.0000000000000000e-01
104 0 0 3.9757281198669714e-01 5.1658502541635315e-02 1.3411542234829692e-02 1.3411542234829543e-02 0 5.0000000000000000e-01
105 0 0 3.9721324128526120e-01 5.1697801921880469e-02 1.3411542234827916e-02 1.3411542234827767e-02 0 5.0000000000000000e-01
106 0 0 3.9684944277932238e-01 5.1750054751930431e-02 1.3411542234829026e-02 1.3411542234828877e-02 0 5.0000000000000000e-01
107 0 0 3.9648811875634582e-01 5.1804640002850677e-02 1.3411542234829248e-02 1.3411542234829099e-02 0 5.0000000000000000e-01
108 0 0 3.9612238312724968e-01 5.1871876550498498e-02 1.3411542234827916e-02 1.3411542234827767e-02 0 5.0000000000000000e-01
109 0 0 3.9575878772754203e-01 5.1941166064055327e-02 1.3411542234829692e-02 1.3411542234829543e-02 0 5.0000000000000000e-01
110 0 0 3.9539060745373744e-01 5.2022809744923557e-02 1.3411542234829692e-02 1.3411542234829543e-02 0 5.0000000000000000e-01
111 0 0 3.9502424700552252e-01 5.2106235906718097e-02 1.3411542234830357e-02 1.3411542234830209e-02 0 5.0000000000000000e-01
112 0 0 3.9465313812585884e-01 5.2201723993787426e-02 1.3411542234829469e-02 1.3411542234829321e-02 0 5.0000000000000000e-01
113 0 0 3.9428354166467466e-01 5.2298733056267685e-02 1.3411542234828804e-02 1.3411542234828655e-02 0 5.0000000000000000e-01
114 0 0 3.9390904220941947e-01 5.2407516572013230e-02 1.3411542234829692e-02 1.3411542234829543e-02 0 5.0000000000000000e-01
115 0 0 3.9353576001343837e-01 5.2517568543579779e-02 1.3411542234829692e-02 1.3411542234829543e-02 0 5.0000000000000000e-01
116 0 0 3.9315742863627795e-01 5.2639112156648633e-02 1.3411542234828580e-02 1.3411542234828433e-02 0 5.0000000000000000e-01
117 0 0 3.9278003095257352e-01 5.2761680685533566e-02 1.3411542234829692e-02 1.3411542234829543e-02 0 5.0000000000000000e-01
118 0 0 3.9239744574455987e-01 5.2895462593780328e-02 1.3411542234829692e-02 1.3411542234829543e-02 0 5.0000000000000000e-01
119 0 0 3.9201552168869525e-01 5.3030034831408009e-02 1.3411542234828804e-02 1.3411542234828655e-02 0 5.0000000000000000e-01
120 0 0 3.9162827915764853e-01 5.3175546618471195e-02 1.3411542234828580e-02 1.3411542234828433e-02 0 5.0000000000000000e-01
121 0 0 3.9124143577126369e-01 5.3321623051912979e-02 1.3411542234829026e-02 1.3411542234828877e-02 0 5.0000000000000000e-01
122 0 0 3.9084914997234138e-01 5.3478369509024855e-02 1.3411542234829248e-02 1.3411542234829099e-02 0 5.0000000000000000e-01
123 0 0 3.9045701142541511e-01 5.3635463756274065e-02 1.3411542234829692e-02 1.3411542234829543e-02 0 5.0000000000000000e-01
124 0 0 3.9005931323032234e-01 5.3802962664758071e-02 1.3411542234829248e-02 1.3411542234829099e-02 0 5.0000000000000000e-01
125 0 0 3.8966152015638206e-01 5.3970601229943432e-02 1.3411542234829914e-02 1.3411542234829765e-02 0 5.0000000000000000e-01
126 0 0 3.8925805665021618e-01 5.4148383102942454e-02 1.3411542234829469e-02 1.3411542234829321e-02 0 5.0000000000000000e-01
127 0 0 3.8885426560417102e-01 5.4326105091378619e-02 1.3411542234829248e-02 1.3411542234829099e-02 0 5.0000000000000000e-01
128 0 0 3.8844469960012296e-01 5.4513712875855790e-02 1.3411542234828138e-02 1.3411542234827989e-02 0 5.0000000000000000e-01
129 0 0 3.8803458262946106e-01 5.4701069671046036e-02 1.3411542234828804e-02 1.3411542234828655e-02 0 5.0000000000000000e-01
130 0 0 3.8761859229262130e-01 5.4898058413094988e-02 1.3411542234829692e-02 1.3411542234829543e-02 0 5.0000000000000000e-01
131 0 0 3.8720183661368579e-01 5.5094613319553058e-02 1.3411542234829248e-02 1.3411542234829099e-02 0 5.0000000000000000e-01
132 0 0 3.8677911518603553e-01 5.5300549797587743e-02 1.3411542234829248e-02 1.3411542234829099e-02 0 5.0000000000000000e-01
133 0 0 3.8635542295782371e-01 5.5505877654675198e-02 1.3411542234828804e-02 1.3411542234828655e-02 0 5.0000000000000000e-01
134 0 0 3.8592567857717575e-01 5.5720339986236482e-02 1.3411542234828804e-02 1.3411542234828655e-02 0 5.0000000000000000e-01
135 0 0 3.8549476676571720e-01 5.5934026759196440e-02 1.3411542234828360e-02 1.3411542234828211e-02 0 5.0000000000000000e-01
136 0 0 3.8505772237190133e-01 5.6156603987941790e-02 1.3411542234829914e-02 1.3411542234829765e-02 0 5.0000000000000000e-01
137 0 0 3.8461932269874116e-01 5.6378246342998872e-02 1.3411542234829692e-02 1.3411542234829543e-02 0 5.0000000000000000e-01
138 0 0 3.8417471602077818e-01 5.6608538013010100e-02 1.3411542234829692e-02 1.3411542234829543e-02 0 5.0000000000000000e-01
139 0 0 3.8372857498947022e-01 5.6837742883846160e-02 1.3411542234829248e-02 1.3411542234829099e-02 0 5.0000000000000000e-01
140 0 0 3.8327615860774000e-01 5.7075358608731516e-02 1.3411542234829692e-02 1.3411542234829543e-02 0 5.0000000000000000e-01
141 0 0 3.8282203760251304e-01 5.7311742761893228e-02 1.3411542234828804e-02 1.3411542234828655e-02 0 5.0000000000000000e-01
142 0 0 3.8236157908020341e-01 5.7556301796322172e-02 1.3411542234829248e-02 1.3411542234829099e-02 0 5.0000000000000000e-01
143 0 0 3.8189925453115475e-01 5.7799491403199302e-02 1.3411542234829469e-02 1.3411542234829321e-02 0 5.0000000000000000e-01
144 0 0 3.8143053660940257e-01 5.8050622224521328e-02 1.3411542234829248e-02 1.3411542234829099e-02 0 5.0000000000000000e-01
145 0 0 3.8095980021866138e-01 5.8300252447486225e-02 1.3411542234829692e-02 1.3411542234829543e-02 0 5.0000000000000000e-01
146 0 0 3.8048262106983100e-01 5.8557592355000590e-02 1.3411542234830136e-02 1.3411542234829987e-02 0 5.0000000000000000e-01
147 0 0 3.8000328009319517e-01 5.8813306955165290e-02 1.3411542234829692e-02 1.3411542234829543e-02 0 5.0000000000000000e-01
148 0 0 3.7951745362682032e-01 5.9076501694415098e-02 1.3411542234829692e-02 1.3411542234829543e-02 0 5.0000000000000000e-01
149 0 0 3.7902933120532956e-01 5.9337952668236459e-02 1.3411542234829692e-02 1.3411542234829543e-02 0 5.0000000000000000e-01
150 0 0 3.7853468742111762e-01 5.9606656087460415e-02 1.3411542234828804e-02 1.3411542234828655e-02 0 5.0000000000000000e-01
151 0 0 3.7803762295696913e-01 5.9873503339156892e-02 1.3411542234827916e-02 1.3411542234827767e-02 0 5.0000000000000000e-01
152 0 0 3.7753400833923689e-01 6.0147377084735401e-02 1.3411542234829026e-02 1.3411542234828877e-02 0 5.0000000000000000e-01
153 0 0 3.7702785791031190e-01 6.0419288141159266e-02 1.3411542234829248e-02 1.3411542234829099e-02 0 5.0000000000000000e-01
154 0 0 3.7651513585804031e-01 6.0698001398556356e-02 1.3411542234830136e-02 1.3411542234829987e-02 0 5.0000000000000000e-01
155 0 0 3.7599977266517570e-01 6.0974651172822289e-02 1.3411542234829248e-02 1.3411542234829099e-02 0 5.0000000000000000e-01
156 0 0 3.7599586060679469e-01 6.1257880459167371e-02 1.3411542234828138e-02 1.3411542234827989e-02 0 1.0000000000000000e+00
157 0 0 3.7547231825275862e-01 1.1014936548809472e-01 1.3411542234830136e-02 1.3411542234829987e-02 0 5.0000000000000000e-01
158 0 0 3.7493856718594820e-01 1.1045585957027880e-01 1.3411542234828360e-02 1.3411542234828211e-02 0 5.0000000000000000e-01
159 0 0 3.7440602652640925e-01 1.1076499009007625e-01 1.3411542234829026e-02 1.3411542234828877e-02 0 5.0000000000000000e-01
160 0 0 3.7386336740055331e-01 1.1109111798332266e-01 1.3411542234828360e-02 1.3411542234828211e-02 0 5.0000000000000000e-01
161 0 0 3.7332177153338264e-01 1.1141986159704982e-01 1.3411542234829026e-02 1.3411542234828877e-02 0 5.0000000000000000e-01
162 0 0 3.7277015541211789e-01 1.1176540687481906e-01 1.3411542234829248e-02 1.3411542234829099e-02 0 5.0000000000000000e-01
163 0 0 3.7221946928941674e-01 1.1211356830147350e-01 1.3411542234828360e-02 1.3411542234828211e-02 0 5.0000000000000000e-01
164 0 0 3.7165886846774565e-01 1.1247834520495392e-01 1.3411542234829026e-02 1.3411542234828877e-02 0 5.0000000000000000e-01
165 0 0 3.7109907845037526e-01 1.1284576010251018e-01 1.3411542234828804e-02 1.3411542234828655e-02 0 5.0000000000000000e-01
166 0 0 3.7052948680916464e-01 1.1322961432845330e-01 1.3411542234829692e-02 1.3411542234829543e-02 0 5.0000000000000000e-01
167 0 0 3.6996060107938394e-01 1.1361615006166795e-01 1.3411542234829248e-02 1.3411542234829099e-02 0 5.0000000000000000e-01
168 0 0 3.6938203456609164e-01 1.1401895956810136e-01 1.3411542234828580e-02 1.3411542234828433e-02 0 5.0000000000000000e-01
169 0 0 3.6880408361604150e-01 1.1442451601655652e-01 1.3411542234829248e-02 1.3411542234829099e-02 0 5.0000000000000000e-01
170 0 0 3.6821658073687935e-01 1.1484619186638310e-01 1.3411542234829248e-02 1.3411542234829099e-02 0 5.0000000000000000e-01
171 0 0 3.6762961785755521e-01 1.1527070227691520e-01 1.3411542234829026e-02 1.3411542234828877e-02 0 5.0000000000000000e-01
172 0 0 3.6703324015345556e-01 1.1571118952720338e-01 1.3411542234829248e-02 1.3411542234829099e-02 0 5.0000000000000000e-01
173 0 0 3.6643734190238209e-01 1.1615462141488421e-01 1.3411542234829026e-02 1.3411542234828877e-02 0 5.0000000000000000e-01
174 0 0 3.6583217439581012e-01 1.1661390005587077e-01 1.3411542234829248e-02 1.3411542234829099e-02 0 5.0000000000000000e-01
175 0 0 3.6522744103164756e-01 1.1707625615634859e-01 1.3411542234829248e-02 1.3411542234829099e-02 0 5.0000000000000000e-01
176 0 0 3.6461359263490678e-01 1.1755434210245502e-01 1.3411542234828804e-02 1.3411542234828655e-02 0 5.0000000000000000e-01
177 0 0 3.6400014850995072e-01 1.1803566137726537e-01 1.3411542234828804e-02 1.3411542234828655e-02 0 5.0000000000000000e-01
178 0 0 3.6337775238686765e-01 1.1853260751122016e-01 1.3411542234829692e-02 1.3411542234829543e-02 0 5.0000000000000000e-01
179 0 0 3.6275574628939478e-01 1.1903296620660328e-01 1.3411542234828804e-02 1.3411542234828655e-02 0 5.0000000000000000e-01
180 0 0 3.6212496016279738e-01 1.1954886347665634e-01 1.3411542234829692e-02 1.3411542234829543e-02 0 5.0000000000000000e-01
181 0 0 3.6149456560177440e-01 1.2006837623535116e-01 1.3411542234829469e-02 1.3411542234829321e-02 0 5.0000000000000000e-01
182 0 0 3.6085557199962703e-01 1.2060335480449859e-01 1.3411542234829248e-02 1.3411542234829099e-02 0 5.0000000000000000e-01
183 0 0 3.6021698742474739e-01 1.2114217582889851e-01 1.3411542234828804e-02 1.3411542234828655e-02 0 5.0000000000000000e-01
184 0 0 3.5956999385823618e-01 1.2169640627394339e-01 1.3411542234828580e-02 1.3411542234828433e-02 0 5.0000000000000000e-01
185 0 0 3.5892344280874555e-01 1.2225473053791873e-01 1.3411542234828580e-02 1.3411542234828433e-02 0 5.0000000000000000e-01
186 0 0 3.5826868187606092e-01 1.2282842509510510e-01 1.3411542234829248e-02 1.3411542234829099e-02 0 5.0000000000000000e-01
187 0 0 3.5761441305236796e-01 1.2340648960070782e-01 1.3411542234830136e-02 1.3411542234829987e-02 0 5.0000000000000000e-01
188 0 0 3.5695214246261942e-01 1.2399990345357145e-01 1.3411542234829692e-02 1.3411542234829543e-02 0 5.0000000000000000e-01
189 0 0 3.5629042971538133e-01 1.2459798852776853e-01 1.3411542234829692e-02 1.3411542234829543e-02 0 5.0000000000000000e-01
190 0 0 3.5562093222772467e-01 1.2521142113178790e-01 1.3411542234828804e-02 1.3411542234828655e-02 0 5.0000000000000000e-01
191 0 0 3.5495207445984328e-01 1.2582985175732228e-01 1.3411542234830136e-02 1.3411542234829987e-02 0 5.0000000000000000e-01
192 0 0 3.5427565773375225e-01 1.2646364819493514e-01 1.3411542234830136e-02 1.3411542234829987e-02 0 5.0000000000000000e-01
193 0 0 3.5359997871161453e-01 1.2710279536844557e-01 1.3411542234829692e-02 1.3411542234829543e-02 0 5.0000000000000000e-01
194 0 0 3.5291697506518876e-01 1.2775734772704361e-01 1.3411542234829248e-02 1.3411542234829099e-02 0 5.0000000000000000e-01
195 0 0 3.5223482313651278e-01 1.2841762983667032e-01 1.3411542234828360e-02 1.3411542234828211e-02 0 5.0000000000000000e-01
196 0 0 3.5154558921073237e-01 1.2909337860132669e-01 1.3411542234828804e-02 1.3411542234828655e-02 0 5.0000000000000000e-01
197 0 0 3.5085733692742238e-01 1.2977526281522928e-01 1.3411542234829248e-02 1.3411542234829099e-02 0 5.0000000000000000e-01
198 0 0 3.5016225325544958e-01 1.3047269826717528e-01 1.3411542234829248e-02 1.3411542234829099e-02 0 5.0000000000000000e-01
199 0 0 3.4946829690115688e-01 1.3117670192373757e-01 1.3411542234828360e-02 1.3411542234828211e-02 0 5.0000000000000000e-01
200 0 0 3.4876776738301579e-01 1.3189636553500395e-01 1.3411542234828360e-02 1.3411542234828211e-02 0 5.0000000000000000e-01
201 0 0 3.4806852640628499e-01 1.3262305752497142e-01 1.3411542234829692e-02 1.3411542234829543e-02 0 5.0000000000000000e-01
202 0 0 3.4736297769056224e-01 1.3336554333917716e-01 1.3411542234829692e-02 1.3411542234829543e-02 0 5.0000000000000000e-01
203 0 0 3.4665889404588401e-01 1.3411554546965629e-01 1.3411542234829914e-02 1.3411542234829765e-02 0 5.0000000000000000e-01
204 0 0 3.4594877482147851e-01 1.3488150145868541e-01 1.3411542234829692e-02 1.3411542234829543e-02 0 5.0000000000000000e-01
205 0 0 3.4524031222191920e-01 1.3565548978878167e-01 1.3411542234829692e-02 1.3411542234829543e-02 0 5.0000000000000000e-01
206 0 0 3.4452609242425331e-01 1.3644561917505166e-01 1.3411542234829469e-02 1.3411542234829321e-02 0 5.0000000000000000e-01
207 0 0 3.4381373551073990e-01 1.3724432531301223e-01 1.3411542234828804e-02 1.3411542234828655e-02 0 5.0000000000000000e-01
208 0 0 3.4309590544829305e-01 1.3805938784723176e-01 1.3411542234828804e-02 1.3411542234828655e-02 0 5.0000000000000000e-01
209 0 0 3.4238015888206697e-01 1.3888360019925833e-01 1.3411542234828580e-02 1.3411542234828433e-02 0 5.0000000000000000e-01
210 0 0 3.4165922829042761e-01 1.3972441338398459e-01 1.3411542234827916e-02 1.3411542234827767e-02 0 5.0000000000000000e-01
211 0 0 3.4094061577653434e-01 1.4057497834543706e-01 1.3411542234828360e-02 1.3411542234828211e-02 0 5.0000000000000000e-01
212 0 0 3.4021711280856137e-01 1.4144241859542622e-01 1.3411542234829248e-02 1.3411542234829099e-02 0 5.0000000000000000e-01
213 0 0 3.3949617605955557e-01 1.4232024167592069e-01 1.3411542234829248e-02 1.3411542234829099e-02 0 5.0000000000000000e-01
214 0 0 3.3877064622144271e-01 1.4321524540716701e-01 1.3411542234829914e-02 1.3411542234829765e-02 0 5.0000000000000000e-01
215 0 0 3.3804794387171688e-01 1.4412129228209566e-01 1.3411542234828804e-02 1.3411542234828655e-02 0 5.0000000000000000e-01
216 0 0 3.3732094891595937e-01 1.4504485692260297e-01 1.3411542234829248e-02 1.3411542234829099e-02 0 5.0000000000000000e-01
217 0 0 3.3659705539817125e-01 1.4598015440486253e-01 1.3411542234828804e-02 1.3411542234828655e-02 0 5.0000000000000000e-01
218 0 0 3.3586917218541235e-01 1.4693333932156463e-01 1.3411542234829248e-02 1.3411542234829099e-02 0 5.0000000000000000e-01
219 0 0 3.3514467658146618e-01 1.4789897624875153e-01 1.3411542234829692e-02 1.3411542234829543e-02 0 5.0000000000000000e-01
220 0 0 3.3441649592405998e-01 1.4888290358657086e-01 1.3411542234829248e-02 1.3411542234829099e-02 0 5.0000000000000000e-01
221 0 0 3.3369200080382233e-01 1.4988003162054081e-01 1.3411542234829248e-02 1.3411542234829099e-02 0 5.0000000000000000e-01
222 0 0 3.3296412630464267e-01 1.5089588705131954e-01 1.3411542234828804e-02 1.3411542234828655e-02 0 5.0000000000000000e-01
223 0 0 3.3224024656621898e-01 1.5192572138883417e-01 1.3411542234828804e-02 1.3411542234828655e-02 0 5.0000000000000000e-01
224 0 0 3.3151329346667147e-01 1.5297475476976324e-01 1.3411542234828804e-02 1.3411542234828655e-02 0 5.0000000000000000e-01
225 0 0 3.3079065519237977e-01 1.5403857476486590e-01 1.3411542234829914e-02 1.3411542234829765e-02 0 5.0000000000000000e-01
226 0 0 3.3006524924387431e-01 1.5512210070802718e-01 1.3411542234829692e-02 1.3411542234829543e-02 0 5.0000000000000000e-01
227 0 0 3.2934448858623944e-01 1.5622125040879742e-01 1.3411542234829692e-02 1.3411542234829543e-02 0 5.0000000000000000e-01
228 0 0 3.2862126495940697e-01 1.5734064876547671e-01 1.3411542234829248e-02 1.3411542234829099e-02 0 5.0000000000000000e-01
229 0 0 3.2790302707143681e-01 1.5847653736985870e-01 1.3411542234829692e-02 1.3411542234829543e-02 0 5.0000000000000000e-01
230 0 0 3.2718262931717246e-01 1.5963325363534214e-01 1.3411542234828580e-02 1.3411542234828433e-02 0 5.0000000000000000e-01
231 0 0 3.2646756734088866e-01 1.6080735587274581e-01 1.3411542234829248e-02 1.3411542234829099e-02 0 5.0000000000000000e-01
232 0 0 3.2575064641691120e-01 1.6200290151932506e-01 1.3411542234829248e-02 1.3411542234829099e-02 0 5.0000000000000000e-01
233 0 0 3.2503942054362078e-01 1.6321675796667065e-01 1.3411542234829692e-02 1.3411542234829543e-02 0 5.0000000000000000e-01
234 0 0 3.2432663391969729e-01 1.6445271071450976e-01 1.3411542234828804e-02 1.3411542234828655e-02 0 5.0000000000000000e-01
235 0 0 3.2361991053478384e-01 1.6570792805720913e-01 1.3411542234829248e-02 1.3411542234829099e-02 0 5.0000000000000000e-01
236 0 0 3.2291192138889602e-01 1.6698593209450155e-01 1.3411542234829692e-02 1.3411542234829543e-02 0 5.0000000000000000e-01
237 0 0 3.2221037231311478e-01 1.6828418334455808e-01 1.3411542234828804e-02 1.3411542234828655e-02 0 5.0000000000000000e-01
238 0 0 3.2150784882998162e-01 1.6960594951001920e-01 1.3411542234830136e-02 1.3411542234829987e-02 0 5.0000000000000000e-01
239 0 0 3.2081215066814384e-01 1.7094897419490265e-01 1.3411542234828804e-02 1.3411542234828655e-02 0 5.0000000000000000e-01
240 0 0 3.2011576545041059e-01 1.7231628013701866e-01 1.3411542234830136e-02 1.3411542234829987e-02 0 5.0000000000000000e-01
241 0 0 3.1942659905732473e-01 1.7370588447421703e-01 1.3411542234828804e-02 1.3411542234828655e-02 0 5.0000000000000000e-01
242 0 0 3.1873702865855102e-01 1.7512057480281265e-01 1.3411542234829248e-02 1.3411542234829099e-02 0 5.0000000000000000e-01
243 0 0 3.1805507873079275e-01 1.7655863187594045e-01 1.3411542234828138e-02 1.3411542234827989e-02 0 5.0000000000000000e-01
244 0 0 3.1737300331816887e-01 1.7802261832248306e-01 1.3411542234829692e-02 1.3411542234829543e-02 0 5.0000000000000000e-01
245 0 0 3.1669895811904869e-01 1.7951106827552116e-01 1.3411542234828580e-02 1.3411542234828433e-02 0 5.0000000000000000e-01
246 0 0 3.1602506127245872e-01 1.8102632987914985e-01 1.3411542234829248e-02 1.3411542234829099e-02 0 5.0000000000000000e-01
247 0 0 3.1535961249628441e-01 1.8256718014580678e-01 1.3411542234829692e-02 1.3411542234829543e-02 0 5.0000000000000000e-01
248 0 0 3.1469458114910265e-01 1.8413576348234598e-01 1.3411542234828804e-02 1.3411542234828655e-02 0 5.0000000000000000e-01
249 0 0 3.1403842392954406e-01 1.8573108906763011e-01 1.3411542234828580e-02 1.3411542234828433e-02 0 5.0000000000000000e-01
250 0 0 3.1338294845531178e-01 1.8735510853882564e-01 1.3411542234828804e-02 1.3411542234828655e-02 0 5.0000000000000000e-01
251 0 0 3.1273678152154949e-01 1.8900705236975293e-01 1.3411542234830136e-02 1.3411542234829987e-02 0 5.0000000000000000e-01
252 0 0 3.1209155596953336e-01 1.9068869056966309e-01 1.3411542234829248e-02 1.3411542234829099e-02 0 5.0000000000000000e-01
253 0 0 3.1145608195269248e-01 1.9239946393156959e-01 1.3411542234829248e-02 1.3411542234829099e-02 0 5.0000000000000000e-01
254 0 0 3.1082180443427609e-01 1.9414097210647902e-01 1.3411542234829248e-02 1.3411542234829099e-02 0 5.0000000000000000e-01
255 0 0 3.1019773032570241e-01 1.9591285518072488e-01 1.3411542234828804e-02 1.3411542234828655e-02 0 5.0000000000000000e-01
256 0 0 3.0957510355261814e-01 1.9771655379813591e-01 1.3411542234828804e-02 1.3411542234828655e-02 0 5.0000000000000000e-01
257 0 0 3.0896314131466818e-01 1.9955189631605755e-01 1.3411542234830136e-02 1.3411542234829987e-02 0 5.0000000000000000e-01
258 0 0 3.0835287328932681e-01 2.0142017575731394e-01 1.3411542234830136e-02 1.3411542234829987e-02 0 5.0000000000000000e-01
259 0 0 3.0775374061865240e-01 2.0332139778420316e-01 1.3411542234828804e-02 1.3411542234828655e-02 0 5.0000000000000000e-01
260 0 0 3.0715654547618954e-01 2.0525671917410360e-01 1.3411542234828804e-02 1.3411542234828655e-02 0 5.0000000000000000e-01
261 0 0 3.0657096671896278e-01 2.0722631203572930e-01 1.3411542234829248e-02 1.3411542234829099e-02 0 5.0000000000000000e-01
262 0 0 3.0598756572019048e-01 2.0923120822118865e-01 1.3411542234829248e-02 1.3411542234829099e-02 0 5.0000000000000000e-01
263 0 0 3.0541627293834395e-01 2.1127173558403470e-01 1.3411542234829469e-02 1.3411542234829321e-02 0 5.0000000000000000e-01
264 0 0 3.0484739561252511e-01 2.1334881227244526e-01 1.3411542234828804e-02 1.3411542234828655e-02 0 5.0000000000000000e-01
265 0 0 3.0429112979992967e-01 2.1546291138740606e-01 1.3411542234828360e-02 1.3411542234828211e-02 0 5.0000000000000000e-01
266 0 0 3.0373751523625775e-01 2.1761484845388196e-01 1.3411542234828804e-02 1.3411542234828655e-02 0 5.0000000000000000e-01
267 0 0 3.0319702768377199e-01 2.1980523157171208e-01 1.3411542234828804e-02 1.3411542234828655e-02 0 5.0000000000000000e-01
268 0 0 3.0265942597047157e-01 2.2203478454294420e-01 1.3411542234829248e-02 1.3411542234829099e-02 0 5.0000000000000000e-01
269 0 0 3.0213547977896371e-01 2.2430424050830081e-01 1.3411542234829469e-02 1.3411542234829321e-02 0 5.0000000000000000e-01
270 0 0 3.0161465358931266e-01 2.2661424222929072e-01 1.3411542234830581e-02 1.3411542234830431e-02 0 5.0000000000000000e-01
271 0 0 3.0110802533014513e-01 2.2896563825880356e-01 1.3411542234829914e-02 1.3411542234829765e-02 0 5.0000000000000000e-01
272 0 0 3.0060475165507283e-01 2.3135900074733937e-01 1.3411542234829692e-02 1.3411542234829543e-02 0 5.0000000000000000e-01
273 0 0 3.0011623317806913e-01 2.3379528439579564e-01 1.3411542234829914e-02 1.3411542234829765e-02 0 5.0000000000000000e-01
274 0 0 2.9963130520566628e-01 2.3627500088822362e-01 1.3411542234829248e-02 1.3411542234829099e-02 0 5.0000000000000000e-01
275 0 0 2.9916170559522537e-01 2.3879920220570577e-01 1.3411542234828804e-02 1.3411542234828655e-02 0 5.0000000000000000e-01
276 0 0 2.9869593473823464e-01 2.4136834939631585e-01 1.3411542234829469e-02 1.3411542234829321e-02 0 5.0000000000000000e-01
277 0 0 2.9824608241911588e-01 2.4398358327797839e-01 1.3411542234829469e-02 1.3411542234829321e-02 0 5.0000000000000000e-01
278 0 0 2.9780030049230599e-01 2.4664532375322884e-01 1.3411542234829248e-02 1.3411542234829099e-02 0 5.0000000000000000e-01
279 0 0 2.9737104548752802e-01 2.4935479248238948e-01 1.3411542234829469e-02 1.3411542234829321e-02 0 5.0000000000000000e-01
280 0 0 2.9694610703796998e-01 2.5211237735021202e-01 1.3411542234828580e-02 1.3411542234828433e-02 0 5.0000000000000000e-01
281 0 0 2.9653832338227404e-01 2.5491937333453979e-01 1.3411542234827916e-02 1.3411542234827767e-02 0 5.0000000000000000e-01
282 0 0 2.9613510817649197e-01 2.5777614504812990e-01 1.3411542234828804e-02 1.3411542234828655e-02 0 5.0000000000000000e-01
283 0 0 2.9574969649006744e-01 2.6068405374796694e-01 1.3411542234829469e-02 1.3411542234829321e-02 0 5.0000000000000000e-01
284 0 0 2.9536911216334505e-01 2.6364344912276494e-01 1.3411542234829026e-02 1.3411542234828877e-02 0 5.0000000000000000e-01
285 0 0 2.9500700239159422e-01 2.6665575217000237e-01 1.3411542234829692e-02 1.3411542234829543e-02 0 5.0000000000000000e-01
286 0 0 2.9464998726589309e-01 2.6972130559200258e-01 1.3411542234829692e-02 1.3411542234829543e-02 0 5.0000000000000000e-01
287 0 0 2.9431214159241514e-01 2.7284158409745118e-01 1.3411542234829692e-02 1.3411542234829543e-02 0 5.0000000000000000e-01
288 0 0 2.9397966767073669e-01 2.7601693092055185e-01 1.3411542234829248e-02 1.3411542234829099e-02 0 5.0000000000000000e-01
289 0 0 2.9366708361198723e-01 2.7924886896740897e-01 1.3411542234830136e-02 1.3411542234829987e-02 0 5.0000000000000000e-01
290 0 0 2.9336015975831159e-01 2.8253774909720680e-01 1.3411542234829469e-02 1.3411542234829321e-02 0 5.0000000000000000e-01
291 0 0 2.9307387344980484e-01 2.8588513741797478e-01 1.3411542234828138e-02 1.3411542234827989e-02 0 5.0000000000000000e-01
292 0 0 2.9279354876522667e-01 2.8929139907921553e-01 1.3411542234829248e-02 1.3411542234829099e-02 0 5.0000000000000000e-01
293 0 0 2.9253463845055072e-01 2.9275813891331137e-01 1.3411542234828804e-02 1.3411542234828655e-02 0 5.0000000000000000e-01
294 0 0 2.9228200585758785e-01 2.9628574259812596e-01 1.3411542234829692e-02 1.3411542234829543e-02 0 5.0000000000000000e-01
295 0 0 2.9205159559298416e-01 2.9987584972739195e-01 1.3411542234829692e-02 1.3411542234829543e-02 0 5.0000000000000000e-01
296 0 0 2.9182779564155098e-01 3.0352887232144743e-01 1.3411542234829248e-02 1.3411542234829099e-02 0 5.0000000000000000e-01
297 0 0 2.9162705923023097e-01 3.0724648128081811e-01 1.3411542234829692e-02 1.3411542234829543e-02 0 5.0000000000000000e-01
298 0 0 2.9143328414023623e-01 3.1102912036459213e-01 1.3411542234828804e-02 1.3411542234828655e-02 0 5.0000000000000000e-01
299 0 0 2.9126344931216303e-01 3.1487848882530711e-01 1.3411542234829248e-02 1.3411542234829099e-02 0 5.0000000000000000e-01
300 0 0 2.9110094726917929e-01 3.1879506714783951e-01 1.3411542234828804e-02 1.3411542234828655e-02 0 5.0000000000000000e-01
301 0 0 2.9096330012348071e-01 3.2278058047075497e-01 1.3411542234829692e-02 1.3411542234829543e-02 0 5.0000000000000000e-01
302 0 0 2.9083337984546787e-01 3.2683555059342823e-01 1.3411542234829914e-02 1.3411542234829765e-02 0 5.0000000000000000e-01
303 0 0 2.9072926957423972e-01 3.3096172655019879e-01 1.3411542234829692e-02 1.3411542234829543e-02 0 5.0000000000000000e-01
304 0 0 2.9063330516881830e-01 3.3515967565831484e-01 1.3411542234827916e-02 1.3411542234827767e-02 0 5.0000000000000000e-01
305 0 0 2.9056414908256833e-01 3.3943116931846601e-01 1.3411542234829248e-02 1.3411542234829099e-02 0 5.0000000000000000e-01
306 0 0 2.9050358521592207e-01 3.4377682419865546e-01 1.3411542234829469e-02 1.3411542234829321e-02 0 5.0000000000000000e-01
307 0 0 2.9047087409248262e-01 3.4819843298082470e-01 1.3411542234828360e-02 1.3411542234828211e-02 0 5.0000000000000000e-01
308 0 0 2.9044723149249352e-01 3.5269666516257547e-01 1.3411542234828804e-02 1.3411542234828655e-02 0 5.0000000000000000e-01
309 0 0 2.7491198375687492e-01 3.5727333404845812e-01 1.3411542234829248e-02 1.3411542234829099e-02 0 2.5000000000000000e-01
310 0 0 2.7409526659438410e-01 6.5732141194322996e-02 1.3411542234828360e-02 1.3411542234828211e-02 0 1.0000000000000000e+00
311 0 0 2.7335392959082228e-01 6.5726584332733318e-02 1.3411542234830581e-02 1.3411542234830431e-02 0 1.0000000000000000e+00
312 0 0 2.7307918655174196e-01 6.8586749271078593e-02 1.3411542234829248e-02 1.3411542234829099e-02 0 1.0000000000000000e+00
313 0 0 2.7272182991766003e-01 9.2877476027020081e-02 1.3411542234828804e-02 1.3411542234828655e-02 0 5.0000000000000000e-01
314 0 0 2.7237072688456937e-01 9.3427117941345922e-02 1.3411542234828804e-02 1.3411542234828655e-02 0 5.0000000000000000e-01
315 0 0 2.7202819110892484e-01 9.3993669562045690e-02 1.3411542234829692e-02 1.3411542234829543e-02 0 5.0000000000000000e-01
316 0 0 2.7169189557598106e-01 9.4577444810414579e-02 1.3411542234829248e-02 1.3411542234829099e-02 0 5.0000000000000000e-01
317 0 0 2.7136427705557697e-01 9.5178948391533361e-02 1.3411542234829248e-02 1.3411542234829099e-02 0 5.0000000000000000e-01
318 0 0 2.7104288226509077e-01 9.5798518940621954e-02 1.3411542234829692e-02 1.3411542234829543e-02 0 5.0000000000000000e-01
319 0 0 2.7073027166360009e-01 9.6436648214577647e-02 1.3411542234828804e-02 1.3411542234828655e-02 0 5.0000000000000000e-01
320 0 0 2.7042386341797009e-01 9.7093697283032326e-02 1.3411542234828360e-02 1.3411542234828211e-02 0 5.0000000000000000e-01
321 0 0 2.7012634459842855e-01 9.7770146337223876e-02 1.3411542234829914e-02 1.3411542234829765e-02 0 5.0000000000000000e-01
322 0 0 2.6983500174923403e-01 9.8466376614551196e-02 1.3411542234829248e-02 1.3411542234829099e-02 0 5.0000000000000000e-01
323 0 0 2.6955265196761558e-01 9.9182858203914689e-02 1.3411542234828804e-02 1.3411542234828655e-02 0 5.0000000000000000e-01
324 0 0 2.6927644681073526e-01 9.9919990260037728e-02 1.3411542234829692e-02 1.3411542234829543e-02 0 5.0000000000000000e-01
325 0 0 2.6900933706540120e-01 1.0067823430462931e-01 1.3411542234829914e-02 1.3411542234829765e-02 0 5.0000000000000000e-01
326 0 0 2.6874833575189527e-01 1.0145800519641478e-01 1.3411542234829692e-02 1.3411542234829543e-02 0 5.0000000000000000e-01
327 0 0 2.6849653119818540e-01 1.0225975749516898e-01 1.3411542234829248e-02 1.3411542234829099e-02 0 5.0000000000000000e-01
328 0 0 2.6825079417958153e-01 1.0308391960681930e-01 1.3411542234828580e-02 1.3411542234828433e-02 0 5.0000000000000000e-01
329 0 0 2.6801435459336870e-01 1.0393094080410134e-01 1.3411542234829692e-02 1.3411542234829543e-02 0 5.0000000000000000e-01
330 0 0 2.6778393710766640e-01 1.0480126095783507e-01 1.3411542234828804e-02 1.3411542234828655e-02 0 5.0000000000000000e-01
331 0 0 2.6756291739540394e-01 1.0569532579747115e-01 1.3411542234829692e-02 1.3411542234829543e-02 0 5.0000000000000000e-01
332 0 0 2.6734786999760707e-01 1.0661358466735743e-01 1.3411542234829692e-02 1.3411542234829543e-02 0 5.0000000000000000e-01
333 0 0 2.6714232075393457e-01 1.0755648156460206e-01 1.3411542234829914e-02 1.3411542234829765e-02 0 5.0000000000000000e-01
334 0 0 2.6694268989418773e-01 1.0852447342141960e-01 1.3411542234828138e-02 1.3411542234827989e-02 0 5.0000000000000000e-01
335 0 0 2.6675265800921061e-01 1.0951800437788793e-01 1.3411542234829026e-02 1.3411542234828877e-02 0 5.0000000000000000e-01
336 0 0 2.6656848666143657e-01 1.1053753718698844e-01 1.3411542234829914e-02 1.3411542234829765e-02 0 5.0000000000000000e-01
337 0 0 2.6639401598018764e-01 1.1158351806738769e-01 1.3411542234829692e-02 1.3411542234829543e-02 0 5.0000000000000000e-01
338 0 0 2.6622534432393569e-01 1.1265641395511336e-01 1.3411542234829248e-02 1.3411542234829099e-02 0 5.0000000000000000e-01
339 0 0 2.6606647636057323e-01 1.1375667513802470e-01 1.3411542234829248e-02 1.3411542234829099e-02 0 5.0000000000000000e-01
340 0 0 2.6591334251879795e-01 1.1488477123554169e-01 1.3411542234828804e-02 1.3411542234828655e-02 0 5.0000000000000000e-01
341 0 0 2.6577011722813015e-01 1.1604115864379458e-01 1.3411542234829248e-02 1.3411542234829099e-02 0 5.0000000000000000e-01
342 0 0 2.6563255806340402e-01 1.1722630831054771e-01 1.3411542234829469e-02 1.3411542234829321e-02 0 5.0000000000000000e-01
343 0 0 2.6550501467233251e-01 1.1844068482018096e-01 1.3411542234828360e-02 1.3411542234828211e-02 0 5.0000000000000000e-01
344 0 0 2.6538306664416300e-01 1.1968475924277681e-01 1.3411542234828804e-02 1.3411542234828655e-02 0 5.0000000000000000e-01
345 0 0 2.6527124454551881e-01 1.2095900646337199e-01 1.3411542234829692e-02 1.3411542234829543e-02 0 5.0000000000000000e-01
346 0 0 2.6516494463119344e-01 1.2226389661977405e-01 1.3411542234829248e-02 1.3411542234829099e-02 0 5.0000000000000000e-01
347 0 0 2.6506888434255793e-01 1.2359991703334666e-01 1.3411542234830136e-02 1.3411542234829987e-02 0 5.0000000000000000e-01
348 0 0 2.6497827102412191e-01 1.2496753600699728e-01 1.3411542234829692e-02 1.3411542234829543e-02 0 5.0000000000000000e-01
349 0 0 2.6489801521408440e-01 1.2636725544771987e-01 1.3411542234828804e-02 1.3411542234828655e-02 0 5.0000000000000000e-01
350 0 0 2.6482312953392362e-01 1.2779954107172292e-01 1.3411542234829248e-02 1.3411542234829099e-02 0 5.0000000000000000e-01
351 0 0 2.6475872411840273e-01 1.2926491152470279e-01 1.3411542234829469e-02 1.3411542234829321e-02 0 5.0000000000000000e-01
352 0 0 2.6469961080602156e-01 1.3076382933258174e-01 1.3411542234828360e-02 1.3411542234828211e-02 0 5.0000000000000000e-01
353 0 0 2.6465110611719955e-01 1.3229683202675269e-01 1.3411542234828804e-02 1.3411542234828655e-02 0 5.0000000000000000e-01
354 0 0 2.6460781478984591e-01 1.3386437848362082e-01 1.3411542234829026e-02 1.3411542234828877e-02 0 5.0000000000000000e-01
355 0 0 2.6457526682041865e-01 1.3546702725157714e-01 1.3411542234830136e-02 1.3411542234829987e-02 0 5.0000000000000000e-01
356 0 0 2.6454785326027336e-01 1.3710523323778409e-01 1.3411542234828804e-02 1.3411542234828655e-02 0 5.0000000000000000e-01
357 0 0 2.6453132498581433e-01 1.3877957811407279e-01 1.3411542234829248e-02 1.3411542234829099e-02 0 5.0000000000000000e-01
358 0 0 2.6451985249657972e-01 1.4049051263251158e-01 1.3411542234829469e-02 1.3411542234829321e-02 0 5.0000000000000000e-01
359 0 0 2.6233343002187043e-01 1.4223864366143021e-01 1.3411542234829026e-02 1.3411542234828877e-02 0 2.5000000000000000e-01
360 0 0 2.6220891550726699e-01 5.3620332569006057e-02 1.3411542234830136e-02 1.3411542234829987e-02 0 1.0000000000000000e+00
361 0 0 2.6211642761972342e-01 5.3167605146110797e-02 1.3411542234829248e-02 1.3411542234829099e-02 0 1.0000000000000000e+00
362 0 0 2.6207387888391376e-01 5.3370065820240072e-02 1.3411542234829248e-02 1.3411542234829099e-02 0 5.0000000000000000e-01
363 0 0 2.6203721635197674e-01 5.3132464396163516e-02 1.3411542234828360e-02 1.3411542234828211e-02 0 5.0000000000000000e-01
364 0 0 2.6200592834458680e-01 5.2895429398358756e-02 1.3411542234829469e-02 1.3411542234829321e-02 0 5.0000000000000000e-01
365 0 0 2.6198042684271972e-01 5.2659074633189668e-02 1.3411542234829692e-02 1.3411542234829543e-02 0 5.0000000000000000e-01
366 0 0 2.6196018180789649e-01 5.2423441812271619e-02 1.3411542234828360e-02 1.3411542234828211e-02 0 5.0000000000000000e-01
367 0 0 2.6194562122224896e-01 5.2188651523753786e-02 1.3411542234829026e-02 1.3411542234828877e-02 0 5.0000000000000000e-01
368 0 0 2.6193619597680251e-01 5.1954744849296408e-02 1.3411542234830136e-02 1.3411542234829987e-02 0 5.0000000000000000e-01
369 0 0 2.6193235074418214e-01 5.1721849788111611e-02 1.3411542234828804e-02 1.3411542234828655e-02 0 5.0000000000000000e-01
370 0 0 2.6191801959058514e-01 5.1490006543204861e-02 1.3411542234828360e-02 1.3411542234828211e-02 0 2.5000000000000000e-01
371 0 0 2.6191801959058481e-01 5.0249737829919455e-02 1.3411542234828360e-02 1.3411542234828211e-02 0 4.6566128730773926e-10
372 0 0 2.6191801959058481e-01 5.0249737829667192e-02 1.3411542234828804e-02 1.3411542234828655e-02 0 9.0949470177292824e-13
373 0 0 2.6191801959058481e-01 5.0249737829667192e-02 1.3411542234828804e-02 1.3411542234828655e-02 0 9.0949470177292824e-13
374 0 0 2.6191801959058481e-01 5.0249737829667192e-02 1.3411542234828804e-02 1.3411542234828655e-02 0 9.0949470177292824e-13
375 0 0 2.6191801959058481e-01 5.0249737829667192e-02 1.3411542234828804e-02 1.3411542234828655e-02 0 9.0949470177292824e-13
376 0 0 2.6191801959058481e-01 5.0249737829667192e-02 1.3411542234828804e-02 1.3411542234828655e-02 0 9.0949470177292824e-13
377 0 0 2.6191801959058481e-01 5.0249737829667192e-02 1.3411542234828804e-02 1.3411542234828655e-02 0 9.0949470177292824e-13
378 0 0 2.6191801959058481e-01 5.0249737829667192e-02 1.3411542234828804e-02 1.3411542234828655e-02 0 9.0949470177292824e-13
379 0 0 2.6191801959058481e-01 5.0249737829667192e-02 1.3411542234828804e-02 1.3411542234828655e-02 0 9.0949470177292824e-13
380 0 0 2.6191801959058481e-01 5.0249737829667192e-02 1.3411542234828804e-02 1.3411542234828655e-02 0 9.0949470177292824e-13
381 0 0 2.6191801959058481e-01 5.0249737829667192e-02 1.3411542234828804e-02 1.3411542234828655e-02 0 9.0949470177292824e-13
382 0 0 2.6191801959058481e-01 5.0249737829667192e-02 1.3411542234828804e-02 1.3411542234828655e-02 0 9.0949470177292824e-13
383 0 0 2.6191801959058481e-01 5.0249737829667192e-02 1.3411542234828804e-02 1.3411542234828655e-02 0 9.0949470177292824e-13
384 0 0 2.6191801959058481e-01 5.0249737829667192e-02 1.3411542234828804e-02 1.3411542234828655e-02 0 9.0949470177292824e-13
385 0 0 2.6191801959058481e-01 5.0249737829667192e-02 1.3411542234828804e-02 1.3411542234828655e-02 0 9.0949470177292824e-13
386 0 0 2.6191801959058481e-01 5.0249737829667192e-02 1.3411542234828804e-02 1.3411542234828655e-02 0 9.0949470177292824e-13
387 0 0 2.6191801959058481e-01 5.0249737829667192e-02 1.3411542234828804e-02 1.3411542234828655e-02 0 9.0949470177292824e-13
388 0 0 2.6191801959058481e-01 5.0249737829667192e-02 1.3411542234828804e-02 1.3411542234828655e-02 0 9.0949470177292824e-13
389 0 0 2.6191801959058481e-01 5.0249737829667192e-02 1.3411542234828804e-02 1.3411542234828655e-02 0 9.0949470177292824e-13
390 0 0 2.6191801959058481e-01 5.0249737829667192e-02 1.3411542234828804e-02 1.3411542234828655e-02 0 9.0949470177292824e-13
391 0 0 2.6191801959058481e-01 5.0249737829667192e-02 1.3411542234828804e-02 1.3411542234828655e-02 0 9.0949470177292824e-13
392 0 0 2.6191801959058481e-01 5.0249737829667192e-02 1.3411542234828804e-02 1.3411542234828655e-02 0 9.0949470177292824e-13
393 0 0 2.6191801959058481e-01 5.0249737829667192e-02 1.3411542234828804e-02 1.3411542234828655e-02 0 9.0949470177292824e-13
394 0 0 2.6191801959058481e-01 5.0249737829667192e-02 1.3411542234828804e-02 1.3411542234828655e-02 0 9.0949470177292824e-13
395 0 0 2.6191801959058481e-01 5.0249737829667192e-02 1.3411542234828804e-02 1.3411542234828655e-02 0 9.0949470177292824e-13
396 0 0 2.6191801959058481e-01 5.0249737829667192e-02 1.3411542234828804e-02 1.3411542234828655e-02 0 9.0949470177292824e-13
397 0 0 2.6191801959058481e-01 5.0249737829667192e-02 1.3411542234828804e-02 1.3411542234828655e-02 0 9.0949470177292824e-13
398 0 0 2.6191801959058481e-01 5.0249737829667192e-02 1.3411542234828804e-02 1.3411542234828655e-02 0 9.0949470177292824e-13
399 0 0 2.6191801959058481e-01 5.0249737829667192e-02 1.3411542234828804e-02 1.3411542234828655e-02 0 9.0949470177292824e-13
400 0 0 2.6191801959058481e-01 5.0249737829667192e-02 1.3411542234828804e-02 1.3411542234828655e-02 0 9.0949470177292824e-13
401 0 0 2.6191801959058481e-01 5.0249737829667192e-02 1.3411542234828804e-02 1.3411542234828655e-02 0 9.0949470177292824e-13
402 0 0 2.6191801959058481e-01 5.0249737829667192e-02 1.3411542234828804e-02 1.3411542234828655e-02 0 9.0949470177292824e-13
403 0 0 2.6191801959058481e-01 5.0249737829667192e-02 1.3411542234828804e-02 1.3411542234828655e-02 0 9.0949470177292824e-13
404 0 0 2.6191801959058481e-01 5.0249737829667192e-02 1.3411542234828804e-02 1.3411542234828655e-02 0 9.0949470177292824e-13
405 0 0 2.6191801959058481e-01 5.0249737829667192e-02 1.3411542234828804e-02 1.3411542234828655e-02 0 9.0949470177292824e-13
406 0 0 2.6191801959058481e-01 5.0249737829667192e-02 1.3411542234828804e-02 1.3411542234828655e-02 0 9.0949470177292824e-13
407 0 0 2.6191801959058481e-01 5.0249737829667192e-02 1.3411542234828804e-02 1.3411542234828655e-02 0 9.0949470177292824e-13
408 0 0 2.6191801959058481e-01 5.0249737829667192e-02 1.3411542234828804e-02 1.3411542234828655e-02 0 9.0949470177292824e-13
409 0 0 2.6191801959058481e-01 5.0249737829667192e-02 1.3411542234828804e-02 1.3411542234828655e-02 0 9.0949470177292824e-13
410 0 0 2.6191801959058481e-01 5.0249737829667192e-02 1.3411542234828804e-02 1.3411542234828655e-02 0 9.0949470177292824e-13
411 0 0 2.6191801959058481e-01 5.0249737829667192e-02 1.3411542234828804e-02 1.3411542234828655e-02 0 9.0949470177292824e-13
412 0 0 2.6191801959058481e-01 5.0249737829667192e-02 1.3411542234828804e-02 1.3411542234828655e-02 0 9.0949470177292824e-13
413 0 0 2.6191801959058481e-01 5.0249737829667192e-02 1.3411542234828804e-02 1.3411542234828655e-02 0 9.0949470177292824e-13
414 0 0 2.6191801959058481e-01 5.0249737829667192e-02 1.3411542234828804e-02 1.3411542234828655e-02 0 9.0949470177292824e-13
415 0 0 2.6191801959058481e-01 5.0249737829667192e-02 1.3411542234828804e-02 1.3411542234828655e-02 0 9.0949470177292824e-13
416 0 0 2.6191801959058481e-01 5.0249737829667192e-02 1.3411542234828804e-02 1.3411542234828655e-02 0 9.0949470177292824e-13
417 0 0 2.6191801959058481e-01 5.0249737829667192e-02 1.3411542234828804e-02 1.3411542234828655e-02 0 9.0949470177292824e-13
418 0 0 2.6191801959058481e-01 5.0249737829667192e-02 1.3411542234828804e-02 1.3411542234828655e-02 0 9.0949470177292824e-13
419 0 0 2.6191801959058481e-01 5.0249737829667192e-02 1.3411542234828804e-02 1.3411542234828655e-02 0 9.0949470177292824e-13
420 0 0 2.6191801959058481e-01 5.0249737829667192e-02 1.3411542234828804e-02 1.3411542234828655e-02 0 9.0949470177292824e-13
421 0 0 2.6191801959058481e-01 5.0249737829667192e-02 1.3411542234828804e-02 1.3411542234828655e-02 0 9.0949470177292824e-13
422 0 0 2.6191801959058481e-01 5.0249737829667192e-02 1.3411542234828804e-02 1.3411542234828655e-02 0 9.0949470177292824e-13
423 0 0 2.6191801959058481e-01 5.0249737829667192e-02 1.3411542234828804e-02 1.3411542234828655e-02 0 9.0949470177292824e-13
424 0 0 2.6191801959058481e-01 5.0249737829667192e-02 1.3411542234828804e-02 1.3411542234828655e-02 0 9.0949470177292824e-13
425 0 0 2.6191801959058481e-01 5.0249737829667192e-02 1.3411542234828804e-02 1.3411542234828655e-02 0 9.0949470177292824e-13
426 0 0 2.6191801959058481e-01 5.0249737829667192e-02 1.3411542234828804e-02 1.3411542234828655e-02 0 9.0949470177292824e-13
427 0 0 2.6191801959058481e-01 5.0249737829667192e-02 1.3411542234828804e-02 1.3411542234828655e-02 0 9.0949470177292824e-13
428 0 0 2.6191801959058481e-01 5.0249737829667192e-02 1.3411542234828804e-02 1.3411542234828655e-02 0 9.0949470177292824e-13
429 0 0 2.6191801959058481e-01 5.0249737829667192e-02 1.3411542234828804e-02 1.3411542234828655e-02 0 9.0949470177292824e-13
430 0 0 2.6191801959058481e-01 5.0249737829667192e-02 1.3411542234828804e-02 1.3411542234828655e-02 0 9.0949470177292824e-13
431 0 0 2.6191801959058481e-01 5.0249737829667192e-02 1.3411542234828804e-02 1.3411542234828655e-02 0 9.0949470177292824e-13
432 0 0 2.6191801959058481e-01 5.0249737829667192e-02 1.3411542234828804e-02 1.3411542234828655e-02 0 9.0949470177292824e-13
433 0 0 2.6191801959058481e-01 5.0249737829667192e-02 1.3411542234828804e-02 1.3411542234828655e-02 0 9.0949470177292824e-13
434 0 0 2.6191801959058481e-01 5.0249737829667192e-02 1.3411542234828804e-02 1.3411542234828655e-02 0 9.0949470177292824e-13
435 0 0 2.6191801959058481e-01 5.0249737829667192e-02 1.3411542234828804e-02 1.3411542234828655e-02 0 9.0949470177292824e-13
436 0 0 2.6191801959058481e-01 5.0249737829667192e-02 1.3411542234828804e-02 1.3411542234828655e-02 0 9.0949470177292824e-13
437 0 0 2.6191801959058481e-01 5.0249737829667192e-02 1.3411542234828804e-02 1.3411542234828655e-02 0 9.0949470177292824e-13
438 0 0 2.6191801959058481e-01 5.0249737829667192e-02 1.3411542234828804e-02 1.3411542234828655e-02 0 9.0949470177292824e-13
439 0 0 2.6191801959058481e-01 5.0249737829667192e-02 1.3411542234828804e-02 1.3411542234828655e-02 0 9.0949470177292824e-13
440 0 0 2.6191801959058481e-01 5.0249737829667192e-02 1.3411542234828804e-02 1.3411542234828655e-02 0 9.0949470177292824e-13
441 0 0 2.6191801959058481e-01 5.0249737829667192e-02 1.3411542234828804e-02 1.3411542234828655e-02 0 9.0949470177292824e-13
442 0 0 2.6191801959058481e-01 5.0249737829667192e-02 1.3411542234828804e-02 1.3411542234828655e-02 0 9.0949470177292824e-13
443 0 0 2.6191801959058481e-01 5.0249737829667192e-02 1.3411542234828804e-02 1.3411542234828655e-02 0 9.0949470177292824e-13
444 0 0 2.6191801959058481e-01 5.0249737829667192e-02 1.3411542234828804e-02 1.3411542234828655e-02 0 9.0949470177292824e-13
445 0 0 2.6191801959058481e-01 5.0249737829667192e-02 1.3411542234828804e-02 1.3411542234828655e-02 0 9.0949470177292824e-13
446 0 0 2.6191801959058481e-01 5.0249737829667192e-02 1.3411542234828804e-02 1.3411542234828655e-02 0 9.0949470177292824e-13
447 0 0 2.6191801959058481e-01 5.0249737829667192e-02 1.3411542234828804e-02 1.3411542234828655e-02 0 9.0949470177292824e-13
448 0 0 2.6191801959058481e-01 5.0249737829667192e-02 1.3411542234828804e-02 1.3411542234828655e-02 0 9.0949470177292824e-13
449 0 0 2.6191801959058481e-01 5.0249737829667192e-02 1.3411542234828804e-02 1.3411542234828655e-02 0 9.0949470177292824e-13
450 0 0 2.6191801959058481e-01 5.0249737829667192e-02 1.3411542234828804e-02 1.3411542234828655e-02 0 9.0949470177292824e-13
451 0 0 2.6191801959058481e-01 5.0249737829667192e-02 1.3411542234828804e-02 1.3411542234828655e-02 0 9.0949470177292824e-13
452 0 0 2.6191801959058481e-01 5.0249737829667192e-02 1.3411542234828804e-02 1.3411542234828655e-02 0 9.0949470177292824e-13
453 0 0 2.6191801959058481e-01 5.0249737829667192e-02 1.3411542234828804e-02 1.3411542234828655e-02 0 9.0949470177292824e-13
454 0 0 2.6191801959058481e-01 5.0249737829667192e-02 1.3411542234828804e-02 1.3411542234828655e-02 0 9.0949470177292824e-13
455 0 0 2.6191801959058481e-01 5.0249737829667192e-02 1.3411542234828804e-02 1.3411542234828655e-02 0 9.0949470177292824e-13
456 0 0 2.6191801959058481e-01 5.0249737829667192e-02 1.3411542234828804e-02 1.3411542234828655e-02 0 9.0949470177292824e-13
457 0 0 2.6191801959058481e-01 5.0249737829667192e-02 1.3411542234828804e-02 1.3411542234828655e-02 0 9.0949470177292824e-13
458 0 0 2.6191801959058481e-01 5.0249737829667192e-02 1.3411542234828804e-02 1.3411542234828655e-02 0 9.0949470177292824e-13
459 0 0 2.6191801959058481e-01 5.0249737829667192e-02 1.3411542234828804e-02 1.3411542234828655e-02 0 9.0949470177292824e-13
460 0 0 2.6191801959058481e-01 5.0249737829667192e-02 1.3411542234828804e-02 1.3411542234828655e-02 0 9.0949470177292824e-13
461 0 0 2.6191801959058481e-01 5.0249737829667192e-02 1.3411542234828804e-02 1.3411542234828655e-02 0 9.0949470177292824e-13
462 0 0 2.6191801959058481e-01 5.0249737829667192e-02 1.3411542234828804e-02 1.3411542234828655e-02 0 9.0949470177292824e-13
463 0 0 2.6191801959058481e-01 5.0249737829667192e-02 1.3411542234828804e-02 1.3411542234828655e-02 0 9.0949470177292824e-13
464 0 0 2.6191801959058481e-01 5.0249737829667192e-02 1.3411542234828804e-02 1.3411542234828655e-02 0 9.0949470177292824e-13
465 0 0 2.6191801959058481e-01 5.0249737829667192e-02 1.3411542234828804e-02 1.3411542234828655e-02 0 9.0949470177292824e-13
466 0 0 2.6191801959058481e-01 5.0249737829667192e-02 1.3411542234828804e-02 1.3411542234828655e-02 0 9.0949470177292824e-13
467 0 0 2.6191801959058481e-01 5.0249737829667192e-02 1.3411542234828804e-02 1.3411542234828655e-02 0 9.0949470177292824e-13
468 0 0 2.6191801959058481e-01 5.0249737829667192e-02 1.3411542234828804e-02 1.3411542234828655e-02 0 9.0949470177292824e-13
469 0 0 2.6191801959058481e-01 5.0249737829667192e-02 1.3411542234828804e-02 1.3411542234828655e-02 0 9.0949470177292824e-13
470 0 0 2.6191801959058481e-01 5.0249737829667192e-02 1.3411542234828804e-02 1.3411542234828655e-02 0 9.0949470177292824e-13
471 0 0 2.6191801959058481e-01 5.0249737829667192e-02 1.3411542234828804e-02 1.3411542234828655e-02 0 9.0949470177292824e-13
472 0 0 2.6191801959058481e-01 5.0249737829667192e-02 1.3411542234828804e-02 1.3411542234828655e-02 0 9.0949470177292824e-13
473 0 0 2.6191801959058481e-01 5.0249737829667192e-02 1.3411542234828804e-02 1.3411542234828655e-02 0 9.0949470177292824e-13
474 0 0 2.6191801959058481e-01 5.0249737829667192e-02 1.3411542234828804e-02 1.3411542234828655e-02 0 9.0949470177292824e-13
475 0 0 2.6191801959058481e-01 5.0249737829667192e-02 1.3411542234828804e-02 1.3411542234828655e-02 0 9.0949470177292824e-13
476 0 0 2.6191801959058481e-01 5.0249737829667192e-02 1.3411542234828804e-02 1.3411542234828655e-02 0 9.0949470177292824e-13
477 0 0 2.6191801959058481e-01 5.0249737829667192e-02 1.3411542234828804e-02 1.3411542234828655e-02 0 9.0949470177292824e-13
478 0 0 2.6191801959058481e-01 5.0249737829667192e-02 1.3411542234828804e-02 1.3411542234828655e-02 0 9.0949470177292824e-13
479 0 0 2.6191801959058481e-01 5.0249737829667192e-02 1.3411542234828804e-02 1.3411542234828655e-02 0 9.0949470177292824e-13
480 0 0 2.6191801959058481e-01 5.0249737829667192e-02 1.3411542234828804e-02 1.3411542234828655e-02 0 9.0949470177292824e-13
481 0 0 2.6191801959058481e-01 5.0249737829667192e-02 1.3411542234828804e-02 1.3411542234828655e-02 0 9.0949470177292824e-13
482 0 0 2.6191801959058481e-01 5.0249737829667192e-02 1.3411542234828804e-02 1.3411542234828655e-02 0 9.0949470177292824e-13
483 0 0 2.6191801959058481e-01 5.0249737829667192e-02 1.3411542234828804e-02 1.3411542234828655e-02 0 9.0949470177292824e-13
484 0 0 2.6191801959058481e-01 5.0249737829667192e-02 1.3411542234828804e-02 1.3411542234828655e-02 0 9.0949470177292824e-13
485 0 0 2.6191801959058481e-01 5.0249737829667192e-02 1.3411542234828804e-02 1.3411542234828655e-02 0 9.0949470177292824e-13
486 0 0 2.6191801959058481e-01 5.0249737829667192e-02 1.3411542234828804e-02 1.3411542234828655e-02 0 9.0949470177292824e-13
487 0 0 2.6191801959058481e-01 5.0249737829667192e-02 1.3411542234828804e-02 1.3411542234828655e-02 0 9.0949470177292824e-13
488 0 0 2.6191801959058481e-01 5.0249737829667192e-02 1.3411542234828804e-02 1.3411542234828655e-02 0 9.0949470177292824e-13
489 0 0 2.6191801959058481e-01 5.0249737829667192e-02 1.3411542234828804e-02 1.3411542234828655e-02 0 9.0949470177292824e-13
490 0 0 2.6191801959058481e-01 5.0249737829667192e-02 1.3411542234828804e-02 1.3411542234828655e-02 0 9.0949470177292824e-13
491 0 0 2.6191801959058481e-01 5.0249737829667192e-02 1.3411542234828804e-02 1.3411542234828655e-02 0 9.0949470177292824e-13
492 0 0 2.6191801959058481e-01 5.0249737829667192e-02 1.3411542234828804e-02 1.3411542234828655e-02 0 9.0949470177292824e-13
493 0 0 2.6191801959058481e-01 5.0249737829667192e-02 1.3411542234828804e-02 1.3411542234828655e-02 0 9.0949470177292824e-13
494 0 0 2.6191801959058481e-01 5.0249737829667192e-02 1.3411542234828804e-02 1.3411542234828655e-02 0 9.0949470177292824e-13
495 0 0 2.6191801959058481e-01 5.0249737829667192e-02 1.3411542234828804e-02 1.3411542234828655e-02 0 9.0949470177292824e-13
496 0 0 2.6191801959058481e-01 5.0249737829667192e-02 1.3411542234828804e-02 1.3411542234828655e-02 0 9.0949470177292824e-13
497 0 0 2.6191801959058481e-01 5.0249737829667192e-02 1.3411542234828804e-02 1.3411542234828655e-02 0 9.0949470177292824e-13
498 0 0 2.6191801959058481e-01 5.0249737829667192e-02 1.3411542234828804e-02 1.3411542234828655e-02 0 9.0949470177292824e-13
499 0 0 2.6191801959058481e-01 5.0249737829667192e-02 1.3411542234828804e-02 1.3411542234828655e-02 0 9.0949470177292824e-13
500 0 0 2.6191801959058481e-01 5.0249737829667192e-02 1.3411542234828804e-02 1.3411542234828655e-02 0 9.0949470177292824e-13
501 0 0 2.6191801959058481e-01 5.0249737829667192e-02 1.3411542234828804e-02 1.3411542234828655e-02 0 9.0949470177292824e-13
502 0 0 2.6191801959058481e-01 5.0249737829667192e-02 1.3411542234828804e-02 1.3411542234828655e-02 0 9.0949470177292824e-13
503 0 0 2.6191801959058481e-01 5.0249737829667192e-02 1.3411542234828804e-02 1.3411542234828655e-02 0 9.0949470177292824e-13
504 0 0 2.6191801959058481e-01 5.0249737829667192e-02 1.3411542234828804e-02 1.3411542234828655e-02 0 9.0949470177292824e-13
505 0 0 2.6191801959058481e-01 5.0249737829667192e-02 1.3411542234828804e-02 1.3411542234828655e-02 0 9.0949470177292824e-13
506 0 0 2.6191801959058481e-01 5.0249737829667192e-02 1.3411542234828804e-02 1.3411542234828655e-02 0 9.0949470177292824e-13
507 0 0 2.6191801959058481e-01 5.0249737829667192e-02 1.3411542234828804e-02 1.3411542234828655e-02 0 9.0949470177292824e-13
508 0 0 2.6191801959058481e-01 5.0249737829667192e-02 1.3411542234828804e-02 1.3411542234828655e-02 0 9.0949470177292824e-13
509 0 0 2.6191801959058481e-01 5.0249737829667192e-02 1.3411542234828804e-02 1.3411542234828655e-02 0 9.0949470177292824e-13
510 0 0 2.6191801959058481e-01 5.0249737829667192e-02 1.3411542234828804e-02 1.3411542234828655e-02 0 9.0949470177292824e-13
511 0 0 2.6191801959058481e-01 5.0249737829667192e-02 1.3411542234828804e-02 1.3411542234828655e-02 0 9.0949470177292824e-13
512 0 0 2.6191801959058481e-01 5.0249737829667192e-02 1.3411542234828804e-02 1.3411542234828655e-02 0 9.0949470177292824e-13
513 0 0 2.6191801959058481e-01 5.0249737829667192e-02 1.3411542234828804e-02 1.3411542234828655e-02 0 9.0949470177292824e-13
514 0 0 2.6191801959058481e-01 5.0249737829667192e-02 1.3411542234828804e-02 1.3411542234828655e-02 0 9.0949470177292824e-13
515 0 0 2.6191801959058481e-01 5.0249737829667192e-02 1.3411542234828804e-02 1.3411542234828655e-02 0 9.0949470177292824e-13
516 0 0 2.6191801959058481e-01 5.0249737829667192e-02 1.3411542234828804e-02 1.3411542234828655e-02 0 9.0949470177292824e-13
517 0 0 2.6191801959058481e-01 5.0249737829667192e-02 1.3411542234828804e-02 1.3411542234828655e-02 0 9.0949470177292824e-13
518 0 0 2.6191801959058481e-01 5.0249737829667192e-02 1.3411542234828804e-02 1.3411542234828655e-02 0 9.0949470177292824e-13
519 0 0 2.6191801959058481e-01 5.0249737829667192e-02 1.3411542234828804e-02 1.3411542234828655e-02 0 9.0949470177292824e-13
520 0 0 2.6191801959058481e-01 5.0249737829667192e-02 1.3411542234828804e-02 1.3411542234828655e-02 0 9.0949470177292824e-13
521 0 0 2.6191801959058481e-01 5.0249737829667192e-02 1.3411542234828804e-02 1.3411542234828655e-02 0 9.0949470177292824e-13
522 0 0 2.6191801959058481e-01 5.0249737829667192e-02 1.3411542234828804e-02 1.3411542234828655e-02 0 9.0949470177292824e-13
523 0 0 2.6191801959058481e-01 5.0249737829667192e-02 1.3411542234828804e-02 1.3411542234828655e-02 0 9.0949470177292824e-13
524 0 0 2.6191801959058481e-01 5.0249737829667192e-02 1.3411542234828804e-02 1.3411542234828655e-02 0 9.0949470177292824e-13
525 0 0 2.6191801959058481e-01 5.0249737829667192e-02 1.3411542234828804e-02 1.3411542234828655e-02 0 9.0949470177292824e-13
526 0 0 2.6191801959058481e-01 5.0249737829667192e-02 1.3411542234828804e-02 1.3411542234828655e-02 0 9.0949470177292824e-13
527 0 0 2.6191801959058481e-01 5.0249737829667192e-02 1.3411542234828804e-02 1.3411542234828655e-02 0 9.0949470177292824e-13
528 0 0 2.6191801959058481e-01 5.0249737829667192e-02 1.3411542234828804e-02 1.3411542234828655e-02 0 9.0949470177292824e-13
529 0 0 2.6191801959058481e-01 5.0249737829667192e-02 1.3411542234828804e-02 1.3411542234828655e-02 0 9.0949470177292824e-13
530 0 0 2.6191801959058481e-01 5.0249737829667192e-02 1.3411542234828804e-02 1.3411542234828655e-02 0 9.0949470177292824e-13
531 0 0 2.6191801959058481e-01 5.0249737829667192e-02 1.3411542234828804e-02 1.3411542234828655e-02 0 9.0949470177292824e-13
532 0 0 2.6191801959058481e-01 5.0249737829667192e-02 1.3411542234828804e-02 1.3411542234828655e-02 0 9.0949470177292824e-13
533 0 0 2.6191801959058481e-01 5.0249737829667192e-02 1.3411542234828804e-02 1.3411542234828655e-02 0 9.0949470177292824e-13
534 0 0 2.6191801959058481e-01 5.0249737829667192e-02 1.3411542234828804e-02 1.3411542234828655e-02 0 9.0949470177292824e-13
535 0 0 2.6191801959058481e-01 5.0249737829667192e-02 1.3411542234828804e-02 1.3411542234828655e-02 0 9.0949470177292824e-13
536 0 0 2.6191801959058481e-01 5.0249737829667192e-02 1.3411542234828804e-02 1.3411542234828655e-02 0 9.0949470177292824e-13
537 0 0 2.6191801959058481e-01 5.0249737829667192e-02 1.3411542234828804e-02 1.3411542234828655e-02 0 9.0949470177292824e-13
538 0 0 2.6191801959058481e-01 5.0249737829667192e-02 1.3411542234828804e-02 1.3411542234828655e-02 0 9.0949470177292824e-13
539 0 0 2.6191801959058481e-01 5.0249737829667192e-02 1.3411542234828804e-02 1.3411542234828655e-02 0 9.0949470177292824e-13
540 0 0 2.6191801959058481e-01 5.0249737829667192e-02 1.3411542234828804e-02 1.3411542234828655e-02 0 9.0949470177292824e-13
541 0 0 2.6191801959058481e-01 5.0249737829667192e-02 1.3411542234828804e-02 1.3411542234828655e-02 0 9.0949470177292824e-13
542 0 0 2.6191801959058481e-01 5.0249737829667192e-02 1.3411542234828804e-02 1.3411542234828655e-02 0 9.0949470177292824e-13
543 0 0 2.6191801959058481e-01 5.0249737829667192e-02 1.3411542234828804e-02 1.3411542234828655e-02 0 9.0949470177292824e-13
544 0 0 2.6191801959058481e-01 5.0249737829667192e-02 1.3411542234828804e-02 1.3411542234828655e-02 0 9.0949470177292824e-13
545 0 0 2.6191801959058481e-01 5.0249737829667192e-02 1.3411542234828804e-02 1.3411542234828655e-02 0 9.0949470177292824e-13
546 0 0 2.6191801959058481e-01 5.0249737829667192e-02 1.3411542234828804e-02 1.3411542234828655e-02 0 9.0949470177292824e-13
547 0 0 2.6191801959058481e-01 5.0249737829667192e-02 1.3411542234828804e-02 1.3411542234828655e-02 0 9.0949470177292824e-13
548 0 0 2.6191801959058481e-01 5.0249737829667192e-02 1.3411542234828804e-02 1.3411542234828655e-02 0 9.0949470177292824e-13
549 0 0 2.6191801959058481e-01 5.0249737829667192e-02 1.3411542234828804e-02 1.3411542234828655e-02 0 9.0949470177292824e-13
550 0 0 2.6191801959058481e-01 5.0249737829667192e-02 1.3411542234828804e-02 1.3411542234828655e-02 0 9.0949470177292824e-13
551 0 0 2.6191801959058481e-01 5.0249737829667192e-02 1.3411542234828804e-02 1.3411542234828655e-02 0 9.0949470177292824e-13
552 0 0 2.6191801959058481e-01 5.0249737829667192e-02 1.3411542234828804e-02 1.3411542234828655e-02 0 9.0949470177292824e-13
553 0 0 2.6191801959058481e-01 5.0249737829667192e-02 1.3411542234828804e-02 1.3411542234828655e-02 0 9.0949470177292824e-13
554 0 0 2.6191801959058481e-01 5.0249737829667192e-02 1.3411542234828804e-02 1.3411542234828655e-02 0 9.0949470177292824e-13
555 0 0 2.6191801959058481e-01 5.0249737829667192e-02 1.3411542234828804e-02 1.3411542234828655e-02 0 9.0949470177292824e-13
556 0 0 2.6191801959058481e-01 5.0249737829667192e-02 1.3411542234828804e-02 1.3411542234828655e-02 0 9.0949470177292824e-13
557 0 0 2.6191801959058481e-01 5.0249737829667192e-02 1.3411542234828804e-02 1.3411542234828655e-02 0 9.0949470177292824e-13
558 0 0 2.6191801959058481e-01 5.0249737829667192e-02 1.3411542234828804e-02 1.3411542234828655e-02 0 9.0949470177292824e-13
559 0 0 2.6191801959058481e-01 5.0249737829667192e-02 1.3411542234828804e-02 1.3411542234828655e-02 0 9.0949470177292824e-13
560 0 0 2.6191801959058481e-01 5.0249737829667192e-02 1.3411542234828804e-02 1.3411542234828655e-02 0 9.0949470177292824e-13
561 0 0 2.6191801959058481e-01 5.0249737829667192e-02 1.3411542234828804e-02 1.3411542234828655e-02 0 9.0949470177292824e-13
562 0 0 2.6191801959058481e-01 5.0249737829667192e-02 1.3411542234828804e-02 1.3411542234828655e-02 0 9.0949470177292824e-13
563 0 0 2.6191801959058481e-01 5.0249737829667192e-02 1.3411542234828804e-02 1.3411542234828655e-02 0 9.0949470177292824e-13
564 0 0 2.6191801959058481e-01 5.0249737829667192e-02 1.3411542234828804e-02 1.3411542234828655e-02 0 9.0949470177292824e-13
565 0 0 2.6191801959058481e-01 5.0249737829667192e-02 1.3411542234828804e-02 1.3411542234828655e-02 0 9.0949470177292824e-13
566 0 0 2.6191801959058481e-01 5.0249737829667192e-02 1.3411542234828804e-02 1.3411542234828655e-02 0 9.0949470177292824e-13
567 0 0 2.6191801959058481e-01 5.0249737829667192e-02 1.3411542234828804e-02 1.3411542234828655e-02 0 9.0949470177292824e-13
568 0 0 2.6191801959058481e-01 5.0249737829667192e-02 1.3411542234828804e-02 1.3411542234828655e-02 0 9.0949470177292824e-13
569 0 0 2.6191801959058481e-01 5.0249737829667192e-02 1.3411542234828804e-02 1.3411542234828655e-02 0 9.0949470177292824e-13
570 0 0 2.6191801959058481e-01 5.0249737829667192e-02 1.3411542234828804e-02 1.3411542234828655e-02 0 9.0949470177292824e-13
571 0 0 2.6191801959058481e-01 5.0249737829667192e-02 1.3411542234828804e-02 1.3411542234828655e-02 0 9.0949470177292824e-13
572 0 0 2.6191801959058481e-01 5.0249737829667192e-02 1.3411542234828804e-02 1.3411542234828655e-02 0 9.0949470177292824e-13
573 0 0 2.6191801959058481e-01 5.0249737829667192e-02 1.3411542234828804e-02 1.3411542234828655e-02 0 9.0949470177292824e-13
574 0 0 2.6191801959058481e-01 5.0249737829667192e-02 1.3411542234828804e-02 1.3411542234828655e-02 0 9.0949470177292824e-13
575 0 0 2.6191801959058481e-01 5.0249737829667192e-02 1.3411542234828804e-02 1.3411542234828655e-02 0 9.0949470177292824e-13
576 0 0 2.6191801959058481e-01 5.0249737829667192e-02 1.3411542234828804e-02 1.3411542234828655e-02 0 9.0949470177292824e-13
577 0 0 2.6191801959058481e-01 5.0249737829667192e-02 1.3411542234828804e-02 1.3411542234828655e-02 0 9.0949470177292824e-13
578 0 0 2.6191801959058481e-01 5.0249737829667192e-02 1.3411542234828804e-02 1.3411542234828655e-02 0 9.0949470177292824e-13
579 0 0 2.6191801959058481e-01 5.0249737829667192e-02 1.3411542234828804e-02 1.3411542234828655e-02 0 9.0949470177292824e-13
580 0 0 2.6191801959058481e-01 5.0249737829667192e-02 1.3411542234828804e-02 1.3411542234828655e-02 0 9.0949470177292824e-13
581 0 0 2.6191801959058481e-01 5.0249737829667192e-02 1.3411542234828804e-02 1.3411542234828655e-02 0 9.0949470177292824e-13
582 0 0 2.6191801959058481e-01 5.0249737829667192e-02 1.3411542234828804e-02 1.3411542234828655e-02 0 9.0949470177292824e-13
583 0 0 2.6191801959058481e-01 5.0249737829667192e-02 1.3411542234828804e-02 1.3411542234828655e-02 0 9.0949470177292824e-13
584 0 0 2.6191801959058481e-01 5.0249737829667192e-02 1.3411542234828804e-02 1.3411542234828655e-02 0 9.0949470177292824e-13
585 0 0 2.6191801959058481e-01 5.0249737829667192e-02 1.3411542234828804e-02 1.3411542234828655e-02 0 9.0949470177292824e-13
586 0 0 2.6191801959058481e-01 5.0249737829667192e-02 1.3411542234828804e-02 1.3411542234828655e-02 0 9.0949470177292824e-13
587 0 0 2.6191801959058481e-01 5.0249737829667192e-02 1.3411542234828804e-02 1.3411542234828655e-02 0 9.0949470177292824e-13
588 0 0 2.6191801959058481e-01 5.0249737829667192e-02 1.3411542234828804e-02 1.3411542234828655e-02 0 9.0949470177292824e-13
589 0 0 2.6191801959058481e-01 5.0249737829667192e-02 1.3411542234828804e-02 1.3411542234828655e-02 0 9.0949470177292824e-13
590 0 0 2.6191801959058481e-01 5.0249737829667192e-02 1.3411542234828804e-02 1.3411542234828655e-02 0 9.0949470177292824e-13
591 0 0 2.6191801959058481e-01 5.0249737829667192e-02 1.3411542234828804e-02 1.3411542234828655e-02 0 9.0949470177292824e-13
592 0 0 2.6191801959058481e-01 5.0249737829667192e-02 1.3411542234828804e-02 1.3411542234828655e-02 0 9.0949470177292824e-13
593 0 0 2.6191801959058481e-01 5.0249737829667192e-02 1.3411542234828804e-02 1.3411542234828655e-02 0 9.0949470177292824e-13
594 0 0 2.6191801959058481e-01 5.0249737829667192e-02 1.3411542234828804e-02 1.3411542234828655e-02 0 9.0949470177292824e-13
595 0 0 2.6191801959058481e-01 5.0249737829667192e-02 1.3411542234828804e-02 1.3411542234828655e-02 0 9.0949470177292824e-13
596 0 0 2.6191801959058481e-01 5.0249737829667192e-02 1.3411542234828804e-02 1.3411542234828655e-02 0 9.0949470177292824e-13
597 0 0 2.6191801959058481e-01 5.0249737829667192e-02 1.3411542234828804e-02 1.3411542234828655e-02 0 9.0949470177292824e-13
598 0 0 2.6191801959058481e-01 5.0249737829667192e-02 1.3411542234828804e-02 1.3411542234828655e-02 0 9.0949470177292824e-13
599 0 0 2.6191801959058481e-01 5.0249737829667192e-02 1.3411542234828804e-02 1.3411542234828655e-02 0 9.0949470177292824e-13
