MAJOR NFEV NGEV OBJFUN GNORM CNORM FEAS OPT STEP
0 0 0 3.5559187360878738e+01 1.7081239818401901e+01 3.0981805308236913e-03 3.0981805308207822e-03 0 1.0000000000000000e+00
1 0 0 2.1784152875792586e+01 1.0196773282923496e+01 3.0981805308248241e-03 3.0981805308218924e-03 0 1.0000000000000000e+00
2 0 0 1.6715343269898632e+01 8.2663239314125345e+00 3.0981805308221378e-03 3.0981805308192278e-03 0 1.0000000000000000e+00
3 0 0 1.4310498378807317e+01 7.3840529954719853e+00 3.0981805308234718e-03 3.0981805308205601e-03 0 1.0000000000000000e+00
4 0 0 1.3040678810215718e+01 6.9215130726879135e+00 3.0981805308230252e-03 3.0981805308201160e-03 0 1.0000000000000000e+00
5 0 0 1.2352085534360292e+01 6.6710435143048210e+00 3.0981805308221374e-03 3.0981805308192278e-03 0 1.0000000000000000e+00
6 0 0 1.2000933520311790e+01 6.5420471764483841e+00 3.0981805308243579e-03 3.0981805308214483e-03 0 1.0000000000000000e+00
7 0 0 1.1863992644306599e+01 6.4888329522264030e+00 3.0981805308221365e-03 3.0981805308192278e-03 0 1.0000000000000000e+00
8 0 0 1.3198378280034975e+00 6.4860310642414696e+00 3.0981805308232476e-03 3.0981805308203381e-03 0 5.0000000000000000e-01
9 0 0 1.2510392546919236e+00 3.0247461456107699e-01 3.0981805308216929e-03 3.0981805308187838e-03 0 1.0000000000000000e+00
10 0 0 1.1972085858830175e+00 2.6617977700080714e-01 3.0981805308239133e-03 3.0981805308210042e-03 0 1.0000000000000000e+00
11 0 0 1.1540978352095861e+00 2.3772555541386353e-01 3.0981805308230252e-03 3.0981805308201160e-03 0 1.0000000000000000e+00
12 0 0 1.1189484758006700e+00 2.1501439627590482e-01 3.0981805308221370e-03 3.0981805308192278e-03 0 1.0000000000000000e+00
13 0 0 1.0898117832923093e+00 1.9663225040827531e-01 3.0981805308230252e-03 3.0981805308201160e-03 0 1.0000000000000000e+00
14 0 0 1.0653567079601354e+00 1.8160460035164547e-01 3.0981805308212488e-03 3.0981805308183397e-03 0 1.0000000000000000e+00
15 0 0 1.0445695935047747e+00 1.6922629261279351e-01 3.0981805308223590e-03 3.0981805308194499e-03 0 1.0000000000000000e+00
16 0 0 1.0267418208746832e+00 1.5898538557237629e-01 3.0981805308239133e-03 3.0981805308210042e-03 0 1.0000000000000000e+00
17 0 0 1.0112945941945988e+00 1.5049123905926001e-01 3.0981805308241354e-03 3.0981805308212262e-03 0 1.0000000000000000e+00
18 0 0 9.9782335126459076e-01 1.4344876464641590e-01 3.0981805308239133e-03 3.0981805308210042e-03 0 1.0000000000000000e+00
19 0 0 9.8597204169351815e-01 1.3762284773069597e-01 3.0981805308225811e-03 3.0981805308196719e-03 0 1.0000000000000000e+00
20 0 0 9.7549804813346686e-01 1.3283003809522842e-01 3.0981805308232472e-03 3.0981805308203381e-03 0 1.0000000000000000e+00
21 0 0 9.6616814289245490e-01 1.2891884413010923e-01 3.0981805308245795e-03 3.0981805308216703e-03 0 1.0000000000000000e+00
22 0 0 9.5783217056404923e-01 1.2576801532858714e-01 3.0981805308230252e-03 3.0981805308201160e-03 0 1.0000000000000000e+00
23 0 0 9.5032864387979310e-01 1.2327449824077689e-01 3.0981805308203606e-03 3.0981805308174515e-03 0 1.0000000000000000e+00
24 0 0 9.4356334636251860e-01 1.2135440382602344e-01 3.0981805308225811e-03 3.0981805308196719e-03 0 1.0000000000000000e+00
25 0 0 9.3741862934884268e-01 1.1993480002338362e-01 3.0981805308228031e-03 3.0981805308198940e-03 0 1.0000000000000000e+00
26 0 0 9.3183584544263165e-01 1.1895589954780891e-01 3.0981805308216929e-03 3.0981805308187838e-03 0 1.0000000000000000e+00
27 0 0 9.2672508451687763e-01 1.1836473707869781e-01 3.0981805308241354e-03 3.0981805308212262e-03 0 1.0000000000000000e+00
28 0 0 9.2205133424194363e-01 1.1811803671901840e-01 3.0981805308221370e-03 3.0981805308192278e-03 0 1.0000000000000000e+00
29 0 0 9.1774269364728522e-01 1.1817674495618212e-01 3.0981805308225806e-03 3.0981805308196719e-03 0 1.0000000000000000e+00
30 0 0 9.1378049973845066e-01 1.1850939055982582e-01 3.0981805308232472e-03 3.0981805308203381e-03 0 1.0000000000000000e+00
31 0 0 9.1010474479066805e-01 1.1908693644958017e-01 3.0981805308225806e-03 3.0981805308196719e-03 0 1.0000000000000000e+00
32 0 0 9.0670851088972837e-01 1.1988656796031079e-01 3.0981805308221370e-03 3.0981805308192278e-03 0 1.0000000000000000e+00
33 0 0 9.0353970560699071e-01 1.2088659388097693e-01 3.0981805308221370e-03 3.0981805308192278e-03 0 1.0000000000000000e+00
34 0 0 9.0060016118737929e-01 1.2207062966956940e-01 3.0981805308250231e-03 3.0981805308221144e-03 0 1.0000000000000000e+00
35 0 0 8.9784303416049838e-01 1.2342242126360983e-01 3.0981805308230252e-03 3.0981805308201160e-03 0 1.0000000000000000e+00
36 0 0 8.9527691175011115e-01 1.2493038865645079e-01 3.0981805308212484e-03 3.0981805308183397e-03 0 1.0000000000000000e+00
37 0 0 8.9285836327135515e-01 1.2658232145205398e-01 3.0981805308239129e-03 3.0981805308210042e-03 0 1.0000000000000000e+00
38 0 0 8.9060137590986233e-01 1.2837024096284910e-01 3.0981805308234692e-03 3.0981805308205601e-03 0 1.0000000000000000e+00
39 0 0 8.8846463540863141e-01 1.3028495518128858e-01 3.0981805308239129e-03 3.0981805308210042e-03 0 1.0000000000000000e+00
40 0 0 8.8646659501325786e-01 1.3232119317255020e-01 3.0981805308221370e-03 3.0981805308192278e-03 0 1.0000000000000000e+00
41 0 0 8.8456711986209435e-01 1.3447202622528578e-01 3.0981805308219149e-03 3.0981805308190058e-03 0 1.0000000000000000e+00
42 0 0 8.8278847919344516e-01 1.3673422831983481e-01 3.0981805308230252e-03 3.0981805308201160e-03 0 1.0000000000000000e+00
43 0 0 8.8109102459585631e-01 1.3910257880376908e-01 3.0981805308230252e-03 3.0981805308201160e-03 0 1.0000000000000000e+00
44 0 0 8.7950038684672982e-01 1.4157540605460731e-01 3.0981805308230252e-03 3.0981805308201160e-03 0 1.0000000000000000e+00
45 0 0 8.7797687978361916e-01 1.4414878996461650e-01 3.0981805308228031e-03 3.0981805308198940e-03 0 1.0000000000000000e+00
46 0 0 8.7654917891290318e-01 1.4682225108433172e-01 3.0981805308243574e-03 3.0981805308214483e-03 0 1.0000000000000000e+00
47 0 0 8.7517715454826961e-01 1.4959287114775197e-01 3.0981805308230252e-03 3.0981805308201160e-03 0 1.0000000000000000e+00
48 0 0 8.7389230890391301e-01 1.5246109578653017e-01 3.0981805308212484e-03 3.0981805308183397e-03 0 1.0000000000000000e+00
49 0 0 8.7265374717688382e-01 1.5542478976664756e-01 3.0981805308243574e-03 3.0981805308214483e-03 0 1.0000000000000000e+00
50 0 0 8.7149565255139150e-01 1.5848512704782372e-01 3.0981805308241354e-03 3.0981805308212262e-03 0 1.0000000000000000e+00
51 0 0 8.7037610397840670e-01 1.6164059518180915e-01 3.0981805308221370e-03 3.0981805308192278e-03 0 1.0000000000000000e+00
52 0 0 8.6933187379081445e-01 1.6489295165723236e-01 3.0981805308225806e-03 3.0981805308196719e-03 0 1.0000000000000000e+00
53 0 0 8.6831979734460996e-01 1.6824118950713679e-01 3.0981805308232472e-03 3.0981805308203381e-03 0 1.0000000000000000e+00
54 0 0 8.6737918531262304e-01 1.7168754336203323e-01 3.0981805308234692e-03 3.0981805308205601e-03 0 1.0000000000000000e+00
55 0 0 8.6646544398390990e-01 1.7523142599248720e-01 3.0981805308225806e-03 3.0981805308196719e-03 0 1.0000000000000000e+00
56 0 0 8.6562040340048463e-01 1.7887547126686132e-01 3.0981805308228031e-03 3.0981805308198940e-03 0 1.0000000000000000e+00
57 0 0 8.6479787858475321e-01 1.8261944924575835e-01 3.0981805308234692e-03 3.0981805308205601e-03 0 1.0000000000000000e+00
58 0 0 8.6404222522629004e-01 1.8646633635209928e-01 3.0981805308234692e-03 3.0981805308205601e-03 0 1.0000000000000000e+00
59 0 0 8.6330552185940346e-01 1.9041621479281468e-01 3.0981805308225806e-03 3.0981805308196719e-03 0 1.0000000000000000e+00
60 0 0 8.6263467657940285e-01 1.9447236277516619e-01 3.0981805308248015e-03 3.0981805308218924e-03 0 1.0000000000000000e+00
61 0 0 8.6197989853632750e-01 1.9863514246745886e-01 3.0981805308216929e-03 3.0981805308187838e-03 0 1.0000000000000000e+00
62 0 0 8.6139069199817442e-01 2.0290810512299623e-01 3.0981805308228031e-03 3.0981805308198940e-03 0 1.0000000000000000e+00
63 0 0 8.6081527268764346e-01 2.0729187049180867e-01 3.0981805308216929e-03 3.0981805308187838e-03 0 1.0000000000000000e+00
64 0 0 8.6030579928913087e-01 2.1179024332503504e-01 3.0981805308230252e-03 3.0981805308201160e-03 0 1.0000000000000000e+00
65 0 0 8.5980837629659734e-01 2.1640408608812325e-01 3.0981805308228031e-03 3.0981805308198940e-03 0 1.0000000000000000e+00
66 0 0 8.5937788768751977e-01 2.2113744458766005e-01 3.0981805308254676e-03 3.0981805308225585e-03 0 1.0000000000000000e+00
67 0 0 8.5895821319155652e-01 2.2599141498338479e-01 3.0981805308239129e-03 3.0981805308210042e-03 0 1.0000000000000000e+00
68 0 0 8.5860704425653966e-01 2.3097027726986188e-01 3.0981805308216924e-03 3.0981805308187838e-03 0 1.0000000000000000e+00
69 0 0 8.5826592507793031e-01 2.3607535691015177e-01 3.0981805308252452e-03 3.0981805308223365e-03 0 1.0000000000000000e+00
70 0 0 8.5799544710470754e-01 2.4131116566905569e-01 3.0981805308219145e-03 3.0981805308190058e-03 0 1.0000000000000000e+00
71 0 0 8.5773470985508171e-01 2.4667925766781834e-01 3.0981805308212484e-03 3.0981805308183397e-03 0 1.0000000000000000e+00
72 0 0 8.5754730701129045e-01 2.5218437764721158e-01 3.0981805308228027e-03 3.0981805308198940e-03 0 1.0000000000000000e+00
73 0 0 8.5736978503819516e-01 2.5782831084586372e-01 3.0981805308185838e-03 3.0981805308156751e-03 0 1.0000000000000000e+00
74 0 0 8.5726885136203079e-01 2.6361603920513732e-01 3.0981805308225806e-03 3.0981805308196719e-03 0 1.0000000000000000e+00
75 0 0 8.5717839114484051e-01 2.6954958418272995e-01 3.0981805308219145e-03 3.0981805308190058e-03 0 1.0000000000000000e+00
76 0 0 8.5716834610571557e-01 2.7563417172509103e-01 3.0981805308234688e-03 3.0981805308205601e-03 0 1.0000000000000000e+00
77 0 0 8.3742365295355314e-01 2.8187206692544819e-01 3.0981805308230247e-03 3.0981805308201160e-03 0 5.0000000000000000e-01
78 0 0 8.3654458385190411e-01 4.0625370509193896e-02 3.0981805308232472e-03 3.0981805308203381e-03 0 1.0000000000000000e+00
79 0 0 8.3566956864179387e-01 4.0765148250528398e-02 3.0981805308216924e-03 3.0981805308187838e-03 0 1.0000000000000000e+00
80 0 0 8.3479888695874582e-01 4.0912365117800858e-02 3.0981805308230247e-03 3.0981805308201160e-03 0 1.0000000000000000e+00
81 0 0 8.3393114978420624e-01 4.1066561040107280e-02 3.0981805308223586e-03 3.0981805308194499e-03 0 1.0000000000000000e+00
82 0 0 8.3306672479381283e-01 4.1227526216254834e-02 3.0981805308232468e-03 3.0981805308203381e-03 0 1.0000000000000000e+00
83 0 0 8.3220423295124346e-01 4.1394834468568800e-02 3.0981805308236909e-03 3.0981805308207822e-03 0 1.0000000000000000e+00
84 0 0 8.3134412610436415e-01 4.1568318429641336e-02 3.0981805308236909e-03 3.0981805308207822e-03 0 1.0000000000000000e+00
85 0 0 8.3048502803210389e-01 4.1747580448975828e-02 3.0981805308221365e-03 3.0981805308192278e-03 0 1.0000000000000000e+00
86 0 0 8.2962747112538682e-01 4.1932491230976011e-02 3.0981805308248011e-03 3.0981805308218924e-03 0 1.0000000000000000e+00
87 0 0 8.2877007551130433e-01 4.2122677080337803e-02 3.0981805308234688e-03 3.0981805308205601e-03 0 1.0000000000000000e+00
88 0 0 8.2791345126184612e-01 4.2318043160919409e-02 3.0981805308234688e-03 3.0981805308205601e-03 0 1.0000000000000000e+00
89 0 0 8.2705620903706145e-01 4.2518235813748903e-02 3.0981805308234688e-03 3.0981805308205601e-03 0 1.0000000000000000e+00
90 0 0 8.2619903443391329e-01 4.2723191671407035e-02 3.0981805308230247e-03 3.0981805308201160e-03 0 1.0000000000000000e+00
91 0 0 8.2534052337917529e-01 4.2932573748095691e-02 3.0981805308216924e-03 3.0981805308187838e-03 0 1.0000000000000000e+00
92 0 0 8.2448143545204178e-01 4.3146347686109345e-02 3.0981805308236909e-03 3.0981805308207822e-03 0 1.0000000000000000e+00
93 0 0 8.2362034703259734e-01 4.3364190285644186e-02 3.0981805308234688e-03 3.0981805308205601e-03 0 1.0000000000000000e+00
94 0 0 8.2275809066816041e-01 4.3586094198876206e-02 3.0981805308245790e-03 3.0981805308216703e-03 0 1.0000000000000000e+00
95 0 0 8.2189321874925392e-01 4.3811747534544858e-02 3.0981805308214704e-03 3.0981805308185617e-03 0 1.0000000000000000e+00
96 0 0 8.2102663623342043e-01 4.4041168353943040e-02 3.0981805308216924e-03 3.0981805308187838e-03 0 1.0000000000000000e+00
97 0 0 8.2015686738032234e-01 4.4274053951591903e-02 3.0981805308245790e-03 3.0981805308216703e-03 0 1.0000000000000000e+00
98 0 0 8.1928488939505417e-01 4.4510446546116751e-02 3.0981805308239129e-03 3.0981805308210042e-03 0 1.0000000000000000e+00
99 0 0 8.1840919450914551e-01 4.4750050804206118e-02 3.0981805308234688e-03 3.0981805308205601e-03 0 1.0000000000000000e+00
100 0 0 8.1753083235659862e-01 4.4992932157266297e-02 3.0981805308243570e-03 3.0981805308214483e-03 0 1.0000000000000000e+00
101 0 0 8.1664825943956298e-01 4.5238801102246338e-02 3.0981805308232468e-03 3.0981805308203381e-03 0 1.0000000000000000e+00
102 0 0 8.1576259830327347e-01 4.5487745611292790e-02 3.0981805308225806e-03 3.0981805308196719e-03 0 1.0000000000000000e+00
103 0 0 8.1487226617521991e-01 4.5739480710928884e-02 3.0981805308234684e-03 3.0981805308205601e-03 0 1.0000000000000000e+00
104 0 0 8.1397845925877754e-01 4.5994116485737570e-02 3.0981805308236909e-03 3.0981805308207822e-03 0 1.0000000000000000e+00
105 0 0 8.1307955208405569e-01 4.6251371407873346e-02 3.0981805308216920e-03 3.0981805308187838e-03 0 1.0000000000000000e+00
106 0 0 8.1217681549317122e-01 4.6511377466072250e-02 3.0981805308243570e-03 3.0981805308214483e-03 0 1.0000000000000000e+00
107 0 0 8.1126857799080532e-01 4.6773855691677080e-02 3.0981805308225802e-03 3.0981805308196719e-03 0 1.0000000000000000e+00
108 0 0 8.1035618624573880e-01 4.7038959969921162e-02 3.0981805308225802e-03 3.0981805308196719e-03 0 1.0000000000000000e+00
109 0 0 8.0943791948066546e-01 4.7306413187753131e-02 3.0981805308230243e-03 3.0981805308201160e-03 0 1.0000000000000000e+00
110 0 0 8.0851520156356527e-01 4.7576391304190425e-02 3.0981805308239125e-03 3.0981805308210042e-03 0 1.0000000000000000e+00
111 0 0 8.0758625923090244e-01 4.7848618530527798e-02 3.0981805308223581e-03 3.0981805308194499e-03 0 1.0000000000000000e+00
112 0 0 8.0665259508733622e-01 4.8123293249310410e-02 3.0981805308230243e-03 3.0981805308201160e-03 0 1.0000000000000000e+00
113 0 0 8.0571238021544744e-01 4.8400140630402017e-02 3.0981805308203597e-03 3.0981805308174515e-03 0 1.0000000000000000e+00
114 0 0 8.0476719764177873e-01 4.8679381992374267e-02 3.0981805308234684e-03 3.0981805308205601e-03 0 1.0000000000000000e+00
115 0 0 8.0381515965123340e-01 4.8960743259912794e-02 3.0981805308216920e-03 3.0981805308187838e-03 0 1.0000000000000000e+00
116 0 0 8.0285793151000462e-01 4.9244469355601839e-02 3.0981805308216920e-03 3.0981805308187838e-03 0 1.0000000000000000e+00
117 0 0 8.0189356357532371e-01 4.9530286916928901e-02 3.0981805308216920e-03 3.0981805308187838e-03 0 1.0000000000000000e+00
118 0 0 8.0092380528982299e-01 4.9818465288848340e-02 3.0981805308214700e-03 3.0981805308185617e-03 0 1.0000000000000000e+00
119 0 0 7.9994664195918297e-01 5.0108731944032293e-02 3.0981805308225802e-03 3.0981805308196719e-03 0 1.0000000000000000e+00
120 0 0 7.9896390924608640e-01 5.0401381615332370e-02 3.0981805308221361e-03 3.0981805308192278e-03 0 1.0000000000000000e+00
121 0 0 7.9797352428141000e-01 5.0696142902923451e-02 3.0981805308241349e-03 3.0981805308212262e-03 0 1.0000000000000000e+00
122 0 0 7.9697741108719078e-01 5.0993337038766469e-02 3.0981805308239125e-03 3.0981805308210042e-03 0 1.0000000000000000e+00
123 0 0 7.9597341549339973e-01 5.1292694221104808e-02 3.0981805308234684e-03 3.0981805308205601e-03 0 1.0000000000000000e+00
124 0 0 7.9496355210612735e-01 5.1594563437977012e-02 3.0981805308212475e-03 3.0981805308183397e-03 0 1.0000000000000000e+00
125 0 0 7.9394559232391415e-01 5.1898677145549840e-02 3.0981805308221361e-03 3.0981805308192278e-03 0 1.0000000000000000e+00
126 0 0 7.9292164363739903e-01 5.2205413492141722e-02 3.0981805308236904e-03 3.0981805308207822e-03 0 1.0000000000000000e+00
127 0 0 7.9188939987896734e-01 5.2514508054738757e-02 3.0981805308216920e-03 3.0981805308187838e-03 0 1.0000000000000000e+00
128 0 0 7.9085106379097214e-01 5.2826369696130020e-02 3.0981805308230243e-03 3.0981805308201160e-03 0 1.0000000000000000e+00
129 0 0 7.8980424850272302e-01 5.3140738196504153e-02 3.0981805308243566e-03 3.0981805308214483e-03 0 1.0000000000000000e+00
130 0 0 7.8875125443337768e-01 5.3458054841198588e-02 3.0981805308210259e-03 3.0981805308181176e-03 0 1.0000000000000000e+00
131 0 0 7.8768961087377964e-01 5.3778064934606656e-02 3.0981805308203597e-03 3.0981805308174515e-03 0 1.0000000000000000e+00
132 0 0 7.8662171839439532e-01 5.4101244051486135e-02 3.0981805308248006e-03 3.0981805308218924e-03 0 1.0000000000000000e+00
133 0 0 7.8554501931917198e-01 5.4427344601844486e-02 3.0981805308230243e-03 3.0981805308201160e-03 0 1.0000000000000000e+00
134 0 0 7.8446201688545514e-01 5.4756878481288941e-02 3.0981805308216920e-03 3.0981805308187838e-03 0 1.0000000000000000e+00
135 0 0 7.8337006333600001e-01 5.5089607071655930e-02 3.0981805308225798e-03 3.0981805308196719e-03 0 1.0000000000000000e+00
136 0 0 7.8227176712332247e-01 5.5426080791814880e-02 3.0981805308230243e-03 3.0981805308201160e-03 0 1.0000000000000000e+00
137 0 0 7.8116438731773186e-01 5.5766072173367334e-02 3.0981805308216920e-03 3.0981805308187838e-03 0 1.0000000000000000e+00
138 0 0 7.8005064015960746e-01 5.6110172538713400e-02 3.0981805308225798e-03 3.0981805308196719e-03 0 1.0000000000000000e+00
139 0 0 7.7892768848929728e-01 5.6458168088150060e-02 3.0981805308225798e-03 3.0981805308196719e-03 0 1.0000000000000000e+00
140 0 0 7.7779835892363602e-01 5.6810693612761143e-02 3.0981805308254672e-03 3.0981805308225585e-03 0 1.0000000000000000e+00
141 0 0 7.7665971506176479e-01 5.7167551872868455e-02 3.0981805308243566e-03 3.0981805308214483e-03 0 1.0000000000000000e+00
142 0 0 7.7551469649288363e-01 5.7529423885112105e-02 3.0981805308256888e-03 3.0981805308227806e-03 0 1.0000000000000000e+00
143 0 0 7.7436026462432928e-01 5.7896132266758070e-02 3.0981805308212475e-03 3.0981805308183397e-03 0 1.0000000000000000e+00
144 0 0 7.7319947461200389e-01 5.8268407214799388e-02 3.0981805308239120e-03 3.0981805308210042e-03 0 1.0000000000000000e+00
145 0 0 7.7202918279790889e-01 5.8646094940479343e-02 3.0981805308221361e-03 3.0981805308192278e-03 0 1.0000000000000000e+00
146 0 0 7.7085256248828082e-01 5.9029977978899785e-02 3.0981805308230243e-03 3.0981805308201160e-03 0 1.0000000000000000e+00
147 0 0 7.6966636218169804e-01 5.9419930347669188e-02 3.0981805308228022e-03 3.0981805308198940e-03 0 1.0000000000000000e+00
148 0 0 7.6847387589824245e-01 5.9816790283941150e-02 3.0981805308212475e-03 3.0981805308183397e-03 0 1.0000000000000000e+00
149 0 0 7.6727174163096790e-01 6.0220464334614421e-02 3.0981805308230243e-03 3.0981805308201160e-03 0 1.0000000000000000e+00
150 0 0 7.6606337664738489e-01 6.0631850009683678e-02 3.0981805308254672e-03 3.0981805308225585e-03 0 1.0000000000000000e+00
151 0 0 7.6484530591170741e-01 6.1050891652963415e-02 3.0981805308216920e-03 3.0981805308187838e-03 0 1.0000000000000000e+00
152 0 0 7.6362107243241328e-01 6.1478549822147892e-02 3.0981805308212475e-03 3.0981805308183397e-03 0 1.0000000000000000e+00
153 0 0 7.6238708578544911e-01 6.1914812502277546e-02 3.0981805308252447e-03 3.0981805308223365e-03 0 1.0000000000000000e+00
154 0 0 7.6114701716326505e-01 6.2360707270495593e-02 3.0981805308225802e-03 3.0981805308196719e-03 0 1.0000000000000000e+00
155 0 0 7.5989715858565099e-01 6.2816272202530998e-02 3.0981805308241349e-03 3.0981805308212262e-03 0 1.0000000000000000e+00
156 0 0 7.5864131181067984e-01 6.3282606050995491e-02 3.0981805308225802e-03 3.0981805308196719e-03 0 1.0000000000000000e+00
157 0 0 7.5737564935586155e-01 6.3759804060363745e-02 3.0981805308234684e-03 3.0981805308205601e-03 0 1.0000000000000000e+00
158 0 0 7.5610410585407539e-01 6.4249040479900960e-02 3.0981805308216920e-03 3.0981805308187838e-03 0 1.0000000000000000e+00
159 0 0 7.5482273262928856e-01 6.4750475446268108e-02 3.0981805308228027e-03 3.0981805308198940e-03 0 1.0000000000000000e+00
160 0 0 7.5353559941455273e-01 6.5265363165151205e-02 3.0981805308221361e-03 3.0981805308192278e-03 0 1.0000000000000000e+00
161 0 0 7.5223863493993171e-01 6.5793937042700659e-02 3.0981805308216920e-03 3.0981805308187838e-03 0 1.0000000000000000e+00
162 0 0 7.5093604616873011e-01 6.6337535804503175e-02 3.0981805308228027e-03 3.0981805308198940e-03 0 1.0000000000000000e+00
163 0 0 7.4962363816694333e-01 6.6896475155940049e-02 3.0981805308243566e-03 3.0981805308214483e-03 0 1.0000000000000000e+00
164 0 0 7.4830575715143699e-01 6.7472182966043334e-02 3.0981805308234684e-03 3.0981805308205601e-03 0 1.0000000000000000e+00
165 0 0 7.4697808382693642e-01 6.8065066908928329e-02 3.0981805308230243e-03 3.0981805308201160e-03 0 1.0000000000000000e+00
166 0 0 7.4564510556908459e-01 6.8676648628260228e-02 3.0981805308239125e-03 3.0981805308210042e-03 0 1.0000000000000000e+00
167 0 0 7.4430237844363056e-01 6.9307438051295134e-02 3.0981805308234684e-03 3.0981805308205601e-03 0 1.0000000000000000e+00
168 0 0 7.4295453276121048e-01 6.9959055174686299e-02 3.0981805308216920e-03 3.0981805308187838e-03 0 1.0000000000000000e+00
169 0 0 7.4159700014102037e-01 7.0632123040829636e-02 3.0981805308225802e-03 3.0981805308196719e-03 0 1.0000000000000000e+00
170 0 0 7.4023455546567152e-01 7.1328364458005666e-02 3.0981805308214704e-03 3.0981805308185617e-03 0 1.0000000000000000e+00
171 0 0 7.3886250662548125e-01 7.2048526974204941e-02 3.0981805308243566e-03 3.0981805308214483e-03 0 1.0000000000000000e+00
172 0 0 7.3748577456359143e-01 7.2794440477757988e-02 3.0981805308214704e-03 3.0981805308185617e-03 0 1.0000000000000000e+00
173 0 0 7.3609954474445649e-01 7.3566988881974313e-02 3.0981805308234684e-03 3.0981805308205601e-03 0 1.0000000000000000e+00
174 0 0 7.3470888550414826e-01 7.4368113163431351e-02 3.0981805308221361e-03 3.0981805308192278e-03 0 1.0000000000000000e+00
175 0 0 7.3330886183513888e-01 7.5198845863612973e-02 3.0981805308225806e-03 3.0981805308196719e-03 0 1.0000000000000000e+00
176 0 0 7.3190469063697305e-01 7.6061242731313192e-02 3.0981805308241349e-03 3.0981805308212262e-03 0 1.0000000000000000e+00
177 0 0 7.3049131910650444e-01 7.6956497533638438e-02 3.0981805308212484e-03 3.0981805308183397e-03 0 1.0000000000000000e+00
178 0 0 7.2907411371239306e-01 7.7886784100212464e-02 3.0981805308228027e-03 3.0981805308198940e-03 0 1.0000000000000000e+00
179 0 0 7.2764790733307638e-01 7.8853470290818253e-02 3.0981805308223586e-03 3.0981805308194499e-03 0 1.0000000000000000e+00
180 0 0 7.2621821684742871e-01 7.9858850918915938e-02 3.0981805308225806e-03 3.0981805308196719e-03 0 1.0000000000000000e+00
181 0 0 7.2477976517954246e-01 8.0904481019338184e-02 3.0981805308248015e-03 3.0981805308218924e-03 0 1.0000000000000000e+00
182 0 0 7.2333822029977080e-01 8.1992778886099613e-02 3.0981805308230252e-03 3.0981805308201160e-03 0 1.0000000000000000e+00
183 0 0 7.2188820052327163e-01 8.3125499991089438e-02 3.0981805308230252e-03 3.0981805308201160e-03 0 1.0000000000000000e+00
184 0 0 7.2043552544349332e-01 8.4305188236911716e-02 3.0981805308223586e-03 3.0981805308194499e-03 0 1.0000000000000000e+00
185 0 0 7.1897471519760903e-01 8.5533812965090175e-02 3.0981805308243574e-03 3.0981805308214483e-03 0 1.0000000000000000e+00
186 0 0 7.1751174140096952e-01 8.6814045529935366e-02 3.0981805308243574e-03 3.0981805308214483e-03 0 1.0000000000000000e+00
187 0 0 7.1604103364438199e-01 8.8148082770612785e-02 3.0981805308232472e-03 3.0981805308203381e-03 0 1.0000000000000000e+00
188 0 0 7.1456871585624826e-01 8.9538725187326945e-02 3.0981805308234692e-03 3.0981805308205601e-03 0 1.0000000000000000e+00
189 0 0 7.1308913604082713e-01 9.0988411004770467e-02 3.0981805308221370e-03 3.0981805308192278e-03 0 1.0000000000000000e+00
190 0 0 7.1160857065818617e-01 9.2500071605768272e-02 3.0981805308232472e-03 3.0981805308203381e-03 0 1.0000000000000000e+00
191 0 0 7.1012129655583200e-01 9.4076400855499814e-02 3.0981805308234692e-03 3.0981805308205601e-03 0 1.0000000000000000e+00
192 0 0 7.0863374291884806e-01 9.5720463045261148e-02 3.0981805308219149e-03 3.0981805308190058e-03 0 1.0000000000000000e+00
193 0 0 7.0714012749569477e-01 9.7435222452652279e-02 3.0981805308216929e-03 3.0981805308187838e-03 0 1.0000000000000000e+00
194 0 0 7.0564703242634153e-01 9.9223878889643791e-02 3.0981805308225811e-03 3.0981805308196719e-03 0 1.0000000000000000e+00
195 0 0 7.0414863022240759e-01 1.0108968252417626e-01 3.0981805308228031e-03 3.0981805308198940e-03 0 1.0000000000000000e+00
196 0 0 7.0265165632429349e-01 1.0303597222671690e-01 3.0981805308252456e-03 3.0981805308223365e-03 0 1.0000000000000000e+00
197 0 0 7.0115025387138474e-01 1.0506630046055945e-01 3.0981805308230252e-03 3.0981805308201160e-03 0 1.0000000000000000e+00
198 0 0 6.9965131216560184e-01 1.0718414998718594e-01 3.0981805308236913e-03 3.0981805308207822e-03 0 1.0000000000000000e+00
199 0 0 6.9814896306359220e-01 1.0939339314070479e-01 3.0981805308212488e-03 3.0981805308183397e-03 0 1.0000000000000000e+00
200 0 0 6.9665025062979524e-01 1.1169766308495452e-01 3.0981805308239138e-03 3.0981805308210042e-03 0 1.0000000000000000e+00
201 0 0 6.9514931600329422e-01 1.1410117102477906e-01 3.0981805308234697e-03 3.0981805308205601e-03 0 1.0000000000000000e+00
202 0 0 6.9365335940536066e-01 1.1660770909986250e-01 3.0981805308230256e-03 3.0981805308201160e-03 0 1.0000000000000000e+00
203 0 0 6.9215655458187131e-01 1.1922184806282858e-01 3.0981805308219154e-03 3.0981805308190058e-03 0 1.0000000000000000e+00
204 0 0 6.9066625998611886e-01 1.2194755003210332e-01 3.0981805308225815e-03 3.0981805308196719e-03 0 1.0000000000000000e+00
205 0 0 6.8917670837560141e-01 1.2478976790264462e-01 3.0981805308230256e-03 3.0981805308201160e-03 0 1.0000000000000000e+00
206 0 0 6.8769541941948931e-01 1.2775264754209253e-01 3.0981805308239138e-03 3.0981805308210042e-03 0 1.0000000000000000e+00
207 0 0 6.8621671473721524e-01 1.3084154871931256e-01 3.0981805308234697e-03 3.0981805308205601e-03 0 1.0000000000000000e+00
208 0 0 6.8474827938139993e-01 1.3406081788878257e-01 3.0981805308223603e-03 3.0981805308194499e-03 0 1.0000000000000000e+00
209 0 0 6.8328455754487638e-01 1.3741624875520519e-01 3.0981805308214721e-03 3.0981805308185617e-03 0 1.0000000000000000e+00
210 0 0 6.8183340534531112e-01 1.4091240852052531e-01 3.0981805308225819e-03 3.0981805308196719e-03 0 1.0000000000000000e+00
211 0 0 6.8038942759601384e-01 1.4455555438317774e-01 3.0981805308212497e-03 3.0981805308183397e-03 0 1.0000000000000000e+00
212 0 0 6.7896065907039471e-01 1.4835049798778796e-01 3.0981805308230265e-03 3.0981805308201160e-03 0 1.0000000000000000e+00
213 0 0 6.7754190812747828e-01 1.5230399222035951e-01 3.0981805308225819e-03 3.0981805308196719e-03 0 1.0000000000000000e+00
214 0 0 6.7614139816689811e-01 1.5642112056899568e-01 3.0981805308214721e-03 3.0981805308185617e-03 0 1.0000000000000000e+00
215 0 0 6.7475418951852317e-01 1.6070916655659226e-01 3.0981805308236926e-03 3.0981805308207822e-03 0 1.0000000000000000e+00
216 0 0 6.7338870711738352e-01 1.6517351675863901e-01 3.0981805308212501e-03 3.0981805308183397e-03 0 1.0000000000000000e+00
217 0 0 6.7204031790279983e-01 1.6982202314628131e-01 3.0981805308223603e-03 3.0981805308194499e-03 0 1.0000000000000000e+00
218 0 0 6.7071766485483231e-01 1.7466041058290563e-01 3.0981805308210280e-03 3.0981805308181176e-03 0 1.0000000000000000e+00
219 0 0 6.6941648319468627e-01 1.7969714026346023e-01 3.0981805308228048e-03 3.0981805308198940e-03 0 1.0000000000000000e+00
220 0 0 6.6814565483901689e-01 1.8493831459633903e-01 3.0981805308234714e-03 3.0981805308205601e-03 0 1.0000000000000000e+00
221 0 0 6.6690135294158948e-01 1.9039304784661659e-01 3.0981805308221391e-03 3.0981805308192278e-03 0 1.0000000000000000e+00
222 0 0 6.6569272454987660e-01 1.9606786337844109e-01 3.0981805308239151e-03 3.0981805308210042e-03 0 1.0000000000000000e+00
223 0 0 6.6451645946759630e-01 2.0197257556317538e-01 3.0981805308243596e-03 3.0981805308214483e-03 0 1.0000000000000000e+00
224 0 0 6.6338200245252787e-01 2.0811417638878063e-01 3.0981805308225828e-03 3.0981805308196719e-03 0 1.0000000000000000e+00
225 0 0 6.6228664899837231e-01 2.1450323069718616e-01 3.0981805308252473e-03 3.0981805308223365e-03 0 1.0000000000000000e+00
226 0 0 6.6124018180834110e-01 2.2114725114384631e-01 3.0981805308230273e-03 3.0981805308201160e-03 0 1.0000000000000000e+00
227 0 0 6.6024060287911857e-01 2.2805760689608545e-01 3.0981805308243596e-03 3.0981805308214483e-03 0 1.0000000000000000e+00
228 0 0 6.5929808223845865e-01 2.3524238783508505e-01 3.0981805308230278e-03 3.0981805308201160e-03 0 1.0000000000000000e+00
229 0 0 6.5841144264790064e-01 2.4271382498853147e-01 3.0981805308234718e-03 3.0981805308205601e-03 0 1.0000000000000000e+00
230 0 0 6.5759130172355384e-01 2.5048064669949249e-01 3.0981805308232502e-03 3.0981805308203381e-03 0 1.0000000000000000e+00
231 0 0 6.5683743264025063e-01 2.5855600728886663e-01 3.0981805308228061e-03 3.0981805308198940e-03 0 1.0000000000000000e+00
232 0 0 6.5616097378379323e-01 2.6694933966514284e-01 3.0981805308216959e-03 3.0981805308187838e-03 0 1.0000000000000000e+00
233 0 0 6.5556279601822909e-01 2.7567478701820125e-01 3.0981805308243605e-03 3.0981805308214483e-03 0 1.0000000000000000e+00
234 0 0 6.5505464696836235e-01 2.8474255800792447e-01 3.0981805308216964e-03 3.0981805308187838e-03 0 1.0000000000000000e+00
235 0 0 6.5463866268280224e-01 2.9416785468152634e-01 3.0981805308221404e-03 3.0981805308192278e-03 0 1.0000000000000000e+00
236 0 0 6.5432730654270643e-01 3.0396173795690934e-01 3.0981805308236948e-03 3.0981805308207822e-03 0 1.0000000000000000e+00
237 0 0 6.5412417049370597e-01 3.1414054342948944e-01 3.0981805308232507e-03 3.0981805308203381e-03 0 1.0000000000000000e+00
238 0 0 6.5404256144761386e-01 3.2471626635945827e-01 3.0981805308243613e-03 3.0981805308214483e-03 0 1.0000000000000000e+00
239 0 0 6.2673211246946769e-01 3.3570645558795542e-01 3.0981805308236948e-03 3.0981805308207822e-03 0 5.0000000000000000e-01
240 0 0 6.2486485924327972e-01 7.3765872130001298e-02 3.0981805308212505e-03 3.0981805308183397e-03 0 1.0000000000000000e+00
241 0 0 6.2299437293422677e-01 7.3876160046373610e-02 3.0981805308252495e-03 3.0981805308223365e-03 0 1.0000000000000000e+00
242 0 0 6.2112074993790289e-01 7.3984660600441288e-02 3.0981805308234736e-03 3.0981805308205601e-03 0 1.0000000000000000e+00
243 0 0 6.1924428124772590e-01 7.4091631163525601e-02 3.0981805308243618e-03 3.0981805308214483e-03 0 1.0000000000000000e+00
244 0 0 6.1736505381139772e-01 7.4196933824934627e-02 3.0981805308230299e-03 3.0981805308201160e-03 0 1.0000000000000000e+00
245 0 0 6.1548338004203385e-01 7.4300864738502587e-02 3.0981805308245851e-03 3.0981805308216703e-03 0 1.0000000000000000e+00
246 0 0 6.1359933621403329e-01 7.4403282824609340e-02 3.0981805308230308e-03 3.0981805308201160e-03 0 1.0000000000000000e+00
247 0 0 6.1171325665786269e-01 7.4504527793112563e-02 3.0981805308243635e-03 3.0981805308214483e-03 0 1.0000000000000000e+00
248 0 0 6.0982520537203855e-01 7.4604456494219748e-02 3.0981805308252525e-03 3.0981805308223365e-03 0 1.0000000000000000e+00
249 0 0 6.0793553916383414e-01 7.4703457425070327e-02 3.0981805308223664e-03 3.0981805308194499e-03 0 1.0000000000000000e+00
250 0 0 6.0604430805048071e-01 7.4801386794333707e-02 3.0981805308243648e-03 3.0981805308214483e-03 0 1.0000000000000000e+00
251 0 0 6.0415189190267138e-01 7.4898687683381038e-02 3.0981805308230325e-03 3.0981805308201160e-03 0 1.0000000000000000e+00
252 0 0 6.0225832497934040e-01 7.4995217448881324e-02 3.0981805308228109e-03 3.0981805308198940e-03 0 1.0000000000000000e+00
253 0 0 6.0036401082728996e-01 7.5091480194728499e-02 3.0981805308239211e-03 3.0981805308210042e-03 0 1.0000000000000000e+00
254 0 0 5.9846896611433797e-01 7.5187336633378982e-02 3.0981805308212570e-03 3.0981805308183397e-03 0 1.0000000000000000e+00
255 0 0 5.9657361870880132e-01 7.5283359048247261e-02 3.0981805308234788e-03 3.0981805308205601e-03 0 1.0000000000000000e+00
256 0 0 5.9467796581274146e-01 7.5379414203250367e-02 3.0981805308225906e-03 3.0981805308196719e-03 0 1.0000000000000000e+00
257 0 0 5.9278246030355763e-01 7.5476150519244167e-02 3.0981805308230351e-03 3.0981805308201160e-03 0 1.0000000000000000e+00
258 0 0 5.9088707801558304e-01 7.5573444074369431e-02 3.0981805308241453e-03 3.0981805308212262e-03 0 1.0000000000000000e+00
259 0 0 5.8899229757615812e-01 7.5672028272956507e-02 3.0981805308234792e-03 3.0981805308205601e-03 0 1.0000000000000000e+00
260 0 0 5.8709807153827753e-01 7.5771792424732337e-02 3.0981805308234792e-03 3.0981805308205601e-03 0 1.0000000000000000e+00
261 0 0 5.8520490508566703e-01 7.5873564742631072e-02 3.0981805308230360e-03 3.0981805308201160e-03 0 1.0000000000000000e+00
262 0 0 5.8331272558194436e-01 7.5977252434298079e-02 3.0981805308210385e-03 3.0981805308181176e-03 0 1.0000000000000000e+00
263 0 0 5.8142206565263965e-01 7.6083789417955849e-02 3.0981805308219266e-03 3.0981805308190058e-03 0 1.0000000000000000e+00
264 0 0 5.7953282558839259e-01 7.6193106313464612e-02 3.0981805308228152e-03 3.0981805308198940e-03 0 1.0000000000000000e+00
265 0 0 5.7764556643535003e-01 7.6306254802875770e-02 3.0981805308230377e-03 3.0981805308201160e-03 0 1.0000000000000000e+00
266 0 0 5.7576015957269333e-01 7.6423195380732820e-02 3.0981805308223720e-03 3.0981805308194499e-03 0 1.0000000000000000e+00
267 0 0 5.7387719555487360e-01 7.6545110796191279e-02 3.0981805308221508e-03 3.0981805308192278e-03 0 1.0000000000000000e+00
268 0 0 5.7199651507892302e-01 7.6671998925549337e-02 3.0981805308243722e-03 3.0981805308214483e-03 0 1.0000000000000000e+00
269 0 0 5.7011873942066815e-01 7.6805188201293326e-02 3.0981805308230408e-03 3.0981805308201160e-03 0 1.0000000000000000e+00
270 0 0 5.6824367691697053e-01 7.6944722518864833e-02 3.0981805308194893e-03 3.0981805308165633e-03 0 1.0000000000000000e+00
271 0 0 5.6637198092124907e-01 7.7092091967225537e-02 3.0981805308225984e-03 3.0981805308196719e-03 0 1.0000000000000000e+00
272 0 0 5.6450342585206026e-01 7.7247396294396961e-02 3.0981805308214895e-03 3.0981805308185617e-03 0 1.0000000000000000e+00
273 0 0 5.6263869865884186e-01 7.7412304583362360e-02 3.0981805308230451e-03 3.0981805308201160e-03 0 1.0000000000000000e+00
274 0 0 5.6077753843358047e-01 7.7586983498120474e-02 3.0981805308217137e-03 3.0981805308187838e-03 0 1.0000000000000000e+00
275 0 0 5.5892066742290025e-01 7.7773299773617965e-02 3.0981805308252664e-03 3.0981805308223365e-03 0 1.0000000000000000e+00
276 0 0 5.5706778816691283e-01 7.7971499270832439e-02 3.0981805308234905e-03 3.0981805308205601e-03 0 1.0000000000000000e+00
277 0 0 5.5521966011562096e-01 7.8183666241929670e-02 3.0981805308226027e-03 3.0981805308196719e-03 0 1.0000000000000000e+00
278 0 0 5.5337594825150516e-01 7.8410139168119133e-02 3.0981805308234918e-03 3.0981805308205601e-03 0 1.0000000000000000e+00
279 0 0 5.5153745136354759e-01 7.8653240689770879e-02 3.0981805308223816e-03 3.0981805308194499e-03 0 1.0000000000000000e+00
280 0 0 5.4970379613112885e-01 7.8913416317443155e-02 3.0981805308239367e-03 3.0981805308210042e-03 0 1.0000000000000000e+00
281 0 0 5.4787582307398497e-01 7.9193248646570458e-02 3.0981805308219383e-03 3.0981805308190058e-03 0 1.0000000000000000e+00
282 0 0 5.4605312012875029e-01 7.9493305357077618e-02 3.0981805308223829e-03 3.0981805308194499e-03 0 1.0000000000000000e+00
283 0 0 5.4423657222369237e-01 7.9816450826554586e-02 3.0981805308230494e-03 3.0981805308201160e-03 0 1.0000000000000000e+00
284 0 0 5.4242572846994508e-01 8.0163390407551730e-02 3.0981805308212735e-03 3.0981805308183397e-03 0 1.0000000000000000e+00
285 0 0 5.4062152120147566e-01 8.0537291774257475e-02 3.0981805308217180e-03 3.0981805308187838e-03 0 1.0000000000000000e+00
286 0 0 5.3882346103576351e-01 8.0939013331481055e-02 3.0981805308219409e-03 3.0981805308190058e-03 0 1.0000000000000000e+00
287 0 0 5.3703253106677362e-01 8.1372046541479517e-02 3.0981805308199425e-03 3.0981805308170074e-03 0 1.0000000000000000e+00
288 0 0 5.3524820423018182e-01 8.1837417517658301e-02 3.0981805308221630e-03 3.0981805308192278e-03 0 1.0000000000000000e+00
289 0 0 5.3347151813440763e-01 8.2338960148237578e-02 3.0981805308230525e-03 3.0981805308201160e-03 0 1.0000000000000000e+00
290 0 0 5.3170190939963424e-01 8.2877881501082329e-02 3.0981805308221643e-03 3.0981805308192278e-03 0 1.0000000000000000e+00
291 0 0 5.2994047435282821e-01 8.3458373764676089e-02 3.0981805308230525e-03 3.0981805308201160e-03 0 1.0000000000000000e+00
292 0 0 5.2818661530454347e-01 8.4081836071673688e-02 3.0981805308230529e-03 3.0981805308201160e-03 0 1.0000000000000000e+00
293 0 0 5.2644149201119927e-01 8.4752831101569739e-02 3.0981805308239411e-03 3.0981805308210042e-03 0 1.0000000000000000e+00
294 0 0 5.2470447521674890e-01 8.5472958340773231e-02 3.0981805308217211e-03 3.0981805308187838e-03 0 1.0000000000000000e+00
295 0 0 5.2297679339131908e-01 8.6247158636509155e-02 3.0981805308226097e-03 3.0981805308196719e-03 0 1.0000000000000000e+00
296 0 0 5.2125778930467181e-01 8.7077236752992129e-02 3.0981805308217219e-03 3.0981805308187838e-03 0 1.0000000000000000e+00
297 0 0 5.1954876607600742e-01 8.7968514251405810e-02 3.0981805308243865e-03 3.0981805308214483e-03 0 1.0000000000000000e+00
298 0 0 5.1784904307206947e-01 8.8923002452128141e-02 3.0981805308239424e-03 3.0981805308210042e-03 0 1.0000000000000000e+00
299 0 0 5.1616000473883161e-01 8.9946400780122990e-02 3.0981805308208342e-03 3.0981805308178956e-03 0 1.0000000000000000e+00
300 0 0 5.1448095273933236e-01 9.1040924847545487e-02 3.0981805308257200e-03 3.0981805308227806e-03 0 1.0000000000000000e+00
301 0 0 5.1281336037366310e-01 9.2212643907820205e-02 3.0981805308239433e-03 3.0981805308210042e-03 0 1.0000000000000000e+00
302 0 0 5.1115651860141020e-01 9.3463972641393625e-02 3.0981805308221673e-03 3.0981805308192278e-03 0 1.0000000000000000e+00
303 0 0 5.0951199808031955e-01 9.4801337686500009e-02 3.0981805308230555e-03 3.0981805308201160e-03 0 1.0000000000000000e+00
304 0 0 5.0787908756768863e-01 9.6227345718543064e-02 3.0981805308219457e-03 3.0981805308190058e-03 0 1.0000000000000000e+00
305 0 0 5.0625946470804473e-01 9.7748765272067314e-02 3.0981805308246103e-03 3.0981805308216703e-03 0 1.0000000000000000e+00
306 0 0 5.0465242629023765e-01 9.9368387697661958e-02 3.0981805308235005e-03 3.0981805308205601e-03 0 1.0000000000000000e+00
307 0 0 5.0305976787682127e-01 1.0109330677587314e-01 3.0981805308241675e-03 3.0981805308212262e-03 0 1.0000000000000000e+00
308 0 0 5.0148080652332439e-01 1.0292649294428764e-01 3.0981805308226132e-03 3.0981805308196719e-03 0 1.0000000000000000e+00
309 0 0 4.9991746815242688e-01 1.0487534966055199e-01 3.0981805308221691e-03 3.0981805308192278e-03 0 1.0000000000000000e+00
310 0 0 4.9836910463422124e-01 1.0694302474588964e-01 3.0981805308226140e-03 3.0981805308196719e-03 0 1.0000000000000000e+00
311 0 0 4.9683778645122700e-01 1.0913721921769394e-01 3.0981805308250565e-03 3.0981805308221144e-03 0 1.0000000000000000e+00
312 0 0 4.9532291751000512e-01 1.1146126254182705e-01 3.0981805308241688e-03 3.0981805308212262e-03 0 1.0000000000000000e+00
313 0 0 4.9382672910196540e-01 1.1392314685924550e-01 3.0981805308237251e-03 3.0981805308207822e-03 0 1.0000000000000000e+00
314 0 0 4.9234869748498322e-01 1.1652639526008216e-01 3.0981805308243917e-03 3.0981805308214483e-03 0 1.0000000000000000e+00
315 0 0 4.9089123340248175e-01 1.1927929209310700e-01 3.0981805308235035e-03 3.0981805308205601e-03 0 1.0000000000000000e+00
316 0 0 4.8945390935732130e-01 1.2218557499700608e-01 3.0981805308246142e-03 3.0981805308216703e-03 0 1.0000000000000000e+00
317 0 0 4.8803933698924118e-01 1.2525383039927601e-01 3.0981805308212835e-03 3.0981805308183397e-03 0 1.0000000000000000e+00
318 0 0 4.8664721308198183e-01 1.2848804094005431e-01 3.0981805308217280e-03 3.0981805308187838e-03 0 1.0000000000000000e+00
319 0 0 4.8528037489759435e-01 1.3189711439375457e-01 3.0981805308221721e-03 3.0981805308192278e-03 0 1.0000000000000000e+00
320 0 0 4.8393867633205345e-01 1.3548531831897712e-01 3.0981805308230611e-03 3.0981805308201160e-03 0 1.0000000000000000e+00
321 0 0 4.8262520884406102e-01 1.3926191048259262e-01 3.0981805308235052e-03 3.0981805308205601e-03 0 1.0000000000000000e+00
322 0 0 4.8134002182586133e-01 1.4323149212274325e-01 3.0981805308232832e-03 3.0981805308203381e-03 0 1.0000000000000000e+00
323 0 0 4.8008649402321640e-01 1.4740370848626788e-01 3.0981805308223954e-03 3.0981805308194499e-03 0 1.0000000000000000e+00
324 0 0 4.7886491513898677e-01 1.5178355108317357e-01 3.0981805308243943e-03 3.0981805308214483e-03 0 1.0000000000000000e+00
325 0 0 4.7767898959850003e-01 1.5638109808918202e-01 3.0981805308239498e-03 3.0981805308210042e-03 0 1.0000000000000000e+00
326 0 0 4.7652929967685570e-01 1.6120179449673602e-01 3.0981805308235061e-03 3.0981805308205601e-03 0 1.0000000000000000e+00
327 0 0 4.7541992009804201e-01 1.6625620378042721e-01 3.0981805308235061e-03 3.0981805308205601e-03 0 1.0000000000000000e+00
328 0 0 4.7435178659632693e-01 1.7155029301474087e-01 3.0981805308235065e-03 3.0981805308205601e-03 0 1.0000000000000000e+00
329 0 0 4.7332939612631397e-01 1.7709516923042543e-01 3.0981805308226184e-03 3.0981805308196719e-03 0 1.0000000000000000e+00
330 0 0 4.7235410875795153e-01 1.8289739447457337e-01 3.0981805308221743e-03 3.0981805308192278e-03 0 1.0000000000000000e+00
331 0 0 4.7143090419615169e-01 1.8896868257679494e-01 3.0981805308206204e-03 3.0981805308176735e-03 0 1.0000000000000000e+00
332 0 0 4.7056164929216837e-01 1.9531626686826076e-01 3.0981805308217306e-03 3.0981805308187838e-03 0 1.0000000000000000e+00
333 0 0 4.6975187710329969e-01 2.0195253551182957e-01 3.0981805308230629e-03 3.0981805308201160e-03 0 1.0000000000000000e+00
334 0 0 4.6900405710473864e-01 2.0888547225877976e-01 3.0981805308217306e-03 3.0981805308187838e-03 0 1.0000000000000000e+00
335 0 0 4.6832435814078832e-01 2.1612821097592574e-01 3.0981805308212865e-03 3.0981805308183397e-03 0 1.0000000000000000e+00
336 0 0 4.6771596366460966e-01 2.2368956747526844e-01 3.0981805308239515e-03 3.0981805308210042e-03 0 1.0000000000000000e+00
337 0 0 4.6718577462140232e-01 2.3158349631159950e-01 3.0981805308230637e-03 3.0981805308201160e-03 0 1.0000000000000000e+00
338 0 0 4.6673781775217738e-01 2.3981972943133442e-01 3.0981805308230637e-03 3.0981805308201160e-03 0 1.0000000000000000e+00
339 0 0 4.6637983868626165e-01 2.4841312065369955e-01 3.0981805308239519e-03 3.0981805308210042e-03 0 1.0000000000000000e+00
340 0 0 4.6611685754226728e-01 2.5737440469744871e-01 3.0981805308235078e-03 3.0981805308205601e-03 0 1.0000000000000000e+00
341 0 0 4.6595759627312439e-01 2.6671941695314405e-01 3.0981805308230637e-03 3.0981805308201160e-03 0 1.0000000000000000e+00
342 0 0 4.6590824250436752e-01 2.7645998439454933e-01 3.0981805308208437e-03 3.0981805308178956e-03 0 1.0000000000000000e+00
343 0 0 4.4619581773239358e-01 2.8661301026999747e-01 3.0981805308226197e-03 3.0981805308196719e-03 0 5.0000000000000000e-01
344 0 0 4.4475121877526502e-01 6.8331880876615125e-02 3.0981805308230451e-03 3.0981805308201160e-03 0 1.0000000000000000e+00
345 0 0 4.4331306115075997e-01 6.8208037560819973e-02 3.0981805308235083e-03 3.0981805308205601e-03 0 1.0000000000000000e+00
346 0 0 4.4188131882136272e-01 6.8085007410408474e-02 3.0981805308243964e-03 3.0981805308214483e-03 0 1.0000000000000000e+00
347 0 0 4.4045600679208519e-01 6.7963043464049577e-02 3.0981805308239519e-03 3.0981805308210042e-03 0 1.0000000000000000e+00
348 0 0 4.3903710849186828e-01 6.7842134945269292e-02 3.0981805308235083e-03 3.0981805308205601e-03 0 1.0000000000000000e+00
349 0 0 4.3762464121502620e-01 6.7722560743126256e-02 3.0981805308221760e-03 3.0981805308192278e-03 0 1.0000000000000000e+00
350 0 0 4.3621859709746458e-01 6.7604322173712567e-02 3.0981805308226197e-03 3.0981805308196719e-03 0 1.0000000000000000e+00
351 0 0 4.3481899517362388e-01 6.7487727656249261e-02 3.0981805308221760e-03 3.0981805308192278e-03 0 1.0000000000000000e+00
352 0 0 4.3342583694179804e-01 6.7372793573341763e-02 3.0981805308239524e-03 3.0981805308210042e-03 0 1.0000000000000000e+00
353 0 0 4.3203914285082423e-01 6.7259862631683015e-02 3.0981805308235087e-03 3.0981805308205601e-03 0 1.0000000000000000e+00
354 0 0 4.3065892462234234e-01 6.7148970278220019e-02 3.0981805308235091e-03 3.0981805308205601e-03 0 1.0000000000000000e+00
355 0 0 4.2928520377848289e-01 6.7040499020048328e-02 3.0981805308228430e-03 3.0981805308198940e-03 0 1.0000000000000000e+00
356 0 0 4.2791800319290907e-01 6.6934508148554131e-02 3.0981805308223985e-03 3.0981805308194499e-03 0 1.0000000000000000e+00
357 0 0 4.2655734505221077e-01 6.6831426289734291e-02 3.0981805308230650e-03 3.0981805308201160e-03 0 1.0000000000000000e+00
358 0 0 4.2520326434859446e-01 6.6731342168304536e-02 3.0981805308223985e-03 3.0981805308194499e-03 0 1.0000000000000000e+00
359 0 0 4.2385578344113439e-01 6.6634737743179934e-02 3.0981805308232871e-03 3.0981805308203381e-03 0 1.0000000000000000e+00
360 0 0 4.2251495043953485e-01 6.6541737647376600e-02 3.0981805308221769e-03 3.0981805308192278e-03 0 1.0000000000000000e+00
361 0 0 4.2118078729588981e-01 6.6452885381154278e-02 3.0981805308239528e-03 3.0981805308210042e-03 0 1.0000000000000000e+00
362 0 0 4.1985335627152431e-01 6.6368348938713378e-02 3.0981805308217328e-03 3.0981805308187838e-03 0 1.0000000000000000e+00
363 0 0 4.1853267824510321e-01 6.6288742664522893e-02 3.0981805308223985e-03 3.0981805308194499e-03 0 1.0000000000000000e+00
364 0 0 4.1721883070543275e-01 6.6214286439343531e-02 3.0981805308217328e-03 3.0981805308187838e-03 0 1.0000000000000000e+00
365 0 0 4.1591183270781551e-01 6.6145675944282764e-02 3.0981805308235091e-03 3.0981805308205601e-03 0 1.0000000000000000e+00
366 0 0 4.1461177809533173e-01 6.6083192633608359e-02 3.0981805308241757e-03 3.0981805308212262e-03 0 1.0000000000000000e+00
367 0 0 4.1331868327260829e-01 6.6027625289603917e-02 3.0981805308239537e-03 3.0981805308210042e-03 0 1.0000000000000000e+00
368 0 0 4.1203265962615393e-01 6.5979327862910497e-02 3.0981805308239537e-03 3.0981805308210042e-03 0 1.0000000000000000e+00
369 0 0 4.1075372001393351e-01 6.5939195333225842e-02 3.0981805308243982e-03 3.0981805308214483e-03 0 1.0000000000000000e+00
370 0 0 4.0948199463112328e-01 6.5907666354219158e-02 3.0981805308235096e-03 3.0981805308205601e-03 0 1.0000000000000000e+00
371 0 0 4.0821749183585354e-01 6.5885756553911864e-02 3.0981805308228439e-03 3.0981805308198940e-03 0 1.0000000000000000e+00
372 0 0 4.0696036198946173e-01 6.5874002785849900e-02 3.0981805308235096e-03 3.0981805308205601e-03 0 1.0000000000000000e+00
373 0 0 4.0571060795447023e-01 6.5873557100986288e-02 3.0981805308221773e-03 3.0981805308192278e-03 0 1.0000000000000000e+00
374 0 0 4.0446840172705545e-01 6.5885069286189230e-02 3.0981805308235096e-03 3.0981805308205601e-03 0 1.0000000000000000e+00
375 0 0 4.0323373965371068e-01 6.5909844807815365e-02 3.0981805308257305e-03 3.0981805308227806e-03 0 1.0000000000000000e+00
376 0 0 4.0200681696727075e-01 6.5948662220702711e-02 3.0981805308243982e-03 3.0981805308214483e-03 0 1.0000000000000000e+00
377 0 0 4.0078762247498534e-01 6.6002998412427807e-02 3.0981805308208450e-03 3.0981805308178956e-03 0 1.0000000000000000e+00
378 0 0 3.9957637640667149e-01 6.6073777400507919e-02 3.0981805308230659e-03 3.0981805308201160e-03 0 1.0000000000000000e+00
379 0 0 3.9837305903031550e-01 6.6162666184729671e-02 3.0981805308235096e-03 3.0981805308205601e-03 0 1.0000000000000000e+00
380 0 0 3.9717791752082149e-01 6.6270751429468713e-02 3.0981805308226214e-03 3.0981805308196719e-03 0 1.0000000000000000e+00
381 0 0 3.9599092266085856e-01 6.6399909148204608e-02 3.0981805308232880e-03 3.0981805308203381e-03 0 1.0000000000000000e+00
382 0 0 3.9481235073984688e-01 6.6551405806354810e-02 3.0981805308241761e-03 3.0981805308212262e-03 0 1.0000000000000000e+00
383 0 0 3.9364216219900283e-01 6.6727344906250763e-02 3.0981805308210671e-03 3.0981805308181176e-03 0 1.0000000000000000e+00
384 0 0 3.9248066487150812e-01 6.6929189161092542e-02 3.0981805308230659e-03 3.0981805308201160e-03 0 1.0000000000000000e+00
385 0 0 3.9132780813269524e-01 6.7159286810721169e-02 3.0981805308210671e-03 3.0981805308181176e-03 0 1.0000000000000000e+00
386 0 0 3.9018393409257357e-01 6.7419311729150611e-02 3.0981805308237316e-03 3.0981805308207822e-03 0 1.0000000000000000e+00
387 0 0 3.8904898051612113e-01 6.7711871974342822e-02 3.0981805308217336e-03 3.0981805308187838e-03 0 1.0000000000000000e+00
388 0 0 3.8792332687735043e-01 6.8038865021861517e-02 3.0981805308217336e-03 3.0981805308187838e-03 0 1.0000000000000000e+00
389 0 0 3.8680689902187076e-01 6.8403170631911508e-02 3.0981805308239537e-03 3.0981805308210042e-03 0 1.0000000000000000e+00
390 0 0 3.8570011728641651e-01 6.8806918871383876e-02 3.0981805308219557e-03 3.0981805308190058e-03 0 1.0000000000000000e+00
391 0 0 3.8460289558733241e-01 6.9253268869070836e-02 3.0981805308235096e-03 3.0981805308205601e-03 0 1.0000000000000000e+00
392 0 0 3.8351569909996391e-01 6.9744587915921377e-02 3.0981805308226214e-03 3.0981805308196719e-03 0 1.0000000000000000e+00
393 0 0 3.8243843017342105e-01 7.0284317078826181e-02 3.0981805308243982e-03 3.0981805308214483e-03 0 1.0000000000000000e+00
394 0 0 3.8137160334977149e-01 7.0875060464833980e-02 3.0981805308217328e-03 3.0981805308187838e-03 0 1.0000000000000000e+00
395 0 0 3.8031511022809039e-01 7.1520537982220300e-02 3.0981805308235091e-03 3.0981805308205601e-03 0 1.0000000000000000e+00
396 0 0 3.7926951988339097e-01 7.2223584816408795e-02 3.0981805308239532e-03 3.0981805308210042e-03 0 1.0000000000000000e+00
397 0 0 3.7823471453225799e-01 7.2988190872148917e-02 3.0981805308235091e-03 3.0981805308205601e-03 0 1.0000000000000000e+00
398 0 0 3.7721132368549437e-01 7.3817411616662013e-02 3.0981805308235091e-03 3.0981805308205601e-03 0 1.0000000000000000e+00
399 0 0 3.7619922220386004e-01 7.4715492915901099e-02 3.0981805308235091e-03 3.0981805308205601e-03 0 1.0000000000000000e+00
400 0 0 3.7519910678659874e-01 7.5685695612641699e-02 3.0981805308219548e-03 3.0981805308190058e-03 0 1.0000000000000000e+00
401 0 0 3.7421084774902236e-01 7.6732503588981649e-02 3.0981805308217328e-03 3.0981805308187838e-03 0 1.0000000000000000e+00
402 0 0 3.7323521671150517e-01 7.7859365702202032e-02 3.0981805308215107e-03 3.0981805308185617e-03 0 1.0000000000000000e+00
403 0 0 3.7227208318081723e-01 7.9070983971529799e-02 3.0981805308241748e-03 3.0981805308212262e-03 0 1.0000000000000000e+00
404 0 0 3.7132230256148163e-01 8.0370977717053455e-02 3.0981805308230642e-03 3.0981805308201160e-03 0 1.0000000000000000e+00
405 0 0 3.7038574837924498e-01 8.1764247793005798e-02 3.0981805308239519e-03 3.0981805308210042e-03 0 1.0000000000000000e+00
406 0 0 3.6946336998978890e-01 8.3254568886521982e-02 3.0981805308217315e-03 3.0981805308187838e-03 0 1.0000000000000000e+00
407 0 0 3.6855505104475073e-01 8.4847024724683265e-02 3.0981805308243960e-03 3.0981805308214483e-03 0 1.0000000000000000e+00
408 0 0 3.6766184652315004e-01 8.6545535423026107e-02 3.0981805308252838e-03 3.0981805308223365e-03 0 1.0000000000000000e+00
409 0 0 3.6678365780657429e-01 8.8355357616660357e-02 3.0981805308212870e-03 3.0981805308183397e-03 0 1.0000000000000000e+00
410 0 0 3.6592165890802630e-01 9.0280554458593523e-02 3.0981805308228413e-03 3.0981805308198940e-03 0 1.0000000000000000e+00
411 0 0 3.6507577829182664e-01 9.2326553718430959e-02 3.0981805308228413e-03 3.0981805308198940e-03 0 1.0000000000000000e+00
412 0 0 3.6424732442515195e-01 9.4497568502208779e-02 3.0981805308226192e-03 3.0981805308196719e-03 0 1.0000000000000000e+00
413 0 0 3.6343626424777986e-01 9.6799205585925668e-02 3.0981805308235070e-03 3.0981805308205601e-03 0 1.0000000000000000e+00
414 0 0 3.6264405842609976e-01 9.9235845173456044e-02 3.0981805308237290e-03 3.0981805308207822e-03 0 1.0000000000000000e+00
415 0 0 3.6187072614552729e-01 1.0181329114414252e-01 3.0981805308235070e-03 3.0981805308205601e-03 0 1.0000000000000000e+00
416 0 0 3.6111790070869865e-01 1.0453611821441035e-01 3.0981805308232849e-03 3.0981805308203381e-03 0 1.0000000000000000e+00
417 0 0 3.6038567008627109e-01 1.0741035542135087e-01 3.0981805308230629e-03 3.0981805308201160e-03 0 1.0000000000000000e+00
418 0 0 3.5967586377381033e-01 1.1044080894590282e-01 3.0981805308221747e-03 3.0981805308192278e-03 0 1.0000000000000000e+00
419 0 0 3.5898865829173754e-01 1.1363377004598416e-01 3.0981805308230629e-03 3.0981805308201160e-03 0 1.0000000000000000e+00
420 0 0 3.5832610650351926e-01 1.1699432157198675e-01 3.0981805308208420e-03 3.0981805308178956e-03 0 1.0000000000000000e+00
421 0 0 3.5768849699864325e-01 1.2052906169458051e-01 3.0981805308232841e-03 3.0981805308203381e-03 0 1.0000000000000000e+00
422 0 0 3.5707813738307626e-01 1.2424340182719443e-01 3.0981805308239502e-03 3.0981805308210042e-03 0 1.0000000000000000e+00
423 0 0 3.5649545620626621e-01 1.2814429783275735e-01 3.0981805308219518e-03 3.0981805308190058e-03 0 1.0000000000000000e+00
424 0 0 3.5594305206886173e-01 1.3223754668508519e-01 3.0981805308239498e-03 3.0981805308210042e-03 0 1.0000000000000000e+00
425 0 0 3.5542152646105163e-01 1.3653051733809576e-01 3.0981805308239493e-03 3.0981805308210042e-03 0 1.0000000000000000e+00
426 0 0 3.5493381089839038e-01 1.4102945302480266e-01 3.0981805308241718e-03 3.0981805308212262e-03 0 1.0000000000000000e+00
427 0 0 3.5448071871922882e-01 1.4574219457906676e-01 3.0981805308226171e-03 3.0981805308196719e-03 0 1.0000000000000000e+00
428 0 0 3.5406556286375757e-01 1.5067549480020109e-01 3.0981805308235048e-03 3.0981805308205601e-03 0 1.0000000000000000e+00
429 0 0 3.5368941432724238e-01 1.5583772768107004e-01 3.0981805308217284e-03 3.0981805308187838e-03 0 1.0000000000000000e+00
430 0 0 3.5335602364760832e-01 1.6123622077023250e-01 3.0981805308235044e-03 3.0981805308205601e-03 0 1.0000000000000000e+00
431 0 0 3.5306677332238279e-01 1.6687994443927254e-01 3.0981805308235044e-03 3.0981805308205601e-03 0 1.0000000000000000e+00
432 0 0 3.5282591657444279e-01 1.7277686766518408e-01 3.0981805308228382e-03 3.0981805308198940e-03 0 1.0000000000000000e+00
433 0 0 3.5263521060741787e-01 1.7893662213269912e-01 3.0981805308235044e-03 3.0981805308205601e-03 0 1.0000000000000000e+00
434 0 0 3.5249948678650367e-01 1.8536788634946891e-01 3.0981805308232823e-03 3.0981805308203381e-03 0 1.0000000000000000e+00
435 0 0 3.5242095112223559e-01 1.9208102000462871e-01 3.0981805308226158e-03 3.0981805308196719e-03 0 1.0000000000000000e+00
436 0 0 3.5240510064338015e-01 1.9908548082971969e-01 3.0981805308232819e-03 3.0981805308203381e-03 0 1.0000000000000000e+00
437 0 0 3.4223719817496984e-01 2.0639242521023904e-01 3.0981805308241701e-03 3.0981805308212262e-03 0 5.0000000000000000e-01
438 0 0 3.4150086077411318e-01 5.0971888304105366e-02 3.0981805308223720e-03 3.0981805308194499e-03 0 1.0000000000000000e+00
439 0 0 3.4077167786487844e-01 5.0769833325263872e-02 3.0981805308261676e-03 3.0981805308232246e-03 0 1.0000000000000000e+00
440 0 0 3.4004959644854499e-01 5.0569498723702991e-02 3.0981805308223928e-03 3.0981805308194499e-03 0 1.0000000000000000e+00
441 0 0 3.3933448283779044e-01 5.0371080339289810e-02 3.0981805308230594e-03 3.0981805308201160e-03 0 1.0000000000000000e+00
442 0 0 3.3862628426331909e-01 5.0174681795029638e-02 3.0981805308221708e-03 3.0981805308192278e-03 0 1.0000000000000000e+00
443 0 0 3.3792486233386543e-01 4.9980517004479696e-02 3.0981805308239463e-03 3.0981805308210042e-03 0 1.0000000000000000e+00
444 0 0 3.3723016437904463e-01 4.9788702519464288e-02 3.0981805308217263e-03 3.0981805308187838e-03 0 1.0000000000000000e+00
445 0 0 3.3654204757575407e-01 4.9599472655642615e-02 3.0981805308235022e-03 3.0981805308205601e-03 0 1.0000000000000000e+00
446 0 0 3.3586045989645685e-01 4.9412959016372854e-02 3.0981805308228361e-03 3.0981805308198940e-03 0 1.0000000000000000e+00
447 0 0 3.3518525450000425e-01 4.9229419457871612e-02 3.0981805308239463e-03 3.0981805308210042e-03 0 1.0000000000000000e+00
448 0 0 3.3451638064471789e-01 4.9049003561695920e-02 3.0981805308221695e-03 3.0981805308192278e-03 0 1.0000000000000000e+00
449 0 0 3.3385368791328596e-01 4.8871996424851884e-02 3.0981805308228356e-03 3.0981805308198940e-03 0 1.0000000000000000e+00
450 0 0 3.3319712752371899e-01 4.8698569156325672e-02 3.0981805308243895e-03 3.0981805308214483e-03 0 1.0000000000000000e+00
451 0 0 3.3254654592611133e-01 4.8529038387034970e-02 3.0981805308226127e-03 3.0981805308196719e-03 0 1.0000000000000000e+00
452 0 0 3.3190189698564743e-01 4.8363600941595308e-02 3.0981805308237229e-03 3.0981805308207822e-03 0 1.0000000000000000e+00
453 0 0 3.3126302445607331e-01 4.8202609928742951e-02 3.0981805308230568e-03 3.0981805308201160e-03 0 1.0000000000000000e+00
454 0 0 3.3062988554565997e-01 4.8046292767043128e-02 3.0981805308230568e-03 3.0981805308201160e-03 0 1.0000000000000000e+00
455 0 0 3.3000232173717781e-01 4.7895044698335318e-02 3.0981805308241670e-03 3.0981805308212262e-03 0 1.0000000000000000e+00
456 0 0 3.2938029428542603e-01 4.7749129361340917e-02 3.0981805308232780e-03 3.0981805308203381e-03 0 1.0000000000000000e+00
457 0 0 3.2876364281561321e-01 4.7608990554126721e-02 3.0981805308235000e-03 3.0981805308205601e-03 0 1.0000000000000000e+00
458 0 0 3.2815233334146043e-01 4.7474934564025018e-02 3.0981805308230564e-03 3.0981805308201160e-03 0 1.0000000000000000e+00
459 0 0 3.2754620403256418e-01 4.7347460982995991e-02 3.0981805308226119e-03 3.0981805308196719e-03 0 1.0000000000000000e+00
460 0 0 3.2694522638601697e-01 4.7226926021123571e-02 3.0981805308223898e-03 3.0981805308194499e-03 0 1.0000000000000000e+00
461 0 0 3.2634923750816613e-01 4.7113893146488069e-02 3.0981805308226110e-03 3.0981805308196719e-03 0 1.0000000000000000e+00
462 0 0 3.2575821512054798e-01 4.7008776635973144e-02 3.0981805308239428e-03 3.0981805308210042e-03 0 1.0000000000000000e+00
463 0 0 3.2517199565212890e-01 4.6912212765019806e-02 3.0981805308243869e-03 3.0981805308214483e-03 0 1.0000000000000000e+00
464 0 0 3.2459056381269946e-01 4.6824682886205650e-02 3.0981805308230546e-03 3.0981805308201160e-03 0 1.0000000000000000e+00
465 0 0 3.2401375573753649e-01 4.6746905830446626e-02 3.0981805308250526e-03 3.0981805308221144e-03 0 1.0000000000000000e+00
466 0 0 3.2344156391879209e-01 4.6679439853339666e-02 3.0981805308232767e-03 3.0981805308203381e-03 0 1.0000000000000000e+00
467 0 0 3.2287382458535152e-01 4.6623096824479057e-02 3.0981805308226101e-03 3.0981805308196719e-03 0 1.0000000000000000e+00
468 0 0 3.2231053884526600e-01 4.6578522446655370e-02 3.0981805308221656e-03 3.0981805308192278e-03 0 1.0000000000000000e+00
469 0 0 3.2175154341902029e-01 4.6546632700558276e-02 3.0981805308221656e-03 3.0981805308192278e-03 0 1.0000000000000000e+00
470 0 0 3.2119684891446787e-01 4.6528171825763631e-02 3.0981805308234974e-03 3.0981805308205601e-03 0 1.0000000000000000e+00
471 0 0 3.2064629296108682e-01 4.6524171351192627e-02 3.0981805308234974e-03 3.0981805308205601e-03 0 1.0000000000000000e+00
472 0 0 3.2009989661355748e-01 4.6535485433117897e-02 3.0981805308203888e-03 3.0981805308174515e-03 0 1.0000000000000000e+00
473 0 0 3.1955749885755524e-01 4.6563272635086493e-02 3.0981805308248288e-03 3.0981805308218924e-03 0 1.0000000000000000e+00
474 0 0 3.1901913221959133e-01 4.6608508351367962e-02 3.0981805308228300e-03 3.0981805308198940e-03 0 1.0000000000000000e+00
475 0 0 3.1848463753091094e-01 4.6672489302615514e-02 3.0981805308234957e-03 3.0981805308205601e-03 0 1.0000000000000000e+00
476 0 0 3.1795405991005254e-01 4.6756322938436352e-02 3.0981805308221626e-03 3.0981805308192278e-03 0 1.0000000000000000e+00
477 0 0 3.1742724257986266e-01 4.6861454387671322e-02 3.0981805308243830e-03 3.0981805308214483e-03 0 1.0000000000000000e+00
478 0 0 3.1690424448609344e-01 4.6989132936895134e-02 3.0981805308221626e-03 3.0981805308192278e-03 0 1.0000000000000000e+00
479 0 0 3.1638491186292084e-01 4.7140960919894309e-02 3.0981805308232723e-03 3.0981805308203381e-03 0 1.0000000000000000e+00
480 0 0 3.1586931885633618e-01 4.7318337615908722e-02 3.0981805308223837e-03 3.0981805308194499e-03 0 1.0000000000000000e+00
481 0 0 3.1535731542507106e-01 4.7523029287270709e-02 3.0981805308221613e-03 3.0981805308192278e-03 0 1.0000000000000000e+00
482 0 0 3.1484899245248471e-01 4.7756591137349952e-02 3.0981805308239372e-03 3.0981805308210042e-03 0 1.0000000000000000e+00
483 0 0 3.1434420445176436e-01 4.8020957416224620e-02 3.0981805308230490e-03 3.0981805308201160e-03 0 1.0000000000000000e+00
484 0 0 3.1384306077503188e-01 4.8317842426685922e-02 3.0981805308246029e-03 3.0981805308216703e-03 0 1.0000000000000000e+00
485 0 0 3.1334542146347066e-01 4.8649349324493760e-02 3.0981805308221595e-03 3.0981805308192278e-03 0 1.0000000000000000e+00
486 0 0 3.1285141629839980e-01 4.9017351560247717e-02 3.0981805308230473e-03 3.0981805308201160e-03 0 1.0000000000000000e+00
487 0 0 3.1236091199759042e-01 4.9424118712379846e-02 3.0981805308232684e-03 3.0981805308203381e-03 0 1.0000000000000000e+00
488 0 0 3.1187406100107246e-01 4.9871680195436439e-02 3.0981805308230460e-03 3.0981805308201160e-03 0 1.0000000000000000e+00
489 0 0 3.1139073806344325e-01 5.0362466187641307e-02 3.0981805308228231e-03 3.0981805308198940e-03 0 1.0000000000000000e+00
490 0 0 3.1091112082817873e-01 5.0898655905850750e-02 3.0981805308234875e-03 3.0981805308205601e-03 0 1.0000000000000000e+00
491 0 0 3.1043509370130606e-01 5.1482831428809363e-02 3.0981805308261507e-03 3.0981805308232246e-03 0 1.0000000000000000e+00
492 0 0 3.0996286244297089e-01 5.2117313310313981e-02 3.0981805308230399e-03 3.0981805308201160e-03 0 1.0000000000000000e+00
493 0 0 3.0949432302935870e-01 5.2804824853515196e-02 3.0981805308237043e-03 3.0981805308207822e-03 0 1.0000000000000000e+00
494 0 0 3.0902971268057300e-01 5.3547818273820331e-02 3.0981805308245920e-03 3.0981805308216703e-03 0 1.0000000000000000e+00
495 0 0 3.0856894122392770e-01 5.4349146745082122e-02 3.0981805308225910e-03 3.0981805308196719e-03 0 1.0000000000000000e+00
496 0 0 3.0811228118402934e-01 5.5211384696664388e-02 3.0981805308221456e-03 3.0981805308192278e-03 0 1.0000000000000000e+00
497 0 0 3.0765965895037917e-01 5.6137504725488556e-02 3.0981805308232537e-03 3.0981805308203381e-03 0 1.0000000000000000e+00
498 0 0 3.0721138678032911e-01 5.7130195885261477e-02 3.0981805308230312e-03 3.0981805308201160e-03 0 1.0000000000000000e+00
499 0 0 3.0676741084595549e-01 5.8192542339499373e-02 3.0981805308234749e-03 3.0981805308205601e-03 0 1.0000000000000000e+00
500 0 0 3.0632808824487839e-01 5.9327343653555679e-02 3.0981805308228087e-03 3.0981805308198940e-03 0 1.0000000000000000e+00
501 0 0 3.0589338875403171e-01 6.0537791860571760e-02 3.0981805308221426e-03 3.0981805308192278e-03 0 1.0000000000000000e+00
502 0 0 3.0546372020890200e-01 6.1826797792606247e-02 3.0981805308199222e-03 3.0981805308170074e-03 0 1.0000000000000000e+00
503 0 0 3.0503908052370726e-01 6.3197663059545217e-02 3.0981805308239185e-03 3.0981805308210042e-03 0 1.0000000000000000e+00
504 0 0 3.0461993508812651e-01 6.4653416364942179e-02 3.0981805308212536e-03 3.0981805308183397e-03 0 1.0000000000000000e+00
505 0 0 3.0420631532266651e-01 6.6197476778026496e-02 3.0981805308225858e-03 3.0981805308196719e-03 0 1.0000000000000000e+00
506 0 0 3.0379875205562579e-01 6.7833003796648542e-02 3.0981805308234736e-03 3.0981805308205601e-03 0 1.0000000000000000e+00
507 0 0 3.0339731656726787e-01 6.9563548245208245e-02 3.0981805308225850e-03 3.0981805308196719e-03 0 1.0000000000000000e+00
508 0 0 3.0300261425061098e-01 7.1392419601850540e-02 3.0981805308225850e-03 3.0981805308196719e-03 0 1.0000000000000000e+00
509 0 0 3.0261476375647234e-01 7.3323320894659427e-02 3.0981805308230295e-03 3.0981805308201160e-03 0 1.0000000000000000e+00
510 0 0 3.0223445561208806e-01 7.5359736532897625e-02 3.0981805308232511e-03 3.0981805308203381e-03 0 1.0000000000000000e+00
511 0 0 3.0186186470901549e-01 7.7505547703805966e-02 3.0981805308234731e-03 3.0981805308205601e-03 0 1.0000000000000000e+00
512 0 0 3.0149777895621738e-01 7.9764443662150686e-02 3.0981805308223629e-03 3.0981805308194499e-03 0 1.0000000000000000e+00
513 0 0 3.0114243995174511e-01 8.2140514342337587e-02 3.0981805308234727e-03 3.0981805308205601e-03 0 1.0000000000000000e+00
514 0 0 3.0079674718468530e-01 8.4637687782352436e-02 3.0981805308219184e-03 3.0981805308190058e-03 0 1.0000000000000000e+00
515 0 0 3.0046102129697005e-01 8.7260296942951954e-02 3.0981805308228066e-03 3.0981805308198940e-03 0 1.0000000000000000e+00
516 0 0 3.0013628982447077e-01 9.0012545678958028e-02 3.0981805308208082e-03 3.0981805308178956e-03 0 1.0000000000000000e+00
517 0 0 2.9982296698462474e-01 9.2899047075957170e-02 3.0981805308230282e-03 3.0981805308201160e-03 0 1.0000000000000000e+00
518 0 0 2.9952222746435309e-01 9.5924320135988408e-02 3.0981805308236943e-03 3.0981805308207822e-03 0 1.0000000000000000e+00
519 0 0 2.9923459615931969e-01 9.9093297278659190e-02 3.0981805308230282e-03 3.0981805308201160e-03 0 1.0000000000000000e+00
520 0 0 2.9896141707912194e-01 1.0241085367892067e-01 3.0981805308236943e-03 3.0981805308207822e-03 0 1.0000000000000000e+00
521 0 0 2.9870334591168901e-01 1.0588228191287379e-01 3.0981805308236935e-03 3.0981805308207822e-03 0 1.0000000000000000e+00
522 0 0 2.9846192172830910e-01 1.0951285567126370e-01 3.0981805308216951e-03 3.0981805308187838e-03 0 1.0000000000000000e+00
523 0 0 2.9823795464861236e-01 1.1330826984463908e-01 3.0981805308239155e-03 3.0981805308210042e-03 0 1.0000000000000000e+00
524 0 0 2.9803320869385164e-01 1.1727424013665214e-01 3.0981805308212505e-03 3.0981805308183397e-03 0 1.0000000000000000e+00
525 0 0 2.9784867618027100e-01 1.2141690716836312e-01 3.0981805308234714e-03 3.0981805308205601e-03 0 1.0000000000000000e+00
526 0 0 2.9768638079364484e-01 1.2574247333046665e-01 3.0981805308241375e-03 3.0981805308212262e-03 0 1.0000000000000000e+00
527 0 0 2.9754752963751430e-01 1.3025756973717620e-01 3.0981805308241375e-03 3.0981805308212262e-03 0 1.0000000000000000e+00
528 0 0 2.9743444639061700e-01 1.3496893148682612e-01 3.0981805308216946e-03 3.0981805308187838e-03 0 1.0000000000000000e+00
529 0 0 2.9734859117709411e-01 1.3988372651057329e-01 3.0981805308234705e-03 3.0981805308205601e-03 0 1.0000000000000000e+00
530 0 0 2.9729263452710653e-01 1.4500927025735366e-01 3.0981805308221383e-03 3.0981805308192278e-03 0 1.0000000000000000e+00
531 0 0 2.9726833441383577e-01 1.5035331566295090e-01 3.0981805308223603e-03 3.0981805308194499e-03 0 1.0000000000000000e+00
532 0 0 2.9142204130845734e-01 1.5592380813873366e-01 3.0981805308239142e-03 3.0981805308210042e-03 0 5.0000000000000000e-01
533 0 0 2.9097949010878643e-01 3.6743886382356067e-02 3.0981805308225815e-03 3.0981805308196719e-03 0 1.0000000000000000e+00
534 0 0 2.9053759348792463e-01 3.6670430622196652e-02 3.0981805308234705e-03 3.0981805308205601e-03 0 1.0000000000000000e+00
535 0 0 2.9009632464308638e-01 3.6598753311052543e-02 3.0981805308225819e-03 3.0981805308196719e-03 0 1.0000000000000000e+00
536 0 0 2.8965568397438740e-01 3.6528900401647996e-02 3.0981805308243587e-03 3.0981805308214483e-03 0 1.0000000000000000e+00
537 0 0 2.8921564596744698e-01 3.6460931087004350e-02 3.0981805308230260e-03 3.0981805308201160e-03 0 1.0000000000000000e+00
538 0 0 2.8877621386868546e-01 3.6394904018511025e-02 3.0981805308225815e-03 3.0981805308196719e-03 0 1.0000000000000000e+00
539 0 0 2.8833736297570334e-01 3.6330890434240856e-02 3.0981805308239138e-03 3.0981805308210042e-03 0 1.0000000000000000e+00
540 0 0 2.8789909933929758e-01 3.6268963584164177e-02 3.0981805308234697e-03 3.0981805308205601e-03 0 1.0000000000000000e+00
541 0 0 2.8746139888873590e-01 3.6209208581287629e-02 3.0981805308219154e-03 3.0981805308190058e-03 0 1.0000000000000000e+00
542 0 0 2.8702427050817114e-01 3.6151715628833112e-02 3.0981805308245799e-03 3.0981805308216703e-03 0 1.0000000000000000e+00
543 0 0 2.8658769061880340e-01 3.6096585892847484e-02 3.0981805308239133e-03 3.0981805308210042e-03 0 1.0000000000000000e+00
544 0 0 2.8615167099590361e-01 3.6043929253392837e-02 3.0981805308216929e-03 3.0981805308187838e-03 0 1.0000000000000000e+00
545 0 0 2.8571618842479146e-01 3.5993865446637067e-02 3.0981805308228031e-03 3.0981805308198940e-03 0 1.0000000000000000e+00
546 0 0 2.8528125765081619e-01 3.5946527152065047e-02 3.0981805308232472e-03 3.0981805308203381e-03 0 1.0000000000000000e+00
547 0 0 2.8484685570107016e-01 3.5902055564955189e-02 3.0981805308208047e-03 3.0981805308178956e-03 0 1.0000000000000000e+00
548 0 0 2.8441300039046985e-01 3.5860609729769559e-02 3.0981805308225806e-03 3.0981805308196719e-03 0 1.0000000000000000e+00
549 0 0 2.8397966886948367e-01 3.5822355602488358e-02 3.0981805308225806e-03 3.0981805308196719e-03 0 1.0000000000000000e+00
550 0 0 2.8354688214390100e-01 3.5787482648323210e-02 3.0981805308221370e-03 3.0981805308192278e-03 0 1.0000000000000000e+00
551 0 0 2.8311461737326993e-01 3.5756185340382475e-02 3.0981805308234688e-03 3.0981805308205601e-03 0 1.0000000000000000e+00
552 0 0 2.8268289889968079e-01 3.5728688157725043e-02 3.0981805308241349e-03 3.0981805308212262e-03 0 1.0000000000000000e+00
553 0 0 2.8225170378239339e-01 3.5705218342494675e-02 3.0981805308232463e-03 3.0981805308203381e-03 0 1.0000000000000000e+00
554 0 0 2.8182105987215339e-01 3.5686040562016380e-02 3.0981805308245786e-03 3.0981805308216703e-03 0 1.0000000000000000e+00
555 0 0 2.8139094402487819e-01 3.5671419610653829e-02 3.0981805308241349e-03 3.0981805308212262e-03 0 1.0000000000000000e+00
556 0 0 2.8096138780266100e-01 3.5661666136927679e-02 3.0981805308216920e-03 3.0981805308187838e-03 0 1.0000000000000000e+00
557 0 0 2.8053236776298807e-01 3.5657087828715892e-02 3.0981805308232463e-03 3.0981805308203381e-03 0 1.0000000000000000e+00
558 0 0 2.8010391941624613e-01 3.5658047752758694e-02 3.0981805308225802e-03 3.0981805308196719e-03 0 1.0000000000000000e+00
559 0 0 2.7967601893660465e-01 3.5664902402452639e-02 3.0981805308243561e-03 3.0981805308214483e-03 0 1.0000000000000000e+00
560 0 0 2.7924870605840973e-01 3.5678074351779325e-02 3.0981805308225798e-03 3.0981805308196719e-03 0 1.0000000000000000e+00
561 0 0 2.7882195650038488e-01 3.5697975374210315e-02 3.0981805308221357e-03 3.0981805308192278e-03 0 1.0000000000000000e+00
562 0 0 2.7839581454043261e-01 3.5725095274812255e-02 3.0981805308225793e-03 3.0981805308196719e-03 0 1.0000000000000000e+00
563 0 0 2.7797025538563425e-01 3.5759908107584844e-02 3.0981805308234675e-03 3.0981805308205601e-03 0 1.0000000000000000e+00
564 0 0 2.7754532822687866e-01 3.5802979216523978e-02 3.0981805308236895e-03 3.0981805308207822e-03 0 1.0000000000000000e+00
565 0 0 2.7712100772307924e-01 3.5854852388695145e-02 3.0981805308208025e-03 3.0981805308178956e-03 0 1.0000000000000000e+00
566 0 0 2.7669734840419341e-01 3.5916177305131934e-02 3.0981805308234671e-03 3.0981805308205601e-03 0 1.0000000000000000e+00
567 0 0 2.7627432436862009e-01 3.5987575270711537e-02 3.0981805308243552e-03 3.0981805308214483e-03 0 1.0000000000000000e+00
568 0 0 2.7585199597591514e-01 3.6069789446135224e-02 3.0981805308216907e-03 3.0981805308187838e-03 0 1.0000000000000000e+00
569 0 0 2.7543033678113238e-01 3.6163526597080713e-02 3.0981805308219128e-03 3.0981805308190058e-03 0 1.0000000000000000e+00
570 0 0 2.7500941353740005e-01 3.6269632645879221e-02 3.0981805308225789e-03 3.0981805308196719e-03 0 1.0000000000000000e+00
571 0 0 2.7458919930944325e-01 3.6388907686823423e-02 3.0981805308243552e-03 3.0981805308214483e-03 0 1.0000000000000000e+00
572 0 0 2.7416976789171299e-01 3.6522309556807950e-02 3.0981805308243552e-03 3.0981805308214483e-03 0 1.0000000000000000e+00
573 0 0 2.7375109195499381e-01 3.6670739178180693e-02 3.0981805308247993e-03 3.0981805308218924e-03 0 1.0000000000000000e+00
574 0 0 2.7333325307847439e-01 3.6835274997486601e-02 3.0981805308225785e-03 3.0981805308196719e-03 0 1.0000000000000000e+00
575 0 0 2.7291622368766894e-01 3.7016925550799627e-02 3.0981805308230230e-03 3.0981805308201160e-03 0 1.0000000000000000e+00
576 0 0 2.7250009399930275e-01 3.7216897754468438e-02 3.0981805308230230e-03 3.0981805308201160e-03 0 1.0000000000000000e+00
577 0 0 2.7208483640509784e-01 3.7436313451082871e-02 3.0981805308216907e-03 3.0981805308187838e-03 0 1.0000000000000000e+00
578 0 0 2.7167055073731183e-01 3.7676514651175261e-02 3.0981805308239107e-03 3.0981805308210042e-03 0 1.0000000000000000e+00
579 0 0 2.7125720964061906e-01 3.7938740722662942e-02 3.0981805308230230e-03 3.0981805308201160e-03 0 1.0000000000000000e+00
580 0 0 2.7084492368425783e-01 3.8224473772820525e-02 3.0981805308225785e-03 3.0981805308196719e-03 0 1.0000000000000000e+00
581 0 0 2.7043366614253594e-01 3.8535073102230678e-02 3.0981805308241332e-03 3.0981805308212262e-03 0 1.0000000000000000e+00
582 0 0 2.7002355960767288e-01 3.8872163976386598e-02 3.0981805308221344e-03 3.0981805308192278e-03 0 1.0000000000000000e+00
583 0 0 2.6961457846758957e-01 3.9237225987628195e-02 3.0981805308225785e-03 3.0981805308196719e-03 0 1.0000000000000000e+00
584 0 0 2.6920685881241901e-01 3.9632028488837574e-02 3.0981805308234666e-03 3.0981805308205601e-03 0 1.0000000000000000e+00
585 0 0 2.6880037675537560e-01 4.0058169601227309e-02 3.0981805308230225e-03 3.0981805308201160e-03 0 1.0000000000000000e+00
586 0 0 2.6839528357657949e-01 4.0517561560821168e-02 3.0981805308223568e-03 3.0981805308194499e-03 0 1.0000000000000000e+00
587 0 0 2.6799155787802131e-01 4.1011917279049230e-02 3.0981805308225815e-03 3.0981805308196719e-03 0 1.0000000000000000e+00
588 0 0 2.6758936807167305e-01 4.1543288776943271e-02 3.0981805308243613e-03 3.0981805308214483e-03 0 1.0000000000000000e+00
589 0 0 2.6718869619187713e-01 4.2113498445725331e-02 3.0981805308241410e-03 3.0981805308212262e-03 0 1.0000000000000000e+00
590 0 0 2.6678973001193673e-01 4.2724733604329254e-02 3.0981805308232537e-03 3.0981805308203381e-03 0 1.0000000000000000e+00
591 0 0 2.6639245615559382e-01 4.3378919908388359e-02 3.0981805308239207e-03 3.0981805308210042e-03 0 1.0000000000000000e+00
592 0 0 2.6599708431841368e-01 4.4078374855530844e-02 3.0981805308228113e-03 3.0981805308198940e-03 0 1.0000000000000000e+00
593 0 0 2.6560360712317777e-01 4.4825121137698432e-02 3.0981805308228113e-03 3.0981805308198940e-03 0 1.0000000000000000e+00
594 0 0 2.6521225913092217e-01 4.5621601631150241e-02 3.0981805308230347e-03 3.0981805308201160e-03 0 1.0000000000000000e+00
595 0 0 2.6482304067180551e-01 4.6469930860133832e-02 3.0981805308225915e-03 3.0981805308196719e-03 0 1.0000000000000000e+00
596 0 0 2.6443621455675453e-01 4.7372673646655712e-02 3.0981805308248123e-03 3.0981805308218924e-03 0 1.0000000000000000e+00
597 0 0 2.6405179088440217e-01 4.8332033234643204e-02 3.0981805308234801e-03 3.0981805308205601e-03 0 1.0000000000000000e+00
598 0 0 2.6367006460962961e-01 4.9350695348742750e-02 3.0981805308217042e-03 3.0981805308187838e-03 0 1.0000000000000000e+00
599 0 0 2.6329105807689152e-01 5.0430951901873453e-02 3.0981805308208164e-03 3.0981805308178956e-03 0 1.0000000000000000e+00
