2025-08-14 16:18:16,389 - __main__ - INFO - Starting surface partition optimization with 2 refinement levels
2025-08-14 16:18:16,390 - __main__ - INFO - ================================================================================
2025-08-14 16:18:16,390 - __main__ - INFO - Refinement Level 1/2
2025-08-14 16:18:16,390 - __main__ - INFO - ================================================================================
2025-08-14 16:18:16,390 - surfaces.ring - INFO - Building ring TriMesh: nr=16, na=16, r_in=0.5, r_out=1.0
2025-08-14 16:18:16,407 - core.tri_mesh - INFO - Starting matrix computation
2025-08-14 16:18:16,483 - core.tri_mesh - INFO - Matrix computation completed: M (256, 256), K (256, 256)
2025-08-14 16:18:16,484 - core.tri_mesh - INFO - matrix computation completed: 0.077s, memory: 0.44MB
2025-08-14 16:18:16,484 - __main__ - INFO - epsilon set to sqrt(mean_triangle_area) = 6.916e-02
2025-08-14 16:18:16,484 - projection_iterative - INFO - Creating initial condition: 256x2, method=iterative
2025-08-14 16:18:16,485 - projection_iterative - INFO - Projection converged after 3 iterations
2025-08-14 16:18:16,486 - projection_iterative - INFO - Final errors: row=3.47e-10, area=1.00e-10
2025-08-14 16:18:16,486 - core.pyslsqp_optimizer - INFO - Starting optimization
2025-08-14 16:18:16,486 - __main__ - INFO - Processing initial condition...
2025-08-14 16:18:16,488 - __main__ - INFO - ✓ Initial condition validation passed
2025-08-14 16:18:16,488 - __main__ - INFO - Starting PySLSQP optimization with analytic gradients...
2025-08-14 16:18:59,461 - __main__ - INFO -   Iteration 50: Energy=1.421206e+01
2025-08-14 16:18:59,462 - __main__ - INFO -     Target area per partition: 1.178097e+00
2025-08-14 16:18:59,462 - __main__ - INFO -     Current partition areas: [1.14530299 1.14085547]
2025-08-14 16:19:40,594 - __main__ - INFO -   Iteration 100: Energy=1.415033e+01
2025-08-14 16:19:40,595 - __main__ - INFO -     Target area per partition: 1.178097e+00
2025-08-14 16:19:40,595 - __main__ - INFO -     Current partition areas: [1.14538676 1.14022874]
2025-08-14 16:20:15,621 - __main__ - INFO -   Iteration 150: Energy=1.407081e+01
2025-08-14 16:20:15,621 - __main__ - INFO -     Target area per partition: 1.178097e+00
2025-08-14 16:20:15,622 - __main__ - INFO -     Current partition areas: [1.14556104 1.14052635]
2025-08-14 16:20:53,884 - __main__ - INFO -   Iteration 200: Energy=1.424087e+01
2025-08-14 16:20:53,884 - __main__ - INFO -     Target area per partition: 1.178097e+00
2025-08-14 16:20:53,884 - __main__ - INFO -     Current partition areas: [1.14570411 1.14077878]
2025-08-14 16:21:31,138 - __main__ - INFO -   Iteration 250: Energy=1.408271e+01
2025-08-14 16:21:31,139 - __main__ - INFO -     Target area per partition: 1.178097e+00
2025-08-14 16:21:31,139 - __main__ - INFO -     Current partition areas: [1.14542521 1.14035902]
2025-08-14 16:22:06,099 - __main__ - INFO -   Iteration 300: Energy=1.397078e+01
2025-08-14 16:22:06,100 - __main__ - INFO -     Target area per partition: 1.178097e+00
2025-08-14 16:22:06,100 - __main__ - INFO -     Current partition areas: [1.14556164 1.14045555]
2025-08-14 16:22:41,086 - __main__ - INFO -   Iteration 350: Energy=1.391991e+01
2025-08-14 16:22:41,086 - __main__ - INFO -     Target area per partition: 1.178097e+00
2025-08-14 16:22:41,086 - __main__ - INFO -     Current partition areas: [1.14550237 1.14044161]
2025-08-14 16:23:17,105 - __main__ - INFO -   Iteration 400: Energy=1.391855e+01
2025-08-14 16:23:17,105 - __main__ - INFO -     Target area per partition: 1.178097e+00
2025-08-14 16:23:17,105 - __main__ - INFO -     Current partition areas: [1.14551896 1.14041925]
2025-08-14 16:23:52,882 - __main__ - INFO -   Iteration 450: Energy=1.391317e+01
2025-08-14 16:23:52,883 - __main__ - INFO -     Target area per partition: 1.178097e+00
2025-08-14 16:23:52,883 - __main__ - INFO -     Current partition areas: [1.14552173 1.14045676]
2025-08-14 16:24:29,272 - __main__ - INFO -   Iteration 500: Energy=1.391381e+01
2025-08-14 16:24:29,272 - __main__ - INFO -     Target area per partition: 1.178097e+00
2025-08-14 16:24:29,272 - __main__ - INFO -     Current partition areas: [1.145513   1.14045101]
2025-08-14 16:25:05,756 - __main__ - INFO -   Iteration 550: Energy=1.391445e+01
2025-08-14 16:25:05,757 - __main__ - INFO -     Target area per partition: 1.178097e+00
2025-08-14 16:25:05,757 - __main__ - INFO -     Current partition areas: [1.14550394 1.14044316]
2025-08-14 16:25:40,846 - __main__ - INFO -   Iteration 600: Energy=1.444360e+01
2025-08-14 16:25:40,846 - __main__ - INFO -     Target area per partition: 1.178097e+00
2025-08-14 16:25:40,847 - __main__ - INFO -     Current partition areas: [1.14755971 1.14162241]
2025-08-14 16:25:41,040 - __main__ - INFO - PySLSQP optimization completed: Success=False
2025-08-14 16:25:41,040 - __main__ - INFO -   Summary saved to: results/run_20250814_161816_surfring_npart2_v1nr16-18_incr2_v2na16-17_incr1_lam0.0_seed42/pyslsqp_part2_v1nr16_v2na16_level0_summary.out
2025-08-14 16:25:41,041 - __main__ - INFO -   Internal data saved to: results/run_20250814_161816_surfring_npart2_v1nr16-18_incr2_v2na16-17_incr1_lam0.0_seed42/pyslsqp_part2_v1nr16_v2na16_level0_internal_data.hdf5
2025-08-14 16:25:41,041 - __main__ - WARNING - Returning last valid iterate before unsuccessful termination.
2025-08-14 16:25:41,042 - core.pyslsqp_optimizer - INFO - optimization completed: 444.556s, memory: 12.35MB
2025-08-14 16:25:41,043 - __main__ - INFO - ================================================================================
2025-08-14 16:25:41,043 - __main__ - INFO - Refinement Level 2/2
2025-08-14 16:25:41,043 - __main__ - INFO - ================================================================================
2025-08-14 16:25:41,043 - surfaces.ring - INFO - Building ring TriMesh: nr=18, na=17, r_in=0.5, r_out=1.0
2025-08-14 16:25:41,045 - core.tri_mesh - INFO - Starting matrix computation
2025-08-14 16:25:41,124 - core.tri_mesh - INFO - Matrix computation completed: M (306, 306), K (306, 306)
2025-08-14 16:25:41,125 - core.tri_mesh - INFO - matrix computation completed: 0.080s, memory: 0.57MB
2025-08-14 16:25:41,125 - __main__ - INFO - epsilon set to sqrt(mean_triangle_area) = 6.312e-02
2025-08-14 16:25:41,132 - projection_iterative - INFO - Projection converged after 3 iterations
2025-08-14 16:25:41,132 - projection_iterative - INFO - Final errors: row=2.67e-10, area=1.00e-10
2025-08-14 16:25:41,132 - core.pyslsqp_optimizer - INFO - Starting optimization
2025-08-14 16:25:41,132 - __main__ - INFO - Processing initial condition...
2025-08-14 16:25:41,135 - __main__ - INFO - ✓ Initial condition validation passed
2025-08-14 16:25:41,135 - __main__ - INFO - Starting PySLSQP optimization with analytic gradients...
2025-08-14 16:25:41,643 - __main__ - INFO -   Iteration 0: Energy=2.140095e+01
2025-08-14 16:25:41,643 - __main__ - INFO -     Target area per partition: 1.178097e+00
2025-08-14 16:25:41,643 - __main__ - INFO -     Current partition areas: [1.14602617 1.14889676]
2025-08-14 16:26:09,230 - __main__ - INFO -   Iteration 50: Energy=1.284260e+01
2025-08-14 16:26:09,230 - __main__ - INFO -     Target area per partition: 1.178097e+00
2025-08-14 16:26:09,230 - __main__ - INFO -     Current partition areas: [1.14532887 1.1488523 ]
2025-08-14 16:26:37,118 - __main__ - INFO -   Iteration 100: Energy=1.283879e+01
2025-08-14 16:26:37,119 - __main__ - INFO -     Target area per partition: 1.178097e+00
2025-08-14 16:26:37,119 - __main__ - INFO -     Current partition areas: [1.14523126 1.14873039]
2025-08-14 16:27:05,969 - __main__ - INFO -   Iteration 150: Energy=1.280622e+01
2025-08-14 16:27:05,969 - __main__ - INFO -     Target area per partition: 1.178097e+00
2025-08-14 16:27:05,969 - __main__ - INFO -     Current partition areas: [1.14549511 1.14839989]
2025-08-14 16:27:34,042 - __main__ - INFO -   Iteration 200: Energy=1.284239e+01
2025-08-14 16:27:34,042 - __main__ - INFO -     Target area per partition: 1.178097e+00
2025-08-14 16:27:34,042 - __main__ - INFO -     Current partition areas: [1.14519203 1.14882903]
2025-08-14 16:28:02,035 - __main__ - INFO -   Iteration 250: Energy=1.289911e+01
2025-08-14 16:28:02,036 - __main__ - INFO -     Target area per partition: 1.178097e+00
2025-08-14 16:28:02,036 - __main__ - INFO -     Current partition areas: [1.14519797 1.14863582]
2025-08-14 16:28:30,474 - __main__ - INFO -   Iteration 300: Energy=1.279363e+01
2025-08-14 16:28:30,475 - __main__ - INFO -     Target area per partition: 1.178097e+00
2025-08-14 16:28:30,476 - __main__ - INFO -     Current partition areas: [1.14558527 1.14841819]
2025-08-14 16:28:58,709 - __main__ - INFO -   Iteration 350: Energy=1.280441e+01
2025-08-14 16:28:58,709 - __main__ - INFO -     Target area per partition: 1.178097e+00
2025-08-14 16:28:58,709 - __main__ - INFO -     Current partition areas: [1.14554007 1.14839456]
2025-08-14 16:29:26,994 - __main__ - INFO -   Iteration 400: Energy=1.277759e+01
2025-08-14 16:29:26,995 - __main__ - INFO -     Target area per partition: 1.178097e+00
2025-08-14 16:29:26,995 - __main__ - INFO -     Current partition areas: [1.14557786 1.1484359 ]
2025-08-14 16:29:56,575 - __main__ - INFO -   Iteration 450: Energy=1.277313e+01
2025-08-14 16:29:56,576 - __main__ - INFO -     Target area per partition: 1.178097e+00
2025-08-14 16:29:56,576 - __main__ - INFO -     Current partition areas: [1.14566193 1.14835131]
2025-08-14 16:30:26,507 - __main__ - INFO -   Iteration 500: Energy=1.277896e+01
2025-08-14 16:30:26,508 - __main__ - INFO -     Target area per partition: 1.178097e+00
2025-08-14 16:30:26,509 - __main__ - INFO -     Current partition areas: [1.14567847 1.14834799]
2025-08-14 16:30:56,359 - __main__ - INFO -   Iteration 550: Energy=1.277468e+01
2025-08-14 16:30:56,360 - __main__ - INFO -     Target area per partition: 1.178097e+00
2025-08-14 16:30:56,360 - __main__ - INFO -     Current partition areas: [1.14567157 1.14835861]
2025-08-14 16:31:25,877 - __main__ - INFO - PySLSQP optimization completed: Success=False
2025-08-14 16:31:25,877 - __main__ - INFO -   Summary saved to: results/run_20250814_161816_surfring_npart2_v1nr16-18_incr2_v2na16-17_incr1_lam0.0_seed42/pyslsqp_part2_v1nr18_v2na17_level1_summary.out
2025-08-14 16:31:25,877 - __main__ - INFO -   Internal data saved to: results/run_20250814_161816_surfring_npart2_v1nr16-18_incr2_v2na16-17_incr1_lam0.0_seed42/pyslsqp_part2_v1nr18_v2na17_level1_internal_data.hdf5
2025-08-14 16:31:25,877 - __main__ - WARNING - Returning last valid iterate before unsuccessful termination.
2025-08-14 16:31:25,879 - core.pyslsqp_optimizer - INFO - optimization completed: 344.747s, memory: 28.57MB
