2025-08-11 16:34:38,873 - __main__ - INFO - Starting ring partition optimization with 2 refinement levels
2025-08-11 16:34:38,873 - __main__ - INFO - Results will be saved in: results/run_20250811_163438_npart2_nr8-10_incr2_na24-24_inca0_lam0.0_seed42
2025-08-11 16:34:38,873 - __main__ - INFO - ================================================================================
2025-08-11 16:34:38,873 - __main__ - INFO - Refinement Level 1/2
2025-08-11 16:34:38,873 - __main__ - INFO - ================================================================================
2025-08-11 16:34:38,873 - __main__ - INFO - Creating mesh with parameters: {'n_radial': 8, 'n_angular': 24, 'r_inner': 0.5, 'r_outer': 1.0}
2025-08-11 16:34:38,873 - ring_mesh - INFO - Creating ring mesh: n_radial=8, n_angular=24, r_inner=0.5, r_outer=1.0
2025-08-11 16:34:38,885 - ring_mesh - INFO - Mesh created: 192 vertices, 336 triangles
2025-08-11 16:34:38,886 - ring_mesh - INFO - Theoretical area: 2.356194
2025-08-11 16:34:38,886 - __main__ - INFO - Mesh created: 192 vertices, 336 triangles
2025-08-11 16:34:38,886 - __main__ - INFO - Computing FEM matrices...
2025-08-11 16:34:38,905 - ring_mesh - INFO - Starting matrix computation
2025-08-11 16:34:38,905 - ring_mesh - INFO - Starting matrix computation...
2025-08-11 16:34:38,960 - ring_mesh - INFO - Matrix computation completed: Mass matrix (192, 192), Stiffness matrix (192, 192)
2025-08-11 16:34:38,961 - ring_mesh - INFO - matrix computation completed: 0.056s, memory: 0.30MB
2025-08-11 16:34:38,961 - __main__ - INFO - Matrices computed successfully
2025-08-11 16:34:38,962 - ring_mesh - INFO - Mesh statistics: 192 vertices, 336 triangles, area=2.329371
2025-08-11 16:34:38,962 - __main__ - INFO - Setting epsilon to sqrt(mean_triangle_area): 8.326255e-02
2025-08-11 16:34:38,962 - pyslsqp_optimizer - INFO - PySLSQPOptimizer initialized:
2025-08-11 16:34:38,962 - pyslsqp_optimizer - INFO -   Ring: r_inner=0.500, r_outer=1.000
2025-08-11 16:34:38,962 - pyslsqp_optimizer - INFO -   Partitions: 2
2025-08-11 16:34:38,962 - pyslsqp_optimizer - INFO -   Epsilon: 8.33e-02
2025-08-11 16:34:38,962 - pyslsqp_optimizer - INFO -   Theoretical area: 2.356194
2025-08-11 16:34:38,962 - pyslsqp_optimizer - INFO -   Discretized area: 2.329371
2025-08-11 16:34:38,962 - __main__ - INFO - PySLSQP optimizer created
2025-08-11 16:34:38,962 - __main__ - INFO - Creating random initial condition using orthogonal projection
2025-08-11 16:34:38,963 - projection_iterative - INFO - Creating initial condition: 192x2, method=iterative
2025-08-11 16:34:38,964 - projection_iterative - INFO - Projection converged after 1 iterations
2025-08-11 16:34:38,964 - projection_iterative - INFO - Final errors: row=1.28e-10, area=1.00e-10
2025-08-11 16:34:38,964 - __main__ - INFO - Initial condition validation passed
2025-08-11 16:34:38,964 - __main__ - INFO - Checking analytic vs finite-difference gradients...
2025-08-11 16:34:38,964 - __main__ - INFO - Checking analytic vs finite-difference gradients...
2025-08-11 16:34:39,076 - __main__ - WARNING - Large gradient error at point 0: 1.19e-02
2025-08-11 16:34:39,182 - __main__ - WARNING - Large gradient error at point 1: 1.19e-02
2025-08-11 16:34:39,294 - __main__ - WARNING - Large gradient error at point 2: 1.19e-02
2025-08-11 16:34:39,404 - __main__ - WARNING - Large gradient error at point 3: 1.18e-02
2025-08-11 16:34:39,505 - __main__ - WARNING - Large gradient error at point 4: 1.20e-02
2025-08-11 16:34:39,609 - __main__ - WARNING - Large gradient error at point 5: 1.19e-02
2025-08-11 16:34:39,728 - __main__ - WARNING - Large gradient error at point 6: 1.20e-02
2025-08-11 16:34:39,837 - __main__ - WARNING - Large gradient error at point 7: 1.20e-02
2025-08-11 16:34:39,943 - __main__ - WARNING - Large gradient error at point 8: 1.19e-02
2025-08-11 16:34:40,048 - __main__ - WARNING - Large gradient error at point 9: 1.20e-02
2025-08-11 16:34:40,048 - __main__ - INFO - Gradient check completed: avg_error=1.19e-02, max_error=1.20e-02
2025-08-11 16:34:40,048 - __main__ - WARNING - Gradient errors are larger than expected
2025-08-11 16:34:40,048 - pyslsqp_optimizer - INFO - Starting optimization
2025-08-11 16:34:40,048 - pyslsqp_optimizer - INFO - Processing initial condition...
2025-08-11 16:34:40,050 - pyslsqp_optimizer - INFO - ✓ Initial condition processed
2025-08-11 16:34:40,050 - pyslsqp_optimizer - INFO - ✓ Initial condition validation passed
2025-08-11 16:34:40,050 - pyslsqp_optimizer - INFO - Initial state before optimization:
2025-08-11 16:34:40,050 - pyslsqp_optimizer - INFO -   Energy: 1.189765e+01
2025-08-11 16:34:40,050 - pyslsqp_optimizer - INFO -   Initial condition shape: (384,)
2025-08-11 16:34:40,050 - pyslsqp_optimizer - INFO -   Detailed optimization data will be saved to:
2025-08-11 16:34:40,050 - pyslsqp_optimizer - INFO -     Summary: results/run_20250811_163438_npart2_nr8-10_incr2_na24-24_inca0_lam0.0_seed42/pyslsqp_part2_nt8_np24_lam0.0_seed42_level0_summary.out
2025-08-11 16:34:40,050 - pyslsqp_optimizer - INFO -     Internal data: results/run_20250811_163438_npart2_nr8-10_incr2_na24-24_inca0_lam0.0_seed42/pyslsqp_part2_nt8_np24_lam0.0_seed42_level0_internal_data.hdf5
2025-08-11 16:34:40,051 - pyslsqp_optimizer - INFO - Starting PySLSQP optimization with analytic gradients...
2025-08-11 16:34:49,369 - pyslsqp_optimizer - INFO -   Iteration 50:
2025-08-11 16:34:49,369 - pyslsqp_optimizer - INFO -     Energy: 6.959284e+00
2025-08-11 16:34:49,369 - pyslsqp_optimizer - INFO -     Energy change: 3.929543e-04
2025-08-11 16:34:49,369 - pyslsqp_optimizer - INFO -     Theoretical target area per partition: 1.178097e+00
2025-08-11 16:34:49,370 - pyslsqp_optimizer - INFO -     Current partition areas: [1.15775343 1.15611999]
2025-08-11 16:34:58,602 - pyslsqp_optimizer - INFO -   Iteration 100:
2025-08-11 16:34:58,602 - pyslsqp_optimizer - INFO -     Energy: 6.973751e+00
2025-08-11 16:34:58,602 - pyslsqp_optimizer - INFO -     Energy change: 2.228217e-04
2025-08-11 16:34:58,602 - pyslsqp_optimizer - INFO -     Theoretical target area per partition: 1.178097e+00
2025-08-11 16:34:58,602 - pyslsqp_optimizer - INFO -     Current partition areas: [1.1576705  1.15616308]
2025-08-11 16:35:07,848 - pyslsqp_optimizer - INFO -   Iteration 150:
2025-08-11 16:35:07,848 - pyslsqp_optimizer - INFO -     Energy: 6.983708e+00
2025-08-11 16:35:07,848 - pyslsqp_optimizer - INFO -     Energy change: 1.783980e-04
2025-08-11 16:35:07,848 - pyslsqp_optimizer - INFO -     Theoretical target area per partition: 1.178097e+00
2025-08-11 16:35:07,849 - pyslsqp_optimizer - INFO -     Current partition areas: [1.15760179 1.15620684]
2025-08-11 16:35:17,175 - pyslsqp_optimizer - INFO -   Iteration 200:
2025-08-11 16:35:17,175 - pyslsqp_optimizer - INFO -     Energy: 6.991432e+00
2025-08-11 16:35:17,175 - pyslsqp_optimizer - INFO -     Energy change: 1.334207e-04
2025-08-11 16:35:17,175 - pyslsqp_optimizer - INFO -     Theoretical target area per partition: 1.178097e+00
2025-08-11 16:35:17,175 - pyslsqp_optimizer - INFO -     Current partition areas: [1.15754834 1.15623934]
2025-08-11 16:35:26,420 - pyslsqp_optimizer - INFO -   Iteration 250:
2025-08-11 16:35:26,420 - pyslsqp_optimizer - INFO -     Energy: 6.997670e+00
2025-08-11 16:35:26,420 - pyslsqp_optimizer - INFO -     Energy change: 1.157247e-04
2025-08-11 16:35:26,420 - pyslsqp_optimizer - INFO -     Theoretical target area per partition: 1.178097e+00
2025-08-11 16:35:26,420 - pyslsqp_optimizer - INFO -     Current partition areas: [1.15750644 1.15626246]
2025-08-11 16:35:35,659 - pyslsqp_optimizer - INFO -   Iteration 300:
2025-08-11 16:35:35,660 - pyslsqp_optimizer - INFO -     Energy: 7.003169e+00
2025-08-11 16:35:35,660 - pyslsqp_optimizer - INFO -     Energy change: 1.048227e-04
2025-08-11 16:35:35,660 - pyslsqp_optimizer - INFO -     Theoretical target area per partition: 1.178097e+00
2025-08-11 16:35:35,660 - pyslsqp_optimizer - INFO -     Current partition areas: [1.15746997 1.15628139]
2025-08-11 16:35:44,976 - pyslsqp_optimizer - INFO -   Iteration 350:
2025-08-11 16:35:44,976 - pyslsqp_optimizer - INFO -     Energy: 7.008176e+00
2025-08-11 16:35:44,976 - pyslsqp_optimizer - INFO -     Energy change: 9.588396e-05
2025-08-11 16:35:44,976 - pyslsqp_optimizer - INFO -     Theoretical target area per partition: 1.178097e+00
2025-08-11 16:35:44,976 - pyslsqp_optimizer - INFO -     Current partition areas: [1.15743698 1.15629775]
2025-08-11 16:35:54,230 - pyslsqp_optimizer - INFO -   Iteration 400:
2025-08-11 16:35:54,230 - pyslsqp_optimizer - INFO -     Energy: 7.012769e+00
2025-08-11 16:35:54,230 - pyslsqp_optimizer - INFO -     Energy change: 8.817031e-05
2025-08-11 16:35:54,230 - pyslsqp_optimizer - INFO -     Theoretical target area per partition: 1.178097e+00
2025-08-11 16:35:54,230 - pyslsqp_optimizer - INFO -     Current partition areas: [1.15740683 1.15631217]
2025-08-11 16:36:03,482 - pyslsqp_optimizer - INFO -   Iteration 450:
2025-08-11 16:36:03,482 - pyslsqp_optimizer - INFO -     Energy: 7.017003e+00
2025-08-11 16:36:03,482 - pyslsqp_optimizer - INFO -     Energy change: 8.148454e-05
2025-08-11 16:36:03,483 - pyslsqp_optimizer - INFO -     Theoretical target area per partition: 1.178097e+00
2025-08-11 16:36:03,483 - pyslsqp_optimizer - INFO -     Current partition areas: [1.15737912 1.15632499]
2025-08-11 16:36:12,739 - pyslsqp_optimizer - INFO -   Iteration 500:
2025-08-11 16:36:12,739 - pyslsqp_optimizer - INFO -     Energy: 7.020897e+00
2025-08-11 16:36:12,739 - pyslsqp_optimizer - INFO -     Energy change: 7.404202e-05
2025-08-11 16:36:12,739 - pyslsqp_optimizer - INFO -     Theoretical target area per partition: 1.178097e+00
2025-08-11 16:36:12,739 - pyslsqp_optimizer - INFO -     Current partition areas: [1.15735364 1.15633651]
2025-08-11 16:36:22,070 - pyslsqp_optimizer - INFO -   Iteration 550:
2025-08-11 16:36:22,070 - pyslsqp_optimizer - INFO -     Energy: 7.024397e+00
2025-08-11 16:36:22,070 - pyslsqp_optimizer - INFO -     Energy change: 6.622318e-05
2025-08-11 16:36:22,071 - pyslsqp_optimizer - INFO -     Theoretical target area per partition: 1.178097e+00
2025-08-11 16:36:22,071 - pyslsqp_optimizer - INFO -     Current partition areas: [1.15733069 1.15634673]
2025-08-11 16:36:31,311 - pyslsqp_optimizer - INFO -   Iteration 600:
2025-08-11 16:36:31,311 - pyslsqp_optimizer - INFO -     Energy: 7.027622e+00
2025-08-11 16:36:31,311 - pyslsqp_optimizer - INFO -     Energy change: 6.288411e-05
2025-08-11 16:36:31,311 - pyslsqp_optimizer - INFO -     Theoretical target area per partition: 1.178097e+00
2025-08-11 16:36:31,311 - pyslsqp_optimizer - INFO -     Current partition areas: [1.1573098  1.15635555]
2025-08-11 16:36:40,579 - pyslsqp_optimizer - INFO -   Iteration 650:
2025-08-11 16:36:40,579 - pyslsqp_optimizer - INFO -     Energy: 7.030687e+00
2025-08-11 16:36:40,579 - pyslsqp_optimizer - INFO -     Energy change: 5.980448e-05
2025-08-11 16:36:40,579 - pyslsqp_optimizer - INFO -     Theoretical target area per partition: 1.178097e+00
2025-08-11 16:36:40,580 - pyslsqp_optimizer - INFO -     Current partition areas: [1.15729001 1.15636368]
2025-08-11 16:36:49,874 - pyslsqp_optimizer - INFO -   Iteration 700:
2025-08-11 16:36:49,874 - pyslsqp_optimizer - INFO -     Energy: 7.033597e+00
2025-08-11 16:36:49,874 - pyslsqp_optimizer - INFO -     Energy change: 5.675176e-05
2025-08-11 16:36:49,874 - pyslsqp_optimizer - INFO -     Theoretical target area per partition: 1.178097e+00
2025-08-11 16:36:49,874 - pyslsqp_optimizer - INFO -     Current partition areas: [1.15727124 1.15637123]
2025-08-11 16:36:59,219 - pyslsqp_optimizer - INFO -   Iteration 750:
2025-08-11 16:36:59,219 - pyslsqp_optimizer - INFO -     Energy: 7.036358e+00
2025-08-11 16:36:59,219 - pyslsqp_optimizer - INFO -     Energy change: 5.398194e-05
2025-08-11 16:36:59,219 - pyslsqp_optimizer - INFO -     Theoretical target area per partition: 1.178097e+00
2025-08-11 16:36:59,219 - pyslsqp_optimizer - INFO -     Current partition areas: [1.15725346 1.15637824]
2025-08-11 16:37:08,514 - pyslsqp_optimizer - INFO -   Iteration 800:
2025-08-11 16:37:08,514 - pyslsqp_optimizer - INFO -     Energy: 7.038999e+00
2025-08-11 16:37:08,514 - pyslsqp_optimizer - INFO -     Energy change: 5.171283e-05
2025-08-11 16:37:08,514 - pyslsqp_optimizer - INFO -     Theoretical target area per partition: 1.178097e+00
2025-08-11 16:37:08,514 - pyslsqp_optimizer - INFO -     Current partition areas: [1.15723651 1.15638475]
2025-08-11 16:37:17,758 - pyslsqp_optimizer - INFO -   Iteration 850:
2025-08-11 16:37:17,758 - pyslsqp_optimizer - INFO -     Energy: 7.041529e+00
2025-08-11 16:37:17,758 - pyslsqp_optimizer - INFO -     Energy change: 4.957671e-05
2025-08-11 16:37:17,758 - pyslsqp_optimizer - INFO -     Theoretical target area per partition: 1.178097e+00
2025-08-11 16:37:17,758 - pyslsqp_optimizer - INFO -     Current partition areas: [1.1572203  1.15639086]
2025-08-11 16:37:27,039 - pyslsqp_optimizer - INFO -   Iteration 900:
2025-08-11 16:37:27,039 - pyslsqp_optimizer - INFO -     Energy: 7.043957e+00
2025-08-11 16:37:27,039 - pyslsqp_optimizer - INFO -     Energy change: 4.760772e-05
2025-08-11 16:37:27,039 - pyslsqp_optimizer - INFO -     Theoretical target area per partition: 1.178097e+00
2025-08-11 16:37:27,039 - pyslsqp_optimizer - INFO -     Current partition areas: [1.15720476 1.1563966 ]
2025-08-11 16:37:36,282 - pyslsqp_optimizer - INFO -   Iteration 950:
2025-08-11 16:37:36,282 - pyslsqp_optimizer - INFO -     Energy: 7.046291e+00
2025-08-11 16:37:36,283 - pyslsqp_optimizer - INFO -     Energy change: 4.579701e-05
2025-08-11 16:37:36,283 - pyslsqp_optimizer - INFO -     Theoretical target area per partition: 1.178097e+00
2025-08-11 16:37:36,283 - pyslsqp_optimizer - INFO -     Current partition areas: [1.15718986 1.156402  ]
2025-08-11 16:37:45,455 - pyslsqp_optimizer - INFO -   Iteration 1000:
2025-08-11 16:37:45,455 - pyslsqp_optimizer - INFO -     Energy: 6.967909e+00
2025-08-11 16:37:45,455 - pyslsqp_optimizer - INFO -     Energy change: -8.058181e-02
2025-08-11 16:37:45,455 - pyslsqp_optimizer - INFO -     Theoretical target area per partition: 1.178097e+00
2025-08-11 16:37:45,455 - pyslsqp_optimizer - INFO -     Current partition areas: [1.1550133  1.16227562]
2025-08-11 16:37:45,500 - pyslsqp_optimizer - INFO - PySLSQP optimization completed:
2025-08-11 16:37:45,500 - pyslsqp_optimizer - INFO -   Success: False
2025-08-11 16:37:45,501 - pyslsqp_optimizer - INFO -   Summary saved to: results/run_20250811_163438_npart2_nr8-10_incr2_na24-24_inca0_lam0.0_seed42/pyslsqp_part2_nt8_np24_lam0.0_seed42_level0_summary.out
2025-08-11 16:37:45,501 - pyslsqp_optimizer - INFO -   Internal data saved to: results/run_20250811_163438_npart2_nr8-10_incr2_na24-24_inca0_lam0.0_seed42/pyslsqp_part2_nt8_np24_lam0.0_seed42_level0_internal_data.hdf5
2025-08-11 16:37:45,501 - pyslsqp_optimizer - WARNING - Returning last valid iterate before unsuccessful termination.
2025-08-11 16:37:45,501 - pyslsqp_optimizer - INFO - optimization completed: 185.453s, memory: 41.23MB
2025-08-11 16:37:45,502 - __main__ - INFO - Results for level 1:
2025-08-11 16:37:45,502 - __main__ - INFO -   Energy: 7.048490e+00
2025-08-11 16:37:45,502 - __main__ - INFO -   Iterations: 1000
2025-08-11 16:37:45,502 - __main__ - INFO -   Time: 185.45s
2025-08-11 16:37:45,502 - __main__ - INFO -   Success: False
2025-08-11 16:37:45,502 - __main__ - INFO - ================================================================================
2025-08-11 16:37:45,503 - __main__ - INFO - Refinement Level 2/2
2025-08-11 16:37:45,503 - __main__ - INFO - ================================================================================
2025-08-11 16:37:45,503 - __main__ - INFO - Creating mesh with parameters: {'n_radial': 10, 'n_angular': 24, 'r_inner': 0.5, 'r_outer': 1.0}
2025-08-11 16:37:45,503 - ring_mesh - INFO - Creating ring mesh: n_radial=10, n_angular=24, r_inner=0.5, r_outer=1.0
2025-08-11 16:37:45,517 - ring_mesh - INFO - Mesh created: 240 vertices, 432 triangles
2025-08-11 16:37:45,517 - ring_mesh - INFO - Theoretical area: 2.356194
2025-08-11 16:37:45,517 - __main__ - INFO - Mesh created: 240 vertices, 432 triangles
2025-08-11 16:37:45,517 - __main__ - INFO - Computing FEM matrices...
2025-08-11 16:37:45,517 - ring_mesh - INFO - Starting matrix computation
2025-08-11 16:37:45,518 - ring_mesh - INFO - Starting matrix computation...
2025-08-11 16:37:45,585 - ring_mesh - INFO - Matrix computation completed: Mass matrix (240, 240), Stiffness matrix (240, 240)
2025-08-11 16:37:45,585 - ring_mesh - INFO - matrix computation completed: 0.068s, memory: 0.17MB
2025-08-11 16:37:45,585 - __main__ - INFO - Matrices computed successfully
2025-08-11 16:37:45,585 - ring_mesh - INFO - Mesh statistics: 240 vertices, 432 triangles, area=2.329371
2025-08-11 16:37:45,586 - __main__ - INFO - Setting epsilon to sqrt(mean_triangle_area): 7.343067e-02
2025-08-11 16:37:45,586 - pyslsqp_optimizer - INFO - PySLSQPOptimizer initialized:
2025-08-11 16:37:45,586 - pyslsqp_optimizer - INFO -   Ring: r_inner=0.500, r_outer=1.000
2025-08-11 16:37:45,586 - pyslsqp_optimizer - INFO -   Partitions: 2
2025-08-11 16:37:45,586 - pyslsqp_optimizer - INFO -   Epsilon: 7.34e-02
2025-08-11 16:37:45,586 - pyslsqp_optimizer - INFO -   Theoretical area: 2.356194
2025-08-11 16:37:45,586 - pyslsqp_optimizer - INFO -   Discretized area: 2.329371
2025-08-11 16:37:45,586 - __main__ - INFO - PySLSQP optimizer created
2025-08-11 16:37:45,586 - __main__ - INFO - Mesh resolution changed. Interpolating solution from previous mesh to current mesh...
2025-08-11 16:37:45,591 - __main__ - INFO - Projecting interpolated solution to feasible region (orthogonal projection)
2025-08-11 16:37:45,593 - projection_iterative - INFO - Projection converged after 3 iterations
2025-08-11 16:37:45,593 - projection_iterative - INFO - Final errors: row=2.37e-10, area=1.00e-10
2025-08-11 16:37:45,593 - __main__ - INFO - Initial condition validation passed
2025-08-11 16:37:45,593 - __main__ - INFO - Initial condition validation passed
2025-08-11 16:37:45,593 - __main__ - INFO - Checking analytic vs finite-difference gradients...
2025-08-11 16:37:45,593 - __main__ - INFO - Checking analytic vs finite-difference gradients...
2025-08-11 16:37:45,727 - __main__ - WARNING - Large gradient error at point 0: 1.58e-02
2025-08-11 16:37:45,853 - __main__ - WARNING - Large gradient error at point 1: 1.58e-02
2025-08-11 16:37:45,984 - __main__ - WARNING - Large gradient error at point 2: 1.60e-02
2025-08-11 16:37:46,113 - __main__ - WARNING - Large gradient error at point 3: 1.58e-02
2025-08-11 16:37:46,243 - __main__ - WARNING - Large gradient error at point 4: 1.57e-02
2025-08-11 16:37:46,370 - __main__ - WARNING - Large gradient error at point 5: 1.58e-02
2025-08-11 16:37:46,505 - __main__ - WARNING - Large gradient error at point 6: 1.60e-02
2025-08-11 16:37:46,639 - __main__ - WARNING - Large gradient error at point 7: 1.59e-02
2025-08-11 16:37:46,770 - __main__ - WARNING - Large gradient error at point 8: 1.58e-02
2025-08-11 16:37:46,902 - __main__ - WARNING - Large gradient error at point 9: 1.58e-02
2025-08-11 16:37:46,902 - __main__ - INFO - Gradient check completed: avg_error=1.58e-02, max_error=1.60e-02
2025-08-11 16:37:46,902 - __main__ - WARNING - Gradient errors are larger than expected
2025-08-11 16:37:46,903 - pyslsqp_optimizer - INFO - Starting optimization
2025-08-11 16:37:46,903 - pyslsqp_optimizer - INFO - Processing initial condition...
2025-08-11 16:37:46,904 - pyslsqp_optimizer - INFO - ✓ Initial condition processed
2025-08-11 16:37:46,904 - pyslsqp_optimizer - INFO - ✓ Initial condition validation passed
2025-08-11 16:37:46,904 - pyslsqp_optimizer - INFO - Starting PySLSQP optimization with analytic gradients...
2025-08-11 16:37:47,150 - pyslsqp_optimizer - INFO -   Iteration 0:
2025-08-11 16:37:47,150 - pyslsqp_optimizer - INFO -     Energy: 6.794985e+00
2025-08-11 16:37:47,150 - pyslsqp_optimizer - INFO -     Theoretical target area per partition: 1.178097e+00
2025-08-11 16:37:47,150 - pyslsqp_optimizer - INFO -     Current partition areas: [1.16303038 1.15979925]
2025-08-11 16:37:59,908 - pyslsqp_optimizer - INFO -   Iteration 50:
2025-08-11 16:37:59,908 - pyslsqp_optimizer - INFO -     Energy: 6.430443e+00
2025-08-11 16:37:59,908 - pyslsqp_optimizer - INFO -     Energy change: -1.252884e-05
2025-08-11 16:37:59,908 - pyslsqp_optimizer - INFO -     Theoretical target area per partition: 1.178097e+00
2025-08-11 16:37:59,908 - pyslsqp_optimizer - INFO -     Current partition areas: [1.1613069  1.15883961]
2025-08-11 16:38:12,682 - pyslsqp_optimizer - INFO -   Iteration 100:
2025-08-11 16:38:12,682 - pyslsqp_optimizer - INFO -     Energy: 6.430283e+00
2025-08-11 16:38:12,682 - pyslsqp_optimizer - INFO -     Energy change: -6.657227e-06
2025-08-11 16:38:12,682 - pyslsqp_optimizer - INFO -     Theoretical target area per partition: 1.178097e+00
2025-08-11 16:38:12,682 - pyslsqp_optimizer - INFO -     Current partition areas: [1.16130605 1.15885104]
2025-08-11 16:38:25,438 - pyslsqp_optimizer - INFO -   Iteration 150:
2025-08-11 16:38:25,438 - pyslsqp_optimizer - INFO -     Energy: 6.430192e+00
2025-08-11 16:38:25,438 - pyslsqp_optimizer - INFO -     Energy change: 2.113358e-06
2025-08-11 16:38:25,438 - pyslsqp_optimizer - INFO -     Theoretical target area per partition: 1.178097e+00
2025-08-11 16:38:25,438 - pyslsqp_optimizer - INFO -     Current partition areas: [1.16129315 1.15888077]
2025-08-11 16:38:38,216 - pyslsqp_optimizer - INFO -   Iteration 200:
2025-08-11 16:38:38,216 - pyslsqp_optimizer - INFO -     Energy: 6.430096e+00
2025-08-11 16:38:38,216 - pyslsqp_optimizer - INFO -     Energy change: -1.684940e-06
2025-08-11 16:38:38,216 - pyslsqp_optimizer - INFO -     Theoretical target area per partition: 1.178097e+00
2025-08-11 16:38:38,216 - pyslsqp_optimizer - INFO -     Current partition areas: [1.16127761 1.15891476]
2025-08-11 16:38:52,094 - pyslsqp_optimizer - INFO -   Iteration 250:
2025-08-11 16:38:52,094 - pyslsqp_optimizer - INFO -     Energy: 6.430036e+00
2025-08-11 16:38:52,094 - pyslsqp_optimizer - INFO -     Energy change: -7.775014e-06
2025-08-11 16:38:52,094 - pyslsqp_optimizer - INFO -     Theoretical target area per partition: 1.178097e+00
2025-08-11 16:38:52,095 - pyslsqp_optimizer - INFO -     Current partition areas: [1.16126511 1.15893794]
2025-08-11 16:39:05,873 - pyslsqp_optimizer - INFO -   Iteration 300:
2025-08-11 16:39:05,873 - pyslsqp_optimizer - INFO -     Energy: 6.429990e+00
2025-08-11 16:39:05,873 - pyslsqp_optimizer - INFO -     Energy change: 1.529596e-06
2025-08-11 16:39:05,873 - pyslsqp_optimizer - INFO -     Theoretical target area per partition: 1.178097e+00
2025-08-11 16:39:05,873 - pyslsqp_optimizer - INFO -     Current partition areas: [1.1612528  1.15896174]
2025-08-11 16:39:20,199 - pyslsqp_optimizer - INFO -   Iteration 350:
2025-08-11 16:39:20,199 - pyslsqp_optimizer - INFO -     Energy: 6.429953e+00
2025-08-11 16:39:20,199 - pyslsqp_optimizer - INFO -     Energy change: -3.474215e-06
2025-08-11 16:39:20,199 - pyslsqp_optimizer - INFO -     Theoretical target area per partition: 1.178097e+00
2025-08-11 16:39:20,199 - pyslsqp_optimizer - INFO -     Current partition areas: [1.1612419  1.15898428]
2025-08-11 16:39:33,586 - pyslsqp_optimizer - INFO -   Iteration 400:
2025-08-11 16:39:33,586 - pyslsqp_optimizer - INFO -     Energy: 6.429925e+00
2025-08-11 16:39:33,586 - pyslsqp_optimizer - INFO -     Energy change: -6.787334e-06
2025-08-11 16:39:33,586 - pyslsqp_optimizer - INFO -     Theoretical target area per partition: 1.178097e+00
2025-08-11 16:39:33,587 - pyslsqp_optimizer - INFO -     Current partition areas: [1.16123336 1.1590045 ]
2025-08-11 16:39:46,845 - pyslsqp_optimizer - INFO -   Iteration 450:
2025-08-11 16:39:46,846 - pyslsqp_optimizer - INFO -     Energy: 6.429917e+00
2025-08-11 16:39:46,846 - pyslsqp_optimizer - INFO -     Energy change: 4.514822e-06
2025-08-11 16:39:46,846 - pyslsqp_optimizer - INFO -     Theoretical target area per partition: 1.178097e+00
2025-08-11 16:39:46,846 - pyslsqp_optimizer - INFO -     Current partition areas: [1.16122537 1.15902416]
2025-08-11 16:39:59,611 - pyslsqp_optimizer - INFO -   Iteration 500:
2025-08-11 16:39:59,611 - pyslsqp_optimizer - INFO -     Energy: 6.429905e+00
2025-08-11 16:39:59,611 - pyslsqp_optimizer - INFO -     Energy change: -8.143415e-06
2025-08-11 16:39:59,612 - pyslsqp_optimizer - INFO -     Theoretical target area per partition: 1.178097e+00
2025-08-11 16:39:59,612 - pyslsqp_optimizer - INFO -     Current partition areas: [1.16121655 1.15904248]
2025-08-11 16:40:12,371 - pyslsqp_optimizer - INFO -   Iteration 550:
2025-08-11 16:40:12,371 - pyslsqp_optimizer - INFO -     Energy: 6.429912e+00
2025-08-11 16:40:12,371 - pyslsqp_optimizer - INFO -     Energy change: -2.633754e-07
2025-08-11 16:40:12,371 - pyslsqp_optimizer - INFO -     Theoretical target area per partition: 1.178097e+00
2025-08-11 16:40:12,371 - pyslsqp_optimizer - INFO -     Current partition areas: [1.16120907 1.15905648]
2025-08-11 16:40:25,108 - pyslsqp_optimizer - INFO -   Iteration 600:
2025-08-11 16:40:25,108 - pyslsqp_optimizer - INFO -     Energy: 6.429904e+00
2025-08-11 16:40:25,108 - pyslsqp_optimizer - INFO -     Energy change: 2.326278e-06
2025-08-11 16:40:25,109 - pyslsqp_optimizer - INFO -     Theoretical target area per partition: 1.178097e+00
2025-08-11 16:40:25,109 - pyslsqp_optimizer - INFO -     Current partition areas: [1.16120154 1.1590722 ]
2025-08-11 16:40:38,167 - pyslsqp_optimizer - INFO -   Iteration 650:
2025-08-11 16:40:38,167 - pyslsqp_optimizer - INFO -     Energy: 6.429961e+00
2025-08-11 16:40:38,167 - pyslsqp_optimizer - INFO -     Energy change: 1.349463e-06
2025-08-11 16:40:38,167 - pyslsqp_optimizer - INFO -     Theoretical target area per partition: 1.178097e+00
2025-08-11 16:40:38,167 - pyslsqp_optimizer - INFO -     Current partition areas: [1.1611934  1.15908632]
2025-08-11 16:40:52,521 - pyslsqp_optimizer - INFO -   Iteration 700:
2025-08-11 16:40:52,521 - pyslsqp_optimizer - INFO -     Energy: 6.429942e+00
2025-08-11 16:40:52,521 - pyslsqp_optimizer - INFO -     Energy change: -2.320273e-06
2025-08-11 16:40:52,521 - pyslsqp_optimizer - INFO -     Theoretical target area per partition: 1.178097e+00
2025-08-11 16:40:52,521 - pyslsqp_optimizer - INFO -     Current partition areas: [1.1611866 1.159101 ]
2025-08-11 16:41:05,440 - pyslsqp_optimizer - INFO -   Iteration 750:
2025-08-11 16:41:05,440 - pyslsqp_optimizer - INFO -     Energy: 6.429970e+00
2025-08-11 16:41:05,440 - pyslsqp_optimizer - INFO -     Energy change: -5.151779e-07
2025-08-11 16:41:05,440 - pyslsqp_optimizer - INFO -     Theoretical target area per partition: 1.178097e+00
2025-08-11 16:41:05,440 - pyslsqp_optimizer - INFO -     Current partition areas: [1.16118036 1.15911267]
2025-08-11 16:41:18,761 - pyslsqp_optimizer - INFO -   Iteration 800:
2025-08-11 16:41:18,761 - pyslsqp_optimizer - INFO -     Energy: 6.430002e+00
2025-08-11 16:41:18,761 - pyslsqp_optimizer - INFO -     Energy change: 2.817903e-06
2025-08-11 16:41:18,762 - pyslsqp_optimizer - INFO -     Theoretical target area per partition: 1.178097e+00
2025-08-11 16:41:18,762 - pyslsqp_optimizer - INFO -     Current partition areas: [1.1611742  1.15912379]
2025-08-11 16:41:32,672 - pyslsqp_optimizer - INFO -   Iteration 850:
2025-08-11 16:41:32,672 - pyslsqp_optimizer - INFO -     Energy: 6.430007e+00
2025-08-11 16:41:32,672 - pyslsqp_optimizer - INFO -     Energy change: 9.608529e-07
2025-08-11 16:41:32,672 - pyslsqp_optimizer - INFO -     Theoretical target area per partition: 1.178097e+00
2025-08-11 16:41:32,673 - pyslsqp_optimizer - INFO -     Current partition areas: [1.16116887 1.15913599]
2025-08-11 16:41:45,417 - pyslsqp_optimizer - INFO -   Iteration 900:
2025-08-11 16:41:45,417 - pyslsqp_optimizer - INFO -     Energy: 6.430031e+00
2025-08-11 16:41:45,417 - pyslsqp_optimizer - INFO -     Energy change: -7.640060e-09
2025-08-11 16:41:45,417 - pyslsqp_optimizer - INFO -     Theoretical target area per partition: 1.178097e+00
2025-08-11 16:41:45,417 - pyslsqp_optimizer - INFO -     Current partition areas: [1.16116376 1.15914608]
2025-08-11 16:41:59,004 - pyslsqp_optimizer - INFO -   Iteration 950:
2025-08-11 16:41:59,004 - pyslsqp_optimizer - INFO -     Energy: 6.430074e+00
2025-08-11 16:41:59,004 - pyslsqp_optimizer - INFO -     Energy change: -1.834912e-07
2025-08-11 16:41:59,004 - pyslsqp_optimizer - INFO -     Theoretical target area per partition: 1.178097e+00
2025-08-11 16:41:59,005 - pyslsqp_optimizer - INFO -     Current partition areas: [1.16115911 1.15915307]
2025-08-11 16:42:12,589 - pyslsqp_optimizer - INFO - PySLSQP optimization completed:
2025-08-11 16:42:12,589 - pyslsqp_optimizer - INFO -   Success: False
2025-08-11 16:42:12,589 - pyslsqp_optimizer - INFO -   Summary saved to: results/run_20250811_163438_npart2_nr8-10_incr2_na24-24_inca0_lam0.0_seed42/pyslsqp_part2_nt10_np24_lam0.0_seed42_level1_summary.out
2025-08-11 16:42:12,589 - pyslsqp_optimizer - INFO -   Internal data saved to: results/run_20250811_163438_npart2_nr8-10_incr2_na24-24_inca0_lam0.0_seed42/pyslsqp_part2_nt10_np24_lam0.0_seed42_level1_internal_data.hdf5
2025-08-11 16:42:12,589 - pyslsqp_optimizer - WARNING - Returning last valid iterate before unsuccessful termination.
2025-08-11 16:42:12,590 - pyslsqp_optimizer - INFO - optimization completed: 265.687s, memory: 16.06MB
2025-08-11 16:42:12,590 - __main__ - INFO - Results for level 2:
2025-08-11 16:42:12,591 - __main__ - INFO -   Energy: 6.430075e+00
2025-08-11 16:42:12,591 - __main__ - INFO -   Iterations: 999
2025-08-11 16:42:12,591 - __main__ - INFO -   Time: 265.69s
2025-08-11 16:42:12,591 - __main__ - INFO -   Success: False
2025-08-11 16:42:12,591 - __main__ - INFO - Refinement Summary:
2025-08-11 16:42:12,591 - __main__ - INFO - ================================================================================
2025-08-11 16:42:12,591 - __main__ - INFO -  Level    Mesh Size       Energy Iterations   Time (s)
2025-08-11 16:42:12,591 - __main__ - INFO - --------------------------------------------------------------------------------
2025-08-11 16:42:12,591 - __main__ - INFO -      1         8x24 7.048490e+00       1000     185.45
2025-08-11 16:42:12,591 - __main__ - INFO -      2        10x24 6.430075e+00        999     265.69
2025-08-11 16:42:12,593 - __main__ - INFO - ✅ Solution file saved: results/run_20250811_163438_npart2_nr8-10_incr2_na24-24_inca0_lam0.0_seed42/ring_part2_nr8-10_incr2_na24-24_inca0_lam0.0_seed42_20250811_163438.h5
