MAJOR  NFEV  NGEV           OBJFUN            GNORM            CNORM             FEAS              OPT             STEP 
    0     1     1     1.189765E+01     5.260125E+00     1.341154E-02     9.900000E+01     9.900000E+01     9.900000E+01 
    1     2     1     8.379062E+00     5.260125E+00     3.693314E-01     2.789995E+00     1.487824E-02     1.000000E+00 
    2     3     2     7.113866E+00     4.021925E+00     5.378329E-01     5.348492E+00     4.737211E-01     1.000000E+00 
    3     4     3     7.063093E+00     3.542259E+00     9.591267E-01     9.147117E+00     8.901751E-01     1.000000E+00 
    4    15     4     6.939133E+00     3.542253E+00     1.013120E+00     9.486597E+00     8.663207E-01     1.000000E+00 
    5    26     5     6.905947E+00     3.542159E+00     1.007658E+00     9.330701E+00     8.465815E-01     1.000000E+00 
    6    30     6     6.947630E+00     3.527610E+00     1.099730E+00     1.027927E+01     9.189647E-01     1.000000E+00 
    7    41     7     6.943688E+00     3.527507E+00     1.109796E+00     1.038559E+01     9.129683E-01     1.000000E+00 
    8    52     8     6.941558E+00     3.527388E+00     1.115321E+00     1.043064E+01     9.068961E-01     1.000000E+00 
    9    63     9     6.940485E+00     3.527253E+00     1.122727E+00     1.049226E+01     9.045855E-01     1.000000E+00 
   10    74    10     6.940008E+00     3.527111E+00     1.128524E+00     1.053994E+01     9.038294E-01     1.000000E+00 
   11    85    11     6.939945E+00     3.526964E+00     1.134653E+00     1.059342E+01     9.039053E-01     1.000000E+00 
   12    96    12     6.940137E+00     3.526816E+00     1.139895E+00     1.063615E+01     9.042786E-01     1.000000E+00 
   13   107    13     6.940504E+00     3.526667E+00     1.145031E+00     1.067921E+01     9.047890E-01     1.000000E+00 
   14   118    14     6.940982E+00     3.526519E+00     1.149576E+00     1.071531E+01     9.054005E-01     1.000000E+00 
   15   129    15     6.941532E+00     3.526372E+00     1.153888E+00     1.074981E+01     9.060156E-01     1.000000E+00 
   16   140    16     6.942127E+00     3.526226E+00     1.157766E+00     1.078115E+01     9.066700E-01     1.000000E+00 
   17   151    17     6.942745E+00     3.526084E+00     1.161392E+00     1.081111E+01     9.073029E-01     1.000000E+00 
   18   162    18     6.943376E+00     3.525943E+00     1.164682E+00     1.083734E+01     9.079483E-01     1.000000E+00 
   19   173    19     6.944009E+00     3.525805E+00     1.167738E+00     1.086186E+01     9.085710E-01     1.000000E+00 
   20   184    20     6.944639E+00     3.525669E+00     1.170527E+00     1.088378E+01     9.091940E-01     1.000000E+00 
   21   195    21     6.945263E+00     3.525535E+00     1.173110E+00     1.090425E+01     9.097979E-01     1.000000E+00 
   22   206    22     6.945877E+00     3.525405E+00     1.175479E+00     1.092284E+01     9.103967E-01     1.000000E+00 
   23   217    23     6.946479E+00     3.525276E+00     1.177671E+00     1.094057E+01     9.109806E-01     1.000000E+00 
   24   228    24     6.947068E+00     3.525150E+00     1.179676E+00     1.095689E+01     9.115852E-01     1.000000E+00 
   25   239    25     6.947644E+00     3.525025E+00     1.181528E+00     1.097199E+01     9.121772E-01     1.000000E+00 
   26   250    26     6.948210E+00     3.524903E+00     1.183241E+00     1.098605E+01     9.127447E-01     1.000000E+00 
   27   261    27     6.948764E+00     3.524783E+00     1.184832E+00     1.099931E+01     9.132994E-01     1.000000E+00 
   28   272    28     6.949307E+00     3.524665E+00     1.186308E+00     1.101165E+01     9.138456E-01     1.000000E+00 
   29   283    29     6.949840E+00     3.524548E+00     1.187682E+00     1.102326E+01     9.143821E-01     1.000000E+00 
   30   294    30     6.950363E+00     3.524433E+00     1.188960E+00     1.103416E+01     9.149105E-01     1.000000E+00 
   31   305    31     6.950876E+00     3.524321E+00     1.190154E+00     1.104457E+01     9.154303E-01     1.000000E+00 
   32   316    32     6.951381E+00     3.524210E+00     1.191271E+00     1.105454E+01     9.159426E-01     1.000000E+00 
   33   327    33     6.951876E+00     3.524100E+00     1.192318E+00     1.106407E+01     9.164472E-01     1.000000E+00 
   34   338    34     6.952364E+00     3.523993E+00     1.193302E+00     1.107319E+01     9.169448E-01     1.000000E+00 
   35   349    35     6.952843E+00     3.523886E+00     1.194228E+00     1.108195E+01     9.174354E-01     1.000000E+00 
   36   360    36     6.953316E+00     3.523782E+00     1.195102E+00     1.109037E+01     9.179196E-01     1.000000E+00 
   37   371    37     6.953781E+00     3.523679E+00     1.195928E+00     1.109854E+01     9.183972E-01     1.000000E+00 
   38   382    38     6.954239E+00     3.523577E+00     1.196711E+00     1.110642E+01     9.188687E-01     1.000000E+00 
   39   393    39     6.954690E+00     3.523477E+00     1.197456E+00     1.111405E+01     9.193342E-01     1.000000E+00 
   40   404    40     6.955136E+00     3.523379E+00     1.198164E+00     1.112144E+01     9.197938E-01     1.000000E+00 
   41   415    41     6.955575E+00     3.523282E+00     1.198840E+00     1.112861E+01     9.202475E-01     1.000000E+00 
   42   426    42     6.956008E+00     3.523186E+00     1.199486E+00     1.113558E+01     9.206956E-01     1.000000E+00 
   43   437    43     6.956435E+00     3.523092E+00     1.200104E+00     1.114236E+01     9.211384E-01     1.000000E+00 
   44   448    44     6.956857E+00     3.522999E+00     1.200698E+00     1.114897E+01     9.215760E-01     1.000000E+00 
   45   459    45     6.957273E+00     3.522907E+00     1.201270E+00     1.115542E+01     9.220085E-01     1.000000E+00 
   46   470    46     6.957685E+00     3.522817E+00     1.201821E+00     1.116172E+01     9.224363E-01     1.000000E+00 
   47   481    47     6.958092E+00     3.522728E+00     1.202353E+00     1.116788E+01     9.228593E-01     1.000000E+00 
   48   492    48     6.958494E+00     3.522640E+00     1.202867E+00     1.117392E+01     9.232776E-01     1.000000E+00 
   49   503    49     6.958891E+00     3.522553E+00     1.203366E+00     1.117983E+01     9.236911E-01     1.000000E+00 
   50   514    50     6.959284E+00     3.522468E+00     1.203851E+00     1.118563E+01     9.241001E-01     1.000000E+00 
   51   525    51     6.959673E+00     3.522383E+00     1.204321E+00     1.119136E+01     9.245046E-01     1.000000E+00 
   52   536    52     6.960057E+00     3.522300E+00     1.204780E+00     1.119701E+01     9.249044E-01     1.000000E+00 
   53   547    53     6.960437E+00     3.522218E+00     1.205226E+00     1.120255E+01     9.252996E-01     1.000000E+00 
   54   558    54     6.960812E+00     3.522137E+00     1.205661E+00     1.120800E+01     9.256901E-01     1.000000E+00 
   55   569    55     6.961183E+00     3.522058E+00     1.206086E+00     1.121338E+01     9.260758E-01     1.000000E+00 
   56   580    56     6.961549E+00     3.521979E+00     1.206500E+00     1.121867E+01     9.264567E-01     1.000000E+00 
   57   591    57     6.961911E+00     3.521902E+00     1.206906E+00     1.122387E+01     9.268330E-01     1.000000E+00 
   58   602    58     6.962269E+00     3.521825E+00     1.207303E+00     1.122899E+01     9.272049E-01     1.000000E+00 
   59   613    59     6.962623E+00     3.521750E+00     1.207692E+00     1.123403E+01     9.275724E-01     1.000000E+00 
   60   624    60     6.962973E+00     3.521676E+00     1.208073E+00     1.123900E+01     9.279356E-01     1.000000E+00 
   61   635    61     6.963318E+00     3.521603E+00     1.208447E+00     1.124389E+01     9.282944E-01     1.000000E+00 
   62   646    62     6.963659E+00     3.521531E+00     1.208813E+00     1.124871E+01     9.286485E-01     1.000000E+00 
   63   657    63     6.963996E+00     3.521460E+00     1.209173E+00     1.125345E+01     9.289979E-01     1.000000E+00 
   64   668    64     6.964329E+00     3.521390E+00     1.209526E+00     1.125812E+01     9.293429E-01     1.000000E+00 
   65   679    65     6.964657E+00     3.521321E+00     1.209872E+00     1.126271E+01     9.296827E-01     1.000000E+00 
   66   690    66     6.964980E+00     3.521254E+00     1.210211E+00     1.126722E+01     9.300170E-01     1.000000E+00 
   67   701    67     6.965296E+00     3.521188E+00     1.210540E+00     1.127169E+01     9.303437E-01     1.000000E+00 
   68   712    68     6.965605E+00     3.521124E+00     1.210860E+00     1.127614E+01     9.306696E-01     1.000000E+00 
   69   723    69     6.965910E+00     3.521061E+00     1.211175E+00     1.128052E+01     9.309938E-01     1.000000E+00 
   70   734    70     6.966212E+00     3.520998E+00     1.211485E+00     1.128485E+01     9.313150E-01     1.000000E+00 
   71   745    71     6.966511E+00     3.520937E+00     1.211793E+00     1.128913E+01     9.316330E-01     1.000000E+00 
   72   756    72     6.966807E+00     3.520876E+00     1.212096E+00     1.129336E+01     9.319477E-01     1.000000E+00 
   73   767    73     6.967100E+00     3.520816E+00     1.212396E+00     1.129754E+01     9.322592E-01     1.000000E+00 
   74   778    74     6.967390E+00     3.520756E+00     1.212693E+00     1.130167E+01     9.325675E-01     1.000000E+00 
   75   789    75     6.967676E+00     3.520698E+00     1.212985E+00     1.130574E+01     9.328718E-01     1.000000E+00 
   76   800    76     6.967959E+00     3.520640E+00     1.213273E+00     1.130976E+01     9.331721E-01     1.000000E+00 
   77   811    77     6.968239E+00     3.520584E+00     1.213558E+00     1.131373E+01     9.334685E-01     1.000000E+00 
   78   822    78     6.968514E+00     3.520528E+00     1.213838E+00     1.131764E+01     9.337609E-01     1.000000E+00 
   79   833    79     6.968785E+00     3.520473E+00     1.214112E+00     1.132147E+01     9.340478E-01     1.000000E+00 
   80   844    80     6.969051E+00     3.520419E+00     1.214381E+00     1.132523E+01     9.343290E-01     1.000000E+00 
   81   855    81     6.969310E+00     3.520367E+00     1.214641E+00     1.132889E+01     9.346021E-01     1.000000E+00 
   82   866    82     6.969561E+00     3.520317E+00     1.214891E+00     1.133243E+01     9.348763E-01     1.000000E+00 
   83   877    83     6.969808E+00     3.520267E+00     1.215138E+00     1.133591E+01     9.351504E-01     1.000000E+00 
   84   888    84     6.970052E+00     3.520219E+00     1.215382E+00     1.133934E+01     9.354221E-01     1.000000E+00 
   85   899    85     6.970293E+00     3.520170E+00     1.215623E+00     1.134273E+01     9.356918E-01     1.000000E+00 
   86   910    86     6.970532E+00     3.520123E+00     1.215861E+00     1.134608E+01     9.359622E-01     1.000000E+00 
   87   921    87     6.970769E+00     3.520076E+00     1.216099E+00     1.134941E+01     9.362315E-01     1.000000E+00 
   88   932    88     6.971005E+00     3.520029E+00     1.216336E+00     1.135272E+01     9.364995E-01     1.000000E+00 
   89   943    89     6.971240E+00     3.519983E+00     1.216573E+00     1.135601E+01     9.367662E-01     1.000000E+00 
   90   954    90     6.971474E+00     3.519936E+00     1.216809E+00     1.135929E+01     9.370315E-01     1.000000E+00 
   91   965    91     6.971707E+00     3.519891E+00     1.217045E+00     1.136254E+01     9.372954E-01     1.000000E+00 
   92   976    92     6.971938E+00     3.519845E+00     1.217280E+00     1.136578E+01     9.375580E-01     1.000000E+00 
   93   987    93     6.972169E+00     3.519800E+00     1.217514E+00     1.136901E+01     9.378191E-01     1.000000E+00 
   94   998    94     6.972398E+00     3.519755E+00     1.217747E+00     1.137221E+01     9.380789E-01     1.000000E+00 
   95  1009    95     6.972626E+00     3.519710E+00     1.217979E+00     1.137540E+01     9.383373E-01     1.000000E+00 
   96  1020    96     6.972854E+00     3.519666E+00     1.218211E+00     1.137857E+01     9.385944E-01     1.000000E+00 
   97  1031    97     6.973080E+00     3.519622E+00     1.218442E+00     1.138173E+01     9.388501E-01     1.000000E+00 
   98  1042    98     6.973305E+00     3.519579E+00     1.218672E+00     1.138487E+01     9.391045E-01     1.000000E+00 
   99  1053    99     6.973529E+00     3.519535E+00     1.218901E+00     1.138799E+01     9.393575E-01     1.000000E+00 
  100  1064   100     6.973751E+00     3.519492E+00     1.219129E+00     1.139109E+01     9.396093E-01     1.000000E+00 
  101  1075   101     6.973973E+00     3.519449E+00     1.219356E+00     1.139418E+01     9.398598E-01     1.000000E+00 
  102  1086   102     6.974194E+00     3.519407E+00     1.219582E+00     1.139725E+01     9.401089E-01     1.000000E+00 
  103  1097   103     6.974414E+00     3.519365E+00     1.219808E+00     1.140031E+01     9.403569E-01     1.000000E+00 
  104  1108   104     6.974632E+00     3.519323E+00     1.220032E+00     1.140335E+01     9.406035E-01     1.000000E+00 
  105  1119   105     6.974850E+00     3.519281E+00     1.220256E+00     1.140637E+01     9.408489E-01     1.000000E+00 
  106  1130   106     6.975066E+00     3.519240E+00     1.220479E+00     1.140938E+01     9.410931E-01     1.000000E+00 
  107  1141   107     6.975282E+00     3.519199E+00     1.220700E+00     1.141237E+01     9.413361E-01     1.000000E+00 
  108  1152   108     6.975497E+00     3.519158E+00     1.220921E+00     1.141535E+01     9.415778E-01     1.000000E+00 
  109  1163   109     6.975710E+00     3.519117E+00     1.221142E+00     1.141831E+01     9.418184E-01     1.000000E+00 
  110  1174   110     6.975923E+00     3.519077E+00     1.221361E+00     1.142126E+01     9.420578E-01     1.000000E+00 
  111  1185   111     6.976135E+00     3.519037E+00     1.221579E+00     1.142419E+01     9.422960E-01     1.000000E+00 
  112  1196   112     6.976345E+00     3.518997E+00     1.221796E+00     1.142711E+01     9.425331E-01     1.000000E+00 
  113  1207   113     6.976555E+00     3.518958E+00     1.222013E+00     1.143002E+01     9.427690E-01     1.000000E+00 
  114  1218   114     6.976764E+00     3.518918E+00     1.222229E+00     1.143291E+01     9.430038E-01     1.000000E+00 
  115  1229   115     6.976972E+00     3.518879E+00     1.222443E+00     1.143578E+01     9.432374E-01     1.000000E+00 
  116  1240   116     6.977179E+00     3.518840E+00     1.222657E+00     1.143864E+01     9.434700E-01     1.000000E+00 
  117  1251   117     6.977385E+00     3.518802E+00     1.222871E+00     1.144149E+01     9.437014E-01     1.000000E+00 
  118  1262   118     6.977590E+00     3.518763E+00     1.223083E+00     1.144432E+01     9.439317E-01     1.000000E+00 
  119  1273   119     6.977794E+00     3.518725E+00     1.223294E+00     1.144714E+01     9.441610E-01     1.000000E+00 
  120  1284   120     6.977998E+00     3.518688E+00     1.223505E+00     1.145001E+01     9.443892E-01     1.000000E+00 
  121  1295   121     6.978200E+00     3.518650E+00     1.223714E+00     1.145287E+01     9.446163E-01     1.000000E+00 
  122  1306   122     6.978402E+00     3.518613E+00     1.223923E+00     1.145571E+01     9.448424E-01     1.000000E+00 
  123  1317   123     6.978603E+00     3.518575E+00     1.224131E+00     1.145854E+01     9.450675E-01     1.000000E+00 
  124  1328   124     6.978803E+00     3.518538E+00     1.224339E+00     1.146135E+01     9.452915E-01     1.000000E+00 
  125  1339   125     6.979002E+00     3.518502E+00     1.224545E+00     1.146418E+01     9.455145E-01     1.000000E+00 
  126  1350   126     6.979200E+00     3.518465E+00     1.224751E+00     1.146704E+01     9.457365E-01     1.000000E+00 
  127  1361   127     6.979398E+00     3.518429E+00     1.224955E+00     1.146990E+01     9.459574E-01     1.000000E+00 
  128  1372   128     6.979594E+00     3.518393E+00     1.225159E+00     1.147273E+01     9.461774E-01     1.000000E+00 
  129  1383   129     6.979790E+00     3.518357E+00     1.225363E+00     1.147556E+01     9.463963E-01     1.000000E+00 
  130  1394   130     6.979985E+00     3.518321E+00     1.225565E+00     1.147837E+01     9.466143E-01     1.000000E+00 
  131  1405   131     6.980179E+00     3.518286E+00     1.225767E+00     1.148117E+01     9.468312E-01     1.000000E+00 
  132  1416   132     6.980372E+00     3.518251E+00     1.225967E+00     1.148395E+01     9.470471E-01     1.000000E+00 
  133  1427   133     6.980564E+00     3.518216E+00     1.226167E+00     1.148672E+01     9.472620E-01     1.000000E+00 
  134  1438   134     6.980756E+00     3.518181E+00     1.226366E+00     1.148948E+01     9.474759E-01     1.000000E+00 
  135  1449   135     6.980947E+00     3.518146E+00     1.226564E+00     1.149222E+01     9.476888E-01     1.000000E+00 
  136  1460   136     6.981136E+00     3.518112E+00     1.226762E+00     1.149495E+01     9.479007E-01     1.000000E+00 
  137  1471   137     6.981326E+00     3.518078E+00     1.226958E+00     1.149767E+01     9.481117E-01     1.000000E+00 
  138  1482   138     6.981514E+00     3.518044E+00     1.227154E+00     1.150041E+01     9.483216E-01     1.000000E+00 
  139  1493   139     6.981701E+00     3.518010E+00     1.227349E+00     1.150319E+01     9.485305E-01     1.000000E+00 
  140  1504   140     6.981888E+00     3.517977E+00     1.227543E+00     1.150595E+01     9.487385E-01     1.000000E+00 
  141  1515   141     6.982073E+00     3.517943E+00     1.227736E+00     1.150870E+01     9.489455E-01     1.000000E+00 
  142  1526   142     6.982258E+00     3.517910E+00     1.227929E+00     1.151143E+01     9.491514E-01     1.000000E+00 
  143  1537   143     6.982442E+00     3.517877E+00     1.228121E+00     1.151415E+01     9.493565E-01     1.000000E+00 
  144  1548   144     6.982626E+00     3.517844E+00     1.228311E+00     1.151686E+01     9.495605E-01     1.000000E+00 
  145  1559   145     6.982808E+00     3.517812E+00     1.228501E+00     1.151956E+01     9.497636E-01     1.000000E+00 
  146  1570   146     6.982990E+00     3.517779E+00     1.228691E+00     1.152224E+01     9.499657E-01     1.000000E+00 
  147  1581   147     6.983171E+00     3.517747E+00     1.228879E+00     1.152491E+01     9.501669E-01     1.000000E+00 
  148  1592   148     6.983351E+00     3.517715E+00     1.229067E+00     1.152756E+01     9.503671E-01     1.000000E+00 
  149  1603   149     6.983530E+00     3.517684E+00     1.229253E+00     1.153020E+01     9.505663E-01     1.000000E+00 
  150  1614   150     6.983708E+00     3.517652E+00     1.229439E+00     1.153283E+01     9.507646E-01     1.000000E+00 
  151  1625   151     6.983886E+00     3.517621E+00     1.229624E+00     1.153545E+01     9.509619E-01     1.000000E+00 
  152  1636   152     6.984063E+00     3.517589E+00     1.229809E+00     1.153805E+01     9.511581E-01     1.000000E+00 
  153  1647   153     6.984238E+00     3.517558E+00     1.229992E+00     1.154064E+01     9.513535E-01     1.000000E+00 
  154  1658   154     6.984414E+00     3.517528E+00     1.230174E+00     1.154322E+01     9.515478E-01     1.000000E+00 
  155  1669   155     6.984588E+00     3.517497E+00     1.230356E+00     1.154578E+01     9.517411E-01     1.000000E+00 
  156  1680   156     6.984761E+00     3.517467E+00     1.230537E+00     1.154833E+01     9.519335E-01     1.000000E+00 
  157  1691   157     6.984934E+00     3.517436E+00     1.230717E+00     1.155086E+01     9.521250E-01     1.000000E+00 
  158  1702   158     6.985106E+00     3.517406E+00     1.230896E+00     1.155339E+01     9.523155E-01     1.000000E+00 
  159  1713   159     6.985277E+00     3.517377E+00     1.231075E+00     1.155590E+01     9.525051E-01     1.000000E+00 
  160  1724   160     6.985447E+00     3.517347E+00     1.231252E+00     1.155839E+01     9.526937E-01     1.000000E+00 
  161  1735   161     6.985616E+00     3.517317E+00     1.231429E+00     1.156088E+01     9.528813E-01     1.000000E+00 
  162  1746   162     6.985785E+00     3.517288E+00     1.231605E+00     1.156335E+01     9.530679E-01     1.000000E+00 
  163  1757   163     6.985952E+00     3.517259E+00     1.231780E+00     1.156581E+01     9.532534E-01     1.000000E+00 
  164  1768   164     6.986119E+00     3.517230E+00     1.231954E+00     1.156825E+01     9.534379E-01     1.000000E+00 
  165  1779   165     6.986285E+00     3.517202E+00     1.232127E+00     1.157067E+01     9.536213E-01     1.000000E+00 
  166  1790   166     6.986449E+00     3.517173E+00     1.232299E+00     1.157309E+01     9.538036E-01     1.000000E+00 
  167  1801   167     6.986613E+00     3.517145E+00     1.232469E+00     1.157548E+01     9.539846E-01     1.000000E+00 
  168  1812   168     6.986776E+00     3.517117E+00     1.232639E+00     1.157786E+01     9.541644E-01     1.000000E+00 
  169  1823   169     6.986937E+00     3.517089E+00     1.232807E+00     1.158022E+01     9.543427E-01     1.000000E+00 
  170  1834   170     6.987097E+00     3.517062E+00     1.232974E+00     1.158256E+01     9.545198E-01     1.000000E+00 
  171  1845   171     6.987256E+00     3.517034E+00     1.233139E+00     1.158487E+01     9.546963E-01     1.000000E+00 
  172  1856   172     6.987413E+00     3.517007E+00     1.233303E+00     1.158717E+01     9.548719E-01     1.000000E+00 
  173  1867   173     6.987569E+00     3.516981E+00     1.233466E+00     1.158946E+01     9.550469E-01     1.000000E+00 
  174  1878   174     6.987725E+00     3.516954E+00     1.233628E+00     1.159172E+01     9.552211E-01     1.000000E+00 
  175  1889   175     6.987880E+00     3.516928E+00     1.233789E+00     1.159398E+01     9.553943E-01     1.000000E+00 
  176  1900   176     6.988034E+00     3.516901E+00     1.233949E+00     1.159623E+01     9.555666E-01     1.000000E+00 
  177  1911   177     6.988187E+00     3.516875E+00     1.234109E+00     1.159846E+01     9.557376E-01     1.000000E+00 
  178  1922   178     6.988339E+00     3.516850E+00     1.234267E+00     1.160067E+01     9.559074E-01     1.000000E+00 
  179  1933   179     6.988489E+00     3.516824E+00     1.234424E+00     1.160286E+01     9.560759E-01     1.000000E+00 
  180  1944   180     6.988639E+00     3.516799E+00     1.234580E+00     1.160504E+01     9.562431E-01     1.000000E+00 
  181  1955   181     6.988787E+00     3.516774E+00     1.234734E+00     1.160719E+01     9.564104E-01     1.000000E+00 
  182  1966   182     6.988934E+00     3.516749E+00     1.234888E+00     1.160934E+01     9.565769E-01     1.000000E+00 
  183  1977   183     6.989081E+00     3.516724E+00     1.235040E+00     1.161147E+01     9.567423E-01     1.000000E+00 
  184  1988   184     6.989226E+00     3.516699E+00     1.235192E+00     1.161358E+01     9.569067E-01     1.000000E+00 
  185  1999   185     6.989371E+00     3.516675E+00     1.235342E+00     1.161568E+01     9.570694E-01     1.000000E+00 
  186  2010   186     6.989514E+00     3.516651E+00     1.235491E+00     1.161777E+01     9.572320E-01     1.000000E+00 
  187  2021   187     6.989656E+00     3.516627E+00     1.235639E+00     1.161984E+01     9.573943E-01     1.000000E+00 
  188  2032   188     6.989797E+00     3.516603E+00     1.235786E+00     1.162190E+01     9.575558E-01     1.000000E+00 
  189  2043   189     6.989938E+00     3.516580E+00     1.235933E+00     1.162395E+01     9.577163E-01     1.000000E+00 
  190  2054   190     6.990078E+00     3.516556E+00     1.236079E+00     1.162598E+01     9.578759E-01     1.000000E+00 
  191  2065   191     6.990216E+00     3.516533E+00     1.236223E+00     1.162800E+01     9.580340E-01     1.000000E+00 
  192  2076   192     6.990354E+00     3.516510E+00     1.236366E+00     1.163000E+01     9.581923E-01     1.000000E+00 
  193  2087   193     6.990490E+00     3.516488E+00     1.236509E+00     1.163199E+01     9.583499E-01     1.000000E+00 
  194  2098   194     6.990626E+00     3.516465E+00     1.236651E+00     1.163396E+01     9.585069E-01     1.000000E+00 
  195  2109   195     6.990761E+00     3.516442E+00     1.236792E+00     1.163593E+01     9.586641E-01     1.000000E+00 
  196  2120   196     6.990896E+00     3.516420E+00     1.236932E+00     1.163788E+01     9.588209E-01     1.000000E+00 
  197  2131   197     6.991031E+00     3.516398E+00     1.237073E+00     1.163984E+01     9.589773E-01     1.000000E+00 
  198  2142   198     6.991165E+00     3.516376E+00     1.237213E+00     1.164179E+01     9.591333E-01     1.000000E+00 
  199  2153   199     6.991299E+00     3.516353E+00     1.237353E+00     1.164373E+01     9.592888E-01     1.000000E+00 
  200  2164   200     6.991432E+00     3.516331E+00     1.237493E+00     1.164566E+01     9.594439E-01     1.000000E+00 
  201  2175   201     6.991565E+00     3.516309E+00     1.237633E+00     1.164760E+01     9.595986E-01     1.000000E+00 
  202  2186   202     6.991698E+00     3.516288E+00     1.237772E+00     1.164952E+01     9.597528E-01     1.000000E+00 
  203  2197   203     6.991830E+00     3.516266E+00     1.237911E+00     1.165144E+01     9.599066E-01     1.000000E+00 
  204  2208   204     6.991962E+00     3.516244E+00     1.238050E+00     1.165336E+01     9.600599E-01     1.000000E+00 
  205  2219   205     6.992094E+00     3.516222E+00     1.238188E+00     1.165527E+01     9.602129E-01     1.000000E+00 
  206  2230   206     6.992225E+00     3.516201E+00     1.238326E+00     1.165717E+01     9.603654E-01     1.000000E+00 
  207  2241   207     6.992356E+00     3.516179E+00     1.238464E+00     1.165907E+01     9.605174E-01     1.000000E+00 
  208  2252   208     6.992487E+00     3.516158E+00     1.238602E+00     1.166096E+01     9.606691E-01     1.000000E+00 
  209  2263   209     6.992617E+00     3.516137E+00     1.238739E+00     1.166285E+01     9.608203E-01     1.000000E+00 
  210  2274   210     6.992747E+00     3.516115E+00     1.238876E+00     1.166473E+01     9.609712E-01     1.000000E+00 
  211  2285   211     6.992877E+00     3.516094E+00     1.239013E+00     1.166661E+01     9.611216E-01     1.000000E+00 
  212  2296   212     6.993006E+00     3.516073E+00     1.239149E+00     1.166848E+01     9.612716E-01     1.000000E+00 
  213  2307   213     6.993135E+00     3.516052E+00     1.239285E+00     1.167035E+01     9.614211E-01     1.000000E+00 
  214  2318   214     6.993264E+00     3.516031E+00     1.239421E+00     1.167221E+01     9.615703E-01     1.000000E+00 
  215  2329   215     6.993393E+00     3.516010E+00     1.239556E+00     1.167407E+01     9.617191E-01     1.000000E+00 
  216  2340   216     6.993521E+00     3.515990E+00     1.239691E+00     1.167592E+01     9.618675E-01     1.000000E+00 
  217  2351   217     6.993648E+00     3.515969E+00     1.239826E+00     1.167776E+01     9.620154E-01     1.000000E+00 
  218  2362   218     6.993776E+00     3.515948E+00     1.239960E+00     1.167961E+01     9.621630E-01     1.000000E+00 
  219  2373   219     6.993903E+00     3.515928E+00     1.240095E+00     1.168144E+01     9.623102E-01     1.000000E+00 
  220  2384   220     6.994030E+00     3.515907E+00     1.240228E+00     1.168327E+01     9.624570E-01     1.000000E+00 
  221  2395   221     6.994156E+00     3.515887E+00     1.240362E+00     1.168510E+01     9.626033E-01     1.000000E+00 
  222  2406   222     6.994282E+00     3.515866E+00     1.240495E+00     1.168692E+01     9.627493E-01     1.000000E+00 
  223  2417   223     6.994408E+00     3.515846E+00     1.240628E+00     1.168873E+01     9.628949E-01     1.000000E+00 
  224  2428   224     6.994533E+00     3.515826E+00     1.240761E+00     1.169054E+01     9.630400E-01     1.000000E+00 
  225  2439   225     6.994659E+00     3.515806E+00     1.240893E+00     1.169235E+01     9.631847E-01     1.000000E+00 
  226  2450   226     6.994783E+00     3.515786E+00     1.241025E+00     1.169415E+01     9.633290E-01     1.000000E+00 
  227  2461   227     6.994908E+00     3.515766E+00     1.241156E+00     1.169594E+01     9.634729E-01     1.000000E+00 
  228  2472   228     6.995032E+00     3.515746E+00     1.241287E+00     1.169773E+01     9.636164E-01     1.000000E+00 
  229  2483   229     6.995156E+00     3.515726E+00     1.241418E+00     1.169951E+01     9.637595E-01     1.000000E+00 
  230  2494   230     6.995279E+00     3.515707E+00     1.241549E+00     1.170129E+01     9.639022E-01     1.000000E+00 
  231  2505   231     6.995402E+00     3.515687E+00     1.241679E+00     1.170306E+01     9.640445E-01     1.000000E+00 
  232  2516   232     6.995525E+00     3.515667E+00     1.241809E+00     1.170483E+01     9.641863E-01     1.000000E+00 
  233  2527   233     6.995648E+00     3.515648E+00     1.241939E+00     1.170660E+01     9.643278E-01     1.000000E+00 
  234  2538   234     6.995770E+00     3.515628E+00     1.242068E+00     1.170835E+01     9.644689E-01     1.000000E+00 
  235  2549   235     6.995892E+00     3.515609E+00     1.242197E+00     1.171011E+01     9.646096E-01     1.000000E+00 
  236  2560   236     6.996013E+00     3.515590E+00     1.242325E+00     1.171185E+01     9.647499E-01     1.000000E+00 
  237  2571   237     6.996134E+00     3.515571E+00     1.242453E+00     1.171359E+01     9.648897E-01     1.000000E+00 
  238  2582   238     6.996255E+00     3.515551E+00     1.242581E+00     1.171533E+01     9.650290E-01     1.000000E+00 
  239  2593   239     6.996376E+00     3.515532E+00     1.242709E+00     1.171706E+01     9.651679E-01     1.000000E+00 
  240  2604   240     6.996496E+00     3.515513E+00     1.242836E+00     1.171878E+01     9.653063E-01     1.000000E+00 
  241  2615   241     6.996615E+00     3.515494E+00     1.242962E+00     1.172050E+01     9.654444E-01     1.000000E+00 
  242  2626   242     6.996735E+00     3.515476E+00     1.243088E+00     1.172221E+01     9.655818E-01     1.000000E+00 
  243  2637   243     6.996853E+00     3.515457E+00     1.243214E+00     1.172392E+01     9.657186E-01     1.000000E+00 
  244  2648   244     6.996972E+00     3.515438E+00     1.243339E+00     1.172561E+01     9.658548E-01     1.000000E+00 
  245  2659   245     6.997089E+00     3.515420E+00     1.243463E+00     1.172730E+01     9.659901E-01     1.000000E+00 
  246  2670   246     6.997206E+00     3.515402E+00     1.243586E+00     1.172897E+01     9.661258E-01     1.000000E+00 
  247  2681   247     6.997322E+00     3.515383E+00     1.243709E+00     1.173064E+01     9.662613E-01     1.000000E+00 
  248  2692   248     6.997438E+00     3.515365E+00     1.243832E+00     1.173230E+01     9.663966E-01     1.000000E+00 
  249  2703   249     6.997554E+00     3.515347E+00     1.243955E+00     1.173397E+01     9.665316E-01     1.000000E+00 
  250  2714   250     6.997670E+00     3.515329E+00     1.244077E+00     1.173562E+01     9.666668E-01     1.000000E+00 
  251  2725   251     6.997786E+00     3.515311E+00     1.244199E+00     1.173728E+01     9.668024E-01     1.000000E+00 
  252  2736   252     6.997901E+00     3.515293E+00     1.244321E+00     1.173893E+01     9.669378E-01     1.000000E+00 
  253  2747   253     6.998016E+00     3.515275E+00     1.244443E+00     1.174060E+01     9.670730E-01     1.000000E+00 
  254  2758   254     6.998131E+00     3.515257E+00     1.244565E+00     1.174228E+01     9.672079E-01     1.000000E+00 
  255  2769   255     6.998245E+00     3.515239E+00     1.244686E+00     1.174395E+01     9.673425E-01     1.000000E+00 
  256  2780   256     6.998359E+00     3.515221E+00     1.244807E+00     1.174561E+01     9.674768E-01     1.000000E+00 
  257  2791   257     6.998474E+00     3.515204E+00     1.244928E+00     1.174727E+01     9.676108E-01     1.000000E+00 
  258  2802   258     6.998587E+00     3.515186E+00     1.245049E+00     1.174893E+01     9.677445E-01     1.000000E+00 
  259  2813   259     6.998701E+00     3.515168E+00     1.245169E+00     1.175059E+01     9.678779E-01     1.000000E+00 
  260  2824   260     6.998814E+00     3.515151E+00     1.245289E+00     1.175224E+01     9.680110E-01     1.000000E+00 
  261  2835   261     6.998927E+00     3.515133E+00     1.245409E+00     1.175389E+01     9.681438E-01     1.000000E+00 
  262  2846   262     6.999040E+00     3.515116E+00     1.245529E+00     1.175553E+01     9.682763E-01     1.000000E+00 
  263  2857   263     6.999153E+00     3.515098E+00     1.245648E+00     1.175717E+01     9.684085E-01     1.000000E+00 
  264  2868   264     6.999265E+00     3.515081E+00     1.245768E+00     1.175880E+01     9.685405E-01     1.000000E+00 
  265  2879   265     6.999378E+00     3.515064E+00     1.245887E+00     1.176044E+01     9.686721E-01     1.000000E+00 
  266  2890   266     6.999490E+00     3.515047E+00     1.246006E+00     1.176206E+01     9.688035E-01     1.000000E+00 
  267  2901   267     6.999601E+00     3.515029E+00     1.246124E+00     1.176369E+01     9.689346E-01     1.000000E+00 
  268  2912   268     6.999713E+00     3.515012E+00     1.246243E+00     1.176531E+01     9.690653E-01     1.000000E+00 
  269  2923   269     6.999824E+00     3.514995E+00     1.246361E+00     1.176693E+01     9.691958E-01     1.000000E+00 
  270  2934   270     6.999935E+00     3.514978E+00     1.246479E+00     1.176854E+01     9.693261E-01     1.000000E+00 
  271  2945   271     7.000046E+00     3.514961E+00     1.246597E+00     1.177015E+01     9.694560E-01     1.000000E+00 
  272  2956   272     7.000157E+00     3.514944E+00     1.246714E+00     1.177176E+01     9.695857E-01     1.000000E+00 
  273  2967   273     7.000267E+00     3.514927E+00     1.246831E+00     1.177336E+01     9.697150E-01     1.000000E+00 
  274  2978   274     7.000377E+00     3.514911E+00     1.246948E+00     1.177496E+01     9.698442E-01     1.000000E+00 
  275  2989   275     7.000487E+00     3.514894E+00     1.247065E+00     1.177655E+01     9.699730E-01     1.000000E+00 
  276  3000   276     7.000597E+00     3.514877E+00     1.247182E+00     1.177815E+01     9.701015E-01     1.000000E+00 
  277  3011   277     7.000707E+00     3.514860E+00     1.247298E+00     1.177974E+01     9.702298E-01     1.000000E+00 
  278  3022   278     7.000816E+00     3.514844E+00     1.247415E+00     1.178132E+01     9.703578E-01     1.000000E+00 
  279  3033   279     7.000925E+00     3.514827E+00     1.247531E+00     1.178290E+01     9.704856E-01     1.000000E+00 
  280  3044   280     7.001034E+00     3.514811E+00     1.247646E+00     1.178448E+01     9.706130E-01     1.000000E+00 
  281  3055   281     7.001143E+00     3.514794E+00     1.247762E+00     1.178606E+01     9.707402E-01     1.000000E+00 
  282  3066   282     7.001251E+00     3.514778E+00     1.247877E+00     1.178763E+01     9.708672E-01     1.000000E+00 
  283  3077   283     7.001360E+00     3.514761E+00     1.247992E+00     1.178919E+01     9.709938E-01     1.000000E+00 
  284  3088   284     7.001468E+00     3.514745E+00     1.248107E+00     1.179076E+01     9.711202E-01     1.000000E+00 
  285  3099   285     7.001575E+00     3.514729E+00     1.248222E+00     1.179232E+01     9.712464E-01     1.000000E+00 
  286  3110   286     7.001683E+00     3.514712E+00     1.248336E+00     1.179388E+01     9.713722E-01     1.000000E+00 
  287  3121   287     7.001791E+00     3.514696E+00     1.248451E+00     1.179543E+01     9.714978E-01     1.000000E+00 
  288  3132   288     7.001898E+00     3.514680E+00     1.248565E+00     1.179698E+01     9.716232E-01     1.000000E+00 
  289  3143   289     7.002005E+00     3.514664E+00     1.248679E+00     1.179853E+01     9.717483E-01     1.000000E+00 
  290  3154   290     7.002112E+00     3.514648E+00     1.248792E+00     1.180007E+01     9.718731E-01     1.000000E+00 
  291  3165   291     7.002218E+00     3.514632E+00     1.248906E+00     1.180161E+01     9.719977E-01     1.000000E+00 
  292  3176   292     7.002325E+00     3.514616E+00     1.249019E+00     1.180315E+01     9.721220E-01     1.000000E+00 
  293  3187   293     7.002431E+00     3.514600E+00     1.249132E+00     1.180469E+01     9.722461E-01     1.000000E+00 
  294  3198   294     7.002537E+00     3.514584E+00     1.249245E+00     1.180622E+01     9.723699E-01     1.000000E+00 
  295  3209   295     7.002643E+00     3.514568E+00     1.249357E+00     1.180775E+01     9.724935E-01     1.000000E+00 
  296  3220   296     7.002748E+00     3.514552E+00     1.249470E+00     1.180927E+01     9.726168E-01     1.000000E+00 
  297  3231   297     7.002854E+00     3.514537E+00     1.249582E+00     1.181079E+01     9.727398E-01     1.000000E+00 
  298  3242   298     7.002959E+00     3.514521E+00     1.249694E+00     1.181231E+01     9.728626E-01     1.000000E+00 
  299  3253   299     7.003064E+00     3.514505E+00     1.249806E+00     1.181385E+01     9.729852E-01     1.000000E+00 
  300  3264   300     7.003169E+00     3.514490E+00     1.249917E+00     1.181539E+01     9.731075E-01     1.000000E+00 
  301  3275   301     7.003273E+00     3.514474E+00     1.250029E+00     1.181692E+01     9.732296E-01     1.000000E+00 
  302  3286   302     7.003378E+00     3.514459E+00     1.250140E+00     1.181846E+01     9.733514E-01     1.000000E+00 
  303  3297   303     7.003482E+00     3.514443E+00     1.250251E+00     1.181998E+01     9.734730E-01     1.000000E+00 
  304  3308   304     7.003586E+00     3.514428E+00     1.250362E+00     1.182151E+01     9.735943E-01     1.000000E+00 
  305  3319   305     7.003690E+00     3.514412E+00     1.250472E+00     1.182303E+01     9.737154E-01     1.000000E+00 
  306  3330   306     7.003794E+00     3.514397E+00     1.250583E+00     1.182455E+01     9.738363E-01     1.000000E+00 
  307  3341   307     7.003897E+00     3.514382E+00     1.250693E+00     1.182607E+01     9.739569E-01     1.000000E+00 
  308  3352   308     7.004000E+00     3.514366E+00     1.250803E+00     1.182758E+01     9.740772E-01     1.000000E+00 
  309  3363   309     7.004104E+00     3.514351E+00     1.250913E+00     1.182909E+01     9.741974E-01     1.000000E+00 
  310  3374   310     7.004206E+00     3.514336E+00     1.251022E+00     1.183060E+01     9.743173E-01     1.000000E+00 
  311  3385   311     7.004309E+00     3.514321E+00     1.251132E+00     1.183210E+01     9.744369E-01     1.000000E+00 
  312  3396   312     7.004412E+00     3.514306E+00     1.251241E+00     1.183360E+01     9.745564E-01     1.000000E+00 
  313  3407   313     7.004514E+00     3.514291E+00     1.251350E+00     1.183510E+01     9.746756E-01     1.000000E+00 
  314  3418   314     7.004616E+00     3.514276E+00     1.251459E+00     1.183659E+01     9.747945E-01     1.000000E+00 
  315  3429   315     7.004718E+00     3.514261E+00     1.251568E+00     1.183808E+01     9.749132E-01     1.000000E+00 
  316  3440   316     7.004820E+00     3.514246E+00     1.251676E+00     1.183957E+01     9.750317E-01     1.000000E+00 
  317  3451   317     7.004922E+00     3.514231E+00     1.251784E+00     1.184105E+01     9.751500E-01     1.000000E+00 
  318  3462   318     7.005023E+00     3.514216E+00     1.251892E+00     1.184254E+01     9.752680E-01     1.000000E+00 
  319  3473   319     7.005124E+00     3.514201E+00     1.252000E+00     1.184402E+01     9.753858E-01     1.000000E+00 
  320  3484   320     7.005225E+00     3.514186E+00     1.252108E+00     1.184549E+01     9.755034E-01     1.000000E+00 
  321  3495   321     7.005326E+00     3.514171E+00     1.252216E+00     1.184697E+01     9.756208E-01     1.000000E+00 
  322  3506   322     7.005427E+00     3.514157E+00     1.252323E+00     1.184844E+01     9.757379E-01     1.000000E+00 
  323  3517   323     7.005527E+00     3.514142E+00     1.252430E+00     1.184990E+01     9.758548E-01     1.000000E+00 
  324  3528   324     7.005628E+00     3.514127E+00     1.252537E+00     1.185137E+01     9.759715E-01     1.000000E+00 
  325  3539   325     7.005728E+00     3.514113E+00     1.252644E+00     1.185283E+01     9.760879E-01     1.000000E+00 
  326  3550   326     7.005828E+00     3.514098E+00     1.252751E+00     1.185430E+01     9.762042E-01     1.000000E+00 
  327  3561   327     7.005928E+00     3.514084E+00     1.252857E+00     1.185579E+01     9.763202E-01     1.000000E+00 
  328  3572   328     7.006027E+00     3.514069E+00     1.252963E+00     1.185728E+01     9.764360E-01     1.000000E+00 
  329  3583   329     7.006127E+00     3.514055E+00     1.253070E+00     1.185876E+01     9.765516E-01     1.000000E+00 
  330  3594   330     7.006226E+00     3.514041E+00     1.253175E+00     1.186024E+01     9.766669E-01     1.000000E+00 
  331  3605   331     7.006325E+00     3.514026E+00     1.253281E+00     1.186172E+01     9.767820E-01     1.000000E+00 
  332  3616   332     7.006424E+00     3.514012E+00     1.253387E+00     1.186319E+01     9.768969E-01     1.000000E+00 
  333  3627   333     7.006523E+00     3.513998E+00     1.253492E+00     1.186466E+01     9.770116E-01     1.000000E+00 
  334  3638   334     7.006621E+00     3.513983E+00     1.253597E+00     1.186613E+01     9.771261E-01     1.000000E+00 
  335  3649   335     7.006720E+00     3.513969E+00     1.253702E+00     1.186759E+01     9.772404E-01     1.000000E+00 
  336  3660   336     7.006818E+00     3.513955E+00     1.253807E+00     1.186905E+01     9.773544E-01     1.000000E+00 
  337  3671   337     7.006916E+00     3.513941E+00     1.253912E+00     1.187051E+01     9.774682E-01     1.000000E+00 
  338  3682   338     7.007014E+00     3.513927E+00     1.254016E+00     1.187197E+01     9.775818E-01     1.000000E+00 
  339  3693   339     7.007112E+00     3.513913E+00     1.254121E+00     1.187342E+01     9.776952E-01     1.000000E+00 
  340  3704   340     7.007209E+00     3.513899E+00     1.254225E+00     1.187487E+01     9.778084E-01     1.000000E+00 
  341  3715   341     7.007307E+00     3.513885E+00     1.254329E+00     1.187632E+01     9.779214E-01     1.000000E+00 
  342  3726   342     7.007404E+00     3.513871E+00     1.254432E+00     1.187777E+01     9.780341E-01     1.000000E+00 
  343  3737   343     7.007501E+00     3.513857E+00     1.254536E+00     1.187921E+01     9.781467E-01     1.000000E+00 
  344  3748   344     7.007598E+00     3.513843E+00     1.254639E+00     1.188065E+01     9.782590E-01     1.000000E+00 
  345  3759   345     7.007694E+00     3.513829E+00     1.254743E+00     1.188208E+01     9.783712E-01     1.000000E+00 
  346  3770   346     7.007791E+00     3.513815E+00     1.254846E+00     1.188352E+01     9.784831E-01     1.000000E+00 
  347  3781   347     7.007887E+00     3.513801E+00     1.254949E+00     1.188495E+01     9.785948E-01     1.000000E+00 
  348  3792   348     7.007984E+00     3.513788E+00     1.255051E+00     1.188638E+01     9.787063E-01     1.000000E+00 
  349  3803   349     7.008080E+00     3.513774E+00     1.255154E+00     1.188780E+01     9.788176E-01     1.000000E+00 
  350  3814   350     7.008176E+00     3.513760E+00     1.255256E+00     1.188922E+01     9.789287E-01     1.000000E+00 
  351  3825   351     7.008271E+00     3.513747E+00     1.255359E+00     1.189064E+01     9.790396E-01     1.000000E+00 
  352  3836   352     7.008367E+00     3.513733E+00     1.255461E+00     1.189206E+01     9.791503E-01     1.000000E+00 
  353  3847   353     7.008462E+00     3.513720E+00     1.255563E+00     1.189348E+01     9.792608E-01     1.000000E+00 
  354  3858   354     7.008557E+00     3.513706E+00     1.255664E+00     1.189489E+01     9.793711E-01     1.000000E+00 
  355  3869   355     7.008653E+00     3.513693E+00     1.255766E+00     1.189630E+01     9.794812E-01     1.000000E+00 
  356  3880   356     7.008747E+00     3.513679E+00     1.255867E+00     1.189770E+01     9.795911E-01     1.000000E+00 
  357  3891   357     7.008842E+00     3.513666E+00     1.255969E+00     1.189911E+01     9.797007E-01     1.000000E+00 
  358  3902   358     7.008937E+00     3.513652E+00     1.256070E+00     1.190051E+01     9.798102E-01     1.000000E+00 
  359  3913   359     7.009031E+00     3.513639E+00     1.256171E+00     1.190191E+01     9.799195E-01     1.000000E+00 
  360  3924   360     7.009126E+00     3.513626E+00     1.256271E+00     1.190330E+01     9.800286E-01     1.000000E+00 
  361  3935   361     7.009220E+00     3.513612E+00     1.256372E+00     1.190470E+01     9.801375E-01     1.000000E+00 
  362  3946   362     7.009314E+00     3.513599E+00     1.256472E+00     1.190609E+01     9.802462E-01     1.000000E+00 
  363  3957   363     7.009407E+00     3.513586E+00     1.256573E+00     1.190748E+01     9.803547E-01     1.000000E+00 
  364  3968   364     7.009501E+00     3.513573E+00     1.256673E+00     1.190886E+01     9.804630E-01     1.000000E+00 
  365  3979   365     7.009594E+00     3.513559E+00     1.256773E+00     1.191024E+01     9.805711E-01     1.000000E+00 
  366  3990   366     7.009688E+00     3.513546E+00     1.256872E+00     1.191162E+01     9.806790E-01     1.000000E+00 
  367  4001   367     7.009781E+00     3.513533E+00     1.256972E+00     1.191300E+01     9.807867E-01     1.000000E+00 
  368  4012   368     7.009874E+00     3.513520E+00     1.257071E+00     1.191438E+01     9.808942E-01     1.000000E+00 
  369  4023   369     7.009967E+00     3.513507E+00     1.257171E+00     1.191575E+01     9.810015E-01     1.000000E+00 
  370  4034   370     7.010059E+00     3.513494E+00     1.257270E+00     1.191712E+01     9.811086E-01     1.000000E+00 
  371  4045   371     7.010152E+00     3.513481E+00     1.257369E+00     1.191849E+01     9.812155E-01     1.000000E+00 
  372  4056   372     7.010244E+00     3.513468E+00     1.257467E+00     1.191985E+01     9.813222E-01     1.000000E+00 
  373  4067   373     7.010337E+00     3.513455E+00     1.257566E+00     1.192121E+01     9.814287E-01     1.000000E+00 
  374  4078   374     7.010429E+00     3.513443E+00     1.257664E+00     1.192257E+01     9.815350E-01     1.000000E+00 
  375  4089   375     7.010520E+00     3.513430E+00     1.257763E+00     1.192393E+01     9.816411E-01     1.000000E+00 
  376  4100   376     7.010612E+00     3.513417E+00     1.257861E+00     1.192528E+01     9.817470E-01     1.000000E+00 
  377  4111   377     7.010704E+00     3.513404E+00     1.257959E+00     1.192663E+01     9.818528E-01     1.000000E+00 
  378  4122   378     7.010795E+00     3.513391E+00     1.258056E+00     1.192798E+01     9.819583E-01     1.000000E+00 
  379  4133   379     7.010886E+00     3.513379E+00     1.258154E+00     1.192933E+01     9.820637E-01     1.000000E+00 
  380  4144   380     7.010978E+00     3.513366E+00     1.258252E+00     1.193067E+01     9.821688E-01     1.000000E+00 
  381  4155   381     7.011069E+00     3.513353E+00     1.258349E+00     1.193201E+01     9.822738E-01     1.000000E+00 
  382  4166   382     7.011159E+00     3.513341E+00     1.258446E+00     1.193335E+01     9.823786E-01     1.000000E+00 
  383  4177   383     7.011250E+00     3.513328E+00     1.258543E+00     1.193469E+01     9.824832E-01     1.000000E+00 
  384  4188   384     7.011341E+00     3.513316E+00     1.258640E+00     1.193602E+01     9.825876E-01     1.000000E+00 
  385  4199   385     7.011431E+00     3.513303E+00     1.258736E+00     1.193736E+01     9.826919E-01     1.000000E+00 
  386  4210   386     7.011521E+00     3.513291E+00     1.258833E+00     1.193868E+01     9.827959E-01     1.000000E+00 
  387  4221   387     7.011611E+00     3.513278E+00     1.258929E+00     1.194001E+01     9.828998E-01     1.000000E+00 
  388  4232   388     7.011701E+00     3.513266E+00     1.259026E+00     1.194134E+01     9.830034E-01     1.000000E+00 
  389  4243   389     7.011791E+00     3.513254E+00     1.259122E+00     1.194266E+01     9.831069E-01     1.000000E+00 
  390  4254   390     7.011880E+00     3.513241E+00     1.259218E+00     1.194398E+01     9.832102E-01     1.000000E+00 
  391  4265   391     7.011970E+00     3.513229E+00     1.259313E+00     1.194529E+01     9.833134E-01     1.000000E+00 
  392  4276   392     7.012059E+00     3.513217E+00     1.259409E+00     1.194661E+01     9.834163E-01     1.000000E+00 
  393  4287   393     7.012148E+00     3.513204E+00     1.259504E+00     1.194792E+01     9.835191E-01     1.000000E+00 
  394  4298   394     7.012237E+00     3.513192E+00     1.259600E+00     1.194923E+01     9.836217E-01     1.000000E+00 
  395  4309   395     7.012326E+00     3.513180E+00     1.259695E+00     1.195054E+01     9.837241E-01     1.000000E+00 
  396  4320   396     7.012415E+00     3.513168E+00     1.259790E+00     1.195184E+01     9.838263E-01     1.000000E+00 
  397  4331   397     7.012504E+00     3.513155E+00     1.259885E+00     1.195315E+01     9.839283E-01     1.000000E+00 
  398  4342   398     7.012592E+00     3.513143E+00     1.259979E+00     1.195445E+01     9.840302E-01     1.000000E+00 
  399  4353   399     7.012680E+00     3.513131E+00     1.260074E+00     1.195574E+01     9.841319E-01     1.000000E+00 
  400  4364   400     7.012769E+00     3.513119E+00     1.260168E+00     1.195704E+01     9.842334E-01     1.000000E+00 
  401  4375   401     7.012857E+00     3.513107E+00     1.260263E+00     1.195833E+01     9.843348E-01     1.000000E+00 
  402  4386   402     7.012945E+00     3.513095E+00     1.260357E+00     1.195962E+01     9.844359E-01     1.000000E+00 
  403  4397   403     7.013032E+00     3.513083E+00     1.260451E+00     1.196091E+01     9.845369E-01     1.000000E+00 
  404  4408   404     7.013120E+00     3.513071E+00     1.260545E+00     1.196220E+01     9.846377E-01     1.000000E+00 
  405  4419   405     7.013207E+00     3.513059E+00     1.260638E+00     1.196348E+01     9.847384E-01     1.000000E+00 
  406  4430   406     7.013295E+00     3.513047E+00     1.260732E+00     1.196476E+01     9.848389E-01     1.000000E+00 
  407  4441   407     7.013382E+00     3.513036E+00     1.260825E+00     1.196604E+01     9.849392E-01     1.000000E+00 
  408  4452   408     7.013469E+00     3.513024E+00     1.260918E+00     1.196732E+01     9.850393E-01     1.000000E+00 
  409  4463   409     7.013556E+00     3.513012E+00     1.261011E+00     1.196860E+01     9.851392E-01     1.000000E+00 
  410  4474   410     7.013643E+00     3.513000E+00     1.261104E+00     1.196987E+01     9.852390E-01     1.000000E+00 
  411  4485   411     7.013729E+00     3.512988E+00     1.261197E+00     1.197114E+01     9.853386E-01     1.000000E+00 
  412  4496   412     7.013816E+00     3.512977E+00     1.261290E+00     1.197241E+01     9.854381E-01     1.000000E+00 
  413  4507   413     7.013902E+00     3.512965E+00     1.261382E+00     1.197367E+01     9.855374E-01     1.000000E+00 
  414  4518   414     7.013988E+00     3.512953E+00     1.261475E+00     1.197494E+01     9.856365E-01     1.000000E+00 
  415  4529   415     7.014074E+00     3.512942E+00     1.261567E+00     1.197620E+01     9.857354E-01     1.000000E+00 
  416  4540   416     7.014160E+00     3.512930E+00     1.261659E+00     1.197746E+01     9.858342E-01     1.000000E+00 
  417  4551   417     7.014246E+00     3.512918E+00     1.261751E+00     1.197872E+01     9.859328E-01     1.000000E+00 
  418  4562   418     7.014332E+00     3.512907E+00     1.261843E+00     1.197997E+01     9.860313E-01     1.000000E+00 
  419  4573   419     7.014417E+00     3.512895E+00     1.261935E+00     1.198122E+01     9.861296E-01     1.000000E+00 
  420  4584   420     7.014503E+00     3.512884E+00     1.262026E+00     1.198247E+01     9.862277E-01     1.000000E+00 
  421  4595   421     7.014588E+00     3.512872E+00     1.262118E+00     1.198372E+01     9.863256E-01     1.000000E+00 
  422  4606   422     7.014673E+00     3.512861E+00     1.262209E+00     1.198497E+01     9.864234E-01     1.000000E+00 
  423  4617   423     7.014758E+00     3.512849E+00     1.262300E+00     1.198621E+01     9.865210E-01     1.000000E+00 
  424  4628   424     7.014843E+00     3.512838E+00     1.262391E+00     1.198746E+01     9.866185E-01     1.000000E+00 
  425  4639   425     7.014928E+00     3.512827E+00     1.262482E+00     1.198869E+01     9.867158E-01     1.000000E+00 
  426  4650   426     7.015012E+00     3.512815E+00     1.262573E+00     1.198993E+01     9.868129E-01     1.000000E+00 
  427  4661   427     7.015097E+00     3.512804E+00     1.262663E+00     1.199117E+01     9.869098E-01     1.000000E+00 
  428  4672   428     7.015181E+00     3.512793E+00     1.262753E+00     1.199240E+01     9.870066E-01     1.000000E+00 
  429  4683   429     7.015265E+00     3.512781E+00     1.262844E+00     1.199363E+01     9.871032E-01     1.000000E+00 
  430  4694   430     7.015350E+00     3.512770E+00     1.262934E+00     1.199486E+01     9.871997E-01     1.000000E+00 
  431  4705   431     7.015433E+00     3.512759E+00     1.263024E+00     1.199609E+01     9.872959E-01     1.000000E+00 
  432  4716   432     7.015517E+00     3.512748E+00     1.263114E+00     1.199731E+01     9.873921E-01     1.000000E+00 
  433  4727   433     7.015601E+00     3.512737E+00     1.263203E+00     1.199853E+01     9.874880E-01     1.000000E+00 
  434  4738   434     7.015684E+00     3.512726E+00     1.263293E+00     1.199975E+01     9.875838E-01     1.000000E+00 
  435  4749   435     7.015768E+00     3.512714E+00     1.263382E+00     1.200097E+01     9.876795E-01     1.000000E+00 
  436  4760   436     7.015851E+00     3.512703E+00     1.263472E+00     1.200219E+01     9.877749E-01     1.000000E+00 
  437  4771   437     7.015934E+00     3.512692E+00     1.263561E+00     1.200340E+01     9.878703E-01     1.000000E+00 
  438  4782   438     7.016017E+00     3.512681E+00     1.263650E+00     1.200461E+01     9.879654E-01     1.000000E+00 
  439  4793   439     7.016100E+00     3.512670E+00     1.263739E+00     1.200582E+01     9.880604E-01     1.000000E+00 
  440  4804   440     7.016183E+00     3.512659E+00     1.263828E+00     1.200703E+01     9.881553E-01     1.000000E+00 
  441  4815   441     7.016266E+00     3.512648E+00     1.263916E+00     1.200823E+01     9.882499E-01     1.000000E+00 
  442  4826   442     7.016348E+00     3.512637E+00     1.264005E+00     1.200944E+01     9.883445E-01     1.000000E+00 
  443  4837   443     7.016430E+00     3.512626E+00     1.264093E+00     1.201064E+01     9.884388E-01     1.000000E+00 
  444  4848   444     7.016513E+00     3.512616E+00     1.264181E+00     1.201184E+01     9.885330E-01     1.000000E+00 
  445  4859   445     7.016595E+00     3.512605E+00     1.264269E+00     1.201304E+01     9.886271E-01     1.000000E+00 
  446  4870   446     7.016677E+00     3.512594E+00     1.264357E+00     1.201423E+01     9.887210E-01     1.000000E+00 
  447  4881   447     7.016759E+00     3.512583E+00     1.264445E+00     1.201542E+01     9.888147E-01     1.000000E+00 
  448  4892   448     7.016840E+00     3.512572E+00     1.264533E+00     1.201661E+01     9.889083E-01     1.000000E+00 
  449  4903   449     7.016922E+00     3.512562E+00     1.264621E+00     1.201780E+01     9.890018E-01     1.000000E+00 
  450  4914   450     7.017003E+00     3.512551E+00     1.264708E+00     1.201899E+01     9.890950E-01     1.000000E+00 
  451  4925   451     7.017085E+00     3.512540E+00     1.264795E+00     1.202017E+01     9.891882E-01     1.000000E+00 
  452  4936   452     7.017166E+00     3.512529E+00     1.264882E+00     1.202136E+01     9.892812E-01     1.000000E+00 
  453  4947   453     7.017247E+00     3.512519E+00     1.264969E+00     1.202254E+01     9.893740E-01     1.000000E+00 
  454  4958   454     7.017328E+00     3.512508E+00     1.265056E+00     1.202372E+01     9.894667E-01     1.000000E+00 
  455  4969   455     7.017409E+00     3.512498E+00     1.265143E+00     1.202489E+01     9.895592E-01     1.000000E+00 
  456  4980   456     7.017490E+00     3.512487E+00     1.265230E+00     1.202607E+01     9.896515E-01     1.000000E+00 
  457  4991   457     7.017570E+00     3.512476E+00     1.265316E+00     1.202724E+01     9.897438E-01     1.000000E+00 
  458  5002   458     7.017651E+00     3.512466E+00     1.265403E+00     1.202841E+01     9.898358E-01     1.000000E+00 
  459  5013   459     7.017731E+00     3.512455E+00     1.265489E+00     1.202958E+01     9.899278E-01     1.000000E+00 
  460  5024   460     7.017812E+00     3.512445E+00     1.265575E+00     1.203075E+01     9.900195E-01     1.000000E+00 
  461  5035   461     7.017892E+00     3.512434E+00     1.265661E+00     1.203191E+01     9.901111E-01     1.000000E+00 
  462  5046   462     7.017972E+00     3.512424E+00     1.265747E+00     1.203308E+01     9.902025E-01     1.000000E+00 
  463  5057   463     7.018051E+00     3.512413E+00     1.265833E+00     1.203424E+01     9.902938E-01     1.000000E+00 
  464  5068   464     7.018131E+00     3.512403E+00     1.265918E+00     1.203539E+01     9.903848E-01     1.000000E+00 
  465  5079   465     7.018211E+00     3.512393E+00     1.266004E+00     1.203655E+01     9.904757E-01     1.000000E+00 
  466  5090   466     7.018290E+00     3.512382E+00     1.266089E+00     1.203770E+01     9.905665E-01     1.000000E+00 
  467  5101   467     7.018369E+00     3.512372E+00     1.266174E+00     1.203885E+01     9.906570E-01     1.000000E+00 
  468  5112   468     7.018448E+00     3.512362E+00     1.266259E+00     1.204000E+01     9.907474E-01     1.000000E+00 
  469  5123   469     7.018527E+00     3.512352E+00     1.266344E+00     1.204115E+01     9.908376E-01     1.000000E+00 
  470  5134   470     7.018606E+00     3.512341E+00     1.266428E+00     1.204229E+01     9.909277E-01     1.000000E+00 
  471  5145   471     7.018685E+00     3.512331E+00     1.266513E+00     1.204344E+01     9.910175E-01     1.000000E+00 
  472  5156   472     7.018763E+00     3.512321E+00     1.266597E+00     1.204458E+01     9.911072E-01     1.000000E+00 
  473  5167   473     7.018842E+00     3.512311E+00     1.266681E+00     1.204571E+01     9.911968E-01     1.000000E+00 
  474  5178   474     7.018920E+00     3.512301E+00     1.266765E+00     1.204685E+01     9.912861E-01     1.000000E+00 
  475  5189   475     7.018998E+00     3.512290E+00     1.266849E+00     1.204798E+01     9.913753E-01     1.000000E+00 
  476  5200   476     7.019076E+00     3.512280E+00     1.266933E+00     1.204911E+01     9.914644E-01     1.000000E+00 
  477  5211   477     7.019154E+00     3.512270E+00     1.267017E+00     1.205024E+01     9.915532E-01     1.000000E+00 
  478  5222   478     7.019232E+00     3.512260E+00     1.267100E+00     1.205137E+01     9.916419E-01     1.000000E+00 
  479  5233   479     7.019309E+00     3.512250E+00     1.267183E+00     1.205249E+01     9.917305E-01     1.000000E+00 
  480  5244   480     7.019387E+00     3.512240E+00     1.267266E+00     1.205362E+01     9.918188E-01     1.000000E+00 
  481  5255   481     7.019464E+00     3.512230E+00     1.267349E+00     1.205474E+01     9.919069E-01     1.000000E+00 
  482  5266   482     7.019541E+00     3.512220E+00     1.267432E+00     1.205585E+01     9.919949E-01     1.000000E+00 
  483  5277   483     7.019618E+00     3.512211E+00     1.267515E+00     1.205697E+01     9.920826E-01     1.000000E+00 
  484  5288   484     7.019695E+00     3.512201E+00     1.267597E+00     1.205808E+01     9.921702E-01     1.000000E+00 
  485  5299   485     7.019771E+00     3.512191E+00     1.267679E+00     1.205919E+01     9.922576E-01     1.000000E+00 
  486  5310   486     7.019848E+00     3.512181E+00     1.267761E+00     1.206030E+01     9.923448E-01     1.000000E+00 
  487  5321   487     7.019924E+00     3.512171E+00     1.267843E+00     1.206140E+01     9.924317E-01     1.000000E+00 
  488  5332   488     7.020000E+00     3.512161E+00     1.267925E+00     1.206250E+01     9.925183E-01     1.000000E+00 
  489  5343   489     7.020076E+00     3.512152E+00     1.268006E+00     1.206360E+01     9.926047E-01     1.000000E+00 
  490  5354   490     7.020151E+00     3.512142E+00     1.268087E+00     1.206469E+01     9.926907E-01     1.000000E+00 
  491  5365   491     7.020227E+00     3.512132E+00     1.268168E+00     1.206578E+01     9.927767E-01     1.000000E+00 
  492  5376   492     7.020302E+00     3.512123E+00     1.268248E+00     1.206686E+01     9.928627E-01     1.000000E+00 
  493  5387   493     7.020376E+00     3.512113E+00     1.268328E+00     1.206794E+01     9.929487E-01     1.000000E+00 
  494  5398   494     7.020451E+00     3.512104E+00     1.268409E+00     1.206902E+01     9.930346E-01     1.000000E+00 
  495  5409   495     7.020526E+00     3.512094E+00     1.268489E+00     1.207010E+01     9.931203E-01     1.000000E+00 
  496  5420   496     7.020600E+00     3.512085E+00     1.268569E+00     1.207118E+01     9.932058E-01     1.000000E+00 
  497  5431   497     7.020674E+00     3.512075E+00     1.268648E+00     1.207225E+01     9.932913E-01     1.000000E+00 
  498  5442   498     7.020749E+00     3.512066E+00     1.268728E+00     1.207333E+01     9.933766E-01     1.000000E+00 
  499  5453   499     7.020823E+00     3.512056E+00     1.268808E+00     1.207440E+01     9.934618E-01     1.000000E+00 
  500  5464   500     7.020897E+00     3.512047E+00     1.268887E+00     1.207547E+01     9.935469E-01     1.000000E+00 
  501  5475   501     7.020971E+00     3.512038E+00     1.268967E+00     1.207654E+01     9.936318E-01     1.000000E+00 
  502  5486   502     7.021045E+00     3.512028E+00     1.269046E+00     1.207760E+01     9.937166E-01     1.000000E+00 
  503  5497   503     7.021118E+00     3.512019E+00     1.269125E+00     1.207867E+01     9.938012E-01     1.000000E+00 
  504  5508   504     7.021192E+00     3.512009E+00     1.269204E+00     1.207973E+01     9.938856E-01     1.000000E+00 
  505  5519   505     7.021265E+00     3.512000E+00     1.269283E+00     1.208079E+01     9.939699E-01     1.000000E+00 
  506  5530   506     7.021339E+00     3.511991E+00     1.269362E+00     1.208185E+01     9.940541E-01     1.000000E+00 
  507  5541   507     7.021412E+00     3.511982E+00     1.269441E+00     1.208290E+01     9.941381E-01     1.000000E+00 
  508  5552   508     7.021485E+00     3.511972E+00     1.269519E+00     1.208396E+01     9.942219E-01     1.000000E+00 
  509  5563   509     7.021558E+00     3.511963E+00     1.269597E+00     1.208501E+01     9.943055E-01     1.000000E+00 
  510  5574   510     7.021631E+00     3.511954E+00     1.269676E+00     1.208606E+01     9.943890E-01     1.000000E+00 
  511  5585   511     7.021703E+00     3.511945E+00     1.269754E+00     1.208711E+01     9.944723E-01     1.000000E+00 
  512  5596   512     7.021776E+00     3.511936E+00     1.269831E+00     1.208815E+01     9.945555E-01     1.000000E+00 
  513  5607   513     7.021848E+00     3.511927E+00     1.269909E+00     1.208920E+01     9.946385E-01     1.000000E+00 
  514  5618   514     7.021920E+00     3.511917E+00     1.269987E+00     1.209024E+01     9.947214E-01     1.000000E+00 
  515  5629   515     7.021992E+00     3.511908E+00     1.270064E+00     1.209128E+01     9.948041E-01     1.000000E+00 
  516  5640   516     7.022064E+00     3.511899E+00     1.270142E+00     1.209231E+01     9.948867E-01     1.000000E+00 
  517  5651   517     7.022136E+00     3.511890E+00     1.270219E+00     1.209335E+01     9.949691E-01     1.000000E+00 
  518  5662   518     7.022208E+00     3.511881E+00     1.270296E+00     1.209438E+01     9.950513E-01     1.000000E+00 
  519  5673   519     7.022280E+00     3.511872E+00     1.270373E+00     1.209542E+01     9.951334E-01     1.000000E+00 
  520  5684   520     7.022351E+00     3.511863E+00     1.270450E+00     1.209645E+01     9.952153E-01     1.000000E+00 
  521  5695   521     7.022422E+00     3.511854E+00     1.270527E+00     1.209747E+01     9.952971E-01     1.000000E+00 
  522  5706   522     7.022493E+00     3.511845E+00     1.270603E+00     1.209850E+01     9.953786E-01     1.000000E+00 
  523  5717   523     7.022564E+00     3.511836E+00     1.270679E+00     1.209952E+01     9.954599E-01     1.000000E+00 
  524  5728   524     7.022635E+00     3.511828E+00     1.270755E+00     1.210054E+01     9.955410E-01     1.000000E+00 
  525  5739   525     7.022706E+00     3.511819E+00     1.270831E+00     1.210155E+01     9.956218E-01     1.000000E+00 
  526  5750   526     7.022776E+00     3.511810E+00     1.270907E+00     1.210257E+01     9.957024E-01     1.000000E+00 
  527  5761   527     7.022846E+00     3.511801E+00     1.270982E+00     1.210358E+01     9.957828E-01     1.000000E+00 
  528  5772   528     7.022916E+00     3.511792E+00     1.271058E+00     1.210458E+01     9.958630E-01     1.000000E+00 
  529  5783   529     7.022986E+00     3.511784E+00     1.271132E+00     1.210559E+01     9.959429E-01     1.000000E+00 
  530  5794   530     7.023056E+00     3.511775E+00     1.271207E+00     1.210659E+01     9.960224E-01     1.000000E+00 
  531  5805   531     7.023125E+00     3.511766E+00     1.271281E+00     1.210758E+01     9.961015E-01     1.000000E+00 
  532  5816   532     7.023193E+00     3.511758E+00     1.271355E+00     1.210857E+01     9.961801E-01     1.000000E+00 
  533  5827   533     7.023261E+00     3.511749E+00     1.271428E+00     1.210955E+01     9.962578E-01     1.000000E+00 
  534  5838   534     7.023329E+00     3.511741E+00     1.271500E+00     1.211052E+01     9.963365E-01     1.000000E+00 
  535  5849   535     7.023396E+00     3.511733E+00     1.271572E+00     1.211148E+01     9.964153E-01     1.000000E+00 
  536  5860   536     7.023463E+00     3.511724E+00     1.271644E+00     1.211245E+01     9.964940E-01     1.000000E+00 
  537  5871   537     7.023530E+00     3.511716E+00     1.271716E+00     1.211341E+01     9.965727E-01     1.000000E+00 
  538  5882   538     7.023597E+00     3.511708E+00     1.271788E+00     1.211438E+01     9.966513E-01     1.000000E+00 
  539  5893   539     7.023664E+00     3.511699E+00     1.271860E+00     1.211534E+01     9.967298E-01     1.000000E+00 
  540  5904   540     7.023731E+00     3.511691E+00     1.271932E+00     1.211630E+01     9.968083E-01     1.000000E+00 
  541  5915   541     7.023798E+00     3.511683E+00     1.272003E+00     1.211726E+01     9.968866E-01     1.000000E+00 
  542  5926   542     7.023865E+00     3.511674E+00     1.272075E+00     1.211822E+01     9.969649E-01     1.000000E+00 
  543  5937   543     7.023932E+00     3.511666E+00     1.272147E+00     1.211918E+01     9.970430E-01     1.000000E+00 
  544  5948   544     7.023998E+00     3.511658E+00     1.272219E+00     1.212015E+01     9.971211E-01     1.000000E+00 
  545  5959   545     7.024065E+00     3.511650E+00     1.272290E+00     1.212113E+01     9.971991E-01     1.000000E+00 
  546  5970   546     7.024131E+00     3.511642E+00     1.272362E+00     1.212210E+01     9.972770E-01     1.000000E+00 
  547  5981   547     7.024198E+00     3.511633E+00     1.272433E+00     1.212308E+01     9.973547E-01     1.000000E+00 
  548  5992   548     7.024264E+00     3.511625E+00     1.272504E+00     1.212405E+01     9.974325E-01     1.000000E+00 
  549  6003   549     7.024331E+00     3.511617E+00     1.272576E+00     1.212502E+01     9.975101E-01     1.000000E+00 
  550  6014   550     7.024397E+00     3.511609E+00     1.272647E+00     1.212599E+01     9.975876E-01     1.000000E+00 
  551  6025   551     7.024463E+00     3.511601E+00     1.272718E+00     1.212696E+01     9.976650E-01     1.000000E+00 
  552  6036   552     7.024529E+00     3.511593E+00     1.272789E+00     1.212793E+01     9.977424E-01     1.000000E+00 
  553  6047   553     7.024595E+00     3.511584E+00     1.272860E+00     1.212889E+01     9.978197E-01     1.000000E+00 
  554  6058   554     7.024661E+00     3.511576E+00     1.272931E+00     1.212986E+01     9.978968E-01     1.000000E+00 
  555  6069   555     7.024727E+00     3.511568E+00     1.273002E+00     1.213082E+01     9.979739E-01     1.000000E+00 
  556  6080   556     7.024793E+00     3.511560E+00     1.273073E+00     1.213179E+01     9.980509E-01     1.000000E+00 
  557  6091   557     7.024858E+00     3.511552E+00     1.273144E+00     1.213275E+01     9.981278E-01     1.000000E+00 
  558  6102   558     7.024924E+00     3.511544E+00     1.273215E+00     1.213371E+01     9.982046E-01     1.000000E+00 
  559  6113   559     7.024990E+00     3.511536E+00     1.273285E+00     1.213467E+01     9.982814E-01     1.000000E+00 
  560  6124   560     7.025055E+00     3.511528E+00     1.273356E+00     1.213563E+01     9.983580E-01     1.000000E+00 
  561  6135   561     7.025121E+00     3.511520E+00     1.273427E+00     1.213658E+01     9.984346E-01     1.000000E+00 
  562  6146   562     7.025186E+00     3.511512E+00     1.273497E+00     1.213754E+01     9.985111E-01     1.000000E+00 
  563  6157   563     7.025251E+00     3.511504E+00     1.273567E+00     1.213850E+01     9.985874E-01     1.000000E+00 
  564  6168   564     7.025317E+00     3.511496E+00     1.273638E+00     1.213945E+01     9.986637E-01     1.000000E+00 
  565  6179   565     7.025382E+00     3.511488E+00     1.273708E+00     1.214040E+01     9.987400E-01     1.000000E+00 
  566  6190   566     7.025447E+00     3.511480E+00     1.273778E+00     1.214136E+01     9.988161E-01     1.000000E+00 
  567  6201   567     7.025512E+00     3.511472E+00     1.273848E+00     1.214231E+01     9.988921E-01     1.000000E+00 
  568  6212   568     7.025577E+00     3.511464E+00     1.273918E+00     1.214326E+01     9.989681E-01     1.000000E+00 
  569  6223   569     7.025642E+00     3.511456E+00     1.273988E+00     1.214420E+01     9.990439E-01     1.000000E+00 
  570  6234   570     7.025707E+00     3.511448E+00     1.274058E+00     1.214515E+01     9.991197E-01     1.000000E+00 
  571  6245   571     7.025772E+00     3.511440E+00     1.274128E+00     1.214610E+01     9.991954E-01     1.000000E+00 
  572  6256   572     7.025836E+00     3.511433E+00     1.274198E+00     1.214704E+01     9.992710E-01     1.000000E+00 
  573  6267   573     7.025901E+00     3.511425E+00     1.274267E+00     1.214799E+01     9.993466E-01     1.000000E+00 
  574  6278   574     7.025965E+00     3.511417E+00     1.274337E+00     1.214893E+01     9.994220E-01     1.000000E+00 
  575  6289   575     7.026030E+00     3.511409E+00     1.274406E+00     1.214987E+01     9.994974E-01     1.000000E+00 
  576  6300   576     7.026094E+00     3.511401E+00     1.274476E+00     1.215081E+01     9.995727E-01     1.000000E+00 
  577  6311   577     7.026159E+00     3.511393E+00     1.274545E+00     1.215175E+01     9.996478E-01     1.000000E+00 
  578  6322   578     7.026223E+00     3.511386E+00     1.274615E+00     1.215269E+01     9.997230E-01     1.000000E+00 
  579  6333   579     7.026287E+00     3.511378E+00     1.274684E+00     1.215363E+01     9.997980E-01     1.000000E+00 
  580  6344   580     7.026352E+00     3.511370E+00     1.274753E+00     1.215457E+01     9.998729E-01     1.000000E+00 
  581  6355   581     7.026416E+00     3.511362E+00     1.274822E+00     1.215550E+01     9.999478E-01     1.000000E+00 
  582  6366   582     7.026480E+00     3.511355E+00     1.274891E+00     1.215644E+01     1.000023E+00     1.000000E+00 
  583  6377   583     7.026544E+00     3.511347E+00     1.274960E+00     1.215737E+01     1.000097E+00     1.000000E+00 
  584  6388   584     7.026608E+00     3.511339E+00     1.275029E+00     1.215830E+01     1.000172E+00     1.000000E+00 
  585  6399   585     7.026672E+00     3.511331E+00     1.275098E+00     1.215923E+01     1.000246E+00     1.000000E+00 
  586  6410   586     7.026735E+00     3.511324E+00     1.275167E+00     1.216016E+01     1.000321E+00     1.000000E+00 
  587  6421   587     7.026799E+00     3.511316E+00     1.275236E+00     1.216109E+01     1.000395E+00     1.000000E+00 
  588  6432   588     7.026863E+00     3.511308E+00     1.275304E+00     1.216202E+01     1.000469E+00     1.000000E+00 
  589  6443   589     7.026926E+00     3.511301E+00     1.275373E+00     1.216295E+01     1.000544E+00     1.000000E+00 
  590  6454   590     7.026990E+00     3.511293E+00     1.275441E+00     1.216388E+01     1.000618E+00     1.000000E+00 
  591  6465   591     7.027053E+00     3.511285E+00     1.275510E+00     1.216480E+01     1.000692E+00     1.000000E+00 
  592  6476   592     7.027117E+00     3.511278E+00     1.275578E+00     1.216572E+01     1.000766E+00     1.000000E+00 
  593  6487   593     7.027180E+00     3.511270E+00     1.275647E+00     1.216665E+01     1.000840E+00     1.000000E+00 
  594  6498   594     7.027243E+00     3.511263E+00     1.275715E+00     1.216757E+01     1.000913E+00     1.000000E+00 
  595  6509   595     7.027306E+00     3.511255E+00     1.275783E+00     1.216849E+01     1.000987E+00     1.000000E+00 
  596  6520   596     7.027370E+00     3.511247E+00     1.275851E+00     1.216941E+01     1.001061E+00     1.000000E+00 
  597  6531   597     7.027433E+00     3.511240E+00     1.275919E+00     1.217033E+01     1.001134E+00     1.000000E+00 
  598  6542   598     7.027496E+00     3.511232E+00     1.275987E+00     1.217124E+01     1.001208E+00     1.000000E+00 
  599  6553   599     7.027559E+00     3.511225E+00     1.276055E+00     1.217216E+01     1.001281E+00     1.000000E+00 
  600  6564   600     7.027622E+00     3.511217E+00     1.276123E+00     1.217308E+01     1.001354E+00     1.000000E+00 
  601  6575   601     7.027684E+00     3.511210E+00     1.276191E+00     1.217399E+01     1.001428E+00     1.000000E+00 
  602  6586   602     7.027747E+00     3.511202E+00     1.276258E+00     1.217490E+01     1.001501E+00     1.000000E+00 
  603  6597   603     7.027810E+00     3.511195E+00     1.276326E+00     1.217582E+01     1.001574E+00     1.000000E+00 
  604  6608   604     7.027872E+00     3.511187E+00     1.276393E+00     1.217673E+01     1.001647E+00     1.000000E+00 
  605  6619   605     7.027935E+00     3.511180E+00     1.276461E+00     1.217764E+01     1.001720E+00     1.000000E+00 
  606  6630   606     7.027997E+00     3.511172E+00     1.276528E+00     1.217855E+01     1.001792E+00     1.000000E+00 
  607  6641   607     7.028060E+00     3.511165E+00     1.276596E+00     1.217946E+01     1.001865E+00     1.000000E+00 
  608  6652   608     7.028122E+00     3.511157E+00     1.276663E+00     1.218036E+01     1.001938E+00     1.000000E+00 
  609  6663   609     7.028185E+00     3.511150E+00     1.276730E+00     1.218127E+01     1.002010E+00     1.000000E+00 
  610  6674   610     7.028247E+00     3.511143E+00     1.276797E+00     1.218217E+01     1.002083E+00     1.000000E+00 
  611  6685   611     7.028309E+00     3.511135E+00     1.276865E+00     1.218308E+01     1.002155E+00     1.000000E+00 
  612  6696   612     7.028371E+00     3.511128E+00     1.276932E+00     1.218398E+01     1.002228E+00     1.000000E+00 
  613  6707   613     7.028433E+00     3.511120E+00     1.276999E+00     1.218488E+01     1.002300E+00     1.000000E+00 
  614  6718   614     7.028495E+00     3.511113E+00     1.277066E+00     1.218579E+01     1.002372E+00     1.000000E+00 
  615  6729   615     7.028557E+00     3.511106E+00     1.277132E+00     1.218670E+01     1.002444E+00     1.000000E+00 
  616  6740   616     7.028619E+00     3.511098E+00     1.277199E+00     1.218762E+01     1.002516E+00     1.000000E+00 
  617  6751   617     7.028681E+00     3.511091E+00     1.277266E+00     1.218853E+01     1.002588E+00     1.000000E+00 
  618  6762   618     7.028743E+00     3.511084E+00     1.277333E+00     1.218944E+01     1.002660E+00     1.000000E+00 
  619  6773   619     7.028804E+00     3.511076E+00     1.277399E+00     1.219035E+01     1.002732E+00     1.000000E+00 
  620  6784   620     7.028866E+00     3.511069E+00     1.277466E+00     1.219125E+01     1.002804E+00     1.000000E+00 
  621  6795   621     7.028928E+00     3.511062E+00     1.277532E+00     1.219216E+01     1.002875E+00     1.000000E+00 
  622  6806   622     7.028989E+00     3.511055E+00     1.277599E+00     1.219307E+01     1.002947E+00     1.000000E+00 
  623  6817   623     7.029051E+00     3.511047E+00     1.277665E+00     1.219397E+01     1.003018E+00     1.000000E+00 
  624  6828   624     7.029112E+00     3.511040E+00     1.277731E+00     1.219488E+01     1.003090E+00     1.000000E+00 
  625  6839   625     7.029173E+00     3.511033E+00     1.277797E+00     1.219578E+01     1.003161E+00     1.000000E+00 
  626  6850   626     7.029235E+00     3.511026E+00     1.277863E+00     1.219668E+01     1.003233E+00     1.000000E+00 
  627  6861   627     7.029296E+00     3.511018E+00     1.277930E+00     1.219758E+01     1.003304E+00     1.000000E+00 
  628  6872   628     7.029357E+00     3.511011E+00     1.277996E+00     1.219848E+01     1.003375E+00     1.000000E+00 
  629  6883   629     7.029418E+00     3.511004E+00     1.278061E+00     1.219938E+01     1.003446E+00     1.000000E+00 
  630  6894   630     7.029479E+00     3.510997E+00     1.278127E+00     1.220028E+01     1.003517E+00     1.000000E+00 
  631  6905   631     7.029540E+00     3.510990E+00     1.278193E+00     1.220118E+01     1.003588E+00     1.000000E+00 
  632  6916   632     7.029601E+00     3.510983E+00     1.278259E+00     1.220207E+01     1.003658E+00     1.000000E+00 
  633  6927   633     7.029662E+00     3.510975E+00     1.278325E+00     1.220297E+01     1.003729E+00     1.000000E+00 
  634  6938   634     7.029723E+00     3.510968E+00     1.278390E+00     1.220386E+01     1.003800E+00     1.000000E+00 
  635  6949   635     7.029783E+00     3.510961E+00     1.278456E+00     1.220475E+01     1.003870E+00     1.000000E+00 
  636  6960   636     7.029844E+00     3.510954E+00     1.278521E+00     1.220565E+01     1.003941E+00     1.000000E+00 
  637  6971   637     7.029905E+00     3.510947E+00     1.278587E+00     1.220654E+01     1.004011E+00     1.000000E+00 
  638  6982   638     7.029965E+00     3.510940E+00     1.278652E+00     1.220743E+01     1.004082E+00     1.000000E+00 
  639  6993   639     7.030026E+00     3.510933E+00     1.278717E+00     1.220831E+01     1.004152E+00     1.000000E+00 
  640  7004   640     7.030086E+00     3.510926E+00     1.278783E+00     1.220920E+01     1.004222E+00     1.000000E+00 
  641  7015   641     7.030146E+00     3.510919E+00     1.278848E+00     1.221009E+01     1.004292E+00     1.000000E+00 
  642  7026   642     7.030207E+00     3.510912E+00     1.278913E+00     1.221097E+01     1.004362E+00     1.000000E+00 
  643  7037   643     7.030267E+00     3.510904E+00     1.278978E+00     1.221186E+01     1.004432E+00     1.000000E+00 
  644  7048   644     7.030327E+00     3.510897E+00     1.279043E+00     1.221274E+01     1.004502E+00     1.000000E+00 
  645  7059   645     7.030387E+00     3.510890E+00     1.279108E+00     1.221363E+01     1.004572E+00     1.000000E+00 
  646  7070   646     7.030447E+00     3.510883E+00     1.279173E+00     1.221451E+01     1.004642E+00     1.000000E+00 
  647  7081   647     7.030507E+00     3.510876E+00     1.279237E+00     1.221539E+01     1.004711E+00     1.000000E+00 
  648  7092   648     7.030567E+00     3.510869E+00     1.279302E+00     1.221627E+01     1.004781E+00     1.000000E+00 
  649  7103   649     7.030627E+00     3.510862E+00     1.279367E+00     1.221715E+01     1.004850E+00     1.000000E+00 
  650  7114   650     7.030687E+00     3.510856E+00     1.279431E+00     1.221803E+01     1.004920E+00     1.000000E+00 
  651  7125   651     7.030747E+00     3.510849E+00     1.279496E+00     1.221890E+01     1.004989E+00     1.000000E+00 
  652  7136   652     7.030806E+00     3.510842E+00     1.279560E+00     1.221978E+01     1.005058E+00     1.000000E+00 
  653  7147   653     7.030866E+00     3.510835E+00     1.279625E+00     1.222065E+01     1.005128E+00     1.000000E+00 
  654  7158   654     7.030925E+00     3.510828E+00     1.279689E+00     1.222153E+01     1.005197E+00     1.000000E+00 
  655  7169   655     7.030985E+00     3.510821E+00     1.279753E+00     1.222240E+01     1.005266E+00     1.000000E+00 
  656  7180   656     7.031044E+00     3.510814E+00     1.279817E+00     1.222327E+01     1.005335E+00     1.000000E+00 
  657  7191   657     7.031104E+00     3.510807E+00     1.279881E+00     1.222414E+01     1.005404E+00     1.000000E+00 
  658  7202   658     7.031163E+00     3.510800E+00     1.279945E+00     1.222501E+01     1.005472E+00     1.000000E+00 
  659  7213   659     7.031222E+00     3.510793E+00     1.280009E+00     1.222588E+01     1.005541E+00     1.000000E+00 
  660  7224   660     7.031281E+00     3.510787E+00     1.280073E+00     1.222675E+01     1.005610E+00     1.000000E+00 
  661  7235   661     7.031340E+00     3.510780E+00     1.280137E+00     1.222761E+01     1.005678E+00     1.000000E+00 
  662  7246   662     7.031399E+00     3.510773E+00     1.280201E+00     1.222848E+01     1.005747E+00     1.000000E+00 
  663  7257   663     7.031458E+00     3.510766E+00     1.280264E+00     1.222934E+01     1.005815E+00     1.000000E+00 
  664  7268   664     7.031517E+00     3.510759E+00     1.280328E+00     1.223020E+01     1.005883E+00     1.000000E+00 
  665  7279   665     7.031576E+00     3.510753E+00     1.280391E+00     1.223106E+01     1.005952E+00     1.000000E+00 
  666  7290   666     7.031635E+00     3.510746E+00     1.280455E+00     1.223193E+01     1.006020E+00     1.000000E+00 
  667  7301   667     7.031693E+00     3.510739E+00     1.280518E+00     1.223278E+01     1.006088E+00     1.000000E+00 
  668  7312   668     7.031752E+00     3.510732E+00     1.280581E+00     1.223364E+01     1.006156E+00     1.000000E+00 
  669  7323   669     7.031810E+00     3.510725E+00     1.280645E+00     1.223450E+01     1.006224E+00     1.000000E+00 
  670  7334   670     7.031869E+00     3.510719E+00     1.280708E+00     1.223536E+01     1.006292E+00     1.000000E+00 
  671  7345   671     7.031927E+00     3.510712E+00     1.280771E+00     1.223621E+01     1.006360E+00     1.000000E+00 
  672  7356   672     7.031986E+00     3.510705E+00     1.280834E+00     1.223707E+01     1.006428E+00     1.000000E+00 
  673  7367   673     7.032044E+00     3.510699E+00     1.280897E+00     1.223792E+01     1.006495E+00     1.000000E+00 
  674  7378   674     7.032102E+00     3.510692E+00     1.280960E+00     1.223878E+01     1.006563E+00     1.000000E+00 
  675  7389   675     7.032161E+00     3.510685E+00     1.281023E+00     1.223963E+01     1.006631E+00     1.000000E+00 
  676  7400   676     7.032219E+00     3.510679E+00     1.281086E+00     1.224048E+01     1.006698E+00     1.000000E+00 
  677  7411   677     7.032277E+00     3.510672E+00     1.281149E+00     1.224133E+01     1.006765E+00     1.000000E+00 
  678  7422   678     7.032335E+00     3.510665E+00     1.281211E+00     1.224218E+01     1.006833E+00     1.000000E+00 
  679  7433   679     7.032393E+00     3.510659E+00     1.281274E+00     1.224303E+01     1.006900E+00     1.000000E+00 
  680  7444   680     7.032451E+00     3.510652E+00     1.281337E+00     1.224388E+01     1.006967E+00     1.000000E+00 
  681  7455   681     7.032509E+00     3.510645E+00     1.281399E+00     1.224473E+01     1.007035E+00     1.000000E+00 
  682  7466   682     7.032567E+00     3.510639E+00     1.281462E+00     1.224558E+01     1.007102E+00     1.000000E+00 
  683  7477   683     7.032624E+00     3.510632E+00     1.281524E+00     1.224643E+01     1.007169E+00     1.000000E+00 
  684  7488   684     7.032682E+00     3.510625E+00     1.281586E+00     1.224727E+01     1.007236E+00     1.000000E+00 
  685  7499   685     7.032740E+00     3.510619E+00     1.281649E+00     1.224812E+01     1.007302E+00     1.000000E+00 
  686  7510   686     7.032797E+00     3.510612E+00     1.281711E+00     1.224896E+01     1.007369E+00     1.000000E+00 
  687  7521   687     7.032855E+00     3.510606E+00     1.281773E+00     1.224980E+01     1.007436E+00     1.000000E+00 
  688  7532   688     7.032912E+00     3.510599E+00     1.281835E+00     1.225064E+01     1.007503E+00     1.000000E+00 
  689  7543   689     7.032970E+00     3.510593E+00     1.281897E+00     1.225148E+01     1.007569E+00     1.000000E+00 
  690  7554   690     7.033027E+00     3.510586E+00     1.281959E+00     1.225232E+01     1.007636E+00     1.000000E+00 
  691  7565   691     7.033084E+00     3.510580E+00     1.282021E+00     1.225316E+01     1.007702E+00     1.000000E+00 
  692  7576   692     7.033142E+00     3.510573E+00     1.282083E+00     1.225400E+01     1.007769E+00     1.000000E+00 
  693  7587   693     7.033199E+00     3.510567E+00     1.282145E+00     1.225484E+01     1.007835E+00     1.000000E+00 
  694  7598   694     7.033256E+00     3.510560E+00     1.282207E+00     1.225567E+01     1.007901E+00     1.000000E+00 
  695  7609   695     7.033313E+00     3.510554E+00     1.282268E+00     1.225651E+01     1.007967E+00     1.000000E+00 
  696  7620   696     7.033370E+00     3.510547E+00     1.282330E+00     1.225734E+01     1.008033E+00     1.000000E+00 
  697  7631   697     7.033427E+00     3.510541E+00     1.282391E+00     1.225818E+01     1.008099E+00     1.000000E+00 
  698  7642   698     7.033484E+00     3.510534E+00     1.282453E+00     1.225901E+01     1.008165E+00     1.000000E+00 
  699  7653   699     7.033541E+00     3.510528E+00     1.282514E+00     1.225984E+01     1.008231E+00     1.000000E+00 
  700  7664   700     7.033597E+00     3.510521E+00     1.282576E+00     1.226067E+01     1.008297E+00     1.000000E+00 
  701  7675   701     7.033654E+00     3.510515E+00     1.282637E+00     1.226150E+01     1.008362E+00     1.000000E+00 
  702  7686   702     7.033711E+00     3.510508E+00     1.282698E+00     1.226233E+01     1.008428E+00     1.000000E+00 
  703  7697   703     7.033767E+00     3.510502E+00     1.282759E+00     1.226315E+01     1.008493E+00     1.000000E+00 
  704  7708   704     7.033824E+00     3.510496E+00     1.282820E+00     1.226398E+01     1.008559E+00     1.000000E+00 
  705  7719   705     7.033880E+00     3.510489E+00     1.282881E+00     1.226480E+01     1.008624E+00     1.000000E+00 
  706  7730   706     7.033936E+00     3.510483E+00     1.282942E+00     1.226563E+01     1.008689E+00     1.000000E+00 
  707  7741   707     7.033993E+00     3.510477E+00     1.283003E+00     1.226645E+01     1.008755E+00     1.000000E+00 
  708  7752   708     7.034049E+00     3.510470E+00     1.283064E+00     1.226727E+01     1.008820E+00     1.000000E+00 
  709  7763   709     7.034105E+00     3.510464E+00     1.283124E+00     1.226809E+01     1.008885E+00     1.000000E+00 
  710  7774   710     7.034161E+00     3.510458E+00     1.283185E+00     1.226891E+01     1.008950E+00     1.000000E+00 
  711  7785   711     7.034217E+00     3.510451E+00     1.283245E+00     1.226972E+01     1.009014E+00     1.000000E+00 
  712  7796   712     7.034273E+00     3.510445E+00     1.283306E+00     1.227054E+01     1.009079E+00     1.000000E+00 
  713  7807   713     7.034329E+00     3.510439E+00     1.283366E+00     1.227135E+01     1.009144E+00     1.000000E+00 
  714  7818   714     7.034384E+00     3.510432E+00     1.283426E+00     1.227217E+01     1.009209E+00     1.000000E+00 
  715  7829   715     7.034440E+00     3.510426E+00     1.283486E+00     1.227298E+01     1.009274E+00     1.000000E+00 
  716  7840   716     7.034496E+00     3.510420E+00     1.283546E+00     1.227379E+01     1.009338E+00     1.000000E+00 
  717  7851   717     7.034551E+00     3.510414E+00     1.283607E+00     1.227461E+01     1.009403E+00     1.000000E+00 
  718  7862   718     7.034607E+00     3.510407E+00     1.283667E+00     1.227542E+01     1.009467E+00     1.000000E+00 
  719  7873   719     7.034662E+00     3.510401E+00     1.283727E+00     1.227623E+01     1.009532E+00     1.000000E+00 
  720  7884   720     7.034718E+00     3.510395E+00     1.283787E+00     1.227704E+01     1.009596E+00     1.000000E+00 
  721  7895   721     7.034773E+00     3.510389E+00     1.283846E+00     1.227784E+01     1.009660E+00     1.000000E+00 
  722  7906   722     7.034828E+00     3.510383E+00     1.283906E+00     1.227865E+01     1.009724E+00     1.000000E+00 
  723  7917   723     7.034884E+00     3.510376E+00     1.283966E+00     1.227946E+01     1.009789E+00     1.000000E+00 
  724  7928   724     7.034939E+00     3.510370E+00     1.284026E+00     1.228027E+01     1.009853E+00     1.000000E+00 
  725  7939   725     7.034994E+00     3.510364E+00     1.284085E+00     1.228107E+01     1.009917E+00     1.000000E+00 
  726  7950   726     7.035049E+00     3.510358E+00     1.284145E+00     1.228187E+01     1.009981E+00     1.000000E+00 
  727  7961   727     7.035104E+00     3.510352E+00     1.284205E+00     1.228268E+01     1.010045E+00     1.000000E+00 
  728  7972   728     7.035159E+00     3.510346E+00     1.284264E+00     1.228348E+01     1.010108E+00     1.000000E+00 
  729  7983   729     7.035214E+00     3.510339E+00     1.284324E+00     1.228428E+01     1.010172E+00     1.000000E+00 
  730  7994   730     7.035269E+00     3.510333E+00     1.284383E+00     1.228508E+01     1.010236E+00     1.000000E+00 
  731  8005   731     7.035324E+00     3.510327E+00     1.284443E+00     1.228588E+01     1.010300E+00     1.000000E+00 
  732  8016   732     7.035379E+00     3.510321E+00     1.284502E+00     1.228668E+01     1.010363E+00     1.000000E+00 
  733  8027   733     7.035434E+00     3.510315E+00     1.284561E+00     1.228748E+01     1.010427E+00     1.000000E+00 
  734  8038   734     7.035489E+00     3.510309E+00     1.284620E+00     1.228828E+01     1.010490E+00     1.000000E+00 
  735  8049   735     7.035543E+00     3.510303E+00     1.284680E+00     1.228908E+01     1.010554E+00     1.000000E+00 
  736  8060   736     7.035598E+00     3.510297E+00     1.284739E+00     1.228987E+01     1.010617E+00     1.000000E+00 
  737  8071   737     7.035653E+00     3.510291E+00     1.284798E+00     1.229067E+01     1.010680E+00     1.000000E+00 
  738  8082   738     7.035707E+00     3.510285E+00     1.284857E+00     1.229146E+01     1.010744E+00     1.000000E+00 
  739  8093   739     7.035762E+00     3.510279E+00     1.284916E+00     1.229226E+01     1.010807E+00     1.000000E+00 
  740  8104   740     7.035816E+00     3.510272E+00     1.284975E+00     1.229305E+01     1.010870E+00     1.000000E+00 
  741  8115   741     7.035871E+00     3.510266E+00     1.285033E+00     1.229384E+01     1.010933E+00     1.000000E+00 
  742  8126   742     7.035925E+00     3.510260E+00     1.285092E+00     1.229464E+01     1.010996E+00     1.000000E+00 
  743  8137   743     7.035979E+00     3.510254E+00     1.285151E+00     1.229543E+01     1.011059E+00     1.000000E+00 
  744  8148   744     7.036034E+00     3.510248E+00     1.285210E+00     1.229622E+01     1.011122E+00     1.000000E+00 
  745  8159   745     7.036088E+00     3.510242E+00     1.285268E+00     1.229701E+01     1.011184E+00     1.000000E+00 
  746  8170   746     7.036142E+00     3.510236E+00     1.285327E+00     1.229781E+01     1.011247E+00     1.000000E+00 
  747  8181   747     7.036196E+00     3.510230E+00     1.285386E+00     1.229861E+01     1.011310E+00     1.000000E+00 
  748  8192   748     7.036250E+00     3.510224E+00     1.285444E+00     1.229942E+01     1.011373E+00     1.000000E+00 
  749  8203   749     7.036304E+00     3.510218E+00     1.285503E+00     1.230023E+01     1.011435E+00     1.000000E+00 
  750  8214   750     7.036358E+00     3.510212E+00     1.285561E+00     1.230103E+01     1.011498E+00     1.000000E+00 
  751  8225   751     7.036412E+00     3.510206E+00     1.285619E+00     1.230184E+01     1.011560E+00     1.000000E+00 
  752  8236   752     7.036466E+00     3.510201E+00     1.285678E+00     1.230264E+01     1.011622E+00     1.000000E+00 
  753  8247   753     7.036520E+00     3.510195E+00     1.285736E+00     1.230344E+01     1.011685E+00     1.000000E+00 
  754  8258   754     7.036574E+00     3.510189E+00     1.285794E+00     1.230425E+01     1.011747E+00     1.000000E+00 
  755  8269   755     7.036627E+00     3.510183E+00     1.285852E+00     1.230505E+01     1.011809E+00     1.000000E+00 
  756  8280   756     7.036681E+00     3.510177E+00     1.285910E+00     1.230585E+01     1.011871E+00     1.000000E+00 
  757  8291   757     7.036735E+00     3.510171E+00     1.285968E+00     1.230665E+01     1.011934E+00     1.000000E+00 
  758  8302   758     7.036788E+00     3.510165E+00     1.286026E+00     1.230745E+01     1.011996E+00     1.000000E+00 
  759  8313   759     7.036842E+00     3.510159E+00     1.286084E+00     1.230825E+01     1.012058E+00     1.000000E+00 
  760  8324   760     7.036895E+00     3.510153E+00     1.286142E+00     1.230905E+01     1.012120E+00     1.000000E+00 
  761  8335   761     7.036949E+00     3.510147E+00     1.286200E+00     1.230984E+01     1.012181E+00     1.000000E+00 
  762  8346   762     7.037002E+00     3.510142E+00     1.286258E+00     1.231064E+01     1.012243E+00     1.000000E+00 
  763  8357   763     7.037056E+00     3.510136E+00     1.286316E+00     1.231144E+01     1.012305E+00     1.000000E+00 
  764  8368   764     7.037109E+00     3.510130E+00     1.286373E+00     1.231223E+01     1.012367E+00     1.000000E+00 
  765  8379   765     7.037162E+00     3.510124E+00     1.286431E+00     1.231302E+01     1.012428E+00     1.000000E+00 
  766  8390   766     7.037216E+00     3.510118E+00     1.286489E+00     1.231382E+01     1.012490E+00     1.000000E+00 
  767  8401   767     7.037269E+00     3.510112E+00     1.286546E+00     1.231461E+01     1.012551E+00     1.000000E+00 
  768  8412   768     7.037322E+00     3.510106E+00     1.286604E+00     1.231540E+01     1.012613E+00     1.000000E+00 
  769  8423   769     7.037375E+00     3.510101E+00     1.286661E+00     1.231619E+01     1.012674E+00     1.000000E+00 
  770  8434   770     7.037428E+00     3.510095E+00     1.286719E+00     1.231698E+01     1.012736E+00     1.000000E+00 
  771  8445   771     7.037481E+00     3.510089E+00     1.286776E+00     1.231777E+01     1.012797E+00     1.000000E+00 
  772  8456   772     7.037534E+00     3.510083E+00     1.286833E+00     1.231856E+01     1.012858E+00     1.000000E+00 
  773  8467   773     7.037587E+00     3.510078E+00     1.286891E+00     1.231935E+01     1.012919E+00     1.000000E+00 
  774  8478   774     7.037640E+00     3.510072E+00     1.286948E+00     1.232014E+01     1.012980E+00     1.000000E+00 
  775  8489   775     7.037693E+00     3.510066E+00     1.287005E+00     1.232092E+01     1.013041E+00     1.000000E+00 
  776  8500   776     7.037745E+00     3.510060E+00     1.287062E+00     1.232171E+01     1.013102E+00     1.000000E+00 
  777  8511   777     7.037798E+00     3.510054E+00     1.287119E+00     1.232249E+01     1.013163E+00     1.000000E+00 
  778  8522   778     7.037851E+00     3.510049E+00     1.287176E+00     1.232328E+01     1.013224E+00     1.000000E+00 
  779  8533   779     7.037903E+00     3.510043E+00     1.287233E+00     1.232406E+01     1.013285E+00     1.000000E+00 
  780  8544   780     7.037956E+00     3.510037E+00     1.287290E+00     1.232485E+01     1.013346E+00     1.000000E+00 
  781  8555   781     7.038009E+00     3.510032E+00     1.287347E+00     1.232563E+01     1.013407E+00     1.000000E+00 
  782  8566   782     7.038061E+00     3.510026E+00     1.287404E+00     1.232641E+01     1.013467E+00     1.000000E+00 
  783  8577   783     7.038113E+00     3.510020E+00     1.287461E+00     1.232719E+01     1.013528E+00     1.000000E+00 
  784  8588   784     7.038166E+00     3.510014E+00     1.287517E+00     1.232797E+01     1.013588E+00     1.000000E+00 
  785  8599   785     7.038218E+00     3.510009E+00     1.287574E+00     1.232875E+01     1.013649E+00     1.000000E+00 
  786  8610   786     7.038271E+00     3.510003E+00     1.287631E+00     1.232953E+01     1.013709E+00     1.000000E+00 
  787  8621   787     7.038323E+00     3.509997E+00     1.287687E+00     1.233030E+01     1.013770E+00     1.000000E+00 
  788  8632   788     7.038375E+00     3.509992E+00     1.287744E+00     1.233108E+01     1.013830E+00     1.000000E+00 
  789  8643   789     7.038427E+00     3.509986E+00     1.287800E+00     1.233186E+01     1.013890E+00     1.000000E+00 
  790  8654   790     7.038479E+00     3.509980E+00     1.287857E+00     1.233263E+01     1.013951E+00     1.000000E+00 
  791  8665   791     7.038532E+00     3.509975E+00     1.287913E+00     1.233341E+01     1.014011E+00     1.000000E+00 
  792  8676   792     7.038584E+00     3.509969E+00     1.287970E+00     1.233418E+01     1.014071E+00     1.000000E+00 
  793  8687   793     7.038636E+00     3.509964E+00     1.288026E+00     1.233496E+01     1.014131E+00     1.000000E+00 
  794  8698   794     7.038688E+00     3.509958E+00     1.288082E+00     1.233573E+01     1.014191E+00     1.000000E+00 
  795  8709   795     7.038740E+00     3.509952E+00     1.288139E+00     1.233650E+01     1.014251E+00     1.000000E+00 
  796  8720   796     7.038791E+00     3.509947E+00     1.288195E+00     1.233727E+01     1.014311E+00     1.000000E+00 
  797  8731   797     7.038843E+00     3.509941E+00     1.288251E+00     1.233804E+01     1.014371E+00     1.000000E+00 
  798  8742   798     7.038895E+00     3.509935E+00     1.288307E+00     1.233881E+01     1.014431E+00     1.000000E+00 
  799  8753   799     7.038947E+00     3.509930E+00     1.288363E+00     1.233958E+01     1.014490E+00     1.000000E+00 
  800  8763   800     6.972091E+00     3.509924E+00     6.562436E-01     6.305529E+00     3.969966E-09     4.053369E-01 
