MAJOR  NFEV  NGEV           OBJFUN            GNORM            CNORM             FEAS              OPT             STEP 
    0     1     1     6.897432E+00     3.417038E+00     1.236340E-02     9.900000E+01     9.900000E+01     9.900000E+01 
    1     2     1     6.492852E+00     3.417038E+00     2.261633E-01     2.803049E+00     1.533223E-02     1.000000E+00 
    2     4     2     6.261132E+00     3.096187E+00     3.164366E-01     4.112221E+00     1.676608E-01     1.000000E+00 
    3    15     3     6.245358E+00     3.096184E+00     3.306319E-01     4.087425E+00     1.583985E-01     1.000000E+00 
    4    26     4     6.238126E+00     3.096180E+00     3.404060E-01     4.098368E+00     1.526869E-01     1.000000E+00 
    5    37     5     6.234050E+00     3.096172E+00     3.523264E-01     4.113547E+00     1.499888E-01     1.000000E+00 
    6    48     6     6.231561E+00     3.096161E+00     3.633560E-01     4.124910E+00     1.487270E-01     1.000000E+00 
    7    59     7     6.229952E+00     3.096147E+00     3.748253E-01     4.135039E+00     1.482581E-01     1.000000E+00 
    8    70     8     6.228866E+00     3.096130E+00     3.858288E-01     4.149284E+00     1.480368E-01     1.000000E+00 
    9    81     9     6.228096E+00     3.096110E+00     3.962727E-01     4.156951E+00     1.480163E-01     1.000000E+00 
   10    92    10     6.227544E+00     3.096089E+00     4.061855E-01     4.168996E+00     1.480136E-01     1.000000E+00 
   11   103    11     6.227129E+00     3.096066E+00     4.153291E-01     4.174818E+00     1.480814E-01     1.000000E+00 
   12   114    12     6.226821E+00     3.096041E+00     4.239489E-01     4.184623E+00     1.481293E-01     1.000000E+00 
   13   125    13     6.226581E+00     3.096014E+00     4.318122E-01     4.189307E+00     1.482103E-01     1.000000E+00 
   14   136    14     6.226399E+00     3.095986E+00     4.392042E-01     4.197416E+00     1.482695E-01     1.000000E+00 
   15   147    15     6.226254E+00     3.095956E+00     4.459115E-01     4.202612E+00     1.483559E-01     1.000000E+00 
   16   158    16     6.226143E+00     3.095925E+00     4.522110E-01     4.210318E+00     1.484222E-01     1.000000E+00 
   17   169    17     6.226053E+00     3.095892E+00     4.579101E-01     4.214739E+00     1.485100E-01     1.000000E+00 
   18   180    18     6.225985E+00     3.095859E+00     4.632622E-01     4.222119E+00     1.485815E-01     1.000000E+00 
   19   191    19     6.225929E+00     3.095824E+00     4.680956E-01     4.226648E+00     1.486713E-01     1.000000E+00 
   20   202    20     6.225886E+00     3.095788E+00     4.726357E-01     4.233795E+00     1.487477E-01     1.000000E+00 
   21   213    21     6.225851E+00     3.095751E+00     4.767313E-01     4.238931E+00     1.488398E-01     1.000000E+00 
   22   224    22     6.225825E+00     3.095714E+00     4.805799E-01     4.246325E+00     1.489208E-01     1.000000E+00 
   23   235    23     6.225805E+00     3.095675E+00     4.840492E-01     4.251042E+00     1.490154E-01     1.000000E+00 
   24   246    24     6.225790E+00     3.095636E+00     4.873107E-01     4.257585E+00     1.491005E-01     1.000000E+00 
   25   257    25     6.225778E+00     3.095596E+00     4.902495E-01     4.261857E+00     1.491975E-01     1.000000E+00 
   26   268    26     6.225770E+00     3.095555E+00     4.930135E-01     4.268075E+00     1.492861E-01     1.000000E+00 
   27   279    27     6.225764E+00     3.095514E+00     4.955034E-01     4.272096E+00     1.493851E-01     1.000000E+00 
   28   290    28     6.225761E+00     3.095472E+00     4.978463E-01     4.277674E+00     1.494766E-01     1.000000E+00 
   29   301    29     6.225759E+00     3.095430E+00     4.999563E-01     4.281295E+00     1.495773E-01     1.000000E+00 
   30   312    30     6.225758E+00     3.095388E+00     5.019429E-01     4.286401E+00     1.496710E-01     1.000000E+00 
   31   323    31     6.225759E+00     3.095345E+00     5.037316E-01     4.289852E+00     1.497729E-01     1.000000E+00 
   32   334    32     6.225760E+00     3.095302E+00     5.054166E-01     4.294498E+00     1.498684E-01     1.000000E+00 
   33   345    33     6.225762E+00     3.095259E+00     5.069336E-01     4.297734E+00     1.499713E-01     1.000000E+00 
   34   356    34     6.225765E+00     3.095215E+00     5.083634E-01     4.302296E+00     1.500683E-01     1.000000E+00 
   35   367    35     6.225768E+00     3.095172E+00     5.096504E-01     4.305366E+00     1.501716E-01     1.000000E+00 
   36   378    36     6.225771E+00     3.095128E+00     5.108641E-01     4.309666E+00     1.502696E-01     1.000000E+00 
   37   389    37     6.225774E+00     3.095084E+00     5.119563E-01     4.312649E+00     1.503731E-01     1.000000E+00 
   38   400    38     6.225778E+00     3.095041E+00     5.129870E-01     4.316718E+00     1.504718E-01     1.000000E+00 
   39   411    39     6.225781E+00     3.094997E+00     5.139144E-01     4.319475E+00     1.505752E-01     1.000000E+00 
   40   422    40     6.225785E+00     3.094953E+00     5.147899E-01     4.323239E+00     1.506742E-01     1.000000E+00 
   41   433    41     6.225788E+00     3.094910E+00     5.155776E-01     4.325803E+00     1.507775E-01     1.000000E+00 
   42   444    42     6.225791E+00     3.094866E+00     5.163217E-01     4.329301E+00     1.508764E-01     1.000000E+00 
   43   455    43     6.225795E+00     3.094823E+00     5.169909E-01     4.331699E+00     1.509793E-01     1.000000E+00 
   44   466    44     6.225798E+00     3.094779E+00     5.176235E-01     4.334963E+00     1.510780E-01     1.000000E+00 
   45   477    45     6.225801E+00     3.094736E+00     5.181922E-01     4.337242E+00     1.511804E-01     1.000000E+00 
   46   488    46     6.225804E+00     3.094693E+00     5.187302E-01     4.340316E+00     1.512788E-01     1.000000E+00 
   47   499    47     6.225807E+00     3.094650E+00     5.192137E-01     4.342493E+00     1.513805E-01     1.000000E+00 
   48   510    48     6.225810E+00     3.094608E+00     5.196714E-01     4.345382E+00     1.514784E-01     1.000000E+00 
   49   521    49     6.225812E+00     3.094565E+00     5.200826E-01     4.347446E+00     1.515794E-01     1.000000E+00 
   50   532    50     6.225815E+00     3.094523E+00     5.204720E-01     4.350171E+00     1.516768E-01     1.000000E+00 
   51   543    51     6.225817E+00     3.094481E+00     5.208218E-01     4.352138E+00     1.517769E-01     1.000000E+00 
   52   554    52     6.225820E+00     3.094439E+00     5.211533E-01     4.354718E+00     1.518736E-01     1.000000E+00 
   53   565    53     6.225822E+00     3.094397E+00     5.214509E-01     4.356599E+00     1.519727E-01     1.000000E+00 
   54   576    54     6.225824E+00     3.094356E+00     5.217332E-01     4.359050E+00     1.520688E-01     1.000000E+00 
   55   587    55     6.225826E+00     3.094315E+00     5.219865E-01     4.360858E+00     1.521670E-01     1.000000E+00 
   56   598    56     6.225827E+00     3.094274E+00     5.222269E-01     4.363194E+00     1.522623E-01     1.000000E+00 
   57   609    57     6.225829E+00     3.094233E+00     5.224425E-01     4.364937E+00     1.523594E-01     1.000000E+00 
   58   620    58     6.225831E+00     3.094193E+00     5.226473E-01     4.367192E+00     1.524539E-01     1.000000E+00 
   59   631    59     6.225832E+00     3.094153E+00     5.228310E-01     4.368875E+00     1.525501E-01     1.000000E+00 
   60   642    60     6.225834E+00     3.094113E+00     5.230055E-01     4.371043E+00     1.526437E-01     1.000000E+00 
   61   653    61     6.225835E+00     3.094073E+00     5.231619E-01     4.372674E+00     1.527388E-01     1.000000E+00 
   62   664    62     6.225837E+00     3.094033E+00     5.233107E-01     4.374755E+00     1.528316E-01     1.000000E+00 
   63   675    63     6.225838E+00     3.093994E+00     5.234440E-01     4.376339E+00     1.529257E-01     1.000000E+00 
   64   686    64     6.225839E+00     3.093955E+00     5.235709E-01     4.378341E+00     1.530176E-01     1.000000E+00 
   65   697    65     6.225840E+00     3.093916E+00     5.236845E-01     4.379964E+00     1.531106E-01     1.000000E+00 
   66   708    66     6.225841E+00     3.093878E+00     5.237927E-01     4.381967E+00     1.532016E-01     1.000000E+00 
   67   719    67     6.225842E+00     3.093840E+00     5.238897E-01     4.383687E+00     1.532936E-01     1.000000E+00 
   68   730    68     6.225843E+00     3.093802E+00     5.239820E-01     4.385628E+00     1.533837E-01     1.000000E+00 
   69   741    69     6.225844E+00     3.093764E+00     5.240647E-01     4.387306E+00     1.534746E-01     1.000000E+00 
   70   752    70     6.225845E+00     3.093726E+00     5.241436E-01     4.389191E+00     1.535639E-01     1.000000E+00 
   71   763    71     6.225846E+00     3.093689E+00     5.242142E-01     4.390832E+00     1.536538E-01     1.000000E+00 
   72   774    72     6.225847E+00     3.093652E+00     5.242816E-01     4.392666E+00     1.537421E-01     1.000000E+00 
   73   785    73     6.225848E+00     3.093615E+00     5.243419E-01     4.394273E+00     1.538310E-01     1.000000E+00 
   74   796    74     6.225849E+00     3.093579E+00     5.243995E-01     4.396059E+00     1.539184E-01     1.000000E+00 
   75   807    75     6.225849E+00     3.093542E+00     5.244511E-01     4.397636E+00     1.540064E-01     1.000000E+00 
   76   818    76     6.225850E+00     3.093506E+00     5.245005E-01     4.399379E+00     1.540929E-01     1.000000E+00 
   77   829    77     6.225851E+00     3.093470E+00     5.245447E-01     4.400927E+00     1.541798E-01     1.000000E+00 
   78   840    78     6.225852E+00     3.093435E+00     5.245870E-01     4.402631E+00     1.542655E-01     1.000000E+00 
   79   851    79     6.225852E+00     3.093399E+00     5.246249E-01     4.404153E+00     1.543515E-01     1.000000E+00 
   80   862    80     6.225853E+00     3.093364E+00     5.246612E-01     4.405820E+00     1.544363E-01     1.000000E+00 
   81   873    81     6.225854E+00     3.093329E+00     5.246937E-01     4.407317E+00     1.545213E-01     1.000000E+00 
   82   884    82     6.225855E+00     3.093294E+00     5.247249E-01     4.408950E+00     1.546052E-01     1.000000E+00 
   83   895    83     6.225855E+00     3.093260E+00     5.247530E-01     4.410425E+00     1.546894E-01     1.000000E+00 
   84   906    84     6.225856E+00     3.093225E+00     5.247799E-01     4.412026E+00     1.547724E-01     1.000000E+00 
   85   917    85     6.225857E+00     3.093191E+00     5.248041E-01     4.413483E+00     1.548557E-01     1.000000E+00 
   86   928    86     6.225857E+00     3.093157E+00     5.248274E-01     4.415055E+00     1.549379E-01     1.000000E+00 
   87   939    87     6.225858E+00     3.093124E+00     5.248483E-01     4.416503E+00     1.550202E-01     1.000000E+00 
   88   950    88     6.225859E+00     3.093090E+00     5.248685E-01     4.418048E+00     1.551016E-01     1.000000E+00 
   89   961    89     6.225859E+00     3.093057E+00     5.248867E-01     4.419476E+00     1.551831E-01     1.000000E+00 
   90   972    90     6.225860E+00     3.093024E+00     5.249043E-01     4.420996E+00     1.552637E-01     1.000000E+00 
   91   983    91     6.225861E+00     3.092991E+00     5.249202E-01     4.422406E+00     1.553443E-01     1.000000E+00 
   92   994    92     6.225861E+00     3.092958E+00     5.249356E-01     4.423901E+00     1.554241E-01     1.000000E+00 
   93  1005    93     6.225862E+00     3.092926E+00     5.249496E-01     4.425295E+00     1.555039E-01     1.000000E+00 
   94  1016    94     6.225863E+00     3.092894E+00     5.249631E-01     4.426767E+00     1.555829E-01     1.000000E+00 
   95  1027    95     6.225864E+00     3.092861E+00     5.249754E-01     4.428144E+00     1.556619E-01     1.000000E+00 
   96  1038    96     6.225864E+00     3.092830E+00     5.249874E-01     4.429594E+00     1.557401E-01     1.000000E+00 
   97  1049    97     6.225865E+00     3.092798E+00     5.249984E-01     4.430956E+00     1.558183E-01     1.000000E+00 
   98  1060    98     6.225866E+00     3.092766E+00     5.250090E-01     4.432385E+00     1.558958E-01     1.000000E+00 
   99  1071    99     6.225866E+00     3.092735E+00     5.250189E-01     4.433732E+00     1.559732E-01     1.000000E+00 
  100  1082   100     6.225867E+00     3.092704E+00     5.250285E-01     4.435141E+00     1.560499E-01     1.000000E+00 
  101  1093   101     6.225868E+00     3.092673E+00     5.250374E-01     4.436473E+00     1.561266E-01     1.000000E+00 
  102  1104   102     6.225869E+00     3.092642E+00     5.250460E-01     4.437863E+00     1.562026E-01     1.000000E+00 
  103  1115   103     6.225869E+00     3.092611E+00     5.250542E-01     4.439181E+00     1.562784E-01     1.000000E+00 
  104  1126   104     6.225870E+00     3.092581E+00     5.250621E-01     4.440553E+00     1.563537E-01     1.000000E+00 
  105  1137   105     6.225871E+00     3.092550E+00     5.250696E-01     4.441858E+00     1.564289E-01     1.000000E+00 
  106  1148   106     6.225872E+00     3.092520E+00     5.250769E-01     4.443212E+00     1.565035E-01     1.000000E+00 
  107  1159   107     6.225873E+00     3.092490E+00     5.250839E-01     4.444504E+00     1.565779E-01     1.000000E+00 
  108  1170   108     6.225873E+00     3.092461E+00     5.250907E-01     4.445841E+00     1.566518E-01     1.000000E+00 
  109  1181   109     6.225874E+00     3.092431E+00     5.250972E-01     4.447120E+00     1.567255E-01     1.000000E+00 
  110  1192   110     6.225875E+00     3.092401E+00     5.251037E-01     4.448441E+00     1.567987E-01     1.000000E+00 
  111  1203   111     6.225876E+00     3.092372E+00     5.251099E-01     4.449707E+00     1.568718E-01     1.000000E+00 
  112  1214   112     6.225877E+00     3.092343E+00     5.251160E-01     4.451012E+00     1.569443E-01     1.000000E+00 
  113  1225   113     6.225878E+00     3.092314E+00     5.251219E-01     4.452266E+00     1.570167E-01     1.000000E+00 
  114  1236   114     6.225879E+00     3.092285E+00     5.251278E-01     4.453557E+00     1.570886E-01     1.000000E+00 
  115  1247   115     6.225879E+00     3.092256E+00     5.251335E-01     4.454799E+00     1.571603E-01     1.000000E+00 
  116  1258   116     6.225880E+00     3.092228E+00     5.251392E-01     4.456074E+00     1.572316E-01     1.000000E+00 
  117  1269   117     6.225881E+00     3.092199E+00     5.251448E-01     4.457305E+00     1.573027E-01     1.000000E+00 
  118  1280   118     6.225882E+00     3.092171E+00     5.251504E-01     4.458566E+00     1.573733E-01     1.000000E+00 
  119  1291   119     6.225883E+00     3.092143E+00     5.251558E-01     4.459786E+00     1.574437E-01     1.000000E+00 
  120  1302   120     6.225884E+00     3.092115E+00     5.251613E-01     4.461033E+00     1.575137E-01     1.000000E+00 
  121  1313   121     6.225885E+00     3.092087E+00     5.251667E-01     4.462245E+00     1.575835E-01     1.000000E+00 
  122  1324   122     6.225886E+00     3.092060E+00     5.251721E-01     4.463485E+00     1.576529E-01     1.000000E+00 
  123  1335   123     6.225887E+00     3.092032E+00     5.251774E-01     4.464686E+00     1.577222E-01     1.000000E+00 
  124  1346   124     6.225888E+00     3.092005E+00     5.251828E-01     4.465913E+00     1.577909E-01     1.000000E+00 
  125  1357   125     6.225889E+00     3.091978E+00     5.251881E-01     4.467104E+00     1.578596E-01     1.000000E+00 
  126  1368   126     6.225890E+00     3.091950E+00     5.251935E-01     4.468317E+00     1.579278E-01     1.000000E+00 
  127  1379   127     6.225891E+00     3.091923E+00     5.251988E-01     4.469498E+00     1.579958E-01     1.000000E+00 
  128  1390   128     6.225892E+00     3.091897E+00     5.252042E-01     4.470699E+00     1.580634E-01     1.000000E+00 
  129  1401   129     6.225893E+00     3.091870E+00     5.252096E-01     4.471869E+00     1.581309E-01     1.000000E+00 
  130  1412   130     6.225894E+00     3.091843E+00     5.252150E-01     4.473058E+00     1.581980E-01     1.000000E+00 
  131  1423   131     6.225895E+00     3.091817E+00     5.252204E-01     4.474218E+00     1.582649E-01     1.000000E+00 
  132  1434   132     6.225896E+00     3.091791E+00     5.252259E-01     4.475396E+00     1.583314E-01     1.000000E+00 
  133  1445   133     6.225897E+00     3.091764E+00     5.252313E-01     4.476546E+00     1.583977E-01     1.000000E+00 
  134  1456   134     6.225898E+00     3.091738E+00     5.252368E-01     4.477712E+00     1.584637E-01     1.000000E+00 
  135  1467   135     6.225899E+00     3.091712E+00     5.252424E-01     4.478852E+00     1.585295E-01     1.000000E+00 
  136  1478   136     6.225900E+00     3.091687E+00     5.252479E-01     4.480007E+00     1.585949E-01     1.000000E+00 
  137  1489   137     6.225902E+00     3.091661E+00     5.252535E-01     4.481138E+00     1.586602E-01     1.000000E+00 
  138  1500   138     6.225903E+00     3.091635E+00     5.252592E-01     4.482282E+00     1.587251E-01     1.000000E+00 
  139  1511   139     6.225904E+00     3.091610E+00     5.252649E-01     4.483403E+00     1.587898E-01     1.000000E+00 
  140  1522   140     6.225905E+00     3.091585E+00     5.252706E-01     4.484537E+00     1.588542E-01     1.000000E+00 
  141  1533   141     6.225906E+00     3.091559E+00     5.252764E-01     4.485649E+00     1.589184E-01     1.000000E+00 
  142  1544   142     6.225907E+00     3.091534E+00     5.252822E-01     4.486771E+00     1.589823E-01     1.000000E+00 
  143  1555   143     6.225908E+00     3.091509E+00     5.252880E-01     4.487874E+00     1.590460E-01     1.000000E+00 
  144  1566   144     6.225910E+00     3.091485E+00     5.252939E-01     4.488987E+00     1.591094E-01     1.000000E+00 
  145  1577   145     6.225911E+00     3.091460E+00     5.252998E-01     4.490080E+00     1.591725E-01     1.000000E+00 
  146  1588   146     6.225912E+00     3.091435E+00     5.253058E-01     4.491183E+00     1.592354E-01     1.000000E+00 
  147  1599   147     6.225913E+00     3.091411E+00     5.253118E-01     4.492267E+00     1.592981E-01     1.000000E+00 
  148  1610   148     6.225914E+00     3.091386E+00     5.253178E-01     4.493360E+00     1.593605E-01     1.000000E+00 
  149  1621   149     6.225915E+00     3.091362E+00     5.253240E-01     4.494435E+00     1.594227E-01     1.000000E+00 
  150  1632   150     6.225917E+00     3.091338E+00     5.253301E-01     4.495518E+00     1.594846E-01     1.000000E+00 
  151  1643   151     6.225918E+00     3.091314E+00     5.253363E-01     4.496585E+00     1.595463E-01     1.000000E+00 
  152  1654   152     6.225919E+00     3.091290E+00     5.253425E-01     4.497658E+00     1.596077E-01     1.000000E+00 
  153  1665   153     6.225920E+00     3.091266E+00     5.253488E-01     4.498717E+00     1.596690E-01     1.000000E+00 
  154  1676   154     6.225922E+00     3.091242E+00     5.253551E-01     4.499781E+00     1.597300E-01     1.000000E+00 
  155  1687   155     6.225923E+00     3.091219E+00     5.253615E-01     4.500831E+00     1.597907E-01     1.000000E+00 
  156  1698   156     6.225924E+00     3.091195E+00     5.253679E-01     4.501886E+00     1.598512E-01     1.000000E+00 
  157  1709   157     6.225925E+00     3.091172E+00     5.253744E-01     4.502928E+00     1.599116E-01     1.000000E+00 
  158  1720   158     6.225927E+00     3.091148E+00     5.253809E-01     4.503974E+00     1.599716E-01     1.000000E+00 
  159  1731   159     6.225928E+00     3.091125E+00     5.253875E-01     4.505007E+00     1.600315E-01     1.000000E+00 
  160  1742   160     6.225929E+00     3.091102E+00     5.253941E-01     4.506045E+00     1.600911E-01     1.000000E+00 
  161  1753   161     6.225930E+00     3.091079E+00     5.254007E-01     4.507070E+00     1.601505E-01     1.000000E+00 
  162  1764   162     6.225932E+00     3.091056E+00     5.254074E-01     4.508099E+00     1.602097E-01     1.000000E+00 
  163  1775   163     6.225933E+00     3.091033E+00     5.254141E-01     4.509116E+00     1.602687E-01     1.000000E+00 
  164  1786   164     6.225934E+00     3.091011E+00     5.254209E-01     4.510137E+00     1.603274E-01     1.000000E+00 
  165  1797   165     6.225936E+00     3.090988E+00     5.254278E-01     4.511147E+00     1.603860E-01     1.000000E+00 
  166  1808   166     6.225937E+00     3.090966E+00     5.254346E-01     4.512159E+00     1.604443E-01     1.000000E+00 
  167  1819   167     6.225938E+00     3.090943E+00     5.254415E-01     4.513161E+00     1.605025E-01     1.000000E+00 
  168  1830   168     6.225940E+00     3.090921E+00     5.254485E-01     4.514165E+00     1.605604E-01     1.000000E+00 
  169  1841   169     6.225941E+00     3.090899E+00     5.254555E-01     4.515159E+00     1.606181E-01     1.000000E+00 
  170  1852   170     6.225942E+00     3.090876E+00     5.254625E-01     4.516156E+00     1.606756E-01     1.000000E+00 
  171  1863   171     6.225944E+00     3.090854E+00     5.254696E-01     4.517142E+00     1.607329E-01     1.000000E+00 
  172  1874   172     6.225945E+00     3.090832E+00     5.254767E-01     4.518132E+00     1.607900E-01     1.000000E+00 
  173  1885   173     6.225946E+00     3.090810E+00     5.254839E-01     4.519122E+00     1.608470E-01     1.000000E+00 
  174  1896   174     6.225948E+00     3.090789E+00     5.254911E-01     4.520114E+00     1.609037E-01     1.000000E+00 
  175  1907   175     6.225949E+00     3.090767E+00     5.254984E-01     4.521097E+00     1.609602E-01     1.000000E+00 
  176  1918   176     6.225950E+00     3.090745E+00     5.255057E-01     4.522081E+00     1.610165E-01     1.000000E+00 
  177  1929   177     6.225952E+00     3.090724E+00     5.255130E-01     4.523057E+00     1.610726E-01     1.000000E+00 
  178  1940   178     6.225953E+00     3.090702E+00     5.255204E-01     4.524033E+00     1.611286E-01     1.000000E+00 
  179  1951   179     6.225955E+00     3.090681E+00     5.255278E-01     4.525002E+00     1.611843E-01     1.000000E+00 
  180  1962   180     6.225956E+00     3.090660E+00     5.255352E-01     4.525970E+00     1.612399E-01     1.000000E+00 
  181  1973   181     6.225957E+00     3.090639E+00     5.255427E-01     4.526932E+00     1.612952E-01     1.000000E+00 
  182  1984   182     6.225959E+00     3.090618E+00     5.255502E-01     4.527894E+00     1.613504E-01     1.000000E+00 
  183  1995   183     6.225960E+00     3.090597E+00     5.255578E-01     4.528849E+00     1.614054E-01     1.000000E+00 
  184  2006   184     6.225962E+00     3.090576E+00     5.255654E-01     4.529803E+00     1.614602E-01     1.000000E+00 
  185  2017   185     6.225963E+00     3.090555E+00     5.255730E-01     4.530761E+00     1.615149E-01     1.000000E+00 
  186  2028   186     6.225964E+00     3.090534E+00     5.255806E-01     4.531723E+00     1.615693E-01     1.000000E+00 
  187  2039   187     6.225966E+00     3.090513E+00     5.255883E-01     4.532679E+00     1.616236E-01     1.000000E+00 
  188  2050   188     6.225967E+00     3.090493E+00     5.255961E-01     4.533634E+00     1.616777E-01     1.000000E+00 
  189  2061   189     6.225969E+00     3.090472E+00     5.256038E-01     4.534584E+00     1.617316E-01     1.000000E+00 
  190  2072   190     6.225970E+00     3.090452E+00     5.256116E-01     4.535532E+00     1.617853E-01     1.000000E+00 
  191  2083   191     6.225972E+00     3.090431E+00     5.256195E-01     4.536476E+00     1.618389E-01     1.000000E+00 
  192  2094   192     6.225973E+00     3.090411E+00     5.256273E-01     4.537425E+00     1.618922E-01     1.000000E+00 
  193  2105   193     6.225974E+00     3.090391E+00     5.256352E-01     4.538368E+00     1.619455E-01     1.000000E+00 
  194  2116   194     6.225976E+00     3.090371E+00     5.256431E-01     4.539310E+00     1.619985E-01     1.000000E+00 
  195  2127   195     6.225977E+00     3.090351E+00     5.256511E-01     4.540247E+00     1.620514E-01     1.000000E+00 
  196  2138   196     6.225979E+00     3.090331E+00     5.256591E-01     4.541182E+00     1.621041E-01     1.000000E+00 
  197  2149   197     6.225980E+00     3.090311E+00     5.256671E-01     4.542113E+00     1.621566E-01     1.000000E+00 
  198  2160   198     6.225982E+00     3.090291E+00     5.256752E-01     4.543042E+00     1.622090E-01     1.000000E+00 
  199  2171   199     6.225983E+00     3.090271E+00     5.256832E-01     4.543972E+00     1.622612E-01     1.000000E+00 
  200  2182   200     6.225985E+00     3.090252E+00     5.256914E-01     4.544916E+00     1.623132E-01     1.000000E+00 
  201  2193   201     6.225986E+00     3.090232E+00     5.256995E-01     4.545856E+00     1.623651E-01     1.000000E+00 
  202  2204   202     6.225988E+00     3.090212E+00     5.257077E-01     4.546794E+00     1.624168E-01     1.000000E+00 
  203  2215   203     6.225989E+00     3.090193E+00     5.257159E-01     4.547727E+00     1.624684E-01     1.000000E+00 
  204  2226   204     6.225991E+00     3.090174E+00     5.257241E-01     4.548659E+00     1.625198E-01     1.000000E+00 
  205  2237   205     6.225992E+00     3.090154E+00     5.257323E-01     4.549586E+00     1.625710E-01     1.000000E+00 
  206  2248   206     6.225994E+00     3.090135E+00     5.257406E-01     4.550512E+00     1.626221E-01     1.000000E+00 
  207  2259   207     6.225995E+00     3.090116E+00     5.257489E-01     4.551433E+00     1.626730E-01     1.000000E+00 
  208  2270   208     6.225997E+00     3.090097E+00     5.257572E-01     4.552352E+00     1.627237E-01     1.000000E+00 
  209  2281   209     6.225998E+00     3.090078E+00     5.257656E-01     4.553267E+00     1.627744E-01     1.000000E+00 
  210  2292   210     6.226000E+00     3.090059E+00     5.257740E-01     4.554181E+00     1.628248E-01     1.000000E+00 
  211  2303   211     6.226001E+00     3.090040E+00     5.257824E-01     4.555090E+00     1.628751E-01     1.000000E+00 
  212  2314   212     6.226003E+00     3.090021E+00     5.257908E-01     4.555997E+00     1.629252E-01     1.000000E+00 
  213  2325   213     6.226004E+00     3.090002E+00     5.257992E-01     4.556900E+00     1.629752E-01     1.000000E+00 
  214  2336   214     6.226006E+00     3.089983E+00     5.258077E-01     4.557801E+00     1.630251E-01     1.000000E+00 
  215  2347   215     6.226007E+00     3.089965E+00     5.258162E-01     4.558699E+00     1.630748E-01     1.000000E+00 
  216  2358   216     6.226009E+00     3.089946E+00     5.258247E-01     4.559594E+00     1.631243E-01     1.000000E+00 
  217  2369   217     6.226010E+00     3.089928E+00     5.258333E-01     4.560486E+00     1.631737E-01     1.000000E+00 
  218  2380   218     6.226012E+00     3.089909E+00     5.258419E-01     4.561376E+00     1.632230E-01     1.000000E+00 
  219  2391   219     6.226014E+00     3.089891E+00     5.258504E-01     4.562262E+00     1.632721E-01     1.000000E+00 
  220  2402   220     6.226015E+00     3.089872E+00     5.258591E-01     4.563146E+00     1.633210E-01     1.000000E+00 
  221  2413   221     6.226017E+00     3.089854E+00     5.258677E-01     4.564026E+00     1.633699E-01     1.000000E+00 
  222  2424   222     6.226018E+00     3.089836E+00     5.258763E-01     4.564905E+00     1.634185E-01     1.000000E+00 
  223  2435   223     6.226020E+00     3.089818E+00     5.258850E-01     4.565779E+00     1.634671E-01     1.000000E+00 
  224  2446   224     6.226021E+00     3.089800E+00     5.258937E-01     4.566652E+00     1.635154E-01     1.000000E+00 
  225  2457   225     6.226023E+00     3.089782E+00     5.259024E-01     4.567522E+00     1.635637E-01     1.000000E+00 
  226  2468   226     6.226024E+00     3.089764E+00     5.259112E-01     4.568389E+00     1.636118E-01     1.000000E+00 
  227  2479   227     6.226026E+00     3.089746E+00     5.259199E-01     4.569253E+00     1.636598E-01     1.000000E+00 
  228  2490   228     6.226028E+00     3.089728E+00     5.259287E-01     4.570116E+00     1.637076E-01     1.000000E+00 
  229  2501   229     6.226029E+00     3.089710E+00     5.259375E-01     4.570974E+00     1.637553E-01     1.000000E+00 
  230  2512   230     6.226031E+00     3.089693E+00     5.259463E-01     4.571831E+00     1.638029E-01     1.000000E+00 
  231  2523   231     6.226032E+00     3.089675E+00     5.259552E-01     4.572685E+00     1.638503E-01     1.000000E+00 
  232  2534   232     6.226034E+00     3.089657E+00     5.259640E-01     4.573536E+00     1.638976E-01     1.000000E+00 
  233  2545   233     6.226035E+00     3.089640E+00     5.259729E-01     4.574385E+00     1.639448E-01     1.000000E+00 
  234  2556   234     6.226037E+00     3.089622E+00     5.259818E-01     4.575231E+00     1.639918E-01     1.000000E+00 
  235  2567   235     6.226039E+00     3.089605E+00     5.259907E-01     4.576075E+00     1.640387E-01     1.000000E+00 
  236  2578   236     6.226040E+00     3.089588E+00     5.259997E-01     4.576916E+00     1.640855E-01     1.000000E+00 
  237  2589   237     6.226042E+00     3.089570E+00     5.260086E-01     4.577754E+00     1.641321E-01     1.000000E+00 
  238  2600   238     6.226043E+00     3.089553E+00     5.260176E-01     4.578591E+00     1.641786E-01     1.000000E+00 
  239  2611   239     6.226045E+00     3.089536E+00     5.260266E-01     4.579424E+00     1.642250E-01     1.000000E+00 
  240  2622   240     6.226047E+00     3.089519E+00     5.260356E-01     4.580255E+00     1.642713E-01     1.000000E+00 
  241  2633   241     6.226048E+00     3.089502E+00     5.260446E-01     4.581084E+00     1.643174E-01     1.000000E+00 
  242  2644   242     6.226050E+00     3.089485E+00     5.260536E-01     4.581910E+00     1.643634E-01     1.000000E+00 
  243  2655   243     6.226051E+00     3.089468E+00     5.260627E-01     4.582734E+00     1.644093E-01     1.000000E+00 
  244  2666   244     6.226053E+00     3.089451E+00     5.260718E-01     4.583555E+00     1.644550E-01     1.000000E+00 
  245  2677   245     6.226055E+00     3.089434E+00     5.260808E-01     4.584374E+00     1.645007E-01     1.000000E+00 
  246  2688   246     6.226056E+00     3.089417E+00     5.260899E-01     4.585191E+00     1.645462E-01     1.000000E+00 
  247  2699   247     6.226058E+00     3.089400E+00     5.260991E-01     4.586005E+00     1.645916E-01     1.000000E+00 
  248  2710   248     6.226059E+00     3.089384E+00     5.261082E-01     4.586817E+00     1.646368E-01     1.000000E+00 
  249  2721   249     6.226061E+00     3.089367E+00     5.261173E-01     4.587627E+00     1.646820E-01     1.000000E+00 
  250  2732   250     6.226063E+00     3.089350E+00     5.261265E-01     4.588434E+00     1.647270E-01     1.000000E+00 
  251  2743   251     6.226064E+00     3.089334E+00     5.261357E-01     4.589239E+00     1.647719E-01     1.000000E+00 
  252  2754   252     6.226066E+00     3.089317E+00     5.261449E-01     4.590042E+00     1.648167E-01     1.000000E+00 
  253  2765   253     6.226067E+00     3.089301E+00     5.261541E-01     4.590842E+00     1.648614E-01     1.000000E+00 
  254  2776   254     6.226069E+00     3.089285E+00     5.261633E-01     4.591640E+00     1.649059E-01     1.000000E+00 
  255  2787   255     6.226071E+00     3.089268E+00     5.261725E-01     4.592436E+00     1.649503E-01     1.000000E+00 
  256  2798   256     6.226072E+00     3.089252E+00     5.261818E-01     4.593230E+00     1.649947E-01     1.000000E+00 
  257  2809   257     6.226074E+00     3.089236E+00     5.261910E-01     4.594021E+00     1.650389E-01     1.000000E+00 
  258  2820   258     6.226076E+00     3.089220E+00     5.262003E-01     4.594811E+00     1.650830E-01     1.000000E+00 
  259  2831   259     6.226077E+00     3.089203E+00     5.262096E-01     4.595598E+00     1.651269E-01     1.000000E+00 
  260  2842   260     6.226079E+00     3.089187E+00     5.262189E-01     4.596383E+00     1.651708E-01     1.000000E+00 
  261  2853   261     6.226081E+00     3.089171E+00     5.262282E-01     4.597165E+00     1.652145E-01     1.000000E+00 
  262  2864   262     6.226082E+00     3.089155E+00     5.262375E-01     4.597946E+00     1.652582E-01     1.000000E+00 
  263  2875   263     6.226084E+00     3.089139E+00     5.262469E-01     4.598724E+00     1.653017E-01     1.000000E+00 
  264  2886   264     6.226085E+00     3.089123E+00     5.262562E-01     4.599501E+00     1.653451E-01     1.000000E+00 
  265  2897   265     6.226087E+00     3.089108E+00     5.262656E-01     4.600275E+00     1.653884E-01     1.000000E+00 
  266  2908   266     6.226089E+00     3.089092E+00     5.262750E-01     4.601047E+00     1.654316E-01     1.000000E+00 
  267  2919   267     6.226090E+00     3.089076E+00     5.262844E-01     4.601817E+00     1.654747E-01     1.000000E+00 
  268  2930   268     6.226092E+00     3.089060E+00     5.262938E-01     4.602585E+00     1.655177E-01     1.000000E+00 
  269  2941   269     6.226094E+00     3.089045E+00     5.263032E-01     4.603366E+00     1.655606E-01     1.000000E+00 
  270  2952   270     6.226095E+00     3.089029E+00     5.263126E-01     4.604147E+00     1.656033E-01     1.000000E+00 
  271  2963   271     6.226097E+00     3.089013E+00     5.263220E-01     4.604925E+00     1.656460E-01     1.000000E+00 
  272  2974   272     6.226099E+00     3.088998E+00     5.263315E-01     4.605701E+00     1.656885E-01     1.000000E+00 
  273  2985   273     6.226100E+00     3.088982E+00     5.263409E-01     4.606474E+00     1.657310E-01     1.000000E+00 
  274  2996   274     6.226102E+00     3.088967E+00     5.263504E-01     4.607246E+00     1.657733E-01     1.000000E+00 
  275  3007   275     6.226104E+00     3.088952E+00     5.263599E-01     4.608016E+00     1.658156E-01     1.000000E+00 
  276  3018   276     6.226105E+00     3.088936E+00     5.263694E-01     4.608784E+00     1.658577E-01     1.000000E+00 
  277  3029   277     6.226107E+00     3.088921E+00     5.263789E-01     4.609550E+00     1.658997E-01     1.000000E+00 
  278  3040   278     6.226109E+00     3.088906E+00     5.263884E-01     4.610313E+00     1.659417E-01     1.000000E+00 
  279  3051   279     6.226110E+00     3.088891E+00     5.263979E-01     4.611075E+00     1.659835E-01     1.000000E+00 
  280  3062   280     6.226112E+00     3.088875E+00     5.264074E-01     4.611835E+00     1.660252E-01     1.000000E+00 
  281  3073   281     6.226114E+00     3.088860E+00     5.264170E-01     4.612593E+00     1.660669E-01     1.000000E+00 
  282  3084   282     6.226115E+00     3.088845E+00     5.264265E-01     4.613349E+00     1.661084E-01     1.000000E+00 
  283  3095   283     6.226117E+00     3.088830E+00     5.264361E-01     4.614103E+00     1.661498E-01     1.000000E+00 
  284  3106   284     6.226119E+00     3.088815E+00     5.264456E-01     4.614855E+00     1.661911E-01     1.000000E+00 
  285  3117   285     6.226120E+00     3.088800E+00     5.264552E-01     4.615605E+00     1.662324E-01     1.000000E+00 
  286  3128   286     6.226122E+00     3.088785E+00     5.264648E-01     4.616353E+00     1.662735E-01     1.000000E+00 
  287  3139   287     6.226124E+00     3.088770E+00     5.264744E-01     4.617099E+00     1.663145E-01     1.000000E+00 
  288  3150   288     6.226125E+00     3.088756E+00     5.264840E-01     4.617844E+00     1.663555E-01     1.000000E+00 
  289  3161   289     6.226127E+00     3.088741E+00     5.264936E-01     4.618586E+00     1.663963E-01     1.000000E+00 
  290  3172   290     6.226129E+00     3.088726E+00     5.265032E-01     4.619327E+00     1.664371E-01     1.000000E+00 
  291  3183   291     6.226130E+00     3.088711E+00     5.265128E-01     4.620066E+00     1.664777E-01     1.000000E+00 
  292  3194   292     6.226132E+00     3.088697E+00     5.265225E-01     4.620803E+00     1.665183E-01     1.000000E+00 
  293  3205   293     6.226134E+00     3.088682E+00     5.265321E-01     4.621538E+00     1.665587E-01     1.000000E+00 
  294  3216   294     6.226135E+00     3.088667E+00     5.265418E-01     4.622271E+00     1.665991E-01     1.000000E+00 
  295  3227   295     6.226137E+00     3.088653E+00     5.265514E-01     4.623003E+00     1.666394E-01     1.000000E+00 
  296  3238   296     6.226139E+00     3.088638E+00     5.265611E-01     4.623732E+00     1.666795E-01     1.000000E+00 
  297  3249   297     6.226140E+00     3.088624E+00     5.265708E-01     4.624460E+00     1.667196E-01     1.000000E+00 
  298  3260   298     6.226142E+00     3.088609E+00     5.265804E-01     4.625186E+00     1.667596E-01     1.000000E+00 
  299  3271   299     6.226144E+00     3.088595E+00     5.265901E-01     4.625911E+00     1.667995E-01     1.000000E+00 
  300  3282   300     6.226145E+00     3.088581E+00     5.265998E-01     4.626633E+00     1.668393E-01     1.000000E+00 
  301  3293   301     6.226147E+00     3.088566E+00     5.266095E-01     4.627354E+00     1.668791E-01     1.000000E+00 
  302  3304   302     6.226149E+00     3.088552E+00     5.266192E-01     4.628073E+00     1.669187E-01     1.000000E+00 
  303  3315   303     6.226150E+00     3.088538E+00     5.266290E-01     4.628790E+00     1.669582E-01     1.000000E+00 
  304  3326   304     6.226152E+00     3.088524E+00     5.266387E-01     4.629506E+00     1.669977E-01     1.000000E+00 
  305  3337   305     6.226154E+00     3.088510E+00     5.266484E-01     4.630219E+00     1.670371E-01     1.000000E+00 
  306  3348   306     6.226155E+00     3.088495E+00     5.266582E-01     4.630932E+00     1.670763E-01     1.000000E+00 
  307  3359   307     6.226157E+00     3.088481E+00     5.266679E-01     4.631642E+00     1.671155E-01     1.000000E+00 
  308  3370   308     6.226159E+00     3.088467E+00     5.266777E-01     4.632351E+00     1.671546E-01     1.000000E+00 
  309  3381   309     6.226161E+00     3.088453E+00     5.266874E-01     4.633058E+00     1.671936E-01     1.000000E+00 
  310  3392   310     6.226162E+00     3.088439E+00     5.266972E-01     4.633763E+00     1.672325E-01     1.000000E+00 
  311  3403   311     6.226164E+00     3.088425E+00     5.267070E-01     4.634467E+00     1.672714E-01     1.000000E+00 
  312  3414   312     6.226166E+00     3.088411E+00     5.267167E-01     4.635168E+00     1.673101E-01     1.000000E+00 
  313  3425   313     6.226167E+00     3.088398E+00     5.267265E-01     4.635869E+00     1.673488E-01     1.000000E+00 
  314  3436   314     6.226169E+00     3.088384E+00     5.267363E-01     4.636567E+00     1.673874E-01     1.000000E+00 
  315  3447   315     6.226171E+00     3.088370E+00     5.267461E-01     4.637264E+00     1.674259E-01     1.000000E+00 
  316  3458   316     6.226172E+00     3.088356E+00     5.267559E-01     4.637960E+00     1.674643E-01     1.000000E+00 
  317  3469   317     6.226174E+00     3.088342E+00     5.267657E-01     4.638654E+00     1.675026E-01     1.000000E+00 
  318  3480   318     6.226176E+00     3.088329E+00     5.267755E-01     4.639346E+00     1.675409E-01     1.000000E+00 
  319  3491   319     6.226178E+00     3.088315E+00     5.267853E-01     4.640036E+00     1.675790E-01     1.000000E+00 
  320  3502   320     6.226179E+00     3.088302E+00     5.267952E-01     4.640725E+00     1.676171E-01     1.000000E+00 
  321  3513   321     6.226181E+00     3.088288E+00     5.268050E-01     4.641413E+00     1.676551E-01     1.000000E+00 
  322  3524   322     6.226183E+00     3.088274E+00     5.268148E-01     4.642098E+00     1.676930E-01     1.000000E+00 
  323  3535   323     6.226184E+00     3.088261E+00     5.268246E-01     4.642783E+00     1.677309E-01     1.000000E+00 
  324  3546   324     6.226186E+00     3.088247E+00     5.268345E-01     4.643465E+00     1.677686E-01     1.000000E+00 
  325  3557   325     6.226188E+00     3.088234E+00     5.268443E-01     4.644146E+00     1.678063E-01     1.000000E+00 
  326  3568   326     6.226189E+00     3.088221E+00     5.268542E-01     4.644826E+00     1.678439E-01     1.000000E+00 
  327  3579   327     6.226191E+00     3.088207E+00     5.268640E-01     4.645504E+00     1.678814E-01     1.000000E+00 
  328  3590   328     6.226193E+00     3.088194E+00     5.268739E-01     4.646180E+00     1.679189E-01     1.000000E+00 
  329  3601   329     6.226195E+00     3.088181E+00     5.268838E-01     4.646855E+00     1.679562E-01     1.000000E+00 
  330  3612   330     6.226196E+00     3.088167E+00     5.268936E-01     4.647529E+00     1.679935E-01     1.000000E+00 
  331  3623   331     6.226198E+00     3.088154E+00     5.269035E-01     4.648200E+00     1.680307E-01     1.000000E+00 
  332  3634   332     6.226200E+00     3.088141E+00     5.269134E-01     4.648871E+00     1.680678E-01     1.000000E+00 
  333  3645   333     6.226201E+00     3.088128E+00     5.269233E-01     4.649540E+00     1.681048E-01     1.000000E+00 
  334  3656   334     6.226203E+00     3.088114E+00     5.269332E-01     4.650207E+00     1.681418E-01     1.000000E+00 
  335  3667   335     6.226205E+00     3.088101E+00     5.269431E-01     4.650873E+00     1.681787E-01     1.000000E+00 
  336  3678   336     6.226207E+00     3.088088E+00     5.269530E-01     4.651537E+00     1.682155E-01     1.000000E+00 
  337  3689   337     6.226208E+00     3.088075E+00     5.269629E-01     4.652200E+00     1.682523E-01     1.000000E+00 
  338  3700   338     6.226210E+00     3.088062E+00     5.269728E-01     4.652862E+00     1.682889E-01     1.000000E+00 
  339  3711   339     6.226212E+00     3.088049E+00     5.269827E-01     4.653522E+00     1.683255E-01     1.000000E+00 
  340  3722   340     6.226213E+00     3.088036E+00     5.269926E-01     4.654180E+00     1.683620E-01     1.000000E+00 
  341  3733   341     6.226215E+00     3.088023E+00     5.270025E-01     4.654838E+00     1.683984E-01     1.000000E+00 
  342  3744   342     6.226217E+00     3.088010E+00     5.270124E-01     4.655493E+00     1.684348E-01     1.000000E+00 
  343  3755   343     6.226219E+00     3.087998E+00     5.270223E-01     4.656148E+00     1.684711E-01     1.000000E+00 
  344  3766   344     6.226220E+00     3.087985E+00     5.270323E-01     4.656800E+00     1.685073E-01     1.000000E+00 
  345  3777   345     6.226222E+00     3.087972E+00     5.270422E-01     4.657452E+00     1.685434E-01     1.000000E+00 
  346  3788   346     6.226224E+00     3.087959E+00     5.270521E-01     4.658102E+00     1.685795E-01     1.000000E+00 
  347  3799   347     6.226225E+00     3.087947E+00     5.270621E-01     4.658750E+00     1.686155E-01     1.000000E+00 
  348  3810   348     6.226227E+00     3.087934E+00     5.270720E-01     4.659398E+00     1.686514E-01     1.000000E+00 
  349  3821   349     6.226229E+00     3.087921E+00     5.270820E-01     4.660043E+00     1.686873E-01     1.000000E+00 
  350  3832   350     6.226231E+00     3.087908E+00     5.270919E-01     4.660688E+00     1.687231E-01     1.000000E+00 
  351  3843   351     6.226232E+00     3.087896E+00     5.271019E-01     4.661331E+00     1.687588E-01     1.000000E+00 
  352  3854   352     6.226234E+00     3.087883E+00     5.271118E-01     4.661973E+00     1.687944E-01     1.000000E+00 
  353  3865   353     6.226236E+00     3.087871E+00     5.271218E-01     4.662613E+00     1.688300E-01     1.000000E+00 
  354  3876   354     6.226237E+00     3.087858E+00     5.271317E-01     4.663252E+00     1.688655E-01     1.000000E+00 
  355  3887   355     6.226239E+00     3.087846E+00     5.271417E-01     4.663890E+00     1.689009E-01     1.000000E+00 
  356  3898   356     6.226241E+00     3.087833E+00     5.271516E-01     4.664526E+00     1.689362E-01     1.000000E+00 
  357  3909   357     6.226243E+00     3.087821E+00     5.271616E-01     4.665161E+00     1.689715E-01     1.000000E+00 
  358  3920   358     6.226244E+00     3.087808E+00     5.271716E-01     4.665794E+00     1.690067E-01     1.000000E+00 
  359  3931   359     6.226246E+00     3.087796E+00     5.271815E-01     4.666427E+00     1.690419E-01     1.000000E+00 
  360  3942   360     6.226248E+00     3.087784E+00     5.271915E-01     4.667058E+00     1.690770E-01     1.000000E+00 
  361  3953   361     6.226249E+00     3.087771E+00     5.272015E-01     4.667687E+00     1.691120E-01     1.000000E+00 
  362  3964   362     6.226251E+00     3.087759E+00     5.272115E-01     4.668316E+00     1.691469E-01     1.000000E+00 
  363  3975   363     6.226253E+00     3.087747E+00     5.272215E-01     4.668943E+00     1.691818E-01     1.000000E+00 
  364  3986   364     6.226255E+00     3.087735E+00     5.272314E-01     4.669568E+00     1.692166E-01     1.000000E+00 
  365  3997   365     6.226256E+00     3.087722E+00     5.272414E-01     4.670193E+00     1.692513E-01     1.000000E+00 
  366  4008   366     6.226258E+00     3.087710E+00     5.272514E-01     4.670816E+00     1.692860E-01     1.000000E+00 
  367  4019   367     6.226260E+00     3.087698E+00     5.272614E-01     4.671438E+00     1.693206E-01     1.000000E+00 
  368  4030   368     6.226261E+00     3.087686E+00     5.272714E-01     4.672058E+00     1.693551E-01     1.000000E+00 
  369  4041   369     6.226263E+00     3.087674E+00     5.272814E-01     4.672678E+00     1.693896E-01     1.000000E+00 
  370  4052   370     6.226265E+00     3.087662E+00     5.272914E-01     4.673296E+00     1.694240E-01     1.000000E+00 
  371  4063   371     6.226267E+00     3.087650E+00     5.273014E-01     4.673913E+00     1.694584E-01     1.000000E+00 
  372  4074   372     6.226268E+00     3.087638E+00     5.273114E-01     4.674528E+00     1.694926E-01     1.000000E+00 
  373  4085   373     6.226270E+00     3.087626E+00     5.273214E-01     4.675142E+00     1.695268E-01     1.000000E+00 
  374  4096   374     6.226272E+00     3.087614E+00     5.273314E-01     4.675755E+00     1.695610E-01     1.000000E+00 
  375  4107   375     6.226274E+00     3.087602E+00     5.273414E-01     4.676367E+00     1.695951E-01     1.000000E+00 
  376  4118   376     6.226275E+00     3.087590E+00     5.273514E-01     4.676978E+00     1.696291E-01     1.000000E+00 
  377  4129   377     6.226277E+00     3.087578E+00     5.273614E-01     4.677587E+00     1.696630E-01     1.000000E+00 
  378  4140   378     6.226279E+00     3.087566E+00     5.273714E-01     4.678195E+00     1.696969E-01     1.000000E+00 
  379  4151   379     6.226280E+00     3.087554E+00     5.273814E-01     4.678802E+00     1.697308E-01     1.000000E+00 
  380  4162   380     6.226282E+00     3.087542E+00     5.273914E-01     4.679408E+00     1.697645E-01     1.000000E+00 
  381  4173   381     6.226284E+00     3.087531E+00     5.274015E-01     4.680013E+00     1.697982E-01     1.000000E+00 
  382  4184   382     6.226286E+00     3.087519E+00     5.274115E-01     4.680616E+00     1.698319E-01     1.000000E+00 
  383  4195   383     6.226287E+00     3.087507E+00     5.274215E-01     4.681218E+00     1.698654E-01     1.000000E+00 
  384  4206   384     6.226289E+00     3.087495E+00     5.274315E-01     4.681819E+00     1.698990E-01     1.000000E+00 
  385  4217   385     6.226291E+00     3.087484E+00     5.274415E-01     4.682419E+00     1.699324E-01     1.000000E+00 
  386  4228   386     6.226292E+00     3.087472E+00     5.274515E-01     4.683017E+00     1.699658E-01     1.000000E+00 
  387  4239   387     6.226294E+00     3.087460E+00     5.274616E-01     4.683615E+00     1.699991E-01     1.000000E+00 
  388  4250   388     6.226296E+00     3.087449E+00     5.274716E-01     4.684211E+00     1.700324E-01     1.000000E+00 
  389  4261   389     6.226298E+00     3.087437E+00     5.274816E-01     4.684806E+00     1.700656E-01     1.000000E+00 
  390  4272   390     6.226299E+00     3.087426E+00     5.274916E-01     4.685400E+00     1.700988E-01     1.000000E+00 
  391  4283   391     6.226301E+00     3.087414E+00     5.275017E-01     4.685992E+00     1.701318E-01     1.000000E+00 
  392  4294   392     6.226303E+00     3.087403E+00     5.275117E-01     4.686584E+00     1.701649E-01     1.000000E+00 
  393  4305   393     6.226305E+00     3.087391E+00     5.275217E-01     4.687175E+00     1.701978E-01     1.000000E+00 
  394  4316   394     6.226306E+00     3.087380E+00     5.275318E-01     4.687764E+00     1.702307E-01     1.000000E+00 
  395  4327   395     6.226308E+00     3.087368E+00     5.275418E-01     4.688352E+00     1.702636E-01     1.000000E+00 
  396  4338   396     6.226310E+00     3.087357E+00     5.275518E-01     4.688939E+00     1.702964E-01     1.000000E+00 
  397  4349   397     6.226311E+00     3.087346E+00     5.275618E-01     4.689525E+00     1.703291E-01     1.000000E+00 
  398  4360   398     6.226313E+00     3.087334E+00     5.275719E-01     4.690110E+00     1.703618E-01     1.000000E+00 
  399  4371   399     6.226315E+00     3.087323E+00     5.275819E-01     4.690693E+00     1.703944E-01     1.000000E+00 
  400  4382   400     6.226317E+00     3.087312E+00     5.275919E-01     4.691276E+00     1.704270E-01     1.000000E+00 
  401  4393   401     6.226318E+00     3.087300E+00     5.276020E-01     4.691857E+00     1.704595E-01     1.000000E+00 
  402  4404   402     6.226320E+00     3.087289E+00     5.276120E-01     4.692438E+00     1.704919E-01     1.000000E+00 
  403  4415   403     6.226322E+00     3.087278E+00     5.276221E-01     4.693017E+00     1.705243E-01     1.000000E+00 
  404  4426   404     6.226324E+00     3.087267E+00     5.276321E-01     4.693595E+00     1.705566E-01     1.000000E+00 
  405  4437   405     6.226325E+00     3.087255E+00     5.276421E-01     4.694172E+00     1.705889E-01     1.000000E+00 
  406  4448   406     6.226327E+00     3.087244E+00     5.276522E-01     4.694748E+00     1.706211E-01     1.000000E+00 
  407  4459   407     6.226329E+00     3.087233E+00     5.276622E-01     4.695323E+00     1.706532E-01     1.000000E+00 
  408  4470   408     6.226330E+00     3.087222E+00     5.276722E-01     4.695897E+00     1.706853E-01     1.000000E+00 
  409  4481   409     6.226332E+00     3.087211E+00     5.276823E-01     4.696470E+00     1.707174E-01     1.000000E+00 
  410  4492   410     6.226334E+00     3.087200E+00     5.276923E-01     4.697041E+00     1.707494E-01     1.000000E+00 
  411  4503   411     6.226336E+00     3.087189E+00     5.277024E-01     4.697612E+00     1.707813E-01     1.000000E+00 
  412  4514   412     6.226337E+00     3.087178E+00     5.277124E-01     4.698182E+00     1.708132E-01     1.000000E+00 
  413  4525   413     6.226339E+00     3.087167E+00     5.277224E-01     4.698750E+00     1.708450E-01     1.000000E+00 
  414  4536   414     6.226341E+00     3.087156E+00     5.277325E-01     4.699318E+00     1.708768E-01     1.000000E+00 
  415  4547   415     6.226343E+00     3.087145E+00     5.277425E-01     4.699884E+00     1.709085E-01     1.000000E+00 
  416  4558   416     6.226344E+00     3.087134E+00     5.277526E-01     4.700449E+00     1.709401E-01     1.000000E+00 
  417  4569   417     6.226346E+00     3.087123E+00     5.277626E-01     4.701014E+00     1.709717E-01     1.000000E+00 
  418  4580   418     6.226348E+00     3.087112E+00     5.277726E-01     4.701577E+00     1.710033E-01     1.000000E+00 
  419  4591   419     6.226349E+00     3.087101E+00     5.277827E-01     4.702139E+00     1.710348E-01     1.000000E+00 
  420  4602   420     6.226351E+00     3.087090E+00     5.277927E-01     4.702701E+00     1.710662E-01     1.000000E+00 
  421  4613   421     6.226353E+00     3.087079E+00     5.278028E-01     4.703261E+00     1.710976E-01     1.000000E+00 
  422  4624   422     6.226355E+00     3.087069E+00     5.278128E-01     4.703820E+00     1.711289E-01     1.000000E+00 
  423  4635   423     6.226356E+00     3.087058E+00     5.278228E-01     4.704378E+00     1.711602E-01     1.000000E+00 
  424  4646   424     6.226358E+00     3.087047E+00     5.278329E-01     4.704935E+00     1.711915E-01     1.000000E+00 
  425  4657   425     6.226360E+00     3.087036E+00     5.278429E-01     4.705492E+00     1.712226E-01     1.000000E+00 
  426  4668   426     6.226361E+00     3.087026E+00     5.278530E-01     4.706047E+00     1.712538E-01     1.000000E+00 
  427  4679   427     6.226363E+00     3.087015E+00     5.278630E-01     4.706601E+00     1.712848E-01     1.000000E+00 
  428  4690   428     6.226365E+00     3.087004E+00     5.278730E-01     4.707154E+00     1.713158E-01     1.000000E+00 
  429  4701   429     6.226367E+00     3.086994E+00     5.278831E-01     4.707706E+00     1.713468E-01     1.000000E+00 
  430  4712   430     6.226368E+00     3.086983E+00     5.278931E-01     4.708258E+00     1.713777E-01     1.000000E+00 
  431  4723   431     6.226370E+00     3.086972E+00     5.279031E-01     4.708808E+00     1.714086E-01     1.000000E+00 
  432  4734   432     6.226372E+00     3.086962E+00     5.279132E-01     4.709357E+00     1.714394E-01     1.000000E+00 
  433  4745   433     6.226374E+00     3.086951E+00     5.279232E-01     4.709905E+00     1.714702E-01     1.000000E+00 
  434  4756   434     6.226375E+00     3.086941E+00     5.279333E-01     4.710453E+00     1.715009E-01     1.000000E+00 
  435  4767   435     6.226377E+00     3.086930E+00     5.279433E-01     4.710999E+00     1.715315E-01     1.000000E+00 
  436  4778   436     6.226379E+00     3.086920E+00     5.279533E-01     4.711544E+00     1.715621E-01     1.000000E+00 
  437  4789   437     6.226380E+00     3.086909E+00     5.279634E-01     4.712089E+00     1.715927E-01     1.000000E+00 
  438  4800   438     6.226382E+00     3.086899E+00     5.279734E-01     4.712632E+00     1.716232E-01     1.000000E+00 
  439  4811   439     6.226384E+00     3.086888E+00     5.279834E-01     4.713174E+00     1.716536E-01     1.000000E+00 
  440  4822   440     6.226386E+00     3.086878E+00     5.279935E-01     4.713716E+00     1.716840E-01     1.000000E+00 
  441  4833   441     6.226387E+00     3.086867E+00     5.280035E-01     4.714256E+00     1.717144E-01     1.000000E+00 
  442  4844   442     6.226389E+00     3.086857E+00     5.280135E-01     4.714796E+00     1.717447E-01     1.000000E+00 
  443  4855   443     6.226391E+00     3.086847E+00     5.280235E-01     4.715334E+00     1.717749E-01     1.000000E+00 
  444  4866   444     6.226393E+00     3.086836E+00     5.280335E-01     4.715872E+00     1.718051E-01     1.000000E+00 
  445  4877   445     6.226394E+00     3.086826E+00     5.280435E-01     4.716408E+00     1.718353E-01     1.000000E+00 
  446  4888   446     6.226396E+00     3.086816E+00     5.280535E-01     4.716944E+00     1.718653E-01     1.000000E+00 
  447  4899   447     6.226398E+00     3.086805E+00     5.280636E-01     4.717478E+00     1.718954E-01     1.000000E+00 
  448  4910   448     6.226399E+00     3.086795E+00     5.280736E-01     4.718012E+00     1.719254E-01     1.000000E+00 
  449  4921   449     6.226401E+00     3.086785E+00     5.280836E-01     4.718544E+00     1.719553E-01     1.000000E+00 
  450  4932   450     6.226403E+00     3.086775E+00     5.280936E-01     4.719076E+00     1.719852E-01     1.000000E+00 
  451  4943   451     6.226405E+00     3.086765E+00     5.281036E-01     4.719607E+00     1.720150E-01     1.000000E+00 
  452  4954   452     6.226406E+00     3.086754E+00     5.281135E-01     4.720136E+00     1.720448E-01     1.000000E+00 
  453  4965   453     6.226408E+00     3.086744E+00     5.281235E-01     4.720665E+00     1.720745E-01     1.000000E+00 
  454  4976   454     6.226410E+00     3.086734E+00     5.281335E-01     4.721193E+00     1.721042E-01     1.000000E+00 
  455  4987   455     6.226411E+00     3.086724E+00     5.281435E-01     4.721720E+00     1.721338E-01     1.000000E+00 
  456  4998   456     6.226413E+00     3.086714E+00     5.281535E-01     4.722246E+00     1.721634E-01     1.000000E+00 
  457  5009   457     6.226415E+00     3.086704E+00     5.281635E-01     4.722771E+00     1.721930E-01     1.000000E+00 
  458  5020   458     6.226417E+00     3.086694E+00     5.281735E-01     4.723295E+00     1.722225E-01     1.000000E+00 
  459  5031   459     6.226418E+00     3.086684E+00     5.281835E-01     4.723818E+00     1.722519E-01     1.000000E+00 
  460  5042   460     6.226420E+00     3.086674E+00     5.281934E-01     4.724340E+00     1.722813E-01     1.000000E+00 
  461  5053   461     6.226422E+00     3.086664E+00     5.282034E-01     4.724862E+00     1.723106E-01     1.000000E+00 
  462  5064   462     6.226423E+00     3.086654E+00     5.282134E-01     4.725382E+00     1.723399E-01     1.000000E+00 
  463  5075   463     6.226425E+00     3.086644E+00     5.282234E-01     4.725902E+00     1.723691E-01     1.000000E+00 
  464  5086   464     6.226427E+00     3.086634E+00     5.282333E-01     4.726420E+00     1.723983E-01     1.000000E+00 
  465  5097   465     6.226429E+00     3.086624E+00     5.282433E-01     4.726938E+00     1.724275E-01     1.000000E+00 
  466  5108   466     6.226430E+00     3.086614E+00     5.282533E-01     4.727455E+00     1.724566E-01     1.000000E+00 
  467  5119   467     6.226432E+00     3.086604E+00     5.282632E-01     4.727971E+00     1.724856E-01     1.000000E+00 
  468  5130   468     6.226434E+00     3.086594E+00     5.282732E-01     4.728486E+00     1.725146E-01     1.000000E+00 
  469  5141   469     6.226435E+00     3.086584E+00     5.282831E-01     4.729000E+00     1.725436E-01     1.000000E+00 
  470  5152   470     6.226437E+00     3.086575E+00     5.282931E-01     4.729513E+00     1.725725E-01     1.000000E+00 
  471  5163   471     6.226439E+00     3.086565E+00     5.283031E-01     4.730025E+00     1.726014E-01     1.000000E+00 
  472  5174   472     6.226441E+00     3.086555E+00     5.283130E-01     4.730537E+00     1.726302E-01     1.000000E+00 
  473  5185   473     6.226442E+00     3.086545E+00     5.283230E-01     4.731047E+00     1.726590E-01     1.000000E+00 
  474  5196   474     6.226444E+00     3.086535E+00     5.283329E-01     4.731557E+00     1.726877E-01     1.000000E+00 
  475  5207   475     6.226446E+00     3.086526E+00     5.283429E-01     4.732066E+00     1.727164E-01     1.000000E+00 
  476  5218   476     6.226447E+00     3.086516E+00     5.283528E-01     4.732574E+00     1.727450E-01     1.000000E+00 
  477  5229   477     6.226449E+00     3.086506E+00     5.283627E-01     4.733081E+00     1.727736E-01     1.000000E+00 
  478  5240   478     6.226451E+00     3.086497E+00     5.283727E-01     4.733587E+00     1.728021E-01     1.000000E+00 
  479  5251   479     6.226453E+00     3.086487E+00     5.283826E-01     4.734092E+00     1.728306E-01     1.000000E+00 
  480  5262   480     6.226454E+00     3.086477E+00     5.283925E-01     4.734597E+00     1.728590E-01     1.000000E+00 
  481  5273   481     6.226456E+00     3.086468E+00     5.284025E-01     4.735100E+00     1.728874E-01     1.000000E+00 
  482  5284   482     6.226458E+00     3.086458E+00     5.284124E-01     4.735604E+00     1.729158E-01     1.000000E+00 
  483  5295   483     6.226459E+00     3.086449E+00     5.284223E-01     4.736110E+00     1.729441E-01     1.000000E+00 
  484  5306   484     6.226461E+00     3.086439E+00     5.284323E-01     4.736615E+00     1.729724E-01     1.000000E+00 
  485  5317   485     6.226463E+00     3.086429E+00     5.284422E-01     4.737119E+00     1.730006E-01     1.000000E+00 
  486  5328   486     6.226465E+00     3.086420E+00     5.284521E-01     4.737622E+00     1.730288E-01     1.000000E+00 
  487  5339   487     6.226466E+00     3.086410E+00     5.284620E-01     4.738125E+00     1.730569E-01     1.000000E+00 
  488  5350   488     6.226468E+00     3.086401E+00     5.284719E-01     4.738627E+00     1.730850E-01     1.000000E+00 
  489  5361   489     6.226470E+00     3.086391E+00     5.284819E-01     4.739127E+00     1.731130E-01     1.000000E+00 
  490  5372   490     6.226471E+00     3.086382E+00     5.284918E-01     4.739627E+00     1.731410E-01     1.000000E+00 
  491  5383   491     6.226473E+00     3.086373E+00     5.285017E-01     4.740127E+00     1.731690E-01     1.000000E+00 
  492  5394   492     6.226475E+00     3.086363E+00     5.285116E-01     4.740625E+00     1.731969E-01     1.000000E+00 
  493  5405   493     6.226476E+00     3.086354E+00     5.285215E-01     4.741122E+00     1.732248E-01     1.000000E+00 
  494  5416   494     6.226478E+00     3.086344E+00     5.285314E-01     4.741619E+00     1.732526E-01     1.000000E+00 
  495  5427   495     6.226480E+00     3.086335E+00     5.285413E-01     4.742115E+00     1.732804E-01     1.000000E+00 
  496  5438   496     6.226482E+00     3.086326E+00     5.285512E-01     4.742610E+00     1.733081E-01     1.000000E+00 
  497  5449   497     6.226483E+00     3.086316E+00     5.285611E-01     4.743104E+00     1.733358E-01     1.000000E+00 
  498  5460   498     6.226485E+00     3.086307E+00     5.285710E-01     4.743597E+00     1.733635E-01     1.000000E+00 
  499  5471   499     6.226487E+00     3.086298E+00     5.285809E-01     4.744090E+00     1.733911E-01     1.000000E+00 
  500  5482   500     6.226488E+00     3.086288E+00     5.285908E-01     4.744582E+00     1.734186E-01     1.000000E+00 
  501  5493   501     6.226490E+00     3.086279E+00     5.286006E-01     4.745073E+00     1.734462E-01     1.000000E+00 
  502  5504   502     6.226492E+00     3.086270E+00     5.286105E-01     4.745563E+00     1.734737E-01     1.000000E+00 
  503  5515   503     6.226493E+00     3.086261E+00     5.286204E-01     4.746052E+00     1.735011E-01     1.000000E+00 
  504  5526   504     6.226495E+00     3.086251E+00     5.286303E-01     4.746541E+00     1.735285E-01     1.000000E+00 
  505  5537   505     6.226497E+00     3.086242E+00     5.286402E-01     4.747029E+00     1.735559E-01     1.000000E+00 
  506  5548   506     6.226499E+00     3.086233E+00     5.286500E-01     4.747516E+00     1.735832E-01     1.000000E+00 
  507  5559   507     6.226500E+00     3.086224E+00     5.286599E-01     4.748002E+00     1.736104E-01     1.000000E+00 
  508  5570   508     6.226502E+00     3.086215E+00     5.286698E-01     4.748487E+00     1.736377E-01     1.000000E+00 
  509  5581   509     6.226504E+00     3.086205E+00     5.286796E-01     4.748972E+00     1.736649E-01     1.000000E+00 
  510  5592   510     6.226505E+00     3.086196E+00     5.286895E-01     4.749456E+00     1.736920E-01     1.000000E+00 
  511  5603   511     6.226507E+00     3.086187E+00     5.286994E-01     4.749939E+00     1.737191E-01     1.000000E+00 
  512  5614   512     6.226509E+00     3.086178E+00     5.287092E-01     4.750421E+00     1.737462E-01     1.000000E+00 
  513  5625   513     6.226510E+00     3.086169E+00     5.287191E-01     4.750903E+00     1.737732E-01     1.000000E+00 
  514  5636   514     6.226512E+00     3.086160E+00     5.287289E-01     4.751384E+00     1.738002E-01     1.000000E+00 
  515  5647   515     6.226514E+00     3.086151E+00     5.287388E-01     4.751866E+00     1.738271E-01     1.000000E+00 
  516  5658   516     6.226516E+00     3.086142E+00     5.287486E-01     4.752352E+00     1.738540E-01     1.000000E+00 
  517  5669   517     6.226517E+00     3.086133E+00     5.287585E-01     4.752837E+00     1.738809E-01     1.000000E+00 
  518  5680   518     6.226519E+00     3.086124E+00     5.287683E-01     4.753321E+00     1.739077E-01     1.000000E+00 
  519  5691   519     6.226521E+00     3.086115E+00     5.287781E-01     4.753804E+00     1.739345E-01     1.000000E+00 
  520  5702   520     6.226522E+00     3.086106E+00     5.287880E-01     4.754287E+00     1.739613E-01     1.000000E+00 
  521  5713   521     6.226524E+00     3.086097E+00     5.287978E-01     4.754769E+00     1.739880E-01     1.000000E+00 
  522  5724   522     6.226526E+00     3.086088E+00     5.288076E-01     4.755250E+00     1.740146E-01     1.000000E+00 
  523  5735   523     6.226527E+00     3.086079E+00     5.288175E-01     4.755730E+00     1.740413E-01     1.000000E+00 
  524  5746   524     6.226529E+00     3.086070E+00     5.288273E-01     4.756209E+00     1.740678E-01     1.000000E+00 
  525  5757   525     6.226531E+00     3.086061E+00     5.288371E-01     4.756688E+00     1.740944E-01     1.000000E+00 
  526  5768   526     6.226532E+00     3.086053E+00     5.288469E-01     4.757166E+00     1.741209E-01     1.000000E+00 
  527  5779   527     6.226534E+00     3.086044E+00     5.288567E-01     4.757643E+00     1.741474E-01     1.000000E+00 
  528  5790   528     6.226536E+00     3.086035E+00     5.288666E-01     4.758120E+00     1.741738E-01     1.000000E+00 
  529  5801   529     6.226538E+00     3.086026E+00     5.288764E-01     4.758596E+00     1.742002E-01     1.000000E+00 
  530  5812   530     6.226539E+00     3.086017E+00     5.288862E-01     4.759071E+00     1.742265E-01     1.000000E+00 
  531  5823   531     6.226541E+00     3.086008E+00     5.288960E-01     4.759545E+00     1.742529E-01     1.000000E+00 
  532  5834   532     6.226543E+00     3.086000E+00     5.289058E-01     4.760019E+00     1.742791E-01     1.000000E+00 
  533  5845   533     6.226544E+00     3.085991E+00     5.289156E-01     4.760491E+00     1.743054E-01     1.000000E+00 
  534  5856   534     6.226546E+00     3.085982E+00     5.289254E-01     4.760964E+00     1.743316E-01     1.000000E+00 
  535  5867   535     6.226548E+00     3.085973E+00     5.289352E-01     4.761435E+00     1.743577E-01     1.000000E+00 
  536  5878   536     6.226549E+00     3.085965E+00     5.289450E-01     4.761906E+00     1.743839E-01     1.000000E+00 
  537  5889   537     6.226551E+00     3.085956E+00     5.289547E-01     4.762375E+00     1.744099E-01     1.000000E+00 
  538  5900   538     6.226553E+00     3.085947E+00     5.289645E-01     4.762845E+00     1.744360E-01     1.000000E+00 
  539  5911   539     6.226554E+00     3.085939E+00     5.289743E-01     4.763313E+00     1.744620E-01     1.000000E+00 
  540  5922   540     6.226556E+00     3.085930E+00     5.289841E-01     4.763781E+00     1.744880E-01     1.000000E+00 
  541  5933   541     6.226558E+00     3.085921E+00     5.289939E-01     4.764248E+00     1.745139E-01     1.000000E+00 
  542  5944   542     6.226559E+00     3.085913E+00     5.290036E-01     4.764714E+00     1.745398E-01     1.000000E+00 
  543  5955   543     6.226561E+00     3.085904E+00     5.290134E-01     4.765180E+00     1.745657E-01     1.000000E+00 
  544  5966   544     6.226563E+00     3.085896E+00     5.290232E-01     4.765645E+00     1.745915E-01     1.000000E+00 
  545  5977   545     6.226564E+00     3.085887E+00     5.290329E-01     4.766109E+00     1.746173E-01     1.000000E+00 
  546  5988   546     6.226566E+00     3.085878E+00     5.290427E-01     4.766573E+00     1.746430E-01     1.000000E+00 
  547  5999   547     6.226568E+00     3.085870E+00     5.290525E-01     4.767036E+00     1.746687E-01     1.000000E+00 
  548  6010   548     6.226569E+00     3.085861E+00     5.290622E-01     4.767498E+00     1.746944E-01     1.000000E+00 
  549  6021   549     6.226571E+00     3.085853E+00     5.290720E-01     4.767959E+00     1.747201E-01     1.000000E+00 
  550  6032   550     6.226573E+00     3.085844E+00     5.290817E-01     4.768420E+00     1.747457E-01     1.000000E+00 
  551  6043   551     6.226575E+00     3.085836E+00     5.290915E-01     4.768880E+00     1.747712E-01     1.000000E+00 
  552  6054   552     6.226576E+00     3.085827E+00     5.291012E-01     4.769340E+00     1.747968E-01     1.000000E+00 
  553  6065   553     6.226578E+00     3.085819E+00     5.291110E-01     4.769798E+00     1.748223E-01     1.000000E+00 
  554  6076   554     6.226580E+00     3.085810E+00     5.291207E-01     4.770256E+00     1.748477E-01     1.000000E+00 
  555  6087   555     6.226581E+00     3.085802E+00     5.291304E-01     4.770714E+00     1.748731E-01     1.000000E+00 
  556  6098   556     6.226583E+00     3.085793E+00     5.291402E-01     4.771170E+00     1.748985E-01     1.000000E+00 
  557  6109   557     6.226585E+00     3.085785E+00     5.291499E-01     4.771626E+00     1.749239E-01     1.000000E+00 
  558  6120   558     6.226586E+00     3.085777E+00     5.291596E-01     4.772082E+00     1.749492E-01     1.000000E+00 
  559  6131   559     6.226588E+00     3.085768E+00     5.291693E-01     4.772536E+00     1.749745E-01     1.000000E+00 
  560  6142   560     6.226590E+00     3.085760E+00     5.291791E-01     4.772990E+00     1.749997E-01     1.000000E+00 
  561  6153   561     6.226591E+00     3.085751E+00     5.291888E-01     4.773443E+00     1.750249E-01     1.000000E+00 
  562  6164   562     6.226593E+00     3.085743E+00     5.291985E-01     4.773896E+00     1.750501E-01     1.000000E+00 
  563  6175   563     6.226595E+00     3.085735E+00     5.292082E-01     4.774348E+00     1.750753E-01     1.000000E+00 
  564  6186   564     6.226596E+00     3.085726E+00     5.292179E-01     4.774799E+00     1.751004E-01     1.000000E+00 
  565  6197   565     6.226598E+00     3.085718E+00     5.292276E-01     4.775250E+00     1.751254E-01     1.000000E+00 
  566  6208   566     6.226600E+00     3.085710E+00     5.292373E-01     4.775700E+00     1.751505E-01     1.000000E+00 
  567  6219   567     6.226601E+00     3.085702E+00     5.292470E-01     4.776149E+00     1.751755E-01     1.000000E+00 
  568  6230   568     6.226603E+00     3.085693E+00     5.292567E-01     4.776598E+00     1.752005E-01     1.000000E+00 
  569  6241   569     6.226605E+00     3.085685E+00     5.292664E-01     4.777046E+00     1.752254E-01     1.000000E+00 
  570  6252   570     6.226606E+00     3.085677E+00     5.292761E-01     4.777493E+00     1.752503E-01     1.000000E+00 
  571  6263   571     6.226608E+00     3.085669E+00     5.292858E-01     4.777940E+00     1.752752E-01     1.000000E+00 
  572  6274   572     6.226610E+00     3.085660E+00     5.292955E-01     4.778386E+00     1.753000E-01     1.000000E+00 
  573  6285   573     6.226611E+00     3.085652E+00     5.293052E-01     4.778832E+00     1.753248E-01     1.000000E+00 
  574  6296   574     6.226613E+00     3.085644E+00     5.293148E-01     4.779276E+00     1.753496E-01     1.000000E+00 
  575  6307   575     6.226615E+00     3.085636E+00     5.293245E-01     4.779721E+00     1.753743E-01     1.000000E+00 
  576  6318   576     6.226616E+00     3.085628E+00     5.293342E-01     4.780164E+00     1.753990E-01     1.000000E+00 
  577  6329   577     6.226618E+00     3.085620E+00     5.293438E-01     4.780607E+00     1.754237E-01     1.000000E+00 
  578  6340   578     6.226620E+00     3.085611E+00     5.293535E-01     4.781049E+00     1.754483E-01     1.000000E+00 
  579  6351   579     6.226621E+00     3.085603E+00     5.293632E-01     4.781491E+00     1.754729E-01     1.000000E+00 
  580  6362   580     6.226623E+00     3.085595E+00     5.293728E-01     4.781932E+00     1.754975E-01     1.000000E+00 
  581  6373   581     6.226625E+00     3.085587E+00     5.293825E-01     4.782372E+00     1.755220E-01     1.000000E+00 
  582  6384   582     6.226626E+00     3.085579E+00     5.293921E-01     4.782812E+00     1.755465E-01     1.000000E+00 
  583  6395   583     6.226628E+00     3.085571E+00     5.294018E-01     4.783251E+00     1.755710E-01     1.000000E+00 
  584  6406   584     6.226630E+00     3.085563E+00     5.294114E-01     4.783690E+00     1.755954E-01     1.000000E+00 
  585  6417   585     6.226631E+00     3.085555E+00     5.294211E-01     4.784127E+00     1.756198E-01     1.000000E+00 
  586  6428   586     6.226633E+00     3.085547E+00     5.294307E-01     4.784565E+00     1.756442E-01     1.000000E+00 
  587  6439   587     6.226635E+00     3.085539E+00     5.294404E-01     4.785001E+00     1.756685E-01     1.000000E+00 
  588  6450   588     6.226636E+00     3.085531E+00     5.294500E-01     4.785437E+00     1.756928E-01     1.000000E+00 
  589  6461   589     6.226638E+00     3.085523E+00     5.294596E-01     4.785873E+00     1.757171E-01     1.000000E+00 
  590  6472   590     6.226640E+00     3.085515E+00     5.294692E-01     4.786307E+00     1.757413E-01     1.000000E+00 
  591  6483   591     6.226641E+00     3.085507E+00     5.294789E-01     4.786742E+00     1.757655E-01     1.000000E+00 
  592  6494   592     6.226643E+00     3.085499E+00     5.294885E-01     4.787175E+00     1.757897E-01     1.000000E+00 
  593  6505   593     6.226645E+00     3.085491E+00     5.294981E-01     4.787608E+00     1.758138E-01     1.000000E+00 
  594  6516   594     6.226646E+00     3.085483E+00     5.295077E-01     4.788041E+00     1.758379E-01     1.000000E+00 
  595  6527   595     6.226648E+00     3.085475E+00     5.295173E-01     4.788472E+00     1.758620E-01     1.000000E+00 
  596  6538   596     6.226649E+00     3.085467E+00     5.295269E-01     4.788903E+00     1.758861E-01     1.000000E+00 
  597  6549   597     6.226651E+00     3.085459E+00     5.295366E-01     4.789334E+00     1.759101E-01     1.000000E+00 
  598  6560   598     6.226653E+00     3.085451E+00     5.295462E-01     4.789764E+00     1.759341E-01     1.000000E+00 
  599  6571   599     6.226654E+00     3.085444E+00     5.295558E-01     4.790193E+00     1.759580E-01     1.000000E+00 
  600  6582   600     6.226656E+00     3.085436E+00     5.295653E-01     4.790622E+00     1.759819E-01     1.000000E+00 
  601  6593   601     6.226658E+00     3.085428E+00     5.295749E-01     4.791050E+00     1.760058E-01     1.000000E+00 
  602  6604   602     6.226659E+00     3.085420E+00     5.295845E-01     4.791478E+00     1.760297E-01     1.000000E+00 
  603  6615   603     6.226661E+00     3.085412E+00     5.295941E-01     4.791905E+00     1.760535E-01     1.000000E+00 
  604  6626   604     6.226663E+00     3.085404E+00     5.296037E-01     4.792331E+00     1.760773E-01     1.000000E+00 
  605  6637   605     6.226664E+00     3.085397E+00     5.296133E-01     4.792757E+00     1.761011E-01     1.000000E+00 
  606  6648   606     6.226666E+00     3.085389E+00     5.296229E-01     4.793182E+00     1.761248E-01     1.000000E+00 
  607  6659   607     6.226668E+00     3.085381E+00     5.296324E-01     4.793607E+00     1.761485E-01     1.000000E+00 
  608  6670   608     6.226669E+00     3.085373E+00     5.296420E-01     4.794031E+00     1.761722E-01     1.000000E+00 
  609  6681   609     6.226671E+00     3.085366E+00     5.296516E-01     4.794454E+00     1.761958E-01     1.000000E+00 
  610  6692   610     6.226673E+00     3.085358E+00     5.296611E-01     4.794877E+00     1.762195E-01     1.000000E+00 
  611  6703   611     6.226674E+00     3.085350E+00     5.296707E-01     4.795300E+00     1.762430E-01     1.000000E+00 
  612  6714   612     6.226676E+00     3.085342E+00     5.296802E-01     4.795721E+00     1.762666E-01     1.000000E+00 
  613  6725   613     6.226678E+00     3.085335E+00     5.296898E-01     4.796142E+00     1.762901E-01     1.000000E+00 
  614  6736   614     6.226679E+00     3.085327E+00     5.296993E-01     4.796563E+00     1.763136E-01     1.000000E+00 
  615  6747   615     6.226681E+00     3.085319E+00     5.297089E-01     4.796983E+00     1.763370E-01     1.000000E+00 
  616  6758   616     6.226682E+00     3.085312E+00     5.297184E-01     4.797402E+00     1.763605E-01     1.000000E+00 
  617  6769   617     6.226684E+00     3.085304E+00     5.297279E-01     4.797821E+00     1.763839E-01     1.000000E+00 
  618  6780   618     6.226686E+00     3.085296E+00     5.297375E-01     4.798239E+00     1.764072E-01     1.000000E+00 
  619  6791   619     6.226687E+00     3.085289E+00     5.297470E-01     4.798657E+00     1.764306E-01     1.000000E+00 
  620  6802   620     6.226689E+00     3.085281E+00     5.297565E-01     4.799074E+00     1.764539E-01     1.000000E+00 
  621  6813   621     6.226691E+00     3.085273E+00     5.297660E-01     4.799491E+00     1.764772E-01     1.000000E+00 
  622  6824   622     6.226692E+00     3.085266E+00     5.297756E-01     4.799907E+00     1.765004E-01     1.000000E+00 
  623  6835   623     6.226694E+00     3.085258E+00     5.297851E-01     4.800322E+00     1.765236E-01     1.000000E+00 
  624  6846   624     6.226696E+00     3.085251E+00     5.297946E-01     4.800737E+00     1.765468E-01     1.000000E+00 
  625  6857   625     6.226697E+00     3.085243E+00     5.298041E-01     4.801151E+00     1.765700E-01     1.000000E+00 
  626  6868   626     6.226699E+00     3.085236E+00     5.298136E-01     4.801565E+00     1.765931E-01     1.000000E+00 
  627  6879   627     6.226700E+00     3.085228E+00     5.298231E-01     4.801978E+00     1.766162E-01     1.000000E+00 
  628  6890   628     6.226702E+00     3.085221E+00     5.298326E-01     4.802391E+00     1.766393E-01     1.000000E+00 
  629  6901   629     6.226704E+00     3.085213E+00     5.298421E-01     4.802803E+00     1.766623E-01     1.000000E+00 
  630  6912   630     6.226705E+00     3.085206E+00     5.298516E-01     4.803215E+00     1.766853E-01     1.000000E+00 
  631  6923   631     6.226707E+00     3.085198E+00     5.298611E-01     4.803625E+00     1.767083E-01     1.000000E+00 
  632  6934   632     6.226709E+00     3.085191E+00     5.298706E-01     4.804036E+00     1.767313E-01     1.000000E+00 
  633  6945   633     6.226710E+00     3.085183E+00     5.298800E-01     4.804446E+00     1.767542E-01     1.000000E+00 
  634  6956   634     6.226712E+00     3.085176E+00     5.298895E-01     4.804855E+00     1.767771E-01     1.000000E+00 
  635  6967   635     6.226714E+00     3.085168E+00     5.298990E-01     4.805264E+00     1.768000E-01     1.000000E+00 
  636  6978   636     6.226715E+00     3.085161E+00     5.299084E-01     4.805672E+00     1.768228E-01     1.000000E+00 
  637  6989   637     6.226717E+00     3.085153E+00     5.299179E-01     4.806080E+00     1.768456E-01     1.000000E+00 
  638  7000   638     6.226718E+00     3.085146E+00     5.299274E-01     4.806487E+00     1.768684E-01     1.000000E+00 
  639  7011   639     6.226720E+00     3.085138E+00     5.299368E-01     4.806894E+00     1.768911E-01     1.000000E+00 
  640  7022   640     6.226722E+00     3.085131E+00     5.299463E-01     4.807300E+00     1.769139E-01     1.000000E+00 
  641  7033   641     6.226723E+00     3.085124E+00     5.299557E-01     4.807705E+00     1.769366E-01     1.000000E+00 
  642  7044   642     6.226725E+00     3.085116E+00     5.299652E-01     4.808110E+00     1.769592E-01     1.000000E+00 
  643  7055   643     6.226727E+00     3.085109E+00     5.299746E-01     4.808515E+00     1.769819E-01     1.000000E+00 
  644  7066   644     6.226728E+00     3.085102E+00     5.299841E-01     4.808919E+00     1.770045E-01     1.000000E+00 
  645  7077   645     6.226730E+00     3.085094E+00     5.299935E-01     4.809322E+00     1.770271E-01     1.000000E+00 
  646  7088   646     6.226731E+00     3.085087E+00     5.300029E-01     4.809725E+00     1.770496E-01     1.000000E+00 
  647  7099   647     6.226733E+00     3.085080E+00     5.300124E-01     4.810128E+00     1.770721E-01     1.000000E+00 
  648  7110   648     6.226735E+00     3.085072E+00     5.300218E-01     4.810529E+00     1.770946E-01     1.000000E+00 
  649  7121   649     6.226736E+00     3.085065E+00     5.300312E-01     4.810931E+00     1.771171E-01     1.000000E+00 
  650  7132   650     6.226738E+00     3.085058E+00     5.300406E-01     4.811331E+00     1.771396E-01     1.000000E+00 
  651  7143   651     6.226740E+00     3.085050E+00     5.300501E-01     4.811732E+00     1.771620E-01     1.000000E+00 
  652  7154   652     6.226741E+00     3.085043E+00     5.300595E-01     4.812132E+00     1.771844E-01     1.000000E+00 
  653  7165   653     6.226743E+00     3.085036E+00     5.300689E-01     4.812531E+00     1.772067E-01     1.000000E+00 
  654  7176   654     6.226744E+00     3.085029E+00     5.300783E-01     4.812930E+00     1.772291E-01     1.000000E+00 
  655  7187   655     6.226746E+00     3.085021E+00     5.300877E-01     4.813328E+00     1.772514E-01     1.000000E+00 
  656  7198   656     6.226748E+00     3.085014E+00     5.300971E-01     4.813725E+00     1.772736E-01     1.000000E+00 
  657  7209   657     6.226749E+00     3.085007E+00     5.301065E-01     4.814123E+00     1.772959E-01     1.000000E+00 
  658  7220   658     6.226751E+00     3.085000E+00     5.301159E-01     4.814519E+00     1.773181E-01     1.000000E+00 
  659  7231   659     6.226753E+00     3.084993E+00     5.301253E-01     4.814915E+00     1.773403E-01     1.000000E+00 
  660  7242   660     6.226754E+00     3.084985E+00     5.301347E-01     4.815311E+00     1.773625E-01     1.000000E+00 
  661  7253   661     6.226756E+00     3.084978E+00     5.301440E-01     4.815706E+00     1.773846E-01     1.000000E+00 
  662  7264   662     6.226757E+00     3.084971E+00     5.301534E-01     4.816101E+00     1.774068E-01     1.000000E+00 
  663  7275   663     6.226759E+00     3.084964E+00     5.301628E-01     4.816495E+00     1.774289E-01     1.000000E+00 
  664  7286   664     6.226761E+00     3.084957E+00     5.301722E-01     4.816889E+00     1.774509E-01     1.000000E+00 
  665  7297   665     6.226762E+00     3.084950E+00     5.301815E-01     4.817282E+00     1.774730E-01     1.000000E+00 
  666  7308   666     6.226764E+00     3.084942E+00     5.301909E-01     4.817674E+00     1.774950E-01     1.000000E+00 
  667  7319   667     6.226766E+00     3.084935E+00     5.302003E-01     4.818067E+00     1.775169E-01     1.000000E+00 
  668  7330   668     6.226767E+00     3.084928E+00     5.302096E-01     4.818458E+00     1.775389E-01     1.000000E+00 
  669  7341   669     6.226769E+00     3.084921E+00     5.302190E-01     4.818849E+00     1.775608E-01     1.000000E+00 
  670  7352   670     6.226770E+00     3.084914E+00     5.302283E-01     4.819240E+00     1.775827E-01     1.000000E+00 
  671  7363   671     6.226772E+00     3.084907E+00     5.302377E-01     4.819630E+00     1.776046E-01     1.000000E+00 
  672  7374   672     6.226774E+00     3.084900E+00     5.302470E-01     4.820020E+00     1.776265E-01     1.000000E+00 
  673  7385   673     6.226775E+00     3.084893E+00     5.302563E-01     4.820409E+00     1.776483E-01     1.000000E+00 
  674  7396   674     6.226777E+00     3.084886E+00     5.302657E-01     4.820798E+00     1.776701E-01     1.000000E+00 
  675  7407   675     6.226778E+00     3.084879E+00     5.302750E-01     4.821186E+00     1.776919E-01     1.000000E+00 
  676  7418   676     6.226780E+00     3.084872E+00     5.302843E-01     4.821574E+00     1.777136E-01     1.000000E+00 
  677  7429   677     6.226782E+00     3.084865E+00     5.302937E-01     4.821961E+00     1.777354E-01     1.000000E+00 
  678  7440   678     6.226783E+00     3.084858E+00     5.303030E-01     4.822347E+00     1.777571E-01     1.000000E+00 
  679  7451   679     6.226785E+00     3.084851E+00     5.303123E-01     4.822734E+00     1.777787E-01     1.000000E+00 
  680  7462   680     6.226786E+00     3.084844E+00     5.303216E-01     4.823119E+00     1.778004E-01     1.000000E+00 
  681  7473   681     6.226788E+00     3.084837E+00     5.303309E-01     4.823504E+00     1.778220E-01     1.000000E+00 
  682  7484   682     6.226790E+00     3.084830E+00     5.303402E-01     4.823889E+00     1.778435E-01     1.000000E+00 
  683  7495   683     6.226791E+00     3.084823E+00     5.303495E-01     4.824273E+00     1.778651E-01     1.000000E+00 
  684  7506   684     6.226793E+00     3.084816E+00     5.303587E-01     4.824656E+00     1.778866E-01     1.000000E+00 
  685  7517   685     6.226794E+00     3.084809E+00     5.303680E-01     4.825039E+00     1.779081E-01     1.000000E+00 
  686  7528   686     6.226796E+00     3.084802E+00     5.303773E-01     4.825421E+00     1.779296E-01     1.000000E+00 
  687  7539   687     6.226798E+00     3.084795E+00     5.303865E-01     4.825803E+00     1.779510E-01     1.000000E+00 
  688  7550   688     6.226799E+00     3.084788E+00     5.303958E-01     4.826184E+00     1.779724E-01     1.000000E+00 
  689  7561   689     6.226801E+00     3.084781E+00     5.304050E-01     4.826565E+00     1.779938E-01     1.000000E+00 
  690  7572   690     6.226802E+00     3.084775E+00     5.304142E-01     4.826945E+00     1.780151E-01     1.000000E+00 
  691  7583   691     6.226804E+00     3.084768E+00     5.304235E-01     4.827325E+00     1.780364E-01     1.000000E+00 
  692  7594   692     6.226806E+00     3.084761E+00     5.304327E-01     4.827704E+00     1.780577E-01     1.000000E+00 
  693  7605   693     6.226807E+00     3.084754E+00     5.304419E-01     4.828082E+00     1.780790E-01     1.000000E+00 
  694  7616   694     6.226809E+00     3.084747E+00     5.304511E-01     4.828460E+00     1.781002E-01     1.000000E+00 
  695  7627   695     6.226810E+00     3.084740E+00     5.304603E-01     4.828839E+00     1.781214E-01     1.000000E+00 
  696  7638   696     6.226812E+00     3.084734E+00     5.304695E-01     4.829224E+00     1.781426E-01     1.000000E+00 
  697  7649   697     6.226814E+00     3.084727E+00     5.304787E-01     4.829608E+00     1.781637E-01     1.000000E+00 
  698  7660   698     6.226815E+00     3.084720E+00     5.304879E-01     4.829992E+00     1.781849E-01     1.000000E+00 
  699  7671   699     6.226817E+00     3.084713E+00     5.304971E-01     4.830375E+00     1.782059E-01     1.000000E+00 
  700  7682   700     6.226818E+00     3.084706E+00     5.305063E-01     4.830758E+00     1.782270E-01     1.000000E+00 
  701  7693   701     6.226820E+00     3.084700E+00     5.305155E-01     4.831140E+00     1.782481E-01     1.000000E+00 
  702  7704   702     6.226822E+00     3.084693E+00     5.305247E-01     4.831522E+00     1.782691E-01     1.000000E+00 
  703  7715   703     6.226823E+00     3.084686E+00     5.305338E-01     4.831903E+00     1.782900E-01     1.000000E+00 
  704  7726   704     6.226825E+00     3.084680E+00     5.305430E-01     4.832283E+00     1.783110E-01     1.000000E+00 
  705  7737   705     6.226826E+00     3.084673E+00     5.305521E-01     4.832664E+00     1.783319E-01     1.000000E+00 
  706  7748   706     6.226828E+00     3.084666E+00     5.305613E-01     4.833043E+00     1.783528E-01     1.000000E+00 
  707  7759   707     6.226829E+00     3.084659E+00     5.305704E-01     4.833422E+00     1.783737E-01     1.000000E+00 
  708  7770   708     6.226831E+00     3.084653E+00     5.305796E-01     4.833801E+00     1.783945E-01     1.000000E+00 
  709  7781   709     6.226833E+00     3.084646E+00     5.305887E-01     4.834179E+00     1.784154E-01     1.000000E+00 
  710  7792   710     6.226834E+00     3.084639E+00     5.305978E-01     4.834556E+00     1.784361E-01     1.000000E+00 
  711  7803   711     6.226836E+00     3.084633E+00     5.306069E-01     4.834933E+00     1.784569E-01     1.000000E+00 
  712  7814   712     6.226837E+00     3.084626E+00     5.306161E-01     4.835310E+00     1.784776E-01     1.000000E+00 
  713  7825   713     6.226839E+00     3.084619E+00     5.306252E-01     4.835686E+00     1.784984E-01     1.000000E+00 
  714  7836   714     6.226841E+00     3.084613E+00     5.306343E-01     4.836061E+00     1.785190E-01     1.000000E+00 
  715  7847   715     6.226842E+00     3.084606E+00     5.306434E-01     4.836436E+00     1.785397E-01     1.000000E+00 
  716  7858   716     6.226844E+00     3.084600E+00     5.306525E-01     4.836810E+00     1.785603E-01     1.000000E+00 
  717  7869   717     6.226845E+00     3.084593E+00     5.306616E-01     4.837184E+00     1.785809E-01     1.000000E+00 
  718  7880   718     6.226847E+00     3.084586E+00     5.306707E-01     4.837558E+00     1.786015E-01     1.000000E+00 
  719  7891   719     6.226848E+00     3.084580E+00     5.306798E-01     4.837931E+00     1.786221E-01     1.000000E+00 
  720  7902   720     6.226850E+00     3.084573E+00     5.306888E-01     4.838303E+00     1.786426E-01     1.000000E+00 
  721  7913   721     6.226852E+00     3.084567E+00     5.306979E-01     4.838675E+00     1.786631E-01     1.000000E+00 
  722  7924   722     6.226853E+00     3.084560E+00     5.307070E-01     4.839046E+00     1.786835E-01     1.000000E+00 
  723  7935   723     6.226855E+00     3.084554E+00     5.307160E-01     4.839417E+00     1.787040E-01     1.000000E+00 
  724  7946   724     6.226856E+00     3.084547E+00     5.307251E-01     4.839788E+00     1.787244E-01     1.000000E+00 
  725  7957   725     6.226858E+00     3.084541E+00     5.307341E-01     4.840158E+00     1.787448E-01     1.000000E+00 
  726  7968   726     6.226859E+00     3.084534E+00     5.307432E-01     4.840527E+00     1.787652E-01     1.000000E+00 
  727  7979   727     6.226861E+00     3.084528E+00     5.307522E-01     4.840896E+00     1.787855E-01     1.000000E+00 
  728  7990   728     6.226863E+00     3.084521E+00     5.307613E-01     4.841265E+00     1.788058E-01     1.000000E+00 
  729  8001   729     6.226864E+00     3.084515E+00     5.307703E-01     4.841633E+00     1.788261E-01     1.000000E+00 
  730  8012   730     6.226866E+00     3.084508E+00     5.307793E-01     4.842000E+00     1.788464E-01     1.000000E+00 
  731  8023   731     6.226867E+00     3.084502E+00     5.307884E-01     4.842367E+00     1.788666E-01     1.000000E+00 
  732  8034   732     6.226869E+00     3.084495E+00     5.307974E-01     4.842734E+00     1.788868E-01     1.000000E+00 
  733  8045   733     6.226870E+00     3.084489E+00     5.308064E-01     4.843100E+00     1.789070E-01     1.000000E+00 
  734  8056   734     6.226872E+00     3.084482E+00     5.308154E-01     4.843465E+00     1.789272E-01     1.000000E+00 
  735  8067   735     6.226873E+00     3.084476E+00     5.308244E-01     4.843830E+00     1.789473E-01     1.000000E+00 
  736  8078   736     6.226875E+00     3.084469E+00     5.308334E-01     4.844195E+00     1.789674E-01     1.000000E+00 
  737  8089   737     6.226877E+00     3.084463E+00     5.308424E-01     4.844559E+00     1.789875E-01     1.000000E+00 
  738  8100   738     6.226878E+00     3.084457E+00     5.308514E-01     4.844923E+00     1.790076E-01     1.000000E+00 
  739  8111   739     6.226880E+00     3.084450E+00     5.308604E-01     4.845286E+00     1.790276E-01     1.000000E+00 
  740  8122   740     6.226881E+00     3.084444E+00     5.308693E-01     4.845649E+00     1.790476E-01     1.000000E+00 
  741  8133   741     6.226883E+00     3.084438E+00     5.308783E-01     4.846011E+00     1.790676E-01     1.000000E+00 
  742  8144   742     6.226884E+00     3.084431E+00     5.308873E-01     4.846372E+00     1.790876E-01     1.000000E+00 
  743  8155   743     6.226886E+00     3.084425E+00     5.308962E-01     4.846734E+00     1.791075E-01     1.000000E+00 
  744  8166   744     6.226887E+00     3.084418E+00     5.309052E-01     4.847095E+00     1.791274E-01     1.000000E+00 
  745  8177   745     6.226889E+00     3.084412E+00     5.309142E-01     4.847455E+00     1.791473E-01     1.000000E+00 
  746  8188   746     6.226891E+00     3.084406E+00     5.309231E-01     4.847815E+00     1.791671E-01     1.000000E+00 
  747  8199   747     6.226892E+00     3.084400E+00     5.309321E-01     4.848174E+00     1.791870E-01     1.000000E+00 
  748  8210   748     6.226894E+00     3.084393E+00     5.309410E-01     4.848533E+00     1.792068E-01     1.000000E+00 
  749  8221   749     6.226895E+00     3.084387E+00     5.309499E-01     4.848892E+00     1.792266E-01     1.000000E+00 
  750  8232   750     6.226897E+00     3.084381E+00     5.309589E-01     4.849250E+00     1.792463E-01     1.000000E+00 
  751  8243   751     6.226898E+00     3.084374E+00     5.309678E-01     4.849607E+00     1.792661E-01     1.000000E+00 
  752  8254   752     6.226900E+00     3.084368E+00     5.309767E-01     4.849964E+00     1.792858E-01     1.000000E+00 
  753  8265   753     6.226901E+00     3.084362E+00     5.309856E-01     4.850321E+00     1.793055E-01     1.000000E+00 
  754  8276   754     6.226903E+00     3.084356E+00     5.309945E-01     4.850677E+00     1.793251E-01     1.000000E+00 
  755  8287   755     6.226904E+00     3.084349E+00     5.310034E-01     4.851033E+00     1.793448E-01     1.000000E+00 
  756  8298   756     6.226906E+00     3.084343E+00     5.310123E-01     4.851388E+00     1.793644E-01     1.000000E+00 
  757  8309   757     6.226908E+00     3.084337E+00     5.310212E-01     4.851743E+00     1.793840E-01     1.000000E+00 
  758  8320   758     6.226909E+00     3.084331E+00     5.310301E-01     4.852097E+00     1.794036E-01     1.000000E+00 
  759  8331   759     6.226911E+00     3.084324E+00     5.310390E-01     4.852451E+00     1.794231E-01     1.000000E+00 
  760  8342   760     6.226912E+00     3.084318E+00     5.310479E-01     4.852805E+00     1.794426E-01     1.000000E+00 
  761  8353   761     6.226914E+00     3.084312E+00     5.310568E-01     4.853158E+00     1.794621E-01     1.000000E+00 
  762  8364   762     6.226915E+00     3.084306E+00     5.310656E-01     4.853510E+00     1.794816E-01     1.000000E+00 
  763  8375   763     6.226917E+00     3.084300E+00     5.310745E-01     4.853862E+00     1.795010E-01     1.000000E+00 
  764  8386   764     6.226918E+00     3.084294E+00     5.310834E-01     4.854214E+00     1.795205E-01     1.000000E+00 
  765  8397   765     6.226920E+00     3.084287E+00     5.310922E-01     4.854565E+00     1.795399E-01     1.000000E+00 
  766  8408   766     6.226921E+00     3.084281E+00     5.311011E-01     4.854916E+00     1.795593E-01     1.000000E+00 
  767  8419   767     6.226923E+00     3.084275E+00     5.311099E-01     4.855266E+00     1.795786E-01     1.000000E+00 
  768  8430   768     6.226924E+00     3.084269E+00     5.311188E-01     4.855616E+00     1.795979E-01     1.000000E+00 
  769  8441   769     6.226926E+00     3.084263E+00     5.311276E-01     4.855966E+00     1.796173E-01     1.000000E+00 
  770  8452   770     6.226928E+00     3.084257E+00     5.311364E-01     4.856315E+00     1.796365E-01     1.000000E+00 
  771  8463   771     6.226929E+00     3.084251E+00     5.311453E-01     4.856663E+00     1.796558E-01     1.000000E+00 
  772  8474   772     6.226931E+00     3.084245E+00     5.311541E-01     4.857012E+00     1.796750E-01     1.000000E+00 
  773  8485   773     6.226932E+00     3.084238E+00     5.311629E-01     4.857359E+00     1.796943E-01     1.000000E+00 
  774  8496   774     6.226934E+00     3.084232E+00     5.311717E-01     4.857706E+00     1.797134E-01     1.000000E+00 
  775  8507   775     6.226935E+00     3.084226E+00     5.311805E-01     4.858053E+00     1.797326E-01     1.000000E+00 
  776  8518   776     6.226937E+00     3.084220E+00     5.311893E-01     4.858400E+00     1.797518E-01     1.000000E+00 
  777  8529   777     6.226938E+00     3.084214E+00     5.311981E-01     4.858746E+00     1.797709E-01     1.000000E+00 
  778  8540   778     6.226940E+00     3.084208E+00     5.312069E-01     4.859091E+00     1.797900E-01     1.000000E+00 
  779  8551   779     6.226941E+00     3.084202E+00     5.312157E-01     4.859436E+00     1.798091E-01     1.000000E+00 
  780  8562   780     6.226943E+00     3.084196E+00     5.312245E-01     4.859781E+00     1.798281E-01     1.000000E+00 
  781  8573   781     6.226944E+00     3.084190E+00     5.312333E-01     4.860125E+00     1.798471E-01     1.000000E+00 
  782  8584   782     6.226946E+00     3.084184E+00     5.312420E-01     4.860469E+00     1.798661E-01     1.000000E+00 
  783  8595   783     6.226947E+00     3.084178E+00     5.312508E-01     4.860812E+00     1.798851E-01     1.000000E+00 
  784  8606   784     6.226949E+00     3.084172E+00     5.312596E-01     4.861155E+00     1.799041E-01     1.000000E+00 
  785  8617   785     6.226950E+00     3.084166E+00     5.312683E-01     4.861497E+00     1.799230E-01     1.000000E+00 
  786  8628   786     6.226952E+00     3.084160E+00     5.312771E-01     4.861839E+00     1.799419E-01     1.000000E+00 
  787  8639   787     6.226953E+00     3.084154E+00     5.312858E-01     4.862181E+00     1.799608E-01     1.000000E+00 
  788  8650   788     6.226955E+00     3.084148E+00     5.312946E-01     4.862522E+00     1.799797E-01     1.000000E+00 
  789  8661   789     6.226956E+00     3.084142E+00     5.313033E-01     4.862862E+00     1.799985E-01     1.000000E+00 
  790  8672   790     6.226958E+00     3.084136E+00     5.313120E-01     4.863203E+00     1.800173E-01     1.000000E+00 
  791  8683   791     6.226960E+00     3.084130E+00     5.313207E-01     4.863543E+00     1.800361E-01     1.000000E+00 
  792  8694   792     6.226961E+00     3.084124E+00     5.313295E-01     4.863882E+00     1.800549E-01     1.000000E+00 
  793  8705   793     6.226963E+00     3.084119E+00     5.313382E-01     4.864221E+00     1.800737E-01     1.000000E+00 
  794  8716   794     6.226964E+00     3.084113E+00     5.313469E-01     4.864560E+00     1.800924E-01     1.000000E+00 
  795  8727   795     6.226966E+00     3.084107E+00     5.313556E-01     4.864898E+00     1.801111E-01     1.000000E+00 
  796  8738   796     6.226967E+00     3.084101E+00     5.313643E-01     4.865236E+00     1.801298E-01     1.000000E+00 
  797  8749   797     6.226969E+00     3.084095E+00     5.313730E-01     4.865573E+00     1.801485E-01     1.000000E+00 
  798  8760   798     6.226970E+00     3.084089E+00     5.313817E-01     4.865909E+00     1.801671E-01     1.000000E+00 
  799  8771   799     6.226972E+00     3.084083E+00     5.313903E-01     4.866246E+00     1.801857E-01     1.000000E+00 
  800  8781   800     6.296594E+00     3.084077E+00     1.575144E-01     1.883720E+00     1.034651E-09     4.139347E-01 
