MAJOR  NFEV  NGEV           OBJFUN            GNORM            CNORM             FEAS              OPT             STEP 
    0     1     1     6.276925E+00     3.176290E+00     1.143338E-02     9.900000E+01     9.900000E+01     9.900000E+01 
    1     2     1     6.226990E+00     3.176290E+00     1.848167E-01     2.985508E+00     1.479751E-02     1.000000E+00 
    2    13     2     6.191760E+00     3.176274E+00     1.887789E-01     3.002056E+00     9.990067E-03     1.000000E+00 
    3    24     3     6.189897E+00     3.176273E+00     1.915586E-01     2.992185E+00     5.439605E-03     1.000000E+00 
    4    35     4     6.189116E+00     3.176273E+00     1.953569E-01     2.997933E+00     3.062734E-03     1.000000E+00 
    5    46     5     6.188578E+00     3.176272E+00     1.983342E-01     2.996858E+00     1.854663E-03     1.000000E+00 
    6    57     6     6.188262E+00     3.176271E+00     2.020490E-01     3.000347E+00     1.260637E-03     1.000000E+00 
    7    68     7     6.188018E+00     3.176270E+00     2.056846E-01     2.999532E+00     9.574270E-04     1.000000E+00 
    8    79     8     6.187867E+00     3.176270E+00     2.097688E-01     3.001361E+00     8.161072E-04     1.000000E+00 
    9    90     9     6.187750E+00     3.176269E+00     2.137843E-01     3.000728E+00     7.388841E-04     1.000000E+00 
   10   101    10     6.187678E+00     3.176268E+00     2.179724E-01     3.001682E+00     7.078780E-04     1.000000E+00 
   11   112    11     6.187621E+00     3.176267E+00     2.220464E-01     3.001054E+00     6.877203E-04     1.000000E+00 
   12   123    12     6.187587E+00     3.176266E+00     2.261303E-01     3.001354E+00     6.846985E-04     1.000000E+00 
   13   134    13     6.187558E+00     3.176264E+00     2.300765E-01     3.000395E+00     6.827119E-04     1.000000E+00 
   14   145    14     6.187544E+00     3.176263E+00     2.339785E-01     3.000703E+00     6.855604E-04     1.000000E+00 
   15   156    15     6.187534E+00     3.176262E+00     2.377337E-01     3.000015E+00     6.851266E-04     1.000000E+00 
   16   167    16     6.187532E+00     3.176261E+00     2.413832E-01     3.000178E+00     6.883815E-04     1.000000E+00 
   17   178    17     6.187532E+00     3.176259E+00     2.448914E-01     2.999642E+00     6.884057E-04     1.000000E+00 
   18   189    18     6.187537E+00     3.176258E+00     2.482627E-01     2.999679E+00     6.914413E-04     1.000000E+00 
   19   200    19     6.187545E+00     3.176256E+00     2.515035E-01     2.999251E+00     6.918613E-04     1.000000E+00 
   20   211    20     6.187554E+00     3.176255E+00     2.545919E-01     2.999190E+00     6.947641E-04     1.000000E+00 
   21   222    21     6.187566E+00     3.176253E+00     2.575635E-01     2.998847E+00     6.956548E-04     1.000000E+00 
   22   233    22     6.187577E+00     3.176252E+00     2.603763E-01     2.998709E+00     6.985616E-04     1.000000E+00 
   23   244    23     6.187591E+00     3.176250E+00     2.630876E-01     2.998424E+00     7.000181E-04     1.000000E+00 
   24   255    24     6.187604E+00     3.176249E+00     2.656385E-01     2.998243E+00     7.029967E-04     1.000000E+00 
   25   266    25     6.187620E+00     3.176247E+00     2.681040E-01     2.997999E+00     7.050041E-04     1.000000E+00 
   26   277    26     6.187633E+00     3.176245E+00     2.704102E-01     2.997794E+00     7.081101E-04     1.000000E+00 
   27   288    27     6.187649E+00     3.176244E+00     2.726471E-01     2.997581E+00     7.106394E-04     1.000000E+00 
   28   299    28     6.187663E+00     3.176242E+00     2.747271E-01     2.997362E+00     7.139272E-04     1.000000E+00 
   29   310    29     6.187679E+00     3.176240E+00     2.767537E-01     2.997177E+00     7.169317E-04     1.000000E+00 
   30   321    30     6.187692E+00     3.176238E+00     2.786265E-01     2.996939E+00     7.204694E-04     1.000000E+00 
   31   332    31     6.187708E+00     3.176236E+00     2.804609E-01     2.996799E+00     7.238842E-04     1.000000E+00 
   32   343    32     6.187721E+00     3.176234E+00     2.821443E-01     2.996542E+00     7.276440E-04     1.000000E+00 
   33   354    33     6.187736E+00     3.176232E+00     2.838041E-01     2.996447E+00     7.314276E-04     1.000000E+00 
   34   365    34     6.187749E+00     3.176230E+00     2.853152E-01     2.996174E+00     7.353970E-04     1.000000E+00 
   35   376    35     6.187763E+00     3.176228E+00     2.868170E-01     2.996122E+00     7.395149E-04     1.000000E+00 
   36   387    36     6.187775E+00     3.176226E+00     2.881715E-01     2.995834E+00     7.436832E-04     1.000000E+00 
   37   398    37     6.187789E+00     3.176224E+00     2.895307E-01     2.995827E+00     7.481037E-04     1.000000E+00 
   38   409    38     6.187800E+00     3.176222E+00     2.907433E-01     2.995525E+00     7.524600E-04     1.000000E+00 
   39   420    39     6.187813E+00     3.176220E+00     2.919739E-01     2.995559E+00     7.571536E-04     1.000000E+00 
   40   431    40     6.187823E+00     3.176218E+00     2.930580E-01     2.995245E+00     7.616870E-04     1.000000E+00 
   41   442    41     6.187836E+00     3.176216E+00     2.941731E-01     2.995320E+00     7.666265E-04     1.000000E+00 
   42   453    42     6.187845E+00     3.176213E+00     2.951409E-01     2.994995E+00     7.713260E-04     1.000000E+00 
   43   464    43     6.187857E+00     3.176211E+00     2.961522E-01     2.995109E+00     7.764863E-04     1.000000E+00 
   44   475    44     6.187866E+00     3.176209E+00     2.970147E-01     2.994772E+00     7.813415E-04     1.000000E+00 
   45   486    45     6.187876E+00     3.176207E+00     2.979311E-01     2.994935E+00     7.866780E-04     1.000000E+00 
   46   497    46     6.187884E+00     3.176204E+00     2.986996E-01     2.994575E+00     7.916409E-04     1.000000E+00 
   47   508    47     6.187893E+00     3.176202E+00     2.995260E-01     2.994818E+00     7.971076E-04     1.000000E+00 
   48   519    48     6.187901E+00     3.176200E+00     3.002125E-01     2.994398E+00     8.020730E-04     1.000000E+00 
   49   530    49     6.187909E+00     3.176197E+00     3.009618E-01     2.994717E+00     8.077878E-04     1.000000E+00 
   50   541    50     6.187917E+00     3.176195E+00     3.015728E-01     2.994243E+00     8.128249E-04     1.000000E+00 
   51   552    51     6.187924E+00     3.176193E+00     3.022540E-01     2.994632E+00     8.187729E-04     1.000000E+00 
   52   563    52     6.187931E+00     3.176190E+00     3.027964E-01     2.994111E+00     8.238835E-04     1.000000E+00 
   53   574    53     6.187937E+00     3.176188E+00     3.034168E-01     2.994564E+00     8.300686E-04     1.000000E+00 
   54   585    54     6.187944E+00     3.176185E+00     3.038970E-01     2.994001E+00     8.352318E-04     1.000000E+00 
   55   596    55     6.187950E+00     3.176183E+00     3.044633E-01     2.994512E+00     8.416849E-04     1.000000E+00 
   56   607    56     6.187956E+00     3.176180E+00     3.048859E-01     2.993919E+00     8.468447E-04     1.000000E+00 
   57   618    57     6.187961E+00     3.176178E+00     3.054049E-01     2.994472E+00     8.534369E-04     1.000000E+00 
   58   629    58     6.187966E+00     3.176176E+00     3.057733E-01     2.993871E+00     8.586145E-04     1.000000E+00 
   59   640    59     6.187971E+00     3.176173E+00     3.062519E-01     2.994441E+00     8.652505E-04     1.000000E+00 
   60   651    60     6.187976E+00     3.176171E+00     3.065722E-01     2.993838E+00     8.705405E-04     1.000000E+00 
   61   662    61     6.187980E+00     3.176168E+00     3.070139E-01     2.994422E+00     8.772562E-04     1.000000E+00 
   62   673    62     6.187985E+00     3.176165E+00     3.072913E-01     2.993821E+00     8.826540E-04     1.000000E+00 
   63   684    63     6.187988E+00     3.176163E+00     3.076997E-01     2.994414E+00     8.894218E-04     1.000000E+00 
   64   695    64     6.187993E+00     3.176160E+00     3.079386E-01     2.993819E+00     8.949254E-04     1.000000E+00 
   65   706    65     6.187996E+00     3.176158E+00     3.083169E-01     2.994418E+00     9.017293E-04     1.000000E+00 
   66   717    66     6.188000E+00     3.176155E+00     3.085213E-01     2.993829E+00     9.073361E-04     1.000000E+00 
   67   728    67     6.188003E+00     3.176153E+00     3.088725E-01     2.994433E+00     9.141643E-04     1.000000E+00 
   68   739    68     6.188007E+00     3.176150E+00     3.090458E-01     2.993851E+00     9.198707E-04     1.000000E+00 
   69   750    69     6.188009E+00     3.176147E+00     3.093726E-01     2.994457E+00     9.267137E-04     1.000000E+00 
   70   761    70     6.188013E+00     3.176145E+00     3.095180E-01     2.993884E+00     9.325161E-04     1.000000E+00 
   71   772    71     6.188015E+00     3.176142E+00     3.098228E-01     2.994491E+00     9.393662E-04     1.000000E+00 
   72   783    72     6.188018E+00     3.176140E+00     3.099431E-01     2.993927E+00     9.452600E-04     1.000000E+00 
   73   794    73     6.188020E+00     3.176137E+00     3.102280E-01     2.994533E+00     9.521101E-04     1.000000E+00 
   74   805    74     6.188023E+00     3.176134E+00     3.103259E-01     2.993979E+00     9.580909E-04     1.000000E+00 
   75   816    75     6.188024E+00     3.176132E+00     3.105928E-01     2.994582E+00     9.649355E-04     1.000000E+00 
   76   827    76     6.188028E+00     3.176129E+00     3.106706E-01     2.994039E+00     9.709992E-04     1.000000E+00 
   77   838    77     6.188028E+00     3.176127E+00     3.109211E-01     2.994639E+00     9.778337E-04     1.000000E+00 
   78   849    78     6.188032E+00     3.176124E+00     3.109809E-01     2.994106E+00     9.839761E-04     1.000000E+00 
   79   860    79     6.188032E+00     3.176121E+00     3.112167E-01     2.994702E+00     9.907968E-04     1.000000E+00 
   80   871    80     6.188035E+00     3.176119E+00     3.112604E-01     2.994180E+00     9.970143E-04     1.000000E+00 
   81   882    81     6.188036E+00     3.176116E+00     3.114827E-01     2.994770E+00     1.003818E-03     1.000000E+00 
   82   893    82     6.188039E+00     3.176113E+00     3.115121E-01     2.994261E+00     1.010107E-03     1.000000E+00 
   83   904    83     6.188039E+00     3.176111E+00     3.117220E-01     2.994844E+00     1.016890E-03     1.000000E+00 
   84   915    84     6.188042E+00     3.176108E+00     3.117388E-01     2.994347E+00     1.023246E-03     1.000000E+00 
   85   926    85     6.188042E+00     3.176105E+00     3.119374E-01     2.994923E+00     1.030008E-03     1.000000E+00 
   86   937    86     6.188045E+00     3.176103E+00     3.119430E-01     2.994439E+00     1.036428E-03     1.000000E+00 
   87   948    87     6.188044E+00     3.176100E+00     3.121312E-01     2.995006E+00     1.043166E-03     1.000000E+00 
   88   959    88     6.188047E+00     3.176097E+00     3.121270E-01     2.994535E+00     1.049647E-03     1.000000E+00 
   89   970    89     6.188047E+00     3.176095E+00     3.123056E-01     2.995092E+00     1.056359E-03     1.000000E+00 
   90   981    90     6.188050E+00     3.176092E+00     3.122927E-01     2.994636E+00     1.062898E-03     1.000000E+00 
   91   992    91     6.188049E+00     3.176089E+00     3.124624E-01     2.995182E+00     1.069583E-03     1.000000E+00 
   92  1003    92     6.188052E+00     3.176087E+00     3.124420E-01     2.994741E+00     1.076178E-03     1.000000E+00 
   93  1014    93     6.188051E+00     3.176084E+00     3.126033E-01     2.995274E+00     1.082835E-03     1.000000E+00 
   94  1025    94     6.188054E+00     3.176081E+00     3.125766E-01     2.994849E+00     1.089482E-03     1.000000E+00 
   95  1036    95     6.188053E+00     3.176079E+00     3.127300E-01     2.995369E+00     1.096126E-03     1.000000E+00 
   96  1047    96     6.188055E+00     3.176076E+00     3.126979E-01     2.994961E+00     1.102849E-03     1.000000E+00 
   97  1058    97     6.188054E+00     3.176073E+00     3.128438E-01     2.995467E+00     1.109458E-03     1.000000E+00 
   98  1069    98     6.188057E+00     3.176071E+00     3.128072E-01     2.995076E+00     1.116232E-03     1.000000E+00 
   99  1080    99     6.188056E+00     3.176068E+00     3.129459E-01     2.995566E+00     1.122807E-03     1.000000E+00 
  100  1091   100     6.188058E+00     3.176065E+00     3.129058E-01     2.995194E+00     1.129629E-03     1.000000E+00 
  101  1102   101     6.188057E+00     3.176063E+00     3.130375E-01     2.995667E+00     1.136170E-03     1.000000E+00 
  102  1113   102     6.188059E+00     3.176060E+00     3.129947E-01     2.995315E+00     1.143036E-03     1.000000E+00 
  103  1124   103     6.188058E+00     3.176057E+00     3.131196E-01     2.995770E+00     1.149545E-03     1.000000E+00 
  104  1135   104     6.188060E+00     3.176055E+00     3.130748E-01     2.995437E+00     1.156452E-03     1.000000E+00 
  105  1146   105     6.188059E+00     3.176052E+00     3.131932E-01     2.995874E+00     1.162930E-03     1.000000E+00 
  106  1157   106     6.188061E+00     3.176049E+00     3.131471E-01     2.995562E+00     1.169874E-03     1.000000E+00 
  107  1168   107     6.188060E+00     3.176047E+00     3.132589E-01     2.995979E+00     1.176322E-03     1.000000E+00 
  108  1179   108     6.188062E+00     3.176044E+00     3.132123E-01     2.995689E+00     1.183301E-03     1.000000E+00 
  109  1190   109     6.188060E+00     3.176041E+00     3.133176E-01     2.996085E+00     1.189721E-03     1.000000E+00 
  110  1201   110     6.188063E+00     3.176039E+00     3.132710E-01     2.995818E+00     1.196731E-03     1.000000E+00 
  111  1212   111     6.188061E+00     3.176036E+00     3.133700E-01     2.996191E+00     1.203124E-03     1.000000E+00 
  112  1223   112     6.188063E+00     3.176033E+00     3.133240E-01     2.995948E+00     1.210161E-03     1.000000E+00 
  113  1234   113     6.188061E+00     3.176030E+00     3.134166E-01     2.996299E+00     1.216531E-03     1.000000E+00 
  114  1245   114     6.188064E+00     3.176028E+00     3.133718E-01     2.996080E+00     1.223592E-03     1.000000E+00 
  115  1256   115     6.188062E+00     3.176025E+00     3.134579E-01     2.996407E+00     1.229939E-03     1.000000E+00 
  116  1267   116     6.188064E+00     3.176022E+00     3.134149E-01     2.996213E+00     1.237020E-03     1.000000E+00 
  117  1278   117     6.188062E+00     3.176020E+00     3.134946E-01     2.996515E+00     1.243348E-03     1.000000E+00 
  118  1289   118     6.188064E+00     3.176017E+00     3.134537E-01     2.996347E+00     1.250446E-03     1.000000E+00 
  119  1300   119     6.188062E+00     3.176014E+00     3.135270E-01     2.996624E+00     1.256757E-03     1.000000E+00 
  120  1311   120     6.188064E+00     3.176012E+00     3.134886E-01     2.996482E+00     1.263867E-03     1.000000E+00 
  121  1322   121     6.188062E+00     3.176009E+00     3.135555E-01     2.996734E+00     1.270164E-03     1.000000E+00 
  122  1333   122     6.188064E+00     3.176006E+00     3.135201E-01     2.996617E+00     1.277283E-03     1.000000E+00 
  123  1344   123     6.188062E+00     3.176004E+00     3.135805E-01     2.996844E+00     1.283568E-03     1.000000E+00 
  124  1355   124     6.188063E+00     3.176001E+00     3.135484E-01     2.996753E+00     1.290693E-03     1.000000E+00 
  125  1366   125     6.188062E+00     3.175998E+00     3.136023E-01     2.996954E+00     1.296970E-03     1.000000E+00 
  126  1377   126     6.188063E+00     3.175996E+00     3.135738E-01     2.996890E+00     1.304097E-03     1.000000E+00 
  127  1388   127     6.188061E+00     3.175993E+00     3.136214E-01     2.997065E+00     1.310367E-03     1.000000E+00 
  128  1399   128     6.188063E+00     3.175990E+00     3.135967E-01     2.997027E+00     1.317492E-03     1.000000E+00 
  129  1410   129     6.188061E+00     3.175988E+00     3.136378E-01     2.997176E+00     1.323759E-03     1.000000E+00 
  130  1421   130     6.188062E+00     3.175985E+00     3.136173E-01     2.997164E+00     1.330879E-03     1.000000E+00 
  131  1432   131     6.188061E+00     3.175982E+00     3.136520E-01     2.997288E+00     1.337146E-03     1.000000E+00 
  132  1443   132     6.188061E+00     3.175980E+00     3.136357E-01     2.997301E+00     1.344257E-03     1.000000E+00 
  133  1454   133     6.188060E+00     3.175977E+00     3.136642E-01     2.997400E+00     1.350527E-03     1.000000E+00 
  134  1465   134     6.188061E+00     3.175974E+00     3.136523E-01     2.997439E+00     1.357625E-03     1.000000E+00 
  135  1476   135     6.188059E+00     3.175972E+00     3.136745E-01     2.997512E+00     1.363900E-03     1.000000E+00 
  136  1487   136     6.188060E+00     3.175969E+00     3.136671E-01     2.997576E+00     1.370984E-03     1.000000E+00 
  137  1498   137     6.188059E+00     3.175966E+00     3.136833E-01     2.997626E+00     1.377267E-03     1.000000E+00 
  138  1509   138     6.188059E+00     3.175964E+00     3.136805E-01     2.997713E+00     1.384332E-03     1.000000E+00 
  139  1520   139     6.188058E+00     3.175961E+00     3.136905E-01     2.997739E+00     1.390627E-03     1.000000E+00 
  140  1531   140     6.188058E+00     3.175958E+00     3.136924E-01     2.997850E+00     1.397671E-03     1.000000E+00 
  141  1542   141     6.188058E+00     3.175956E+00     3.136966E-01     2.997854E+00     1.403979E-03     1.000000E+00 
  142  1553   142     6.188058E+00     3.175953E+00     3.137030E-01     2.997987E+00     1.410998E-03     1.000000E+00 
  143  1564   143     6.188057E+00     3.175950E+00     3.137015E-01     2.997969E+00     1.417323E-03     1.000000E+00 
  144  1575   144     6.188057E+00     3.175948E+00     3.137126E-01     2.998123E+00     1.424315E-03     1.000000E+00 
  145  1586   145     6.188056E+00     3.175945E+00     3.137054E-01     2.998084E+00     1.430658E-03     1.000000E+00 
  146  1597   146     6.188056E+00     3.175942E+00     3.137211E-01     2.998259E+00     1.437621E-03     1.000000E+00 
  147  1608   147     6.188056E+00     3.175940E+00     3.137085E-01     2.998201E+00     1.443984E-03     1.000000E+00 
  148  1619   148     6.188055E+00     3.175937E+00     3.137287E-01     2.998395E+00     1.450916E-03     1.000000E+00 
  149  1630   149     6.188055E+00     3.175934E+00     3.137108E-01     2.998318E+00     1.457302E-03     1.000000E+00 
  150  1641   150     6.188054E+00     3.175932E+00     3.137355E-01     2.998530E+00     1.464200E-03     1.000000E+00 
  151  1652   151     6.188054E+00     3.175929E+00     3.137125E-01     2.998435E+00     1.470610E-03     1.000000E+00 
  152  1663   152     6.188053E+00     3.175927E+00     3.137415E-01     2.998665E+00     1.477472E-03     1.000000E+00 
  153  1674   153     6.188054E+00     3.175924E+00     3.137137E-01     2.998553E+00     1.483910E-03     1.000000E+00 
  154  1685   154     6.188052E+00     3.175921E+00     3.137469E-01     2.998799E+00     1.490734E-03     1.000000E+00 
  155  1696   155     6.188053E+00     3.175919E+00     3.137144E-01     2.998672E+00     1.497200E-03     1.000000E+00 
  156  1707   156     6.188052E+00     3.175916E+00     3.137517E-01     2.998933E+00     1.503985E-03     1.000000E+00 
  157  1718   157     6.188052E+00     3.175913E+00     3.137147E-01     2.998792E+00     1.510480E-03     1.000000E+00 
  158  1729   158     6.188051E+00     3.175911E+00     3.137559E-01     2.999066E+00     1.517225E-03     1.000000E+00 
  159  1740   159     6.188052E+00     3.175908E+00     3.137146E-01     2.998912E+00     1.523751E-03     1.000000E+00 
  160  1751   160     6.188050E+00     3.175905E+00     3.137597E-01     2.999199E+00     1.530454E-03     1.000000E+00 
  161  1762   161     6.188051E+00     3.175903E+00     3.137143E-01     2.999033E+00     1.537013E-03     1.000000E+00 
  162  1773   162     6.188049E+00     3.175900E+00     3.137630E-01     2.999331E+00     1.543672E-03     1.000000E+00 
  163  1784   163     6.188050E+00     3.175897E+00     3.137137E-01     2.999154E+00     1.550285E-03     1.000000E+00 
  164  1795   164     6.188048E+00     3.175895E+00     3.137658E-01     2.999463E+00     1.556880E-03     1.000000E+00 
  165  1806   165     6.188050E+00     3.175892E+00     3.137130E-01     2.999276E+00     1.563564E-03     1.000000E+00 
  166  1817   166     6.188048E+00     3.175890E+00     3.137684E-01     2.999594E+00     1.570097E-03     1.000000E+00 
  167  1828   167     6.188049E+00     3.175887E+00     3.137120E-01     2.999399E+00     1.576835E-03     1.000000E+00 
  168  1839   168     6.188047E+00     3.175884E+00     3.137706E-01     2.999724E+00     1.583322E-03     1.000000E+00 
  169  1850   169     6.188049E+00     3.175882E+00     3.137110E-01     2.999522E+00     1.590097E-03     1.000000E+00 
  170  1861   170     6.188046E+00     3.175879E+00     3.137724E-01     2.999854E+00     1.596538E-03     1.000000E+00 
  171  1872   171     6.188048E+00     3.175876E+00     3.137099E-01     2.999646E+00     1.603350E-03     1.000000E+00 
  172  1883   172     6.188046E+00     3.175874E+00     3.137740E-01     2.999984E+00     1.609744E-03     1.000000E+00 
  173  1894   173     6.188048E+00     3.175871E+00     3.137087E-01     2.999771E+00     1.616594E-03     1.000000E+00 
  174  1905   174     6.188045E+00     3.175869E+00     3.137753E-01     3.000112E+00     1.622940E-03     1.000000E+00 
  175  1916   175     6.188047E+00     3.175866E+00     3.137074E-01     2.999896E+00     1.629829E-03     1.000000E+00 
  176  1927   176     6.188044E+00     3.175863E+00     3.137763E-01     3.000241E+00     1.636128E-03     1.000000E+00 
  177  1938   177     6.188047E+00     3.175861E+00     3.137061E-01     3.000022E+00     1.643056E-03     1.000000E+00 
  178  1949   178     6.188044E+00     3.175858E+00     3.137771E-01     3.000368E+00     1.649306E-03     1.000000E+00 
  179  1960   179     6.188046E+00     3.175855E+00     3.137048E-01     3.000148E+00     1.656273E-03     1.000000E+00 
  180  1971   180     6.188043E+00     3.175853E+00     3.137777E-01     3.000495E+00     1.662474E-03     1.000000E+00 
  181  1982   181     6.188046E+00     3.175850E+00     3.137035E-01     3.000274E+00     1.669481E-03     1.000000E+00 
  182  1993   182     6.188043E+00     3.175848E+00     3.137780E-01     3.000622E+00     1.675633E-03     1.000000E+00 
  183  2004   183     6.188045E+00     3.175845E+00     3.137022E-01     3.000402E+00     1.682679E-03     1.000000E+00 
  184  2015   184     6.188042E+00     3.175842E+00     3.137781E-01     3.000748E+00     1.688783E-03     1.000000E+00 
  185  2026   185     6.188045E+00     3.175840E+00     3.137009E-01     3.000529E+00     1.695868E-03     1.000000E+00 
  186  2037   186     6.188042E+00     3.175837E+00     3.137780E-01     3.000873E+00     1.701923E-03     1.000000E+00 
  187  2048   187     6.188045E+00     3.175834E+00     3.136996E-01     3.000657E+00     1.709047E-03     1.000000E+00 
  188  2059   188     6.188041E+00     3.175832E+00     3.137777E-01     3.000998E+00     1.715055E-03     1.000000E+00 
  189  2070   189     6.188044E+00     3.175829E+00     3.136983E-01     3.000786E+00     1.722216E-03     1.000000E+00 
  190  2081   190     6.188040E+00     3.175827E+00     3.137772E-01     3.001122E+00     1.728176E-03     1.000000E+00 
  191  2092   191     6.188044E+00     3.175824E+00     3.136971E-01     3.000915E+00     1.735375E-03     1.000000E+00 
  192  2103   192     6.188040E+00     3.175821E+00     3.137765E-01     3.001245E+00     1.741289E-03     1.000000E+00 
  193  2114   193     6.188043E+00     3.175819E+00     3.136959E-01     3.001045E+00     1.748525E-03     1.000000E+00 
  194  2125   194     6.188039E+00     3.175816E+00     3.137756E-01     3.001368E+00     1.754393E-03     1.000000E+00 
  195  2136   195     6.188043E+00     3.175814E+00     3.136947E-01     3.001174E+00     1.761665E-03     1.000000E+00 
  196  2147   196     6.188039E+00     3.175811E+00     3.137745E-01     3.001491E+00     1.767487E-03     1.000000E+00 
  197  2158   197     6.188042E+00     3.175808E+00     3.136935E-01     3.001305E+00     1.774794E-03     1.000000E+00 
  198  2169   198     6.188038E+00     3.175806E+00     3.137732E-01     3.001613E+00     1.780572E-03     1.000000E+00 
  199  2180   199     6.188042E+00     3.175803E+00     3.136924E-01     3.001435E+00     1.787913E-03     1.000000E+00 
  200  2191   200     6.188038E+00     3.175801E+00     3.137717E-01     3.001734E+00     1.793648E-03     1.000000E+00 
  201  2202   201     6.188041E+00     3.175798E+00     3.136913E-01     3.001566E+00     1.801022E-03     1.000000E+00 
  202  2213   202     6.188037E+00     3.175795E+00     3.137700E-01     3.001855E+00     1.806715E-03     1.000000E+00 
  203  2224   203     6.188041E+00     3.175793E+00     3.136902E-01     3.001697E+00     1.814120E-03     1.000000E+00 
  204  2235   204     6.188036E+00     3.175790E+00     3.137681E-01     3.001975E+00     1.819772E-03     1.000000E+00 
  205  2246   205     6.188040E+00     3.175788E+00     3.136891E-01     3.001829E+00     1.827208E-03     1.000000E+00 
  206  2257   206     6.188036E+00     3.175785E+00     3.137661E-01     3.002095E+00     1.832822E-03     1.000000E+00 
  207  2268   207     6.188040E+00     3.175782E+00     3.136881E-01     3.001960E+00     1.840286E-03     1.000000E+00 
  208  2279   208     6.188035E+00     3.175780E+00     3.137639E-01     3.002215E+00     1.845862E-03     1.000000E+00 
  209  2290   209     6.188039E+00     3.175777E+00     3.136871E-01     3.002092E+00     1.853354E-03     1.000000E+00 
  210  2301   210     6.188035E+00     3.175775E+00     3.137616E-01     3.002334E+00     1.858893E-03     1.000000E+00 
  211  2312   211     6.188038E+00     3.175772E+00     3.136861E-01     3.002224E+00     1.866411E-03     1.000000E+00 
  212  2323   212     6.188034E+00     3.175770E+00     3.137591E-01     3.002452E+00     1.871916E-03     1.000000E+00 
  213  2334   213     6.188038E+00     3.175767E+00     3.136852E-01     3.002356E+00     1.879457E-03     1.000000E+00 
  214  2345   214     6.188033E+00     3.175764E+00     3.137564E-01     3.002571E+00     1.884929E-03     1.000000E+00 
  215  2356   215     6.188037E+00     3.175762E+00     3.136842E-01     3.002488E+00     1.892492E-03     1.000000E+00 
  216  2367   216     6.188033E+00     3.175759E+00     3.137536E-01     3.002689E+00     1.897932E-03     1.000000E+00 
  217  2378   217     6.188036E+00     3.175757E+00     3.136833E-01     3.002621E+00     1.905516E-03     1.000000E+00 
  218  2389   218     6.188032E+00     3.175754E+00     3.137507E-01     3.002806E+00     1.910927E-03     1.000000E+00 
  219  2400   219     6.188036E+00     3.175751E+00     3.136824E-01     3.002753E+00     1.918528E-03     1.000000E+00 
  220  2411   220     6.188031E+00     3.175749E+00     3.137476E-01     3.002924E+00     1.923911E-03     1.000000E+00 
  221  2422   221     6.188035E+00     3.175746E+00     3.136815E-01     3.002886E+00     1.931530E-03     1.000000E+00 
  222  2433   222     6.188031E+00     3.175744E+00     3.137445E-01     3.003041E+00     1.936887E-03     1.000000E+00 
  223  2444   223     6.188034E+00     3.175741E+00     3.136807E-01     3.003018E+00     1.944520E-03     1.000000E+00 
  224  2455   224     6.188030E+00     3.175739E+00     3.137413E-01     3.003158E+00     1.949852E-03     1.000000E+00 
  225  2466   225     6.188033E+00     3.175736E+00     3.136798E-01     3.003150E+00     1.957499E-03     1.000000E+00 
  226  2477   226     6.188029E+00     3.175733E+00     3.137379E-01     3.003275E+00     1.962808E-03     1.000000E+00 
  227  2488   227     6.188033E+00     3.175731E+00     3.136790E-01     3.003283E+00     1.970466E-03     1.000000E+00 
  228  2499   228     6.188029E+00     3.175728E+00     3.137345E-01     3.003391E+00     1.975754E-03     1.000000E+00 
  229  2510   229     6.188032E+00     3.175726E+00     3.136781E-01     3.003415E+00     1.983422E-03     1.000000E+00 
  230  2521   230     6.188028E+00     3.175723E+00     3.137311E-01     3.003508E+00     1.988691E-03     1.000000E+00 
  231  2532   231     6.188031E+00     3.175721E+00     3.136773E-01     3.003547E+00     1.996367E-03     1.000000E+00 
  232  2543   232     6.188027E+00     3.175718E+00     3.137276E-01     3.003624E+00     2.001618E-03     1.000000E+00 
  233  2554   233     6.188030E+00     3.175715E+00     3.136765E-01     3.003679E+00     2.009301E-03     1.000000E+00 
  234  2565   234     6.188026E+00     3.175713E+00     3.137241E-01     3.003740E+00     2.014536E-03     1.000000E+00 
  235  2576   235     6.188029E+00     3.175710E+00     3.136757E-01     3.003811E+00     2.022224E-03     1.000000E+00 
  236  2587   236     6.188026E+00     3.175708E+00     3.137205E-01     3.003857E+00     2.027444E-03     1.000000E+00 
  237  2598   237     6.188029E+00     3.175705E+00     3.136749E-01     3.003943E+00     2.035138E-03     1.000000E+00 
  238  2609   238     6.188025E+00     3.175703E+00     3.137169E-01     3.003973E+00     2.040347E-03     1.000000E+00 
  239  2620   239     6.188028E+00     3.175700E+00     3.136742E-01     3.004075E+00     2.048045E-03     1.000000E+00 
  240  2631   240     6.188024E+00     3.175698E+00     3.137133E-01     3.004089E+00     2.053241E-03     1.000000E+00 
  241  2642   241     6.188027E+00     3.175695E+00     3.136734E-01     3.004206E+00     2.060941E-03     1.000000E+00 
  242  2653   242     6.188024E+00     3.175692E+00     3.137097E-01     3.004205E+00     2.066126E-03     1.000000E+00 
  243  2664   243     6.188026E+00     3.175690E+00     3.136726E-01     3.004338E+00     2.073826E-03     1.000000E+00 
  244  2675   244     6.188023E+00     3.175687E+00     3.137062E-01     3.004321E+00     2.079000E-03     1.000000E+00 
  245  2686   245     6.188025E+00     3.175685E+00     3.136719E-01     3.004469E+00     2.086700E-03     1.000000E+00 
  246  2697   246     6.188022E+00     3.175682E+00     3.137026E-01     3.004438E+00     2.091864E-03     1.000000E+00 
  247  2708   247     6.188025E+00     3.175680E+00     3.136712E-01     3.004600E+00     2.099563E-03     1.000000E+00 
  248  2719   248     6.188021E+00     3.175677E+00     3.136991E-01     3.004554E+00     2.104719E-03     1.000000E+00 
  249  2730   249     6.188024E+00     3.175675E+00     3.136704E-01     3.004731E+00     2.112416E-03     1.000000E+00 
  250  2741   250     6.188021E+00     3.175672E+00     3.136956E-01     3.004670E+00     2.117563E-03     1.000000E+00 
  251  2752   251     6.188023E+00     3.175670E+00     3.136697E-01     3.004861E+00     2.125258E-03     1.000000E+00 
  252  2763   252     6.188020E+00     3.175667E+00     3.136922E-01     3.004787E+00     2.130398E-03     1.000000E+00 
  253  2774   253     6.188022E+00     3.175664E+00     3.136690E-01     3.004992E+00     2.138090E-03     1.000000E+00 
  254  2785   254     6.188020E+00     3.175662E+00     3.136888E-01     3.004903E+00     2.143223E-03     1.000000E+00 
  255  2796   255     6.188021E+00     3.175659E+00     3.136683E-01     3.005122E+00     2.150911E-03     1.000000E+00 
  256  2807   256     6.188019E+00     3.175657E+00     3.136854E-01     3.005019E+00     2.156038E-03     1.000000E+00 
  257  2818   257     6.188021E+00     3.175654E+00     3.136676E-01     3.005252E+00     2.163723E-03     1.000000E+00 
  258  2829   258     6.188018E+00     3.175652E+00     3.136821E-01     3.005136E+00     2.168843E-03     1.000000E+00 
  259  2840   259     6.188020E+00     3.175649E+00     3.136669E-01     3.005381E+00     2.176525E-03     1.000000E+00 
  260  2851   260     6.188018E+00     3.175647E+00     3.136789E-01     3.005253E+00     2.181639E-03     1.000000E+00 
  261  2862   261     6.188019E+00     3.175644E+00     3.136663E-01     3.005511E+00     2.189317E-03     1.000000E+00 
  262  2873   262     6.188017E+00     3.175642E+00     3.136757E-01     3.005369E+00     2.194425E-03     1.000000E+00 
  263  2884   263     6.188018E+00     3.175639E+00     3.136656E-01     3.005640E+00     2.202099E-03     1.000000E+00 
  264  2895   264     6.188016E+00     3.175637E+00     3.136726E-01     3.005486E+00     2.207201E-03     1.000000E+00 
  265  2906   265     6.188018E+00     3.175634E+00     3.136649E-01     3.005769E+00     2.214872E-03     1.000000E+00 
  266  2917   266     6.188016E+00     3.175632E+00     3.136696E-01     3.005603E+00     2.219968E-03     1.000000E+00 
  267  2928   267     6.188017E+00     3.175629E+00     3.136643E-01     3.005898E+00     2.227635E-03     1.000000E+00 
  268  2939   268     6.188015E+00     3.175626E+00     3.136667E-01     3.005720E+00     2.232725E-03     1.000000E+00 
  269  2950   269     6.188016E+00     3.175624E+00     3.136636E-01     3.006027E+00     2.240389E-03     1.000000E+00 
  270  2961   270     6.188015E+00     3.175621E+00     3.136638E-01     3.005837E+00     2.245473E-03     1.000000E+00 
  271  2972   271     6.188016E+00     3.175619E+00     3.136629E-01     3.006155E+00     2.253134E-03     1.000000E+00 
  272  2983   272     6.188014E+00     3.175616E+00     3.136610E-01     3.005954E+00     2.258211E-03     1.000000E+00 
  273  2994   273     6.188015E+00     3.175614E+00     3.136623E-01     3.006283E+00     2.265870E-03     1.000000E+00 
  274  3005   274     6.188014E+00     3.175611E+00     3.136582E-01     3.006071E+00     2.270940E-03     1.000000E+00 
  275  3016   275     6.188014E+00     3.175609E+00     3.136616E-01     3.006411E+00     2.278597E-03     1.000000E+00 
  276  3027   276     6.188013E+00     3.175606E+00     3.136556E-01     3.006188E+00     2.283660E-03     1.000000E+00 
  277  3038   277     6.188014E+00     3.175604E+00     3.136610E-01     3.006539E+00     2.291316E-03     1.000000E+00 
  278  3049   278     6.188013E+00     3.175601E+00     3.136530E-01     3.006306E+00     2.296371E-03     1.000000E+00 
  279  3060   279     6.188013E+00     3.175599E+00     3.136604E-01     3.006667E+00     2.304025E-03     1.000000E+00 
  280  3071   280     6.188012E+00     3.175596E+00     3.136506E-01     3.006423E+00     2.309072E-03     1.000000E+00 
  281  3082   281     6.188013E+00     3.175594E+00     3.136597E-01     3.006794E+00     2.316726E-03     1.000000E+00 
  282  3093   282     6.188012E+00     3.175591E+00     3.136482E-01     3.006540E+00     2.321764E-03     1.000000E+00 
  283  3104   283     6.188012E+00     3.175589E+00     3.136591E-01     3.006922E+00     2.329419E-03     1.000000E+00 
  284  3115   284     6.188011E+00     3.175586E+00     3.136458E-01     3.006658E+00     2.334446E-03     1.000000E+00 
  285  3126   285     6.188011E+00     3.175584E+00     3.136585E-01     3.007049E+00     2.342103E-03     1.000000E+00 
  286  3137   286     6.188011E+00     3.175581E+00     3.136436E-01     3.006775E+00     2.347119E-03     1.000000E+00 
  287  3148   287     6.188011E+00     3.175579E+00     3.136578E-01     3.007176E+00     2.354778E-03     1.000000E+00 
  288  3159   288     6.188010E+00     3.175576E+00     3.136415E-01     3.006893E+00     2.359783E-03     1.000000E+00 
  289  3170   289     6.188010E+00     3.175574E+00     3.136572E-01     3.007302E+00     2.367445E-03     1.000000E+00 
  290  3181   290     6.188010E+00     3.175571E+00     3.136394E-01     3.007010E+00     2.372438E-03     1.000000E+00 
  291  3192   291     6.188010E+00     3.175569E+00     3.136566E-01     3.007429E+00     2.380104E-03     1.000000E+00 
  292  3203   292     6.188010E+00     3.175566E+00     3.136375E-01     3.007128E+00     2.385083E-03     1.000000E+00 
  293  3214   293     6.188009E+00     3.175564E+00     3.136560E-01     3.007555E+00     2.392754E-03     1.000000E+00 
  294  3225   294     6.188009E+00     3.175561E+00     3.136356E-01     3.007246E+00     2.397719E-03     1.000000E+00 
  295  3236   295     6.188009E+00     3.175559E+00     3.136554E-01     3.007682E+00     2.405396E-03     1.000000E+00 
  296  3247   296     6.188009E+00     3.175556E+00     3.136339E-01     3.007363E+00     2.410346E-03     1.000000E+00 
  297  3258   297     6.188008E+00     3.175554E+00     3.136548E-01     3.007808E+00     2.418030E-03     1.000000E+00 
  298  3269   298     6.188008E+00     3.175551E+00     3.136322E-01     3.007481E+00     2.422963E-03     1.000000E+00 
  299  3280   299     6.188008E+00     3.175549E+00     3.136542E-01     3.007934E+00     2.430657E-03     1.000000E+00 
  300  3291   300     6.188008E+00     3.175546E+00     3.136307E-01     3.007599E+00     2.435572E-03     1.000000E+00 
  301  3302   301     6.188007E+00     3.175544E+00     3.136537E-01     3.008059E+00     2.443276E-03     1.000000E+00 
  302  3313   302     6.188008E+00     3.175541E+00     3.136292E-01     3.007716E+00     2.448173E-03     1.000000E+00 
  303  3324   303     6.188007E+00     3.175539E+00     3.136531E-01     3.008185E+00     2.455887E-03     1.000000E+00 
  304  3335   304     6.188007E+00     3.175536E+00     3.136278E-01     3.007834E+00     2.460764E-03     1.000000E+00 
  305  3346   305     6.188006E+00     3.175534E+00     3.136526E-01     3.008310E+00     2.468490E-03     1.000000E+00 
  306  3357   306     6.188007E+00     3.175531E+00     3.136266E-01     3.007952E+00     2.473346E-03     1.000000E+00 
  307  3368   307     6.188006E+00     3.175529E+00     3.136521E-01     3.008436E+00     2.481086E-03     1.000000E+00 
  308  3379   308     6.188007E+00     3.175526E+00     3.136255E-01     3.008070E+00     2.485920E-03     1.000000E+00 
  309  3390   309     6.188005E+00     3.175524E+00     3.136516E-01     3.008561E+00     2.493673E-03     1.000000E+00 
  310  3401   310     6.188006E+00     3.175521E+00     3.136245E-01     3.008187E+00     2.498484E-03     1.000000E+00 
  311  3412   311     6.188005E+00     3.175519E+00     3.136511E-01     3.008686E+00     2.506253E-03     1.000000E+00 
  312  3423   312     6.188006E+00     3.175516E+00     3.136236E-01     3.008305E+00     2.511039E-03     1.000000E+00 
  313  3434   313     6.188005E+00     3.175514E+00     3.136507E-01     3.008811E+00     2.518824E-03     1.000000E+00 
  314  3445   314     6.188006E+00     3.175511E+00     3.136228E-01     3.008423E+00     2.523584E-03     1.000000E+00 
  315  3456   315     6.188004E+00     3.175509E+00     3.136503E-01     3.008935E+00     2.531388E-03     1.000000E+00 
  316  3467   316     6.188005E+00     3.175506E+00     3.136221E-01     3.008541E+00     2.536121E-03     1.000000E+00 
  317  3478   317     6.188004E+00     3.175504E+00     3.136499E-01     3.009060E+00     2.543944E-03     1.000000E+00 
  318  3489   318     6.188005E+00     3.175502E+00     3.136216E-01     3.008659E+00     2.548648E-03     1.000000E+00 
  319  3500   319     6.188003E+00     3.175499E+00     3.136496E-01     3.009184E+00     2.556491E-03     1.000000E+00 
  320  3511   320     6.188005E+00     3.175497E+00     3.136213E-01     3.008777E+00     2.561166E-03     1.000000E+00 
  321  3522   321     6.188003E+00     3.175494E+00     3.136493E-01     3.009309E+00     2.569031E-03     1.000000E+00 
  322  3533   322     6.188005E+00     3.175492E+00     3.136210E-01     3.008895E+00     2.573675E-03     1.000000E+00 
  323  3544   323     6.188003E+00     3.175489E+00     3.136490E-01     3.009433E+00     2.581563E-03     1.000000E+00 
  324  3555   324     6.188004E+00     3.175487E+00     3.136209E-01     3.009013E+00     2.586175E-03     1.000000E+00 
  325  3566   325     6.188003E+00     3.175484E+00     3.136488E-01     3.009556E+00     2.594086E-03     1.000000E+00 
  326  3577   326     6.188004E+00     3.175482E+00     3.136210E-01     3.009131E+00     2.598666E-03     1.000000E+00 
  327  3588   327     6.188002E+00     3.175479E+00     3.136486E-01     3.009680E+00     2.606602E-03     1.000000E+00 
  328  3599   328     6.188004E+00     3.175477E+00     3.136211E-01     3.009250E+00     2.611147E-03     1.000000E+00 
  329  3610   329     6.188002E+00     3.175474E+00     3.136485E-01     3.009804E+00     2.619110E-03     1.000000E+00 
  330  3621   330     6.188004E+00     3.175472E+00     3.136215E-01     3.009368E+00     2.623621E-03     1.000000E+00 
  331  3632   331     6.188002E+00     3.175469E+00     3.136485E-01     3.009927E+00     2.631610E-03     1.000000E+00 
  332  3643   332     6.188004E+00     3.175467E+00     3.136220E-01     3.009486E+00     2.636085E-03     1.000000E+00 
  333  3654   333     6.188001E+00     3.175465E+00     3.136485E-01     3.010050E+00     2.644102E-03     1.000000E+00 
  334  3665   334     6.188003E+00     3.175462E+00     3.136226E-01     3.009605E+00     2.648541E-03     1.000000E+00 
  335  3676   335     6.188001E+00     3.175460E+00     3.136485E-01     3.010173E+00     2.656586E-03     1.000000E+00 
  336  3687   336     6.188003E+00     3.175457E+00     3.136234E-01     3.009723E+00     2.660988E-03     1.000000E+00 
  337  3698   337     6.188001E+00     3.175455E+00     3.136486E-01     3.010296E+00     2.669061E-03     1.000000E+00 
  338  3709   338     6.188003E+00     3.175452E+00     3.136244E-01     3.009842E+00     2.673425E-03     1.000000E+00 
  339  3720   339     6.188001E+00     3.175450E+00     3.136488E-01     3.010418E+00     2.681527E-03     1.000000E+00 
  340  3731   340     6.188003E+00     3.175447E+00     3.136254E-01     3.009961E+00     2.685854E-03     1.000000E+00 
  341  3742   341     6.188001E+00     3.175445E+00     3.136490E-01     3.010540E+00     2.693985E-03     1.000000E+00 
  342  3753   342     6.188003E+00     3.175442E+00     3.136267E-01     3.010080E+00     2.698274E-03     1.000000E+00 
  343  3764   343     6.188001E+00     3.175440E+00     3.136492E-01     3.010662E+00     2.706433E-03     1.000000E+00 
  344  3775   344     6.188003E+00     3.175438E+00     3.136280E-01     3.010199E+00     2.710684E-03     1.000000E+00 
  345  3786   345     6.188001E+00     3.175435E+00     3.136495E-01     3.010784E+00     2.718873E-03     1.000000E+00 
  346  3797   346     6.188003E+00     3.175433E+00     3.136295E-01     3.010319E+00     2.723086E-03     1.000000E+00 
  347  3808   347     6.188000E+00     3.175430E+00     3.136499E-01     3.010905E+00     2.731302E-03     1.000000E+00 
  348  3819   348     6.188002E+00     3.175428E+00     3.136311E-01     3.010438E+00     2.735479E-03     1.000000E+00 
  349  3830   349     6.188000E+00     3.175425E+00     3.136502E-01     3.011026E+00     2.743723E-03     1.000000E+00 
  350  3841   350     6.188002E+00     3.175423E+00     3.136328E-01     3.010558E+00     2.747864E-03     1.000000E+00 
  351  3852   351     6.188000E+00     3.175420E+00     3.136506E-01     3.011147E+00     2.756135E-03     1.000000E+00 
  352  3863   352     6.188002E+00     3.175418E+00     3.136345E-01     3.010678E+00     2.760243E-03     1.000000E+00 
  353  3874   353     6.188000E+00     3.175416E+00     3.136510E-01     3.011267E+00     2.768541E-03     1.000000E+00 
  354  3885   354     6.188002E+00     3.175413E+00     3.136364E-01     3.010798E+00     2.772616E-03     1.000000E+00 
  355  3896   355     6.188000E+00     3.175411E+00     3.136513E-01     3.011387E+00     2.780938E-03     1.000000E+00 
  356  3907   356     6.188002E+00     3.175408E+00     3.136382E-01     3.010919E+00     2.784982E-03     1.000000E+00 
  357  3918   357     6.188000E+00     3.175406E+00     3.136516E-01     3.011507E+00     2.793326E-03     1.000000E+00 
  358  3929   358     6.188002E+00     3.175403E+00     3.136401E-01     3.011040E+00     2.797339E-03     1.000000E+00 
  359  3940   359     6.188000E+00     3.175401E+00     3.136519E-01     3.011626E+00     2.805703E-03     1.000000E+00 
  360  3951   360     6.188002E+00     3.175398E+00     3.136419E-01     3.011161E+00     2.809688E-03     1.000000E+00 
  361  3962   361     6.188000E+00     3.175396E+00     3.136521E-01     3.011744E+00     2.818068E-03     1.000000E+00 
  362  3973   362     6.188002E+00     3.175394E+00     3.136437E-01     3.011282E+00     2.822028E-03     1.000000E+00 
  363  3984   363     6.188000E+00     3.175391E+00     3.136522E-01     3.011862E+00     2.830422E-03     1.000000E+00 
  364  3995   364     6.188002E+00     3.175389E+00     3.136454E-01     3.011404E+00     2.834359E-03     1.000000E+00 
  365  4006   365     6.188000E+00     3.175386E+00     3.136521E-01     3.011980E+00     2.842763E-03     1.000000E+00 
  366  4017   366     6.188002E+00     3.175384E+00     3.136469E-01     3.011526E+00     2.846681E-03     1.000000E+00 
  367  4028   367     6.188000E+00     3.175381E+00     3.136519E-01     3.012097E+00     2.855092E-03     1.000000E+00 
  368  4039   368     6.188001E+00     3.175379E+00     3.136483E-01     3.011648E+00     2.858994E-03     1.000000E+00 
  369  4050   369     6.188000E+00     3.175377E+00     3.136516E-01     3.012214E+00     2.867408E-03     1.000000E+00 
  370  4061   370     6.188001E+00     3.175374E+00     3.136496E-01     3.011770E+00     2.871298E-03     1.000000E+00 
  371  4072   371     6.188000E+00     3.175372E+00     3.136510E-01     3.012330E+00     2.879711E-03     1.000000E+00 
  372  4083   372     6.188001E+00     3.175369E+00     3.136505E-01     3.011893E+00     2.883593E-03     1.000000E+00 
  373  4094   373     6.188000E+00     3.175367E+00     3.136502E-01     3.012445E+00     2.892000E-03     1.000000E+00 
  374  4105   374     6.188001E+00     3.175364E+00     3.136513E-01     3.012016E+00     2.895880E-03     1.000000E+00 
  375  4116   375     6.187999E+00     3.175362E+00     3.136492E-01     3.012560E+00     2.904278E-03     1.000000E+00 
  376  4127   376     6.188000E+00     3.175360E+00     3.136517E-01     3.012140E+00     2.908159E-03     1.000000E+00 
  377  4138   377     6.187999E+00     3.175357E+00     3.136479E-01     3.012674E+00     2.916542E-03     1.000000E+00 
  378  4149   378     6.188000E+00     3.175355E+00     3.136518E-01     3.012263E+00     2.920431E-03     1.000000E+00 
  379  4160   379     6.187999E+00     3.175352E+00     3.136464E-01     3.012788E+00     2.928794E-03     1.000000E+00 
  380  4171   380     6.188000E+00     3.175350E+00     3.136515E-01     3.012387E+00     2.932693E-03     1.000000E+00 
  381  4182   381     6.187999E+00     3.175348E+00     3.136445E-01     3.012901E+00     2.941031E-03     1.000000E+00 
  382  4193   382     6.187999E+00     3.175345E+00     3.136509E-01     3.012511E+00     2.944947E-03     1.000000E+00 
  383  4204   383     6.187998E+00     3.175343E+00     3.136424E-01     3.013014E+00     2.953255E-03     1.000000E+00 
  384  4215   384     6.187999E+00     3.175340E+00     3.136499E-01     3.012635E+00     2.957191E-03     1.000000E+00 
  385  4226   385     6.187998E+00     3.175338E+00     3.136400E-01     3.013126E+00     2.965464E-03     1.000000E+00 
  386  4237   386     6.187998E+00     3.175335E+00     3.136486E-01     3.012759E+00     2.969427E-03     1.000000E+00 
  387  4248   387     6.187997E+00     3.175333E+00     3.136374E-01     3.013238E+00     2.977661E-03     1.000000E+00 
  388  4259   388     6.187997E+00     3.175331E+00     3.136468E-01     3.012884E+00     2.981654E-03     1.000000E+00 
  389  4270   389     6.187997E+00     3.175328E+00     3.136345E-01     3.013349E+00     2.989843E-03     1.000000E+00 
  390  4281   390     6.187997E+00     3.175326E+00     3.136447E-01     3.013008E+00     2.993873E-03     1.000000E+00 
  391  4292   391     6.187996E+00     3.175323E+00     3.136313E-01     3.013460E+00     3.002014E-03     1.000000E+00 
  392  4303   392     6.187996E+00     3.175321E+00     3.136422E-01     3.013132E+00     3.006084E-03     1.000000E+00 
  393  4314   393     6.187996E+00     3.175319E+00     3.136280E-01     3.013570E+00     3.014171E-03     1.000000E+00 
  394  4325   394     6.187995E+00     3.175316E+00     3.136394E-01     3.013257E+00     3.018286E-03     1.000000E+00 
  395  4336   395     6.187995E+00     3.175314E+00     3.136244E-01     3.013681E+00     3.026315E-03     1.000000E+00 
  396  4347   396     6.187994E+00     3.175311E+00     3.136363E-01     3.013381E+00     3.030479E-03     1.000000E+00 
  397  4358   397     6.187994E+00     3.175309E+00     3.136207E-01     3.013791E+00     3.038447E-03     1.000000E+00 
  398  4369   398     6.187993E+00     3.175307E+00     3.136329E-01     3.013505E+00     3.042663E-03     1.000000E+00 
  399  4380   399     6.187993E+00     3.175304E+00     3.136169E-01     3.013900E+00     3.050565E-03     1.000000E+00 
  400  4391   400     6.187992E+00     3.175302E+00     3.136292E-01     3.013629E+00     3.054837E-03     1.000000E+00 
  401  4402   401     6.187993E+00     3.175299E+00     3.136130E-01     3.014010E+00     3.062671E-03     1.000000E+00 
  402  4413   402     6.187991E+00     3.175297E+00     3.136253E-01     3.013753E+00     3.067002E-03     1.000000E+00 
  403  4424   403     6.187992E+00     3.175295E+00     3.136090E-01     3.014120E+00     3.074765E-03     1.000000E+00 
  404  4435   404     6.187990E+00     3.175292E+00     3.136212E-01     3.013876E+00     3.079157E-03     1.000000E+00 
  405  4446   405     6.187991E+00     3.175290E+00     3.136050E-01     3.014229E+00     3.086847E-03     1.000000E+00 
  406  4457   406     6.187989E+00     3.175287E+00     3.136170E-01     3.014000E+00     3.091304E-03     1.000000E+00 
  407  4468   407     6.187990E+00     3.175285E+00     3.136010E-01     3.014339E+00     3.098919E-03     1.000000E+00 
  408  4479   408     6.187988E+00     3.175283E+00     3.136126E-01     3.014123E+00     3.103441E-03     1.000000E+00 
  409  4490   409     6.187989E+00     3.175280E+00     3.135971E-01     3.014449E+00     3.110980E-03     1.000000E+00 
  410  4501   410     6.187987E+00     3.175278E+00     3.136082E-01     3.014246E+00     3.115569E-03     1.000000E+00 
  411  4512   411     6.187988E+00     3.175275E+00     3.135932E-01     3.014558E+00     3.123030E-03     1.000000E+00 
  412  4523   412     6.187986E+00     3.175273E+00     3.136037E-01     3.014369E+00     3.127688E-03     1.000000E+00 
  413  4534   413     6.187987E+00     3.175271E+00     3.135894E-01     3.014668E+00     3.135070E-03     1.000000E+00 
  414  4545   414     6.187985E+00     3.175268E+00     3.135992E-01     3.014491E+00     3.139799E-03     1.000000E+00 
  415  4556   415     6.187986E+00     3.175266E+00     3.135858E-01     3.014778E+00     3.147101E-03     1.000000E+00 
  416  4567   416     6.187984E+00     3.175264E+00     3.135947E-01     3.014613E+00     3.151900E-03     1.000000E+00 
  417  4578   417     6.187985E+00     3.175261E+00     3.135823E-01     3.014888E+00     3.159122E-03     1.000000E+00 
  418  4589   418     6.187983E+00     3.175259E+00     3.135902E-01     3.014735E+00     3.163992E-03     1.000000E+00 
  419  4600   419     6.187985E+00     3.175256E+00     3.135789E-01     3.014999E+00     3.171135E-03     1.000000E+00 
  420  4611   420     6.187983E+00     3.175254E+00     3.135858E-01     3.014856E+00     3.176076E-03     1.000000E+00 
  421  4622   421     6.187984E+00     3.175252E+00     3.135757E-01     3.015109E+00     3.183139E-03     1.000000E+00 
  422  4633   422     6.187982E+00     3.175249E+00     3.135814E-01     3.014977E+00     3.188152E-03     1.000000E+00 
  423  4644   423     6.187983E+00     3.175247E+00     3.135728E-01     3.015220E+00     3.195135E-03     1.000000E+00 
  424  4655   424     6.187981E+00     3.175245E+00     3.135771E-01     3.015098E+00     3.200219E-03     1.000000E+00 
  425  4666   425     6.187982E+00     3.175242E+00     3.135700E-01     3.015331E+00     3.207124E-03     1.000000E+00 
  426  4677   426     6.187980E+00     3.175240E+00     3.135729E-01     3.015218E+00     3.212278E-03     1.000000E+00 
  427  4688   427     6.187981E+00     3.175237E+00     3.135674E-01     3.015442E+00     3.219105E-03     1.000000E+00 
  428  4699   428     6.187979E+00     3.175235E+00     3.135688E-01     3.015338E+00     3.224330E-03     1.000000E+00 
  429  4710   429     6.187980E+00     3.175233E+00     3.135650E-01     3.015554E+00     3.231080E-03     1.000000E+00 
  430  4721   430     6.187978E+00     3.175230E+00     3.135649E-01     3.015458E+00     3.236373E-03     1.000000E+00 
  431  4732   431     6.187979E+00     3.175228E+00     3.135628E-01     3.015666E+00     3.243047E-03     1.000000E+00 
  432  4743   432     6.187977E+00     3.175226E+00     3.135610E-01     3.015577E+00     3.248409E-03     1.000000E+00 
  433  4754   433     6.187979E+00     3.175223E+00     3.135609E-01     3.015778E+00     3.255007E-03     1.000000E+00 
  434  4765   434     6.187976E+00     3.175221E+00     3.135573E-01     3.015697E+00     3.260437E-03     1.000000E+00 
  435  4776   435     6.187978E+00     3.175218E+00     3.135591E-01     3.015890E+00     3.266960E-03     1.000000E+00 
  436  4787   436     6.187976E+00     3.175216E+00     3.135537E-01     3.015815E+00     3.272457E-03     1.000000E+00 
  437  4798   437     6.187977E+00     3.175214E+00     3.135576E-01     3.016003E+00     3.278907E-03     1.000000E+00 
  438  4809   438     6.187975E+00     3.175211E+00     3.135503E-01     3.015934E+00     3.284470E-03     1.000000E+00 
  439  4820   439     6.187976E+00     3.175209E+00     3.135563E-01     3.016115E+00     3.290851E-03     1.000000E+00 
  440  4831   440     6.187974E+00     3.175207E+00     3.135470E-01     3.016052E+00     3.296482E-03     1.000000E+00 
  441  4842   441     6.187976E+00     3.175204E+00     3.135551E-01     3.016228E+00     3.302794E-03     1.000000E+00 
  442  4853   442     6.187974E+00     3.175202E+00     3.135438E-01     3.016171E+00     3.308489E-03     1.000000E+00 
  443  4864   443     6.187975E+00     3.175200E+00     3.135542E-01     3.016342E+00     3.314731E-03     1.000000E+00 
  444  4875   444     6.187973E+00     3.175197E+00     3.135408E-01     3.016288E+00     3.320488E-03     1.000000E+00 
  445  4886   445     6.187975E+00     3.175195E+00     3.135535E-01     3.016455E+00     3.326660E-03     1.000000E+00 
  446  4897   446     6.187972E+00     3.175192E+00     3.135380E-01     3.016406E+00     3.332489E-03     1.000000E+00 
  447  4908   447     6.187974E+00     3.175190E+00     3.135529E-01     3.016568E+00     3.338583E-03     1.000000E+00 
  448  4919   448     6.187972E+00     3.175188E+00     3.135352E-01     3.016523E+00     3.344534E-03     1.000000E+00 
  449  4930   449     6.187973E+00     3.175185E+00     3.135526E-01     3.016682E+00     3.350551E-03     1.000000E+00 
  450  4941   450     6.187971E+00     3.175183E+00     3.135326E-01     3.016641E+00     3.356571E-03     1.000000E+00 
  451  4952   451     6.187973E+00     3.175181E+00     3.135524E-01     3.016796E+00     3.362523E-03     1.000000E+00 
  452  4963   452     6.187971E+00     3.175178E+00     3.135302E-01     3.016758E+00     3.368604E-03     1.000000E+00 
  453  4974   453     6.187972E+00     3.175176E+00     3.135524E-01     3.016910E+00     3.374490E-03     1.000000E+00 
  454  4985   454     6.187970E+00     3.175174E+00     3.135279E-01     3.016875E+00     3.380629E-03     1.000000E+00 
  455  4996   455     6.187972E+00     3.175171E+00     3.135526E-01     3.017024E+00     3.386451E-03     1.000000E+00 
  456  5007   456     6.187970E+00     3.175169E+00     3.135258E-01     3.016992E+00     3.392648E-03     1.000000E+00 
  457  5018   457     6.187971E+00     3.175167E+00     3.135530E-01     3.017138E+00     3.398405E-03     1.000000E+00 
  458  5029   458     6.187969E+00     3.175164E+00     3.135238E-01     3.017108E+00     3.404657E-03     1.000000E+00 
  459  5040   459     6.187971E+00     3.175162E+00     3.135535E-01     3.017252E+00     3.410350E-03     1.000000E+00 
  460  5051   460     6.187969E+00     3.175160E+00     3.135219E-01     3.017225E+00     3.416656E-03     1.000000E+00 
  461  5062   461     6.187971E+00     3.175157E+00     3.135541E-01     3.017366E+00     3.422286E-03     1.000000E+00 
  462  5073   462     6.187969E+00     3.175155E+00     3.135202E-01     3.017342E+00     3.428646E-03     1.000000E+00 
  463  5084   463     6.187970E+00     3.175153E+00     3.135549E-01     3.017480E+00     3.434215E-03     1.000000E+00 
  464  5095   464     6.187968E+00     3.175150E+00     3.135186E-01     3.017458E+00     3.440630E-03     1.000000E+00 
  465  5106   465     6.187970E+00     3.175148E+00     3.135558E-01     3.017594E+00     3.446138E-03     1.000000E+00 
  466  5117   466     6.187968E+00     3.175146E+00     3.135172E-01     3.017575E+00     3.452606E-03     1.000000E+00 
  467  5128   467     6.187969E+00     3.175143E+00     3.135569E-01     3.017708E+00     3.458054E-03     1.000000E+00 
  468  5139   468     6.187968E+00     3.175141E+00     3.135159E-01     3.017691E+00     3.464573E-03     1.000000E+00 
  469  5150   469     6.187969E+00     3.175138E+00     3.135580E-01     3.017822E+00     3.469961E-03     1.000000E+00 
  470  5161   470     6.187968E+00     3.175136E+00     3.135148E-01     3.017808E+00     3.476531E-03     1.000000E+00 
  471  5172   471     6.187969E+00     3.175134E+00     3.135593E-01     3.017936E+00     3.481860E-03     1.000000E+00 
  472  5183   472     6.187967E+00     3.175131E+00     3.135138E-01     3.017924E+00     3.488479E-03     1.000000E+00 
  473  5194   473     6.187969E+00     3.175129E+00     3.135606E-01     3.018050E+00     3.493751E-03     1.000000E+00 
  474  5205   474     6.187967E+00     3.175127E+00     3.135129E-01     3.018041E+00     3.500417E-03     1.000000E+00 
  475  5216   475     6.187968E+00     3.175124E+00     3.135620E-01     3.018164E+00     3.505633E-03     1.000000E+00 
  476  5227   476     6.187967E+00     3.175122E+00     3.135121E-01     3.018157E+00     3.512346E-03     1.000000E+00 
  477  5238   477     6.187968E+00     3.175120E+00     3.135634E-01     3.018277E+00     3.517506E-03     1.000000E+00 
  478  5249   478     6.187967E+00     3.175118E+00     3.135114E-01     3.018274E+00     3.524265E-03     1.000000E+00 
  479  5260   479     6.187968E+00     3.175115E+00     3.135648E-01     3.018391E+00     3.529371E-03     1.000000E+00 
  480  5271   480     6.187967E+00     3.175113E+00     3.135108E-01     3.018391E+00     3.536174E-03     1.000000E+00 
  481  5282   481     6.187968E+00     3.175111E+00     3.135662E-01     3.018504E+00     3.541228E-03     1.000000E+00 
  482  5293   482     6.187967E+00     3.175108E+00     3.135103E-01     3.018507E+00     3.548074E-03     1.000000E+00 
  483  5304   483     6.187968E+00     3.175106E+00     3.135676E-01     3.018617E+00     3.553078E-03     1.000000E+00 
  484  5315   484     6.187967E+00     3.175104E+00     3.135099E-01     3.018624E+00     3.559964E-03     1.000000E+00 
  485  5326   485     6.187967E+00     3.175101E+00     3.135689E-01     3.018730E+00     3.564919E-03     1.000000E+00 
  486  5337   486     6.187966E+00     3.175099E+00     3.135095E-01     3.018741E+00     3.571844E-03     1.000000E+00 
  487  5348   487     6.187967E+00     3.175097E+00     3.135701E-01     3.018843E+00     3.576753E-03     1.000000E+00 
  488  5359   488     6.187966E+00     3.175094E+00     3.135092E-01     3.018858E+00     3.583715E-03     1.000000E+00 
  489  5370   489     6.187967E+00     3.175092E+00     3.135712E-01     3.018955E+00     3.588579E-03     1.000000E+00 
  490  5381   490     6.187966E+00     3.175090E+00     3.135089E-01     3.018976E+00     3.595575E-03     1.000000E+00 
  491  5392   491     6.187967E+00     3.175087E+00     3.135721E-01     3.019067E+00     3.600397E-03     1.000000E+00 
  492  5403   492     6.187966E+00     3.175085E+00     3.135086E-01     3.019093E+00     3.607424E-03     1.000000E+00 
  493  5414   493     6.187967E+00     3.175083E+00     3.135728E-01     3.019179E+00     3.612207E-03     1.000000E+00 
  494  5425   494     6.187966E+00     3.175080E+00     3.135082E-01     3.019210E+00     3.619263E-03     1.000000E+00 
  495  5436   495     6.187966E+00     3.175078E+00     3.135733E-01     3.019290E+00     3.624010E-03     1.000000E+00 
  496  5447   496     6.187966E+00     3.175076E+00     3.135079E-01     3.019328E+00     3.631092E-03     1.000000E+00 
  497  5458   497     6.187966E+00     3.175073E+00     3.135735E-01     3.019401E+00     3.635805E-03     1.000000E+00 
  498  5469   498     6.187966E+00     3.175071E+00     3.135074E-01     3.019446E+00     3.642909E-03     1.000000E+00 
  499  5480   499     6.187966E+00     3.175069E+00     3.135734E-01     3.019512E+00     3.647593E-03     1.000000E+00 
  500  5491   500     6.187965E+00     3.175066E+00     3.135069E-01     3.019563E+00     3.654715E-03     1.000000E+00 
  501  5502   501     6.187965E+00     3.175064E+00     3.135729E-01     3.019622E+00     3.659372E-03     1.000000E+00 
  502  5513   502     6.187965E+00     3.175062E+00     3.135063E-01     3.019681E+00     3.666509E-03     1.000000E+00 
  503  5524   503     6.187965E+00     3.175060E+00     3.135722E-01     3.019732E+00     3.671144E-03     1.000000E+00 
  504  5535   504     6.187965E+00     3.175057E+00     3.135056E-01     3.019799E+00     3.678293E-03     1.000000E+00 
  505  5546   505     6.187965E+00     3.175055E+00     3.135710E-01     3.019842E+00     3.682909E-03     1.000000E+00 
  506  5557   506     6.187965E+00     3.175053E+00     3.135047E-01     3.019917E+00     3.690066E-03     1.000000E+00 
  507  5568   507     6.187964E+00     3.175050E+00     3.135695E-01     3.019951E+00     3.694666E-03     1.000000E+00 
  508  5579   508     6.187964E+00     3.175048E+00     3.135037E-01     3.020035E+00     3.701827E-03     1.000000E+00 
  509  5590   509     6.187964E+00     3.175046E+00     3.135675E-01     3.020060E+00     3.706416E-03     1.000000E+00 
  510  5601   510     6.187964E+00     3.175043E+00     3.135026E-01     3.020153E+00     3.713578E-03     1.000000E+00 
  511  5612   511     6.187963E+00     3.175041E+00     3.135652E-01     3.020169E+00     3.718160E-03     1.000000E+00 
  512  5623   512     6.187963E+00     3.175039E+00     3.135013E-01     3.020271E+00     3.725317E-03     1.000000E+00 
  513  5634   513     6.187962E+00     3.175037E+00     3.135625E-01     3.020277E+00     3.729896E-03     1.000000E+00 
  514  5645   514     6.187963E+00     3.175034E+00     3.134999E-01     3.020389E+00     3.737044E-03     1.000000E+00 
  515  5656   515     6.187962E+00     3.175032E+00     3.135593E-01     3.020385E+00     3.741623E-03     1.000000E+00 
  516  5667   516     6.187962E+00     3.175030E+00     3.134983E-01     3.020506E+00     3.748759E-03     1.000000E+00 
  517  5678   517     6.187961E+00     3.175027E+00     3.135558E-01     3.020493E+00     3.753343E-03     1.000000E+00 
  518  5689   518     6.187962E+00     3.175025E+00     3.134966E-01     3.020624E+00     3.760462E-03     1.000000E+00 
  519  5700   519     6.187960E+00     3.175023E+00     3.135520E-01     3.020600E+00     3.765054E-03     1.000000E+00 
  520  5711   520     6.187961E+00     3.175020E+00     3.134949E-01     3.020742E+00     3.772152E-03     1.000000E+00 
  521  5722   521     6.187960E+00     3.175018E+00     3.135478E-01     3.020707E+00     3.776757E-03     1.000000E+00 
  522  5733   522     6.187960E+00     3.175016E+00     3.134930E-01     3.020860E+00     3.783831E-03     1.000000E+00 
  523  5744   523     6.187959E+00     3.175014E+00     3.135433E-01     3.020814E+00     3.788452E-03     1.000000E+00 
  524  5755   524     6.187959E+00     3.175011E+00     3.134910E-01     3.020978E+00     3.795499E-03     1.000000E+00 
  525  5766   525     6.187958E+00     3.175009E+00     3.135385E-01     3.020920E+00     3.800139E-03     1.000000E+00 
  526  5777   526     6.187959E+00     3.175007E+00     3.134890E-01     3.021096E+00     3.807154E-03     1.000000E+00 
  527  5788   527     6.187957E+00     3.175004E+00     3.135335E-01     3.021026E+00     3.811817E-03     1.000000E+00 
  528  5799   528     6.187958E+00     3.175002E+00     3.134870E-01     3.021213E+00     3.818798E-03     1.000000E+00 
  529  5810   529     6.187956E+00     3.175000E+00     3.135283E-01     3.021132E+00     3.823486E-03     1.000000E+00 
  530  5821   530     6.187957E+00     3.174998E+00     3.134849E-01     3.021331E+00     3.830430E-03     1.000000E+00 
  531  5832   531     6.187955E+00     3.174995E+00     3.135229E-01     3.021238E+00     3.835147E-03     1.000000E+00 
  532  5843   532     6.187956E+00     3.174993E+00     3.134828E-01     3.021449E+00     3.842052E-03     1.000000E+00 
  533  5854   533     6.187954E+00     3.174991E+00     3.135174E-01     3.021344E+00     3.846800E-03     1.000000E+00 
  534  5865   534     6.187955E+00     3.174988E+00     3.134808E-01     3.021566E+00     3.853662E-03     1.000000E+00 
  535  5876   535     6.187953E+00     3.174986E+00     3.135118E-01     3.021450E+00     3.858444E-03     1.000000E+00 
  536  5887   536     6.187954E+00     3.174984E+00     3.134788E-01     3.021684E+00     3.865262E-03     1.000000E+00 
  537  5898   537     6.187952E+00     3.174982E+00     3.135061E-01     3.021555E+00     3.870080E-03     1.000000E+00 
  538  5909   538     6.187953E+00     3.174979E+00     3.134768E-01     3.021801E+00     3.876851E-03     1.000000E+00 
  539  5920   539     6.187951E+00     3.174977E+00     3.135004E-01     3.021660E+00     3.881707E-03     1.000000E+00 
  540  5931   540     6.187952E+00     3.174975E+00     3.134750E-01     3.021919E+00     3.888432E-03     1.000000E+00 
  541  5942   541     6.187950E+00     3.174973E+00     3.134947E-01     3.021766E+00     3.893328E-03     1.000000E+00 
  542  5953   542     6.187951E+00     3.174970E+00     3.134732E-01     3.022036E+00     3.900005E-03     1.000000E+00 
  543  5964   543     6.187949E+00     3.174968E+00     3.134889E-01     3.021871E+00     3.904942E-03     1.000000E+00 
  544  5975   544     6.187951E+00     3.174966E+00     3.134715E-01     3.022154E+00     3.911569E-03     1.000000E+00 
  545  5986   545     6.187949E+00     3.174963E+00     3.134832E-01     3.021976E+00     3.916549E-03     1.000000E+00 
  546  5997   546     6.187950E+00     3.174961E+00     3.134700E-01     3.022271E+00     3.923124E-03     1.000000E+00 
  547  6008   547     6.187948E+00     3.174959E+00     3.134776E-01     3.022080E+00     3.928147E-03     1.000000E+00 
  548  6019   548     6.187949E+00     3.174957E+00     3.134686E-01     3.022389E+00     3.934669E-03     1.000000E+00 
  549  6030   549     6.187947E+00     3.174954E+00     3.134720E-01     3.022185E+00     3.939737E-03     1.000000E+00 
  550  6041   550     6.187948E+00     3.174952E+00     3.134672E-01     3.022506E+00     3.946205E-03     1.000000E+00 
  551  6052   551     6.187946E+00     3.174950E+00     3.134665E-01     3.022290E+00     3.951319E-03     1.000000E+00 
  552  6063   552     6.187947E+00     3.174948E+00     3.134661E-01     3.022624E+00     3.957733E-03     1.000000E+00 
  553  6074   553     6.187945E+00     3.174945E+00     3.134610E-01     3.022394E+00     3.962893E-03     1.000000E+00 
  554  6085   554     6.187946E+00     3.174943E+00     3.134650E-01     3.022741E+00     3.969252E-03     1.000000E+00 
  555  6096   555     6.187944E+00     3.174941E+00     3.134557E-01     3.022498E+00     3.974460E-03     1.000000E+00 
  556  6107   556     6.187945E+00     3.174938E+00     3.134641E-01     3.022859E+00     3.980763E-03     1.000000E+00 
  557  6118   557     6.187943E+00     3.174936E+00     3.134504E-01     3.022603E+00     3.986018E-03     1.000000E+00 
  558  6129   558     6.187945E+00     3.174934E+00     3.134633E-01     3.022977E+00     3.992265E-03     1.000000E+00 
  559  6140   559     6.187943E+00     3.174932E+00     3.134452E-01     3.022707E+00     3.997569E-03     1.000000E+00 
  560  6151   560     6.187944E+00     3.174929E+00     3.134627E-01     3.023095E+00     4.003759E-03     1.000000E+00 
  561  6162   561     6.187942E+00     3.174927E+00     3.134401E-01     3.022811E+00     4.009112E-03     1.000000E+00 
  562  6173   562     6.187943E+00     3.174925E+00     3.134622E-01     3.023212E+00     4.015246E-03     1.000000E+00 
  563  6184   563     6.187941E+00     3.174923E+00     3.134351E-01     3.022914E+00     4.020648E-03     1.000000E+00 
  564  6195   564     6.187942E+00     3.174920E+00     3.134619E-01     3.023330E+00     4.026727E-03     1.000000E+00 
  565  6206   565     6.187940E+00     3.174918E+00     3.134302E-01     3.023018E+00     4.032180E-03     1.000000E+00 
  566  6217   566     6.187942E+00     3.174916E+00     3.134617E-01     3.023449E+00     4.038205E-03     1.000000E+00 
  567  6228   567     6.187940E+00     3.174914E+00     3.134254E-01     3.023121E+00     4.043710E-03     1.000000E+00 
  568  6239   568     6.187941E+00     3.174911E+00     3.134616E-01     3.023567E+00     4.049678E-03     1.000000E+00 
  569  6250   569     6.187939E+00     3.174909E+00     3.134207E-01     3.023224E+00     4.055233E-03     1.000000E+00 
  570  6261   570     6.187940E+00     3.174907E+00     3.134617E-01     3.023685E+00     4.061142E-03     1.000000E+00 
  571  6272   571     6.187938E+00     3.174905E+00     3.134160E-01     3.023327E+00     4.066749E-03     1.000000E+00 
  572  6283   572     6.187939E+00     3.174902E+00     3.134619E-01     3.023804E+00     4.072599E-03     1.000000E+00 
  573  6294   573     6.187938E+00     3.174900E+00     3.134114E-01     3.023430E+00     4.078265E-03     1.000000E+00 
  574  6305   574     6.187939E+00     3.174898E+00     3.134622E-01     3.023922E+00     4.084049E-03     1.000000E+00 
  575  6316   575     6.187937E+00     3.174896E+00     3.134069E-01     3.023533E+00     4.089812E-03     1.000000E+00 
  576  6327   576     6.187938E+00     3.174893E+00     3.134626E-01     3.024041E+00     4.095519E-03     1.000000E+00 
  577  6338   577     6.187936E+00     3.174891E+00     3.134025E-01     3.023635E+00     4.101352E-03     1.000000E+00 
  578  6349   578     6.187938E+00     3.174889E+00     3.134632E-01     3.024160E+00     4.106999E-03     1.000000E+00 
  579  6360   579     6.187936E+00     3.174887E+00     3.133981E-01     3.023737E+00     4.112886E-03     1.000000E+00 
  580  6371   580     6.187937E+00     3.174884E+00     3.134640E-01     3.024280E+00     4.118473E-03     1.000000E+00 
  581  6382   581     6.187935E+00     3.174882E+00     3.133937E-01     3.023839E+00     4.124413E-03     1.000000E+00 
  582  6393   582     6.187936E+00     3.174880E+00     3.134648E-01     3.024399E+00     4.129939E-03     1.000000E+00 
  583  6404   583     6.187935E+00     3.174878E+00     3.133894E-01     3.023940E+00     4.135932E-03     1.000000E+00 
  584  6415   584     6.187936E+00     3.174875E+00     3.134658E-01     3.024519E+00     4.141398E-03     1.000000E+00 
  585  6426   585     6.187934E+00     3.174873E+00     3.133851E-01     3.024041E+00     4.147445E-03     1.000000E+00 
  586  6437   586     6.187935E+00     3.174871E+00     3.134669E-01     3.024639E+00     4.152849E-03     1.000000E+00 
  587  6448   587     6.187934E+00     3.174869E+00     3.133809E-01     3.024142E+00     4.158952E-03     1.000000E+00 
  588  6459   588     6.187935E+00     3.174867E+00     3.134682E-01     3.024759E+00     4.164292E-03     1.000000E+00 
  589  6470   589     6.187933E+00     3.174864E+00     3.133767E-01     3.024242E+00     4.170451E-03     1.000000E+00 
  590  6481   590     6.187934E+00     3.174862E+00     3.134696E-01     3.024879E+00     4.175728E-03     1.000000E+00 
  591  6492   591     6.187933E+00     3.174860E+00     3.133725E-01     3.024343E+00     4.181944E-03     1.000000E+00 
  592  6503   592     6.187934E+00     3.174858E+00     3.134711E-01     3.025000E+00     4.187157E-03     1.000000E+00 
  593  6514   593     6.187932E+00     3.174855E+00     3.133684E-01     3.024442E+00     4.193430E-03     1.000000E+00 
  594  6525   594     6.187933E+00     3.174853E+00     3.134728E-01     3.025121E+00     4.198578E-03     1.000000E+00 
  595  6536   595     6.187932E+00     3.174851E+00     3.133643E-01     3.024542E+00     4.204911E-03     1.000000E+00 
  596  6547   596     6.187933E+00     3.174849E+00     3.134746E-01     3.025242E+00     4.209992E-03     1.000000E+00 
  597  6558   597     6.187931E+00     3.174846E+00     3.133602E-01     3.024641E+00     4.216385E-03     1.000000E+00 
  598  6569   598     6.187932E+00     3.174844E+00     3.134765E-01     3.025363E+00     4.221399E-03     1.000000E+00 
  599  6580   599     6.187931E+00     3.174842E+00     3.133561E-01     3.024740E+00     4.227852E-03     1.000000E+00 
  600  6591   600     6.187932E+00     3.174840E+00     3.134786E-01     3.025485E+00     4.232798E-03     1.000000E+00 
  601  6602   601     6.187930E+00     3.174838E+00     3.133520E-01     3.024838E+00     4.239314E-03     1.000000E+00 
  602  6613   602     6.187931E+00     3.174835E+00     3.134808E-01     3.025607E+00     4.244191E-03     1.000000E+00 
  603  6624   603     6.187930E+00     3.174833E+00     3.133479E-01     3.024936E+00     4.250770E-03     1.000000E+00 
  604  6635   604     6.187931E+00     3.174831E+00     3.134832E-01     3.025729E+00     4.255575E-03     1.000000E+00 
  605  6646   605     6.187930E+00     3.174829E+00     3.133438E-01     3.025034E+00     4.262219E-03     1.000000E+00 
  606  6657   606     6.187931E+00     3.174826E+00     3.134857E-01     3.025851E+00     4.266953E-03     1.000000E+00 
  607  6668   607     6.187929E+00     3.174824E+00     3.133398E-01     3.025131E+00     4.273664E-03     1.000000E+00 
  608  6679   608     6.187930E+00     3.174822E+00     3.134884E-01     3.025974E+00     4.278324E-03     1.000000E+00 
  609  6690   609     6.187929E+00     3.174820E+00     3.133358E-01     3.025228E+00     4.285105E-03     1.000000E+00 
  610  6701   610     6.187930E+00     3.174818E+00     3.134912E-01     3.026097E+00     4.289691E-03     1.000000E+00 
  611  6712   611     6.187929E+00     3.174815E+00     3.133317E-01     3.025330E+00     4.296540E-03     1.000000E+00 
  612  6723   612     6.187930E+00     3.174813E+00     3.134942E-01     3.026221E+00     4.301051E-03     1.000000E+00 
  613  6734   613     6.187928E+00     3.174811E+00     3.133277E-01     3.025434E+00     4.307971E-03     1.000000E+00 
  614  6745   614     6.187929E+00     3.174809E+00     3.134973E-01     3.026344E+00     4.312404E-03     1.000000E+00 
  615  6756   615     6.187928E+00     3.174806E+00     3.133238E-01     3.025538E+00     4.319395E-03     1.000000E+00 
  616  6767   616     6.187929E+00     3.174804E+00     3.135006E-01     3.026468E+00     4.323750E-03     1.000000E+00 
  617  6778   617     6.187928E+00     3.174802E+00     3.133198E-01     3.025642E+00     4.330814E-03     1.000000E+00 
  618  6789   618     6.187929E+00     3.174800E+00     3.135040E-01     3.026599E+00     4.335089E-03     1.000000E+00 
  619  6800   619     6.187928E+00     3.174798E+00     3.133159E-01     3.025746E+00     4.342226E-03     1.000000E+00 
  620  6811   620     6.187928E+00     3.174795E+00     3.135075E-01     3.026732E+00     4.346421E-03     1.000000E+00 
  621  6822   621     6.187927E+00     3.174793E+00     3.133120E-01     3.025849E+00     4.353634E-03     1.000000E+00 
  622  6833   622     6.187928E+00     3.174791E+00     3.135112E-01     3.026865E+00     4.357746E-03     1.000000E+00 
  623  6844   623     6.187927E+00     3.174789E+00     3.133082E-01     3.025952E+00     4.365035E-03     1.000000E+00 
  624  6855   624     6.187928E+00     3.174787E+00     3.135151E-01     3.026997E+00     4.369065E-03     1.000000E+00 
  625  6866   625     6.187927E+00     3.174784E+00     3.133044E-01     3.026055E+00     4.376431E-03     1.000000E+00 
  626  6877   626     6.187928E+00     3.174782E+00     3.135190E-01     3.027130E+00     4.380376E-03     1.000000E+00 
  627  6888   627     6.187927E+00     3.174780E+00     3.133006E-01     3.026158E+00     4.387820E-03     1.000000E+00 
  628  6899   628     6.187928E+00     3.174778E+00     3.135231E-01     3.027263E+00     4.391680E-03     1.000000E+00 
  629  6910   629     6.187927E+00     3.174776E+00     3.132969E-01     3.026261E+00     4.399203E-03     1.000000E+00 
  630  6921   630     6.187927E+00     3.174773E+00     3.135272E-01     3.027396E+00     4.402977E-03     1.000000E+00 
  631  6932   631     6.187927E+00     3.174771E+00     3.132933E-01     3.026363E+00     4.410579E-03     1.000000E+00 
  632  6943   632     6.187927E+00     3.174769E+00     3.135315E-01     3.027529E+00     4.414266E-03     1.000000E+00 
  633  6954   633     6.187926E+00     3.174767E+00     3.132898E-01     3.026466E+00     4.421949E-03     1.000000E+00 
  634  6965   634     6.187927E+00     3.174765E+00     3.135358E-01     3.027662E+00     4.425549E-03     1.000000E+00 
  635  6976   635     6.187926E+00     3.174762E+00     3.132864E-01     3.026569E+00     4.433312E-03     1.000000E+00 
  636  6987   636     6.187927E+00     3.174760E+00     3.135402E-01     3.027794E+00     4.436825E-03     1.000000E+00 
  637  6998   637     6.187926E+00     3.174758E+00     3.132830E-01     3.026672E+00     4.444667E-03     1.000000E+00 
  638  7009   638     6.187927E+00     3.174756E+00     3.135446E-01     3.027927E+00     4.448093E-03     1.000000E+00 
  639  7020   639     6.187926E+00     3.174754E+00     3.132798E-01     3.026775E+00     4.456015E-03     1.000000E+00 
  640  7031   640     6.187927E+00     3.174751E+00     3.135490E-01     3.028059E+00     4.459355E-03     1.000000E+00 
  641  7042   641     6.187926E+00     3.174749E+00     3.132767E-01     3.026878E+00     4.467356E-03     1.000000E+00 
  642  7053   642     6.187926E+00     3.174747E+00     3.135534E-01     3.028190E+00     4.470610E-03     1.000000E+00 
  643  7064   643     6.187926E+00     3.174745E+00     3.132737E-01     3.026982E+00     4.478689E-03     1.000000E+00 
  644  7075   644     6.187926E+00     3.174743E+00     3.135577E-01     3.028321E+00     4.481858E-03     1.000000E+00 
  645  7086   645     6.187926E+00     3.174740E+00     3.132708E-01     3.027086E+00     4.490013E-03     1.000000E+00 
  646  7097   646     6.187926E+00     3.174738E+00     3.135619E-01     3.028452E+00     4.493099E-03     1.000000E+00 
  647  7108   647     6.187926E+00     3.174736E+00     3.132681E-01     3.027190E+00     4.501328E-03     1.000000E+00 
  648  7119   648     6.187926E+00     3.174734E+00     3.135660E-01     3.028581E+00     4.504333E-03     1.000000E+00 
  649  7130   649     6.187926E+00     3.174732E+00     3.132655E-01     3.027296E+00     4.512635E-03     1.000000E+00 
  650  7141   650     6.187926E+00     3.174729E+00     3.135699E-01     3.028710E+00     4.515560E-03     1.000000E+00 
  651  7152   651     6.187926E+00     3.174727E+00     3.132631E-01     3.027402E+00     4.523932E-03     1.000000E+00 
  652  7163   652     6.187926E+00     3.174725E+00     3.135737E-01     3.028838E+00     4.526781E-03     1.000000E+00 
  653  7174   653     6.187926E+00     3.174723E+00     3.132608E-01     3.027508E+00     4.535220E-03     1.000000E+00 
  654  7185   654     6.187926E+00     3.174721E+00     3.135771E-01     3.028965E+00     4.537996E-03     1.000000E+00 
  655  7196   655     6.187925E+00     3.174718E+00     3.132587E-01     3.027616E+00     4.546497E-03     1.000000E+00 
  656  7207   656     6.187926E+00     3.174716E+00     3.135803E-01     3.029091E+00     4.549203E-03     1.000000E+00 
  657  7218   657     6.187925E+00     3.174714E+00     3.132568E-01     3.027725E+00     4.557763E-03     1.000000E+00 
  658  7229   658     6.187925E+00     3.174712E+00     3.135832E-01     3.029215E+00     4.560404E-03     1.000000E+00 
  659  7240   659     6.187925E+00     3.174710E+00     3.132550E-01     3.027834E+00     4.569019E-03     1.000000E+00 
  660  7251   660     6.187925E+00     3.174708E+00     3.135856E-01     3.029339E+00     4.571599E-03     1.000000E+00 
  661  7262   661     6.187925E+00     3.174705E+00     3.132534E-01     3.027945E+00     4.580263E-03     1.000000E+00 
  662  7273   662     6.187925E+00     3.174703E+00     3.135877E-01     3.029461E+00     4.582787E-03     1.000000E+00 
  663  7284   663     6.187925E+00     3.174701E+00     3.132519E-01     3.028057E+00     4.591495E-03     1.000000E+00 
  664  7295   664     6.187925E+00     3.174699E+00     3.135893E-01     3.029581E+00     4.593968E-03     1.000000E+00 
  665  7306   665     6.187925E+00     3.174697E+00     3.132506E-01     3.028170E+00     4.602715E-03     1.000000E+00 
  666  7317   666     6.187925E+00     3.174695E+00     3.135904E-01     3.029700E+00     4.605144E-03     1.000000E+00 
  667  7328   667     6.187924E+00     3.174692E+00     3.132495E-01     3.028285E+00     4.613923E-03     1.000000E+00 
  668  7339   668     6.187924E+00     3.174690E+00     3.135910E-01     3.029817E+00     4.616313E-03     1.000000E+00 
  669  7350   669     6.187924E+00     3.174688E+00     3.132485E-01     3.028401E+00     4.625118E-03     1.000000E+00 
  670  7361   670     6.187924E+00     3.174686E+00     3.135911E-01     3.029933E+00     4.627476E-03     1.000000E+00 
  671  7372   671     6.187924E+00     3.174684E+00     3.132477E-01     3.028518E+00     4.636301E-03     1.000000E+00 
  672  7383   672     6.187924E+00     3.174681E+00     3.135906E-01     3.030046E+00     4.638634E-03     1.000000E+00 
  673  7394   673     6.187924E+00     3.174679E+00     3.132471E-01     3.028637E+00     4.647472E-03     1.000000E+00 
  674  7405   674     6.187923E+00     3.174677E+00     3.135895E-01     3.030159E+00     4.649785E-03     1.000000E+00 
  675  7416   675     6.187923E+00     3.174675E+00     3.132466E-01     3.028757E+00     4.658629E-03     1.000000E+00 
  676  7427   676     6.187923E+00     3.174673E+00     3.135879E-01     3.030269E+00     4.660929E-03     1.000000E+00 
  677  7438   677     6.187923E+00     3.174671E+00     3.132463E-01     3.028879E+00     4.669771E-03     1.000000E+00 
  678  7449   678     6.187922E+00     3.174668E+00     3.135857E-01     3.030378E+00     4.672066E-03     1.000000E+00 
  679  7460   679     6.187922E+00     3.174666E+00     3.132461E-01     3.029002E+00     4.680900E-03     1.000000E+00 
  680  7471   680     6.187922E+00     3.174664E+00     3.135829E-01     3.030485E+00     4.683196E-03     1.000000E+00 
  681  7482   681     6.187922E+00     3.174662E+00     3.132460E-01     3.029126E+00     4.692014E-03     1.000000E+00 
  682  7493   682     6.187921E+00     3.174660E+00     3.135795E-01     3.030591E+00     4.694319E-03     1.000000E+00 
  683  7504   683     6.187921E+00     3.174658E+00     3.132461E-01     3.029251E+00     4.703115E-03     1.000000E+00 
  684  7515   684     6.187921E+00     3.174655E+00     3.135756E-01     3.030695E+00     4.705435E-03     1.000000E+00 
  685  7526   685     6.187921E+00     3.174653E+00     3.132463E-01     3.029378E+00     4.714202E-03     1.000000E+00 
  686  7537   686     6.187920E+00     3.174651E+00     3.135712E-01     3.030797E+00     4.716544E-03     1.000000E+00 
  687  7548   687     6.187920E+00     3.174649E+00     3.132467E-01     3.029506E+00     4.725275E-03     1.000000E+00 
  688  7559   688     6.187919E+00     3.174647E+00     3.135663E-01     3.030898E+00     4.727646E-03     1.000000E+00 
  689  7570   689     6.187919E+00     3.174645E+00     3.132472E-01     3.029635E+00     4.736335E-03     1.000000E+00 
  690  7581   690     6.187919E+00     3.174643E+00     3.135610E-01     3.030998E+00     4.738740E-03     1.000000E+00 
  691  7592   691     6.187919E+00     3.174640E+00     3.132478E-01     3.029765E+00     4.747382E-03     1.000000E+00 
  692  7603   692     6.187918E+00     3.174638E+00     3.135553E-01     3.031097E+00     4.749827E-03     1.000000E+00 
  693  7614   693     6.187918E+00     3.174636E+00     3.132485E-01     3.029896E+00     4.758415E-03     1.000000E+00 
  694  7625   694     6.187917E+00     3.174634E+00     3.135492E-01     3.031195E+00     4.760905E-03     1.000000E+00 
  695  7636   695     6.187917E+00     3.174632E+00     3.132494E-01     3.030027E+00     4.769436E-03     1.000000E+00 
  696  7647   696     6.187916E+00     3.174630E+00     3.135428E-01     3.031291E+00     4.771976E-03     1.000000E+00 
  697  7658   697     6.187916E+00     3.174627E+00     3.132504E-01     3.030160E+00     4.780445E-03     1.000000E+00 
  698  7669   698     6.187916E+00     3.174625E+00     3.135361E-01     3.031387E+00     4.783040E-03     1.000000E+00 
  699  7680   699     6.187916E+00     3.174623E+00     3.132515E-01     3.030292E+00     4.791441E-03     1.000000E+00 
  700  7691   700     6.187915E+00     3.174621E+00     3.135291E-01     3.031482E+00     4.794095E-03     1.000000E+00 
  701  7702   701     6.187915E+00     3.174619E+00     3.132527E-01     3.030426E+00     4.802426E-03     1.000000E+00 
  702  7713   702     6.187914E+00     3.174617E+00     3.135220E-01     3.031577E+00     4.805142E-03     1.000000E+00 
  703  7724   703     6.187914E+00     3.174615E+00     3.132540E-01     3.030560E+00     4.813399E-03     1.000000E+00 
  704  7735   704     6.187913E+00     3.174612E+00     3.135147E-01     3.031671E+00     4.816181E-03     1.000000E+00 
  705  7746   705     6.187913E+00     3.174610E+00     3.132554E-01     3.030694E+00     4.824362E-03     1.000000E+00 
  706  7757   706     6.187912E+00     3.174608E+00     3.135074E-01     3.031764E+00     4.827213E-03     1.000000E+00 
  707  7768   707     6.187913E+00     3.174606E+00     3.132569E-01     3.030828E+00     4.835315E-03     1.000000E+00 
  708  7779   708     6.187912E+00     3.174604E+00     3.134999E-01     3.031857E+00     4.838237E-03     1.000000E+00 
  709  7790   709     6.187912E+00     3.174602E+00     3.132584E-01     3.030963E+00     4.846259E-03     1.000000E+00 
  710  7801   710     6.187911E+00     3.174600E+00     3.134924E-01     3.031950E+00     4.849254E-03     1.000000E+00 
  711  7812   711     6.187911E+00     3.174597E+00     3.132601E-01     3.031097E+00     4.857193E-03     1.000000E+00 
  712  7823   712     6.187910E+00     3.174595E+00     3.134849E-01     3.032043E+00     4.860264E-03     1.000000E+00 
  713  7834   713     6.187910E+00     3.174593E+00     3.132618E-01     3.031232E+00     4.868119E-03     1.000000E+00 
  714  7845   714     6.187909E+00     3.174591E+00     3.134774E-01     3.032136E+00     4.871266E-03     1.000000E+00 
  715  7856   715     6.187910E+00     3.174589E+00     3.132636E-01     3.031366E+00     4.879037E-03     1.000000E+00 
  716  7867   716     6.187909E+00     3.174587E+00     3.134699E-01     3.032229E+00     4.882261E-03     1.000000E+00 
  717  7878   717     6.187909E+00     3.174585E+00     3.132655E-01     3.031501E+00     4.889947E-03     1.000000E+00 
  718  7889   718     6.187908E+00     3.174582E+00     3.134626E-01     3.032322E+00     4.893249E-03     1.000000E+00 
  719  7900   719     6.187908E+00     3.174580E+00     3.132674E-01     3.031635E+00     4.900849E-03     1.000000E+00 
  720  7911   720     6.187907E+00     3.174578E+00     3.134553E-01     3.032415E+00     4.904229E-03     1.000000E+00 
  721  7922   721     6.187908E+00     3.174576E+00     3.132693E-01     3.031769E+00     4.911744E-03     1.000000E+00 
  722  7933   722     6.187907E+00     3.174574E+00     3.134481E-01     3.032508E+00     4.915203E-03     1.000000E+00 
  723  7944   723     6.187907E+00     3.174572E+00     3.132713E-01     3.031902E+00     4.922633E-03     1.000000E+00 
  724  7955   724     6.187906E+00     3.174570E+00     3.134410E-01     3.032601E+00     4.926169E-03     1.000000E+00 
  725  7966   725     6.187906E+00     3.174568E+00     3.132733E-01     3.032036E+00     4.933514E-03     1.000000E+00 
  726  7977   726     6.187905E+00     3.174565E+00     3.134340E-01     3.032695E+00     4.937129E-03     1.000000E+00 
  727  7988   727     6.187906E+00     3.174563E+00     3.132753E-01     3.032169E+00     4.944389E-03     1.000000E+00 
  728  7999   728     6.187905E+00     3.174561E+00     3.134272E-01     3.032789E+00     4.948081E-03     1.000000E+00 
  729  8010   729     6.187905E+00     3.174559E+00     3.132773E-01     3.032301E+00     4.955258E-03     1.000000E+00 
  730  8021   730     6.187904E+00     3.174557E+00     3.134205E-01     3.032883E+00     4.959027E-03     1.000000E+00 
  731  8032   731     6.187904E+00     3.174555E+00     3.132793E-01     3.032433E+00     4.966121E-03     1.000000E+00 
  732  8043   732     6.187903E+00     3.174553E+00     3.134140E-01     3.032978E+00     4.969965E-03     1.000000E+00 
  733  8054   733     6.187904E+00     3.174550E+00     3.132814E-01     3.032565E+00     4.976978E-03     1.000000E+00 
  734  8065   734     6.187903E+00     3.174548E+00     3.134076E-01     3.033073E+00     4.980897E-03     1.000000E+00 
  735  8076   735     6.187903E+00     3.174546E+00     3.132834E-01     3.032696E+00     4.987830E-03     1.000000E+00 
  736  8087   736     6.187902E+00     3.174544E+00     3.134014E-01     3.033169E+00     4.991823E-03     1.000000E+00 
  737  8098   737     6.187903E+00     3.174542E+00     3.132854E-01     3.032827E+00     4.998676E-03     1.000000E+00 
  738  8109   738     6.187902E+00     3.174540E+00     3.133953E-01     3.033264E+00     5.002742E-03     1.000000E+00 
  739  8120   739     6.187902E+00     3.174538E+00     3.132874E-01     3.032957E+00     5.009518E-03     1.000000E+00 
  740  8131   740     6.187901E+00     3.174536E+00     3.133894E-01     3.033361E+00     5.013655E-03     1.000000E+00 
  741  8142   741     6.187902E+00     3.174534E+00     3.132894E-01     3.033087E+00     5.020355E-03     1.000000E+00 
  742  8153   742     6.187901E+00     3.174531E+00     3.133836E-01     3.033457E+00     5.024563E-03     1.000000E+00 
  743  8164   743     6.187901E+00     3.174529E+00     3.132913E-01     3.033217E+00     5.031187E-03     1.000000E+00 
  744  8175   744     6.187900E+00     3.174527E+00     3.133780E-01     3.033554E+00     5.035464E-03     1.000000E+00 
  745  8186   745     6.187900E+00     3.174525E+00     3.132933E-01     3.033345E+00     5.042015E-03     1.000000E+00 
  746  8197   746     6.187900E+00     3.174523E+00     3.133725E-01     3.033652E+00     5.046359E-03     1.000000E+00 
  747  8208   747     6.187900E+00     3.174521E+00     3.132952E-01     3.033474E+00     5.052845E-03     1.000000E+00 
  748  8219   748     6.187899E+00     3.174519E+00     3.133672E-01     3.033749E+00     5.057260E-03     1.000000E+00 
  749  8230   749     6.187899E+00     3.174517E+00     3.132970E-01     3.033602E+00     5.063676E-03     1.000000E+00 
  750  8241   750     6.187899E+00     3.174514E+00     3.133620E-01     3.033848E+00     5.068157E-03     1.000000E+00 
  751  8252   751     6.187899E+00     3.174512E+00     3.132988E-01     3.033729E+00     5.074503E-03     1.000000E+00 
  752  8263   752     6.187898E+00     3.174510E+00     3.133570E-01     3.033946E+00     5.079046E-03     1.000000E+00 
  753  8274   753     6.187898E+00     3.174508E+00     3.133006E-01     3.033856E+00     5.085324E-03     1.000000E+00 
  754  8285   754     6.187898E+00     3.174506E+00     3.133521E-01     3.034045E+00     5.089930E-03     1.000000E+00 
  755  8296   755     6.187898E+00     3.174504E+00     3.133023E-01     3.033982E+00     5.096141E-03     1.000000E+00 
  756  8307   756     6.187897E+00     3.174502E+00     3.133473E-01     3.034145E+00     5.100806E-03     1.000000E+00 
  757  8318   757     6.187898E+00     3.174500E+00     3.133040E-01     3.034108E+00     5.106951E-03     1.000000E+00 
  758  8329   758     6.187897E+00     3.174498E+00     3.133427E-01     3.034245E+00     5.111675E-03     1.000000E+00 
  759  8340   759     6.187897E+00     3.174495E+00     3.133056E-01     3.034233E+00     5.117756E-03     1.000000E+00 
  760  8351   760     6.187896E+00     3.174493E+00     3.133382E-01     3.034345E+00     5.122536E-03     1.000000E+00 
  761  8362   761     6.187897E+00     3.174491E+00     3.133072E-01     3.034358E+00     5.128555E-03     1.000000E+00 
  762  8373   762     6.187896E+00     3.174489E+00     3.133338E-01     3.034445E+00     5.133391E-03     1.000000E+00 
  763  8384   763     6.187896E+00     3.174487E+00     3.133087E-01     3.034482E+00     5.139349E-03     1.000000E+00 
  764  8395   764     6.187895E+00     3.174485E+00     3.133296E-01     3.034546E+00     5.144239E-03     1.000000E+00 
  765  8406   765     6.187896E+00     3.174483E+00     3.133102E-01     3.034606E+00     5.150138E-03     1.000000E+00 
  766  8417   766     6.187895E+00     3.174481E+00     3.133254E-01     3.034648E+00     5.155082E-03     1.000000E+00 
  767  8428   767     6.187895E+00     3.174479E+00     3.133116E-01     3.034729E+00     5.160922E-03     1.000000E+00 
  768  8439   768     6.187895E+00     3.174477E+00     3.133214E-01     3.034749E+00     5.165917E-03     1.000000E+00 
  769  8450   769     6.187895E+00     3.174474E+00     3.133130E-01     3.034852E+00     5.171700E-03     1.000000E+00 
  770  8461   770     6.187894E+00     3.174472E+00     3.133175E-01     3.034851E+00     5.176744E-03     1.000000E+00 
  771  8472   771     6.187895E+00     3.174470E+00     3.133143E-01     3.034975E+00     5.182473E-03     1.000000E+00 
  772  8483   772     6.187894E+00     3.174468E+00     3.133136E-01     3.034954E+00     5.187565E-03     1.000000E+00 
  773  8494   773     6.187894E+00     3.174466E+00     3.133155E-01     3.035097E+00     5.193240E-03     1.000000E+00 
  774  8505   774     6.187893E+00     3.174464E+00     3.133099E-01     3.035056E+00     5.198379E-03     1.000000E+00 
  775  8516   775     6.187894E+00     3.174462E+00     3.133167E-01     3.035218E+00     5.204002E-03     1.000000E+00 
  776  8527   776     6.187893E+00     3.174460E+00     3.133063E-01     3.035160E+00     5.209186E-03     1.000000E+00 
  777  8538   777     6.187893E+00     3.174458E+00     3.133178E-01     3.035339E+00     5.214759E-03     1.000000E+00 
  778  8549   778     6.187893E+00     3.174456E+00     3.133028E-01     3.035263E+00     5.219987E-03     1.000000E+00 
  779  8560   779     6.187893E+00     3.174454E+00     3.133189E-01     3.035459E+00     5.225510E-03     1.000000E+00 
  780  8571   780     6.187892E+00     3.174451E+00     3.132994E-01     3.035367E+00     5.230780E-03     1.000000E+00 
  781  8582   781     6.187892E+00     3.174449E+00     3.133199E-01     3.035580E+00     5.236255E-03     1.000000E+00 
  782  8593   782     6.187892E+00     3.174447E+00     3.132961E-01     3.035471E+00     5.241567E-03     1.000000E+00 
  783  8604   783     6.187892E+00     3.174445E+00     3.133208E-01     3.035699E+00     5.246995E-03     1.000000E+00 
  784  8615   784     6.187891E+00     3.174443E+00     3.132928E-01     3.035575E+00     5.252346E-03     1.000000E+00 
  785  8626   785     6.187892E+00     3.174441E+00     3.133217E-01     3.035818E+00     5.257729E-03     1.000000E+00 
  786  8637   786     6.187891E+00     3.174439E+00     3.132897E-01     3.035680E+00     5.263117E-03     1.000000E+00 
  787  8648   787     6.187891E+00     3.174437E+00     3.133225E-01     3.035937E+00     5.268457E-03     1.000000E+00 
  788  8659   788     6.187891E+00     3.174435E+00     3.132866E-01     3.035785E+00     5.273882E-03     1.000000E+00 
  789  8670   789     6.187891E+00     3.174433E+00     3.133233E-01     3.036055E+00     5.279180E-03     1.000000E+00 
  790  8681   790     6.187890E+00     3.174431E+00     3.132837E-01     3.035890E+00     5.284640E-03     1.000000E+00 
  791  8692   791     6.187891E+00     3.174428E+00     3.133240E-01     3.036173E+00     5.289897E-03     1.000000E+00 
  792  8703   792     6.187890E+00     3.174426E+00     3.132808E-01     3.035996E+00     5.295391E-03     1.000000E+00 
  793  8714   793     6.187890E+00     3.174424E+00     3.133246E-01     3.036291E+00     5.300609E-03     1.000000E+00 
  794  8725   794     6.187889E+00     3.174422E+00     3.132780E-01     3.036102E+00     5.306134E-03     1.000000E+00 
  795  8736   795     6.187890E+00     3.174420E+00     3.133252E-01     3.036408E+00     5.311314E-03     1.000000E+00 
  796  8747   796     6.187889E+00     3.174418E+00     3.132753E-01     3.036208E+00     5.316870E-03     1.000000E+00 
  797  8758   797     6.187889E+00     3.174416E+00     3.133257E-01     3.036524E+00     5.322014E-03     1.000000E+00 
  798  8769   798     6.187889E+00     3.174414E+00     3.132727E-01     3.036315E+00     5.327599E-03     1.000000E+00 
  799  8780   799     6.187889E+00     3.174412E+00     3.133262E-01     3.036640E+00     5.332708E-03     1.000000E+00 
  800  8790   800     6.273510E+00     3.174410E+00     1.293985E-02     6.967754E-02     8.099710E-11     3.572448E-01 
