2025-08-11 16:57:16,077 - __main__ - INFO - Starting ring partition optimization with 3 refinement levels
2025-08-11 16:57:16,077 - __main__ - INFO - Results will be saved in: results/run_20250811_165716_npart2_nr8-12_incr2_na24-26_inca1_lam0.0_seed42
2025-08-11 16:57:16,077 - __main__ - INFO - ================================================================================
2025-08-11 16:57:16,077 - __main__ - INFO - Refinement Level 1/3
2025-08-11 16:57:16,077 - __main__ - INFO - ================================================================================
2025-08-11 16:57:16,077 - __main__ - INFO - Creating mesh with parameters: {'n_radial': 8, 'n_angular': 24, 'r_inner': 0.5, 'r_outer': 1.0}
2025-08-11 16:57:16,078 - ring_mesh - INFO - Creating ring mesh: n_radial=8, n_angular=24, r_inner=0.5, r_outer=1.0
2025-08-11 16:57:16,088 - ring_mesh - INFO - Mesh created: 192 vertices, 336 triangles
2025-08-11 16:57:16,089 - ring_mesh - INFO - Theoretical area: 2.356194
2025-08-11 16:57:16,089 - __main__ - INFO - Mesh created: 192 vertices, 336 triangles
2025-08-11 16:57:16,089 - __main__ - INFO - Computing FEM matrices...
2025-08-11 16:57:16,109 - ring_mesh - INFO - Starting matrix computation
2025-08-11 16:57:16,109 - ring_mesh - INFO - Starting matrix computation...
2025-08-11 16:57:16,167 - ring_mesh - INFO - Matrix computation completed: Mass matrix (192, 192), Stiffness matrix (192, 192)
2025-08-11 16:57:16,167 - ring_mesh - INFO - matrix computation completed: 0.058s, memory: 0.32MB
2025-08-11 16:57:16,167 - __main__ - INFO - Matrices computed successfully
2025-08-11 16:57:16,168 - ring_mesh - INFO - Mesh statistics: 192 vertices, 336 triangles, area=2.329371
2025-08-11 16:57:16,168 - __main__ - INFO - Setting epsilon to sqrt(mean_triangle_area): 8.326255e-02
2025-08-11 16:57:16,168 - pyslsqp_optimizer - INFO - PySLSQPOptimizer initialized:
2025-08-11 16:57:16,168 - pyslsqp_optimizer - INFO -   Ring: r_inner=0.500, r_outer=1.000
2025-08-11 16:57:16,168 - pyslsqp_optimizer - INFO -   Partitions: 2
2025-08-11 16:57:16,168 - pyslsqp_optimizer - INFO -   Epsilon: 8.33e-02
2025-08-11 16:57:16,168 - pyslsqp_optimizer - INFO -   Theoretical area: 2.356194
2025-08-11 16:57:16,169 - pyslsqp_optimizer - INFO -   Discretized area: 2.329371
2025-08-11 16:57:16,169 - __main__ - INFO - PySLSQP optimizer created
2025-08-11 16:57:16,169 - __main__ - INFO - Creating random initial condition using orthogonal projection
2025-08-11 16:57:16,170 - projection_iterative - INFO - Creating initial condition: 192x2, method=iterative
2025-08-11 16:57:16,171 - projection_iterative - INFO - Projection converged after 1 iterations
2025-08-11 16:57:16,171 - projection_iterative - INFO - Final errors: row=1.28e-10, area=1.00e-10
2025-08-11 16:57:16,171 - __main__ - INFO - Initial condition validation passed
2025-08-11 16:57:16,171 - __main__ - INFO - Checking analytic vs finite-difference gradients...
2025-08-11 16:57:16,171 - __main__ - INFO - Checking analytic vs finite-difference gradients...
2025-08-11 16:57:16,284 - __main__ - WARNING - Large gradient error at point 0: 1.19e-02
2025-08-11 16:57:16,386 - __main__ - WARNING - Large gradient error at point 1: 1.19e-02
2025-08-11 16:57:16,486 - __main__ - WARNING - Large gradient error at point 2: 1.19e-02
2025-08-11 16:57:16,590 - __main__ - WARNING - Large gradient error at point 3: 1.18e-02
2025-08-11 16:57:16,696 - __main__ - WARNING - Large gradient error at point 4: 1.20e-02
2025-08-11 16:57:16,815 - __main__ - WARNING - Large gradient error at point 5: 1.19e-02
2025-08-11 16:57:16,926 - __main__ - WARNING - Large gradient error at point 6: 1.20e-02
2025-08-11 16:57:17,028 - __main__ - WARNING - Large gradient error at point 7: 1.20e-02
2025-08-11 16:57:17,136 - __main__ - WARNING - Large gradient error at point 8: 1.19e-02
2025-08-11 16:57:17,255 - __main__ - WARNING - Large gradient error at point 9: 1.20e-02
2025-08-11 16:57:17,255 - __main__ - INFO - Gradient check completed: avg_error=1.19e-02, max_error=1.20e-02
2025-08-11 16:57:17,255 - __main__ - WARNING - Gradient errors are larger than expected
2025-08-11 16:57:17,255 - pyslsqp_optimizer - INFO - Starting optimization
2025-08-11 16:57:17,255 - pyslsqp_optimizer - INFO - Processing initial condition...
2025-08-11 16:57:17,257 - pyslsqp_optimizer - INFO - ✓ Initial condition processed
2025-08-11 16:57:17,257 - pyslsqp_optimizer - INFO - ✓ Initial condition validation passed
2025-08-11 16:57:17,257 - pyslsqp_optimizer - INFO - Initial state before optimization:
2025-08-11 16:57:17,257 - pyslsqp_optimizer - INFO -   Energy: 1.189765e+01
2025-08-11 16:57:17,257 - pyslsqp_optimizer - INFO -   Initial condition shape: (384,)
2025-08-11 16:57:17,257 - pyslsqp_optimizer - INFO -   Detailed optimization data will be saved to:
2025-08-11 16:57:17,257 - pyslsqp_optimizer - INFO -     Summary: results/run_20250811_165716_npart2_nr8-12_incr2_na24-26_inca1_lam0.0_seed42/pyslsqp_part2_nt8_np24_lam0.0_seed42_level0_summary.out
2025-08-11 16:57:17,258 - pyslsqp_optimizer - INFO -     Internal data: results/run_20250811_165716_npart2_nr8-12_incr2_na24-26_inca1_lam0.0_seed42/pyslsqp_part2_nt8_np24_lam0.0_seed42_level0_internal_data.hdf5
2025-08-11 16:57:17,258 - pyslsqp_optimizer - INFO - Starting PySLSQP optimization with analytic gradients...
2025-08-11 16:57:26,461 - pyslsqp_optimizer - INFO -   Iteration 50:
2025-08-11 16:57:26,461 - pyslsqp_optimizer - INFO -     Energy: 6.959284e+00
2025-08-11 16:57:26,461 - pyslsqp_optimizer - INFO -     Energy change: 3.929543e-04
2025-08-11 16:57:26,461 - pyslsqp_optimizer - INFO -     Theoretical target area per partition: 1.178097e+00
2025-08-11 16:57:26,461 - pyslsqp_optimizer - INFO -     Current partition areas: [1.15775343 1.15611999]
2025-08-11 16:57:36,064 - pyslsqp_optimizer - INFO -   Iteration 100:
2025-08-11 16:57:36,064 - pyslsqp_optimizer - INFO -     Energy: 6.973751e+00
2025-08-11 16:57:36,064 - pyslsqp_optimizer - INFO -     Energy change: 2.228217e-04
2025-08-11 16:57:36,064 - pyslsqp_optimizer - INFO -     Theoretical target area per partition: 1.178097e+00
2025-08-11 16:57:36,064 - pyslsqp_optimizer - INFO -     Current partition areas: [1.1576705  1.15616308]
2025-08-11 16:57:46,030 - pyslsqp_optimizer - INFO -   Iteration 150:
2025-08-11 16:57:46,030 - pyslsqp_optimizer - INFO -     Energy: 6.983708e+00
2025-08-11 16:57:46,030 - pyslsqp_optimizer - INFO -     Energy change: 1.783980e-04
2025-08-11 16:57:46,030 - pyslsqp_optimizer - INFO -     Theoretical target area per partition: 1.178097e+00
2025-08-11 16:57:46,030 - pyslsqp_optimizer - INFO -     Current partition areas: [1.15760179 1.15620684]
2025-08-11 16:57:55,335 - pyslsqp_optimizer - INFO -   Iteration 200:
2025-08-11 16:57:55,335 - pyslsqp_optimizer - INFO -     Energy: 6.991432e+00
2025-08-11 16:57:55,335 - pyslsqp_optimizer - INFO -     Energy change: 1.334207e-04
2025-08-11 16:57:55,335 - pyslsqp_optimizer - INFO -     Theoretical target area per partition: 1.178097e+00
2025-08-11 16:57:55,335 - pyslsqp_optimizer - INFO -     Current partition areas: [1.15754834 1.15623934]
2025-08-11 16:58:04,378 - pyslsqp_optimizer - INFO -   Iteration 250:
2025-08-11 16:58:04,378 - pyslsqp_optimizer - INFO -     Energy: 6.997670e+00
2025-08-11 16:58:04,378 - pyslsqp_optimizer - INFO -     Energy change: 1.157247e-04
2025-08-11 16:58:04,379 - pyslsqp_optimizer - INFO -     Theoretical target area per partition: 1.178097e+00
2025-08-11 16:58:04,379 - pyslsqp_optimizer - INFO -     Current partition areas: [1.15750644 1.15626246]
2025-08-11 16:58:13,602 - pyslsqp_optimizer - INFO -   Iteration 300:
2025-08-11 16:58:13,602 - pyslsqp_optimizer - INFO -     Energy: 7.003169e+00
2025-08-11 16:58:13,603 - pyslsqp_optimizer - INFO -     Energy change: 1.048227e-04
2025-08-11 16:58:13,603 - pyslsqp_optimizer - INFO -     Theoretical target area per partition: 1.178097e+00
2025-08-11 16:58:13,603 - pyslsqp_optimizer - INFO -     Current partition areas: [1.15746997 1.15628139]
2025-08-11 16:58:22,817 - pyslsqp_optimizer - INFO -   Iteration 350:
2025-08-11 16:58:22,817 - pyslsqp_optimizer - INFO -     Energy: 7.008176e+00
2025-08-11 16:58:22,817 - pyslsqp_optimizer - INFO -     Energy change: 9.588396e-05
2025-08-11 16:58:22,817 - pyslsqp_optimizer - INFO -     Theoretical target area per partition: 1.178097e+00
2025-08-11 16:58:22,817 - pyslsqp_optimizer - INFO -     Current partition areas: [1.15743698 1.15629775]
2025-08-11 16:58:31,854 - pyslsqp_optimizer - INFO -   Iteration 400:
2025-08-11 16:58:31,854 - pyslsqp_optimizer - INFO -     Energy: 7.012769e+00
2025-08-11 16:58:31,854 - pyslsqp_optimizer - INFO -     Energy change: 8.817031e-05
2025-08-11 16:58:31,854 - pyslsqp_optimizer - INFO -     Theoretical target area per partition: 1.178097e+00
2025-08-11 16:58:31,854 - pyslsqp_optimizer - INFO -     Current partition areas: [1.15740683 1.15631217]
2025-08-11 16:58:40,896 - pyslsqp_optimizer - INFO -   Iteration 450:
2025-08-11 16:58:40,896 - pyslsqp_optimizer - INFO -     Energy: 7.017003e+00
2025-08-11 16:58:40,896 - pyslsqp_optimizer - INFO -     Energy change: 8.148454e-05
2025-08-11 16:58:40,896 - pyslsqp_optimizer - INFO -     Theoretical target area per partition: 1.178097e+00
2025-08-11 16:58:40,896 - pyslsqp_optimizer - INFO -     Current partition areas: [1.15737912 1.15632499]
2025-08-11 16:58:50,040 - pyslsqp_optimizer - INFO -   Iteration 500:
2025-08-11 16:58:50,040 - pyslsqp_optimizer - INFO -     Energy: 7.020897e+00
2025-08-11 16:58:50,040 - pyslsqp_optimizer - INFO -     Energy change: 7.404202e-05
2025-08-11 16:58:50,040 - pyslsqp_optimizer - INFO -     Theoretical target area per partition: 1.178097e+00
2025-08-11 16:58:50,040 - pyslsqp_optimizer - INFO -     Current partition areas: [1.15735364 1.15633651]
2025-08-11 16:58:59,033 - pyslsqp_optimizer - INFO -   Iteration 550:
2025-08-11 16:58:59,033 - pyslsqp_optimizer - INFO -     Energy: 7.024397e+00
2025-08-11 16:58:59,033 - pyslsqp_optimizer - INFO -     Energy change: 6.622318e-05
2025-08-11 16:58:59,033 - pyslsqp_optimizer - INFO -     Theoretical target area per partition: 1.178097e+00
2025-08-11 16:58:59,034 - pyslsqp_optimizer - INFO -     Current partition areas: [1.15733069 1.15634673]
2025-08-11 16:59:08,104 - pyslsqp_optimizer - INFO -   Iteration 600:
2025-08-11 16:59:08,104 - pyslsqp_optimizer - INFO -     Energy: 7.027622e+00
2025-08-11 16:59:08,104 - pyslsqp_optimizer - INFO -     Energy change: 6.288411e-05
2025-08-11 16:59:08,104 - pyslsqp_optimizer - INFO -     Theoretical target area per partition: 1.178097e+00
2025-08-11 16:59:08,104 - pyslsqp_optimizer - INFO -     Current partition areas: [1.1573098  1.15635555]
2025-08-11 16:59:17,549 - pyslsqp_optimizer - INFO -   Iteration 650:
2025-08-11 16:59:17,549 - pyslsqp_optimizer - INFO -     Energy: 7.030687e+00
2025-08-11 16:59:17,549 - pyslsqp_optimizer - INFO -     Energy change: 5.980448e-05
2025-08-11 16:59:17,549 - pyslsqp_optimizer - INFO -     Theoretical target area per partition: 1.178097e+00
2025-08-11 16:59:17,549 - pyslsqp_optimizer - INFO -     Current partition areas: [1.15729001 1.15636368]
2025-08-11 16:59:27,206 - pyslsqp_optimizer - INFO -   Iteration 700:
2025-08-11 16:59:27,206 - pyslsqp_optimizer - INFO -     Energy: 7.033597e+00
2025-08-11 16:59:27,206 - pyslsqp_optimizer - INFO -     Energy change: 5.675176e-05
2025-08-11 16:59:27,206 - pyslsqp_optimizer - INFO -     Theoretical target area per partition: 1.178097e+00
2025-08-11 16:59:27,206 - pyslsqp_optimizer - INFO -     Current partition areas: [1.15727124 1.15637123]
2025-08-11 16:59:36,757 - pyslsqp_optimizer - INFO -   Iteration 750:
2025-08-11 16:59:36,757 - pyslsqp_optimizer - INFO -     Energy: 7.036358e+00
2025-08-11 16:59:36,757 - pyslsqp_optimizer - INFO -     Energy change: 5.398194e-05
2025-08-11 16:59:36,757 - pyslsqp_optimizer - INFO -     Theoretical target area per partition: 1.178097e+00
2025-08-11 16:59:36,757 - pyslsqp_optimizer - INFO -     Current partition areas: [1.15725346 1.15637824]
2025-08-11 16:59:46,051 - pyslsqp_optimizer - INFO -   Iteration 800:
2025-08-11 16:59:46,051 - pyslsqp_optimizer - INFO -     Energy: 6.972091e+00
2025-08-11 16:59:46,051 - pyslsqp_optimizer - INFO -     Energy change: -6.685557e-02
2025-08-11 16:59:46,051 - pyslsqp_optimizer - INFO -     Theoretical target area per partition: 1.178097e+00
2025-08-11 16:59:46,051 - pyslsqp_optimizer - INFO -     Current partition areas: [1.1549838  1.16235473]
2025-08-11 16:59:46,087 - pyslsqp_optimizer - INFO - PySLSQP optimization completed:
2025-08-11 16:59:46,088 - pyslsqp_optimizer - INFO -   Success: False
2025-08-11 16:59:46,088 - pyslsqp_optimizer - INFO -   Summary saved to: results/run_20250811_165716_npart2_nr8-12_incr2_na24-26_inca1_lam0.0_seed42/pyslsqp_part2_nt8_np24_lam0.0_seed42_level0_summary.out
2025-08-11 16:59:46,088 - pyslsqp_optimizer - INFO -   Internal data saved to: results/run_20250811_165716_npart2_nr8-12_incr2_na24-26_inca1_lam0.0_seed42/pyslsqp_part2_nt8_np24_lam0.0_seed42_level0_internal_data.hdf5
2025-08-11 16:59:46,088 - pyslsqp_optimizer - WARNING - Returning last valid iterate before unsuccessful termination.
2025-08-11 16:59:46,088 - pyslsqp_optimizer - INFO - optimization completed: 148.833s, memory: 40.68MB
2025-08-11 16:59:46,089 - __main__ - INFO - Results for level 1:
2025-08-11 16:59:46,089 - __main__ - INFO -   Energy: 7.038947e+00
2025-08-11 16:59:46,089 - __main__ - INFO -   Iterations: 800
2025-08-11 16:59:46,089 - __main__ - INFO -   Time: 148.83s
2025-08-11 16:59:46,089 - __main__ - INFO -   Success: False
2025-08-11 16:59:46,089 - __main__ - INFO - ================================================================================
2025-08-11 16:59:46,089 - __main__ - INFO - Refinement Level 2/3
2025-08-11 16:59:46,089 - __main__ - INFO - ================================================================================
2025-08-11 16:59:46,089 - __main__ - INFO - Creating mesh with parameters: {'n_radial': 10, 'n_angular': 25, 'r_inner': 0.5, 'r_outer': 1.0}
2025-08-11 16:59:46,089 - ring_mesh - INFO - Creating ring mesh: n_radial=10, n_angular=25, r_inner=0.5, r_outer=1.0
2025-08-11 16:59:46,104 - ring_mesh - INFO - Mesh created: 250 vertices, 450 triangles
2025-08-11 16:59:46,104 - ring_mesh - INFO - Theoretical area: 2.356194
2025-08-11 16:59:46,104 - __main__ - INFO - Mesh created: 250 vertices, 450 triangles
2025-08-11 16:59:46,104 - __main__ - INFO - Computing FEM matrices...
2025-08-11 16:59:46,105 - ring_mesh - INFO - Starting matrix computation
2025-08-11 16:59:46,105 - ring_mesh - INFO - Starting matrix computation...
2025-08-11 16:59:46,182 - ring_mesh - INFO - Matrix computation completed: Mass matrix (250, 250), Stiffness matrix (250, 250)
2025-08-11 16:59:46,182 - ring_mesh - INFO - matrix computation completed: 0.077s, memory: 0.18MB
2025-08-11 16:59:46,182 - __main__ - INFO - Matrices computed successfully
2025-08-11 16:59:46,183 - ring_mesh - INFO - Mesh statistics: 250 vertices, 450 triangles, area=2.331468
2025-08-11 16:59:46,183 - __main__ - INFO - Setting epsilon to sqrt(mean_triangle_area): 7.197944e-02
2025-08-11 16:59:46,183 - pyslsqp_optimizer - INFO - PySLSQPOptimizer initialized:
2025-08-11 16:59:46,183 - pyslsqp_optimizer - INFO -   Ring: r_inner=0.500, r_outer=1.000
2025-08-11 16:59:46,183 - pyslsqp_optimizer - INFO -   Partitions: 2
2025-08-11 16:59:46,183 - pyslsqp_optimizer - INFO -   Epsilon: 7.20e-02
2025-08-11 16:59:46,183 - pyslsqp_optimizer - INFO -   Theoretical area: 2.356194
2025-08-11 16:59:46,183 - pyslsqp_optimizer - INFO -   Discretized area: 2.331468
2025-08-11 16:59:46,183 - __main__ - INFO - PySLSQP optimizer created
2025-08-11 16:59:46,184 - __main__ - INFO - Mesh resolution changed. Interpolating solution from previous mesh to current mesh...
2025-08-11 16:59:46,190 - __main__ - INFO - Projecting interpolated solution to feasible region (orthogonal projection)
2025-08-11 16:59:46,191 - projection_iterative - INFO - Projection converged after 3 iterations
2025-08-11 16:59:46,191 - projection_iterative - INFO - Final errors: row=2.40e-09, area=1.00e-10
2025-08-11 16:59:46,191 - __main__ - INFO - Initial condition validation passed
2025-08-11 16:59:46,192 - __main__ - INFO - Initial condition validation passed
2025-08-11 16:59:46,192 - __main__ - INFO - Checking analytic vs finite-difference gradients...
2025-08-11 16:59:46,192 - __main__ - INFO - Checking analytic vs finite-difference gradients...
2025-08-11 16:59:46,339 - __main__ - WARNING - Large gradient error at point 0: 1.68e-02
2025-08-11 16:59:46,486 - __main__ - WARNING - Large gradient error at point 1: 1.67e-02
2025-08-11 16:59:46,627 - __main__ - WARNING - Large gradient error at point 2: 1.67e-02
2025-08-11 16:59:46,757 - __main__ - WARNING - Large gradient error at point 3: 1.68e-02
2025-08-11 16:59:46,898 - __main__ - WARNING - Large gradient error at point 4: 1.68e-02
2025-08-11 16:59:47,034 - __main__ - WARNING - Large gradient error at point 5: 1.68e-02
2025-08-11 16:59:47,190 - __main__ - WARNING - Large gradient error at point 6: 1.69e-02
2025-08-11 16:59:47,335 - __main__ - WARNING - Large gradient error at point 7: 1.67e-02
2025-08-11 16:59:47,477 - __main__ - WARNING - Large gradient error at point 8: 1.68e-02
2025-08-11 16:59:47,608 - __main__ - WARNING - Large gradient error at point 9: 1.68e-02
2025-08-11 16:59:47,609 - __main__ - INFO - Gradient check completed: avg_error=1.68e-02, max_error=1.69e-02
2025-08-11 16:59:47,609 - __main__ - WARNING - Gradient errors are larger than expected
2025-08-11 16:59:47,609 - pyslsqp_optimizer - INFO - Starting optimization
2025-08-11 16:59:47,609 - pyslsqp_optimizer - INFO - Processing initial condition...
2025-08-11 16:59:47,610 - pyslsqp_optimizer - INFO - ✓ Initial condition processed
2025-08-11 16:59:47,610 - pyslsqp_optimizer - INFO - ✓ Initial condition validation passed
2025-08-11 16:59:47,611 - pyslsqp_optimizer - INFO - Starting PySLSQP optimization with analytic gradients...
2025-08-11 16:59:47,922 - pyslsqp_optimizer - INFO -   Iteration 0:
2025-08-11 16:59:47,922 - pyslsqp_optimizer - INFO -     Energy: 6.492852e+00
2025-08-11 16:59:47,922 - pyslsqp_optimizer - INFO -     Theoretical target area per partition: 1.178097e+00
2025-08-11 16:59:47,923 - pyslsqp_optimizer - INFO -     Current partition areas: [1.16381179 1.16158544]
2025-08-11 17:00:01,784 - pyslsqp_optimizer - INFO -   Iteration 50:
2025-08-11 17:00:01,784 - pyslsqp_optimizer - INFO -     Energy: 6.225817e+00
2025-08-11 17:00:01,784 - pyslsqp_optimizer - INFO -     Energy change: 2.404237e-06
2025-08-11 17:00:01,784 - pyslsqp_optimizer - INFO -     Theoretical target area per partition: 1.178097e+00
2025-08-11 17:00:01,784 - pyslsqp_optimizer - INFO -     Current partition areas: [1.16146896 1.16105206]
2025-08-11 17:00:17,513 - pyslsqp_optimizer - INFO -   Iteration 100:
2025-08-11 17:00:17,513 - pyslsqp_optimizer - INFO -     Energy: 6.225868e+00
2025-08-11 17:00:17,513 - pyslsqp_optimizer - INFO -     Energy change: 7.551948e-07
2025-08-11 17:00:17,513 - pyslsqp_optimizer - INFO -     Theoretical target area per partition: 1.178097e+00
2025-08-11 17:00:17,513 - pyslsqp_optimizer - INFO -     Current partition areas: [1.1615116  1.16103482]
2025-08-11 17:00:33,079 - pyslsqp_optimizer - INFO -   Iteration 150:
2025-08-11 17:00:33,079 - pyslsqp_optimizer - INFO -     Energy: 6.225918e+00
2025-08-11 17:00:33,079 - pyslsqp_optimizer - INFO -     Energy change: 1.215255e-06
2025-08-11 17:00:33,079 - pyslsqp_optimizer - INFO -     Theoretical target area per partition: 1.178097e+00
2025-08-11 17:00:33,079 - pyslsqp_optimizer - INFO -     Current partition areas: [1.16152682 1.16104934]
2025-08-11 17:00:48,891 - pyslsqp_optimizer - INFO -   Iteration 200:
2025-08-11 17:00:48,891 - pyslsqp_optimizer - INFO -     Energy: 6.225986e+00
2025-08-11 17:00:48,891 - pyslsqp_optimizer - INFO -     Energy change: 1.483219e-06
2025-08-11 17:00:48,891 - pyslsqp_optimizer - INFO -     Theoretical target area per partition: 1.178097e+00
2025-08-11 17:00:48,891 - pyslsqp_optimizer - INFO -     Current partition areas: [1.16153865 1.16106153]
2025-08-11 17:01:05,933 - pyslsqp_optimizer - INFO -   Iteration 250:
2025-08-11 17:01:05,933 - pyslsqp_optimizer - INFO -     Energy: 6.226064e+00
2025-08-11 17:01:05,933 - pyslsqp_optimizer - INFO -     Energy change: 1.618274e-06
2025-08-11 17:01:05,933 - pyslsqp_optimizer - INFO -     Theoretical target area per partition: 1.178097e+00
2025-08-11 17:01:05,934 - pyslsqp_optimizer - INFO -     Current partition areas: [1.16154871 1.16107148]
2025-08-11 17:01:20,168 - pyslsqp_optimizer - INFO -   Iteration 300:
2025-08-11 17:01:20,169 - pyslsqp_optimizer - INFO -     Energy: 6.226147e+00
2025-08-11 17:01:20,169 - pyslsqp_optimizer - INFO -     Energy change: 1.685732e-06
2025-08-11 17:01:20,169 - pyslsqp_optimizer - INFO -     Theoretical target area per partition: 1.178097e+00
2025-08-11 17:01:20,169 - pyslsqp_optimizer - INFO -     Current partition areas: [1.16155751 1.16107985]
2025-08-11 17:01:34,331 - pyslsqp_optimizer - INFO -   Iteration 350:
2025-08-11 17:01:34,331 - pyslsqp_optimizer - INFO -     Energy: 6.226232e+00
2025-08-11 17:01:34,331 - pyslsqp_optimizer - INFO -     Energy change: 1.716201e-06
2025-08-11 17:01:34,331 - pyslsqp_optimizer - INFO -     Theoretical target area per partition: 1.178097e+00
2025-08-11 17:01:34,332 - pyslsqp_optimizer - INFO -     Current partition areas: [1.16156534 1.16108707]
2025-08-11 17:01:47,355 - pyslsqp_optimizer - INFO -   Iteration 400:
2025-08-11 17:01:47,355 - pyslsqp_optimizer - INFO -     Energy: 6.226318e+00
2025-08-11 17:01:47,355 - pyslsqp_optimizer - INFO -     Energy change: 1.725385e-06
2025-08-11 17:01:47,355 - pyslsqp_optimizer - INFO -     Theoretical target area per partition: 1.178097e+00
2025-08-11 17:01:47,355 - pyslsqp_optimizer - INFO -     Current partition areas: [1.16157242 1.16109341]
2025-08-11 17:02:00,477 - pyslsqp_optimizer - INFO -   Iteration 450:
2025-08-11 17:02:00,477 - pyslsqp_optimizer - INFO -     Energy: 6.226405e+00
2025-08-11 17:02:00,477 - pyslsqp_optimizer - INFO -     Energy change: 1.719536e-06
2025-08-11 17:02:00,477 - pyslsqp_optimizer - INFO -     Theoretical target area per partition: 1.178097e+00
2025-08-11 17:02:00,477 - pyslsqp_optimizer - INFO -     Current partition areas: [1.16157889 1.16109906]
2025-08-11 17:02:13,695 - pyslsqp_optimizer - INFO -   Iteration 500:
2025-08-11 17:02:13,695 - pyslsqp_optimizer - INFO -     Energy: 6.226490e+00
2025-08-11 17:02:13,695 - pyslsqp_optimizer - INFO -     Energy change: 1.700676e-06
2025-08-11 17:02:13,695 - pyslsqp_optimizer - INFO -     Theoretical target area per partition: 1.178097e+00
2025-08-11 17:02:13,695 - pyslsqp_optimizer - INFO -     Current partition areas: [1.16158483 1.16110415]
2025-08-11 17:02:26,782 - pyslsqp_optimizer - INFO -   Iteration 550:
2025-08-11 17:02:26,782 - pyslsqp_optimizer - INFO -     Energy: 6.226575e+00
2025-08-11 17:02:26,782 - pyslsqp_optimizer - INFO -     Energy change: 1.677370e-06
2025-08-11 17:02:26,782 - pyslsqp_optimizer - INFO -     Theoretical target area per partition: 1.178097e+00
2025-08-11 17:02:26,782 - pyslsqp_optimizer - INFO -     Current partition areas: [1.16159033 1.16110875]
2025-08-11 17:02:39,965 - pyslsqp_optimizer - INFO -   Iteration 600:
2025-08-11 17:02:39,965 - pyslsqp_optimizer - INFO -     Energy: 6.226658e+00
2025-08-11 17:02:39,965 - pyslsqp_optimizer - INFO -     Energy change: 1.651738e-06
2025-08-11 17:02:39,965 - pyslsqp_optimizer - INFO -     Theoretical target area per partition: 1.178097e+00
2025-08-11 17:02:39,965 - pyslsqp_optimizer - INFO -     Current partition areas: [1.16159545 1.16111296]
2025-08-11 17:02:53,093 - pyslsqp_optimizer - INFO -   Iteration 650:
2025-08-11 17:02:53,093 - pyslsqp_optimizer - INFO -     Energy: 6.226740e+00
2025-08-11 17:02:53,093 - pyslsqp_optimizer - INFO -     Energy change: 1.623547e-06
2025-08-11 17:02:53,093 - pyslsqp_optimizer - INFO -     Theoretical target area per partition: 1.178097e+00
2025-08-11 17:02:53,093 - pyslsqp_optimizer - INFO -     Current partition areas: [1.16160024 1.16111682]
2025-08-11 17:03:06,138 - pyslsqp_optimizer - INFO -   Iteration 700:
2025-08-11 17:03:06,138 - pyslsqp_optimizer - INFO -     Energy: 6.226820e+00
2025-08-11 17:03:06,138 - pyslsqp_optimizer - INFO -     Energy change: 1.588005e-06
2025-08-11 17:03:06,139 - pyslsqp_optimizer - INFO -     Theoretical target area per partition: 1.178097e+00
2025-08-11 17:03:06,139 - pyslsqp_optimizer - INFO -     Current partition areas: [1.16160474 1.1611204 ]
2025-08-11 17:03:19,234 - pyslsqp_optimizer - INFO -   Iteration 750:
2025-08-11 17:03:19,234 - pyslsqp_optimizer - INFO -     Energy: 6.226898e+00
2025-08-11 17:03:19,234 - pyslsqp_optimizer - INFO -     Energy change: 1.546576e-06
2025-08-11 17:03:19,234 - pyslsqp_optimizer - INFO -     Theoretical target area per partition: 1.178097e+00
2025-08-11 17:03:19,235 - pyslsqp_optimizer - INFO -     Current partition areas: [1.16160895 1.16112371]
2025-08-11 17:03:31,913 - pyslsqp_optimizer - INFO - PySLSQP optimization completed:
2025-08-11 17:03:31,913 - pyslsqp_optimizer - INFO -   Success: False
2025-08-11 17:03:31,913 - pyslsqp_optimizer - INFO -   Summary saved to: results/run_20250811_165716_npart2_nr8-12_incr2_na24-26_inca1_lam0.0_seed42/pyslsqp_part2_nt10_np25_lam0.0_seed42_level1_summary.out
2025-08-11 17:03:31,913 - pyslsqp_optimizer - INFO -   Internal data saved to: results/run_20250811_165716_npart2_nr8-12_incr2_na24-26_inca1_lam0.0_seed42/pyslsqp_part2_nt10_np25_lam0.0_seed42_level1_internal_data.hdf5
2025-08-11 17:03:31,913 - pyslsqp_optimizer - WARNING - Returning last valid iterate before unsuccessful termination.
2025-08-11 17:03:31,915 - pyslsqp_optimizer - INFO - optimization completed: 224.306s, memory: 18.62MB
2025-08-11 17:03:31,915 - __main__ - INFO - Results for level 2:
2025-08-11 17:03:31,915 - __main__ - INFO -   Energy: 6.226972e+00
2025-08-11 17:03:31,915 - __main__ - INFO -   Iterations: 799
2025-08-11 17:03:31,916 - __main__ - INFO -   Time: 224.31s
2025-08-11 17:03:31,916 - __main__ - INFO -   Success: False
2025-08-11 17:03:31,916 - __main__ - INFO - ================================================================================
2025-08-11 17:03:31,916 - __main__ - INFO - Refinement Level 3/3
2025-08-11 17:03:31,916 - __main__ - INFO - ================================================================================
2025-08-11 17:03:31,916 - __main__ - INFO - Creating mesh with parameters: {'n_radial': 12, 'n_angular': 26, 'r_inner': 0.5, 'r_outer': 1.0}
2025-08-11 17:03:31,916 - ring_mesh - INFO - Creating ring mesh: n_radial=12, n_angular=26, r_inner=0.5, r_outer=1.0
2025-08-11 17:03:31,932 - ring_mesh - INFO - Mesh created: 312 vertices, 572 triangles
2025-08-11 17:03:31,932 - ring_mesh - INFO - Theoretical area: 2.356194
2025-08-11 17:03:31,932 - __main__ - INFO - Mesh created: 312 vertices, 572 triangles
2025-08-11 17:03:31,932 - __main__ - INFO - Computing FEM matrices...
2025-08-11 17:03:31,932 - ring_mesh - INFO - Starting matrix computation
2025-08-11 17:03:31,932 - ring_mesh - INFO - Starting matrix computation...
2025-08-11 17:03:32,018 - ring_mesh - INFO - Matrix computation completed: Mass matrix (312, 312), Stiffness matrix (312, 312)
2025-08-11 17:03:32,019 - ring_mesh - INFO - matrix computation completed: 0.086s, memory: 0.20MB
2025-08-11 17:03:32,019 - __main__ - INFO - Matrices computed successfully
2025-08-11 17:03:32,019 - ring_mesh - INFO - Mesh statistics: 312 vertices, 572 triangles, area=2.333328
2025-08-11 17:03:32,019 - __main__ - INFO - Setting epsilon to sqrt(mean_triangle_area): 6.386896e-02
2025-08-11 17:03:32,019 - pyslsqp_optimizer - INFO - PySLSQPOptimizer initialized:
2025-08-11 17:03:32,020 - pyslsqp_optimizer - INFO -   Ring: r_inner=0.500, r_outer=1.000
2025-08-11 17:03:32,020 - pyslsqp_optimizer - INFO -   Partitions: 2
2025-08-11 17:03:32,020 - pyslsqp_optimizer - INFO -   Epsilon: 6.39e-02
2025-08-11 17:03:32,020 - pyslsqp_optimizer - INFO -   Theoretical area: 2.356194
2025-08-11 17:03:32,020 - pyslsqp_optimizer - INFO -   Discretized area: 2.333328
2025-08-11 17:03:32,020 - __main__ - INFO - PySLSQP optimizer created
2025-08-11 17:03:32,020 - __main__ - INFO - Mesh resolution changed. Interpolating solution from previous mesh to current mesh...
2025-08-11 17:03:32,026 - __main__ - INFO - Projecting interpolated solution to feasible region (orthogonal projection)
2025-08-11 17:03:32,027 - projection_iterative - INFO - Projection converged after 3 iterations
2025-08-11 17:03:32,027 - projection_iterative - INFO - Final errors: row=1.09e-09, area=1.00e-10
2025-08-11 17:03:32,027 - __main__ - INFO - Initial condition validation passed
2025-08-11 17:03:32,027 - __main__ - INFO - Initial condition validation passed
2025-08-11 17:03:32,027 - __main__ - INFO - Checking analytic vs finite-difference gradients...
2025-08-11 17:03:32,028 - __main__ - INFO - Checking analytic vs finite-difference gradients...
2025-08-11 17:03:32,207 - __main__ - WARNING - Large gradient error at point 0: 1.75e-02
2025-08-11 17:03:32,375 - __main__ - WARNING - Large gradient error at point 1: 1.74e-02
2025-08-11 17:03:32,545 - __main__ - WARNING - Large gradient error at point 2: 1.76e-02
2025-08-11 17:03:32,715 - __main__ - WARNING - Large gradient error at point 3: 1.74e-02
2025-08-11 17:03:32,882 - __main__ - WARNING - Large gradient error at point 4: 1.77e-02
2025-08-11 17:03:33,060 - __main__ - WARNING - Large gradient error at point 5: 1.76e-02
2025-08-11 17:03:33,231 - __main__ - WARNING - Large gradient error at point 6: 1.75e-02
2025-08-11 17:03:33,407 - __main__ - WARNING - Large gradient error at point 7: 1.76e-02
2025-08-11 17:03:33,574 - __main__ - WARNING - Large gradient error at point 8: 1.76e-02
2025-08-11 17:03:33,740 - __main__ - WARNING - Large gradient error at point 9: 1.75e-02
2025-08-11 17:03:33,740 - __main__ - INFO - Gradient check completed: avg_error=1.75e-02, max_error=1.77e-02
2025-08-11 17:03:33,741 - __main__ - WARNING - Gradient errors are larger than expected
2025-08-11 17:03:33,741 - pyslsqp_optimizer - INFO - Starting optimization
2025-08-11 17:03:33,741 - pyslsqp_optimizer - INFO - Processing initial condition...
2025-08-11 17:03:33,742 - pyslsqp_optimizer - INFO - ✓ Initial condition processed
2025-08-11 17:03:33,743 - pyslsqp_optimizer - INFO - ✓ Initial condition validation passed
2025-08-11 17:03:33,743 - pyslsqp_optimizer - INFO - Starting PySLSQP optimization with analytic gradients...
2025-08-11 17:03:34,292 - pyslsqp_optimizer - INFO -   Iteration 0:
2025-08-11 17:03:34,292 - pyslsqp_optimizer - INFO -     Energy: 6.226990e+00
2025-08-11 17:03:34,292 - pyslsqp_optimizer - INFO -     Theoretical target area per partition: 1.178097e+00
2025-08-11 17:03:34,292 - pyslsqp_optimizer - INFO -     Current partition areas: [1.16468885 1.16438105]
2025-08-11 17:04:03,531 - pyslsqp_optimizer - INFO -   Iteration 50:
2025-08-11 17:04:03,531 - pyslsqp_optimizer - INFO -     Energy: 6.187924e+00
2025-08-11 17:04:03,531 - pyslsqp_optimizer - INFO -     Energy change: 7.196087e-06
2025-08-11 17:04:03,531 - pyslsqp_optimizer - INFO -     Theoretical target area per partition: 1.178097e+00
2025-08-11 17:04:03,531 - pyslsqp_optimizer - INFO -     Current partition areas: [1.16510202 1.16278789]
2025-08-11 17:04:32,718 - pyslsqp_optimizer - INFO -   Iteration 100:
2025-08-11 17:04:32,719 - pyslsqp_optimizer - INFO -     Energy: 6.188057e+00
2025-08-11 17:04:32,719 - pyslsqp_optimizer - INFO -     Energy change: -1.411066e-06
2025-08-11 17:04:32,719 - pyslsqp_optimizer - INFO -     Theoretical target area per partition: 1.178097e+00
2025-08-11 17:04:32,719 - pyslsqp_optimizer - INFO -     Current partition areas: [1.16517383 1.1626794 ]
2025-08-11 17:05:01,991 - pyslsqp_optimizer - INFO -   Iteration 150:
2025-08-11 17:05:01,992 - pyslsqp_optimizer - INFO -     Energy: 6.188054e+00
2025-08-11 17:05:01,992 - pyslsqp_optimizer - INFO -     Energy change: -7.293760e-09
2025-08-11 17:05:01,992 - pyslsqp_optimizer - INFO -     Theoretical target area per partition: 1.178097e+00
2025-08-11 17:05:01,992 - pyslsqp_optimizer - INFO -     Current partition areas: [1.16517826 1.16267318]
2025-08-11 17:05:31,254 - pyslsqp_optimizer - INFO -   Iteration 200:
2025-08-11 17:05:31,254 - pyslsqp_optimizer - INFO -     Energy: 6.188041e+00
2025-08-11 17:05:31,254 - pyslsqp_optimizer - INFO -     Energy change: 3.619997e-06
2025-08-11 17:05:31,254 - pyslsqp_optimizer - INFO -     Theoretical target area per partition: 1.178097e+00
2025-08-11 17:05:31,255 - pyslsqp_optimizer - INFO -     Current partition areas: [1.16517736 1.16267483]
2025-08-11 17:06:00,449 - pyslsqp_optimizer - INFO -   Iteration 250:
2025-08-11 17:06:00,450 - pyslsqp_optimizer - INFO -     Energy: 6.188023e+00
2025-08-11 17:06:00,450 - pyslsqp_optimizer - INFO -     Energy change: 2.164800e-06
2025-08-11 17:06:00,450 - pyslsqp_optimizer - INFO -     Theoretical target area per partition: 1.178097e+00
2025-08-11 17:06:00,450 - pyslsqp_optimizer - INFO -     Current partition areas: [1.16517597 1.16267714]
2025-08-11 17:06:29,734 - pyslsqp_optimizer - INFO -   Iteration 300:
2025-08-11 17:06:29,734 - pyslsqp_optimizer - INFO -     Energy: 6.188007e+00
2025-08-11 17:06:29,734 - pyslsqp_optimizer - INFO -     Energy change: -8.440497e-07
2025-08-11 17:06:29,734 - pyslsqp_optimizer - INFO -     Theoretical target area per partition: 1.178097e+00
2025-08-11 17:06:29,735 - pyslsqp_optimizer - INFO -     Current partition areas: [1.16517466 1.16267924]
2025-08-11 17:06:59,243 - pyslsqp_optimizer - INFO -   Iteration 350:
2025-08-11 17:06:59,243 - pyslsqp_optimizer - INFO -     Energy: 6.188000e+00
2025-08-11 17:06:59,244 - pyslsqp_optimizer - INFO -     Energy change: -2.071035e-06
2025-08-11 17:06:59,244 - pyslsqp_optimizer - INFO -     Theoretical target area per partition: 1.178097e+00
2025-08-11 17:06:59,244 - pyslsqp_optimizer - INFO -     Current partition areas: [1.16517348 1.16268101]
2025-08-11 17:07:28,572 - pyslsqp_optimizer - INFO -   Iteration 400:
2025-08-11 17:07:28,572 - pyslsqp_optimizer - INFO -     Energy: 6.187993e+00
2025-08-11 17:07:28,572 - pyslsqp_optimizer - INFO -     Energy change: 1.502766e-07
2025-08-11 17:07:28,572 - pyslsqp_optimizer - INFO -     Theoretical target area per partition: 1.178097e+00
2025-08-11 17:07:28,572 - pyslsqp_optimizer - INFO -     Current partition areas: [1.16517232 1.16268292]
2025-08-11 17:07:57,741 - pyslsqp_optimizer - INFO -   Iteration 450:
2025-08-11 17:07:57,741 - pyslsqp_optimizer - INFO -     Energy: 6.187973e+00
2025-08-11 17:07:57,741 - pyslsqp_optimizer - INFO -     Energy change: 1.647167e-06
2025-08-11 17:07:57,741 - pyslsqp_optimizer - INFO -     Theoretical target area per partition: 1.178097e+00
2025-08-11 17:07:57,741 - pyslsqp_optimizer - INFO -     Current partition areas: [1.165171   1.16268524]
2025-08-11 17:08:32,551 - pyslsqp_optimizer - INFO -   Iteration 500:
2025-08-11 17:08:32,551 - pyslsqp_optimizer - INFO -     Energy: 6.187965e+00
2025-08-11 17:08:32,551 - pyslsqp_optimizer - INFO -     Energy change: -8.665723e-08
2025-08-11 17:08:32,551 - pyslsqp_optimizer - INFO -     Theoretical target area per partition: 1.178097e+00
2025-08-11 17:08:32,552 - pyslsqp_optimizer - INFO -     Current partition areas: [1.16516963 1.16268712]
2025-08-11 17:09:10,915 - pyslsqp_optimizer - INFO -   Iteration 550:
2025-08-11 17:09:10,916 - pyslsqp_optimizer - INFO -     Energy: 6.187946e+00
2025-08-11 17:09:10,916 - pyslsqp_optimizer - INFO -     Energy change: -2.014383e-06
2025-08-11 17:09:10,916 - pyslsqp_optimizer - INFO -     Theoretical target area per partition: 1.178097e+00
2025-08-11 17:09:10,916 - pyslsqp_optimizer - INFO -     Current partition areas: [1.16516833 1.16268903]
2025-08-11 17:09:43,153 - pyslsqp_optimizer - INFO -   Iteration 600:
2025-08-11 17:09:43,154 - pyslsqp_optimizer - INFO -     Energy: 6.187930e+00
2025-08-11 17:09:43,154 - pyslsqp_optimizer - INFO -     Energy change: -1.419449e-06
2025-08-11 17:09:43,154 - pyslsqp_optimizer - INFO -     Theoretical target area per partition: 1.178097e+00
2025-08-11 17:09:43,154 - pyslsqp_optimizer - INFO -     Current partition areas: [1.16516702 1.16269078]
2025-08-11 17:10:15,502 - pyslsqp_optimizer - INFO -   Iteration 650:
2025-08-11 17:10:15,502 - pyslsqp_optimizer - INFO -     Energy: 6.187926e+00
2025-08-11 17:10:15,502 - pyslsqp_optimizer - INFO -     Energy change: -3.839935e-07
2025-08-11 17:10:15,502 - pyslsqp_optimizer - INFO -     Theoretical target area per partition: 1.178097e+00
2025-08-11 17:10:15,502 - pyslsqp_optimizer - INFO -     Current partition areas: [1.16516562 1.16269213]
2025-08-11 17:10:49,622 - pyslsqp_optimizer - INFO -   Iteration 700:
2025-08-11 17:10:49,623 - pyslsqp_optimizer - INFO -     Energy: 6.187915e+00
2025-08-11 17:10:49,623 - pyslsqp_optimizer - INFO -     Energy change: 1.772317e-07
2025-08-11 17:10:49,623 - pyslsqp_optimizer - INFO -     Theoretical target area per partition: 1.178097e+00
2025-08-11 17:10:49,623 - pyslsqp_optimizer - INFO -     Current partition areas: [1.16516468 1.16269388]
2025-08-11 17:11:21,887 - pyslsqp_optimizer - INFO -   Iteration 750:
2025-08-11 17:11:21,887 - pyslsqp_optimizer - INFO -     Energy: 6.187899e+00
2025-08-11 17:11:21,887 - pyslsqp_optimizer - INFO -     Energy change: 3.822811e-07
2025-08-11 17:11:21,887 - pyslsqp_optimizer - INFO -     Theoretical target area per partition: 1.178097e+00
2025-08-11 17:11:21,888 - pyslsqp_optimizer - INFO -     Current partition areas: [1.16516399 1.16269604]
2025-08-11 17:11:52,134 - pyslsqp_optimizer - INFO - PySLSQP optimization completed:
2025-08-11 17:11:52,135 - pyslsqp_optimizer - INFO -   Success: False
2025-08-11 17:11:52,135 - pyslsqp_optimizer - INFO -   Summary saved to: results/run_20250811_165716_npart2_nr8-12_incr2_na24-26_inca1_lam0.0_seed42/pyslsqp_part2_nt12_np26_lam0.0_seed42_level2_summary.out
2025-08-11 17:11:52,135 - pyslsqp_optimizer - INFO -   Internal data saved to: results/run_20250811_165716_npart2_nr8-12_incr2_na24-26_inca1_lam0.0_seed42/pyslsqp_part2_nt12_np26_lam0.0_seed42_level2_internal_data.hdf5
2025-08-11 17:11:52,135 - pyslsqp_optimizer - WARNING - Returning last valid iterate before unsuccessful termination.
2025-08-11 17:11:52,137 - pyslsqp_optimizer - INFO - optimization completed: 498.396s, memory: -32.91MB
2025-08-11 17:11:52,138 - __main__ - INFO - Results for level 3:
2025-08-11 17:11:52,138 - __main__ - INFO -   Energy: 6.187889e+00
2025-08-11 17:11:52,138 - __main__ - INFO -   Iterations: 799
2025-08-11 17:11:52,138 - __main__ - INFO -   Time: 498.40s
2025-08-11 17:11:52,138 - __main__ - INFO -   Success: False
2025-08-11 17:11:52,138 - __main__ - INFO - Refinement Summary:
2025-08-11 17:11:52,138 - __main__ - INFO - ================================================================================
2025-08-11 17:11:52,138 - __main__ - INFO -  Level    Mesh Size       Energy Iterations   Time (s)
2025-08-11 17:11:52,138 - __main__ - INFO - --------------------------------------------------------------------------------
2025-08-11 17:11:52,138 - __main__ - INFO -      1         8x24 7.038947e+00        800     148.83
2025-08-11 17:11:52,139 - __main__ - INFO -      2        10x25 6.226972e+00        799     224.31
2025-08-11 17:11:52,139 - __main__ - INFO -      3        12x26 6.187889e+00        799     498.40
2025-08-11 17:11:52,141 - __main__ - INFO - ✅ Solution file saved: results/run_20250811_165716_npart2_nr8-12_incr2_na24-26_inca1_lam0.0_seed42/ring_part2_nr8-12_incr2_na24-26_inca1_lam0.0_seed42_20250811_165716.h5
