MAJOR  NFEV  NGEV           OBJFUN            GNORM            CNORM             FEAS              OPT             STEP 
    0     1     1     1.408574E+01     8.963288E+00     2.663943E-02     9.900000E+01     9.900000E+01     9.900000E+01 
    1     2     1     2.140095E+01     8.963288E+00     4.197709E-01     6.954523E+00     8.433508E-02     1.000000E+00 
    2     4     2     1.306069E+01     8.468959E+00     5.201323E-01     8.547786E+00     5.193697E-01     1.000000E+00 
    3    15     3     1.284384E+01     8.468959E+00     5.280001E-01     8.491724E+00     4.946048E-01     1.000000E+00 
    4    26     4     1.287919E+01     8.468959E+00     5.445544E-01     8.541094E+00     4.678348E-01     1.000000E+00 
    5    37     5     1.282609E+01     8.468959E+00     5.457244E-01     8.496606E+00     4.569293E-01     1.000000E+00 
    6    48     6     1.282698E+01     8.468959E+00     5.479606E-01     8.549433E+00     4.515011E-01     1.000000E+00 
    7    59     7     1.285352E+01     8.468959E+00     5.577218E-01     8.606794E+00     4.441129E-01     1.000000E+00 
    8    70     8     1.281713E+01     8.468959E+00     5.558032E-01     8.573636E+00     4.456394E-01     1.000000E+00 
    9    81     9     1.283226E+01     8.468959E+00     5.582196E-01     8.619502E+00     4.447781E-01     1.000000E+00 
   10    92    10     1.288702E+01     8.468959E+00     5.747684E-01     8.713553E+00     4.397732E-01     1.000000E+00 
   11   103    11     1.283341E+01     8.468959E+00     5.622629E-01     8.628451E+00     4.442409E-01     1.000000E+00 
   12   114    12     1.282362E+01     8.468959E+00     5.573495E-01     8.639883E+00     4.467119E-01     1.000000E+00 
   13   125    13     1.284309E+01     8.468959E+00     5.628664E-01     8.635297E+00     4.438630E-01     1.000000E+00 
   14   136    14     1.283338E+01     8.468959E+00     5.628058E-01     8.694861E+00     4.422867E-01     1.000000E+00 
   15   147    15     1.280957E+01     8.468959E+00     5.564447E-01     8.594986E+00     4.459687E-01     1.000000E+00 
   16   158    16     1.281789E+01     8.468959E+00     5.590706E-01     8.634622E+00     4.454942E-01     1.000000E+00 
   17   169    17     1.286096E+01     8.468959E+00     5.699173E-01     8.759393E+00     4.410219E-01     1.000000E+00 
   18   180    18     1.284883E+01     8.468959E+00     5.672576E-01     8.637249E+00     4.416350E-01     1.000000E+00 
   19   191    19     1.285529E+01     8.468959E+00     5.649548E-01     8.637135E+00     4.430785E-01     1.000000E+00 
   20   202    20     1.283267E+01     8.468959E+00     5.652193E-01     8.760158E+00     4.423451E-01     1.000000E+00 
   21   213    21     1.279265E+01     8.468959E+00     5.516666E-01     8.515519E+00     4.498851E-01     1.000000E+00 
   22   224    22     1.280794E+01     8.468959E+00     5.623204E-01     8.782838E+00     4.479136E-01     1.000000E+00 
   23   235    23     1.286876E+01     8.468959E+00     5.740869E-01     8.768254E+00     4.406893E-01     1.000000E+00 
   24   246    24     1.283016E+01     8.468959E+00     5.659532E-01     8.666866E+00     4.423615E-01     1.000000E+00 
   25   257    25     1.283136E+01     8.468959E+00     5.668411E-01     8.791951E+00     4.473564E-01     1.000000E+00 
   26   268    26     1.286206E+01     8.468959E+00     5.725163E-01     8.672326E+00     4.422100E-01     1.000000E+00 
   27   279    27     1.282425E+01     8.468959E+00     5.621527E-01     8.618224E+00     4.461216E-01     1.000000E+00 
   28   290    28     1.285322E+01     8.468959E+00     5.705022E-01     8.860158E+00     4.446790E-01     1.000000E+00 
   29   301    29     1.284869E+01     8.468959E+00     5.731351E-01     8.782347E+00     4.418716E-01     1.000000E+00 
   30   312    30     1.280435E+01     8.468959E+00     5.553890E-01     8.560829E+00     4.487889E-01     1.000000E+00 
   31   323    31     1.281045E+01     8.468959E+00     5.627097E-01     8.732687E+00     4.470758E-01     1.000000E+00 
   32   334    32     1.284243E+01     8.468959E+00     5.715841E-01     8.746432E+00     4.435918E-01     1.000000E+00 
   33   345    33     1.284869E+01     8.468959E+00     5.716143E-01     8.689907E+00     4.415518E-01     1.000000E+00 
   34   356    34     1.282091E+01     8.468959E+00     5.642621E-01     8.670721E+00     4.460373E-01     1.000000E+00 
   35   367    35     1.284381E+01     8.468959E+00     5.729324E-01     8.752264E+00     4.451178E-01     1.000000E+00 
   36   378    36     1.288198E+01     8.468959E+00     5.826485E-01     8.818352E+00     4.403688E-01     1.000000E+00 
   37   389    37     1.281546E+01     8.468959E+00     5.633558E-01     8.654470E+00     4.475021E-01     1.000000E+00 
   38   400    38     1.281056E+01     8.468959E+00     5.695152E-01     8.785859E+00     4.485501E-01     1.000000E+00 
   39   411    39     1.284204E+01     8.468959E+00     5.840151E-01     8.994594E+00     4.444235E-01     1.000000E+00 
   40   422    40     1.281877E+01     8.468959E+00     5.702620E-01     8.654977E+00     4.435865E-01     1.000000E+00 
   41   433    41     1.283250E+01     8.468959E+00     5.819427E-01     8.855257E+00     4.463797E-01     1.000000E+00 
   42   444    42     1.287680E+01     8.468959E+00     5.964105E-01     9.091369E+00     4.421314E-01     1.000000E+00 
   43   455    43     1.281306E+01     8.468959E+00     5.649418E-01     8.564477E+00     4.452349E-01     1.000000E+00 
   44   466    44     1.281743E+01     8.468959E+00     5.748921E-01     8.843721E+00     4.501291E-01     1.000000E+00 
   45   477    45     1.289250E+01     8.468959E+00     5.976983E-01     8.964408E+00     4.426332E-01     1.000000E+00 
   46   488    46     1.282719E+01     8.468959E+00     5.753360E-01     8.631877E+00     4.425702E-01     1.000000E+00 
   47   499    47     1.279972E+01     8.468959E+00     5.688240E-01     8.812795E+00     4.526076E-01     1.000000E+00 
   48   510    48     1.283311E+01     8.468959E+00     5.732507E-01     8.715244E+00     4.461503E-01     1.000000E+00 
   49   521    49     1.283293E+01     8.468959E+00     5.784163E-01     8.739795E+00     4.430193E-01     1.000000E+00 
   50   532    50     1.280710E+01     8.468959E+00     5.715721E-01     8.829450E+00     4.487491E-01     1.000000E+00 
   51   543    51     1.284260E+01     8.468959E+00     5.804165E-01     8.755348E+00     4.448321E-01     1.000000E+00 
   52   554    52     1.286008E+01     8.468959E+00     5.977100E-01     8.970940E+00     4.411064E-01     1.000000E+00 
   53   565    53     1.282500E+01     8.468959E+00     5.788931E-01     8.735792E+00     4.479661E-01     1.000000E+00 
   54   576    54     1.286044E+01     8.468959E+00     5.878566E-01     8.734192E+00     4.444341E-01     1.000000E+00 
   55   587    55     1.284446E+01     8.468959E+00     5.844410E-01     8.900557E+00     4.423326E-01     1.000000E+00 
   56   598    56     1.280835E+01     8.468959E+00     5.650357E-01     8.725928E+00     4.491105E-01     1.000000E+00 
   57   609    57     1.281827E+01     8.468959E+00     5.807049E-01     9.061101E+00     4.468609E-01     1.000000E+00 
   58   620    58     1.284024E+01     8.468959E+00     5.915931E-01     9.134731E+00     4.434528E-01     1.000000E+00 
   59   631    59     1.285235E+01     8.468959E+00     5.988495E-01     9.012072E+00     4.422599E-01     1.000000E+00 
   60   642    60     1.283287E+01     8.468959E+00     5.831571E-01     9.016549E+00     4.440988E-01     1.000000E+00 
   61   653    61     1.282832E+01     8.468959E+00     5.780402E-01     8.909157E+00     4.448784E-01     1.000000E+00 
   62   664    62     1.285668E+01     8.468959E+00     5.926584E-01     8.975990E+00     4.426438E-01     1.000000E+00 
   63   675    63     1.285452E+01     8.468959E+00     5.972284E-01     9.171615E+00     4.427370E-01     1.000000E+00 
   64   686    64     1.282334E+01     8.468959E+00     5.778412E-01     8.992428E+00     4.458708E-01     1.000000E+00 
   65   697    65     1.281313E+01     8.468959E+00     5.703888E-01     8.736424E+00     4.458619E-01     1.000000E+00 
   66   708    66     1.283140E+01     8.468959E+00     5.858891E-01     9.036386E+00     4.451509E-01     1.000000E+00 
   67   719    67     1.284782E+01     8.468959E+00     5.924984E-01     8.901827E+00     4.422279E-01     1.000000E+00 
   68   730    68     1.281825E+01     8.468959E+00     5.760174E-01     8.670396E+00     4.454330E-01     1.000000E+00 
   69   741    69     1.285150E+01     8.468959E+00     5.928218E-01     8.828905E+00     4.441903E-01     1.000000E+00 
   70   752    70     1.287743E+01     8.468959E+00     6.153604E-01     9.095305E+00     4.405249E-01     1.000000E+00 
   71   763    71     1.280776E+01     8.468959E+00     5.678192E-01     8.635034E+00     4.486237E-01     1.000000E+00 
   72   774    72     1.282116E+01     8.468959E+00     5.821900E-01     8.850951E+00     4.474492E-01     1.000000E+00 
   73   785    73     1.283333E+01     8.468959E+00     5.947353E-01     8.935649E+00     4.442960E-01     1.000000E+00 
   74   796    74     1.279917E+01     8.468959E+00     5.669258E-01     8.727893E+00     4.464501E-01     1.000000E+00 
   75   807    75     1.280630E+01     8.468959E+00     5.737362E-01     8.668584E+00     4.472116E-01     1.000000E+00 
   76   818    76     1.287252E+01     8.468959E+00     6.147284E-01     8.872749E+00     4.418967E-01     1.000000E+00 
   77   829    77     1.285574E+01     8.468959E+00     6.057061E-01     8.884011E+00     4.402221E-01     1.000000E+00 
   78   840    78     1.282753E+01     8.468959E+00     5.852056E-01     8.789165E+00     4.482643E-01     1.000000E+00 
   79   851    79     1.284295E+01     8.468959E+00     5.931049E-01     8.923331E+00     4.448141E-01     1.000000E+00 
   80   862    80     1.282805E+01     8.468959E+00     5.795230E-01     8.829927E+00     4.442125E-01     1.000000E+00 
   81   873    81     1.281791E+01     8.468959E+00     5.718352E-01     8.691516E+00     4.462904E-01     1.000000E+00 
   82   884    82     1.282664E+01     8.468959E+00     5.854307E-01     8.929592E+00     4.445176E-01     1.000000E+00 
   83   895    83     1.282572E+01     8.468959E+00     5.905303E-01     8.914039E+00     4.435656E-01     1.000000E+00 
   84   906    84     1.281933E+01     8.468959E+00     5.777943E-01     8.652443E+00     4.447974E-01     1.000000E+00 
   85   917    85     1.286429E+01     8.468959E+00     6.060853E-01     8.797442E+00     4.428633E-01     1.000000E+00 
   86   928    86     1.287559E+01     8.468959E+00     6.133596E-01     8.916542E+00     4.394830E-01     1.000000E+00 
   87   939    87     1.280055E+01     8.468959E+00     5.656074E-01     8.634208E+00     4.509562E-01     1.000000E+00 
   88   950    88     1.279332E+01     8.468959E+00     5.629225E-01     8.631742E+00     4.495715E-01     1.000000E+00 
   89   961    89     1.282236E+01     8.468959E+00     5.808833E-01     8.835426E+00     4.452573E-01     1.000000E+00 
   90   972    90     1.284607E+01     8.468959E+00     6.003739E-01     9.085092E+00     4.423711E-01     1.000000E+00 
   91   983    91     1.281833E+01     8.468959E+00     5.765678E-01     8.707613E+00     4.447878E-01     1.000000E+00 
   92   994    92     1.285092E+01     8.468959E+00     5.996086E-01     8.833105E+00     4.436574E-01     1.000000E+00 
   93  1005    93     1.287300E+01     8.468959E+00     6.133315E-01     9.042794E+00     4.410386E-01     1.000000E+00 
   94  1016    94     1.281949E+01     8.468959E+00     5.776773E-01     8.710413E+00     4.472133E-01     1.000000E+00 
   95  1027    95     1.283526E+01     8.468959E+00     5.844485E-01     8.916549E+00     4.460525E-01     1.000000E+00 
   96  1038    96     1.284483E+01     8.468959E+00     5.949736E-01     9.055849E+00     4.430988E-01     1.000000E+00 
   97  1049    97     1.279793E+01     8.468959E+00     5.644598E-01     8.638896E+00     4.475341E-01     1.000000E+00 
   98  1060    98     1.278702E+01     8.468959E+00     5.621090E-01     8.691917E+00     4.488964E-01     1.000000E+00 
   99  1071    99     1.281107E+01     8.468959E+00     5.751140E-01     8.769724E+00     4.460360E-01     1.000000E+00 
  100  1082   100     1.287677E+01     8.468959E+00     6.035187E-01     9.064499E+00     4.405598E-01     1.000000E+00 
  101  1093   101     1.283879E+01     8.468959E+00     5.790351E-01     8.802621E+00     4.420192E-01     1.000000E+00 
  102  1104   102     1.284436E+01     8.468959E+00     5.877471E-01     8.896834E+00     4.465071E-01     1.000000E+00 
  103  1115   103     1.284808E+01     8.468959E+00     5.951655E-01     9.016037E+00     4.426982E-01     1.000000E+00 
  104  1126   104     1.281427E+01     8.468959E+00     5.747937E-01     8.817192E+00     4.476520E-01     1.000000E+00 
  105  1137   105     1.282844E+01     8.468959E+00     5.961976E-01     9.124800E+00     4.461516E-01     1.000000E+00 
  106  1148   106     1.282874E+01     8.468959E+00     5.916475E-01     8.972304E+00     4.432111E-01     1.000000E+00 
  107  1159   107     1.280801E+01     8.468959E+00     5.739859E-01     8.714403E+00     4.470119E-01     1.000000E+00 
  108  1170   108     1.282245E+01     8.468959E+00     5.776738E-01     8.781226E+00     4.454220E-01     1.000000E+00 
  109  1181   109     1.288032E+01     8.468959E+00     5.929839E-01     8.835066E+00     4.416360E-01     1.000000E+00 
  110  1192   110     1.285420E+01     8.468959E+00     5.880646E-01     8.742375E+00     4.405861E-01     1.000000E+00 
  111  1203   111     1.280996E+01     8.468959E+00     5.750365E-01     8.850022E+00     4.496716E-01     1.000000E+00 
  112  1214   112     1.281827E+01     8.468959E+00     5.758833E-01     8.835314E+00     4.469064E-01     1.000000E+00 
  113  1225   113     1.282849E+01     8.468959E+00     5.874352E-01     8.881952E+00     4.446081E-01     1.000000E+00 
  114  1236   114     1.280628E+01     8.468959E+00     5.733757E-01     8.736120E+00     4.451765E-01     1.000000E+00 
  115  1247   115     1.281714E+01     8.468959E+00     5.739640E-01     8.711491E+00     4.455190E-01     1.000000E+00 
  116  1258   116     1.286297E+01     8.468959E+00     5.979878E-01     8.997374E+00     4.413630E-01     1.000000E+00 
  117  1269   117     1.282593E+01     8.468959E+00     5.796301E-01     8.751329E+00     4.431763E-01     1.000000E+00 
  118  1280   118     1.284064E+01     8.468959E+00     5.847970E-01     8.825959E+00     4.470761E-01     1.000000E+00 
  119  1291   119     1.288209E+01     8.468959E+00     5.982813E-01     8.875613E+00     4.405715E-01     1.000000E+00 
  120  1302   120     1.281505E+01     8.468959E+00     5.739066E-01     8.802746E+00     4.480400E-01     1.000000E+00 
  121  1313   121     1.280856E+01     8.468959E+00     5.757694E-01     8.961141E+00     4.486789E-01     1.000000E+00 
  122  1324   122     1.281146E+01     8.468959E+00     5.783393E-01     8.951740E+00     4.447028E-01     1.000000E+00 
  123  1335   123     1.280378E+01     8.468959E+00     5.712010E-01     8.877025E+00     4.457460E-01     1.000000E+00 
  124  1346   124     1.282748E+01     8.468959E+00     5.710355E-01     8.628684E+00     4.441510E-01     1.000000E+00 
  125  1357   125     1.289366E+01     8.468959E+00     5.964891E-01     8.877804E+00     4.391301E-01     1.000000E+00 
  126  1368   126     1.283605E+01     8.468959E+00     5.790517E-01     8.878808E+00     4.441588E-01     1.000000E+00 
  127  1379   127     1.280974E+01     8.468959E+00     5.697481E-01     8.702177E+00     4.492331E-01     1.000000E+00 
  128  1390   128     1.282071E+01     8.468959E+00     5.746407E-01     8.746955E+00     4.458971E-01     1.000000E+00 
  129  1401   129     1.283785E+01     8.468959E+00     5.885711E-01     9.006310E+00     4.439296E-01     1.000000E+00 
  130  1412   130     1.281963E+01     8.468959E+00     5.777216E-01     8.746597E+00     4.441454E-01     1.000000E+00 
  131  1423   131     1.281073E+01     8.468959E+00     5.685247E-01     8.658002E+00     4.453329E-01     1.000000E+00 
  132  1434   132     1.284146E+01     8.468959E+00     5.919691E-01     9.027044E+00     4.436320E-01     1.000000E+00 
  133  1445   133     1.284015E+01     8.468959E+00     5.868082E-01     8.843761E+00     4.426041E-01     1.000000E+00 
  134  1456   134     1.283519E+01     8.468959E+00     5.754337E-01     8.637557E+00     4.451237E-01     1.000000E+00 
  135  1467   135     1.289004E+01     8.468959E+00     6.024563E-01     8.982653E+00     4.410465E-01     1.000000E+00 
  136  1478   136     1.281599E+01     8.468959E+00     5.781535E-01     8.786797E+00     4.468751E-01     1.000000E+00 
  137  1489   137     1.278325E+01     8.468959E+00     5.540432E-01     8.574775E+00     4.504606E-01     1.000000E+00 
  138  1500   138     1.278673E+01     8.468959E+00     5.624077E-01     8.683845E+00     4.487228E-01     1.000000E+00 
  139  1511   139     1.282509E+01     8.468959E+00     5.795131E-01     8.653083E+00     4.447890E-01     1.000000E+00 
  140  1522   140     1.287153E+01     8.468959E+00     6.037500E-01     8.941805E+00     4.393782E-01     1.000000E+00 
  141  1533   141     1.282299E+01     8.468959E+00     5.769790E-01     8.723769E+00     4.466885E-01     1.000000E+00 
  142  1544   142     1.285682E+01     8.468959E+00     5.906687E-01     8.712258E+00     4.447203E-01     1.000000E+00 
  143  1555   143     1.285871E+01     8.468959E+00     5.962887E-01     8.928258E+00     4.414397E-01     1.000000E+00 
  144  1566   144     1.280688E+01     8.468959E+00     5.667513E-01     8.647540E+00     4.493195E-01     1.000000E+00 
  145  1577   145     1.282346E+01     8.468959E+00     5.802289E-01     8.712996E+00     4.469693E-01     1.000000E+00 
  146  1588   146     1.283827E+01     8.468959E+00     5.966953E-01     9.065896E+00     4.433610E-01     1.000000E+00 
  147  1599   147     1.280298E+01     8.468959E+00     5.699506E-01     8.697114E+00     4.462421E-01     1.000000E+00 
  148  1610   148     1.280060E+01     8.468959E+00     5.649544E-01     8.618208E+00     4.472399E-01     1.000000E+00 
  149  1621   149     1.286193E+01     8.468959E+00     5.897356E-01     8.744027E+00     4.433077E-01     1.000000E+00 
  150  1632   150     1.288387E+01     8.468959E+00     6.037325E-01     8.848091E+00     4.384162E-01     1.000000E+00 
  151  1643   151     1.280622E+01     8.468959E+00     5.655215E-01     8.603220E+00     4.501954E-01     1.000000E+00 
  152  1654   152     1.280114E+01     8.468959E+00     5.645408E-01     8.654718E+00     4.487615E-01     1.000000E+00 
  153  1665   153     1.283466E+01     8.468959E+00     5.712711E-01     8.664461E+00     4.447666E-01     1.000000E+00 
  154  1676   154     1.284712E+01     8.468959E+00     5.817424E-01     8.756778E+00     4.419431E-01     1.000000E+00 
  155  1687   155     1.279874E+01     8.468959E+00     5.641878E-01     8.641749E+00     4.477870E-01     1.000000E+00 
  156  1698   156     1.279397E+01     8.468959E+00     5.608269E-01     8.602426E+00     4.475221E-01     1.000000E+00 
  157  1709   157     1.285637E+01     8.468959E+00     5.935873E-01     8.748196E+00     4.436885E-01     1.000000E+00 
  158  1720   158     1.288173E+01     8.468959E+00     6.109227E-01     8.917185E+00     4.388633E-01     1.000000E+00 
  159  1731   159     1.281482E+01     8.468959E+00     5.691041E-01     8.646011E+00     4.494230E-01     1.000000E+00 
  160  1742   160     1.284408E+01     8.468959E+00     5.885527E-01     8.839903E+00     4.460852E-01     1.000000E+00 
  161  1753   161     1.282277E+01     8.468959E+00     5.830184E-01     8.811089E+00     4.445769E-01     1.000000E+00 
  162  1764   162     1.279112E+01     8.468959E+00     5.581253E-01     8.580895E+00     4.485419E-01     1.000000E+00 
  163  1775   163     1.281257E+01     8.468959E+00     5.716659E-01     8.620371E+00     4.468075E-01     1.000000E+00 
  164  1786   164     1.286631E+01     8.468959E+00     5.988923E-01     8.875258E+00     4.417411E-01     1.000000E+00 
  165  1797   165     1.281724E+01     8.468959E+00     5.738215E-01     8.689318E+00     4.433415E-01     1.000000E+00 
  166  1808   166     1.281791E+01     8.468959E+00     5.727744E-01     8.624321E+00     4.485454E-01     1.000000E+00 
  167  1819   167     1.289635E+01     8.468959E+00     6.067363E-01     8.858910E+00     4.421397E-01     1.000000E+00 
  168  1830   168     1.283813E+01     8.468959E+00     5.839429E-01     8.804128E+00     4.419127E-01     1.000000E+00 
  169  1841   169     1.279402E+01     8.468959E+00     5.607765E-01     8.581375E+00     4.514634E-01     1.000000E+00 
  170  1852   170     1.278971E+01     8.468959E+00     5.617804E-01     8.683534E+00     4.486696E-01     1.000000E+00 
  171  1863   171     1.280237E+01     8.468959E+00     5.686330E-01     8.646262E+00     4.464714E-01     1.000000E+00 
  172  1874   172     1.285106E+01     8.468959E+00     5.916736E-01     8.855034E+00     4.420627E-01     1.000000E+00 
  173  1885   173     1.284225E+01     8.468959E+00     5.910169E-01     8.853571E+00     4.410170E-01     1.000000E+00 
  174  1896   174     1.283651E+01     8.468959E+00     5.810865E-01     8.641142E+00     4.460866E-01     1.000000E+00 
  175  1907   175     1.287883E+01     8.468959E+00     6.021631E-01     8.868919E+00     4.414977E-01     1.000000E+00 
  176  1918   176     1.281319E+01     8.468959E+00     5.743557E-01     8.713394E+00     4.475487E-01     1.000000E+00 
  177  1929   177     1.281327E+01     8.468959E+00     5.668718E-01     8.602036E+00     4.471154E-01     1.000000E+00 
  178  1940   178     1.285932E+01     8.468959E+00     5.934524E-01     8.866809E+00     4.429047E-01     1.000000E+00 
  179  1951   179     1.280757E+01     8.468959E+00     5.728614E-01     8.763571E+00     4.447722E-01     1.000000E+00 
  180  1962   180     1.278423E+01     8.468959E+00     5.559109E-01     8.602956E+00     4.498618E-01     1.000000E+00 
  181  1973   181     1.280246E+01     8.468959E+00     5.748318E-01     8.655928E+00     4.473875E-01     1.000000E+00 
  182  1984   182     1.289767E+01     8.468959E+00     6.334244E-01     8.920115E+00     4.405655E-01     1.000000E+00 
  183  1995   183     1.285051E+01     8.468959E+00     6.043584E-01     8.860384E+00     4.399889E-01     1.000000E+00 
  184  2006   184     1.279912E+01     8.468959E+00     5.688784E-01     8.639070E+00     4.512186E-01     1.000000E+00 
  185  2017   185     1.280847E+01     8.468959E+00     5.731901E-01     8.758586E+00     4.479452E-01     1.000000E+00 
  186  2028   186     1.283729E+01     8.468959E+00     5.894218E-01     8.776490E+00     4.444006E-01     1.000000E+00 
  187  2039   187     1.283156E+01     8.468959E+00     5.883130E-01     8.756775E+00     4.425641E-01     1.000000E+00 
  188  2050   188     1.280797E+01     8.468959E+00     5.755856E-01     8.740167E+00     4.466004E-01     1.000000E+00 
  189  2061   189     1.282946E+01     8.468959E+00     5.843103E-01     8.686480E+00     4.449149E-01     1.000000E+00 
  190  2072   190     1.286490E+01     8.468959E+00     6.120684E-01     8.901718E+00     4.415715E-01     1.000000E+00 
  191  2083   191     1.283411E+01     8.468959E+00     5.925543E-01     8.771472E+00     4.443487E-01     1.000000E+00 
  192  2094   192     1.286306E+01     8.468959E+00     6.018084E-01     8.860514E+00     4.430644E-01     1.000000E+00 
  193  2105   193     1.283902E+01     8.468959E+00     5.937200E-01     8.866429E+00     4.426183E-01     1.000000E+00 
  194  2116   194     1.278840E+01     8.468959E+00     5.585369E-01     8.643525E+00     4.498799E-01     1.000000E+00 
  195  2127   195     1.278158E+01     8.468959E+00     5.588506E-01     8.634841E+00     4.490019E-01     1.000000E+00 
  196  2138   196     1.279434E+01     8.468959E+00     5.659300E-01     8.636160E+00     4.465285E-01     1.000000E+00 
  197  2149   197     1.287132E+01     8.468959E+00     6.126865E-01     8.856784E+00     4.415153E-01     1.000000E+00 
  198  2160   198     1.286230E+01     8.468959E+00     6.127446E-01     8.984637E+00     4.391155E-01     1.000000E+00 
  199  2171   199     1.280928E+01     8.468959E+00     5.716106E-01     8.644815E+00     4.500664E-01     1.000000E+00 
  200  2182   200     1.285939E+01     8.468959E+00     5.980458E-01     8.765090E+00     4.452082E-01     1.000000E+00 
  201  2193   201     1.284239E+01     8.468959E+00     5.971841E-01     8.914186E+00     4.431161E-01     1.000000E+00 
  202  2204   202     1.279348E+01     8.468959E+00     5.610087E-01     8.588576E+00     4.494088E-01     1.000000E+00 
  203  2215   203     1.280842E+01     8.468959E+00     5.699798E-01     8.677083E+00     4.473490E-01     1.000000E+00 
  204  2226   204     1.284399E+01     8.468959E+00     5.922811E-01     8.878804E+00     4.431032E-01     1.000000E+00 
  205  2237   205     1.281507E+01     8.468959E+00     5.778613E-01     8.698146E+00     4.436497E-01     1.000000E+00 
  206  2248   206     1.283743E+01     8.468959E+00     5.925567E-01     8.751184E+00     4.451284E-01     1.000000E+00 
  207  2259   207     1.290420E+01     8.468959E+00     6.300846E-01     9.095414E+00     4.396540E-01     1.000000E+00 
  208  2270   208     1.280663E+01     8.468959E+00     5.739531E-01     8.657703E+00     4.490285E-01     1.000000E+00 
  209  2281   209     1.278963E+01     8.468959E+00     5.603628E-01     8.693345E+00     4.491358E-01     1.000000E+00 
  210  2292   210     1.280686E+01     8.468959E+00     5.746489E-01     8.639806E+00     4.466428E-01     1.000000E+00 
  211  2303   211     1.284419E+01     8.468959E+00     5.858881E-01     8.739606E+00     4.425653E-01     1.000000E+00 
  212  2314   212     1.283602E+01     8.468959E+00     5.837985E-01     8.833320E+00     4.416939E-01     1.000000E+00 
  213  2325   213     1.280365E+01     8.468959E+00     5.743154E-01     8.705095E+00     4.476834E-01     1.000000E+00 
  214  2336   214     1.280810E+01     8.468959E+00     5.683893E-01     8.678206E+00     4.462876E-01     1.000000E+00 
  215  2347   215     1.288821E+01     8.468959E+00     6.015724E-01     8.823197E+00     4.421364E-01     1.000000E+00 
  216  2358   216     1.285401E+01     8.468959E+00     5.957281E-01     8.817824E+00     4.404039E-01     1.000000E+00 
  217  2369   217     1.279997E+01     8.468959E+00     5.625746E-01     8.646138E+00     4.506464E-01     1.000000E+00 
  218  2380   218     1.282608E+01     8.468959E+00     5.764455E-01     8.800718E+00     4.470026E-01     1.000000E+00 
  219  2391   219     1.282789E+01     8.468959E+00     5.843098E-01     8.828702E+00     4.435376E-01     1.000000E+00 
  220  2402   220     1.278879E+01     8.468959E+00     5.596745E-01     8.652858E+00     4.479625E-01     1.000000E+00 
  221  2413   221     1.279412E+01     8.468959E+00     5.631909E-01     8.599864E+00     4.472995E-01     1.000000E+00 
  222  2424   222     1.287125E+01     8.468959E+00     5.978043E-01     8.790532E+00     4.421593E-01     1.000000E+00 
  223  2435   223     1.285191E+01     8.468959E+00     5.946044E-01     8.852224E+00     4.397588E-01     1.000000E+00 
  224  2446   224     1.281105E+01     8.468959E+00     5.691013E-01     8.611518E+00     4.502882E-01     1.000000E+00 
  225  2457   225     1.288185E+01     8.468959E+00     5.992275E-01     8.843734E+00     4.440912E-01     1.000000E+00 
  226  2468   226     1.283115E+01     8.468959E+00     5.840022E-01     8.808609E+00     4.430886E-01     1.000000E+00 
  227  2479   227     1.278893E+01     8.468959E+00     5.591892E-01     8.628070E+00     4.507657E-01     1.000000E+00 
  228  2490   228     1.279991E+01     8.468959E+00     5.715287E-01     8.706885E+00     4.478555E-01     1.000000E+00 
  229  2501   229     1.283132E+01     8.468959E+00     5.975098E-01     8.983899E+00     4.442699E-01     1.000000E+00 
  230  2512   230     1.283575E+01     8.468959E+00     5.913668E-01     8.869303E+00     4.422925E-01     1.000000E+00 
  231  2523   231     1.284681E+01     8.468959E+00     5.899881E-01     8.693943E+00     4.430878E-01     1.000000E+00 
  232  2534   232     1.287717E+01     8.468959E+00     6.095346E-01     8.956281E+00     4.410385E-01     1.000000E+00 
  233  2545   233     1.282566E+01     8.468959E+00     5.863065E-01     8.905268E+00     4.452231E-01     1.000000E+00 
  234  2556   234     1.279660E+01     8.468959E+00     5.639104E-01     8.606941E+00     4.479325E-01     1.000000E+00 
  235  2567   235     1.280218E+01     8.468959E+00     5.690420E-01     8.719561E+00     4.469684E-01     1.000000E+00 
  236  2578   236     1.284579E+01     8.468959E+00     5.850739E-01     8.704574E+00     4.430376E-01     1.000000E+00 
  237  2589   237     1.283880E+01     8.468959E+00     5.872008E-01     8.727912E+00     4.413393E-01     1.000000E+00 
  238  2600   238     1.279324E+01     8.468959E+00     5.640163E-01     8.675404E+00     4.492241E-01     1.000000E+00 
  239  2611   239     1.280119E+01     8.468959E+00     5.650158E-01     8.580301E+00     4.473218E-01     1.000000E+00 
  240  2622   240     1.288976E+01     8.468959E+00     6.089342E-01     8.811616E+00     4.421910E-01     1.000000E+00 
  241  2633   241     1.285761E+01     8.468959E+00     5.975083E-01     8.882670E+00     4.398359E-01     1.000000E+00 
  242  2644   242     1.279480E+01     8.468959E+00     5.612094E-01     8.597623E+00     4.513746E-01     1.000000E+00 
  243  2655   243     1.280790E+01     8.468959E+00     5.699397E-01     8.730425E+00     4.480752E-01     1.000000E+00 
  244  2666   244     1.283450E+01     8.468959E+00     5.887361E-01     8.900922E+00     4.441259E-01     1.000000E+00 
  245  2677   245     1.280516E+01     8.468959E+00     5.728897E-01     8.708138E+00     4.440437E-01     1.000000E+00 
  246  2688   246     1.279179E+01     8.468959E+00     5.642996E-01     8.614903E+00     4.471412E-01     1.000000E+00 
  247  2699   247     1.282259E+01     8.468959E+00     5.888095E-01     8.688126E+00     4.451920E-01     1.000000E+00 
  248  2710   248     1.286342E+01     8.468959E+00     6.137628E-01     8.839728E+00     4.403549E-01     1.000000E+00 
  249  2721   249     1.281118E+01     8.468959E+00     5.792739E-01     8.657269E+00     4.458947E-01     1.000000E+00 
  250  2732   250     1.282041E+01     8.468959E+00     5.891137E-01     8.649236E+00     4.467829E-01     1.000000E+00 
  251  2743   251     1.289911E+01     8.468959E+00     6.403676E-01     8.953196E+00     4.408481E-01     1.000000E+00 
  252  2754   252     1.283488E+01     8.468959E+00     5.966626E-01     8.747964E+00     4.427727E-01     1.000000E+00 
  253  2765   253     1.279282E+01     8.468959E+00     5.676244E-01     8.663356E+00     4.507067E-01     1.000000E+00 
  254  2776   254     1.278827E+01     8.468959E+00     5.638903E-01     8.651069E+00     4.481537E-01     1.000000E+00 
  255  2787   255     1.279971E+01     8.468959E+00     5.712609E-01     8.788265E+00     4.465088E-01     1.000000E+00 
  256  2798   256     1.283734E+01     8.468959E+00     5.935128E-01     8.895852E+00     4.426171E-01     1.000000E+00 
  257  2809   257     1.282152E+01     8.468959E+00     5.858722E-01     8.774530E+00     4.420575E-01     1.000000E+00 
  258  2820   258     1.279643E+01     8.468959E+00     5.649641E-01     8.630098E+00     4.479664E-01     1.000000E+00 
  259  2831   259     1.283088E+01     8.468959E+00     5.856053E-01     8.782443E+00     4.451189E-01     1.000000E+00 
  260  2842   260     1.284411E+01     8.468959E+00     5.991219E-01     8.912278E+00     4.414359E-01     1.000000E+00 
  261  2853   261     1.278742E+01     8.468959E+00     5.602940E-01     8.620155E+00     4.491839E-01     1.000000E+00 
  262  2864   262     1.277764E+01     8.468959E+00     5.564601E-01     8.608834E+00     4.488204E-01     1.000000E+00 
  263  2875   263     1.278199E+01     8.468959E+00     5.604733E-01     8.630782E+00     4.468803E-01     1.000000E+00 
  264  2886   264     1.280676E+01     8.468959E+00     5.770207E-01     8.746385E+00     4.442010E-01     1.000000E+00 
  265  2897   265     1.285096E+01     8.468959E+00     6.016878E-01     8.811223E+00     4.403923E-01     1.000000E+00 
  266  2908   266     1.282348E+01     8.468959E+00     5.853861E-01     8.737343E+00     4.427079E-01     1.000000E+00 
  267  2919   267     1.280228E+01     8.468959E+00     5.740264E-01     8.744314E+00     4.466127E-01     1.000000E+00 
  268  2930   268     1.280157E+01     8.468959E+00     5.722532E-01     8.752696E+00     4.458858E-01     1.000000E+00 
  269  2941   269     1.281592E+01     8.468959E+00     5.758422E-01     8.770079E+00     4.440937E-01     1.000000E+00 
  270  2952   270     1.282600E+01     8.468959E+00     5.842904E-01     8.801333E+00     4.428229E-01     1.000000E+00 
  271  2963   271     1.279684E+01     8.468959E+00     5.707594E-01     8.710280E+00     4.456409E-01     1.000000E+00 
  272  2974   272     1.278500E+01     8.468959E+00     5.609918E-01     8.577023E+00     4.474030E-01     1.000000E+00 
  273  2985   273     1.281189E+01     8.468959E+00     5.767015E-01     8.713168E+00     4.452284E-01     1.000000E+00 
  274  2996   274     1.287091E+01     8.468959E+00     6.125451E-01     8.953914E+00     4.399403E-01     1.000000E+00 
  275  3007   275     1.280056E+01     8.468959E+00     5.721812E-01     8.682115E+00     4.460562E-01     1.000000E+00 
  276  3018   276     1.277926E+01     8.468959E+00     5.557379E-01     8.626316E+00     4.497024E-01     1.000000E+00 
  277  3029   277     1.278205E+01     8.468959E+00     5.620390E-01     8.675343E+00     4.475853E-01     1.000000E+00 
  278  3040   278     1.280066E+01     8.468959E+00     5.724453E-01     8.756153E+00     4.451175E-01     1.000000E+00 
  279  3051   279     1.283543E+01     8.468959E+00     5.944919E-01     8.951634E+00     4.415389E-01     1.000000E+00 
  280  3062   280     1.281484E+01     8.468959E+00     5.847429E-01     8.847406E+00     4.426807E-01     1.000000E+00 
  281  3073   281     1.279800E+01     8.468959E+00     5.702078E-01     8.703290E+00     4.465438E-01     1.000000E+00 
  282  3084   282     1.282472E+01     8.468959E+00     5.905729E-01     8.751700E+00     4.446438E-01     1.000000E+00 
  283  3095   283     1.284960E+01     8.468959E+00     6.031428E-01     8.863064E+00     4.413567E-01     1.000000E+00 
  284  3106   284     1.280157E+01     8.468959E+00     5.730494E-01     8.764577E+00     4.467784E-01     1.000000E+00 
  285  3117   285     1.278465E+01     8.468959E+00     5.628913E-01     8.656939E+00     4.482935E-01     1.000000E+00 
  286  3128   286     1.278549E+01     8.468959E+00     5.642708E-01     8.653899E+00     4.465906E-01     1.000000E+00 
  287  3139   287     1.279606E+01     8.468959E+00     5.744699E-01     8.790132E+00     4.450205E-01     1.000000E+00 
  288  3150   288     1.282393E+01     8.468959E+00     5.892604E-01     8.783029E+00     4.422900E-01     1.000000E+00 
  289  3161   289     1.284567E+01     8.468959E+00     6.070384E-01     8.900854E+00     4.416037E-01     1.000000E+00 
  290  3172   290     1.281221E+01     8.468959E+00     5.824360E-01     8.759386E+00     4.437160E-01     1.000000E+00 
  291  3183   291     1.279779E+01     8.468959E+00     5.705156E-01     8.696414E+00     4.472160E-01     1.000000E+00 
  292  3194   292     1.281838E+01     8.468959E+00     5.817281E-01     8.825275E+00     4.452510E-01     1.000000E+00 
  293  3205   293     1.283111E+01     8.468959E+00     5.902088E-01     8.988630E+00     4.424984E-01     1.000000E+00 
  294  3216   294     1.279152E+01     8.468958E+00     5.677474E-01     8.746209E+00     4.468187E-01     1.000000E+00 
  295  3227   295     1.277734E+01     8.468958E+00     5.557153E-01     8.607244E+00     4.482864E-01     1.000000E+00 
  296  3238   296     1.277782E+01     8.468958E+00     5.584754E-01     8.605694E+00     4.467914E-01     1.000000E+00 
  297  3249   297     1.280069E+01     8.468958E+00     5.768995E-01     8.697569E+00     4.448377E-01     1.000000E+00 
  298  3260   298     1.287011E+01     8.468958E+00     6.275579E-01     9.066079E+00     4.396167E-01     1.000000E+00 
  299  3271   299     1.281105E+01     8.468958E+00     5.855865E-01     8.815254E+00     4.432668E-01     1.000000E+00 
  300  3282   300     1.278335E+01     8.468958E+00     5.603434E-01     8.628049E+00     4.498798E-01     1.000000E+00 
  301  3293   301     1.279363E+01     8.468958E+00     5.686952E-01     8.706957E+00     4.470278E-01     1.000000E+00 
  302  3304   302     1.282235E+01     8.468958E+00     5.931145E-01     8.977671E+00     4.441853E-01     1.000000E+00 
  303  3315   303     1.281864E+01     8.468958E+00     5.855399E-01     8.883377E+00     4.421296E-01     1.000000E+00 
  304  3326   304     1.279823E+01     8.468958E+00     5.739425E-01     8.844666E+00     4.463799E-01     1.000000E+00 
  305  3337   305     1.279477E+01     8.468958E+00     5.724361E-01     8.690163E+00     4.456998E-01     1.000000E+00 
  306  3348   306     1.280880E+01     8.468958E+00     5.814826E-01     8.754726E+00     4.444382E-01     1.000000E+00 
  307  3359   307     1.284982E+01     8.468958E+00     6.108107E-01     8.897082E+00     4.416422E-01     1.000000E+00 
  308  3370   308     1.282707E+01     8.468958E+00     5.949212E-01     8.852181E+00     4.418674E-01     1.000000E+00 
  309  3381   309     1.278987E+01     8.468958E+00     5.656029E-01     8.665753E+00     4.480266E-01     1.000000E+00 
  310  3392   310     1.278418E+01     8.468958E+00     5.627360E-01     8.643841E+00     4.472450E-01     1.000000E+00 
  311  3403   311     1.279154E+01     8.468958E+00     5.668544E-01     8.695433E+00     4.458174E-01     1.000000E+00 
  312  3414   312     1.282470E+01     8.468958E+00     5.881628E-01     8.782248E+00     4.431379E-01     1.000000E+00 
  313  3425   313     1.284247E+01     8.468958E+00     6.003934E-01     8.843572E+00     4.410687E-01     1.000000E+00 
  314  3436   314     1.280343E+01     8.468958E+00     5.776893E-01     8.676319E+00     4.461568E-01     1.000000E+00 
  315  3447   315     1.280848E+01     8.468958E+00     5.758734E-01     8.739427E+00     4.459183E-01     1.000000E+00 
  316  3458   316     1.284541E+01     8.468958E+00     5.937385E-01     8.826220E+00     4.426228E-01     1.000000E+00 
  317  3469   317     1.280852E+01     8.468958E+00     5.785833E-01     8.803066E+00     4.440087E-01     1.000000E+00 
  318  3480   318     1.278007E+01     8.468958E+00     5.556864E-01     8.600626E+00     4.488473E-01     1.000000E+00 
  319  3491   319     1.277575E+01     8.468958E+00     5.569160E-01     8.577881E+00     4.478232E-01     1.000000E+00 
  320  3502   320     1.277819E+01     8.468958E+00     5.592475E-01     8.654030E+00     4.461918E-01     1.000000E+00 
  321  3513   321     1.279861E+01     8.468958E+00     5.766216E-01     8.635988E+00     4.441828E-01     1.000000E+00 
  322  3524   322     1.285515E+01     8.468958E+00     6.220087E-01     9.109465E+00     4.405862E-01     1.000000E+00 
  323  3535   323     1.282148E+01     8.468958E+00     5.941362E-01     8.774297E+00     4.415487E-01     1.000000E+00 
  324  3546   324     1.279880E+01     8.468958E+00     5.745175E-01     8.636105E+00     4.476603E-01     1.000000E+00 
  325  3557   325     1.281135E+01     8.468958E+00     5.841545E-01     8.910456E+00     4.455408E-01     1.000000E+00 
  326  3568   326     1.281810E+01     8.468958E+00     5.832678E-01     8.852208E+00     4.437470E-01     1.000000E+00 
  327  3579   327     1.281540E+01     8.468958E+00     5.836572E-01     8.838475E+00     4.433792E-01     1.000000E+00 
  328  3590   328     1.280038E+01     8.468958E+00     5.770854E-01     8.801574E+00     4.445298E-01     1.000000E+00 
  329  3601   329     1.278333E+01     8.468958E+00     5.629983E-01     8.587587E+00     4.463666E-01     1.000000E+00 
  330  3612   330     1.277660E+01     8.468958E+00     5.574148E-01     8.646989E+00     4.464924E-01     1.000000E+00 
  331  3623   331     1.277919E+01     8.468958E+00     5.592838E-01     8.582165E+00     4.456279E-01     1.000000E+00 
  332  3634   332     1.281267E+01     8.468958E+00     5.812470E-01     8.683544E+00     4.435241E-01     1.000000E+00 
  333  3645   333     1.287224E+01     8.468958E+00     6.216716E-01     9.070342E+00     4.388298E-01     1.000000E+00 
  334  3656   334     1.279669E+01     8.468958E+00     5.708935E-01     8.648929E+00     4.464956E-01     1.000000E+00 
  335  3667   335     1.278644E+01     8.468958E+00     5.611335E-01     8.629708E+00     4.489351E-01     1.000000E+00 
  336  3678   336     1.281874E+01     8.468958E+00     5.833598E-01     8.827080E+00     4.449475E-01     1.000000E+00 
  337  3689   337     1.283276E+01     8.468958E+00     5.935914E-01     9.009619E+00     4.423964E-01     1.000000E+00 
  338  3700   338     1.279133E+01     8.468958E+00     5.657420E-01     8.689294E+00     4.466968E-01     1.000000E+00 
  339  3711   339     1.278431E+01     8.468958E+00     5.630321E-01     8.718192E+00     4.471098E-01     1.000000E+00 
  340  3722   340     1.279146E+01     8.468958E+00     5.719376E-01     8.683015E+00     4.456847E-01     1.000000E+00 
  341  3733   341     1.281402E+01     8.468958E+00     5.854369E-01     8.797048E+00     4.432623E-01     1.000000E+00 
  342  3744   342     1.285015E+01     8.468958E+00     6.103760E-01     8.905773E+00     4.412705E-01     1.000000E+00 
  343  3755   343     1.282197E+01     8.468958E+00     5.908423E-01     8.695679E+00     4.424535E-01     1.000000E+00 
  344  3766   344     1.279236E+01     8.468958E+00     5.695922E-01     8.784152E+00     4.476736E-01     1.000000E+00 
  345  3777   345     1.279112E+01     8.468958E+00     5.676706E-01     8.680684E+00     4.466358E-01     1.000000E+00 
  346  3788   346     1.281186E+01     8.468958E+00     5.814585E-01     8.886261E+00     4.445985E-01     1.000000E+00 
  347  3799   347     1.282832E+01     8.468958E+00     5.931415E-01     8.943413E+00     4.421336E-01     1.000000E+00 
  348  3810   348     1.279900E+01     8.468958E+00     5.745166E-01     8.637791E+00     4.452855E-01     1.000000E+00 
  349  3821   349     1.278372E+01     8.468958E+00     5.619292E-01     8.729785E+00     4.470209E-01     1.000000E+00 
  350  3832   350     1.278284E+01     8.468958E+00     5.612147E-01     8.589121E+00     4.462730E-01     1.000000E+00 
  351  3843   351     1.280441E+01     8.468958E+00     5.711105E-01     8.676535E+00     4.447846E-01     1.000000E+00 
  352  3854   352     1.286895E+01     8.468958E+00     6.024344E-01     8.927628E+00     4.399300E-01     1.000000E+00 
  353  3865   353     1.281137E+01     8.468958E+00     5.781098E-01     8.693139E+00     4.438207E-01     1.000000E+00 
  354  3876   354     1.277941E+01     8.468958E+00     5.547878E-01     8.623165E+00     4.496747E-01     1.000000E+00 
  355  3887   355     1.278074E+01     8.468958E+00     5.594928E-01     8.614832E+00     4.478764E-01     1.000000E+00 
  356  3898   356     1.280518E+01     8.468958E+00     5.761635E-01     8.727043E+00     4.451620E-01     1.000000E+00 
  357  3909   357     1.283696E+01     8.468958E+00     6.002450E-01     9.059889E+00     4.410475E-01     1.000000E+00 
  358  3920   358     1.279630E+01     8.468958E+00     5.713596E-01     8.758577E+00     4.455169E-01     1.000000E+00 
  359  3931   359     1.278179E+01     8.468958E+00     5.585194E-01     8.590491E+00     4.475481E-01     1.000000E+00 
  360  3942   360     1.278552E+01     8.468958E+00     5.645635E-01     8.738365E+00     4.463383E-01     1.000000E+00 
  361  3953   361     1.279022E+01     8.468958E+00     5.688123E-01     8.651993E+00     4.443515E-01     1.000000E+00 
  362  3964   362     1.278744E+01     8.468958E+00     5.673348E-01     8.752009E+00     4.441680E-01     1.000000E+00 
  363  3975   363     1.278948E+01     8.468958E+00     5.676379E-01     8.669223E+00     4.442102E-01     1.000000E+00 
  364  3986   364     1.281787E+01     8.468958E+00     5.870818E-01     8.973899E+00     4.426599E-01     1.000000E+00 
  365  3997   365     1.282830E+01     8.468958E+00     5.964957E-01     8.950175E+00     4.411685E-01     1.000000E+00 
  366  4008   366     1.278661E+01     8.468958E+00     5.639186E-01     8.657292E+00     4.469119E-01     1.000000E+00 
  367  4019   367     1.277569E+01     8.468958E+00     5.551342E-01     8.585925E+00     4.478951E-01     1.000000E+00 
  368  4030   368     1.277498E+01     8.468958E+00     5.562236E-01     8.614232E+00     4.465473E-01     1.000000E+00 
  369  4041   369     1.277768E+01     8.468958E+00     5.595794E-01     8.613414E+00     4.454270E-01     1.000000E+00 
  370  4052   370     1.278890E+01     8.468958E+00     5.706171E-01     8.786485E+00     4.441980E-01     1.000000E+00 
  371  4063   371     1.282013E+01     8.468958E+00     5.981981E-01     9.067622E+00     4.422293E-01     1.000000E+00 
  372  4074   372     1.282343E+01     8.468958E+00     6.009660E-01     9.089745E+00     4.410799E-01     1.000000E+00 
  373  4085   373     1.279296E+01     8.468958E+00     5.710202E-01     8.758520E+00     4.464663E-01     1.000000E+00 
  374  4096   374     1.278421E+01     8.468958E+00     5.635691E-01     8.623046E+00     4.466185E-01     1.000000E+00 
  375  4107   375     1.278267E+01     8.468958E+00     5.628438E-01     8.707699E+00     4.457320E-01     1.000000E+00 
  376  4118   376     1.278340E+01     8.468958E+00     5.642169E-01     8.615254E+00     4.449094E-01     1.000000E+00 
  377  4129   377     1.278706E+01     8.468958E+00     5.664231E-01     8.689003E+00     4.441118E-01     1.000000E+00 
  378  4140   378     1.279626E+01     8.468958E+00     5.708034E-01     8.720393E+00     4.436997E-01     1.000000E+00 
  379  4151   379     1.281600E+01     8.468958E+00     5.800735E-01     8.832387E+00     4.422344E-01     1.000000E+00 
  380  4162   380     1.282148E+01     8.468958E+00     5.825683E-01     8.941277E+00     4.421623E-01     1.000000E+00 
  381  4173   381     1.279642E+01     8.468958E+00     5.705036E-01     8.716107E+00     4.451694E-01     1.000000E+00 
  382  4184   382     1.278113E+01     8.468958E+00     5.592293E-01     8.654273E+00     4.469633E-01     1.000000E+00 
  383  4195   383     1.277604E+01     8.468958E+00     5.571219E-01     8.619144E+00     4.464278E-01     1.000000E+00 
  384  4206   384     1.277438E+01     8.468958E+00     5.560619E-01     8.602469E+00     4.456765E-01     1.000000E+00 
  385  4217   385     1.277418E+01     8.468958E+00     5.567428E-01     8.613711E+00     4.450076E-01     1.000000E+00 
  386  4228   386     1.277577E+01     8.468958E+00     5.582172E-01     8.617600E+00     4.445136E-01     1.000000E+00 
  387  4239   387     1.278179E+01     8.468958E+00     5.618687E-01     8.650149E+00     4.437985E-01     1.000000E+00 
  388  4250   388     1.280094E+01     8.468958E+00     5.724451E-01     8.768435E+00     4.430234E-01     1.000000E+00 
  389  4261   389     1.282407E+01     8.468958E+00     5.798350E-01     8.880537E+00     4.408666E-01     1.000000E+00 
  390  4272   390     1.281126E+01     8.468958E+00     5.739038E-01     8.766472E+00     4.429390E-01     1.000000E+00 
  391  4283   391     1.279708E+01     8.468958E+00     5.690801E-01     8.699164E+00     4.456267E-01     1.000000E+00 
  392  4294   392     1.278890E+01     8.468958E+00     5.656417E-01     8.646635E+00     4.452143E-01     1.000000E+00 
  393  4305   393     1.278232E+01     8.468958E+00     5.629826E-01     8.639806E+00     4.458481E-01     1.000000E+00 
  394  4316   394     1.277920E+01     8.468958E+00     5.589149E-01     8.637144E+00     4.450952E-01     1.000000E+00 
  395  4327   395     1.277972E+01     8.468958E+00     5.609307E-01     8.643200E+00     4.450306E-01     1.000000E+00 
  396  4338   396     1.278394E+01     8.468958E+00     5.633557E-01     8.703635E+00     4.440715E-01     1.000000E+00 
  397  4349   397     1.279900E+01     8.468958E+00     5.753331E-01     8.790870E+00     4.435193E-01     1.000000E+00 
  398  4360   398     1.282818E+01     8.468958E+00     5.978112E-01     9.003121E+00     4.412410E-01     1.000000E+00 
  399  4371   399     1.281118E+01     8.468958E+00     5.827635E-01     8.941235E+00     4.418551E-01     1.000000E+00 
  400  4382   400     1.278467E+01     8.468958E+00     5.621711E-01     8.651706E+00     4.473769E-01     1.000000E+00 
  401  4393   401     1.277759E+01     8.468958E+00     5.576714E-01     8.645164E+00     4.468284E-01     1.000000E+00 
  402  4404   402     1.277652E+01     8.468958E+00     5.577608E-01     8.593964E+00     4.459401E-01     1.000000E+00 
  403  4415   403     1.277883E+01     8.468958E+00     5.632117E-01     8.660524E+00     4.450006E-01     1.000000E+00 
  404  4426   404     1.278405E+01     8.468958E+00     5.663648E-01     8.670808E+00     4.439211E-01     1.000000E+00 
  405  4437   405     1.278823E+01     8.468958E+00     5.745674E-01     8.774008E+00     4.435150E-01     1.000000E+00 
  406  4448   406     1.278375E+01     8.468958E+00     5.655297E-01     8.674070E+00     4.433823E-01     1.000000E+00 
  407  4459   407     1.277763E+01     8.468958E+00     5.615863E-01     8.645820E+00     4.456467E-01     1.000000E+00 
  408  4470   408     1.277445E+01     8.468958E+00     5.563897E-01     8.595682E+00     4.451274E-01     1.000000E+00 
  409  4481   409     1.277350E+01     8.468958E+00     5.568204E-01     8.599106E+00     4.449405E-01     1.000000E+00 
  410  4492   410     1.277355E+01     8.468958E+00     5.568388E-01     8.604702E+00     4.444576E-01     1.000000E+00 
  411  4503   411     1.277451E+01     8.468958E+00     5.579881E-01     8.605031E+00     4.443051E-01     1.000000E+00 
  412  4514   412     1.277677E+01     8.468958E+00     5.611384E-01     8.663464E+00     4.440166E-01     1.000000E+00 
  413  4525   413     1.278081E+01     8.468958E+00     5.641437E-01     8.642307E+00     4.437401E-01     1.000000E+00 
  414  4536   414     1.278505E+01     8.468958E+00     5.702999E-01     8.781850E+00     4.435011E-01     1.000000E+00 
  415  4547   415     1.278503E+01     8.468958E+00     5.680690E-01     8.633020E+00     4.432270E-01     1.000000E+00 
  416  4558   416     1.278187E+01     8.468958E+00     5.663318E-01     8.748857E+00     4.445202E-01     1.000000E+00 
  417  4569   417     1.277945E+01     8.468958E+00     5.622084E-01     8.600121E+00     4.441950E-01     1.000000E+00 
  418  4580   418     1.277881E+01     8.468958E+00     5.624922E-01     8.693320E+00     4.447801E-01     1.000000E+00 
  419  4591   419     1.277830E+01     8.468958E+00     5.616720E-01     8.635346E+00     4.443066E-01     1.000000E+00 
  420  4602   420     1.277734E+01     8.468958E+00     5.608747E-01     8.668362E+00     4.446518E-01     1.000000E+00 
  421  4613   421     1.277593E+01     8.468958E+00     5.595355E-01     8.628798E+00     4.443787E-01     1.000000E+00 
  422  4624   422     1.277504E+01     8.468958E+00     5.583942E-01     8.632823E+00     4.446312E-01     1.000000E+00 
  423  4635   423     1.277513E+01     8.468958E+00     5.588017E-01     8.622713E+00     4.443739E-01     1.000000E+00 
  424  4646   424     1.277740E+01     8.468958E+00     5.607801E-01     8.631095E+00     4.440750E-01     1.000000E+00 
  425  4657   425     1.278293E+01     8.468958E+00     5.666189E-01     8.696576E+00     4.436610E-01     1.000000E+00 
  426  4668   426     1.278883E+01     8.468958E+00     5.722463E-01     8.722735E+00     4.429744E-01     1.000000E+00 
  427  4679   427     1.278601E+01     8.468958E+00     5.697322E-01     8.731636E+00     4.433119E-01     1.000000E+00 
  428  4690   428     1.277880E+01     8.468958E+00     5.619163E-01     8.623930E+00     4.448572E-01     1.000000E+00 
  429  4701   429     1.277494E+01     8.468958E+00     5.579231E-01     8.623364E+00     4.453314E-01     1.000000E+00 
  430  4712   430     1.277389E+01     8.468958E+00     5.571374E-01     8.584730E+00     4.449840E-01     1.000000E+00 
  431  4723   431     1.277430E+01     8.468958E+00     5.577316E-01     8.631860E+00     4.444692E-01     1.000000E+00 
  432  4734   432     1.277625E+01     8.468958E+00     5.598425E-01     8.600954E+00     4.443075E-01     1.000000E+00 
  433  4745   433     1.278025E+01     8.468958E+00     5.634182E-01     8.678739E+00     4.436749E-01     1.000000E+00 
  434  4756   434     1.278540E+01     8.468958E+00     5.680179E-01     8.663381E+00     4.435595E-01     1.000000E+00 
  435  4767   435     1.278613E+01     8.468958E+00     5.683440E-01     8.703566E+00     4.431226E-01     1.000000E+00 
  436  4778   436     1.278232E+01     8.468958E+00     5.643978E-01     8.659386E+00     4.440785E-01     1.000000E+00 
  437  4789   437     1.277899E+01     8.468958E+00     5.611179E-01     8.622217E+00     4.446923E-01     1.000000E+00 
  438  4800   438     1.277816E+01     8.468958E+00     5.604894E-01     8.657486E+00     4.443900E-01     1.000000E+00 
  439  4811   439     1.277799E+01     8.468958E+00     5.606726E-01     8.630616E+00     4.446470E-01     1.000000E+00 
  440  4822   440     1.277759E+01     8.468958E+00     5.604751E-01     8.669114E+00     4.441191E-01     1.000000E+00 
  441  4833   441     1.277648E+01     8.468958E+00     5.596116E-01     8.614271E+00     4.445499E-01     1.000000E+00 
  442  4844   442     1.277554E+01     8.468958E+00     5.585360E-01     8.646513E+00     4.442238E-01     1.000000E+00 
  443  4855   443     1.277551E+01     8.468958E+00     5.585908E-01     8.585622E+00     4.445012E-01     1.000000E+00 
  444  4866   444     1.277749E+01     8.468958E+00     5.594525E-01     8.640148E+00     4.439283E-01     1.000000E+00 
  445  4877   445     1.278287E+01     8.468958E+00     5.640544E-01     8.640591E+00     4.437472E-01     1.000000E+00 
  446  4888   446     1.278844E+01     8.468958E+00     5.672183E-01     8.698790E+00     4.429216E-01     1.000000E+00 
  447  4899   447     1.278616E+01     8.468958E+00     5.667310E-01     8.687643E+00     4.435129E-01     1.000000E+00 
  448  4910   448     1.277882E+01     8.468958E+00     5.598647E-01     8.644739E+00     4.446778E-01     1.000000E+00 
  449  4921   449     1.277484E+01     8.468958E+00     5.573896E-01     8.598437E+00     4.454758E-01     1.000000E+00 
  450  4932   450     1.277339E+01     8.468958E+00     5.561912E-01     8.607591E+00     4.450632E-01     1.000000E+00 
  451  4943   451     1.277313E+01     8.468958E+00     5.566750E-01     8.594117E+00     4.446176E-01     1.000000E+00 
  452  4954   452     1.277344E+01     8.468958E+00     5.571256E-01     8.607263E+00     4.443569E-01     1.000000E+00 
  453  4965   453     1.277451E+01     8.468958E+00     5.583619E-01     8.616493E+00     4.441336E-01     1.000000E+00 
  454  4976   454     1.277685E+01     8.468958E+00     5.603364E-01     8.628081E+00     4.439745E-01     1.000000E+00 
  455  4987   455     1.278092E+01     8.468958E+00     5.635130E-01     8.681801E+00     4.436972E-01     1.000000E+00 
  456  4998   456     1.278510E+01     8.468958E+00     5.661200E-01     8.667140E+00     4.433816E-01     1.000000E+00 
  457  5009   457     1.278518E+01     8.468958E+00     5.656088E-01     8.707924E+00     4.433755E-01     1.000000E+00 
  458  5020   458     1.278215E+01     8.468958E+00     5.628805E-01     8.603155E+00     4.440131E-01     1.000000E+00 
  459  5031   459     1.277989E+01     8.468958E+00     5.619194E-01     8.680491E+00     4.445134E-01     1.000000E+00 
  460  5042   460     1.277919E+01     8.468958E+00     5.619228E-01     8.617374E+00     4.444335E-01     1.000000E+00 
  461  5053   461     1.277850E+01     8.468958E+00     5.623246E-01     8.684969E+00     4.443975E-01     1.000000E+00 
  462  5064   462     1.277729E+01     8.468958E+00     5.610361E-01     8.630417E+00     4.443921E-01     1.000000E+00 
  463  5075   463     1.277590E+01     8.468958E+00     5.598027E-01     8.649131E+00     4.445624E-01     1.000000E+00 
  464  5086   464     1.277518E+01     8.468958E+00     5.588473E-01     8.614945E+00     4.444821E-01     1.000000E+00 
  465  5097   465     1.277598E+01     8.468958E+00     5.591668E-01     8.614168E+00     4.442255E-01     1.000000E+00 
  466  5108   466     1.277932E+01     8.468958E+00     5.624894E-01     8.660364E+00     4.439715E-01     1.000000E+00 
  467  5119   467     1.278570E+01     8.468958E+00     5.669849E-01     8.660430E+00     4.432407E-01     1.000000E+00 
  468  5130   468     1.278827E+01     8.468958E+00     5.706339E-01     8.748754E+00     4.432256E-01     1.000000E+00 
  469  5141   469     1.278249E+01     8.468958E+00     5.642021E-01     8.627268E+00     4.437905E-01     1.000000E+00 
  470  5152   470     1.277646E+01     8.468958E+00     5.594691E-01     8.645639E+00     4.454785E-01     1.000000E+00 
  471  5163   471     1.277397E+01     8.468958E+00     5.566036E-01     8.579493E+00     4.450907E-01     1.000000E+00 
  472  5174   472     1.277322E+01     8.468958E+00     5.567555E-01     8.613802E+00     4.448156E-01     1.000000E+00 
  473  5185   473     1.277340E+01     8.468958E+00     5.567325E-01     8.595535E+00     4.443782E-01     1.000000E+00 
  474  5196   474     1.277458E+01     8.468958E+00     5.581751E-01     8.617592E+00     4.442131E-01     1.000000E+00 
  475  5207   475     1.277741E+01     8.468958E+00     5.600406E-01     8.632400E+00     4.438631E-01     1.000000E+00 
  476  5218   476     1.278291E+01     8.468958E+00     5.646113E-01     8.686541E+00     4.436298E-01     1.000000E+00 
  477  5229   477     1.278715E+01     8.468958E+00     5.676267E-01     8.707321E+00     4.431438E-01     1.000000E+00 
  478  5240   478     1.278501E+01     8.468958E+00     5.658955E-01     8.687538E+00     4.435386E-01     1.000000E+00 
  479  5251   479     1.277974E+01     8.468958E+00     5.610664E-01     8.622725E+00     4.445622E-01     1.000000E+00 
  480  5262   480     1.277757E+01     8.468958E+00     5.590273E-01     8.627177E+00     4.447629E-01     1.000000E+00 
  481  5273   481     1.277734E+01     8.468958E+00     5.589295E-01     8.608508E+00     4.447443E-01     1.000000E+00 
  482  5284   482     1.277793E+01     8.468958E+00     5.593839E-01     8.636416E+00     4.442267E-01     1.000000E+00 
  483  5295   483     1.277767E+01     8.468958E+00     5.595156E-01     8.615565E+00     4.443753E-01     1.000000E+00 
  484  5306   484     1.277660E+01     8.468958E+00     5.586634E-01     8.631307E+00     4.441233E-01     1.000000E+00 
  485  5317   485     1.277524E+01     8.468958E+00     5.580586E-01     8.602402E+00     4.445337E-01     1.000000E+00 
  486  5328   486     1.277438E+01     8.468958E+00     5.571593E-01     8.620563E+00     4.442702E-01     1.000000E+00 
  487  5339   487     1.277451E+01     8.468958E+00     5.580288E-01     8.600040E+00     4.443460E-01     1.000000E+00 
  488  5350   488     1.277627E+01     8.468958E+00     5.582983E-01     8.628700E+00     4.439585E-01     1.000000E+00 
  489  5361   489     1.278134E+01     8.468958E+00     5.635937E-01     8.667480E+00     4.437379E-01     1.000000E+00 
  490  5372   490     1.278753E+01     8.468958E+00     5.653033E-01     8.675718E+00     4.430603E-01     1.000000E+00 
  491  5383   491     1.278723E+01     8.468958E+00     5.680066E-01     8.718997E+00     4.432407E-01     1.000000E+00 
  492  5394   492     1.277980E+01     8.468958E+00     5.597334E-01     8.629551E+00     4.443225E-01     1.000000E+00 
  493  5405   493     1.277530E+01     8.468958E+00     5.580468E-01     8.608545E+00     4.455373E-01     1.000000E+00 
  494  5416   494     1.277360E+01     8.468958E+00     5.560813E-01     8.600179E+00     4.450786E-01     1.000000E+00 
  495  5427   495     1.277332E+01     8.468958E+00     5.571563E-01     8.600527E+00     4.446964E-01     1.000000E+00 
  496  5438   496     1.277362E+01     8.468958E+00     5.574580E-01     8.615466E+00     4.443691E-01     1.000000E+00 
  497  5449   497     1.277442E+01     8.468958E+00     5.590706E-01     8.632307E+00     4.441976E-01     1.000000E+00 
  498  5460   498     1.277565E+01     8.468958E+00     5.603914E-01     8.646652E+00     4.440401E-01     1.000000E+00 
  499  5471   499     1.277710E+01     8.468958E+00     5.624436E-01     8.678304E+00     4.439781E-01     1.000000E+00 
  500  5482   500     1.277828E+01     8.468958E+00     5.635012E-01     8.671485E+00     4.438982E-01     1.000000E+00 
  501  5493   501     1.277896E+01     8.468958E+00     5.640169E-01     8.684061E+00     4.439319E-01     1.000000E+00 
  502  5504   502     1.277996E+01     8.468958E+00     5.647107E-01     8.655980E+00     4.439037E-01     1.000000E+00 
  503  5515   503     1.278243E+01     8.468958E+00     5.668046E-01     8.695171E+00     4.436684E-01     1.000000E+00 
  504  5526   504     1.278549E+01     8.468958E+00     5.706339E-01     8.681944E+00     4.433448E-01     1.000000E+00 
  505  5537   505     1.278503E+01     8.468958E+00     5.698274E-01     8.731589E+00     4.433247E-01     1.000000E+00 
  506  5548   506     1.278052E+01     8.468958E+00     5.653777E-01     8.653971E+00     4.443778E-01     1.000000E+00 
  507  5559   507     1.277645E+01     8.468958E+00     5.602310E-01     8.638231E+00     4.449783E-01     1.000000E+00 
  508  5570   508     1.277436E+01     8.468958E+00     5.582616E-01     8.610314E+00     4.448912E-01     1.000000E+00 
  509  5581   509     1.277372E+01     8.468958E+00     5.575078E-01     8.612533E+00     4.446274E-01     1.000000E+00 
  510  5592   510     1.277423E+01     8.468958E+00     5.585336E-01     8.613340E+00     4.443100E-01     1.000000E+00 
  511  5603   511     1.277669E+01     8.468958E+00     5.613420E-01     8.622595E+00     4.440308E-01     1.000000E+00 
  512  5614   512     1.278242E+01     8.468958E+00     5.681457E-01     8.685600E+00     4.434818E-01     1.000000E+00 
  513  5625   513     1.278874E+01     8.468958E+00     5.750213E-01     8.718873E+00     4.429257E-01     1.000000E+00 
  514  5636   514     1.278629E+01     8.468958E+00     5.720210E-01     8.726468E+00     4.429717E-01     1.000000E+00 
  515  5647   515     1.277901E+01     8.468958E+00     5.630894E-01     8.623165E+00     4.447648E-01     1.000000E+00 
  516  5658   516     1.277514E+01     8.468958E+00     5.583959E-01     8.629058E+00     4.451984E-01     1.000000E+00 
  517  5669   517     1.277411E+01     8.468958E+00     5.576562E-01     8.598342E+00     4.448398E-01     1.000000E+00 
  518  5680   518     1.277439E+01     8.468958E+00     5.581446E-01     8.641118E+00     4.446279E-01     1.000000E+00 
  519  5691   519     1.277536E+01     8.468958E+00     5.598885E-01     8.622714E+00     4.442156E-01     1.000000E+00 
  520  5702   520     1.277659E+01     8.468958E+00     5.611169E-01     8.684844E+00     4.442048E-01     1.000000E+00 
  521  5713   521     1.277736E+01     8.468958E+00     5.625932E-01     8.647017E+00     4.439063E-01     1.000000E+00 
  522  5724   522     1.277705E+01     8.468958E+00     5.617269E-01     8.692890E+00     4.441346E-01     1.000000E+00 
  523  5735   523     1.277587E+01     8.468958E+00     5.607293E-01     8.632972E+00     4.441921E-01     1.000000E+00 
  524  5746   524     1.277459E+01     8.468958E+00     5.587473E-01     8.644698E+00     4.444833E-01     1.000000E+00 
  525  5757   525     1.277365E+01     8.468958E+00     5.579519E-01     8.606972E+00     4.443420E-01     1.000000E+00 
  526  5768   526     1.277310E+01     8.468958E+00     5.571372E-01     8.616207E+00     4.442687E-01     1.000000E+00 
  527  5779   527     1.277284E+01     8.468958E+00     5.570744E-01     8.606146E+00     4.441249E-01     1.000000E+00 
  528  5790   528     1.277278E+01     8.468958E+00     5.569910E-01     8.606749E+00     4.439950E-01     1.000000E+00 
  529  5801   529     1.277291E+01     8.468958E+00     5.572414E-01     8.613647E+00     4.439864E-01     1.000000E+00 
  530  5812   530     1.277326E+01     8.468958E+00     5.577100E-01     8.603742E+00     4.438323E-01     1.000000E+00 
  531  5823   531     1.277391E+01     8.468958E+00     5.584171E-01     8.640221E+00     4.439665E-01     1.000000E+00 
  532  5834   532     1.277495E+01     8.468958E+00     5.597762E-01     8.610881E+00     4.437070E-01     1.000000E+00 
  533  5845   533     1.277622E+01     8.468958E+00     5.609991E-01     8.683873E+00     4.439646E-01     1.000000E+00 
  534  5856   534     1.277720E+01     8.468958E+00     5.623502E-01     8.628317E+00     4.435886E-01     1.000000E+00 
  535  5867   535     1.277719E+01     8.468958E+00     5.618731E-01     8.697325E+00     4.440342E-01     1.000000E+00 
  536  5878   536     1.277618E+01     8.468958E+00     5.608909E-01     8.618183E+00     4.439249E-01     1.000000E+00 
  537  5889   537     1.277487E+01     8.468958E+00     5.589566E-01     8.653742E+00     4.444659E-01     1.000000E+00 
  538  5900   538     1.277384E+01     8.468958E+00     5.579963E-01     8.602282E+00     4.442362E-01     1.000000E+00 
  539  5911   539     1.277319E+01     8.468958E+00     5.570936E-01     8.613488E+00     4.443143E-01     1.000000E+00 
  540  5922   540     1.277286E+01     8.468958E+00     5.569621E-01     8.600520E+00     4.440851E-01     1.000000E+00 
  541  5933   541     1.277272E+01     8.468958E+00     5.567458E-01     8.600631E+00     4.440722E-01     1.000000E+00 
  542  5944   542     1.277275E+01     8.468958E+00     5.569498E-01     8.606471E+00     4.439463E-01     1.000000E+00 
  543  5955   543     1.277292E+01     8.468958E+00     5.570795E-01     8.599079E+00     4.439288E-01     1.000000E+00 
  544  5966   544     1.277332E+01     8.468958E+00     5.576213E-01     8.617691E+00     4.438933E-01     1.000000E+00 
  545  5977   545     1.277400E+01     8.468958E+00     5.582855E-01     8.613713E+00     4.438771E-01     1.000000E+00 
  546  5988   546     1.277504E+01     8.468958E+00     5.594717E-01     8.641927E+00     4.438793E-01     1.000000E+00 
  547  5999   547     1.277621E+01     8.468958E+00     5.606743E-01     8.642882E+00     4.438222E-01     1.000000E+00 
  548  6010   548     1.277704E+01     8.468958E+00     5.615748E-01     8.664526E+00     4.438588E-01     1.000000E+00 
  549  6021   549     1.277688E+01     8.468958E+00     5.613429E-01     8.650874E+00     4.438862E-01     1.000000E+00 
  550  6032   550     1.277590E+01     8.468958E+00     5.601964E-01     8.649855E+00     4.442644E-01     1.000000E+00 
  551  6043   551     1.277468E+01     8.468958E+00     5.588626E-01     8.620488E+00     4.442846E-01     1.000000E+00 
  552  6054   552     1.277375E+01     8.468958E+00     5.578194E-01     8.620654E+00     4.443878E-01     1.000000E+00 
  553  6065   553     1.277317E+01     8.468958E+00     5.573306E-01     8.599792E+00     4.442807E-01     1.000000E+00 
  554  6076   554     1.277290E+01     8.468958E+00     5.570352E-01     8.604886E+00     4.441232E-01     1.000000E+00 
  555  6087   555     1.277282E+01     8.468958E+00     5.571550E-01     8.603372E+00     4.440945E-01     1.000000E+00 
  556  6098   556     1.277294E+01     8.468958E+00     5.572428E-01     8.604144E+00     4.439147E-01     1.000000E+00 
  557  6109   557     1.277326E+01     8.468958E+00     5.578553E-01     8.621040E+00     4.440113E-01     1.000000E+00 
  558  6120   558     1.277389E+01     8.468958E+00     5.584420E-01     8.613189E+00     4.437860E-01     1.000000E+00 
  559  6131   559     1.277485E+01     8.468958E+00     5.598560E-01     8.653714E+00     4.440326E-01     1.000000E+00 
  560  6142   560     1.277602E+01     8.468958E+00     5.609708E-01     8.643586E+00     4.436903E-01     1.000000E+00 
  561  6153   561     1.277692E+01     8.468958E+00     5.623071E-01     8.683192E+00     4.440742E-01     1.000000E+00 
  562  6164   562     1.277693E+01     8.468958E+00     5.619247E-01     8.656278E+00     4.437330E-01     1.000000E+00 
  563  6175   563     1.277606E+01     8.468958E+00     5.610077E-01     8.670534E+00     4.444389E-01     1.000000E+00 
  564  6186   564     1.277486E+01     8.468958E+00     5.592490E-01     8.622710E+00     4.441561E-01     1.000000E+00 
  565  6197   565     1.277388E+01     8.468958E+00     5.581939E-01     8.634507E+00     4.445377E-01     1.000000E+00 
  566  6208   566     1.277326E+01     8.468958E+00     5.574074E-01     8.604801E+00     4.442349E-01     1.000000E+00 
  567  6219   567     1.277295E+01     8.468958E+00     5.571451E-01     8.613005E+00     4.442067E-01     1.000000E+00 
  568  6230   568     1.277286E+01     8.468958E+00     5.571484E-01     8.603567E+00     4.440607E-01     1.000000E+00 
  569  6241   569     1.277299E+01     8.468958E+00     5.573182E-01     8.608884E+00     4.439675E-01     1.000000E+00 
  570  6252   570     1.277336E+01     8.468958E+00     5.579468E-01     8.619673E+00     4.439961E-01     1.000000E+00 
  571  6263   571     1.277407E+01     8.468958E+00     5.587084E-01     8.626483E+00     4.438475E-01     1.000000E+00 
  572  6274   572     1.277515E+01     8.468958E+00     5.602949E-01     8.650145E+00     4.440351E-01     1.000000E+00 
  573  6285   573     1.277643E+01     8.468958E+00     5.616117E-01     8.659354E+00     4.437371E-01     1.000000E+00 
  574  6296   574     1.277728E+01     8.468958E+00     5.629148E-01     8.679654E+00     4.440717E-01     1.000000E+00 
  575  6307   575     1.277708E+01     8.468958E+00     5.622505E-01     8.667318E+00     4.437952E-01     1.000000E+00 
  576  6318   576     1.277596E+01     8.468958E+00     5.609858E-01     8.660693E+00     4.444458E-01     1.000000E+00 
  577  6329   577     1.277467E+01     8.468958E+00     5.590542E-01     8.631289E+00     4.442988E-01     1.000000E+00 
  578  6340   578     1.277370E+01     8.468958E+00     5.579739E-01     8.624388E+00     4.445208E-01     1.000000E+00 
  579  6351   579     1.277310E+01     8.468958E+00     5.571819E-01     8.606953E+00     4.442215E-01     1.000000E+00 
  580  6362   580     1.277279E+01     8.468958E+00     5.569278E-01     8.606432E+00     4.442145E-01     1.000000E+00 
  581  6373   581     1.277266E+01     8.468958E+00     5.567943E-01     8.602952E+00     4.440118E-01     1.000000E+00 
  582  6384   582     1.277265E+01     8.468958E+00     5.568244E-01     8.600795E+00     4.439973E-01     1.000000E+00 
  583  6395   583     1.277277E+01     8.468958E+00     5.569618E-01     8.608600E+00     4.438879E-01     1.000000E+00 
  584  6406   584     1.277304E+01     8.468958E+00     5.571883E-01     8.598385E+00     4.439216E-01     1.000000E+00 
  585  6417   585     1.277353E+01     8.468958E+00     5.576678E-01     8.622688E+00     4.438842E-01     1.000000E+00 
  586  6428   586     1.277433E+01     8.468958E+00     5.583113E-01     8.605368E+00     4.439295E-01     1.000000E+00 
  587  6439   587     1.277541E+01     8.468958E+00     5.592949E-01     8.646262E+00     4.438848E-01     1.000000E+00 
  588  6450   588     1.277646E+01     8.468958E+00     5.601165E-01     8.627109E+00     4.439201E-01     1.000000E+00 
  589  6461   589     1.277691E+01     8.468958E+00     5.605148E-01     8.664775E+00     4.439172E-01     1.000000E+00 
  590  6472   590     1.277641E+01     8.468958E+00     5.599380E-01     8.625363E+00     4.440494E-01     1.000000E+00 
  591  6483   591     1.277532E+01     8.468958E+00     5.589378E-01     8.642365E+00     4.443664E-01     1.000000E+00 
  592  6494   592     1.277424E+01     8.468958E+00     5.579107E-01     8.602255E+00     4.443640E-01     1.000000E+00 
  593  6505   593     1.277346E+01     8.468958E+00     5.572821E-01     8.617559E+00     4.443850E-01     1.000000E+00 
  594  6516   594     1.277298E+01     8.468958E+00     5.569216E-01     8.596607E+00     4.442408E-01     1.000000E+00 
  595  6527   595     1.277274E+01     8.468958E+00     5.568243E-01     8.606486E+00     4.441297E-01     1.000000E+00 
  596  6538   596     1.277264E+01     8.468958E+00     5.567853E-01     8.601291E+00     4.440059E-01     1.000000E+00 
  597  6549   597     1.277266E+01     8.468958E+00     5.569460E-01     8.604519E+00     4.439738E-01     1.000000E+00 
  598  6560   598     1.277279E+01     8.468958E+00     5.570651E-01     8.610191E+00     4.438872E-01     1.000000E+00 
  599  6571   599     1.277311E+01     8.468958E+00     5.576003E-01     8.610273E+00     4.439530E-01     1.000000E+00 
  600  6581   600     1.291607E+01     8.468958E+00     1.063998E-01     1.725859E+00     1.107420E-16     1.705774E-01 
