2025-08-14 17:20:48,566 - __main__ - INFO - Starting surface partition optimization with 2 refinement levels
2025-08-14 17:20:48,566 - __main__ - INFO - ================================================================================
2025-08-14 17:20:48,566 - __main__ - INFO - Refinement Level 1/2
2025-08-14 17:20:48,566 - __main__ - INFO - ================================================================================
2025-08-14 17:20:48,566 - surfaces.ring - INFO - Building ring TriMesh: nr=16, na=16, r_in=0.5, r_out=1.0
2025-08-14 17:20:48,583 - core.tri_mesh - INFO - Starting matrix computation
2025-08-14 17:20:48,660 - core.tri_mesh - INFO - Matrix computation completed: M (256, 256), K (256, 256)
2025-08-14 17:20:48,661 - core.tri_mesh - INFO - matrix computation completed: 0.078s, memory: 0.45MB
2025-08-14 17:20:48,661 - __main__ - INFO - epsilon set to sqrt(mean_triangle_area) = 6.916e-02
2025-08-14 17:20:48,661 - projection_iterative - INFO - Creating initial condition: 256x2, method=iterative
2025-08-14 17:20:48,662 - projection_iterative - INFO - Projection converged after 3 iterations
2025-08-14 17:20:48,662 - projection_iterative - INFO - Final errors: row=3.47e-10, area=1.00e-10
2025-08-14 17:20:48,663 - core.pyslsqp_optimizer - INFO - Starting optimization
2025-08-14 17:20:48,663 - __main__ - INFO - Processing initial condition...
2025-08-14 17:20:48,665 - __main__ - INFO - ✓ Initial condition validation passed
2025-08-14 17:20:48,665 - __main__ - INFO - Starting PySLSQP optimization with analytic gradients...
2025-08-14 17:21:24,479 - __main__ - INFO -   Iteration 50: Energy=1.421206e+01
2025-08-14 17:21:24,479 - __main__ - INFO -     Target area per partition: 1.178097e+00
2025-08-14 17:21:24,480 - __main__ - INFO -     Current partition areas: [1.14530299 1.14085547]
2025-08-14 17:22:00,551 - __main__ - INFO -   Iteration 100: Energy=1.415033e+01
2025-08-14 17:22:00,552 - __main__ - INFO -     Target area per partition: 1.178097e+00
2025-08-14 17:22:00,552 - __main__ - INFO -     Current partition areas: [1.14538676 1.14022874]
2025-08-14 17:22:35,979 - __main__ - INFO -   Iteration 150: Energy=1.407081e+01
2025-08-14 17:22:35,979 - __main__ - INFO -     Target area per partition: 1.178097e+00
2025-08-14 17:22:35,980 - __main__ - INFO -     Current partition areas: [1.14556104 1.14052635]
2025-08-14 17:23:11,501 - __main__ - INFO -   Iteration 200: Energy=1.424087e+01
2025-08-14 17:23:11,501 - __main__ - INFO -     Target area per partition: 1.178097e+00
2025-08-14 17:23:11,501 - __main__ - INFO -     Current partition areas: [1.14570411 1.14077878]
2025-08-14 17:23:46,994 - __main__ - INFO -   Iteration 250: Energy=1.408271e+01
2025-08-14 17:23:46,994 - __main__ - INFO -     Target area per partition: 1.178097e+00
2025-08-14 17:23:46,994 - __main__ - INFO -     Current partition areas: [1.14542521 1.14035902]
2025-08-14 17:24:22,223 - __main__ - INFO -   Iteration 300: Energy=1.397078e+01
2025-08-14 17:24:22,223 - __main__ - INFO -     Target area per partition: 1.178097e+00
2025-08-14 17:24:22,224 - __main__ - INFO -     Current partition areas: [1.14556164 1.14045555]
2025-08-14 17:24:58,687 - __main__ - INFO -   Iteration 350: Energy=1.391991e+01
2025-08-14 17:24:58,687 - __main__ - INFO -     Target area per partition: 1.178097e+00
2025-08-14 17:24:58,688 - __main__ - INFO -     Current partition areas: [1.14550237 1.14044161]
2025-08-14 17:25:34,084 - __main__ - INFO -   Iteration 400: Energy=1.391855e+01
2025-08-14 17:25:34,084 - __main__ - INFO -     Target area per partition: 1.178097e+00
2025-08-14 17:25:34,084 - __main__ - INFO -     Current partition areas: [1.14551896 1.14041925]
2025-08-14 17:26:09,699 - __main__ - INFO -   Iteration 450: Energy=1.391317e+01
2025-08-14 17:26:09,699 - __main__ - INFO -     Target area per partition: 1.178097e+00
2025-08-14 17:26:09,699 - __main__ - INFO -     Current partition areas: [1.14552173 1.14045676]
2025-08-14 17:26:45,322 - __main__ - INFO -   Iteration 500: Energy=1.391381e+01
2025-08-14 17:26:45,322 - __main__ - INFO -     Target area per partition: 1.178097e+00
2025-08-14 17:26:45,322 - __main__ - INFO -     Current partition areas: [1.145513   1.14045101]
2025-08-14 17:27:20,504 - __main__ - INFO -   Iteration 550: Energy=1.391445e+01
2025-08-14 17:27:20,505 - __main__ - INFO -     Target area per partition: 1.178097e+00
2025-08-14 17:27:20,505 - __main__ - INFO -     Current partition areas: [1.14550394 1.14044316]
2025-08-14 17:27:55,941 - __main__ - INFO -   Iteration 600: Energy=1.444360e+01
2025-08-14 17:27:55,942 - __main__ - INFO -     Target area per partition: 1.178097e+00
2025-08-14 17:27:55,942 - __main__ - INFO -     Current partition areas: [1.14755971 1.14162241]
2025-08-14 17:27:56,130 - __main__ - INFO - PySLSQP optimization completed: Success=False
2025-08-14 17:27:56,131 - __main__ - INFO -   Summary saved to: results/run_20250814_172048_surfring_npart2_v1nr16-18_incr2_v2na16-17_incr1_lam0.0_seed42/pyslsqp_part2_v1nr16_v2na16_level0_summary.out
2025-08-14 17:27:56,131 - __main__ - INFO -   Internal data saved to: results/run_20250814_172048_surfring_npart2_v1nr16-18_incr2_v2na16-17_incr1_lam0.0_seed42/pyslsqp_part2_v1nr16_v2na16_level0_internal_data.hdf5
2025-08-14 17:27:56,131 - __main__ - WARNING - Returning last valid iterate before unsuccessful termination.
2025-08-14 17:27:56,132 - core.pyslsqp_optimizer - INFO - optimization completed: 427.469s, memory: 47.19MB
2025-08-14 17:27:56,132 - __main__ - INFO - ================================================================================
2025-08-14 17:27:56,133 - __main__ - INFO - Refinement Level 2/2
2025-08-14 17:27:56,133 - __main__ - INFO - ================================================================================
2025-08-14 17:27:56,133 - surfaces.ring - INFO - Building ring TriMesh: nr=18, na=17, r_in=0.5, r_out=1.0
2025-08-14 17:27:56,134 - core.tri_mesh - INFO - Starting matrix computation
2025-08-14 17:27:56,216 - core.tri_mesh - INFO - Matrix computation completed: M (306, 306), K (306, 306)
2025-08-14 17:27:56,217 - core.tri_mesh - INFO - matrix computation completed: 0.083s, memory: 0.22MB
2025-08-14 17:27:56,217 - __main__ - INFO - epsilon set to sqrt(mean_triangle_area) = 6.312e-02
2025-08-14 17:27:56,224 - projection_iterative - INFO - Projection converged after 3 iterations
2025-08-14 17:27:56,224 - projection_iterative - INFO - Final errors: row=2.67e-10, area=1.00e-10
2025-08-14 17:27:56,225 - core.pyslsqp_optimizer - INFO - Starting optimization
2025-08-14 17:27:56,225 - __main__ - INFO - Processing initial condition...
2025-08-14 17:27:56,228 - __main__ - INFO - ✓ Initial condition validation passed
2025-08-14 17:27:56,229 - __main__ - INFO - Starting PySLSQP optimization with analytic gradients...
2025-08-14 17:27:56,835 - __main__ - INFO -   Iteration 0: Energy=2.140095e+01
2025-08-14 17:27:56,835 - __main__ - INFO -     Target area per partition: 1.178097e+00
2025-08-14 17:27:56,836 - __main__ - INFO -     Current partition areas: [1.14602617 1.14889676]
2025-08-14 17:28:25,208 - __main__ - INFO -   Iteration 50: Energy=1.284260e+01
2025-08-14 17:28:25,208 - __main__ - INFO -     Target area per partition: 1.178097e+00
2025-08-14 17:28:25,209 - __main__ - INFO -     Current partition areas: [1.14532887 1.1488523 ]
2025-08-14 17:28:53,829 - __main__ - INFO -   Iteration 100: Energy=1.283879e+01
2025-08-14 17:28:53,830 - __main__ - INFO -     Target area per partition: 1.178097e+00
2025-08-14 17:28:53,830 - __main__ - INFO -     Current partition areas: [1.14523126 1.14873039]
2025-08-14 17:29:21,955 - __main__ - INFO -   Iteration 150: Energy=1.280622e+01
2025-08-14 17:29:21,955 - __main__ - INFO -     Target area per partition: 1.178097e+00
2025-08-14 17:29:21,956 - __main__ - INFO -     Current partition areas: [1.14549511 1.14839989]
2025-08-14 17:29:50,512 - __main__ - INFO -   Iteration 200: Energy=1.284239e+01
2025-08-14 17:29:50,513 - __main__ - INFO -     Target area per partition: 1.178097e+00
2025-08-14 17:29:50,513 - __main__ - INFO -     Current partition areas: [1.14519203 1.14882903]
2025-08-14 17:30:19,873 - __main__ - INFO -   Iteration 250: Energy=1.289911e+01
2025-08-14 17:30:19,873 - __main__ - INFO -     Target area per partition: 1.178097e+00
2025-08-14 17:30:19,873 - __main__ - INFO -     Current partition areas: [1.14519797 1.14863582]
2025-08-14 17:30:49,062 - __main__ - INFO -   Iteration 300: Energy=1.279363e+01
2025-08-14 17:30:49,062 - __main__ - INFO -     Target area per partition: 1.178097e+00
2025-08-14 17:30:49,063 - __main__ - INFO -     Current partition areas: [1.14558527 1.14841819]
2025-08-14 17:31:17,447 - __main__ - INFO -   Iteration 350: Energy=1.280441e+01
2025-08-14 17:31:17,447 - __main__ - INFO -     Target area per partition: 1.178097e+00
2025-08-14 17:31:17,447 - __main__ - INFO -     Current partition areas: [1.14554007 1.14839456]
2025-08-14 17:31:45,727 - __main__ - INFO -   Iteration 400: Energy=1.277759e+01
2025-08-14 17:31:45,727 - __main__ - INFO -     Target area per partition: 1.178097e+00
2025-08-14 17:31:45,727 - __main__ - INFO -     Current partition areas: [1.14557786 1.1484359 ]
2025-08-14 17:32:14,435 - __main__ - INFO -   Iteration 450: Energy=1.277313e+01
2025-08-14 17:32:14,436 - __main__ - INFO -     Target area per partition: 1.178097e+00
2025-08-14 17:32:14,437 - __main__ - INFO -     Current partition areas: [1.14566193 1.14835131]
2025-08-14 17:32:42,880 - __main__ - INFO -   Iteration 500: Energy=1.277896e+01
2025-08-14 17:32:42,880 - __main__ - INFO -     Target area per partition: 1.178097e+00
2025-08-14 17:32:42,880 - __main__ - INFO -     Current partition areas: [1.14567847 1.14834799]
2025-08-14 17:33:11,008 - __main__ - INFO -   Iteration 550: Energy=1.277468e+01
2025-08-14 17:33:11,008 - __main__ - INFO -     Target area per partition: 1.178097e+00
2025-08-14 17:33:11,009 - __main__ - INFO -     Current partition areas: [1.14567157 1.14835861]
2025-08-14 17:33:38,395 - __main__ - INFO - PySLSQP optimization completed: Success=False
2025-08-14 17:33:38,395 - __main__ - INFO -   Summary saved to: results/run_20250814_172048_surfring_npart2_v1nr16-18_incr2_v2na16-17_incr1_lam0.0_seed42/pyslsqp_part2_v1nr18_v2na17_level1_summary.out
2025-08-14 17:33:38,395 - __main__ - INFO -   Internal data saved to: results/run_20250814_172048_surfring_npart2_v1nr16-18_incr2_v2na16-17_incr1_lam0.0_seed42/pyslsqp_part2_v1nr18_v2na17_level1_internal_data.hdf5
2025-08-14 17:33:38,396 - __main__ - WARNING - Returning last valid iterate before unsuccessful termination.
2025-08-14 17:33:38,398 - core.pyslsqp_optimizer - INFO - optimization completed: 342.173s, memory: 28.79MB
