MAJOR  NFEV  NGEV           OBJFUN            GNORM            CNORM             FEAS              OPT             STEP 
    0     1     1     3.276094E+01     1.491175E+01     3.004695E-02     9.900000E+01     9.900000E+01     9.900000E+01 
    1     2     1     7.546196E+01     1.491175E+01     5.433367E-01     6.727126E+00     1.359173E-01     1.000000E+00 
    2     4     2     2.135542E+01     9.972650E+00     5.864604E-01     8.184791E+00     9.220508E-01     1.000000E+00 
    3     6     3     1.494661E+01     9.475245E+00     7.149457E-01     9.690080E+00     1.501139E+00     1.000000E+00 
    4    17     4     1.441302E+01     9.475069E+00     7.251363E-01     9.765926E+00     1.413680E+00     1.000000E+00 
    5    28     5     1.430909E+01     9.475008E+00     7.528777E-01     9.960395E+00     1.356726E+00     1.000000E+00 
    6    39     6     1.425681E+01     9.474811E+00     7.573554E-01     1.007746E+01     1.330575E+00     1.000000E+00 
    7    50     7     1.436765E+01     9.474564E+00     7.868753E-01     1.054270E+01     1.312536E+00     1.000000E+00 
    8    61     8     1.429171E+01     9.474055E+00     7.867639E-01     1.041255E+01     1.310682E+00     1.000000E+00 
    9    67     9     1.433151E+01     9.463269E+00     7.939486E-01     1.050668E+01     1.351723E+00     1.000000E+00 
   10    78    10     1.422560E+01     9.462775E+00     7.893452E-01     1.045468E+01     1.351203E+00     1.000000E+00 
   11    85    11     1.427811E+01     9.456807E+00     8.118795E-01     1.075864E+01     1.372932E+00     1.000000E+00 
   12    96    12     1.431565E+01     9.456440E+00     8.211832E-01     1.084586E+01     1.374677E+00     1.000000E+00 
   13   102    13     1.414873E+01     9.445419E+00     8.274408E-01     1.082060E+01     1.418243E+00     1.000000E+00 
   14   113    14     1.423973E+01     9.445066E+00     8.637022E-01     1.143058E+01     1.415454E+00     1.000000E+00 
   15   124    15     1.434958E+01     9.444872E+00     8.896982E-01     1.172525E+01     1.414298E+00     1.000000E+00 
   16   129    16     1.426362E+01     9.427471E+00     8.745194E-01     1.138479E+01     1.479927E+00     1.000000E+00 
   17   140    17     1.419890E+01     9.427288E+00     8.435650E-01     1.090203E+01     1.480353E+00     1.000000E+00 
   18   151    18     1.415018E+01     9.427091E+00     8.660742E-01     1.135856E+01     1.479006E+00     1.000000E+00 
   19   162    19     1.430952E+01     9.426935E+00     9.246402E-01     1.200630E+01     1.477733E+00     1.000000E+00 
   20   173    20     1.424994E+01     9.426760E+00     8.953880E-01     1.156901E+01     1.476267E+00     1.000000E+00 
   21   184    21     1.408863E+01     9.426585E+00     8.535151E-01     1.104441E+01     1.484032E+00     1.000000E+00 
   22   195    22     1.422611E+01     9.426394E+00     8.908498E-01     1.158102E+01     1.480490E+00     1.000000E+00 
   23   206    23     1.427460E+01     9.426289E+00     9.021562E-01     1.167814E+01     1.481399E+00     1.000000E+00 
   24   217    24     1.418206E+01     9.425983E+00     8.727278E-01     1.134388E+01     1.486096E+00     1.000000E+00 
   25   228    25     1.421377E+01     9.425823E+00     8.820874E-01     1.133245E+01     1.480279E+00     1.000000E+00 
   26   239    26     1.428616E+01     9.425674E+00     9.034162E-01     1.173713E+01     1.483472E+00     1.000000E+00 
   27   250    27     1.423922E+01     9.425352E+00     9.067319E-01     1.188226E+01     1.483867E+00     1.000000E+00 
   28   261    28     1.409617E+01     9.425236E+00     8.608508E-01     1.122679E+01     1.486500E+00     1.000000E+00 
   29   272    29     1.412829E+01     9.425023E+00     8.492371E-01     1.106342E+01     1.487607E+00     1.000000E+00 
   30   283    30     1.433161E+01     9.424911E+00     8.569618E-01     1.102367E+01     1.485300E+00     1.000000E+00 
   31   294    31     1.420778E+01     9.424714E+00     8.586011E-01     1.108346E+01     1.487208E+00     1.000000E+00 
   32   305    32     1.416772E+01     9.424469E+00     8.619113E-01     1.115021E+01     1.494061E+00     1.000000E+00 
   33   316    33     1.431944E+01     9.424331E+00     8.686066E-01     1.119166E+01     1.485762E+00     1.000000E+00 
   34   327    34     1.419105E+01     9.424152E+00     8.553840E-01     1.114460E+01     1.494016E+00     1.000000E+00 
   35   338    35     1.418396E+01     9.423923E+00     8.645357E-01     1.130674E+01     1.491586E+00     1.000000E+00 
   36   349    36     1.430291E+01     9.423806E+00     8.798795E-01     1.155280E+01     1.491237E+00     1.000000E+00 
   37   360    37     1.416567E+01     9.423577E+00     8.637175E-01     1.127554E+01     1.494976E+00     1.000000E+00 
   38   371    38     1.412793E+01     9.423432E+00     8.690118E-01     1.131379E+01     1.495838E+00     1.000000E+00 
   39   382    39     1.418010E+01     9.423303E+00     8.879936E-01     1.148919E+01     1.492056E+00     1.000000E+00 
   40   393    40     1.424155E+01     9.423155E+00     9.149117E-01     1.178501E+01     1.494166E+00     1.000000E+00 
   41   404    41     1.424964E+01     9.423030E+00     8.918545E-01     1.136695E+01     1.495667E+00     1.000000E+00 
   42   415    42     1.421227E+01     9.422854E+00     8.861607E-01     1.147762E+01     1.495386E+00     1.000000E+00 
   43   426    43     1.423734E+01     9.422674E+00     9.055003E-01     1.168759E+01     1.493450E+00     1.000000E+00 
   44   437    44     1.419683E+01     9.422563E+00     8.981848E-01     1.148532E+01     1.498433E+00     1.000000E+00 
   45   448    45     1.415153E+01     9.422355E+00     8.682137E-01     1.123287E+01     1.501092E+00     1.000000E+00 
   46   459    46     1.419978E+01     9.422244E+00     8.856815E-01     1.142327E+01     1.498897E+00     1.000000E+00 
   47   470    47     1.429042E+01     9.422101E+00     9.255977E-01     1.171721E+01     1.500875E+00     1.000000E+00 
   48   481    48     1.428562E+01     9.421940E+00     8.989561E-01     1.136524E+01     1.497812E+00     1.000000E+00 
   49   492    49     1.417683E+01     9.421768E+00     8.783832E-01     1.137350E+01     1.502644E+00     1.000000E+00 
   50   503    50     1.421206E+01     9.421608E+00     9.065131E-01     1.160307E+01     1.499747E+00     1.000000E+00 
   51   514    51     1.423832E+01     9.421501E+00     9.265560E-01     1.195067E+01     1.503195E+00     1.000000E+00 
   52   525    52     1.408385E+01     9.421323E+00     8.798254E-01     1.146625E+01     1.502642E+00     1.000000E+00 
   53   536    53     1.408937E+01     9.421207E+00     8.836642E-01     1.133729E+01     1.505995E+00     1.000000E+00 
   54   547    54     1.439113E+01     9.421120E+00     9.526397E-01     1.213788E+01     1.508035E+00     1.000000E+00 
   55   558    55     1.423118E+01     9.420941E+00     9.128439E-01     1.167874E+01     1.499449E+00     1.000000E+00 
   56   569    56     1.405633E+01     9.420768E+00     8.648255E-01     1.117920E+01     1.516114E+00     1.000000E+00 
   57   580    57     1.422911E+01     9.420674E+00     8.937499E-01     1.162547E+01     1.505454E+00     1.000000E+00 
   58   591    58     1.431717E+01     9.420549E+00     9.082495E-01     1.165707E+01     1.506485E+00     1.000000E+00 
   59   602    59     1.415979E+01     9.420354E+00     8.884593E-01     1.138685E+01     1.509336E+00     1.000000E+00 
   60   613    60     1.419034E+01     9.420259E+00     8.996811E-01     1.153981E+01     1.509847E+00     1.000000E+00 
   61   624    61     1.431235E+01     9.420071E+00     9.212268E-01     1.171428E+01     1.505105E+00     1.000000E+00 
   62   635    62     1.423259E+01     9.419972E+00     9.139748E-01     1.174588E+01     1.513152E+00     1.000000E+00 
   63   646    63     1.406326E+01     9.419797E+00     8.707205E-01     1.131951E+01     1.513921E+00     1.000000E+00 
   64   657    64     1.407382E+01     9.419693E+00     8.705409E-01     1.124675E+01     1.513620E+00     1.000000E+00 
   65   668    65     1.421219E+01     9.419604E+00     8.949058E-01     1.147219E+01     1.510353E+00     1.000000E+00 
   66   679    66     1.424437E+01     9.419492E+00     9.005920E-01     1.162399E+01     1.508651E+00     1.000000E+00 
   67   690    67     1.421350E+01     9.419350E+00     8.886636E-01     1.144560E+01     1.515082E+00     1.000000E+00 
   68   701    68     1.422400E+01     9.419217E+00     8.861825E-01     1.133816E+01     1.509769E+00     1.000000E+00 
   69   712    69     1.428428E+01     9.419077E+00     8.953290E-01     1.153349E+01     1.513660E+00     1.000000E+00 
   70   723    70     1.426759E+01     9.418961E+00     9.054969E-01     1.176642E+01     1.515416E+00     1.000000E+00 
   71   734    71     1.403781E+01     9.418776E+00     8.639406E-01     1.115649E+01     1.518107E+00     1.000000E+00 
   72   745    72     1.403599E+01     9.418685E+00     8.715292E-01     1.121057E+01     1.520167E+00     1.000000E+00 
   73   756    73     1.437190E+01     9.418612E+00     9.437710E-01     1.186270E+01     1.514124E+00     1.000000E+00 
   74   767    74     1.428891E+01     9.418495E+00     9.210497E-01     1.159405E+01     1.511290E+00     1.000000E+00 
   75   778    75     1.408420E+01     9.418303E+00     8.820153E-01     1.143401E+01     1.525266E+00     1.000000E+00 
   76   789    76     1.418231E+01     9.418222E+00     9.022218E-01     1.148023E+01     1.522179E+00     1.000000E+00 
   77   800    77     1.418834E+01     9.418113E+00     8.987043E-01     1.161027E+01     1.514735E+00     1.000000E+00 
   78   811    78     1.414426E+01     9.418001E+00     8.936206E-01     1.151293E+01     1.522756E+00     1.000000E+00 
   79   822    79     1.411890E+01     9.417893E+00     9.105553E-01     1.168629E+01     1.521916E+00     1.000000E+00 
   80   833    80     1.410917E+01     9.417792E+00     8.990332E-01     1.152663E+01     1.519309E+00     1.000000E+00 
   81   844    81     1.440825E+01     9.417701E+00     9.755651E-01     1.211244E+01     1.518587E+00     1.000000E+00 
   82   855    82     1.427792E+01     9.417557E+00     9.540442E-01     1.199571E+01     1.519842E+00     1.000000E+00 
   83   866    83     1.405301E+01     9.417413E+00     8.759009E-01     1.130195E+01     1.527023E+00     1.000000E+00 
   84   877    84     1.419173E+01     9.417313E+00     9.159015E-01     1.199840E+01     1.519851E+00     1.000000E+00 
   85   888    85     1.421850E+01     9.417225E+00     9.188698E-01     1.193209E+01     1.527145E+00     1.000000E+00 
   86   899    86     1.410667E+01     9.417108E+00     8.870625E-01     1.154209E+01     1.521104E+00     1.000000E+00 
   87   910    87     1.411330E+01     9.416987E+00     9.081414E-01     1.186022E+01     1.526770E+00     1.000000E+00 
   88   921    88     1.415786E+01     9.416913E+00     9.118272E-01     1.134594E+01     1.524869E+00     1.000000E+00 
   89   932    89     1.438902E+01     9.416804E+00     9.902277E-01     1.224502E+01     1.520830E+00     1.000000E+00 
   90   943    90     1.424058E+01     9.416640E+00     9.394710E-01     1.173798E+01     1.523137E+00     1.000000E+00 
   91   954    91     1.410510E+01     9.416519E+00     9.037918E-01     1.157059E+01     1.534922E+00     1.000000E+00 
   92   965    92     1.425935E+01     9.416412E+00     9.228788E-01     1.192163E+01     1.526752E+00     1.000000E+00 
   93   976    93     1.415048E+01     9.416308E+00     9.037013E-01     1.173890E+01     1.528669E+00     1.000000E+00 
   94   987    94     1.405478E+01     9.416210E+00     8.877384E-01     1.147312E+01     1.532337E+00     1.000000E+00 
   95   998    95     1.406669E+01     9.416103E+00     8.935135E-01     1.143063E+01     1.528715E+00     1.000000E+00 
   96  1009    96     1.407572E+01     9.416044E+00     9.113565E-01     1.168872E+01     1.527045E+00     1.000000E+00 
   97  1020    97     1.427235E+01     9.415917E+00     9.712709E-01     1.189465E+01     1.529010E+00     1.000000E+00 
   98  1031    98     1.441132E+01     9.415855E+00     1.001670E+00     1.211209E+01     1.526884E+00     1.000000E+00 
   99  1042    99     1.407821E+01     9.415640E+00     9.042786E-01     1.155652E+01     1.538723E+00     1.000000E+00 
  100  1053   100     1.415033E+01     9.415539E+00     9.433759E-01     1.228090E+01     1.537906E+00     1.000000E+00 
  101  1064   101     1.423989E+01     9.415464E+00     9.588007E-01     1.233599E+01     1.532953E+00     1.000000E+00 
  102  1075   102     1.410323E+01     9.415377E+00     9.157647E-01     1.152276E+01     1.534479E+00     1.000000E+00 
  103  1086   103     1.409195E+01     9.415238E+00     9.300584E-01     1.204784E+01     1.537974E+00     1.000000E+00 
  104  1097   104     1.408907E+01     9.415186E+00     9.045341E-01     1.144913E+01     1.531247E+00     1.000000E+00 
  105  1108   105     1.420757E+01     9.415071E+00     9.464463E-01     1.192395E+01     1.532391E+00     1.000000E+00 
  106  1119   106     1.444460E+01     9.414993E+00     1.033596E+00     1.272881E+01     1.534170E+00     1.000000E+00 
  107  1130   107     1.411912E+01     9.414871E+00     9.152230E-01     1.145286E+01     1.534333E+00     1.000000E+00 
  108  1141   108     1.413569E+01     9.414737E+00     9.149799E-01     1.187487E+01     1.541984E+00     1.000000E+00 
  109  1152   109     1.430520E+01     9.414671E+00     9.618178E-01     1.241231E+01     1.537233E+00     1.000000E+00 
  110  1163   110     1.406689E+01     9.414563E+00     9.007174E-01     1.176367E+01     1.539526E+00     1.000000E+00 
  111  1174   111     1.401118E+01     9.414464E+00     8.884423E-01     1.144164E+01     1.541053E+00     1.000000E+00 
  112  1185   112     1.414190E+01     9.414407E+00     9.414957E-01     1.200966E+01     1.535572E+00     1.000000E+00 
  113  1196   113     1.429646E+01     9.414332E+00     9.664707E-01     1.210455E+01     1.534662E+00     1.000000E+00 
  114  1207   114     1.429930E+01     9.414214E+00     9.684175E-01     1.210578E+01     1.536744E+00     1.000000E+00 
  115  1218   115     1.417593E+01     9.414107E+00     9.462381E-01     1.214122E+01     1.543269E+00     1.000000E+00 
  116  1229   116     1.418378E+01     9.414004E+00     9.377165E-01     1.190695E+01     1.538324E+00     1.000000E+00 
  117  1240   117     1.423694E+01     9.413895E+00     9.538318E-01     1.211331E+01     1.543022E+00     1.000000E+00 
  118  1251   118     1.408274E+01     9.413802E+00     9.143289E-01     1.177072E+01     1.540765E+00     1.000000E+00 
  119  1262   119     1.403987E+01     9.413705E+00     9.075958E-01     1.160475E+01     1.545103E+00     1.000000E+00 
  120  1273   120     1.408779E+01     9.413630E+00     9.191867E-01     1.166669E+01     1.539791E+00     1.000000E+00 
  121  1284   121     1.416873E+01     9.413565E+00     9.300817E-01     1.169318E+01     1.538784E+00     1.000000E+00 
  122  1295   122     1.442254E+01     9.413461E+00     9.811170E-01     1.223570E+01     1.539393E+00     1.000000E+00 
  123  1306   123     1.421443E+01     9.413335E+00     9.333386E-01     1.165457E+01     1.540010E+00     1.000000E+00 
  124  1317   124     1.402018E+01     9.413209E+00     8.856851E-01     1.133897E+01     1.552541E+00     1.000000E+00 
  125  1328   125     1.418878E+01     9.413134E+00     9.457680E-01     1.232938E+01     1.544933E+00     1.000000E+00 
  126  1339   126     1.429547E+01     9.413063E+00     9.681056E-01     1.234276E+01     1.540981E+00     1.000000E+00 
  127  1350   127     1.400442E+01     9.412923E+00     8.814434E-01     1.139709E+01     1.554779E+00     1.000000E+00 
  128  1361   128     1.398291E+01     9.412848E+00     8.708187E-01     1.129739E+01     1.548257E+00     1.000000E+00 
  129  1372   129     1.409582E+01     9.412785E+00     9.018876E-01     1.129760E+01     1.544385E+00     1.000000E+00 
  130  1383   130     1.437695E+01     9.412714E+00     9.966717E-01     1.239382E+01     1.541961E+00     1.000000E+00 
  131  1394   131     1.429762E+01     9.412612E+00     9.653807E-01     1.213172E+01     1.542878E+00     1.000000E+00 
  132  1405   132     1.413797E+01     9.412437E+00     9.182894E-01     1.168797E+01     1.550472E+00     1.000000E+00 
  133  1416   133     1.407526E+01     9.412357E+00     9.152324E-01     1.180421E+01     1.552251E+00     1.000000E+00 
  134  1427   134     1.411574E+01     9.412275E+00     9.143619E-01     1.174242E+01     1.546765E+00     1.000000E+00 
  135  1438   135     1.422487E+01     9.412184E+00     9.519687E-01     1.214291E+01     1.548038E+00     1.000000E+00 
  136  1449   136     1.417732E+01     9.412104E+00     9.336958E-01     1.179749E+01     1.546792E+00     1.000000E+00 
  137  1460   137     1.410285E+01     9.411967E+00     9.121614E-01     1.155388E+01     1.553215E+00     1.000000E+00 
  138  1471   138     1.423595E+01     9.411893E+00     9.443902E-01     1.165401E+01     1.549871E+00     1.000000E+00 
  139  1482   139     1.442491E+01     9.411764E+00     9.937760E-01     1.220697E+01     1.544152E+00     1.000000E+00 
  140  1493   140     1.410186E+01     9.411645E+00     9.162408E-01     1.177144E+01     1.562596E+00     1.000000E+00 
  141  1504   141     1.399013E+01     9.411520E+00     8.679025E-01     1.124020E+01     1.554149E+00     1.000000E+00 
  142  1515   142     1.404994E+01     9.411458E+00     9.075814E-01     1.164620E+01     1.554693E+00     1.000000E+00 
  143  1526   143     1.429795E+01     9.411388E+00     9.984075E-01     1.243197E+01     1.546391E+00     1.000000E+00 
  144  1537   144     1.414493E+01     9.411286E+00     9.217876E-01     1.168002E+01     1.549495E+00     1.000000E+00 
  145  1548   145     1.405942E+01     9.411168E+00     8.997755E-01     1.133530E+01     1.563436E+00     1.000000E+00 
  146  1559   146     1.440147E+01     9.411088E+00     9.924229E-01     1.204593E+01     1.552936E+00     1.000000E+00 
  147  1570   147     1.428054E+01     9.411013E+00     9.562944E-01     1.194394E+01     1.549730E+00     1.000000E+00 
  148  1581   148     1.404266E+01     9.410785E+00     9.020230E-01     1.146267E+01     1.567662E+00     1.000000E+00 
  149  1592   149     1.408122E+01     9.410726E+00     9.132577E-01     1.176027E+01     1.556464E+00     1.000000E+00 
  150  1603   150     1.407081E+01     9.410643E+00     9.013053E-01     1.156541E+01     1.556456E+00     1.000000E+00 
  151  1614   151     1.410289E+01     9.410573E+00     9.025853E-01     1.150219E+01     1.557655E+00     1.000000E+00 
  152  1625   152     1.430977E+01     9.410499E+00     9.462637E-01     1.194792E+01     1.553706E+00     1.000000E+00 
  153  1636   153     1.417673E+01     9.410395E+00     9.193520E-01     1.157900E+01     1.555846E+00     1.000000E+00 
  154  1647   154     1.416849E+01     9.410295E+00     9.169859E-01     1.163026E+01     1.563113E+00     1.000000E+00 
  155  1658   155     1.437655E+01     9.410202E+00     9.457324E-01     1.179659E+01     1.555091E+00     1.000000E+00 
  156  1669   156     1.415082E+01     9.410113E+00     9.178420E-01     1.171066E+01     1.562042E+00     1.000000E+00 
  157  1680   157     1.403480E+01     9.409990E+00     9.003438E-01     1.163603E+01     1.565393E+00     1.000000E+00 
  158  1691   158     1.401292E+01     9.409932E+00     8.888776E-01     1.150004E+01     1.559023E+00     1.000000E+00 
  159  1702   159     1.404028E+01     9.409864E+00     8.999459E-01     1.151518E+01     1.559109E+00     1.000000E+00 
  160  1713   160     1.426718E+01     9.409812E+00     9.603954E-01     1.190899E+01     1.557309E+00     1.000000E+00 
  161  1724   161     1.427907E+01     9.409708E+00     9.737158E-01     1.218192E+01     1.558014E+00     1.000000E+00 
  162  1735   162     1.413759E+01     9.409594E+00     9.328716E-01     1.151487E+01     1.568044E+00     1.000000E+00 
  163  1746   163     1.431912E+01     9.409512E+00     9.817214E-01     1.214309E+01     1.561404E+00     1.000000E+00 
  164  1757   164     1.418263E+01     9.409416E+00     9.387258E-01     1.209427E+01     1.563998E+00     1.000000E+00 
  165  1768   165     1.410728E+01     9.409287E+00     9.169284E-01     1.163022E+01     1.567687E+00     1.000000E+00 
  166  1779   166     1.408886E+01     9.409230E+00     9.141409E-01     1.191985E+01     1.560898E+00     1.000000E+00 
  167  1790   167     1.399662E+01     9.409136E+00     8.857158E-01     1.124987E+01     1.567847E+00     1.000000E+00 
  168  1801   168     1.406761E+01     9.409074E+00     8.942923E-01     1.141493E+01     1.561933E+00     1.000000E+00 
  169  1812   169     1.438762E+01     9.409028E+00     9.921689E-01     1.263589E+01     1.565869E+00     1.000000E+00 
  170  1823   170     1.414763E+01     9.408879E+00     9.324409E-01     1.161873E+01     1.567319E+00     1.000000E+00 
  171  1834   171     1.419871E+01     9.408790E+00     9.363735E-01     1.174040E+01     1.566299E+00     1.000000E+00 
  172  1845   172     1.435404E+01     9.408721E+00     9.794654E-01     1.235030E+01     1.570056E+00     1.000000E+00 
  173  1856   173     1.402515E+01     9.408584E+00     9.009238E-01     1.155235E+01     1.574084E+00     1.000000E+00 
  174  1867   174     1.401072E+01     9.408510E+00     8.934925E-01     1.149655E+01     1.571749E+00     1.000000E+00 
  175  1878   175     1.410709E+01     9.408466E+00     9.432040E-01     1.233816E+01     1.564526E+00     1.000000E+00 
  176  1889   176     1.414760E+01     9.408390E+00     9.473383E-01     1.211730E+01     1.568684E+00     1.000000E+00 
  177  1900   177     1.419992E+01     9.408320E+00     9.529675E-01     1.212295E+01     1.565212E+00     1.000000E+00 
  178  1911   178     1.415142E+01     9.408252E+00     9.521125E-01     1.223655E+01     1.569164E+00     1.000000E+00 
  179  1922   179     1.408852E+01     9.408137E+00     9.148756E-01     1.160097E+01     1.572323E+00     1.000000E+00 
  180  1933   180     1.430427E+01     9.408088E+00     9.434139E-01     1.193448E+01     1.565733E+00     1.000000E+00 
  181  1944   181     1.432253E+01     9.407982E+00     9.605697E-01     1.219272E+01     1.568657E+00     1.000000E+00 
  182  1955   182     1.412546E+01     9.407861E+00     9.404473E-01     1.202938E+01     1.576303E+00     1.000000E+00 
  183  1966   183     1.404565E+01     9.407797E+00     9.049499E-01     1.171148E+01     1.572499E+00     1.000000E+00 
  184  1977   184     1.397318E+01     9.407719E+00     8.949967E-01     1.160659E+01     1.575207E+00     1.000000E+00 
  185  1988   185     1.401137E+01     9.407674E+00     8.866452E-01     1.135663E+01     1.570472E+00     1.000000E+00 
  186  1999   186     1.438898E+01     9.407627E+00     9.686575E-01     1.232505E+01     1.564566E+00     1.000000E+00 
  187  2010   187     1.422001E+01     9.407549E+00     9.354098E-01     1.186264E+01     1.572046E+00     1.000000E+00 
  188  2021   188     1.407247E+01     9.407417E+00     8.978314E-01     1.142666E+01     1.577985E+00     1.000000E+00 
  189  2032   189     1.438049E+01     9.407366E+00     9.764878E-01     1.247068E+01     1.571183E+00     1.000000E+00 
  190  2043   190     1.414703E+01     9.407268E+00     9.346638E-01     1.195434E+01     1.575576E+00     1.000000E+00 
  191  2054   191     1.402955E+01     9.407156E+00     9.050971E-01     1.163136E+01     1.578246E+00     1.000000E+00 
  192  2065   192     1.408151E+01     9.407118E+00     9.209454E-01     1.179209E+01     1.574438E+00     1.000000E+00 
  193  2076   193     1.403045E+01     9.407012E+00     9.133966E-01     1.167349E+01     1.574801E+00     1.000000E+00 
  194  2087   194     1.405763E+01     9.406972E+00     9.120475E-01     1.149394E+01     1.572593E+00     1.000000E+00 
  195  2098   195     1.443459E+01     9.406902E+00     1.028862E+00     1.272663E+01     1.569723E+00     1.000000E+00 
  196  2109   196     1.424922E+01     9.406823E+00     9.772220E-01     1.224879E+01     1.575023E+00     1.000000E+00 
  197  2120   197     1.404935E+01     9.406727E+00     9.113315E-01     1.170348E+01     1.580302E+00     1.000000E+00 
  198  2131   198     1.408186E+01     9.406653E+00     9.261497E-01     1.194173E+01     1.579191E+00     1.000000E+00 
  199  2142   199     1.415234E+01     9.406607E+00     9.425094E-01     1.226047E+01     1.574982E+00     1.000000E+00 
  200  2153   200     1.424087E+01     9.406530E+00     9.713640E-01     1.258512E+01     1.576007E+00     1.000000E+00 
  201  2164   201     1.406566E+01     9.406458E+00     9.172661E-01     1.203195E+01     1.578815E+00     1.000000E+00 
  202  2175   202     1.398771E+01     9.406387E+00     8.944732E-01     1.141670E+01     1.582715E+00     1.000000E+00 
  203  2186   203     1.422529E+01     9.406337E+00     9.713195E-01     1.181071E+01     1.576581E+00     1.000000E+00 
  204  2197   204     1.447492E+01     9.406287E+00     1.036986E+00     1.261570E+01     1.571580E+00     1.000000E+00 
  205  2208   205     1.403597E+01     9.406105E+00     9.084397E-01     1.150800E+01     1.591315E+00     1.000000E+00 
  206  2219   206     1.406276E+01     9.406048E+00     9.244176E-01     1.184428E+01     1.582930E+00     1.000000E+00 
  207  2230   207     1.410455E+01     9.405993E+00     9.327777E-01     1.196213E+01     1.577600E+00     1.000000E+00 
  208  2241   208     1.405580E+01     9.405927E+00     9.175946E-01     1.178367E+01     1.581600E+00     1.000000E+00 
  209  2252   209     1.422359E+01     9.405877E+00     9.654132E-01     1.221899E+01     1.576947E+00     1.000000E+00 
  210  2263   210     1.422472E+01     9.405800E+00     9.686955E-01     1.204239E+01     1.579479E+00     1.000000E+00 
  211  2274   211     1.402954E+01     9.405709E+00     9.139869E-01     1.151889E+01     1.589539E+00     1.000000E+00 
  212  2285   212     1.425197E+01     9.405658E+00     1.002245E+00     1.229760E+01     1.581609E+00     1.000000E+00 
  213  2296   213     1.442931E+01     9.405571E+00     1.043534E+00     1.267217E+01     1.578121E+00     1.000000E+00 
  214  2307   214     1.402941E+01     9.405491E+00     9.097582E-01     1.158163E+01     1.594657E+00     1.000000E+00 
  215  2318   215     1.398966E+01     9.405413E+00     9.070768E-01     1.167711E+01     1.586934E+00     1.000000E+00 
  216  2329   216     1.399795E+01     9.405377E+00     8.981711E-01     1.156800E+01     1.583690E+00     1.000000E+00 
  217  2340   217     1.401639E+01     9.405324E+00     9.246282E-01     1.199628E+01     1.582400E+00     1.000000E+00 
  218  2351   218     1.409501E+01     9.405286E+00     9.481499E-01     1.224291E+01     1.580221E+00     1.000000E+00 
  219  2362   219     1.423900E+01     9.405229E+00     9.852993E-01     1.280540E+01     1.580812E+00     1.000000E+00 
  220  2373   220     1.420446E+01     9.405159E+00     9.824002E-01     1.250333E+01     1.586322E+00     1.000000E+00 
  221  2384   221     1.418268E+01     9.405093E+00     9.660979E-01     1.224285E+01     1.584709E+00     1.000000E+00 
  222  2395   222     1.425969E+01     9.405015E+00     9.793824E-01     1.236956E+01     1.582317E+00     1.000000E+00 
  223  2406   223     1.426195E+01     9.404933E+00     9.980428E-01     1.258464E+01     1.587293E+00     1.000000E+00 
  224  2417   224     1.414319E+01     9.404864E+00     9.655882E-01     1.244200E+01     1.585259E+00     1.000000E+00 
  225  2428   225     1.400826E+01     9.404784E+00     9.072234E-01     1.172685E+01     1.588201E+00     1.000000E+00 
  226  2439   226     1.395234E+01     9.404733E+00     8.956454E-01     1.158751E+01     1.589634E+00     1.000000E+00 
  227  2450   227     1.394277E+01     9.404693E+00     8.824190E-01     1.139011E+01     1.586101E+00     1.000000E+00 
  228  2461   228     1.399609E+01     9.404655E+00     9.019639E-01     1.166183E+01     1.583524E+00     1.000000E+00 
  229  2472   229     1.422642E+01     9.404618E+00     9.792372E-01     1.257485E+01     1.582988E+00     1.000000E+00 
  230  2483   230     1.419284E+01     9.404568E+00     9.629469E-01     1.235640E+01     1.584407E+00     1.000000E+00 
  231  2494   231     1.403289E+01     9.404457E+00     9.094533E-01     1.172875E+01     1.592394E+00     1.000000E+00 
  232  2505   232     1.405882E+01     9.404420E+00     9.370936E-01     1.237236E+01     1.592514E+00     1.000000E+00 
  233  2516   233     1.403969E+01     9.404353E+00     9.230925E-01     1.178602E+01     1.585807E+00     1.000000E+00 
  234  2527   234     1.398745E+01     9.404315E+00     9.038479E-01     1.185436E+01     1.589594E+00     1.000000E+00 
  235  2538   235     1.399738E+01     9.404259E+00     9.042137E-01     1.146039E+01     1.588151E+00     1.000000E+00 
  236  2549   236     1.406059E+01     9.404225E+00     9.176388E-01     1.189144E+01     1.585217E+00     1.000000E+00 
  237  2560   237     1.417133E+01     9.404167E+00     9.651112E-01     1.246305E+01     1.586822E+00     1.000000E+00 
  238  2571   238     1.422532E+01     9.404120E+00     9.736195E-01     1.246788E+01     1.588882E+00     1.000000E+00 
  239  2582   239     1.404939E+01     9.404024E+00     9.147974E-01     1.192039E+01     1.590297E+00     1.000000E+00 
  240  2593   240     1.395303E+01     9.403972E+00     8.881453E-01     1.144682E+01     1.596507E+00     1.000000E+00 
  241  2604   241     1.394545E+01     9.403928E+00     8.840044E-01     1.136207E+01     1.590794E+00     1.000000E+00 
  242  2615   242     1.400999E+01     9.403895E+00     9.114513E-01     1.184784E+01     1.588754E+00     1.000000E+00 
  243  2626   243     1.415071E+01     9.403852E+00     9.671257E-01     1.244081E+01     1.586145E+00     1.000000E+00 
  244  2637   244     1.411468E+01     9.403800E+00     9.455336E-01     1.218805E+01     1.591042E+00     1.000000E+00 
  245  2648   245     1.416069E+01     9.403743E+00     9.647596E-01     1.233180E+01     1.590782E+00     1.000000E+00 
  246  2659   246     1.416396E+01     9.403675E+00     9.645911E-01     1.229381E+01     1.591085E+00     1.000000E+00 
  247  2670   247     1.397685E+01     9.403611E+00     8.986628E-01     1.163597E+01     1.598574E+00     1.000000E+00 
  248  2681   248     1.394055E+01     9.403560E+00     8.803511E-01     1.129529E+01     1.593610E+00     1.000000E+00 
  249  2692   249     1.397593E+01     9.403523E+00     8.928918E-01     1.157879E+01     1.591729E+00     1.000000E+00 
  250  2703   250     1.408271E+01     9.403490E+00     9.201529E-01     1.182772E+01     1.590598E+00     1.000000E+00 
  251  2714   251     1.418101E+01     9.403430E+00     9.400795E-01     1.211429E+01     1.589073E+00     1.000000E+00 
  252  2725   252     1.417814E+01     9.403380E+00     9.399311E-01     1.207837E+01     1.595808E+00     1.000000E+00 
  253  2736   253     1.408254E+01     9.403286E+00     9.209150E-01     1.187312E+01     1.595128E+00     1.000000E+00 
  254  2747   254     1.398998E+01     9.403234E+00     9.019062E-01     1.166702E+01     1.597323E+00     1.000000E+00 
  255  2758   255     1.399994E+01     9.403179E+00     9.119085E-01     1.158557E+01     1.595821E+00     1.000000E+00 
  256  2769   256     1.406049E+01     9.403145E+00     9.300189E-01     1.200803E+01     1.590717E+00     1.000000E+00 
  257  2780   257     1.402119E+01     9.403084E+00     9.109871E-01     1.168393E+01     1.594836E+00     1.000000E+00 
  258  2791   258     1.399380E+01     9.403041E+00     8.918172E-01     1.142089E+01     1.597035E+00     1.000000E+00 
  259  2802   259     1.420036E+01     9.402990E+00     9.270968E-01     1.202231E+01     1.592118E+00     1.000000E+00 
  260  2813   260     1.424282E+01     9.402951E+00     9.440357E-01     1.205101E+01     1.592721E+00     1.000000E+00 
  261  2824   261     1.396159E+01     9.402827E+00     8.853318E-01     1.138484E+01     1.607332E+00     1.000000E+00 
  262  2835   262     1.393423E+01     9.402785E+00     8.795157E-01     1.135045E+01     1.599164E+00     1.000000E+00 
  263  2846   263     1.396438E+01     9.402749E+00     8.991535E-01     1.153859E+01     1.598610E+00     1.000000E+00 
  264  2857   264     1.404660E+01     9.402716E+00     9.377731E-01     1.224018E+01     1.592634E+00     1.000000E+00 
  265  2868   265     1.407476E+01     9.402671E+00     9.431616E-01     1.209420E+01     1.596081E+00     1.000000E+00 
  266  2879   266     1.407614E+01     9.402622E+00     9.392440E-01     1.208258E+01     1.600304E+00     1.000000E+00 
  267  2890   267     1.421192E+01     9.402568E+00     9.748609E-01     1.251327E+01     1.594690E+00     1.000000E+00 
  268  2901   268     1.414737E+01     9.402516E+00     9.618691E-01     1.223202E+01     1.597623E+00     1.000000E+00 
  269  2912   269     1.402232E+01     9.402429E+00     9.194357E-01     1.192530E+01     1.606561E+00     1.000000E+00 
  270  2923   270     1.401292E+01     9.402386E+00     9.181916E-01     1.178988E+01     1.597943E+00     1.000000E+00 
  271  2934   271     1.398848E+01     9.402341E+00     9.061142E-01     1.179840E+01     1.601721E+00     1.000000E+00 
  272  2945   272     1.396600E+01     9.402300E+00     9.021733E-01     1.158253E+01     1.600006E+00     1.000000E+00 
  273  2956   273     1.401654E+01     9.402262E+00     9.080621E-01     1.177730E+01     1.597403E+00     1.000000E+00 
  274  2967   274     1.425990E+01     9.402226E+00     9.860343E-01     1.266945E+01     1.597872E+00     1.000000E+00 
  275  2978   275     1.416336E+01     9.402159E+00     9.609480E-01     1.238739E+01     1.598245E+00     1.000000E+00 
  276  2989   276     1.396770E+01     9.402089E+00     8.898940E-01     1.148308E+01     1.606393E+00     1.000000E+00 
  277  3000   277     1.396994E+01     9.402044E+00     9.055314E-01     1.165193E+01     1.605000E+00     1.000000E+00 
  278  3011   278     1.404915E+01     9.402010E+00     9.296021E-01     1.201327E+01     1.597822E+00     1.000000E+00 
  279  3022   279     1.406564E+01     9.401966E+00     9.393520E-01     1.213297E+01     1.598510E+00     1.000000E+00 
  280  3033   280     1.397324E+01     9.401915E+00     9.042499E-01     1.167127E+01     1.604503E+00     1.000000E+00 
  281  3044   281     1.393599E+01     9.401871E+00     8.839070E-01     1.142290E+01     1.601192E+00     1.000000E+00 
  282  3055   282     1.393180E+01     9.401838E+00     8.884788E-01     1.141283E+01     1.601802E+00     1.000000E+00 
  283  3066   283     1.395836E+01     9.401805E+00     8.939573E-01     1.150103E+01     1.598891E+00     1.000000E+00 
  284  3077   284     1.405920E+01     9.401775E+00     9.409720E-01     1.218494E+01     1.599634E+00     1.000000E+00 
  285  3088   285     1.419711E+01     9.401731E+00     9.822274E-01     1.270066E+01     1.598959E+00     1.000000E+00 
  286  3099   286     1.415538E+01     9.401672E+00     9.626425E-01     1.256903E+01     1.605862E+00     1.000000E+00 
  287  3110   287     1.409720E+01     9.401617E+00     9.493693E-01     1.228694E+01     1.602883E+00     1.000000E+00 
  288  3121   288     1.401962E+01     9.401549E+00     9.242051E-01     1.188685E+01     1.607549E+00     1.000000E+00 
  289  3132   289     1.399944E+01     9.401509E+00     9.239775E-01     1.187116E+01     1.603973E+00     1.000000E+00 
  290  3143   290     1.403283E+01     9.401465E+00     9.322838E-01     1.200106E+01     1.601981E+00     1.000000E+00 
  291  3154   291     1.401599E+01     9.401423E+00     9.279695E-01     1.200039E+01     1.604358E+00     1.000000E+00 
  292  3165   292     1.395248E+01     9.401379E+00     8.929677E-01     1.152662E+01     1.605173E+00     1.000000E+00 
  293  3176   293     1.392500E+01     9.401340E+00     8.852468E-01     1.140450E+01     1.605719E+00     1.000000E+00 
  294  3187   294     1.392347E+01     9.401309E+00     8.835487E-01     1.132795E+01     1.602496E+00     1.000000E+00 
  295  3198   295     1.394843E+01     9.401279E+00     8.991809E-01     1.162586E+01     1.601523E+00     1.000000E+00 
  296  3209   296     1.403567E+01     9.401247E+00     9.432314E-01     1.206533E+01     1.601599E+00     1.000000E+00 
  297  3220   297     1.407477E+01     9.401214E+00     9.561933E-01     1.240236E+01     1.600646E+00     1.000000E+00 
  298  3231   298     1.397257E+01     9.401154E+00     9.130060E-01     1.162298E+01     1.609558E+00     1.000000E+00 
  299  3242   299     1.394516E+01     9.401117E+00     8.899975E-01     1.148950E+01     1.605987E+00     1.000000E+00 
  300  3253   300     1.397078E+01     9.401080E+00     9.155112E-01     1.191963E+01     1.605070E+00     1.000000E+00 
  301  3264   301     1.399364E+01     9.401051E+00     9.113763E-01     1.181728E+01     1.603352E+00     1.000000E+00 
  302  3275   302     1.397173E+01     9.401008E+00     9.148614E-01     1.194881E+01     1.606708E+00     1.000000E+00 
  303  3286   303     1.393828E+01     9.400974E+00     8.878914E-01     1.135713E+01     1.605300E+00     1.000000E+00 
  304  3297   304     1.394085E+01     9.400938E+00     8.937333E-01     1.158923E+01     1.604684E+00     1.000000E+00 
  305  3308   305     1.400113E+01     9.400908E+00     9.167901E-01     1.177071E+01     1.603599E+00     1.000000E+00 
  306  3319   306     1.409276E+01     9.400875E+00     9.487170E-01     1.233963E+01     1.601256E+00     1.000000E+00 
  307  3330   307     1.399842E+01     9.400822E+00     9.167859E-01     1.181804E+01     1.609486E+00     1.000000E+00 
  308  3341   308     1.393082E+01     9.400778E+00     8.861225E-01     1.145244E+01     1.608153E+00     1.000000E+00 
  309  3352   309     1.392195E+01     9.400743E+00     8.856083E-01     1.142154E+01     1.607259E+00     1.000000E+00 
  310  3363   310     1.393484E+01     9.400714E+00     8.934099E-01     1.153382E+01     1.604408E+00     1.000000E+00 
  311  3374   311     1.397309E+01     9.400685E+00     9.113031E-01     1.193502E+01     1.605923E+00     1.000000E+00 
  312  3385   312     1.401054E+01     9.400652E+00     9.322525E-01     1.210900E+01     1.605407E+00     1.000000E+00 
  313  3396   313     1.398475E+01     9.400616E+00     9.122524E-01     1.191808E+01     1.608507E+00     1.000000E+00 
  314  3407   314     1.397226E+01     9.400574E+00     9.026249E-01     1.157252E+01     1.609638E+00     1.000000E+00 
  315  3418   315     1.402809E+01     9.400541E+00     9.260303E-01     1.196879E+01     1.606283E+00     1.000000E+00 
  316  3429   316     1.405302E+01     9.400497E+00     9.336837E-01     1.208626E+01     1.608166E+00     1.000000E+00 
  317  3440   317     1.396756E+01     9.400454E+00     9.060890E-01     1.176919E+01     1.611322E+00     1.000000E+00 
  318  3451   318     1.392532E+01     9.400412E+00     8.857217E-01     1.136503E+01     1.611244E+00     1.000000E+00 
  319  3462   319     1.391926E+01     9.400381E+00     8.845728E-01     1.136942E+01     1.608437E+00     1.000000E+00 
  320  3473   320     1.393578E+01     9.400352E+00     8.933956E-01     1.146590E+01     1.606131E+00     1.000000E+00 
  321  3484   321     1.400730E+01     9.400321E+00     9.237050E-01     1.187810E+01     1.606701E+00     1.000000E+00 
  322  3495   322     1.409480E+01     9.400291E+00     9.633344E-01     1.237498E+01     1.605921E+00     1.000000E+00 
  323  3506   323     1.398863E+01     9.400234E+00     9.125950E-01     1.173763E+01     1.610903E+00     1.000000E+00 
  324  3517   324     1.393453E+01     9.400192E+00     8.919216E-01     1.151030E+01     1.614742E+00     1.000000E+00 
  325  3528   325     1.393889E+01     9.400160E+00     8.971789E-01     1.152913E+01     1.610499E+00     1.000000E+00 
  326  3539   326     1.397202E+01     9.400129E+00     9.182956E-01     1.199862E+01     1.610241E+00     1.000000E+00 
  327  3550   327     1.399664E+01     9.400101E+00     9.342076E-01     1.207967E+01     1.608922E+00     1.000000E+00 
  328  3561   328     1.396441E+01     9.400060E+00     9.123669E-01     1.189452E+01     1.612695E+00     1.000000E+00 
  329  3572   329     1.393638E+01     9.400028E+00     8.950780E-01     1.148943E+01     1.611880E+00     1.000000E+00 
  330  3583   330     1.394731E+01     9.399994E+00     8.969030E-01     1.153739E+01     1.610545E+00     1.000000E+00 
  331  3594   331     1.402420E+01     9.399966E+00     9.286044E-01     1.179545E+01     1.608578E+00     1.000000E+00 
  332  3605   332     1.407984E+01     9.399928E+00     9.513451E-01     1.209631E+01     1.610349E+00     1.000000E+00 
  333  3616   333     1.397310E+01     9.399881E+00     9.074559E-01     1.155182E+01     1.614110E+00     1.000000E+00 
  334  3627   334     1.392482E+01     9.399837E+00     8.867987E-01     1.138886E+01     1.615530E+00     1.000000E+00 
  335  3638   335     1.392012E+01     9.399807E+00     8.846900E-01     1.132666E+01     1.612374E+00     1.000000E+00 
  336  3649   336     1.393793E+01     9.399778E+00     8.909090E-01     1.148931E+01     1.609520E+00     1.000000E+00 
  337  3660   337     1.400372E+01     9.399751E+00     9.143389E-01     1.173831E+01     1.611460E+00     1.000000E+00 
  338  3671   338     1.406814E+01     9.399714E+00     9.378200E-01     1.210178E+01     1.610122E+00     1.000000E+00 
  339  3682   339     1.399675E+01     9.399672E+00     9.133244E-01     1.175659E+01     1.615912E+00     1.000000E+00 
  340  3693   340     1.396412E+01     9.399629E+00     8.994250E-01     1.160069E+01     1.615656E+00     1.000000E+00 
  341  3704   341     1.399220E+01     9.399592E+00     9.052434E-01     1.171584E+01     1.612672E+00     1.000000E+00 
  342  3715   342     1.400486E+01     9.399563E+00     9.102724E-01     1.183744E+01     1.614822E+00     1.000000E+00 
  343  3726   343     1.395883E+01     9.399514E+00     8.957605E-01     1.158537E+01     1.614201E+00     1.000000E+00 
  344  3737   344     1.393083E+01     9.399484E+00     8.889779E-01     1.145491E+01     1.615947E+00     1.000000E+00 
  345  3748   345     1.393843E+01     9.399450E+00     8.910350E-01     1.144309E+01     1.612643E+00     1.000000E+00 
  346  3759   346     1.400687E+01     9.399423E+00     9.125218E-01     1.173786E+01     1.611950E+00     1.000000E+00 
  347  3770   347     1.409827E+01     9.399387E+00     9.376922E-01     1.206362E+01     1.612042E+00     1.000000E+00 
  348  3781   348     1.399082E+01     9.399342E+00     9.080226E-01     1.168903E+01     1.616412E+00     1.000000E+00 
  349  3792   349     1.392788E+01     9.399296E+00     8.872068E-01     1.136239E+01     1.619594E+00     1.000000E+00 
  350  3803   350     1.391991E+01     9.399265E+00     8.864518E-01     1.139574E+01     1.615643E+00     1.000000E+00 
  351  3814   351     1.393103E+01     9.399238E+00     8.898822E-01     1.143530E+01     1.614281E+00     1.000000E+00 
  352  3825   352     1.397159E+01     9.399208E+00     9.053080E-01     1.170577E+01     1.613391E+00     1.000000E+00 
  353  3836   353     1.402765E+01     9.399182E+00     9.223679E-01     1.190109E+01     1.615763E+00     1.000000E+00 
  354  3847   354     1.401080E+01     9.399137E+00     9.140483E-01     1.173681E+01     1.615926E+00     1.000000E+00 
  355  3858   355     1.398513E+01     9.399101E+00     9.063467E-01     1.167479E+01     1.619512E+00     1.000000E+00 
  356  3869   356     1.401959E+01     9.399061E+00     9.132276E-01     1.175358E+01     1.616430E+00     1.000000E+00 
  357  3880   357     1.402229E+01     9.399025E+00     9.228602E-01     1.201696E+01     1.617895E+00     1.000000E+00 
  358  3891   358     1.395684E+01     9.398983E+00     8.976140E-01     1.153505E+01     1.619616E+00     1.000000E+00 
  359  3902   359     1.392472E+01     9.398947E+00     8.900532E-01     1.145465E+01     1.619943E+00     1.000000E+00 
  360  3913   360     1.391764E+01     9.398918E+00     8.867284E-01     1.139539E+01     1.616820E+00     1.000000E+00 
  361  3924   361     1.392500E+01     9.398891E+00     8.899005E-01     1.134925E+01     1.615374E+00     1.000000E+00 
  362  3935   362     1.396801E+01     9.398863E+00     9.058522E-01     1.165728E+01     1.614518E+00     1.000000E+00 
  363  3946   363     1.407082E+01     9.398838E+00     9.354363E-01     1.179423E+01     1.616308E+00     1.000000E+00 
  364  3957   364     1.403973E+01     9.398788E+00     9.289054E-01     1.199190E+01     1.616725E+00     1.000000E+00 
  365  3968   365     1.394706E+01     9.398747E+00     8.949532E-01     1.131618E+01     1.622994E+00     1.000000E+00 
  366  3979   366     1.393621E+01     9.398710E+00     8.972982E-01     1.165881E+01     1.620664E+00     1.000000E+00 
  367  3990   367     1.396201E+01     9.398682E+00     9.090908E-01     1.162973E+01     1.617884E+00     1.000000E+00 
  368  4001   368     1.399689E+01     9.398654E+00     9.295890E-01     1.208663E+01     1.618513E+00     1.000000E+00 
  369  4012   369     1.397660E+01     9.398618E+00     9.164539E-01     1.176074E+01     1.618488E+00     1.000000E+00 
  370  4023   370     1.393882E+01     9.398585E+00     8.984579E-01     1.162352E+01     1.621557E+00     1.000000E+00 
  371  4034   371     1.393049E+01     9.398553E+00     8.914055E-01     1.142755E+01     1.619450E+00     1.000000E+00 
  372  4045   372     1.396529E+01     9.398526E+00     8.961940E-01     1.145386E+01     1.617865E+00     1.000000E+00 
  373  4056   373     1.407001E+01     9.398495E+00     9.204678E-01     1.191100E+01     1.617250E+00     1.000000E+00 
  374  4067   374     1.405056E+01     9.398459E+00     9.162503E-01     1.168032E+01     1.618669E+00     1.000000E+00 
  375  4078   375     1.394512E+01     9.398405E+00     8.941493E-01     1.152594E+01     1.625913E+00     1.000000E+00 
  376  4089   376     1.392175E+01     9.398372E+00     8.895643E-01     1.141176E+01     1.622897E+00     1.000000E+00 
  377  4100   377     1.392515E+01     9.398344E+00     8.930384E-01     1.150740E+01     1.619815E+00     1.000000E+00 
  378  4111   378     1.394779E+01     9.398318E+00     9.092142E-01     1.177955E+01     1.619586E+00     1.000000E+00 
  379  4122   379     1.398601E+01     9.398292E+00     9.275070E-01     1.207660E+01     1.618188E+00     1.000000E+00 
  380  4133   380     1.398846E+01     9.398263E+00     9.326219E-01     1.208471E+01     1.621498E+00     1.000000E+00 
  381  4144   381     1.394636E+01     9.398230E+00     9.049678E-01     1.171005E+01     1.621693E+00     1.000000E+00 
  382  4155   382     1.392296E+01     9.398200E+00     8.941957E-01     1.151915E+01     1.622684E+00     1.000000E+00 
  383  4166   383     1.391557E+01     9.398172E+00     8.885075E-01     1.140099E+01     1.620276E+00     1.000000E+00 
  384  4177   384     1.391407E+01     9.398147E+00     8.891804E-01     1.142049E+01     1.619274E+00     1.000000E+00 
  385  4188   385     1.391566E+01     9.398121E+00     8.878081E-01     1.138356E+01     1.618443E+00     1.000000E+00 
  386  4199   386     1.392284E+01     9.398096E+00     8.925475E-01     1.148391E+01     1.619154E+00     1.000000E+00 
  387  4210   387     1.394370E+01     9.398070E+00     8.924027E-01     1.146731E+01     1.619462E+00     1.000000E+00 
  388  4221   388     1.398158E+01     9.398044E+00     9.090255E-01     1.176257E+01     1.621766E+00     1.000000E+00 
  389  4232   389     1.398802E+01     9.398011E+00     9.015215E-01     1.161664E+01     1.621841E+00     1.000000E+00 
  390  4243   390     1.394970E+01     9.397978E+00     9.003508E-01     1.161807E+01     1.626543E+00     1.000000E+00 
  391  4254   391     1.392445E+01     9.397945E+00     8.886291E-01     1.138776E+01     1.624348E+00     1.000000E+00 
  392  4265   392     1.391647E+01     9.397917E+00     8.904096E-01     1.142490E+01     1.622740E+00     1.000000E+00 
  393  4276   393     1.391529E+01     9.397891E+00     8.882612E-01     1.138720E+01     1.621270E+00     1.000000E+00 
  394  4287   394     1.391915E+01     9.397866E+00     8.923021E-01     1.144887E+01     1.620401E+00     1.000000E+00 
  395  4298   395     1.393313E+01     9.397840E+00     8.949047E-01     1.154308E+01     1.621549E+00     1.000000E+00 
  396  4309   396     1.396661E+01     9.397814E+00     9.113925E-01     1.177689E+01     1.621082E+00     1.000000E+00 
  397  4320   397     1.399511E+01     9.397785E+00     9.166296E-01     1.192746E+01     1.624555E+00     1.000000E+00 
  398  4331   398     1.396690E+01     9.397752E+00     9.113958E-01     1.177207E+01     1.625070E+00     1.000000E+00 
  399  4342   399     1.393175E+01     9.397717E+00     8.941391E-01     1.152727E+01     1.627098E+00     1.000000E+00 
  400  4353   400     1.391855E+01     9.397689E+00     8.921541E-01     1.144242E+01     1.624853E+00     1.000000E+00 
  401  4364   401     1.391532E+01     9.397662E+00     8.891322E-01     1.140981E+01     1.623156E+00     1.000000E+00 
  402  4375   402     1.391710E+01     9.397637E+00     8.924749E-01     1.144552E+01     1.622578E+00     1.000000E+00 
  403  4386   403     1.392609E+01     9.397611E+00     8.929740E-01     1.149605E+01     1.621809E+00     1.000000E+00 
  404  4397   404     1.395201E+01     9.397588E+00     9.086235E-01     1.171273E+01     1.624243E+00     1.000000E+00 
  405  4408   405     1.398826E+01     9.397556E+00     9.150354E-01     1.189368E+01     1.622816E+00     1.000000E+00 
  406  4419   406     1.398294E+01     9.397531E+00     9.211412E-01     1.190044E+01     1.627952E+00     1.000000E+00 
  407  4430   407     1.394182E+01     9.397490E+00     8.981167E-01     1.159544E+01     1.626834E+00     1.000000E+00 
  408  4441   408     1.392187E+01     9.397463E+00     8.940153E-01     1.147932E+01     1.628093E+00     1.000000E+00 
  409  4452   409     1.391582E+01     9.397434E+00     8.896530E-01     1.140228E+01     1.625143E+00     1.000000E+00 
  410  4463   410     1.391549E+01     9.397409E+00     8.913687E-01     1.143320E+01     1.624101E+00     1.000000E+00 
  411  4474   411     1.392005E+01     9.397384E+00     8.933017E-01     1.143416E+01     1.623678E+00     1.000000E+00 
  412  4485   412     1.393588E+01     9.397359E+00     9.012084E-01     1.159803E+01     1.623856E+00     1.000000E+00 
  413  4496   413     1.397168E+01     9.397334E+00     9.179224E-01     1.183508E+01     1.625277E+00     1.000000E+00 
  414  4507   414     1.399643E+01     9.397304E+00     9.280168E-01     1.203663E+01     1.625855E+00     1.000000E+00 
  415  4518   415     1.396273E+01     9.397273E+00     9.132867E-01     1.173713E+01     1.629181E+00     1.000000E+00 
  416  4529   416     1.392954E+01     9.397239E+00     8.972666E-01     1.152826E+01     1.629322E+00     1.000000E+00 
  417  4540   417     1.391770E+01     9.397212E+00     8.924806E-01     1.142991E+01     1.627700E+00     1.000000E+00 
  418  4551   418     1.391446E+01     9.397185E+00     8.907291E-01     1.142145E+01     1.625760E+00     1.000000E+00 
  419  4562   419     1.391432E+01     9.397161E+00     8.918405E-01     1.142472E+01     1.625024E+00     1.000000E+00 
  420  4573   420     1.391687E+01     9.397136E+00     8.922696E-01     1.144589E+01     1.624691E+00     1.000000E+00 
  421  4584   421     1.392605E+01     9.397112E+00     9.000958E-01     1.157880E+01     1.625516E+00     1.000000E+00 
  422  4595   422     1.395106E+01     9.397086E+00     9.103839E-01     1.169390E+01     1.626070E+00     1.000000E+00 
  423  4606   423     1.398832E+01     9.397061E+00     9.360403E-01     1.212011E+01     1.628053E+00     1.000000E+00 
  424  4617   424     1.398189E+01     9.397029E+00     9.256459E-01     1.191634E+01     1.628872E+00     1.000000E+00 
  425  4628   425     1.394255E+01     9.396998E+00     9.090215E-01     1.172785E+01     1.632203E+00     1.000000E+00 
  426  4639   426     1.392205E+01     9.396967E+00     8.942610E-01     1.147048E+01     1.630409E+00     1.000000E+00 
  427  4650   427     1.391578E+01     9.396941E+00     8.932309E-01     1.143815E+01     1.628534E+00     1.000000E+00 
  428  4661   428     1.391450E+01     9.396916E+00     8.910960E-01     1.143899E+01     1.627139E+00     1.000000E+00 
  429  4672   429     1.391607E+01     9.396891E+00     8.937956E-01     1.143857E+01     1.626514E+00     1.000000E+00 
  430  4683   430     1.392276E+01     9.396867E+00     8.950208E-01     1.153504E+01     1.627029E+00     1.000000E+00 
  431  4694   431     1.394310E+01     9.396842E+00     9.090743E-01     1.163293E+01     1.627411E+00     1.000000E+00 
  432  4705   432     1.397969E+01     9.396818E+00     9.215264E-01     1.202345E+01     1.629066E+00     1.000000E+00 
  433  4716   433     1.399039E+01     9.396787E+00     9.327495E-01     1.198671E+01     1.629886E+00     1.000000E+00 
  434  4727   434     1.395119E+01     9.396757E+00     9.078096E-01     1.178358E+01     1.632462E+00     1.000000E+00 
  435  4738   435     1.392545E+01     9.396725E+00     8.989406E-01     1.149585E+01     1.632741E+00     1.000000E+00 
  436  4749   436     1.391658E+01     9.396699E+00     8.926027E-01     1.145555E+01     1.630829E+00     1.000000E+00 
  437  4760   437     1.391408E+01     9.396673E+00     8.927629E-01     1.143430E+01     1.628956E+00     1.000000E+00 
  438  4771   438     1.391333E+01     9.396649E+00     8.920270E-01     1.143871E+01     1.628051E+00     1.000000E+00 
  439  4782   439     1.391313E+01     9.396625E+00     8.924545E-01     1.144033E+01     1.627577E+00     1.000000E+00 
  440  4793   440     1.391307E+01     9.396601E+00     8.924201E-01     1.144349E+01     1.627414E+00     1.000000E+00 
  441  4804   441     1.391307E+01     9.396578E+00     8.926501E-01     1.144557E+01     1.627394E+00     1.000000E+00 
  442  4815   442     1.391307E+01     9.396554E+00     8.927210E-01     1.144758E+01     1.627453E+00     1.000000E+00 
  443  4826   443     1.391308E+01     9.396530E+00     8.928638E-01     1.144936E+01     1.627569E+00     1.000000E+00 
  444  4837   444     1.391309E+01     9.396506E+00     8.929493E-01     1.145081E+01     1.627696E+00     1.000000E+00 
  445  4848   445     1.391310E+01     9.396482E+00     8.930588E-01     1.145229E+01     1.627852E+00     1.000000E+00 
  446  4859   446     1.391312E+01     9.396459E+00     8.931423E-01     1.145346E+01     1.627999E+00     1.000000E+00 
  447  4870   447     1.391313E+01     9.396435E+00     8.932373E-01     1.145473E+01     1.628168E+00     1.000000E+00 
  448  4881   448     1.391314E+01     9.396411E+00     8.933165E-01     1.145574E+01     1.628319E+00     1.000000E+00 
  449  4892   449     1.391315E+01     9.396387E+00     8.934036E-01     1.145687E+01     1.628489E+00     1.000000E+00 
  450  4903   450     1.391317E+01     9.396364E+00     8.934791E-01     1.145778E+01     1.628643E+00     1.000000E+00 
  451  4914   451     1.391318E+01     9.396340E+00     8.935613E-01     1.145880E+01     1.628812E+00     1.000000E+00 
  452  4925   452     1.391319E+01     9.396316E+00     8.936340E-01     1.145964E+01     1.628966E+00     1.000000E+00 
  453  4936   453     1.391321E+01     9.396292E+00     8.937128E-01     1.146060E+01     1.629135E+00     1.000000E+00 
  454  4947   454     1.391322E+01     9.396269E+00     8.937836E-01     1.146140E+01     1.629290E+00     1.000000E+00 
  455  4958   455     1.391323E+01     9.396245E+00     8.938600E-01     1.146230E+01     1.629457E+00     1.000000E+00 
  456  4969   456     1.391324E+01     9.396222E+00     8.939295E-01     1.146307E+01     1.629613E+00     1.000000E+00 
  457  4980   457     1.391326E+01     9.396198E+00     8.940042E-01     1.146393E+01     1.629779E+00     1.000000E+00 
  458  4991   458     1.391327E+01     9.396174E+00     8.940728E-01     1.146468E+01     1.629935E+00     1.000000E+00 
  459  5002   459     1.391328E+01     9.396151E+00     8.941461E-01     1.146551E+01     1.630101E+00     1.000000E+00 
  460  5013   460     1.391330E+01     9.396127E+00     8.942142E-01     1.146625E+01     1.630257E+00     1.000000E+00 
  461  5024   461     1.391331E+01     9.396104E+00     8.942865E-01     1.146707E+01     1.630423E+00     1.000000E+00 
  462  5035   462     1.391332E+01     9.396080E+00     8.943543E-01     1.146780E+01     1.630579E+00     1.000000E+00 
  463  5046   463     1.391333E+01     9.396057E+00     8.944257E-01     1.146860E+01     1.630744E+00     1.000000E+00 
  464  5057   464     1.391335E+01     9.396033E+00     8.944933E-01     1.146932E+01     1.630901E+00     1.000000E+00 
  465  5068   465     1.391336E+01     9.396010E+00     8.945640E-01     1.147011E+01     1.631064E+00     1.000000E+00 
  466  5079   466     1.391337E+01     9.395986E+00     8.946315E-01     1.147083E+01     1.631221E+00     1.000000E+00 
  467  5090   467     1.391339E+01     9.395963E+00     8.947017E-01     1.147161E+01     1.631385E+00     1.000000E+00 
  468  5101   468     1.391340E+01     9.395939E+00     8.947691E-01     1.147233E+01     1.631542E+00     1.000000E+00 
  469  5112   469     1.391341E+01     9.395916E+00     8.948389E-01     1.147310E+01     1.631705E+00     1.000000E+00 
  470  5123   470     1.391342E+01     9.395893E+00     8.949062E-01     1.147382E+01     1.631862E+00     1.000000E+00 
  471  5134   471     1.391344E+01     9.395869E+00     8.949757E-01     1.147458E+01     1.632024E+00     1.000000E+00 
  472  5145   472     1.391345E+01     9.395846E+00     8.950430E-01     1.147531E+01     1.632182E+00     1.000000E+00 
  473  5156   473     1.391346E+01     9.395823E+00     8.951122E-01     1.147606E+01     1.632344E+00     1.000000E+00 
  474  5167   474     1.391348E+01     9.395799E+00     8.951794E-01     1.147678E+01     1.632501E+00     1.000000E+00 
  475  5178   475     1.391349E+01     9.395776E+00     8.952484E-01     1.147754E+01     1.632662E+00     1.000000E+00 
  476  5189   476     1.391350E+01     9.395753E+00     8.953156E-01     1.147826E+01     1.632820E+00     1.000000E+00 
  477  5200   477     1.391352E+01     9.395730E+00     8.953843E-01     1.147901E+01     1.632981E+00     1.000000E+00 
  478  5211   478     1.391353E+01     9.395706E+00     8.954515E-01     1.147973E+01     1.633138E+00     1.000000E+00 
  479  5222   479     1.391354E+01     9.395683E+00     8.955200E-01     1.148048E+01     1.633299E+00     1.000000E+00 
  480  5233   480     1.391355E+01     9.395660E+00     8.955873E-01     1.148120E+01     1.633457E+00     1.000000E+00 
  481  5244   481     1.391357E+01     9.395637E+00     8.956556E-01     1.148194E+01     1.633617E+00     1.000000E+00 
  482  5255   482     1.391358E+01     9.395614E+00     8.957228E-01     1.148266E+01     1.633774E+00     1.000000E+00 
  483  5266   483     1.391359E+01     9.395591E+00     8.957909E-01     1.148341E+01     1.633934E+00     1.000000E+00 
  484  5277   484     1.391361E+01     9.395567E+00     8.958581E-01     1.148413E+01     1.634091E+00     1.000000E+00 
  485  5288   485     1.391362E+01     9.395544E+00     8.959261E-01     1.148487E+01     1.634251E+00     1.000000E+00 
  486  5299   486     1.391363E+01     9.395521E+00     8.959932E-01     1.148559E+01     1.634408E+00     1.000000E+00 
  487  5310   487     1.391364E+01     9.395498E+00     8.960611E-01     1.148632E+01     1.634567E+00     1.000000E+00 
  488  5321   488     1.391366E+01     9.395475E+00     8.961282E-01     1.148705E+01     1.634725E+00     1.000000E+00 
  489  5332   489     1.391367E+01     9.395452E+00     8.961959E-01     1.148778E+01     1.634883E+00     1.000000E+00 
  490  5343   490     1.391368E+01     9.395429E+00     8.962630E-01     1.148850E+01     1.635041E+00     1.000000E+00 
  491  5354   491     1.391370E+01     9.395406E+00     8.963306E-01     1.148924E+01     1.635199E+00     1.000000E+00 
  492  5365   492     1.391371E+01     9.395383E+00     8.963976E-01     1.148996E+01     1.635356E+00     1.000000E+00 
  493  5376   493     1.391372E+01     9.395360E+00     8.964651E-01     1.149069E+01     1.635514E+00     1.000000E+00 
  494  5387   494     1.391373E+01     9.395337E+00     8.965321E-01     1.149141E+01     1.635671E+00     1.000000E+00 
  495  5398   495     1.391375E+01     9.395314E+00     8.965995E-01     1.149214E+01     1.635829E+00     1.000000E+00 
  496  5409   496     1.391376E+01     9.395291E+00     8.966664E-01     1.149286E+01     1.635986E+00     1.000000E+00 
  497  5420   497     1.391377E+01     9.395269E+00     8.967337E-01     1.149359E+01     1.636144E+00     1.000000E+00 
  498  5431   498     1.391379E+01     9.395246E+00     8.968006E-01     1.149431E+01     1.636301E+00     1.000000E+00 
  499  5442   499     1.391380E+01     9.395223E+00     8.968678E-01     1.149504E+01     1.636458E+00     1.000000E+00 
  500  5453   500     1.391381E+01     9.395200E+00     8.969346E-01     1.149576E+01     1.636615E+00     1.000000E+00 
  501  5464   501     1.391382E+01     9.395177E+00     8.970017E-01     1.149648E+01     1.636772E+00     1.000000E+00 
  502  5475   502     1.391384E+01     9.395154E+00     8.970685E-01     1.149720E+01     1.636928E+00     1.000000E+00 
  503  5486   503     1.391385E+01     9.395132E+00     8.971355E-01     1.149793E+01     1.637085E+00     1.000000E+00 
  504  5497   504     1.391386E+01     9.395109E+00     8.972022E-01     1.149864E+01     1.637241E+00     1.000000E+00 
  505  5508   505     1.391388E+01     9.395086E+00     8.972691E-01     1.149937E+01     1.637398E+00     1.000000E+00 
  506  5519   506     1.391389E+01     9.395063E+00     8.973357E-01     1.150009E+01     1.637554E+00     1.000000E+00 
  507  5530   507     1.391390E+01     9.395041E+00     8.974026E-01     1.150081E+01     1.637711E+00     1.000000E+00 
  508  5541   508     1.391391E+01     9.395018E+00     8.974692E-01     1.150153E+01     1.637867E+00     1.000000E+00 
  509  5552   509     1.391393E+01     9.394995E+00     8.975359E-01     1.150225E+01     1.638023E+00     1.000000E+00 
  510  5563   510     1.391394E+01     9.394973E+00     8.976024E-01     1.150296E+01     1.638179E+00     1.000000E+00 
  511  5574   511     1.391395E+01     9.394950E+00     8.976691E-01     1.150369E+01     1.638335E+00     1.000000E+00 
  512  5585   512     1.391396E+01     9.394927E+00     8.977355E-01     1.150441E+01     1.638490E+00     1.000000E+00 
  513  5596   513     1.391398E+01     9.394905E+00     8.978021E-01     1.150513E+01     1.638646E+00     1.000000E+00 
  514  5607   514     1.391399E+01     9.394882E+00     8.978685E-01     1.150585E+01     1.638801E+00     1.000000E+00 
  515  5618   515     1.391400E+01     9.394860E+00     8.979350E-01     1.150657E+01     1.638957E+00     1.000000E+00 
  516  5629   516     1.391402E+01     9.394837E+00     8.980013E-01     1.150729E+01     1.639112E+00     1.000000E+00 
  517  5640   517     1.391403E+01     9.394815E+00     8.980677E-01     1.150801E+01     1.639268E+00     1.000000E+00 
  518  5651   518     1.391404E+01     9.394792E+00     8.981340E-01     1.150873E+01     1.639423E+00     1.000000E+00 
  519  5662   519     1.391405E+01     9.394770E+00     8.982003E-01     1.150945E+01     1.639578E+00     1.000000E+00 
  520  5673   520     1.391407E+01     9.394747E+00     8.982665E-01     1.151017E+01     1.639733E+00     1.000000E+00 
  521  5684   521     1.391408E+01     9.394725E+00     8.983328E-01     1.151089E+01     1.639888E+00     1.000000E+00 
  522  5695   522     1.391409E+01     9.394702E+00     8.983989E-01     1.151160E+01     1.640042E+00     1.000000E+00 
  523  5706   523     1.391411E+01     9.394680E+00     8.984651E-01     1.151232E+01     1.640197E+00     1.000000E+00 
  524  5717   524     1.391412E+01     9.394657E+00     8.985312E-01     1.151304E+01     1.640352E+00     1.000000E+00 
  525  5728   525     1.391413E+01     9.394635E+00     8.985973E-01     1.151375E+01     1.640506E+00     1.000000E+00 
  526  5739   526     1.391414E+01     9.394613E+00     8.986633E-01     1.151447E+01     1.640660E+00     1.000000E+00 
  527  5750   527     1.391416E+01     9.394590E+00     8.987293E-01     1.151518E+01     1.640815E+00     1.000000E+00 
  528  5761   528     1.391417E+01     9.394568E+00     8.987952E-01     1.151590E+01     1.640969E+00     1.000000E+00 
  529  5772   529     1.391418E+01     9.394545E+00     8.988612E-01     1.151661E+01     1.641123E+00     1.000000E+00 
  530  5783   530     1.391419E+01     9.394523E+00     8.989270E-01     1.151733E+01     1.641277E+00     1.000000E+00 
  531  5794   531     1.391421E+01     9.394501E+00     8.989929E-01     1.151804E+01     1.641431E+00     1.000000E+00 
  532  5805   532     1.391422E+01     9.394479E+00     8.990587E-01     1.151875E+01     1.641585E+00     1.000000E+00 
  533  5816   533     1.391423E+01     9.394456E+00     8.991245E-01     1.151947E+01     1.641739E+00     1.000000E+00 
  534  5827   534     1.391425E+01     9.394434E+00     8.991902E-01     1.152018E+01     1.641892E+00     1.000000E+00 
  535  5838   535     1.391426E+01     9.394412E+00     8.992559E-01     1.152089E+01     1.642046E+00     1.000000E+00 
  536  5849   536     1.391427E+01     9.394390E+00     8.993216E-01     1.152160E+01     1.642199E+00     1.000000E+00 
  537  5860   537     1.391428E+01     9.394367E+00     8.993872E-01     1.152231E+01     1.642352E+00     1.000000E+00 
  538  5871   538     1.391430E+01     9.394345E+00     8.994528E-01     1.152302E+01     1.642506E+00     1.000000E+00 
  539  5882   539     1.391431E+01     9.394323E+00     8.995184E-01     1.152375E+01     1.642659E+00     1.000000E+00 
  540  5893   540     1.391432E+01     9.394301E+00     8.995839E-01     1.152448E+01     1.642812E+00     1.000000E+00 
  541  5904   541     1.391433E+01     9.394279E+00     8.996494E-01     1.152520E+01     1.642965E+00     1.000000E+00 
  542  5915   542     1.391435E+01     9.394257E+00     8.997149E-01     1.152593E+01     1.643118E+00     1.000000E+00 
  543  5926   543     1.391436E+01     9.394235E+00     8.997803E-01     1.152666E+01     1.643271E+00     1.000000E+00 
  544  5937   544     1.391437E+01     9.394212E+00     8.998457E-01     1.152739E+01     1.643423E+00     1.000000E+00 
  545  5948   545     1.391438E+01     9.394190E+00     8.999111E-01     1.152811E+01     1.643576E+00     1.000000E+00 
  546  5959   546     1.391440E+01     9.394168E+00     8.999764E-01     1.152884E+01     1.643728E+00     1.000000E+00 
  547  5970   547     1.391441E+01     9.394146E+00     9.000417E-01     1.152957E+01     1.643881E+00     1.000000E+00 
  548  5981   548     1.391442E+01     9.394124E+00     9.001069E-01     1.153030E+01     1.644033E+00     1.000000E+00 
  549  5992   549     1.391444E+01     9.394102E+00     9.001721E-01     1.153103E+01     1.644185E+00     1.000000E+00 
  550  6003   550     1.391445E+01     9.394080E+00     9.002373E-01     1.153176E+01     1.644337E+00     1.000000E+00 
  551  6014   551     1.391446E+01     9.394058E+00     9.003024E-01     1.153249E+01     1.644489E+00     1.000000E+00 
  552  6025   552     1.391447E+01     9.394036E+00     9.003675E-01     1.153322E+01     1.644641E+00     1.000000E+00 
  553  6036   553     1.391449E+01     9.394015E+00     9.004326E-01     1.153394E+01     1.644793E+00     1.000000E+00 
  554  6047   554     1.391450E+01     9.393993E+00     9.004976E-01     1.153467E+01     1.644945E+00     1.000000E+00 
  555  6058   555     1.391451E+01     9.393971E+00     9.005626E-01     1.153540E+01     1.645096E+00     1.000000E+00 
  556  6069   556     1.391452E+01     9.393949E+00     9.006276E-01     1.153613E+01     1.645248E+00     1.000000E+00 
  557  6080   557     1.391454E+01     9.393927E+00     9.006925E-01     1.153685E+01     1.645399E+00     1.000000E+00 
  558  6091   558     1.391455E+01     9.393905E+00     9.007574E-01     1.153758E+01     1.645551E+00     1.000000E+00 
  559  6102   559     1.391456E+01     9.393883E+00     9.008222E-01     1.153831E+01     1.645702E+00     1.000000E+00 
  560  6113   560     1.391457E+01     9.393861E+00     9.008870E-01     1.153903E+01     1.645853E+00     1.000000E+00 
  561  6124   561     1.391459E+01     9.393840E+00     9.009518E-01     1.153976E+01     1.646004E+00     1.000000E+00 
  562  6135   562     1.391460E+01     9.393818E+00     9.010165E-01     1.154048E+01     1.646155E+00     1.000000E+00 
  563  6146   563     1.391461E+01     9.393796E+00     9.010813E-01     1.154121E+01     1.646306E+00     1.000000E+00 
  564  6157   564     1.391462E+01     9.393774E+00     9.011459E-01     1.154193E+01     1.646457E+00     1.000000E+00 
  565  6168   565     1.391464E+01     9.393753E+00     9.012106E-01     1.154265E+01     1.646607E+00     1.000000E+00 
  566  6179   566     1.391465E+01     9.393731E+00     9.012752E-01     1.154338E+01     1.646758E+00     1.000000E+00 
  567  6190   567     1.391466E+01     9.393709E+00     9.013397E-01     1.154410E+01     1.646908E+00     1.000000E+00 
  568  6201   568     1.391468E+01     9.393688E+00     9.014042E-01     1.154482E+01     1.647059E+00     1.000000E+00 
  569  6212   569     1.391469E+01     9.393666E+00     9.014687E-01     1.154554E+01     1.647209E+00     1.000000E+00 
  570  6223   570     1.391470E+01     9.393644E+00     9.015332E-01     1.154626E+01     1.647359E+00     1.000000E+00 
  571  6234   571     1.391471E+01     9.393623E+00     9.015976E-01     1.154698E+01     1.647510E+00     1.000000E+00 
  572  6245   572     1.391473E+01     9.393601E+00     9.016620E-01     1.154770E+01     1.647660E+00     1.000000E+00 
  573  6256   573     1.391474E+01     9.393579E+00     9.017264E-01     1.154842E+01     1.647809E+00     1.000000E+00 
  574  6267   574     1.391475E+01     9.393558E+00     9.017907E-01     1.154914E+01     1.647959E+00     1.000000E+00 
  575  6278   575     1.391476E+01     9.393536E+00     9.018550E-01     1.154986E+01     1.648109E+00     1.000000E+00 
  576  6289   576     1.391478E+01     9.393515E+00     9.019192E-01     1.155058E+01     1.648259E+00     1.000000E+00 
  577  6300   577     1.391479E+01     9.393493E+00     9.019834E-01     1.155130E+01     1.648408E+00     1.000000E+00 
  578  6311   578     1.391480E+01     9.393472E+00     9.020476E-01     1.155202E+01     1.648558E+00     1.000000E+00 
  579  6322   579     1.391481E+01     9.393450E+00     9.021117E-01     1.155273E+01     1.648707E+00     1.000000E+00 
  580  6333   580     1.391483E+01     9.393429E+00     9.021758E-01     1.155345E+01     1.648856E+00     1.000000E+00 
  581  6344   581     1.391484E+01     9.393407E+00     9.022399E-01     1.155417E+01     1.649006E+00     1.000000E+00 
  582  6355   582     1.391485E+01     9.393386E+00     9.023039E-01     1.155488E+01     1.649155E+00     1.000000E+00 
  583  6366   583     1.391486E+01     9.393364E+00     9.023679E-01     1.155560E+01     1.649304E+00     1.000000E+00 
  584  6377   584     1.391488E+01     9.393343E+00     9.024319E-01     1.155631E+01     1.649453E+00     1.000000E+00 
  585  6388   585     1.391489E+01     9.393321E+00     9.024958E-01     1.155703E+01     1.649601E+00     1.000000E+00 
  586  6399   586     1.391490E+01     9.393300E+00     9.025597E-01     1.155774E+01     1.649750E+00     1.000000E+00 
  587  6410   587     1.391491E+01     9.393279E+00     9.026236E-01     1.155846E+01     1.649899E+00     1.000000E+00 
  588  6421   588     1.391493E+01     9.393257E+00     9.026874E-01     1.155917E+01     1.650047E+00     1.000000E+00 
  589  6432   589     1.391494E+01     9.393236E+00     9.027512E-01     1.155988E+01     1.650196E+00     1.000000E+00 
  590  6443   590     1.391495E+01     9.393215E+00     9.028150E-01     1.156060E+01     1.650344E+00     1.000000E+00 
  591  6454   591     1.391496E+01     9.393193E+00     9.028787E-01     1.156131E+01     1.650492E+00     1.000000E+00 
  592  6465   592     1.391498E+01     9.393172E+00     9.029424E-01     1.156202E+01     1.650640E+00     1.000000E+00 
  593  6476   593     1.391499E+01     9.393151E+00     9.030060E-01     1.156273E+01     1.650789E+00     1.000000E+00 
  594  6487   594     1.391500E+01     9.393130E+00     9.030696E-01     1.156344E+01     1.650936E+00     1.000000E+00 
  595  6498   595     1.391501E+01     9.393108E+00     9.031332E-01     1.156415E+01     1.651084E+00     1.000000E+00 
  596  6509   596     1.391503E+01     9.393087E+00     9.031968E-01     1.156486E+01     1.651232E+00     1.000000E+00 
  597  6520   597     1.391504E+01     9.393066E+00     9.032603E-01     1.156557E+01     1.651380E+00     1.000000E+00 
  598  6531   598     1.391505E+01     9.393045E+00     9.033238E-01     1.156628E+01     1.651528E+00     1.000000E+00 
  599  6542   599     1.391506E+01     9.393023E+00     9.033872E-01     1.156699E+01     1.651675E+00     1.000000E+00 
  600  6552   600     1.444360E+01     9.393002E+00     3.654859E-01     5.064577E+00     7.585713E-09     4.046757E-01 
