MAJOR  NFEV  NGEV           OBJFUN            GNORM            CNORM             FEAS              OPT             STEP 
    0     1     1     1.706245E+01     6.869655E+00     1.341154E-02     9.900000E+01     9.900000E+01     9.900000E+01 
    1     2     1     1.256780E+01     6.869655E+00     4.395989E-01     2.438976E+00     1.245369E-02     1.000000E+00 
    2     3     2     8.028772E+00     5.774083E+00     6.903435E-01     7.088867E+00     4.307726E-01     1.000000E+00 
    3     4     3     7.914709E+00     3.859412E+00     1.074761E+00     1.115131E+01     2.624002E+03     1.000000E+00 
    4    15     4     7.747810E+00     3.859293E+00     1.116999E+00     1.171090E+01     2.632362E+03     1.000000E+00 
    5    26     5     7.648750E+00     3.859118E+00     1.169254E+00     1.260200E+01     2.641850E+03     1.000000E+00 
    6    37     6     7.607158E+00     3.858887E+00     1.215174E+00     1.323955E+01     2.651160E+03     1.000000E+00 
    7    48     7     7.591403E+00     3.858482E+00     1.245748E+00     1.364561E+01     2.665432E+03     1.000000E+00 
    8    59     8     7.584556E+00     3.858009E+00     1.269508E+00     1.396024E+01     2.681368E+03     1.000000E+00 
    9    60     9     7.581198E+00     3.755122E+00     1.286540E+00     1.417613E+01     1.000183E+04     1.000000E+00 
   10    61    10     7.578239E+00     3.755375E+00     1.314302E+00     1.452844E+01     1.000186E+04     1.000000E+00 
   11    62    11     7.577665E+00     3.750967E+00     1.348657E+00     1.494955E+01     1.000190E+04     1.000000E+00 
   12    63    12     7.577348E+00     3.748932E+00     1.357881E+00     1.505341E+01     1.000195E+04     1.000000E+00 
   13    74    13     7.577294E+00     3.748932E+00     1.370697E+00     1.521077E+01     1.000195E+04     1.000000E+00 
   14    85    14     7.577403E+00     3.748932E+00     1.375143E+00     1.526162E+01     1.000195E+04     1.000000E+00 
   15    96    15     7.577422E+00     3.748932E+00     1.376694E+00     1.528028E+01     1.000195E+04     1.000000E+00 
   16   107    16     7.577459E+00     3.748932E+00     1.378317E+00     1.529696E+01     1.000195E+04     1.000000E+00 
   17   118    17     7.577491E+00     3.748932E+00     1.379445E+00     1.530986E+01     1.000195E+04     1.000000E+00 
   18   129    18     7.577524E+00     3.748932E+00     1.380687E+00     1.532190E+01     1.000195E+04     1.000000E+00 
   19   140    19     7.577551E+00     3.748932E+00     1.381554E+00     1.533186E+01     1.000195E+04     1.000000E+00 
   20   151    20     7.577577E+00     3.748932E+00     1.382518E+00     1.534064E+01     1.000195E+04     1.000000E+00 
   21   162    21     7.577597E+00     3.748932E+00     1.383190E+00     1.534814E+01     1.000195E+04     1.000000E+00 
   22   173    22     7.577615E+00     3.748932E+00     1.383955E+00     1.535470E+01     1.000195E+04     1.000000E+00 
   23   184    23     7.577630E+00     3.748932E+00     1.384480E+00     1.536082E+01     1.000195E+04     1.000000E+00 
   24   195    24     7.577643E+00     3.748932E+00     1.385103E+00     1.536618E+01     1.000195E+04     1.000000E+00 
   25   206    25     7.577654E+00     3.748932E+00     1.385516E+00     1.537120E+01     1.000195E+04     1.000000E+00 
   26   217    26     7.577663E+00     3.748932E+00     1.386034E+00     1.537548E+01     1.000195E+04     1.000000E+00 
   27   228    27     7.577670E+00     3.748932E+00     1.386358E+00     1.537955E+01     1.000195E+04     1.000000E+00 
   28   239    28     7.577677E+00     3.748932E+00     1.386797E+00     1.538307E+01     1.000195E+04     1.000000E+00 
   29   250    29     7.577683E+00     3.748932E+00     1.387054E+00     1.538647E+01     1.000195E+04     1.000000E+00 
   30   261    30     7.577687E+00     3.748932E+00     1.387422E+00     1.538930E+01     1.000195E+04     1.000000E+00 
   31   272    31     7.577691E+00     3.748932E+00     1.387623E+00     1.539214E+01     1.000195E+04     1.000000E+00 
   32   283    32     7.577695E+00     3.748932E+00     1.387941E+00     1.539449E+01     1.000195E+04     1.000000E+00 
   33   294    33     7.577697E+00     3.748932E+00     1.388097E+00     1.539689E+01     1.000195E+04     1.000000E+00 
   34   305    34     7.577700E+00     3.748932E+00     1.388374E+00     1.539884E+01     1.000195E+04     1.000000E+00 
   35   316    35     7.577702E+00     3.748932E+00     1.388495E+00     1.540092E+01     1.000195E+04     1.000000E+00 
   36   327    36     7.577704E+00     3.748932E+00     1.388735E+00     1.540249E+01     1.000195E+04     1.000000E+00 
   37   338    37     7.577705E+00     3.748932E+00     1.388822E+00     1.540425E+01     1.000195E+04     1.000000E+00 
   38   349    38     7.577707E+00     3.748932E+00     1.389036E+00     1.540555E+01     1.000195E+04     1.000000E+00 
   39   360    39     7.577708E+00     3.748932E+00     1.389097E+00     1.540706E+01     1.000195E+04     1.000000E+00 
   40   371    40     7.577709E+00     3.748932E+00     1.389288E+00     1.540813E+01     1.000195E+04     1.000000E+00 
   41   382    41     7.577710E+00     3.748932E+00     1.389330E+00     1.540949E+01     1.000195E+04     1.000000E+00 
   42   393    42     7.577710E+00     3.748932E+00     1.389497E+00     1.541028E+01     1.000195E+04     1.000000E+00 
   43   404    43     7.577711E+00     3.748932E+00     1.389525E+00     1.541152E+01     1.000195E+04     1.000000E+00 
   44   415    44     7.577712E+00     3.748932E+00     1.389676E+00     1.541215E+01     1.000195E+04     1.000000E+00 
   45   426    45     7.577712E+00     3.748932E+00     1.389685E+00     1.541319E+01     1.000195E+04     1.000000E+00 
   46   437    46     7.577713E+00     3.748932E+00     1.389826E+00     1.541372E+01     1.000195E+04     1.000000E+00 
   47   448    47     7.577712E+00     3.748932E+00     1.389818E+00     1.541460E+01     1.000195E+04     1.000000E+00 
   48   459    48     7.577713E+00     3.748932E+00     1.389952E+00     1.541503E+01     1.000195E+04     1.000000E+00 
   49   470    49     7.577713E+00     3.748932E+00     1.389937E+00     1.541586E+01     1.000195E+04     1.000000E+00 
   50   481    50     7.577714E+00     3.748932E+00     1.390054E+00     1.541612E+01     1.000195E+04     1.000000E+00 
   51   492    51     7.577714E+00     3.748932E+00     1.390034E+00     1.541690E+01     1.000195E+04     1.000000E+00 
   52   503    52     7.577714E+00     3.748932E+00     1.390140E+00     1.541701E+01     1.000195E+04     1.000000E+00 
   53   514    53     7.577714E+00     3.748932E+00     1.390116E+00     1.541778E+01     1.000195E+04     1.000000E+00 
   54   525    54     7.577714E+00     3.748932E+00     1.390214E+00     1.541781E+01     1.000195E+04     1.000000E+00 
   55   536    55     7.577714E+00     3.748932E+00     1.390189E+00     1.541859E+01     1.000195E+04     1.000000E+00 
   56   547    56     7.577714E+00     3.748932E+00     1.390274E+00     1.541844E+01     1.000195E+04     1.000000E+00 
   57   558    57     7.577715E+00     3.748932E+00     1.390248E+00     1.541922E+01     1.000195E+04     1.000000E+00 
   58   569    58     7.577715E+00     3.748932E+00     1.390324E+00     1.541897E+01     1.000195E+04     1.000000E+00 
   59   580    59     7.577715E+00     3.748932E+00     1.390298E+00     1.541978E+01     1.000195E+04     1.000000E+00 
   60   591    60     7.577715E+00     3.748932E+00     1.390371E+00     1.541947E+01     1.000195E+04     1.000000E+00 
   61   602    61     7.577715E+00     3.748932E+00     1.390336E+00     1.542018E+01     1.000195E+04     1.000000E+00 
   62   613    62     7.577715E+00     3.748932E+00     1.390410E+00     1.541990E+01     1.000195E+04     1.000000E+00 
   63   624    63     7.577715E+00     3.748932E+00     1.390376E+00     1.542061E+01     1.000195E+04     1.000000E+00 
   64   635    64     7.577715E+00     3.748932E+00     1.390440E+00     1.542024E+01     1.000195E+04     1.000000E+00 
   65   646    65     7.577715E+00     3.748932E+00     1.390405E+00     1.542093E+01     1.000195E+04     1.000000E+00 
   66   657    66     7.577715E+00     3.748932E+00     1.390463E+00     1.542050E+01     1.000195E+04     1.000000E+00 
   67   668    67     7.577715E+00     3.748932E+00     1.390433E+00     1.542125E+01     1.000195E+04     1.000000E+00 
   68   679    68     7.577716E+00     3.748932E+00     1.390486E+00     1.542075E+01     1.000195E+04     1.000000E+00 
   69   690    69     7.577715E+00     3.748932E+00     1.390454E+00     1.542145E+01     1.000195E+04     1.000000E+00 
   70   701    70     7.577716E+00     3.748932E+00     1.390503E+00     1.542097E+01     1.000195E+04     1.000000E+00 
   71   712    71     7.577716E+00     3.748932E+00     1.390475E+00     1.542168E+01     1.000195E+04     1.000000E+00 
   72   723    72     7.577715E+00     3.748932E+00     1.390515E+00     1.542110E+01     1.000195E+04     1.000000E+00 
   73   734    73     7.577716E+00     3.748932E+00     1.390494E+00     1.542188E+01     1.000195E+04     1.000000E+00 
   74   745    74     7.577716E+00     3.748932E+00     1.390526E+00     1.542125E+01     1.000195E+04     1.000000E+00 
   75   756    75     7.577716E+00     3.748932E+00     1.390508E+00     1.542203E+01     1.000195E+04     1.000000E+00 
   76   767    76     7.577716E+00     3.748932E+00     1.390534E+00     1.542134E+01     1.000195E+04     1.000000E+00 
   77   778    77     7.577716E+00     3.748932E+00     1.390520E+00     1.542213E+01     1.000195E+04     1.000000E+00 
   78   789    78     7.577716E+00     3.748932E+00     1.390544E+00     1.542148E+01     1.000195E+04     1.000000E+00 
   79   800    79     7.577716E+00     3.748932E+00     1.390533E+00     1.542226E+01     1.000195E+04     1.000000E+00 
   80   811    80     7.577715E+00     3.748932E+00     1.390541E+00     1.542148E+01     1.000195E+04     1.000000E+00 
   81   822    81     7.577716E+00     3.748932E+00     1.390544E+00     1.542234E+01     1.000195E+04     1.000000E+00 
   82   833    82     7.577716E+00     3.748932E+00     1.390549E+00     1.542160E+01     1.000195E+04     1.000000E+00 
   83   844    83     7.577716E+00     3.748932E+00     1.390551E+00     1.542238E+01     1.000195E+04     1.000000E+00 
   84   855    84     7.577716E+00     3.748932E+00     1.390549E+00     1.542165E+01     1.000195E+04     1.000000E+00 
   85   866    85     7.577716E+00     3.748932E+00     1.390559E+00     1.542244E+01     1.000195E+04     1.000000E+00 
   86   877    86     7.577716E+00     3.748932E+00     1.390551E+00     1.542168E+01     1.000195E+04     1.000000E+00 
   87   888    87     7.577715E+00     3.748932E+00     1.390565E+00     1.542248E+01     1.000195E+04     1.000000E+00 
   88   899    88     7.577716E+00     3.748932E+00     1.390553E+00     1.542174E+01     1.000195E+04     1.000000E+00 
   89   910    89     7.577715E+00     3.748932E+00     1.390573E+00     1.542254E+01     1.000195E+04     1.000000E+00 
   90   921    90     7.577715E+00     3.748932E+00     1.390550E+00     1.542173E+01     1.000195E+04     1.000000E+00 
   91   932    91     7.577715E+00     3.748932E+00     1.390576E+00     1.542254E+01     1.000195E+04     1.000000E+00 
   92   943    92     7.577715E+00     3.748932E+00     1.390548E+00     1.542172E+01     1.000195E+04     1.000000E+00 
   93   954    93     7.577715E+00     3.748932E+00     1.390586E+00     1.542263E+01     1.000195E+04     1.000000E+00 
   94   965    94     7.577715E+00     3.748932E+00     1.390548E+00     1.542176E+01     1.000195E+04     1.000000E+00 
   95   976    95     7.577715E+00     3.748932E+00     1.390589E+00     1.542263E+01     1.000195E+04     1.000000E+00 
   96   987    96     7.577715E+00     3.748932E+00     1.390548E+00     1.542178E+01     1.000195E+04     1.000000E+00 
   97   998    97     7.577715E+00     3.748932E+00     1.390597E+00     1.542270E+01     1.000195E+04     1.000000E+00 
   98  1009    98     7.577715E+00     3.748932E+00     1.390544E+00     1.542177E+01     1.000195E+04     1.000000E+00 
   99  1020    99     7.577715E+00     3.748932E+00     1.390598E+00     1.542268E+01     1.000195E+04     1.000000E+00 
  100  1031   100     7.577716E+00     3.748932E+00     1.390544E+00     1.542180E+01     1.000195E+04     1.000000E+00 
  101  1042   101     7.577715E+00     3.748932E+00     1.390603E+00     1.542270E+01     1.000195E+04     1.000000E+00 
  102  1053   102     7.577716E+00     3.748932E+00     1.390543E+00     1.542181E+01     1.000195E+04     1.000000E+00 
  103  1064   103     7.577715E+00     3.748932E+00     1.390611E+00     1.542277E+01     1.000195E+04     1.000000E+00 
  104  1075   104     7.577716E+00     3.748932E+00     1.390543E+00     1.542183E+01     1.000195E+04     1.000000E+00 
  105  1086   105     7.577715E+00     3.748932E+00     1.390611E+00     1.542275E+01     1.000195E+04     1.000000E+00 
  106  1097   106     7.577716E+00     3.748932E+00     1.390542E+00     1.542184E+01     1.000195E+04     1.000000E+00 
  107  1108   107     7.577716E+00     3.748932E+00     1.390619E+00     1.542284E+01     1.000195E+04     1.000000E+00 
  108  1119   108     7.577716E+00     3.748932E+00     1.390540E+00     1.542183E+01     1.000195E+04     1.000000E+00 
  109  1130   109     7.577716E+00     3.748932E+00     1.390620E+00     1.542282E+01     1.000195E+04     1.000000E+00 
  110  1141   110     7.577716E+00     3.748932E+00     1.390546E+00     1.542191E+01     1.000195E+04     1.000000E+00 
  111  1152   111     7.577716E+00     3.748932E+00     1.390622E+00     1.542285E+01     1.000195E+04     1.000000E+00 
  112  1163   112     7.577716E+00     3.748932E+00     1.390547E+00     1.542192E+01     1.000195E+04     1.000000E+00 
  113  1174   113     7.577716E+00     3.748932E+00     1.390627E+00     1.542290E+01     1.000195E+04     1.000000E+00 
  114  1185   114     7.577717E+00     3.748932E+00     1.390546E+00     1.542192E+01     1.000195E+04     1.000000E+00 
  115  1196   115     7.577716E+00     3.748932E+00     1.390631E+00     1.542294E+01     1.000195E+04     1.000000E+00 
  116  1207   116     7.577717E+00     3.748932E+00     1.390545E+00     1.542191E+01     1.000195E+04     1.000000E+00 
  117  1218   117     7.577716E+00     3.748932E+00     1.390631E+00     1.542294E+01     1.000195E+04     1.000000E+00 
  118  1229   118     7.577717E+00     3.748932E+00     1.390549E+00     1.542197E+01     1.000195E+04     1.000000E+00 
  119  1240   119     7.577716E+00     3.748932E+00     1.390631E+00     1.542293E+01     1.000195E+04     1.000000E+00 
  120  1251   120     7.577717E+00     3.748932E+00     1.390552E+00     1.542202E+01     1.000195E+04     1.000000E+00 
  121  1262   121     7.577716E+00     3.748932E+00     1.390631E+00     1.542291E+01     1.000195E+04     1.000000E+00 
  122  1273   122     7.577717E+00     3.748932E+00     1.390553E+00     1.542203E+01     1.000195E+04     1.000000E+00 
  123  1284   123     7.577716E+00     3.748932E+00     1.390631E+00     1.542290E+01     1.000195E+04     1.000000E+00 
  124  1295   124     7.577717E+00     3.748932E+00     1.390553E+00     1.542204E+01     1.000195E+04     1.000000E+00 
  125  1306   125     7.577716E+00     3.748932E+00     1.390628E+00     1.542286E+01     1.000195E+04     1.000000E+00 
  126  1317   126     7.577717E+00     3.748932E+00     1.390557E+00     1.542207E+01     1.000195E+04     1.000000E+00 
  127  1328   127     7.577716E+00     3.748932E+00     1.390624E+00     1.542281E+01     1.000195E+04     1.000000E+00 
  128  1339   128     7.577717E+00     3.748932E+00     1.390560E+00     1.542213E+01     1.000195E+04     1.000000E+00 
  129  1350   129     7.577716E+00     3.748932E+00     1.390617E+00     1.542272E+01     1.000195E+04     1.000000E+00 
  130  1361   130     7.577717E+00     3.748932E+00     1.390563E+00     1.542215E+01     1.000195E+04     1.000000E+00 
  131  1372   131     7.577716E+00     3.748932E+00     1.390621E+00     1.542277E+01     1.000195E+04     1.000000E+00 
  132  1383   132     7.577717E+00     3.748932E+00     1.390563E+00     1.542216E+01     1.000195E+04     1.000000E+00 
  133  1394   133     7.577716E+00     3.748932E+00     1.390611E+00     1.542264E+01     1.000195E+04     1.000000E+00 
  134  1405   134     7.577716E+00     3.748932E+00     1.390561E+00     1.542213E+01     1.000195E+04     1.000000E+00 
  135  1416   135     7.577716E+00     3.748932E+00     1.390612E+00     1.542265E+01     1.000195E+04     1.000000E+00 
  136  1427   136     7.577716E+00     3.748932E+00     1.390562E+00     1.542213E+01     1.000195E+04     1.000000E+00 
  137  1438   137     7.577716E+00     3.748932E+00     1.390604E+00     1.542257E+01     1.000195E+04     1.000000E+00 
  138  1449   138     7.577716E+00     3.748932E+00     1.390566E+00     1.542219E+01     1.000195E+04     1.000000E+00 
  139  1460   139     7.577716E+00     3.748932E+00     1.390603E+00     1.542254E+01     1.000195E+04     1.000000E+00 
  140  1471   140     7.577715E+00     3.748932E+00     1.390561E+00     1.542214E+01     1.000195E+04     1.000000E+00 
  141  1482   141     7.577715E+00     3.748932E+00     1.390598E+00     1.542247E+01     1.000195E+04     1.000000E+00 
  142  1493   142     7.577716E+00     3.748932E+00     1.390569E+00     1.542224E+01     1.000195E+04     1.000000E+00 
  143  1504   143     7.577715E+00     3.748932E+00     1.390593E+00     1.542240E+01     1.000195E+04     1.000000E+00 
  144  1515   144     7.577715E+00     3.748932E+00     1.390565E+00     1.542220E+01     1.000195E+04     1.000000E+00 
  145  1526   145     7.577715E+00     3.748932E+00     1.390594E+00     1.542241E+01     1.000195E+04     1.000000E+00 
  146  1537   146     7.577715E+00     3.748932E+00     1.390565E+00     1.542223E+01     1.000195E+04     1.000000E+00 
  147  1548   147     7.577715E+00     3.748932E+00     1.390591E+00     1.542236E+01     1.000195E+04     1.000000E+00 
  148  1559   148     7.577715E+00     3.748932E+00     1.390568E+00     1.542227E+01     1.000195E+04     1.000000E+00 
  149  1570   149     7.577715E+00     3.748932E+00     1.390588E+00     1.542230E+01     1.000195E+04     1.000000E+00 
  150  1581   150     7.577715E+00     3.748932E+00     1.390567E+00     1.542227E+01     1.000195E+04     1.000000E+00 
  151  1592   151     7.577716E+00     3.748932E+00     1.390589E+00     1.542231E+01     1.000195E+04     1.000000E+00 
  152  1603   152     7.577715E+00     3.748932E+00     1.390570E+00     1.542233E+01     1.000195E+04     1.000000E+00 
  153  1614   153     7.577715E+00     3.748932E+00     1.390586E+00     1.542223E+01     1.000195E+04     1.000000E+00 
  154  1625   154     7.577715E+00     3.748932E+00     1.390573E+00     1.542239E+01     1.000195E+04     1.000000E+00 
  155  1636   155     7.577716E+00     3.748932E+00     1.390587E+00     1.542223E+01     1.000195E+04     1.000000E+00 
  156  1647   156     7.577715E+00     3.748932E+00     1.390569E+00     1.542238E+01     1.000195E+04     1.000000E+00 
  157  1658   157     7.577716E+00     3.748932E+00     1.390587E+00     1.542221E+01     1.000195E+04     1.000000E+00 
  158  1669   158     7.577715E+00     3.748932E+00     1.390574E+00     1.542245E+01     1.000195E+04     1.000000E+00 
  159  1680   159     7.577716E+00     3.748932E+00     1.390593E+00     1.542225E+01     1.000195E+04     1.000000E+00 
  160  1691   160     7.577715E+00     3.748932E+00     1.390570E+00     1.542242E+01     1.000195E+04     1.000000E+00 
  161  1702   161     7.577716E+00     3.748932E+00     1.390597E+00     1.542228E+01     1.000195E+04     1.000000E+00 
  162  1713   162     7.577715E+00     3.748932E+00     1.390568E+00     1.542243E+01     1.000195E+04     1.000000E+00 
  163  1724   163     7.577716E+00     3.748932E+00     1.390598E+00     1.542226E+01     1.000195E+04     1.000000E+00 
  164  1735   164     7.577715E+00     3.748932E+00     1.390567E+00     1.542246E+01     1.000195E+04     1.000000E+00 
  165  1746   165     7.577717E+00     3.748932E+00     1.390602E+00     1.542228E+01     1.000195E+04     1.000000E+00 
  166  1757   166     7.577715E+00     3.748932E+00     1.390570E+00     1.542251E+01     1.000195E+04     1.000000E+00 
  167  1768   167     7.577717E+00     3.748932E+00     1.390607E+00     1.542232E+01     1.000195E+04     1.000000E+00 
  168  1779   168     7.577715E+00     3.748932E+00     1.390570E+00     1.542254E+01     1.000195E+04     1.000000E+00 
  169  1790   169     7.577717E+00     3.748932E+00     1.390607E+00     1.542229E+01     1.000195E+04     1.000000E+00 
  170  1801   170     7.577715E+00     3.748932E+00     1.390567E+00     1.542254E+01     1.000195E+04     1.000000E+00 
  171  1812   171     7.577717E+00     3.748932E+00     1.390613E+00     1.542236E+01     1.000195E+04     1.000000E+00 
  172  1823   172     7.577715E+00     3.748932E+00     1.390561E+00     1.542248E+01     1.000195E+04     1.000000E+00 
  173  1834   173     7.577717E+00     3.748932E+00     1.390616E+00     1.542236E+01     1.000195E+04     1.000000E+00 
  174  1845   174     7.577715E+00     3.748932E+00     1.390561E+00     1.542250E+01     1.000195E+04     1.000000E+00 
  175  1856   175     7.577717E+00     3.748932E+00     1.390620E+00     1.542239E+01     1.000195E+04     1.000000E+00 
  176  1867   176     7.577716E+00     3.748932E+00     1.390564E+00     1.542255E+01     1.000195E+04     1.000000E+00 
  177  1878   177     7.577717E+00     3.748932E+00     1.390619E+00     1.542237E+01     1.000195E+04     1.000000E+00 
  178  1889   178     7.577715E+00     3.748932E+00     1.390559E+00     1.542250E+01     1.000195E+04     1.000000E+00 
  179  1900   179     7.577717E+00     3.748932E+00     1.390620E+00     1.542238E+01     1.000195E+04     1.000000E+00 
  180  1911   180     7.577716E+00     3.748932E+00     1.390558E+00     1.542249E+01     1.000195E+04     1.000000E+00 
  181  1922   181     7.577717E+00     3.748932E+00     1.390623E+00     1.542241E+01     1.000195E+04     1.000000E+00 
  182  1933   182     7.577715E+00     3.748932E+00     1.390553E+00     1.542243E+01     1.000195E+04     1.000000E+00 
  183  1944   183     7.577717E+00     3.748932E+00     1.390626E+00     1.542246E+01     1.000195E+04     1.000000E+00 
  184  1955   184     7.577715E+00     3.748932E+00     1.390551E+00     1.542240E+01     1.000195E+04     1.000000E+00 
  185  1966   185     7.577717E+00     3.748932E+00     1.390627E+00     1.542246E+01     1.000195E+04     1.000000E+00 
  186  1977   186     7.577715E+00     3.748932E+00     1.390550E+00     1.542237E+01     1.000195E+04     1.000000E+00 
  187  1988   187     7.577717E+00     3.748932E+00     1.390624E+00     1.542245E+01     1.000195E+04     1.000000E+00 
  188  1999   188     7.577715E+00     3.748932E+00     1.390549E+00     1.542235E+01     1.000195E+04     1.000000E+00 
  189  2010   189     7.577716E+00     3.748932E+00     1.390624E+00     1.542246E+01     1.000195E+04     1.000000E+00 
  190  2021   190     7.577715E+00     3.748932E+00     1.390547E+00     1.542230E+01     1.000195E+04     1.000000E+00 
  191  2032   191     7.577716E+00     3.748932E+00     1.390622E+00     1.542246E+01     1.000195E+04     1.000000E+00 
  192  2043   192     7.577715E+00     3.748932E+00     1.390546E+00     1.542226E+01     1.000195E+04     1.000000E+00 
  193  2054   193     7.577716E+00     3.748932E+00     1.390625E+00     1.542254E+01     1.000195E+04     1.000000E+00 
  194  2065   194     7.577715E+00     3.748932E+00     1.390544E+00     1.542218E+01     1.000195E+04     1.000000E+00 
  195  2076   195     7.577716E+00     3.748932E+00     1.390623E+00     1.542256E+01     1.000195E+04     1.000000E+00 
  196  2087   196     7.577715E+00     3.748932E+00     1.390543E+00     1.542213E+01     1.000195E+04     1.000000E+00 
  197  2098   197     7.577716E+00     3.748932E+00     1.390621E+00     1.542256E+01     1.000195E+04     1.000000E+00 
  198  2109   198     7.577716E+00     3.748932E+00     1.390546E+00     1.542213E+01     1.000195E+04     1.000000E+00 
  199  2120   199     7.577716E+00     3.748932E+00     1.390620E+00     1.542260E+01     1.000195E+04     1.000000E+00 
  200  2131   200     7.577716E+00     3.748932E+00     1.390547E+00     1.542209E+01     1.000195E+04     1.000000E+00 
  201  2142   201     7.577715E+00     3.748932E+00     1.390616E+00     1.542259E+01     1.000195E+04     1.000000E+00 
  202  2153   202     7.577716E+00     3.748932E+00     1.390553E+00     1.542212E+01     1.000195E+04     1.000000E+00 
  203  2164   203     7.577715E+00     3.748932E+00     1.390614E+00     1.542262E+01     1.000195E+04     1.000000E+00 
  204  2175   204     7.577716E+00     3.748932E+00     1.390549E+00     1.542201E+01     1.000195E+04     1.000000E+00 
  205  2186   205     7.577716E+00     3.748932E+00     1.390615E+00     1.542271E+01     1.000195E+04     1.000000E+00 
  206  2197   206     7.577716E+00     3.748932E+00     1.390554E+00     1.542203E+01     1.000195E+04     1.000000E+00 
  207  2208   207     7.577715E+00     3.748932E+00     1.390613E+00     1.542271E+01     1.000195E+04     1.000000E+00 
  208  2219   208     7.577716E+00     3.748932E+00     1.390557E+00     1.542201E+01     1.000195E+04     1.000000E+00 
  209  2230   209     7.577715E+00     3.748932E+00     1.390606E+00     1.542269E+01     1.000195E+04     1.000000E+00 
  210  2241   210     7.577716E+00     3.748932E+00     1.390564E+00     1.542203E+01     1.000195E+04     1.000000E+00 
  211  2252   211     7.577715E+00     3.748932E+00     1.390601E+00     1.542269E+01     1.000195E+04     1.000000E+00 
  212  2263   212     7.577717E+00     3.748932E+00     1.390571E+00     1.542205E+01     1.000195E+04     1.000000E+00 
  213  2274   213     7.577715E+00     3.748932E+00     1.390601E+00     1.542275E+01     1.000195E+04     1.000000E+00 
  214  2285   214     7.577717E+00     3.748932E+00     1.390575E+00     1.542204E+01     1.000195E+04     1.000000E+00 
  215  2296   215     7.577715E+00     3.748932E+00     1.390593E+00     1.542273E+01     1.000195E+04     1.000000E+00 
  216  2307   216     7.577717E+00     3.748932E+00     1.390581E+00     1.542205E+01     1.000195E+04     1.000000E+00 
  217  2318   217     7.577715E+00     3.748932E+00     1.390590E+00     1.542276E+01     1.000195E+04     1.000000E+00 
  218  2329   218     7.577717E+00     3.748932E+00     1.390584E+00     1.542201E+01     1.000195E+04     1.000000E+00 
  219  2340   219     7.577715E+00     3.748932E+00     1.390586E+00     1.542277E+01     1.000195E+04     1.000000E+00 
  220  2351   220     7.577717E+00     3.748932E+00     1.390595E+00     1.542209E+01     1.000195E+04     1.000000E+00 
  221  2362   221     7.577715E+00     3.748932E+00     1.390580E+00     1.542274E+01     1.000195E+04     1.000000E+00 
  222  2373   222     7.577717E+00     3.748932E+00     1.390596E+00     1.542204E+01     1.000195E+04     1.000000E+00 
  223  2384   223     7.577715E+00     3.748932E+00     1.390575E+00     1.542275E+01     1.000195E+04     1.000000E+00 
  224  2395   224     7.577717E+00     3.748932E+00     1.390606E+00     1.542211E+01     1.000195E+04     1.000000E+00 
  225  2406   225     7.577715E+00     3.748932E+00     1.390566E+00     1.542268E+01     1.000195E+04     1.000000E+00 
  226  2417   226     7.577717E+00     3.748932E+00     1.390611E+00     1.542214E+01     1.000195E+04     1.000000E+00 
  227  2428   227     7.577715E+00     3.748932E+00     1.390564E+00     1.542270E+01     1.000195E+04     1.000000E+00 
  228  2439   228     7.577717E+00     3.748932E+00     1.390615E+00     1.542215E+01     1.000195E+04     1.000000E+00 
  229  2450   229     7.577715E+00     3.748932E+00     1.390557E+00     1.542264E+01     1.000195E+04     1.000000E+00 
  230  2461   230     7.577717E+00     3.748932E+00     1.390621E+00     1.542219E+01     1.000195E+04     1.000000E+00 
  231  2472   231     7.577715E+00     3.748932E+00     1.390549E+00     1.542257E+01     1.000195E+04     1.000000E+00 
  232  2483   232     7.577717E+00     3.748932E+00     1.390627E+00     1.542225E+01     1.000195E+04     1.000000E+00 
  233  2494   233     7.577715E+00     3.748932E+00     1.390547E+00     1.542257E+01     1.000195E+04     1.000000E+00 
  234  2505   234     7.577717E+00     3.748932E+00     1.390631E+00     1.542228E+01     1.000195E+04     1.000000E+00 
  235  2516   235     7.577715E+00     3.748932E+00     1.390541E+00     1.542252E+01     1.000195E+04     1.000000E+00 
  236  2527   236     7.577717E+00     3.748932E+00     1.390634E+00     1.542229E+01     1.000195E+04     1.000000E+00 
  237  2538   237     7.577715E+00     3.748932E+00     1.390539E+00     1.542251E+01     1.000195E+04     1.000000E+00 
  238  2549   238     7.577717E+00     3.748932E+00     1.390638E+00     1.542234E+01     1.000195E+04     1.000000E+00 
  239  2560   239     7.577715E+00     3.748932E+00     1.390534E+00     1.542244E+01     1.000195E+04     1.000000E+00 
  240  2571   240     7.577717E+00     3.748932E+00     1.390641E+00     1.542236E+01     1.000195E+04     1.000000E+00 
  241  2582   241     7.577715E+00     3.748932E+00     1.390529E+00     1.542241E+01     1.000195E+04     1.000000E+00 
  242  2593   242     7.577717E+00     3.748932E+00     1.390643E+00     1.542239E+01     1.000195E+04     1.000000E+00 
  243  2604   243     7.577715E+00     3.748932E+00     1.390527E+00     1.542236E+01     1.000195E+04     1.000000E+00 
  244  2615   244     7.577717E+00     3.748932E+00     1.390647E+00     1.542246E+01     1.000195E+04     1.000000E+00 
  245  2626   245     7.577715E+00     3.748932E+00     1.390523E+00     1.542230E+01     1.000195E+04     1.000000E+00 
  246  2637   246     7.577717E+00     3.748932E+00     1.390648E+00     1.542248E+01     1.000195E+04     1.000000E+00 
  247  2648   247     7.577715E+00     3.748932E+00     1.390521E+00     1.542226E+01     1.000195E+04     1.000000E+00 
  248  2659   248     7.577717E+00     3.748932E+00     1.390652E+00     1.542255E+01     1.000195E+04     1.000000E+00 
  249  2670   249     7.577715E+00     3.748932E+00     1.390520E+00     1.542222E+01     1.000195E+04     1.000000E+00 
  250  2681   250     7.577717E+00     3.748932E+00     1.390651E+00     1.542258E+01     1.000195E+04     1.000000E+00 
  251  2692   251     7.577715E+00     3.748932E+00     1.390517E+00     1.542215E+01     1.000195E+04     1.000000E+00 
  252  2703   252     7.577717E+00     3.748932E+00     1.390653E+00     1.542263E+01     1.000195E+04     1.000000E+00 
  253  2714   253     7.577715E+00     3.748932E+00     1.390518E+00     1.542213E+01     1.000195E+04     1.000000E+00 
  254  2725   254     7.577717E+00     3.748932E+00     1.390653E+00     1.542266E+01     1.000195E+04     1.000000E+00 
  255  2736   255     7.577715E+00     3.748932E+00     1.390518E+00     1.542210E+01     1.000195E+04     1.000000E+00 
  256  2747   256     7.577716E+00     3.748932E+00     1.390650E+00     1.542266E+01     1.000195E+04     1.000000E+00 
  257  2758   257     7.577715E+00     3.748932E+00     1.390518E+00     1.542205E+01     1.000195E+04     1.000000E+00 
  258  2769   258     7.577716E+00     3.748932E+00     1.390646E+00     1.542265E+01     1.000195E+04     1.000000E+00 
  259  2780   259     7.577715E+00     3.748932E+00     1.390520E+00     1.542205E+01     1.000195E+04     1.000000E+00 
  260  2791   260     7.577716E+00     3.748932E+00     1.390646E+00     1.542270E+01     1.000195E+04     1.000000E+00 
  261  2802   261     7.577715E+00     3.748932E+00     1.390520E+00     1.542201E+01     1.000195E+04     1.000000E+00 
  262  2813   262     7.577716E+00     3.748932E+00     1.390642E+00     1.542266E+01     1.000195E+04     1.000000E+00 
  263  2824   263     7.577715E+00     3.748932E+00     1.390524E+00     1.542203E+01     1.000195E+04     1.000000E+00 
  264  2835   264     7.577716E+00     3.748932E+00     1.390637E+00     1.542263E+01     1.000195E+04     1.000000E+00 
  265  2846   265     7.577715E+00     3.748932E+00     1.390524E+00     1.542199E+01     1.000195E+04     1.000000E+00 
  266  2857   266     7.577715E+00     3.748932E+00     1.390635E+00     1.542263E+01     1.000195E+04     1.000000E+00 
  267  2868   267     7.577715E+00     3.748932E+00     1.390527E+00     1.542200E+01     1.000195E+04     1.000000E+00 
  268  2879   268     7.577715E+00     3.748932E+00     1.390631E+00     1.542263E+01     1.000195E+04     1.000000E+00 
  269  2890   269     7.577715E+00     3.748932E+00     1.390529E+00     1.542198E+01     1.000195E+04     1.000000E+00 
  270  2901   270     7.577715E+00     3.748932E+00     1.390628E+00     1.542260E+01     1.000195E+04     1.000000E+00 
  271  2912   271     7.577715E+00     3.748932E+00     1.390531E+00     1.542200E+01     1.000195E+04     1.000000E+00 
  272  2923   272     7.577715E+00     3.748932E+00     1.390624E+00     1.542257E+01     1.000195E+04     1.000000E+00 
  273  2934   273     7.577715E+00     3.748932E+00     1.390535E+00     1.542202E+01     1.000195E+04     1.000000E+00 
  274  2945   274     7.577715E+00     3.748932E+00     1.390619E+00     1.542254E+01     1.000195E+04     1.000000E+00 
  275  2956   275     7.577715E+00     3.748932E+00     1.390534E+00     1.542199E+01     1.000195E+04     1.000000E+00 
  276  2967   276     7.577715E+00     3.748932E+00     1.390617E+00     1.542252E+01     1.000195E+04     1.000000E+00 
  277  2978   277     7.577715E+00     3.748932E+00     1.390539E+00     1.542203E+01     1.000195E+04     1.000000E+00 
  278  2989   278     7.577715E+00     3.748932E+00     1.390613E+00     1.542248E+01     1.000195E+04     1.000000E+00 
  279  3000   279     7.577715E+00     3.748932E+00     1.390544E+00     1.542211E+01     1.000195E+04     1.000000E+00 
  280  3011   280     7.577715E+00     3.748932E+00     1.390607E+00     1.542240E+01     1.000195E+04     1.000000E+00 
  281  3022   281     7.577715E+00     3.748932E+00     1.390546E+00     1.542213E+01     1.000195E+04     1.000000E+00 
  282  3033   282     7.577715E+00     3.748932E+00     1.390605E+00     1.542238E+01     1.000195E+04     1.000000E+00 
  283  3044   283     7.577715E+00     3.748932E+00     1.390550E+00     1.542218E+01     1.000195E+04     1.000000E+00 
  284  3055   284     7.577715E+00     3.748932E+00     1.390603E+00     1.542235E+01     1.000195E+04     1.000000E+00 
  285  3066   285     7.577715E+00     3.748932E+00     1.390552E+00     1.542221E+01     1.000195E+04     1.000000E+00 
  286  3077   286     7.577715E+00     3.748932E+00     1.390601E+00     1.542231E+01     1.000195E+04     1.000000E+00 
  287  3088   287     7.577715E+00     3.748932E+00     1.390553E+00     1.542226E+01     1.000195E+04     1.000000E+00 
  288  3099   288     7.577715E+00     3.748932E+00     1.390600E+00     1.542228E+01     1.000195E+04     1.000000E+00 
  289  3110   289     7.577715E+00     3.748932E+00     1.390558E+00     1.542234E+01     1.000195E+04     1.000000E+00 
  290  3121   290     7.577715E+00     3.748932E+00     1.390595E+00     1.542218E+01     1.000195E+04     1.000000E+00 
  291  3132   291     7.577715E+00     3.748932E+00     1.390562E+00     1.542241E+01     1.000195E+04     1.000000E+00 
  292  3143   292     7.577715E+00     3.748932E+00     1.390595E+00     1.542216E+01     1.000195E+04     1.000000E+00 
  293  3154   293     7.577715E+00     3.748932E+00     1.390565E+00     1.542248E+01     1.000195E+04     1.000000E+00 
  294  3165   294     7.577715E+00     3.748932E+00     1.390591E+00     1.542207E+01     1.000195E+04     1.000000E+00 
  295  3176   295     7.577715E+00     3.748932E+00     1.390567E+00     1.542255E+01     1.000195E+04     1.000000E+00 
  296  3187   296     7.577715E+00     3.748932E+00     1.390590E+00     1.542202E+01     1.000195E+04     1.000000E+00 
  297  3198   297     7.577716E+00     3.748932E+00     1.390574E+00     1.542268E+01     1.000195E+04     1.000000E+00 
  298  3209   298     7.577715E+00     3.748932E+00     1.390590E+00     1.542198E+01     1.000195E+04     1.000000E+00 
  299  3220   299     7.577716E+00     3.748932E+00     1.390573E+00     1.542271E+01     1.000195E+04     1.000000E+00 
  300  3230   300     7.577665E+00     3.748932E+00     1.348657E+00     1.494955E+01     4.288657E-23     1.000000E-01 
