2025-08-12 19:10:12,705 - __main__ - INFO - Starting ring partition optimization with 3 refinement levels
2025-08-12 19:10:12,705 - __main__ - INFO - Results will be saved in: results/run_20250812_191012_npart2_nr10-22_incr6_na24-32_inca4_lam0.0_seed42
2025-08-12 19:10:12,705 - __main__ - INFO - ================================================================================
2025-08-12 19:10:12,705 - __main__ - INFO - Refinement Level 1/3
2025-08-12 19:10:12,705 - __main__ - INFO - ================================================================================
2025-08-12 19:10:12,706 - __main__ - INFO - Creating mesh with parameters: {'n_radial': 10, 'n_angular': 24, 'r_inner': 0.5, 'r_outer': 1.0}
2025-08-12 19:10:12,706 - ring_mesh - INFO - Creating ring mesh: n_radial=10, n_angular=24, r_inner=0.5, r_outer=1.0
2025-08-12 19:10:12,721 - ring_mesh - INFO - Mesh created: 240 vertices, 432 triangles
2025-08-12 19:10:12,722 - ring_mesh - INFO - Theoretical area: 2.356194
2025-08-12 19:10:12,722 - __main__ - INFO - Mesh created: 240 vertices, 432 triangles
2025-08-12 19:10:12,722 - __main__ - INFO - Computing FEM matrices...
2025-08-12 19:10:12,741 - ring_mesh - INFO - Starting matrix computation
2025-08-12 19:10:12,741 - ring_mesh - INFO - Starting matrix computation...
2025-08-12 19:10:12,813 - ring_mesh - INFO - Matrix computation completed: Mass matrix (240, 240), Stiffness matrix (240, 240)
2025-08-12 19:10:12,814 - ring_mesh - INFO - matrix computation completed: 0.073s, memory: 0.38MB
2025-08-12 19:10:12,814 - __main__ - INFO - Matrices computed successfully
2025-08-12 19:10:12,814 - ring_mesh - INFO - Mesh statistics: 240 vertices, 432 triangles, area=2.329371
2025-08-12 19:10:12,814 - __main__ - INFO - Setting epsilon to sqrt(mean_triangle_area): 7.343067e-02
2025-08-12 19:10:12,814 - pyslsqp_optimizer - INFO - PySLSQPOptimizer initialized:
2025-08-12 19:10:12,815 - pyslsqp_optimizer - INFO -   Ring: r_inner=0.500, r_outer=1.000
2025-08-12 19:10:12,815 - pyslsqp_optimizer - INFO -   Partitions: 2
2025-08-12 19:10:12,815 - pyslsqp_optimizer - INFO -   Epsilon: 7.34e-02
2025-08-12 19:10:12,815 - pyslsqp_optimizer - INFO -   Theoretical area: 2.356194
2025-08-12 19:10:12,815 - pyslsqp_optimizer - INFO -   Discretized area: 2.329371
2025-08-12 19:10:12,815 - __main__ - INFO - PySLSQP optimizer created
2025-08-12 19:10:12,815 - __main__ - INFO - Creating random initial condition using orthogonal projection
2025-08-12 19:10:12,815 - projection_iterative - INFO - Creating initial condition: 240x2, method=iterative
2025-08-12 19:10:12,816 - projection_iterative - INFO - Projection converged after 1 iterations
2025-08-12 19:10:12,816 - projection_iterative - INFO - Final errors: row=1.67e-10, area=1.00e-10
2025-08-12 19:10:12,816 - __main__ - INFO - Initial condition validation passed
2025-08-12 19:10:12,816 - __main__ - INFO - Checking analytic vs finite-difference gradients...
2025-08-12 19:10:12,816 - __main__ - INFO - Checking analytic vs finite-difference gradients...
2025-08-12 19:10:12,963 - __main__ - WARNING - Large gradient error at point 0: 9.13e-03
2025-08-12 19:10:13,109 - __main__ - WARNING - Large gradient error at point 1: 9.13e-03
2025-08-12 19:10:13,255 - __main__ - WARNING - Large gradient error at point 2: 9.13e-03
2025-08-12 19:10:13,404 - __main__ - WARNING - Large gradient error at point 3: 9.13e-03
2025-08-12 19:10:13,553 - __main__ - WARNING - Large gradient error at point 4: 9.11e-03
2025-08-12 19:10:13,721 - __main__ - WARNING - Large gradient error at point 5: 9.12e-03
2025-08-12 19:10:13,964 - __main__ - WARNING - Large gradient error at point 6: 9.14e-03
2025-08-12 19:10:14,134 - __main__ - WARNING - Large gradient error at point 7: 9.12e-03
2025-08-12 19:10:14,285 - __main__ - WARNING - Large gradient error at point 8: 9.13e-03
2025-08-12 19:10:14,594 - __main__ - WARNING - Large gradient error at point 9: 9.13e-03
2025-08-12 19:10:14,594 - __main__ - INFO - Gradient check completed: avg_error=9.13e-03, max_error=9.14e-03
2025-08-12 19:10:14,594 - __main__ - WARNING - Gradient errors are larger than expected
2025-08-12 19:10:14,595 - pyslsqp_optimizer - INFO - Starting optimization
2025-08-12 19:10:14,595 - pyslsqp_optimizer - INFO - Processing initial condition...
2025-08-12 19:10:14,600 - pyslsqp_optimizer - INFO - ✓ Initial condition processed
2025-08-12 19:10:14,600 - pyslsqp_optimizer - INFO - ✓ Initial condition validation passed
2025-08-12 19:10:14,601 - pyslsqp_optimizer - INFO - Initial state before optimization:
2025-08-12 19:10:14,601 - pyslsqp_optimizer - INFO -   Energy: 1.706245e+01
2025-08-12 19:10:14,602 - pyslsqp_optimizer - INFO -   Initial condition shape: (480,)
2025-08-12 19:10:14,602 - pyslsqp_optimizer - INFO -   Detailed optimization data will be saved to:
2025-08-12 19:10:14,602 - pyslsqp_optimizer - INFO -     Summary: results/run_20250812_191012_npart2_nr10-22_incr6_na24-32_inca4_lam0.0_seed42/pyslsqp_part2_nt10_np24_lam0.0_seed42_level0_summary.out
2025-08-12 19:10:14,602 - pyslsqp_optimizer - INFO -     Internal data: results/run_20250812_191012_npart2_nr10-22_incr6_na24-32_inca4_lam0.0_seed42/pyslsqp_part2_nt10_np24_lam0.0_seed42_level0_internal_data.hdf5
2025-08-12 19:10:14,602 - pyslsqp_optimizer - INFO - Starting PySLSQP optimization with analytic gradients...
2025-08-12 19:10:49,343 - pyslsqp_optimizer - INFO -   Iteration 50:
2025-08-12 19:10:49,343 - pyslsqp_optimizer - INFO -     Energy: 7.577714e+00
2025-08-12 19:10:49,344 - pyslsqp_optimizer - INFO -     Energy change: 6.240220e-07
2025-08-12 19:10:49,344 - pyslsqp_optimizer - INFO -     Theoretical target area per partition: 1.178097e+00
2025-08-12 19:10:49,344 - pyslsqp_optimizer - INFO -     Current partition areas: [1.13358074 1.19612329]
2025-08-12 19:11:22,866 - pyslsqp_optimizer - INFO -   Iteration 100:
2025-08-12 19:11:22,866 - pyslsqp_optimizer - INFO -     Energy: 7.577716e+00
2025-08-12 19:11:22,866 - pyslsqp_optimizer - INFO -     Energy change: 4.577985e-07
2025-08-12 19:11:22,866 - pyslsqp_optimizer - INFO -     Theoretical target area per partition: 1.178097e+00
2025-08-12 19:11:22,866 - pyslsqp_optimizer - INFO -     Current partition areas: [1.1335757 1.1961311]
2025-08-12 19:11:56,211 - pyslsqp_optimizer - INFO -   Iteration 150:
2025-08-12 19:11:56,211 - pyslsqp_optimizer - INFO -     Energy: 7.577715e+00
2025-08-12 19:11:56,211 - pyslsqp_optimizer - INFO -     Energy change: -4.397633e-07
2025-08-12 19:11:56,211 - pyslsqp_optimizer - INFO -     Theoretical target area per partition: 1.178097e+00
2025-08-12 19:11:56,212 - pyslsqp_optimizer - INFO -     Current partition areas: [1.13357523 1.19613151]
2025-08-12 19:12:29,350 - pyslsqp_optimizer - INFO -   Iteration 200:
2025-08-12 19:12:29,350 - pyslsqp_optimizer - INFO -     Energy: 7.577716e+00
2025-08-12 19:12:29,351 - pyslsqp_optimizer - INFO -     Energy change: -8.723294e-09
2025-08-12 19:12:29,351 - pyslsqp_optimizer - INFO -     Theoretical target area per partition: 1.178097e+00
2025-08-12 19:12:29,351 - pyslsqp_optimizer - INFO -     Current partition areas: [1.13357555 1.196131  ]
2025-08-12 19:13:02,635 - pyslsqp_optimizer - INFO -   Iteration 250:
2025-08-12 19:13:02,635 - pyslsqp_optimizer - INFO -     Energy: 7.577717e+00
2025-08-12 19:13:02,635 - pyslsqp_optimizer - INFO -     Energy change: 1.781218e-06
2025-08-12 19:13:02,635 - pyslsqp_optimizer - INFO -     Theoretical target area per partition: 1.178097e+00
2025-08-12 19:13:02,636 - pyslsqp_optimizer - INFO -     Current partition areas: [1.13357503 1.19613223]
2025-08-12 19:13:35,365 - pyslsqp_optimizer - INFO -   Iteration 300:
2025-08-12 19:13:35,365 - pyslsqp_optimizer - INFO -     Energy: 7.577665e+00
2025-08-12 19:13:35,365 - pyslsqp_optimizer - INFO -     Energy change: -5.031115e-05
2025-08-12 19:13:35,365 - pyslsqp_optimizer - INFO -     Theoretical target area per partition: 1.178097e+00
2025-08-12 19:13:35,365 - pyslsqp_optimizer - INFO -     Current partition areas: [1.13450943 1.19447011]
2025-08-12 19:13:35,413 - pyslsqp_optimizer - INFO - PySLSQP optimization completed:
2025-08-12 19:13:35,413 - pyslsqp_optimizer - INFO -   Success: False
2025-08-12 19:13:35,413 - pyslsqp_optimizer - INFO -   Summary saved to: results/run_20250812_191012_npart2_nr10-22_incr6_na24-32_inca4_lam0.0_seed42/pyslsqp_part2_nt10_np24_lam0.0_seed42_level0_summary.out
2025-08-12 19:13:35,413 - pyslsqp_optimizer - INFO -   Internal data saved to: results/run_20250812_191012_npart2_nr10-22_incr6_na24-32_inca4_lam0.0_seed42/pyslsqp_part2_nt10_np24_lam0.0_seed42_level0_internal_data.hdf5
2025-08-12 19:13:35,413 - pyslsqp_optimizer - WARNING - Returning last valid iterate before unsuccessful termination.
2025-08-12 19:13:35,415 - pyslsqp_optimizer - INFO - optimization completed: 200.820s, memory: 32.68MB
2025-08-12 19:13:35,415 - __main__ - INFO - Results for level 1:
2025-08-12 19:13:35,415 - __main__ - INFO -   Energy: 7.577716e+00
2025-08-12 19:13:35,415 - __main__ - INFO -   Iterations: 300
2025-08-12 19:13:35,415 - __main__ - INFO -   Time: 200.82s
2025-08-12 19:13:35,416 - __main__ - INFO -   Success: False
2025-08-12 19:13:35,416 - __main__ - INFO - ================================================================================
2025-08-12 19:13:35,416 - __main__ - INFO - Refinement Level 2/3
2025-08-12 19:13:35,416 - __main__ - INFO - ================================================================================
2025-08-12 19:13:35,416 - __main__ - INFO - Creating mesh with parameters: {'n_radial': 16, 'n_angular': 28, 'r_inner': 0.5, 'r_outer': 1.0}
2025-08-12 19:13:35,416 - ring_mesh - INFO - Creating ring mesh: n_radial=16, n_angular=28, r_inner=0.5, r_outer=1.0
2025-08-12 19:13:35,441 - ring_mesh - INFO - Mesh created: 448 vertices, 840 triangles
2025-08-12 19:13:35,441 - ring_mesh - INFO - Theoretical area: 2.356194
2025-08-12 19:13:35,441 - __main__ - INFO - Mesh created: 448 vertices, 840 triangles
2025-08-12 19:13:35,441 - __main__ - INFO - Computing FEM matrices...
2025-08-12 19:13:35,442 - ring_mesh - INFO - Starting matrix computation
2025-08-12 19:13:35,442 - ring_mesh - INFO - Starting matrix computation...
2025-08-12 19:13:35,563 - ring_mesh - INFO - Matrix computation completed: Mass matrix (448, 448), Stiffness matrix (448, 448)
2025-08-12 19:13:35,563 - ring_mesh - INFO - matrix computation completed: 0.121s, memory: 0.36MB
2025-08-12 19:13:35,563 - __main__ - INFO - Matrices computed successfully
2025-08-12 19:13:35,563 - ring_mesh - INFO - Mesh statistics: 448 vertices, 840 triangles, area=2.336470
2025-08-12 19:13:35,563 - __main__ - INFO - Setting epsilon to sqrt(mean_triangle_area): 5.274004e-02
2025-08-12 19:13:35,564 - pyslsqp_optimizer - INFO - PySLSQPOptimizer initialized:
2025-08-12 19:13:35,564 - pyslsqp_optimizer - INFO -   Ring: r_inner=0.500, r_outer=1.000
2025-08-12 19:13:35,564 - pyslsqp_optimizer - INFO -   Partitions: 2
2025-08-12 19:13:35,564 - pyslsqp_optimizer - INFO -   Epsilon: 5.27e-02
2025-08-12 19:13:35,564 - pyslsqp_optimizer - INFO -   Theoretical area: 2.356194
2025-08-12 19:13:35,564 - pyslsqp_optimizer - INFO -   Discretized area: 2.336470
2025-08-12 19:13:35,565 - __main__ - INFO - PySLSQP optimizer created
2025-08-12 19:13:35,565 - __main__ - INFO - Mesh resolution changed. Interpolating solution from previous mesh to current mesh...
2025-08-12 19:13:35,573 - __main__ - INFO - Projecting interpolated solution to feasible region (orthogonal projection)
2025-08-12 19:13:35,574 - projection_iterative - INFO - Projection converged after 5 iterations
2025-08-12 19:13:35,575 - projection_iterative - INFO - Final errors: row=5.77e-10, area=1.00e-10
2025-08-12 19:13:35,575 - __main__ - INFO - Initial condition validation passed
2025-08-12 19:13:35,575 - __main__ - INFO - Initial condition validation passed
2025-08-12 19:13:35,575 - __main__ - INFO - Checking analytic vs finite-difference gradients...
2025-08-12 19:13:35,575 - __main__ - INFO - Checking analytic vs finite-difference gradients...
2025-08-12 19:13:35,829 - __main__ - WARNING - Large gradient error at point 0: 1.42e-02
2025-08-12 19:13:36,081 - __main__ - WARNING - Large gradient error at point 1: 1.43e-02
2025-08-12 19:13:36,334 - __main__ - WARNING - Large gradient error at point 2: 1.42e-02
2025-08-12 19:13:36,595 - __main__ - WARNING - Large gradient error at point 3: 1.42e-02
2025-08-12 19:13:36,852 - __main__ - WARNING - Large gradient error at point 4: 1.42e-02
2025-08-12 19:13:37,108 - __main__ - WARNING - Large gradient error at point 5: 1.42e-02
2025-08-12 19:13:37,363 - __main__ - WARNING - Large gradient error at point 6: 1.42e-02
2025-08-12 19:13:37,616 - __main__ - WARNING - Large gradient error at point 7: 1.42e-02
2025-08-12 19:13:37,871 - __main__ - WARNING - Large gradient error at point 8: 1.43e-02
2025-08-12 19:13:38,126 - __main__ - WARNING - Large gradient error at point 9: 1.43e-02
2025-08-12 19:13:38,127 - __main__ - INFO - Gradient check completed: avg_error=1.42e-02, max_error=1.43e-02
2025-08-12 19:13:38,127 - __main__ - WARNING - Gradient errors are larger than expected
2025-08-12 19:13:38,127 - pyslsqp_optimizer - INFO - Starting optimization
2025-08-12 19:13:38,127 - pyslsqp_optimizer - INFO - Processing initial condition...
2025-08-12 19:13:38,129 - pyslsqp_optimizer - INFO - ✓ Initial condition processed
2025-08-12 19:13:38,130 - pyslsqp_optimizer - INFO - ✓ Initial condition validation passed
2025-08-12 19:13:38,130 - pyslsqp_optimizer - INFO - Starting PySLSQP optimization with analytic gradients...
2025-08-12 19:13:41,653 - pyslsqp_optimizer - INFO -   Iteration 0:
2025-08-12 19:13:41,653 - pyslsqp_optimizer - INFO -     Energy: 7.599766e+00
2025-08-12 19:13:41,653 - pyslsqp_optimizer - INFO -     Theoretical target area per partition: 1.178097e+00
2025-08-12 19:13:41,653 - pyslsqp_optimizer - INFO -     Current partition areas: [1.16444568 1.16985156]
2025-08-12 19:21:20,257 - pyslsqp_optimizer - INFO -   Iteration 50:
2025-08-12 19:21:20,258 - pyslsqp_optimizer - INFO -     Energy: 6.730886e+00
2025-08-12 19:21:20,258 - pyslsqp_optimizer - INFO -     Energy change: 8.251098e-05
2025-08-12 19:21:20,258 - pyslsqp_optimizer - INFO -     Theoretical target area per partition: 1.178097e+00
2025-08-12 19:21:20,258 - pyslsqp_optimizer - INFO -     Current partition areas: [1.16182034 1.17439597]
2025-08-12 19:28:53,298 - pyslsqp_optimizer - INFO -   Iteration 100:
2025-08-12 19:28:53,299 - pyslsqp_optimizer - INFO -     Energy: 6.732735e+00
2025-08-12 19:28:53,299 - pyslsqp_optimizer - INFO -     Energy change: 8.175567e-06
2025-08-12 19:28:53,299 - pyslsqp_optimizer - INFO -     Theoretical target area per partition: 1.178097e+00
2025-08-12 19:28:53,300 - pyslsqp_optimizer - INFO -     Current partition areas: [1.16124402 1.17501909]
2025-08-12 19:36:24,871 - pyslsqp_optimizer - INFO -   Iteration 150:
2025-08-12 19:36:24,873 - pyslsqp_optimizer - INFO -     Energy: 6.732878e+00
2025-08-12 19:36:24,873 - pyslsqp_optimizer - INFO -     Energy change: -4.352209e-05
2025-08-12 19:36:24,873 - pyslsqp_optimizer - INFO -     Theoretical target area per partition: 1.178097e+00
2025-08-12 19:36:24,873 - pyslsqp_optimizer - INFO -     Current partition areas: [1.16114444 1.17512834]
2025-08-12 19:43:39,397 - pyslsqp_optimizer - INFO -   Iteration 200:
2025-08-12 19:43:39,398 - pyslsqp_optimizer - INFO -     Energy: 6.732799e+00
2025-08-12 19:43:39,398 - pyslsqp_optimizer - INFO -     Energy change: 6.186785e-06
2025-08-12 19:43:39,398 - pyslsqp_optimizer - INFO -     Theoretical target area per partition: 1.178097e+00
2025-08-12 19:43:39,398 - pyslsqp_optimizer - INFO -     Current partition areas: [1.16112658 1.17514852]
2025-08-12 19:51:19,429 - pyslsqp_optimizer - INFO -   Iteration 250:
2025-08-12 19:51:19,430 - pyslsqp_optimizer - INFO -     Energy: 6.732965e+00
2025-08-12 19:51:19,430 - pyslsqp_optimizer - INFO -     Energy change: 3.310227e-05
2025-08-12 19:51:19,430 - pyslsqp_optimizer - INFO -     Theoretical target area per partition: 1.178097e+00
2025-08-12 19:51:19,431 - pyslsqp_optimizer - INFO -     Current partition areas: [1.16111543 1.17516393]
2025-08-12 19:58:25,996 - pyslsqp_optimizer - INFO - PySLSQP optimization completed:
2025-08-12 19:58:25,998 - pyslsqp_optimizer - INFO -   Success: False
2025-08-12 19:58:25,998 - pyslsqp_optimizer - INFO -   Summary saved to: results/run_20250812_191012_npart2_nr10-22_incr6_na24-32_inca4_lam0.0_seed42/pyslsqp_part2_nt16_np28_lam0.0_seed42_level1_summary.out
2025-08-12 19:58:25,999 - pyslsqp_optimizer - INFO -   Internal data saved to: results/run_20250812_191012_npart2_nr10-22_incr6_na24-32_inca4_lam0.0_seed42/pyslsqp_part2_nt16_np28_lam0.0_seed42_level1_internal_data.hdf5
2025-08-12 19:58:25,999 - pyslsqp_optimizer - WARNING - Returning last valid iterate before unsuccessful termination.
2025-08-12 19:58:26,003 - pyslsqp_optimizer - INFO - optimization completed: 2687.876s, memory: 56.09MB
2025-08-12 19:58:26,004 - __main__ - INFO - Results for level 2:
2025-08-12 19:58:26,004 - __main__ - INFO -   Energy: 6.732953e+00
2025-08-12 19:58:26,004 - __main__ - INFO -   Iterations: 299
2025-08-12 19:58:26,004 - __main__ - INFO -   Time: 2687.88s
2025-08-12 19:58:26,029 - __main__ - INFO -   Success: False
2025-08-12 19:58:26,030 - __main__ - INFO - ================================================================================
2025-08-12 19:58:26,030 - __main__ - INFO - Refinement Level 3/3
2025-08-12 19:58:26,030 - __main__ - INFO - ================================================================================
2025-08-12 19:58:26,030 - __main__ - INFO - Creating mesh with parameters: {'n_radial': 22, 'n_angular': 32, 'r_inner': 0.5, 'r_outer': 1.0}
2025-08-12 19:58:26,030 - ring_mesh - INFO - Creating ring mesh: n_radial=22, n_angular=32, r_inner=0.5, r_outer=1.0
2025-08-12 19:58:26,071 - ring_mesh - INFO - Mesh created: 704 vertices, 1344 triangles
2025-08-12 19:58:26,071 - ring_mesh - INFO - Theoretical area: 2.356194
2025-08-12 19:58:26,071 - __main__ - INFO - Mesh created: 704 vertices, 1344 triangles
2025-08-12 19:58:26,071 - __main__ - INFO - Computing FEM matrices...
2025-08-12 19:58:26,072 - ring_mesh - INFO - Starting matrix computation
2025-08-12 19:58:26,072 - ring_mesh - INFO - Starting matrix computation...
2025-08-12 19:58:26,251 - ring_mesh - INFO - Matrix computation completed: Mass matrix (704, 704), Stiffness matrix (704, 704)
2025-08-12 19:58:26,251 - ring_mesh - INFO - matrix computation completed: 0.180s, memory: 0.45MB
2025-08-12 19:58:26,251 - __main__ - INFO - Matrices computed successfully
2025-08-12 19:58:26,251 - ring_mesh - INFO - Mesh statistics: 704 vertices, 1344 triangles, area=2.341084
2025-08-12 19:58:26,252 - __main__ - INFO - Setting epsilon to sqrt(mean_triangle_area): 4.173581e-02
2025-08-12 19:58:26,253 - pyslsqp_optimizer - INFO - PySLSQPOptimizer initialized:
2025-08-12 19:58:26,254 - pyslsqp_optimizer - INFO -   Ring: r_inner=0.500, r_outer=1.000
2025-08-12 19:58:26,254 - pyslsqp_optimizer - INFO -   Partitions: 2
2025-08-12 19:58:26,254 - pyslsqp_optimizer - INFO -   Epsilon: 4.17e-02
2025-08-12 19:58:26,254 - pyslsqp_optimizer - INFO -   Theoretical area: 2.356194
2025-08-12 19:58:26,254 - pyslsqp_optimizer - INFO -   Discretized area: 2.341084
2025-08-12 19:58:26,254 - __main__ - INFO - PySLSQP optimizer created
2025-08-12 19:58:26,254 - __main__ - INFO - Mesh resolution changed. Interpolating solution from previous mesh to current mesh...
2025-08-12 19:58:26,296 - __main__ - INFO - Projecting interpolated solution to feasible region (orthogonal projection)
2025-08-12 19:58:26,298 - projection_iterative - INFO - Projection converged after 4 iterations
2025-08-12 19:58:26,298 - projection_iterative - INFO - Final errors: row=3.59e-09, area=1.00e-10
2025-08-12 19:58:26,299 - __main__ - INFO - Initial condition validation passed
2025-08-12 19:58:26,299 - __main__ - INFO - Initial condition validation passed
2025-08-12 19:58:26,299 - __main__ - INFO - Checking analytic vs finite-difference gradients...
2025-08-12 19:58:26,299 - __main__ - INFO - Checking analytic vs finite-difference gradients...
2025-08-12 19:58:26,714 - __main__ - WARNING - Large gradient error at point 0: 1.62e-02
2025-08-12 19:58:27,127 - __main__ - WARNING - Large gradient error at point 1: 1.63e-02
2025-08-12 19:58:27,539 - __main__ - WARNING - Large gradient error at point 2: 1.62e-02
2025-08-12 19:58:27,954 - __main__ - WARNING - Large gradient error at point 3: 1.63e-02
2025-08-12 19:58:28,369 - __main__ - WARNING - Large gradient error at point 4: 1.62e-02
2025-08-12 19:58:28,788 - __main__ - WARNING - Large gradient error at point 5: 1.62e-02
2025-08-12 19:58:29,198 - __main__ - WARNING - Large gradient error at point 6: 1.61e-02
2025-08-12 19:58:29,619 - __main__ - WARNING - Large gradient error at point 7: 1.63e-02
2025-08-12 19:58:30,032 - __main__ - WARNING - Large gradient error at point 8: 1.63e-02
2025-08-12 19:58:30,444 - __main__ - WARNING - Large gradient error at point 9: 1.62e-02
2025-08-12 19:58:30,444 - __main__ - INFO - Gradient check completed: avg_error=1.62e-02, max_error=1.63e-02
2025-08-12 19:58:30,444 - __main__ - WARNING - Gradient errors are larger than expected
2025-08-12 19:58:30,445 - pyslsqp_optimizer - INFO - Starting optimization
2025-08-12 19:58:30,445 - pyslsqp_optimizer - INFO - Processing initial condition...
2025-08-12 19:58:30,448 - pyslsqp_optimizer - INFO - ✓ Initial condition processed
2025-08-12 19:58:30,448 - pyslsqp_optimizer - INFO - ✓ Initial condition validation passed
2025-08-12 19:58:30,448 - pyslsqp_optimizer - INFO - Starting PySLSQP optimization with analytic gradients...
2025-08-12 19:58:58,807 - pyslsqp_optimizer - INFO -   Iteration 0:
2025-08-12 19:58:58,807 - pyslsqp_optimizer - INFO -     Energy: 7.005517e+00
2025-08-12 19:58:58,807 - pyslsqp_optimizer - INFO -     Theoretical target area per partition: 1.178097e+00
2025-08-12 19:58:58,807 - pyslsqp_optimizer - INFO -     Current partition areas: [1.16970096 1.1692957 ]
2025-08-12 21:20:16,627 - pyslsqp_optimizer - INFO -   Iteration 50:
2025-08-12 21:20:16,628 - pyslsqp_optimizer - INFO -     Energy: 6.942302e+00
2025-08-12 21:20:16,629 - pyslsqp_optimizer - INFO -     Energy change: 1.846399e-04
2025-08-12 21:20:16,629 - pyslsqp_optimizer - INFO -     Theoretical target area per partition: 1.178097e+00
2025-08-12 21:20:16,629 - pyslsqp_optimizer - INFO -     Current partition areas: [1.16604995 1.17467271]
2025-08-12 22:25:02,787 - pyslsqp_optimizer - INFO -   Iteration 100:
2025-08-12 22:25:02,788 - pyslsqp_optimizer - INFO -     Energy: 6.947996e+00
2025-08-12 22:25:02,788 - pyslsqp_optimizer - INFO -     Energy change: 4.893458e-05
2025-08-12 22:25:02,788 - pyslsqp_optimizer - INFO -     Theoretical target area per partition: 1.178097e+00
2025-08-12 22:25:02,788 - pyslsqp_optimizer - INFO -     Current partition areas: [1.1646095  1.17616034]
2025-08-12 23:29:54,696 - pyslsqp_optimizer - INFO -   Iteration 150:
2025-08-12 23:29:54,697 - pyslsqp_optimizer - INFO -     Energy: 6.950212e+00
2025-08-12 23:29:54,697 - pyslsqp_optimizer - INFO -     Energy change: 9.867171e-06
2025-08-12 23:29:54,697 - pyslsqp_optimizer - INFO -     Theoretical target area per partition: 1.178097e+00
2025-08-12 23:29:54,698 - pyslsqp_optimizer - INFO -     Current partition areas: [1.16403279 1.17676336]
2025-08-13 00:40:30,930 - pyslsqp_optimizer - INFO -   Iteration 200:
2025-08-13 00:40:30,932 - pyslsqp_optimizer - INFO -     Energy: 6.951079e+00
2025-08-13 00:40:30,932 - pyslsqp_optimizer - INFO -     Energy change: 1.598669e-05
2025-08-13 00:40:30,932 - pyslsqp_optimizer - INFO -     Theoretical target area per partition: 1.178097e+00
2025-08-13 00:40:30,933 - pyslsqp_optimizer - INFO -     Current partition areas: [1.16377416 1.17703811]
2025-08-13 01:46:27,623 - pyslsqp_optimizer - INFO -   Iteration 250:
2025-08-13 01:46:27,623 - pyslsqp_optimizer - INFO -     Energy: 6.951460e+00
2025-08-13 01:46:27,623 - pyslsqp_optimizer - INFO -     Energy change: 6.095451e-06
2025-08-13 01:46:27,623 - pyslsqp_optimizer - INFO -     Theoretical target area per partition: 1.178097e+00
2025-08-13 01:46:27,624 - pyslsqp_optimizer - INFO -     Current partition areas: [1.16364566 1.17717544]
2025-08-13 02:46:58,112 - pyslsqp_optimizer - INFO - PySLSQP optimization completed:
2025-08-13 02:46:58,112 - pyslsqp_optimizer - INFO -   Success: False
2025-08-13 02:46:58,112 - pyslsqp_optimizer - INFO -   Summary saved to: results/run_20250812_191012_npart2_nr10-22_incr6_na24-32_inca4_lam0.0_seed42/pyslsqp_part2_nt22_np32_lam0.0_seed42_level2_summary.out
2025-08-13 02:46:58,112 - pyslsqp_optimizer - INFO -   Internal data saved to: results/run_20250812_191012_npart2_nr10-22_incr6_na24-32_inca4_lam0.0_seed42/pyslsqp_part2_nt22_np32_lam0.0_seed42_level2_internal_data.hdf5
2025-08-13 02:46:58,112 - pyslsqp_optimizer - WARNING - Returning last valid iterate before unsuccessful termination.
2025-08-13 02:46:58,121 - pyslsqp_optimizer - INFO - optimization completed: 24507.676s, memory: 22.69MB
2025-08-13 02:46:58,127 - __main__ - INFO - Results for level 3:
2025-08-13 02:46:58,127 - __main__ - INFO -   Energy: 6.951605e+00
2025-08-13 02:46:58,127 - __main__ - INFO -   Iterations: 299
2025-08-13 02:46:58,127 - __main__ - INFO -   Time: 24507.68s
2025-08-13 02:46:58,127 - __main__ - INFO -   Success: False
2025-08-13 02:46:58,127 - __main__ - INFO - Refinement Summary:
2025-08-13 02:46:58,127 - __main__ - INFO - ================================================================================
2025-08-13 02:46:58,128 - __main__ - INFO -  Level    Mesh Size       Energy Iterations   Time (s)
2025-08-13 02:46:58,128 - __main__ - INFO - --------------------------------------------------------------------------------
2025-08-13 02:46:58,128 - __main__ - INFO -      1        10x24 7.577716e+00        300     200.82
2025-08-13 02:46:58,128 - __main__ - INFO -      2        16x28 6.732953e+00        299    2687.88
2025-08-13 02:46:58,128 - __main__ - INFO -      3        22x32 6.951605e+00        299   24507.68
2025-08-13 02:46:58,133 - __main__ - INFO - ✅ Solution file saved: results/run_20250812_191012_npart2_nr10-22_incr6_na24-32_inca4_lam0.0_seed42/ring_part2_nr10-22_incr6_na24-32_inca4_lam0.0_seed42_20250812_191012.h5
