MAJOR  NFEV  NGEV           OBJFUN            GNORM            CNORM             FEAS              OPT             STEP 
    0     1     1     8.789034E+00     3.637285E+00     8.593985E-03     9.900000E+01     9.900000E+01     9.900000E+01 
    1     2     1     7.155558E+00     3.637285E+00     1.805748E-01     3.718819E+00     1.353302E-02     1.000000E+00 
    2     3     2     6.167053E+00     3.152752E+00     1.853676E-01     3.732461E+00     1.000019E+04     1.000000E+00 
    3    14     3     6.117388E+00     3.152752E+00     1.865129E-01     3.779751E+00     1.000018E+04     1.000000E+00 
    4    15     4     6.101248E+00     2.398695E+00     1.905839E-01     3.828042E+00     1.000018E+04     1.000000E+00 
    5    16     5     6.089047E+00     2.398197E+00     1.934329E-01     3.855007E+00     1.000018E+04     1.000000E+00 
    6    17     6     6.084881E+00     2.385296E+00     1.995365E-01     3.940922E+00     1.000018E+04     1.000000E+00 
    7    18     7     6.082433E+00     2.380861E+00     2.118145E-01     4.137217E+00     1.000019E+04     1.000000E+00 
    8    19     8     6.080970E+00     2.377580E+00     2.338764E-01     4.510926E+00     1.000020E+04     1.000000E+00 
    9    20     9     6.080737E+00     2.375979E+00     2.593684E-01     4.887135E+00     1.000022E+04     1.000000E+00 
   10    21    10     6.081198E+00     2.376578E+00     2.741282E-01     5.072199E+00     1.000024E+04     1.000000E+00 
   11    32    11     6.081073E+00     2.376578E+00     2.761814E-01     5.074209E+00     1.000024E+04     1.000000E+00 
   12    43    12     6.081106E+00     2.376578E+00     2.779726E-01     5.081329E+00     1.000024E+04     1.000000E+00 
   13    54    13     6.081315E+00     2.376578E+00     2.805606E-01     5.096909E+00     1.000024E+04     1.000000E+00 
   14    65    14     6.081583E+00     2.376578E+00     2.831689E-01     5.116916E+00     1.000024E+04     1.000000E+00 
   15    76    15     6.081849E+00     2.376578E+00     2.857401E-01     5.140187E+00     1.000024E+04     1.000000E+00 
   16    87    16     6.082106E+00     2.376578E+00     2.881275E-01     5.164747E+00     1.000024E+04     1.000000E+00 
   17    98    17     6.082359E+00     2.376578E+00     2.904442E-01     5.189248E+00     1.000024E+04     1.000000E+00 
   18   109    18     6.082591E+00     2.376578E+00     2.925571E-01     5.214011E+00     1.000024E+04     1.000000E+00 
   19   120    19     6.082816E+00     2.376578E+00     2.945826E-01     5.240504E+00     1.000024E+04     1.000000E+00 
   20   131    20     6.083018E+00     2.376578E+00     2.964127E-01     5.264555E+00     1.000024E+04     1.000000E+00 
   21   142    21     6.083215E+00     2.376578E+00     2.981683E-01     5.289636E+00     1.000024E+04     1.000000E+00 
   22   153    22     6.083391E+00     2.376578E+00     2.997641E-01     5.313338E+00     1.000024E+04     1.000000E+00 
   23   164    23     6.083562E+00     2.376578E+00     3.012958E-01     5.337549E+00     1.000024E+04     1.000000E+00 
   24   175    24     6.083714E+00     2.376578E+00     3.026875E-01     5.359483E+00     1.000024E+04     1.000000E+00 
   25   186    25     6.083863E+00     2.376578E+00     3.040259E-01     5.380591E+00     1.000024E+04     1.000000E+00 
   26   197    26     6.083993E+00     2.376578E+00     3.052490E-01     5.401067E+00     1.000024E+04     1.000000E+00 
   27   208    27     6.084122E+00     2.376578E+00     3.064280E-01     5.420719E+00     1.000024E+04     1.000000E+00 
   28   219    28     6.084233E+00     2.376578E+00     3.075024E-01     5.439824E+00     1.000024E+04     1.000000E+00 
   29   230    29     6.084345E+00     2.376578E+00     3.085502E-01     5.458135E+00     1.000024E+04     1.000000E+00 
   30   241    30     6.084441E+00     2.376578E+00     3.095079E-01     5.474889E+00     1.000024E+04     1.000000E+00 
   31   252    31     6.084538E+00     2.376578E+00     3.104449E-01     5.490968E+00     1.000024E+04     1.000000E+00 
   32   263    32     6.084619E+00     2.376578E+00     3.112992E-01     5.505672E+00     1.000024E+04     1.000000E+00 
   33   274    33     6.084705E+00     2.376578E+00     3.121455E-01     5.520030E+00     1.000024E+04     1.000000E+00 
   34   285    34     6.084767E+00     2.376578E+00     3.128736E-01     5.532700E+00     1.000024E+04     1.000000E+00 
   35   296    35     6.084850E+00     2.376578E+00     3.136830E-01     5.546494E+00     1.000024E+04     1.000000E+00 
   36   307    36     6.084887E+00     2.376578E+00     3.142625E-01     5.557123E+00     1.000024E+04     1.000000E+00 
   37   318    37     6.084971E+00     2.376578E+00     3.150633E-01     5.571396E+00     1.000024E+04     1.000000E+00 
   38   329    38     6.084998E+00     2.376578E+00     3.155727E-01     5.581162E+00     1.000024E+04     1.000000E+00 
   39   340    39     6.085067E+00     2.376578E+00     3.162787E-01     5.593709E+00     1.000024E+04     1.000000E+00 
   40   351    40     6.085097E+00     2.376578E+00     3.167881E-01     5.603067E+00     1.000024E+04     1.000000E+00 
   41   362    41     6.085158E+00     2.376578E+00     3.174391E-01     5.614457E+00     1.000024E+04     1.000000E+00 
   42   373    42     6.085186E+00     2.376578E+00     3.179299E-01     5.623083E+00     1.000024E+04     1.000000E+00 
   43   384    43     6.085239E+00     2.376578E+00     3.185318E-01     5.633449E+00     1.000024E+04     1.000000E+00 
   44   395    44     6.085264E+00     2.376578E+00     3.189999E-01     5.641373E+00     1.000024E+04     1.000000E+00 
   45   406    45     6.085312E+00     2.376578E+00     3.195607E-01     5.650855E+00     1.000024E+04     1.000000E+00 
   46   417    46     6.085335E+00     2.376578E+00     3.200095E-01     5.658194E+00     1.000024E+04     1.000000E+00 
   47   428    47     6.085376E+00     2.376578E+00     3.205293E-01     5.666843E+00     1.000024E+04     1.000000E+00 
   48   439    48     6.085399E+00     2.376578E+00     3.209670E-01     5.673763E+00     1.000024E+04     1.000000E+00 
   49   450    49     6.085434E+00     2.376578E+00     3.214470E-01     5.681646E+00     1.000024E+04     1.000000E+00 
   50   461    50     6.085455E+00     2.376578E+00     3.218712E-01     5.688144E+00     1.000024E+04     1.000000E+00 
   51   472    51     6.085485E+00     2.376578E+00     3.223167E-01     5.695357E+00     1.000024E+04     1.000000E+00 
   52   483    52     6.085506E+00     2.376578E+00     3.227291E-01     5.701541E+00     1.000024E+04     1.000000E+00 
   53   494    53     6.085532E+00     2.376578E+00     3.231441E-01     5.708129E+00     1.000024E+04     1.000000E+00 
   54   505    54     6.085551E+00     2.376578E+00     3.235407E-01     5.713950E+00     1.000024E+04     1.000000E+00 
   55   516    55     6.085574E+00     2.376578E+00     3.239334E-01     5.720104E+00     1.000024E+04     1.000000E+00 
   56   527    56     6.085592E+00     2.376578E+00     3.243165E-01     5.725604E+00     1.000024E+04     1.000000E+00 
   57   538    57     6.085611E+00     2.376578E+00     3.246840E-01     5.731242E+00     1.000024E+04     1.000000E+00 
   58   549    58     6.085629E+00     2.376578E+00     3.250564E-01     5.736572E+00     1.000024E+04     1.000000E+00 
   59   560    59     6.085645E+00     2.376578E+00     3.254011E-01     5.741739E+00     1.000024E+04     1.000000E+00 
   60   571    60     6.085663E+00     2.376578E+00     3.257664E-01     5.746904E+00     1.000024E+04     1.000000E+00 
   61   582    61     6.085675E+00     2.376578E+00     3.260830E-01     5.751533E+00     1.000024E+04     1.000000E+00 
   62   593    62     6.085693E+00     2.376578E+00     3.264412E-01     5.756604E+00     1.000024E+04     1.000000E+00 
   63   604    63     6.085703E+00     2.376578E+00     3.267412E-01     5.760912E+00     1.000024E+04     1.000000E+00 
   64   615    64     6.085720E+00     2.376578E+00     3.270893E-01     5.765785E+00     1.000024E+04     1.000000E+00 
   65   626    65     6.085728E+00     2.376578E+00     3.273700E-01     5.769694E+00     1.000024E+04     1.000000E+00 
   66   637    66     6.085745E+00     2.376578E+00     3.277093E-01     5.774500E+00     1.000024E+04     1.000000E+00 
   67   648    67     6.085751E+00     2.376578E+00     3.279765E-01     5.778093E+00     1.000024E+04     1.000000E+00 
   68   659    68     6.085767E+00     2.376578E+00     3.282997E-01     5.782675E+00     1.000024E+04     1.000000E+00 
   69   670    69     6.085772E+00     2.376578E+00     3.285598E-01     5.786071E+00     1.000024E+04     1.000000E+00 
   70   681    70     6.085787E+00     2.376578E+00     3.288705E-01     5.790493E+00     1.000024E+04     1.000000E+00 
   71   692    71     6.085791E+00     2.376578E+00     3.291184E-01     5.793644E+00     1.000024E+04     1.000000E+00 
   72   703    72     6.085804E+00     2.376578E+00     3.294127E-01     5.798005E+00     1.000024E+04     1.000000E+00 
   73   714    73     6.085809E+00     2.376578E+00     3.296559E-01     5.801106E+00     1.000024E+04     1.000000E+00 
   74   725    74     6.085820E+00     2.376578E+00     3.299326E-01     5.805311E+00     1.000024E+04     1.000000E+00 
   75   736    75     6.085824E+00     2.376578E+00     3.301684E-01     5.808247E+00     1.000024E+04     1.000000E+00 
   76   747    76     6.085834E+00     2.376578E+00     3.304361E-01     5.812323E+00     1.000024E+04     1.000000E+00 
   77   758    77     6.085838E+00     2.376578E+00     3.306660E-01     5.815138E+00     1.000024E+04     1.000000E+00 
   78   769    78     6.085846E+00     2.376578E+00     3.309145E-01     5.818922E+00     1.000024E+04     1.000000E+00 
   79   780    79     6.085850E+00     2.376578E+00     3.311382E-01     5.821608E+00     1.000024E+04     1.000000E+00 
   80   791    80     6.085856E+00     2.376578E+00     3.313720E-01     5.825194E+00     1.000024E+04     1.000000E+00 
   81   802    81     6.085862E+00     2.376578E+00     3.315969E-01     5.827889E+00     1.000024E+04     1.000000E+00 
   82   813    82     6.085865E+00     2.376578E+00     3.318093E-01     5.831115E+00     1.000024E+04     1.000000E+00 
   83   824    83     6.085873E+00     2.376578E+00     3.320395E-01     5.833911E+00     1.000024E+04     1.000000E+00 
   84   835    84     6.085873E+00     2.376578E+00     3.322323E-01     5.836831E+00     1.000024E+04     1.000000E+00 
   85   846    85     6.085882E+00     2.376578E+00     3.324616E-01     5.839629E+00     1.000024E+04     1.000000E+00 
   86   857    86     6.085880E+00     2.376578E+00     3.326380E-01     5.842272E+00     1.000024E+04     1.000000E+00 
   87   868    87     6.085890E+00     2.376578E+00     3.328672E-01     5.845100E+00     1.000024E+04     1.000000E+00 
   88   879    88     6.085887E+00     2.376578E+00     3.330332E-01     5.847529E+00     1.000024E+04     1.000000E+00 
   89   890    89     6.085898E+00     2.376578E+00     3.332617E-01     5.850408E+00     1.000024E+04     1.000000E+00 
   90   901    90     6.085894E+00     2.376578E+00     3.334142E-01     5.852607E+00     1.000024E+04     1.000000E+00 
   91   912    91     6.085906E+00     2.376578E+00     3.336439E-01     5.855528E+00     1.000024E+04     1.000000E+00 
   92   923    92     6.085901E+00     2.376578E+00     3.337840E-01     5.857478E+00     1.000024E+04     1.000000E+00 
   93   934    93     6.085913E+00     2.376578E+00     3.340098E-01     5.860423E+00     1.000024E+04     1.000000E+00 
   94   945    94     6.085907E+00     2.376578E+00     3.341412E-01     5.862173E+00     1.000024E+04     1.000000E+00 
   95   956    95     6.085920E+00     2.376578E+00     3.343671E-01     5.865195E+00     1.000024E+04     1.000000E+00 
   96   967    96     6.085914E+00     2.376578E+00     3.344929E-01     5.866781E+00     1.000024E+04     1.000000E+00 
   97   978    97     6.085927E+00     2.376578E+00     3.347091E-01     5.869744E+00     1.000024E+04     1.000000E+00 
   98   989    98     6.085920E+00     2.376578E+00     3.348272E-01     5.871238E+00     1.000024E+04     1.000000E+00 
   99  1000    99     6.085934E+00     2.376578E+00     3.350480E-01     5.874242E+00     1.000024E+04     1.000000E+00 
  100  1011   100     6.085927E+00     2.376578E+00     3.351532E-01     5.875630E+00     1.000024E+04     1.000000E+00 
  101  1022   101     6.085940E+00     2.376578E+00     3.353670E-01     5.878466E+00     1.000024E+04     1.000000E+00 
  102  1033   102     6.085933E+00     2.376578E+00     3.354722E-01     5.879898E+00     1.000024E+04     1.000000E+00 
  103  1044   103     6.085946E+00     2.376578E+00     3.356765E-01     5.882651E+00     1.000024E+04     1.000000E+00 
  104  1055   104     6.085940E+00     2.376578E+00     3.357787E-01     5.884017E+00     1.000024E+04     1.000000E+00 
  105  1066   105     6.085951E+00     2.376578E+00     3.359777E-01     5.886700E+00     1.000024E+04     1.000000E+00 
  106  1077   106     6.085945E+00     2.376578E+00     3.360709E-01     5.887937E+00     1.000024E+04     1.000000E+00 
  107  1088   107     6.085956E+00     2.376578E+00     3.362669E-01     5.890587E+00     1.000024E+04     1.000000E+00 
  108  1099   108     6.085951E+00     2.376578E+00     3.363609E-01     5.891814E+00     1.000024E+04     1.000000E+00 
  109  1110   109     6.085960E+00     2.376578E+00     3.365432E-01     5.894276E+00     1.000024E+04     1.000000E+00 
  110  1121   110     6.085956E+00     2.376578E+00     3.366340E-01     5.895499E+00     1.000024E+04     1.000000E+00 
  111  1132   111     6.085963E+00     2.376578E+00     3.368063E-01     5.897787E+00     1.000024E+04     1.000000E+00 
  112  1143   112     6.085959E+00     2.376578E+00     3.368928E-01     5.898946E+00     1.000024E+04     1.000000E+00 
  113  1154   113     6.085966E+00     2.376578E+00     3.370627E-01     5.901189E+00     1.000024E+04     1.000000E+00 
  114  1165   114     6.085964E+00     2.376578E+00     3.371505E-01     5.902401E+00     1.000024E+04     1.000000E+00 
  115  1176   115     6.085968E+00     2.376578E+00     3.373017E-01     5.904369E+00     1.000024E+04     1.000000E+00 
  116  1187   116     6.085968E+00     2.376578E+00     3.373974E-01     5.905705E+00     1.000024E+04     1.000000E+00 
  117  1198   117     6.085970E+00     2.376578E+00     3.375378E-01     5.907458E+00     1.000024E+04     1.000000E+00 
  118  1209   118     6.085972E+00     2.376578E+00     3.376345E-01     5.908893E+00     1.000024E+04     1.000000E+00 
  119  1220   119     6.085971E+00     2.376578E+00     3.377597E-01     5.910370E+00     1.000024E+04     1.000000E+00 
  120  1231   120     6.085975E+00     2.376578E+00     3.378593E-01     5.911921E+00     1.000024E+04     1.000000E+00 
  121  1242   121     6.085973E+00     2.376578E+00     3.379823E-01     5.913273E+00     1.000024E+04     1.000000E+00 
  122  1253   122     6.085977E+00     2.376578E+00     3.380725E-01     5.914777E+00     1.000024E+04     1.000000E+00 
  123  1264   123     6.085976E+00     2.376578E+00     3.381992E-01     5.916114E+00     1.000024E+04     1.000000E+00 
  124  1275   124     6.085981E+00     2.376578E+00     3.382856E-01     5.917658E+00     1.000024E+04     1.000000E+00 
  125  1286   125     6.085977E+00     2.376578E+00     3.384001E-01     5.918734E+00     1.000024E+04     1.000000E+00 
  126  1297   126     6.085983E+00     2.376578E+00     3.384868E-01     5.920391E+00     1.000024E+04     1.000000E+00 
  127  1308   127     6.085980E+00     2.376578E+00     3.386065E-01     5.921414E+00     1.000024E+04     1.000000E+00 
  128  1319   128     6.085986E+00     2.376578E+00     3.386857E-01     5.923074E+00     1.000024E+04     1.000000E+00 
  129  1330   129     6.085982E+00     2.376578E+00     3.387968E-01     5.923872E+00     1.000024E+04     1.000000E+00 
  130  1341   130     6.085989E+00     2.376578E+00     3.388757E-01     5.925644E+00     1.000024E+04     1.000000E+00 
  131  1352   131     6.085984E+00     2.376578E+00     3.389845E-01     5.926306E+00     1.000024E+04     1.000000E+00 
  132  1363   132     6.085991E+00     2.376578E+00     3.390589E-01     5.928138E+00     1.000024E+04     1.000000E+00 
  133  1374   133     6.085986E+00     2.376578E+00     3.391659E-01     5.928631E+00     1.000024E+04     1.000000E+00 
  134  1385   134     6.085993E+00     2.376578E+00     3.392301E-01     5.930469E+00     1.000024E+04     1.000000E+00 
  135  1396   135     6.085989E+00     2.376578E+00     3.393452E-01     5.930945E+00     1.000024E+04     1.000000E+00 
  136  1407   136     6.085994E+00     2.376578E+00     3.393985E-01     5.932757E+00     1.000024E+04     1.000000E+00 
  137  1418   137     6.085990E+00     2.376578E+00     3.395059E-01     5.933008E+00     1.000024E+04     1.000000E+00 
  138  1429   138     6.085996E+00     2.376578E+00     3.395656E-01     5.935011E+00     1.000024E+04     1.000000E+00 
  139  1440   139     6.085991E+00     2.376578E+00     3.396654E-01     5.935059E+00     1.000024E+04     1.000000E+00 
  140  1451   140     6.085996E+00     2.376578E+00     3.397135E-01     5.937008E+00     1.000024E+04     1.000000E+00 
  141  1462   141     6.085994E+00     2.376578E+00     3.398282E-01     5.937159E+00     1.000024E+04     1.000000E+00 
  142  1473   142     6.085996E+00     2.376578E+00     3.398600E-01     5.938982E+00     1.000024E+04     1.000000E+00 
  143  1484   143     6.085995E+00     2.376578E+00     3.399821E-01     5.939156E+00     1.000024E+04     1.000000E+00 
  144  1495   144     6.085996E+00     2.376578E+00     3.399951E-01     5.940789E+00     1.000024E+04     1.000000E+00 
  145  1506   145     6.085997E+00     2.376578E+00     3.401271E-01     5.941038E+00     1.000024E+04     1.000000E+00 
  146  1517   146     6.085997E+00     2.376578E+00     3.401354E-01     5.942671E+00     1.000024E+04     1.000000E+00 
  147  1528   147     6.085998E+00     2.376578E+00     3.402601E-01     5.942765E+00     1.000024E+04     1.000000E+00 
  148  1539   148     6.085998E+00     2.376578E+00     3.402747E-01     5.944528E+00     1.000024E+04     1.000000E+00 
  149  1550   149     6.086000E+00     2.376578E+00     3.403971E-01     5.944548E+00     1.000024E+04     1.000000E+00 
  150  1561   150     6.085999E+00     2.376578E+00     3.404053E-01     5.946275E+00     1.000024E+04     1.000000E+00 
  151  1572   151     6.086002E+00     2.376578E+00     3.405291E-01     5.946286E+00     1.000024E+04     1.000000E+00 
  152  1583   152     6.086000E+00     2.376578E+00     3.405321E-01     5.947944E+00     1.000024E+04     1.000000E+00 
  153  1594   153     6.086004E+00     2.376578E+00     3.406584E-01     5.947990E+00     1.000024E+04     1.000000E+00 
  154  1605   154     6.086002E+00     2.376578E+00     3.406594E-01     5.949634E+00     1.000024E+04     1.000000E+00 
  155  1616   155     6.086006E+00     2.376578E+00     3.407822E-01     5.949640E+00     1.000024E+04     1.000000E+00 
  156  1627   156     6.086004E+00     2.376578E+00     3.407795E-01     5.951225E+00     1.000024E+04     1.000000E+00 
  157  1638   157     6.086009E+00     2.376578E+00     3.409083E-01     5.951309E+00     1.000024E+04     1.000000E+00 
  158  1649   158     6.086005E+00     2.376578E+00     3.408966E-01     5.952756E+00     1.000024E+04     1.000000E+00 
  159  1660   159     6.086010E+00     2.376578E+00     3.410177E-01     5.952788E+00     1.000024E+04     1.000000E+00 
  160  1671   160     6.086007E+00     2.376578E+00     3.410069E-01     5.954196E+00     1.000024E+04     1.000000E+00 
  161  1682   161     6.086012E+00     2.376578E+00     3.411309E-01     5.954316E+00     1.000024E+04     1.000000E+00 
  162  1693   162     6.086007E+00     2.376578E+00     3.411130E-01     5.955583E+00     1.000024E+04     1.000000E+00 
  163  1704   163     6.086011E+00     2.376578E+00     3.412258E-01     5.955615E+00     1.000024E+04     1.000000E+00 
  164  1715   164     6.086008E+00     2.376578E+00     3.412149E-01     5.956890E+00     1.000024E+04     1.000000E+00 
  165  1726   165     6.086011E+00     2.376578E+00     3.413172E-01     5.956870E+00     1.000024E+04     1.000000E+00 
  166  1737   166     6.086008E+00     2.376578E+00     3.413099E-01     5.958089E+00     1.000024E+04     1.000000E+00 
  167  1748   167     6.086009E+00     2.376578E+00     3.414003E-01     5.958017E+00     1.000024E+04     1.000000E+00 
  168  1759   168     6.086006E+00     2.376578E+00     3.413932E-01     5.959144E+00     1.000024E+04     1.000000E+00 
  169  1770   169     6.086007E+00     2.376578E+00     3.414777E-01     5.959073E+00     1.000024E+04     1.000000E+00 
  170  1781   170     6.086006E+00     2.376578E+00     3.414872E-01     5.960347E+00     1.000024E+04     1.000000E+00 
  171  1792   171     6.086004E+00     2.376578E+00     3.415451E-01     5.959994E+00     1.000024E+04     1.000000E+00 
  172  1803   172     6.086004E+00     2.376578E+00     3.415599E-01     5.961239E+00     1.000024E+04     1.000000E+00 
  173  1814   173     6.086002E+00     2.376578E+00     3.416238E-01     5.961081E+00     1.000024E+04     1.000000E+00 
  174  1825   174     6.086002E+00     2.376578E+00     3.416312E-01     5.962137E+00     1.000024E+04     1.000000E+00 
  175  1836   175     6.086000E+00     2.376578E+00     3.416885E-01     5.961972E+00     1.000024E+04     1.000000E+00 
  176  1847   176     6.086001E+00     2.376578E+00     3.417029E-01     5.963082E+00     1.000024E+04     1.000000E+00 
  177  1858   177     6.085998E+00     2.376578E+00     3.417595E-01     5.962914E+00     1.000024E+04     1.000000E+00 
  178  1869   178     6.086001E+00     2.376578E+00     3.417749E-01     5.964010E+00     1.000024E+04     1.000000E+00 
  179  1880   179     6.085996E+00     2.376578E+00     3.418218E-01     5.963741E+00     1.000024E+04     1.000000E+00 
  180  1891   180     6.086000E+00     2.376578E+00     3.418442E-01     5.964941E+00     1.000024E+04     1.000000E+00 
  181  1902   181     6.085996E+00     2.376578E+00     3.418971E-01     5.964738E+00     1.000024E+04     1.000000E+00 
  182  1913   182     6.086000E+00     2.376578E+00     3.419153E-01     5.965872E+00     1.000024E+04     1.000000E+00 
  183  1924   183     6.085995E+00     2.376578E+00     3.419612E-01     5.965572E+00     1.000024E+04     1.000000E+00 
  184  1935   184     6.086001E+00     2.376578E+00     3.419848E-01     5.966812E+00     1.000024E+04     1.000000E+00 
  185  1946   185     6.085996E+00     2.376578E+00     3.420297E-01     5.966463E+00     1.000024E+04     1.000000E+00 
  186  1957   186     6.086003E+00     2.376578E+00     3.420605E-01     5.967839E+00     1.000024E+04     1.000000E+00 
  187  1968   187     6.085996E+00     2.376578E+00     3.420964E-01     5.967317E+00     1.000024E+04     1.000000E+00 
  188  1979   188     6.086004E+00     2.376578E+00     3.421238E-01     5.968720E+00     1.000024E+04     1.000000E+00 
  189  1990   189     6.085999E+00     2.376578E+00     3.421777E-01     5.968370E+00     1.000024E+04     1.000000E+00 
  190  2001   190     6.086006E+00     2.376578E+00     3.421904E-01     5.969637E+00     1.000024E+04     1.000000E+00 
  191  2012   191     6.086001E+00     2.376578E+00     3.422485E-01     5.969264E+00     1.000024E+04     1.000000E+00 
  192  2023   192     6.086008E+00     2.376578E+00     3.422569E-01     5.970555E+00     1.000024E+04     1.000000E+00 
  193  2034   193     6.086002E+00     2.376578E+00     3.423161E-01     5.970106E+00     1.000024E+04     1.000000E+00 
  194  2045   194     6.086009E+00     2.376578E+00     3.423181E-01     5.971428E+00     1.000024E+04     1.000000E+00 
  195  2056   195     6.086005E+00     2.376578E+00     3.423837E-01     5.970952E+00     1.000024E+04     1.000000E+00 
  196  2067   196     6.086011E+00     2.376578E+00     3.423805E-01     5.972315E+00     1.000024E+04     1.000000E+00 
  197  2078   197     6.086006E+00     2.376578E+00     3.424471E-01     5.971740E+00     1.000024E+04     1.000000E+00 
  198  2089   198     6.086011E+00     2.376578E+00     3.424344E-01     5.973067E+00     1.000024E+04     1.000000E+00 
  199  2100   199     6.086008E+00     2.376578E+00     3.425092E-01     5.972508E+00     1.000024E+04     1.000000E+00 
  200  2111   200     6.086012E+00     2.376578E+00     3.424894E-01     5.973831E+00     1.000024E+04     1.000000E+00 
  201  2122   201     6.086009E+00     2.376578E+00     3.425669E-01     5.973230E+00     1.000024E+04     1.000000E+00 
  202  2133   202     6.086012E+00     2.376578E+00     3.425362E-01     5.974492E+00     1.000024E+04     1.000000E+00 
  203  2144   203     6.086010E+00     2.376578E+00     3.426192E-01     5.973866E+00     1.000024E+04     1.000000E+00 
  204  2155   204     6.086011E+00     2.376578E+00     3.425814E-01     5.975141E+00     1.000024E+04     1.000000E+00 
  205  2166   205     6.086010E+00     2.376578E+00     3.426646E-01     5.974415E+00     1.000024E+04     1.000000E+00 
  206  2177   206     6.086010E+00     2.376578E+00     3.426192E-01     5.975671E+00     1.000024E+04     1.000000E+00 
  207  2188   207     6.086010E+00     2.376578E+00     3.427097E-01     5.974990E+00     1.000024E+04     1.000000E+00 
  208  2199   208     6.086009E+00     2.376578E+00     3.426604E-01     5.976265E+00     1.000024E+04     1.000000E+00 
  209  2210   209     6.086010E+00     2.376578E+00     3.427519E-01     5.975500E+00     1.000024E+04     1.000000E+00 
  210  2221   210     6.086009E+00     2.376578E+00     3.427004E-01     5.976821E+00     1.000024E+04     1.000000E+00 
  211  2232   211     6.086009E+00     2.376578E+00     3.427855E-01     5.975894E+00     1.000024E+04     1.000000E+00 
  212  2243   212     6.086008E+00     2.376578E+00     3.427370E-01     5.977349E+00     1.000024E+04     1.000000E+00 
  213  2254   213     6.086009E+00     2.376578E+00     3.428274E-01     5.976431E+00     1.000024E+04     1.000000E+00 
  214  2265   214     6.086008E+00     2.376578E+00     3.427814E-01     5.977971E+00     1.000024E+04     1.000000E+00 
  215  2276   215     6.086010E+00     2.376578E+00     3.428690E-01     5.976956E+00     1.000024E+04     1.000000E+00 
  216  2287   216     6.086008E+00     2.376578E+00     3.428157E-01     5.978445E+00     1.000024E+04     1.000000E+00 
  217  2298   217     6.086010E+00     2.376578E+00     3.429029E-01     5.977389E+00     1.000024E+04     1.000000E+00 
  218  2309   218     6.086010E+00     2.376578E+00     3.428643E-01     5.979134E+00     1.000024E+04     1.000000E+00 
  219  2320   219     6.086011E+00     2.376578E+00     3.429401E-01     5.977859E+00     1.000024E+04     1.000000E+00 
  220  2331   220     6.086011E+00     2.376578E+00     3.429049E-01     5.979698E+00     1.000024E+04     1.000000E+00 
  221  2342   221     6.086012E+00     2.376578E+00     3.429774E-01     5.978339E+00     1.000024E+04     1.000000E+00 
  222  2353   222     6.086012E+00     2.376578E+00     3.429475E-01     5.980284E+00     1.000024E+04     1.000000E+00 
  223  2364   223     6.086013E+00     2.376578E+00     3.430179E-01     5.978871E+00     1.000024E+04     1.000000E+00 
  224  2375   224     6.086014E+00     2.376578E+00     3.429891E-01     5.980864E+00     1.000024E+04     1.000000E+00 
  225  2386   225     6.086013E+00     2.376578E+00     3.430488E-01     5.979259E+00     1.000024E+04     1.000000E+00 
  226  2397   226     6.086015E+00     2.376578E+00     3.430288E-01     5.981420E+00     1.000024E+04     1.000000E+00 
  227  2408   227     6.086014E+00     2.376578E+00     3.430809E-01     5.979662E+00     1.000024E+04     1.000000E+00 
  228  2419   228     6.086017E+00     2.376578E+00     3.430675E-01     5.981966E+00     1.000024E+04     1.000000E+00 
  229  2430   229     6.086013E+00     2.376578E+00     3.431101E-01     5.980033E+00     1.000024E+04     1.000000E+00 
  230  2441   230     6.086017E+00     2.376578E+00     3.430971E-01     5.982362E+00     1.000024E+04     1.000000E+00 
  231  2452   231     6.086012E+00     2.376578E+00     3.431321E-01     5.980281E+00     1.000024E+04     1.000000E+00 
  232  2463   232     6.086017E+00     2.376578E+00     3.431295E-01     5.982815E+00     1.000024E+04     1.000000E+00 
  233  2474   233     6.086011E+00     2.376578E+00     3.431533E-01     5.980559E+00     1.000024E+04     1.000000E+00 
  234  2485   234     6.086017E+00     2.376578E+00     3.431538E-01     5.983143E+00     1.000024E+04     1.000000E+00 
  235  2496   235     6.086009E+00     2.376578E+00     3.431736E-01     5.980808E+00     1.000024E+04     1.000000E+00 
  236  2507   236     6.086016E+00     2.376578E+00     3.431738E-01     5.983413E+00     1.000024E+04     1.000000E+00 
  237  2518   237     6.086008E+00     2.376578E+00     3.431932E-01     5.981056E+00     1.000024E+04     1.000000E+00 
  238  2529   238     6.086015E+00     2.376578E+00     3.431929E-01     5.983680E+00     1.000024E+04     1.000000E+00 
  239  2540   239     6.086005E+00     2.376578E+00     3.432077E-01     5.981218E+00     1.000024E+04     1.000000E+00 
  240  2551   240     6.086015E+00     2.376578E+00     3.432147E-01     5.984026E+00     1.000024E+04     1.000000E+00 
  241  2562   241     6.086004E+00     2.376578E+00     3.432269E-01     5.981421E+00     1.000024E+04     1.000000E+00 
  242  2573   242     6.086014E+00     2.376578E+00     3.432288E-01     5.984242E+00     1.000024E+04     1.000000E+00 
  243  2584   243     6.086004E+00     2.376578E+00     3.432546E-01     5.981755E+00     1.000024E+04     1.000000E+00 
  244  2595   244     6.086014E+00     2.376578E+00     3.432458E-01     5.984508E+00     1.000024E+04     1.000000E+00 
  245  2606   245     6.086003E+00     2.376578E+00     3.432740E-01     5.981965E+00     1.000024E+04     1.000000E+00 
  246  2617   246     6.086015E+00     2.376578E+00     3.432667E-01     5.984845E+00     1.000024E+04     1.000000E+00 
  247  2628   247     6.086004E+00     2.376578E+00     3.433025E-01     5.982282E+00     1.000024E+04     1.000000E+00 
  248  2639   248     6.086015E+00     2.376578E+00     3.432815E-01     5.985112E+00     1.000024E+04     1.000000E+00 
  249  2650   249     6.086004E+00     2.376578E+00     3.433304E-01     5.982590E+00     1.000024E+04     1.000000E+00 
  250  2661   250     6.086016E+00     2.376578E+00     3.432982E-01     5.985402E+00     1.000024E+04     1.000000E+00 
  251  2672   251     6.086006E+00     2.376578E+00     3.433671E-01     5.983005E+00     1.000024E+04     1.000000E+00 
  252  2683   252     6.086017E+00     2.376578E+00     3.433187E-01     5.985771E+00     1.000024E+04     1.000000E+00 
  253  2694   253     6.086007E+00     2.376578E+00     3.433950E-01     5.983288E+00     1.000024E+04     1.000000E+00 
  254  2705   254     6.086018E+00     2.376578E+00     3.433357E-01     5.986064E+00     1.000024E+04     1.000000E+00 
  255  2716   255     6.086009E+00     2.376578E+00     3.434295E-01     5.983689E+00     1.000024E+04     1.000000E+00 
  256  2727   256     6.086018E+00     2.376578E+00     3.433433E-01     5.986221E+00     1.000024E+04     1.000000E+00 
  257  2738   257     6.086011E+00     2.376578E+00     3.434649E-01     5.984096E+00     1.000024E+04     1.000000E+00 
  258  2749   258     6.086018E+00     2.376578E+00     3.433535E-01     5.986436E+00     1.000024E+04     1.000000E+00 
  259  2760   259     6.086012E+00     2.376578E+00     3.434926E-01     5.984398E+00     1.000024E+04     1.000000E+00 
  260  2771   260     6.086018E+00     2.376578E+00     3.433654E-01     5.986637E+00     1.000024E+04     1.000000E+00 
  261  2782   261     6.086013E+00     2.376578E+00     3.435216E-01     5.984747E+00     1.000024E+04     1.000000E+00 
  262  2793   262     6.086016E+00     2.376578E+00     3.433649E-01     5.986653E+00     1.000024E+04     1.000000E+00 
  263  2804   263     6.086013E+00     2.376578E+00     3.435442E-01     5.985004E+00     1.000024E+04     1.000000E+00 
  264  2815   264     6.086015E+00     2.376578E+00     3.433697E-01     5.986745E+00     1.000024E+04     1.000000E+00 
  265  2826   265     6.086013E+00     2.376578E+00     3.435634E-01     5.985240E+00     1.000024E+04     1.000000E+00 
  266  2837   266     6.086013E+00     2.376578E+00     3.433717E-01     5.986745E+00     1.000024E+04     1.000000E+00 
  267  2848   267     6.086013E+00     2.376578E+00     3.435805E-01     5.985449E+00     1.000024E+04     1.000000E+00 
  268  2859   268     6.086011E+00     2.376578E+00     3.433728E-01     5.986756E+00     1.000024E+04     1.000000E+00 
  269  2870   269     6.086013E+00     2.376578E+00     3.435993E-01     5.985707E+00     1.000024E+04     1.000000E+00 
  270  2881   270     6.086009E+00     2.376578E+00     3.433741E-01     5.986740E+00     1.000024E+04     1.000000E+00 
  271  2892   271     6.086012E+00     2.376578E+00     3.436105E-01     5.985871E+00     1.000024E+04     1.000000E+00 
  272  2903   272     6.086008E+00     2.376578E+00     3.433774E-01     5.986753E+00     1.000024E+04     1.000000E+00 
  273  2914   273     6.086012E+00     2.376578E+00     3.436286E-01     5.986125E+00     1.000024E+04     1.000000E+00 
  274  2925   274     6.086007E+00     2.376578E+00     3.433861E-01     5.986848E+00     1.000024E+04     1.000000E+00 
  275  2936   275     6.086012E+00     2.376578E+00     3.436418E-01     5.986337E+00     1.000024E+04     1.000000E+00 
  276  2947   276     6.086007E+00     2.376578E+00     3.433961E-01     5.986940E+00     1.000024E+04     1.000000E+00 
  277  2958   277     6.086013E+00     2.376578E+00     3.436588E-01     5.986571E+00     1.000024E+04     1.000000E+00 
  278  2969   278     6.086006E+00     2.376578E+00     3.434016E-01     5.987008E+00     1.000024E+04     1.000000E+00 
  279  2980   279     6.086014E+00     2.376578E+00     3.436726E-01     5.986778E+00     1.000024E+04     1.000000E+00 
  280  2991   280     6.086007E+00     2.376578E+00     3.434178E-01     5.987191E+00     1.000024E+04     1.000000E+00 
  281  3002   281     6.086014E+00     2.376578E+00     3.436871E-01     5.986988E+00     1.000024E+04     1.000000E+00 
  282  3013   282     6.086007E+00     2.376578E+00     3.434321E-01     5.987383E+00     1.000024E+04     1.000000E+00 
  283  3024   283     6.086015E+00     2.376578E+00     3.436991E-01     5.987176E+00     1.000024E+04     1.000000E+00 
  284  3035   284     6.086008E+00     2.376578E+00     3.434442E-01     5.987496E+00     1.000024E+04     1.000000E+00 
  285  3046   285     6.086015E+00     2.376578E+00     3.437101E-01     5.987337E+00     1.000024E+04     1.000000E+00 
  286  3057   286     6.086008E+00     2.376578E+00     3.434580E-01     5.987663E+00     1.000024E+04     1.000000E+00 
  287  3068   287     6.086016E+00     2.376578E+00     3.437242E-01     5.987561E+00     1.000024E+04     1.000000E+00 
  288  3079   288     6.086008E+00     2.376578E+00     3.434689E-01     5.987781E+00     1.000024E+04     1.000000E+00 
  289  3090   289     6.086014E+00     2.376578E+00     3.437212E-01     5.987540E+00     1.000024E+04     1.000000E+00 
  290  3101   290     6.086008E+00     2.376578E+00     3.434819E-01     5.987919E+00     1.000024E+04     1.000000E+00 
  291  3112   291     6.086013E+00     2.376578E+00     3.437240E-01     5.987598E+00     1.000024E+04     1.000000E+00 
  292  3123   292     6.086008E+00     2.376578E+00     3.434944E-01     5.988067E+00     1.000024E+04     1.000000E+00 
  293  3134   293     6.086012E+00     2.376578E+00     3.437232E-01     5.987614E+00     1.000024E+04     1.000000E+00 
  294  3145   294     6.086007E+00     2.376578E+00     3.435014E-01     5.988138E+00     1.000024E+04     1.000000E+00 
  295  3156   295     6.086011E+00     2.376578E+00     3.437219E-01     5.987591E+00     1.000024E+04     1.000000E+00 
  296  3167   296     6.086006E+00     2.376578E+00     3.435097E-01     5.988228E+00     1.000024E+04     1.000000E+00 
  297  3178   297     6.086010E+00     2.376578E+00     3.437236E-01     5.987597E+00     1.000024E+04     1.000000E+00 
  298  3189   298     6.086006E+00     2.376578E+00     3.435175E-01     5.988350E+00     1.000024E+04     1.000000E+00 
  299  3200   299     6.086007E+00     2.376578E+00     3.437163E-01     5.987481E+00     1.000024E+04     1.000000E+00 
  300  3211   300     6.086006E+00     2.376578E+00     3.435287E-01     5.988522E+00     1.000024E+04     1.000000E+00 
  301  3222   301     6.086007E+00     2.376578E+00     3.437194E-01     5.987494E+00     1.000024E+04     1.000000E+00 
  302  3233   302     6.086005E+00     2.376578E+00     3.435339E-01     5.988630E+00     1.000024E+04     1.000000E+00 
  303  3244   303     6.086006E+00     2.376578E+00     3.437256E-01     5.987521E+00     1.000024E+04     1.000000E+00 
  304  3255   304     6.086007E+00     2.376578E+00     3.435517E-01     5.988906E+00     1.000024E+04     1.000000E+00 
  305  3266   305     6.086006E+00     2.376578E+00     3.437319E-01     5.987536E+00     1.000024E+04     1.000000E+00 
  306  3277   306     6.086007E+00     2.376578E+00     3.435579E-01     5.989083E+00     1.000024E+04     1.000000E+00 
  307  3288   307     6.086007E+00     2.376578E+00     3.437465E-01     5.987628E+00     1.000024E+04     1.000000E+00 
  308  3299   308     6.086009E+00     2.376578E+00     3.435716E-01     5.989353E+00     1.000024E+04     1.000000E+00 
  309  3310   309     6.086010E+00     2.376578E+00     3.437723E-01     5.987867E+00     1.000024E+04     1.000000E+00 
  310  3321   310     6.086011E+00     2.376578E+00     3.435851E-01     5.989631E+00     1.000024E+04     1.000000E+00 
  311  3332   311     6.086012E+00     2.376578E+00     3.437848E-01     5.987934E+00     1.000024E+04     1.000000E+00 
  312  3343   312     6.086013E+00     2.376578E+00     3.436005E-01     5.989947E+00     1.000024E+04     1.000000E+00 
  313  3354   313     6.086015E+00     2.376578E+00     3.438149E-01     5.988237E+00     1.000024E+04     1.000000E+00 
  314  3365   314     6.086016E+00     2.376578E+00     3.436190E-01     5.990305E+00     1.000024E+04     1.000000E+00 
  315  3376   315     6.086018E+00     2.376578E+00     3.438370E-01     5.988422E+00     1.000024E+04     1.000000E+00 
  316  3387   316     6.086017E+00     2.376578E+00     3.436267E-01     5.990494E+00     1.000024E+04     1.000000E+00 
  317  3398   317     6.086020E+00     2.376578E+00     3.438586E-01     5.988642E+00     1.000024E+04     1.000000E+00 
  318  3409   318     6.086018E+00     2.376578E+00     3.436373E-01     5.990707E+00     1.000024E+04     1.000000E+00 
  319  3420   319     6.086022E+00     2.376578E+00     3.438740E-01     5.988836E+00     1.000024E+04     1.000000E+00 
  320  3431   320     6.086019E+00     2.376578E+00     3.436445E-01     5.990836E+00     1.000024E+04     1.000000E+00 
  321  3442   321     6.086022E+00     2.376578E+00     3.438834E-01     5.988957E+00     1.000024E+04     1.000000E+00 
  322  3453   322     6.086017E+00     2.376578E+00     3.436441E-01     5.990804E+00     1.000024E+04     1.000000E+00 
  323  3464   323     6.086022E+00     2.376578E+00     3.438862E-01     5.989064E+00     1.000024E+04     1.000000E+00 
  324  3475   324     6.086016E+00     2.376578E+00     3.436418E-01     5.990730E+00     1.000024E+04     1.000000E+00 
  325  3486   325     6.086021E+00     2.376578E+00     3.438844E-01     5.989112E+00     1.000024E+04     1.000000E+00 
  326  3497   326     6.086014E+00     2.376578E+00     3.436405E-01     5.990647E+00     1.000024E+04     1.000000E+00 
  327  3508   327     6.086017E+00     2.376578E+00     3.438662E-01     5.988982E+00     1.000024E+04     1.000000E+00 
  328  3519   328     6.086011E+00     2.376578E+00     3.436308E-01     5.990429E+00     1.000024E+04     1.000000E+00 
  329  3530   329     6.086015E+00     2.376578E+00     3.438557E-01     5.988961E+00     1.000024E+04     1.000000E+00 
  330  3541   330     6.086008E+00     2.376578E+00     3.436218E-01     5.990192E+00     1.000024E+04     1.000000E+00 
  331  3552   331     6.086013E+00     2.376578E+00     3.438472E-01     5.988983E+00     1.000024E+04     1.000000E+00 
  332  3563   332     6.086005E+00     2.376578E+00     3.436151E-01     5.989983E+00     1.000024E+04     1.000000E+00 
  333  3574   333     6.086012E+00     2.376578E+00     3.438426E-01     5.989079E+00     1.000024E+04     1.000000E+00 
  334  3585   334     6.086004E+00     2.376578E+00     3.436123E-01     5.989826E+00     1.000024E+04     1.000000E+00 
  335  3596   335     6.086010E+00     2.376578E+00     3.438298E-01     5.989029E+00     1.000024E+04     1.000000E+00 
  336  3607   336     6.086003E+00     2.376578E+00     3.436142E-01     5.989743E+00     1.000024E+04     1.000000E+00 
  337  3618   337     6.086010E+00     2.376578E+00     3.438311E-01     5.989185E+00     1.000024E+04     1.000000E+00 
  338  3629   338     6.086002E+00     2.376578E+00     3.436165E-01     5.989669E+00     1.000024E+04     1.000000E+00 
  339  3640   339     6.086010E+00     2.376578E+00     3.438323E-01     5.989317E+00     1.000024E+04     1.000000E+00 
  340  3651   340     6.086004E+00     2.376578E+00     3.436332E-01     5.989798E+00     1.000024E+04     1.000000E+00 
  341  3662   341     6.086010E+00     2.376578E+00     3.438300E-01     5.989396E+00     1.000024E+04     1.000000E+00 
  342  3673   342     6.086005E+00     2.376578E+00     3.436434E-01     5.989829E+00     1.000024E+04     1.000000E+00 
  343  3684   343     6.086011E+00     2.376578E+00     3.438407E-01     5.989653E+00     1.000024E+04     1.000000E+00 
  344  3695   344     6.086006E+00     2.376578E+00     3.436547E-01     5.989900E+00     1.000024E+04     1.000000E+00 
  345  3706   345     6.086013E+00     2.376578E+00     3.438506E-01     5.989901E+00     1.000024E+04     1.000000E+00 
  346  3717   346     6.086008E+00     2.376578E+00     3.436707E-01     5.990020E+00     1.000024E+04     1.000000E+00 
  347  3728   347     6.086014E+00     2.376578E+00     3.438553E-01     5.990064E+00     1.000024E+04     1.000000E+00 
  348  3739   348     6.086010E+00     2.376578E+00     3.436869E-01     5.990133E+00     1.000024E+04     1.000000E+00 
  349  3750   349     6.086015E+00     2.376578E+00     3.438575E-01     5.990220E+00     1.000024E+04     1.000000E+00 
  350  3761   350     6.086013E+00     2.376578E+00     3.437109E-01     5.990336E+00     1.000024E+04     1.000000E+00 
  351  3772   351     6.086015E+00     2.376578E+00     3.438563E-01     5.990319E+00     1.000024E+04     1.000000E+00 
  352  3783   352     6.086013E+00     2.376578E+00     3.437201E-01     5.990354E+00     1.000024E+04     1.000000E+00 
  353  3794   353     6.086015E+00     2.376578E+00     3.438535E-01     5.990400E+00     1.000024E+04     1.000000E+00 
  354  3805   354     6.086014E+00     2.376578E+00     3.437349E-01     5.990425E+00     1.000024E+04     1.000000E+00 
  355  3816   355     6.086014E+00     2.376578E+00     3.438393E-01     5.990328E+00     1.000024E+04     1.000000E+00 
  356  3827   356     6.086013E+00     2.376578E+00     3.437402E-01     5.990387E+00     1.000024E+04     1.000000E+00 
  357  3838   357     6.086013E+00     2.376578E+00     3.438283E-01     5.990305E+00     1.000024E+04     1.000000E+00 
  358  3849   358     6.086013E+00     2.376578E+00     3.437542E-01     5.990442E+00     1.000024E+04     1.000000E+00 
  359  3860   359     6.086010E+00     2.376578E+00     3.438101E-01     5.990152E+00     1.000024E+04     1.000000E+00 
  360  3871   360     6.086011E+00     2.376578E+00     3.437544E-01     5.990352E+00     1.000024E+04     1.000000E+00 
  361  3882   361     6.086007E+00     2.376578E+00     3.437885E-01     5.989971E+00     1.000024E+04     1.000000E+00 
  362  3893   362     6.086010E+00     2.376578E+00     3.437599E-01     5.990317E+00     1.000024E+04     1.000000E+00 
  363  3904   363     6.086005E+00     2.376578E+00     3.437722E-01     5.989853E+00     1.000024E+04     1.000000E+00 
  364  3915   364     6.086009E+00     2.376578E+00     3.437613E-01     5.990234E+00     1.000024E+04     1.000000E+00 
  365  3926   365     6.086004E+00     2.376578E+00     3.437594E-01     5.989777E+00     1.000024E+04     1.000000E+00 
  366  3937   366     6.086007E+00     2.376578E+00     3.437647E-01     5.990190E+00     1.000024E+04     1.000000E+00 
  367  3948   367     6.086003E+00     2.376578E+00     3.437470E-01     5.989659E+00     1.000024E+04     1.000000E+00 
  368  3959   368     6.086007E+00     2.376578E+00     3.437714E-01     5.990220E+00     1.000024E+04     1.000000E+00 
  369  3970   369     6.086002E+00     2.376578E+00     3.437336E-01     5.989543E+00     1.000024E+04     1.000000E+00 
  370  3981   370     6.086007E+00     2.376578E+00     3.437849E-01     5.990333E+00     1.000024E+04     1.000000E+00 
  371  3992   371     6.086002E+00     2.376578E+00     3.437321E-01     5.989578E+00     1.000024E+04     1.000000E+00 
  372  4003   372     6.086007E+00     2.376578E+00     3.437930E-01     5.990371E+00     1.000024E+04     1.000000E+00 
  373  4014   373     6.086003E+00     2.376578E+00     3.437306E-01     5.989628E+00     1.000024E+04     1.000000E+00 
  374  4025   374     6.086008E+00     2.376578E+00     3.438020E-01     5.990440E+00     1.000024E+04     1.000000E+00 
  375  4036   375     6.086004E+00     2.376578E+00     3.437331E-01     5.989704E+00     1.000024E+04     1.000000E+00 
  376  4047   376     6.086009E+00     2.376578E+00     3.438199E-01     5.990655E+00     1.000024E+04     1.000000E+00 
  377  4058   377     6.086006E+00     2.376578E+00     3.437405E-01     5.989835E+00     1.000024E+04     1.000000E+00 
  378  4069   378     6.086011E+00     2.376578E+00     3.438363E-01     5.990824E+00     1.000024E+04     1.000000E+00 
  379  4080   379     6.086008E+00     2.376578E+00     3.437439E-01     5.989898E+00     1.000024E+04     1.000000E+00 
  380  4091   380     6.086013E+00     2.376578E+00     3.438511E-01     5.991020E+00     1.000024E+04     1.000000E+00 
  381  4102   381     6.086010E+00     2.376578E+00     3.437534E-01     5.990048E+00     1.000024E+04     1.000000E+00 
  382  4113   382     6.086013E+00     2.376578E+00     3.438600E-01     5.991116E+00     1.000024E+04     1.000000E+00 
  383  4124   383     6.086012E+00     2.376578E+00     3.437628E-01     5.990175E+00     1.000024E+04     1.000000E+00 
  384  4135   384     6.086015E+00     2.376578E+00     3.438694E-01     5.991232E+00     1.000024E+04     1.000000E+00 
  385  4146   385     6.086013E+00     2.376578E+00     3.437629E-01     5.990168E+00     1.000024E+04     1.000000E+00 
  386  4157   386     6.086015E+00     2.376578E+00     3.438719E-01     5.991263E+00     1.000024E+04     1.000000E+00 
  387  4168   387     6.086014E+00     2.376578E+00     3.437738E-01     5.990308E+00     1.000024E+04     1.000000E+00 
  388  4179   388     6.086014E+00     2.376578E+00     3.438726E-01     5.991281E+00     1.000024E+04     1.000000E+00 
  389  4190   389     6.086014E+00     2.376578E+00     3.437724E-01     5.990270E+00     1.000024E+04     1.000000E+00 
  390  4201   390     6.086012E+00     2.376578E+00     3.438615E-01     5.991146E+00     1.000024E+04     1.000000E+00 
  391  4212   391     6.086013E+00     2.376578E+00     3.437754E-01     5.990290E+00     1.000024E+04     1.000000E+00 
  392  4223   392     6.086011E+00     2.376578E+00     3.438560E-01     5.991096E+00     1.000024E+04     1.000000E+00 
  393  4234   393     6.086012E+00     2.376578E+00     3.437703E-01     5.990224E+00     1.000024E+04     1.000000E+00 
  394  4245   394     6.086008E+00     2.376578E+00     3.438388E-01     5.990866E+00     1.000024E+04     1.000000E+00 
  395  4256   395     6.086011E+00     2.376578E+00     3.437681E-01     5.990192E+00     1.000024E+04     1.000000E+00 
  396  4267   396     6.086007E+00     2.376578E+00     3.438292E-01     5.990761E+00     1.000024E+04     1.000000E+00 
  397  4278   397     6.086009E+00     2.376578E+00     3.437676E-01     5.990169E+00     1.000024E+04     1.000000E+00 
  398  4289   398     6.086005E+00     2.376578E+00     3.438185E-01     5.990631E+00     1.000024E+04     1.000000E+00 
  399  4300   399     6.086007E+00     2.376578E+00     3.437607E-01     5.990076E+00     1.000024E+04     1.000000E+00 
  400  4311   400     6.086004E+00     2.376578E+00     3.438063E-01     5.990496E+00     1.000024E+04     1.000000E+00 
  401  4322   401     6.086007E+00     2.376578E+00     3.437624E-01     5.990087E+00     1.000024E+04     1.000000E+00 
  402  4333   402     6.086003E+00     2.376578E+00     3.437960E-01     5.990360E+00     1.000024E+04     1.000000E+00 
  403  4344   403     6.086007E+00     2.376578E+00     3.437706E-01     5.990213E+00     1.000024E+04     1.000000E+00 
  404  4355   404     6.086003E+00     2.376578E+00     3.437918E-01     5.990313E+00     1.000024E+04     1.000000E+00 
  405  4366   405     6.086006E+00     2.376578E+00     3.437718E-01     5.990227E+00     1.000024E+04     1.000000E+00 
  406  4377   406     6.086004E+00     2.376578E+00     3.437935E-01     5.990362E+00     1.000024E+04     1.000000E+00 
  407  4388   407     6.086007E+00     2.376578E+00     3.437803E-01     5.990347E+00     1.000024E+04     1.000000E+00 
  408  4399   408     6.086005E+00     2.376578E+00     3.437895E-01     5.990330E+00     1.000024E+04     1.000000E+00 
  409  4410   409     6.086007E+00     2.376578E+00     3.437838E-01     5.990393E+00     1.000024E+04     1.000000E+00 
  410  4421   410     6.086007E+00     2.376578E+00     3.437962E-01     5.990447E+00     1.000024E+04     1.000000E+00 
  411  4432   411     6.086008E+00     2.376578E+00     3.437941E-01     5.990529E+00     1.000024E+04     1.000000E+00 
  412  4443   412     6.086008E+00     2.376578E+00     3.438002E-01     5.990520E+00     1.000024E+04     1.000000E+00 
  413  4454   413     6.086008E+00     2.376578E+00     3.438023E-01     5.990653E+00     1.000024E+04     1.000000E+00 
  414  4465   414     6.086009E+00     2.376578E+00     3.438007E-01     5.990517E+00     1.000024E+04     1.000000E+00 
  415  4476   415     6.086010E+00     2.376578E+00     3.438154E-01     5.990831E+00     1.000024E+04     1.000000E+00 
  416  4487   416     6.086010E+00     2.376578E+00     3.438020E-01     5.990522E+00     1.000024E+04     1.000000E+00 
  417  4498   417     6.086010E+00     2.376578E+00     3.438182E-01     5.990886E+00     1.000024E+04     1.000000E+00 
  418  4509   418     6.086012E+00     2.376578E+00     3.438077E-01     5.990604E+00     1.000024E+04     1.000000E+00 
  419  4520   419     6.086009E+00     2.376578E+00     3.438187E-01     5.990890E+00     1.000024E+04     1.000000E+00 
  420  4531   420     6.086013E+00     2.376578E+00     3.438110E-01     5.990643E+00     1.000024E+04     1.000000E+00 
  421  4542   421     6.086009E+00     2.376578E+00     3.438229E-01     5.990927E+00     1.000024E+04     1.000000E+00 
  422  4553   422     6.086012E+00     2.376578E+00     3.438010E-01     5.990510E+00     1.000024E+04     1.000000E+00 
  423  4564   423     6.086009E+00     2.376578E+00     3.438287E-01     5.990992E+00     1.000024E+04     1.000000E+00 
  424  4575   424     6.086011E+00     2.376578E+00     3.437949E-01     5.990426E+00     1.000024E+04     1.000000E+00 
  425  4586   425     6.086008E+00     2.376578E+00     3.438269E-01     5.990943E+00     1.000024E+04     1.000000E+00 
  426  4597   426     6.086011E+00     2.376578E+00     3.437927E-01     5.990397E+00     1.000024E+04     1.000000E+00 
  427  4608   427     6.086006E+00     2.376578E+00     3.438206E-01     5.990825E+00     1.000024E+04     1.000000E+00 
  428  4619   428     6.086010E+00     2.376578E+00     3.437928E-01     5.990387E+00     1.000024E+04     1.000000E+00 
  429  4630   429     6.086005E+00     2.376578E+00     3.438208E-01     5.990807E+00     1.000024E+04     1.000000E+00 
  430  4641   430     6.086009E+00     2.376578E+00     3.437861E-01     5.990317E+00     1.000024E+04     1.000000E+00 
  431  4652   431     6.086005E+00     2.376578E+00     3.438198E-01     5.990746E+00     1.000024E+04     1.000000E+00 
  432  4663   432     6.086009E+00     2.376578E+00     3.437852E-01     5.990304E+00     1.000024E+04     1.000000E+00 
  433  4674   433     6.086005E+00     2.376578E+00     3.438225E-01     5.990757E+00     1.000024E+04     1.000000E+00 
  434  4685   434     6.086009E+00     2.376578E+00     3.437822E-01     5.990263E+00     1.000024E+04     1.000000E+00 
  435  4696   435     6.086005E+00     2.376578E+00     3.438269E-01     5.990786E+00     1.000024E+04     1.000000E+00 
  436  4707   436     6.086009E+00     2.376578E+00     3.437841E-01     5.990321E+00     1.000024E+04     1.000000E+00 
  437  4718   437     6.086006E+00     2.376578E+00     3.438367E-01     5.990870E+00     1.000024E+04     1.000000E+00 
  438  4729   438     6.086010E+00     2.376578E+00     3.437894E-01     5.990405E+00     1.000024E+04     1.000000E+00 
  439  4740   439     6.086008E+00     2.376578E+00     3.438468E-01     5.990964E+00     1.000024E+04     1.000000E+00 
  440  4751   440     6.086010E+00     2.376578E+00     3.437873E-01     5.990389E+00     1.000024E+04     1.000000E+00 
  441  4762   441     6.086011E+00     2.376578E+00     3.438634E-01     5.991125E+00     1.000024E+04     1.000000E+00 
  442  4773   442     6.086011E+00     2.376578E+00     3.437935E-01     5.990515E+00     1.000024E+04     1.000000E+00 
  443  4784   443     6.086013E+00     2.376578E+00     3.438768E-01     5.991261E+00     1.000024E+04     1.000000E+00 
  444  4795   444     6.086012E+00     2.376578E+00     3.437964E-01     5.990583E+00     1.000024E+04     1.000000E+00 
  445  4806   445     6.086016E+00     2.376578E+00     3.438918E-01     5.991411E+00     1.000024E+04     1.000000E+00 
  446  4817   446     6.086013E+00     2.376578E+00     3.438020E-01     5.990677E+00     1.000024E+04     1.000000E+00 
  447  4828   447     6.086017E+00     2.376578E+00     3.438982E-01     5.991469E+00     1.000024E+04     1.000000E+00 
  448  4839   448     6.086013E+00     2.376578E+00     3.438057E-01     5.990770E+00     1.000024E+04     1.000000E+00 
  449  4850   449     6.086018E+00     2.376578E+00     3.439068E-01     5.991522E+00     1.000024E+04     1.000000E+00 
  450  4861   450     6.086013E+00     2.376578E+00     3.438035E-01     5.990796E+00     1.000024E+04     1.000000E+00 
  451  4872   451     6.086018E+00     2.376578E+00     3.439055E-01     5.991473E+00     1.000024E+04     1.000000E+00 
  452  4883   452     6.086011E+00     2.376578E+00     3.437983E-01     5.990733E+00     1.000024E+04     1.000000E+00 
  453  4894   453     6.086018E+00     2.376578E+00     3.439035E-01     5.991431E+00     1.000024E+04     1.000000E+00 
  454  4905   454     6.086010E+00     2.376578E+00     3.437908E-01     5.990664E+00     1.000024E+04     1.000000E+00 
  455  4916   455     6.086016E+00     2.376578E+00     3.438971E-01     5.991328E+00     1.000024E+04     1.000000E+00 
  456  4927   456     6.086007E+00     2.376578E+00     3.437776E-01     5.990508E+00     1.000024E+04     1.000000E+00 
  457  4938   457     6.086014E+00     2.376578E+00     3.438870E-01     5.991161E+00     1.000024E+04     1.000000E+00 
  458  4949   458     6.086005E+00     2.376578E+00     3.437695E-01     5.990424E+00     1.000024E+04     1.000000E+00 
  459  4960   459     6.086012E+00     2.376578E+00     3.438751E-01     5.990974E+00     1.000024E+04     1.000000E+00 
  460  4971   460     6.086003E+00     2.376578E+00     3.437608E-01     5.990335E+00     1.000024E+04     1.000000E+00 
  461  4982   461     6.086010E+00     2.376578E+00     3.438598E-01     5.990762E+00     1.000024E+04     1.000000E+00 
  462  4993   462     6.086001E+00     2.376578E+00     3.437521E-01     5.990211E+00     1.000024E+04     1.000000E+00 
  463  5004   463     6.086008E+00     2.376578E+00     3.438546E-01     5.990677E+00     1.000024E+04     1.000000E+00 
  464  5015   464     6.085999E+00     2.376578E+00     3.437409E-01     5.990063E+00     1.000024E+04     1.000000E+00 
  465  5026   465     6.086007E+00     2.376578E+00     3.438454E-01     5.990552E+00     1.000024E+04     1.000000E+00 
  466  5037   466     6.085999E+00     2.376578E+00     3.437470E-01     5.990157E+00     1.000024E+04     1.000000E+00 
  467  5048   467     6.086006E+00     2.376578E+00     3.438395E-01     5.990471E+00     1.000024E+04     1.000000E+00 
  468  5059   468     6.085999E+00     2.376578E+00     3.437445E-01     5.990131E+00     1.000024E+04     1.000000E+00 
  469  5070   469     6.086005E+00     2.376578E+00     3.438360E-01     5.990405E+00     1.000024E+04     1.000000E+00 
  470  5081   470     6.086000E+00     2.376578E+00     3.437523E-01     5.990254E+00     1.000024E+04     1.000000E+00 
  471  5092   471     6.086006E+00     2.376578E+00     3.438379E-01     5.990411E+00     1.000024E+04     1.000000E+00 
  472  5103   472     6.086002E+00     2.376578E+00     3.437612E-01     5.990380E+00     1.000024E+04     1.000000E+00 
  473  5114   473     6.086007E+00     2.376578E+00     3.438431E-01     5.990479E+00     1.000024E+04     1.000000E+00 
  474  5125   474     6.086004E+00     2.376578E+00     3.437724E-01     5.990538E+00     1.000024E+04     1.000000E+00 
  475  5136   475     6.086007E+00     2.376578E+00     3.438449E-01     5.990485E+00     1.000024E+04     1.000000E+00 
  476  5147   476     6.086007E+00     2.376578E+00     3.437888E-01     5.990751E+00     1.000024E+04     1.000000E+00 
  477  5158   477     6.086009E+00     2.376578E+00     3.438542E-01     5.990591E+00     1.000024E+04     1.000000E+00 
  478  5169   478     6.086010E+00     2.376578E+00     3.438092E-01     5.991025E+00     1.000024E+04     1.000000E+00 
  479  5180   479     6.086010E+00     2.376578E+00     3.438631E-01     5.990690E+00     1.000024E+04     1.000000E+00 
  480  5191   480     6.086013E+00     2.376578E+00     3.438229E-01     5.991203E+00     1.000024E+04     1.000000E+00 
  481  5202   481     6.086011E+00     2.376578E+00     3.438703E-01     5.990755E+00     1.000024E+04     1.000000E+00 
  482  5213   482     6.086016E+00     2.376578E+00     3.438416E-01     5.991454E+00     1.000024E+04     1.000000E+00 
  483  5224   483     6.086013E+00     2.376578E+00     3.438795E-01     5.990887E+00     1.000024E+04     1.000000E+00 
  484  5235   484     6.086018E+00     2.376578E+00     3.438537E-01     5.991598E+00     1.000024E+04     1.000000E+00 
  485  5246   485     6.086014E+00     2.376578E+00     3.438841E-01     5.990935E+00     1.000024E+04     1.000000E+00 
  486  5257   486     6.086020E+00     2.376578E+00     3.438676E-01     5.991768E+00     1.000024E+04     1.000000E+00 
  487  5268   487     6.086013E+00     2.376578E+00     3.438812E-01     5.990898E+00     1.000024E+04     1.000000E+00 
  488  5279   488     6.086021E+00     2.376578E+00     3.438754E-01     5.991848E+00     1.000024E+04     1.000000E+00 
  489  5290   489     6.086014E+00     2.376578E+00     3.438822E-01     5.990936E+00     1.000024E+04     1.000000E+00 
  490  5301   490     6.086021E+00     2.376578E+00     3.438779E-01     5.991857E+00     1.000024E+04     1.000000E+00 
  491  5312   491     6.086011E+00     2.376578E+00     3.438656E-01     5.990725E+00     1.000024E+04     1.000000E+00 
  492  5323   492     6.086021E+00     2.376578E+00     3.438816E-01     5.991892E+00     1.000024E+04     1.000000E+00 
  493  5334   493     6.086011E+00     2.376578E+00     3.438600E-01     5.990679E+00     1.000024E+04     1.000000E+00 
  494  5345   494     6.086019E+00     2.376578E+00     3.438730E-01     5.991766E+00     1.000024E+04     1.000000E+00 
  495  5356   495     6.086010E+00     2.376578E+00     3.438561E-01     5.990667E+00     1.000024E+04     1.000000E+00 
  496  5367   496     6.086018E+00     2.376578E+00     3.438714E-01     5.991698E+00     1.000024E+04     1.000000E+00 
  497  5378   497     6.086009E+00     2.376578E+00     3.438473E-01     5.990574E+00     1.000024E+04     1.000000E+00 
  498  5389   498     6.086017E+00     2.376578E+00     3.438689E-01     5.991658E+00     1.000024E+04     1.000000E+00 
  499  5400   499     6.086008E+00     2.376578E+00     3.438379E-01     5.990477E+00     1.000024E+04     1.000000E+00 
  500  5411   500     6.086016E+00     2.376578E+00     3.438676E-01     5.991644E+00     1.000024E+04     1.000000E+00 
  501  5422   501     6.086008E+00     2.376578E+00     3.438345E-01     5.990447E+00     1.000024E+04     1.000000E+00 
  502  5433   502     6.086016E+00     2.376578E+00     3.438646E-01     5.991579E+00     1.000024E+04     1.000000E+00 
  503  5444   503     6.086009E+00     2.376578E+00     3.438337E-01     5.990462E+00     1.000024E+04     1.000000E+00 
  504  5455   504     6.086014E+00     2.376578E+00     3.438593E-01     5.991497E+00     1.000024E+04     1.000000E+00 
  505  5466   505     6.086010E+00     2.376578E+00     3.438376E-01     5.990568E+00     1.000024E+04     1.000000E+00 
  506  5477   506     6.086013E+00     2.376578E+00     3.438525E-01     5.991384E+00     1.000024E+04     1.000000E+00 
  507  5488   507     6.086011E+00     2.376578E+00     3.438400E-01     5.990627E+00     1.000024E+04     1.000000E+00 
  508  5499   508     6.086011E+00     2.376578E+00     3.438437E-01     5.991276E+00     1.000024E+04     1.000000E+00 
  509  5510   509     6.086012E+00     2.376578E+00     3.438475E-01     5.990756E+00     1.000024E+04     1.000000E+00 
  510  5521   510     6.086012E+00     2.376578E+00     3.438477E-01     5.991298E+00     1.000024E+04     1.000000E+00 
  511  5532   511     6.086011E+00     2.376578E+00     3.438381E-01     5.990625E+00     1.000024E+04     1.000000E+00 
  512  5543   512     6.086011E+00     2.376578E+00     3.438432E-01     5.991248E+00     1.000024E+04     1.000000E+00 
  513  5554   513     6.086012E+00     2.376578E+00     3.438422E-01     5.990697E+00     1.000024E+04     1.000000E+00 
  514  5565   514     6.086008E+00     2.376578E+00     3.438293E-01     5.991046E+00     1.000024E+04     1.000000E+00 
  515  5576   515     6.086012E+00     2.376578E+00     3.438457E-01     5.990756E+00     1.000024E+04     1.000000E+00 
  516  5587   516     6.086006E+00     2.376578E+00     3.438209E-01     5.990918E+00     1.000024E+04     1.000000E+00 
  517  5598   517     6.086012E+00     2.376578E+00     3.438425E-01     5.990720E+00     1.000024E+04     1.000000E+00 
  518  5609   518     6.086004E+00     2.376578E+00     3.438115E-01     5.990771E+00     1.000024E+04     1.000000E+00 
  519  5620   519     6.086011E+00     2.376578E+00     3.438398E-01     5.990692E+00     1.000024E+04     1.000000E+00 
  520  5631   520     6.086003E+00     2.376578E+00     3.438040E-01     5.990654E+00     1.000024E+04     1.000000E+00 
  521  5642   521     6.086011E+00     2.376578E+00     3.438389E-01     5.990688E+00     1.000024E+04     1.000000E+00 
  522  5653   522     6.086000E+00     2.376578E+00     3.437891E-01     5.990433E+00     1.000024E+04     1.000000E+00 
  523  5664   523     6.086009E+00     2.376578E+00     3.438283E-01     5.990567E+00     1.000024E+04     1.000000E+00 
  524  5675   524     6.086000E+00     2.376578E+00     3.437888E-01     5.990408E+00     1.000024E+04     1.000000E+00 
  525  5686   525     6.086008E+00     2.376578E+00     3.438263E-01     5.990535E+00     1.000024E+04     1.000000E+00 
  526  5697   526     6.085998E+00     2.376578E+00     3.437805E-01     5.990309E+00     1.000024E+04     1.000000E+00 
  527  5708   527     6.086009E+00     2.376578E+00     3.438296E-01     5.990562E+00     1.000024E+04     1.000000E+00 
  528  5719   528     6.085998E+00     2.376578E+00     3.437751E-01     5.990233E+00     1.000024E+04     1.000000E+00 
  529  5730   529     6.086009E+00     2.376578E+00     3.438317E-01     5.990578E+00     1.000024E+04     1.000000E+00 
  530  5741   530     6.085999E+00     2.376578E+00     3.437802E-01     5.990291E+00     1.000024E+04     1.000000E+00 
  531  5752   531     6.086009E+00     2.376578E+00     3.438313E-01     5.990584E+00     1.000024E+04     1.000000E+00 
  532  5763   532     6.085999E+00     2.376578E+00     3.437818E-01     5.990296E+00     1.000024E+04     1.000000E+00 
  533  5774   533     6.086010E+00     2.376578E+00     3.438430E-01     5.990757E+00     1.000024E+04     1.000000E+00 
  534  5785   534     6.086000E+00     2.376578E+00     3.437848E-01     5.990314E+00     1.000024E+04     1.000000E+00 
  535  5796   535     6.086011E+00     2.376578E+00     3.438488E-01     5.990811E+00     1.000024E+04     1.000000E+00 
  536  5807   536     6.086003E+00     2.376578E+00     3.437988E-01     5.990512E+00     1.000024E+04     1.000000E+00 
  537  5818   537     6.086013E+00     2.376578E+00     3.438564E-01     5.990918E+00     1.000024E+04     1.000000E+00 
  538  5829   538     6.086005E+00     2.376578E+00     3.438092E-01     5.990644E+00     1.000024E+04     1.000000E+00 
  539  5840   539     6.086015E+00     2.376578E+00     3.438684E-01     5.991080E+00     1.000024E+04     1.000000E+00 
  540  5851   540     6.086007E+00     2.376578E+00     3.438226E-01     5.990818E+00     1.000024E+04     1.000000E+00 
  541  5862   541     6.086015E+00     2.376578E+00     3.438681E-01     5.991080E+00     1.000024E+04     1.000000E+00 
  542  5873   542     6.086010E+00     2.376578E+00     3.438365E-01     5.990978E+00     1.000024E+04     1.000000E+00 
  543  5884   543     6.086016E+00     2.376578E+00     3.438766E-01     5.991190E+00     1.000024E+04     1.000000E+00 
  544  5895   544     6.086011E+00     2.376578E+00     3.438424E-01     5.991062E+00     1.000024E+04     1.000000E+00 
  545  5906   545     6.086016E+00     2.376578E+00     3.438764E-01     5.991195E+00     1.000024E+04     1.000000E+00 
  546  5917   546     6.086012E+00     2.376578E+00     3.438473E-01     5.991133E+00     1.000024E+04     1.000000E+00 
  547  5928   547     6.086015E+00     2.376578E+00     3.438698E-01     5.991097E+00     1.000024E+04     1.000000E+00 
  548  5939   548     6.086013E+00     2.376578E+00     3.438528E-01     5.991210E+00     1.000024E+04     1.000000E+00 
  549  5950   549     6.086013E+00     2.376578E+00     3.438605E-01     5.990988E+00     1.000024E+04     1.000000E+00 
  550  5961   550     6.086012E+00     2.376578E+00     3.438455E-01     5.991104E+00     1.000024E+04     1.000000E+00 
  551  5972   551     6.086010E+00     2.376578E+00     3.438476E-01     5.990819E+00     1.000024E+04     1.000000E+00 
  552  5983   552     6.086012E+00     2.376578E+00     3.438495E-01     5.991167E+00     1.000024E+04     1.000000E+00 
  553  5994   553     6.086007E+00     2.376578E+00     3.438273E-01     5.990552E+00     1.000024E+04     1.000000E+00 
  554  6005   554     6.086009E+00     2.376578E+00     3.438325E-01     5.990951E+00     1.000024E+04     1.000000E+00 
  555  6016   555     6.086005E+00     2.376578E+00     3.438209E-01     5.990452E+00     1.000024E+04     1.000000E+00 
  556  6027   556     6.086008E+00     2.376578E+00     3.438304E-01     5.990920E+00     1.000024E+04     1.000000E+00 
  557  6038   557     6.086002E+00     2.376578E+00     3.437971E-01     5.990140E+00     1.000024E+04     1.000000E+00 
  558  6049   558     6.086006E+00     2.376578E+00     3.438225E-01     5.990844E+00     1.000024E+04     1.000000E+00 
  559  6060   559     6.086000E+00     2.376578E+00     3.437869E-01     5.990014E+00     1.000024E+04     1.000000E+00 
  560  6071   560     6.086005E+00     2.376578E+00     3.438168E-01     5.990772E+00     1.000024E+04     1.000000E+00 
  561  6082   561     6.085998E+00     2.376578E+00     3.437778E-01     5.989881E+00     1.000024E+04     1.000000E+00 
  562  6093   562     6.086005E+00     2.376578E+00     3.438146E-01     5.990772E+00     1.000024E+04     1.000000E+00 
  563  6104   563     6.085998E+00     2.376578E+00     3.437762E-01     5.989849E+00     1.000024E+04     1.000000E+00 
  564  6115   564     6.086005E+00     2.376578E+00     3.438137E-01     5.990770E+00     1.000024E+04     1.000000E+00 
  565  6126   565     6.085998E+00     2.376578E+00     3.437778E-01     5.989842E+00     1.000024E+04     1.000000E+00 
  566  6137   566     6.086004E+00     2.376578E+00     3.438109E-01     5.990756E+00     1.000024E+04     1.000000E+00 
  567  6148   567     6.086000E+00     2.376578E+00     3.437867E-01     5.989955E+00     1.000024E+04     1.000000E+00 
  568  6159   568     6.086006E+00     2.376578E+00     3.438184E-01     5.990884E+00     1.000024E+04     1.000000E+00 
  569  6170   569     6.086002E+00     2.376578E+00     3.437963E-01     5.990059E+00     1.000024E+04     1.000000E+00 
  570  6181   570     6.086008E+00     2.376578E+00     3.438334E-01     5.991106E+00     1.000024E+04     1.000000E+00 
  571  6192   571     6.086004E+00     2.376578E+00     3.438080E-01     5.990208E+00     1.000024E+04     1.000000E+00 
  572  6203   572     6.086010E+00     2.376578E+00     3.438404E-01     5.991221E+00     1.000024E+04     1.000000E+00 
  573  6214   573     6.086007E+00     2.376578E+00     3.438240E-01     5.990396E+00     1.000024E+04     1.000000E+00 
  574  6225   574     6.086013E+00     2.376578E+00     3.438608E-01     5.991506E+00     1.000024E+04     1.000000E+00 
  575  6236   575     6.086011E+00     2.376578E+00     3.438463E-01     5.990675E+00     1.000024E+04     1.000000E+00 
  576  6247   576     6.086015E+00     2.376578E+00     3.438681E-01     5.991625E+00     1.000024E+04     1.000000E+00 
  577  6258   577     6.086015E+00     2.376578E+00     3.438678E-01     5.990947E+00     1.000024E+04     1.000000E+00 
  578  6269   578     6.086017E+00     2.376578E+00     3.438805E-01     5.991786E+00     1.000024E+04     1.000000E+00 
  579  6280   579     6.086018E+00     2.376578E+00     3.438840E-01     5.991165E+00     1.000024E+04     1.000000E+00 
  580  6291   580     6.086019E+00     2.376578E+00     3.438866E-01     5.991868E+00     1.000024E+04     1.000000E+00 
  581  6302   581     6.086020E+00     2.376578E+00     3.438937E-01     5.991289E+00     1.000024E+04     1.000000E+00 
  582  6313   582     6.086020E+00     2.376578E+00     3.438938E-01     5.991966E+00     1.000024E+04     1.000000E+00 
  583  6324   583     6.086021E+00     2.376578E+00     3.438995E-01     5.991386E+00     1.000024E+04     1.000000E+00 
  584  6335   584     6.086018E+00     2.376578E+00     3.438837E-01     5.991809E+00     1.000024E+04     1.000000E+00 
  585  6346   585     6.086020E+00     2.376578E+00     3.438983E-01     5.991398E+00     1.000024E+04     1.000000E+00 
  586  6357   586     6.086016E+00     2.376578E+00     3.438706E-01     5.991614E+00     1.000024E+04     1.000000E+00 
  587  6368   587     6.086020E+00     2.376578E+00     3.438998E-01     5.991450E+00     1.000024E+04     1.000000E+00 
  588  6379   588     6.086013E+00     2.376578E+00     3.438579E-01     5.991397E+00     1.000024E+04     1.000000E+00 
  589  6390   589     6.086017E+00     2.376578E+00     3.438862E-01     5.991309E+00     1.000024E+04     1.000000E+00 
  590  6401   590     6.086009E+00     2.376578E+00     3.438361E-01     5.991072E+00     1.000024E+04     1.000000E+00 
  591  6412   591     6.086015E+00     2.376578E+00     3.438801E-01     5.991278E+00     1.000024E+04     1.000000E+00 
  592  6423   592     6.086007E+00     2.376578E+00     3.438239E-01     5.990863E+00     1.000024E+04     1.000000E+00 
  593  6434   593     6.086013E+00     2.376578E+00     3.438655E-01     5.991107E+00     1.000024E+04     1.000000E+00 
  594  6445   594     6.086006E+00     2.376578E+00     3.438141E-01     5.990713E+00     1.000024E+04     1.000000E+00 
  595  6456   595     6.086011E+00     2.376578E+00     3.438607E-01     5.991098E+00     1.000024E+04     1.000000E+00 
  596  6467   596     6.086004E+00     2.376578E+00     3.438078E-01     5.990563E+00     1.000024E+04     1.000000E+00 
  597  6478   597     6.086010E+00     2.376578E+00     3.438553E-01     5.991080E+00     1.000024E+04     1.000000E+00 
  598  6489   598     6.086003E+00     2.376578E+00     3.437988E-01     5.990372E+00     1.000024E+04     1.000000E+00 
  599  6500   599     6.086010E+00     2.376578E+00     3.438535E-01     5.991093E+00     1.000024E+04     1.000000E+00 
  600  6511   600     6.086004E+00     2.376578E+00     3.438017E-01     5.990370E+00     1.000024E+04     1.000000E+00 
  601  6522   601     6.086011E+00     2.376578E+00     3.438598E-01     5.991219E+00     1.000024E+04     1.000000E+00 
  602  6533   602     6.086004E+00     2.376578E+00     3.438024E-01     5.990316E+00     1.000024E+04     1.000000E+00 
  603  6544   603     6.086011E+00     2.376578E+00     3.438619E-01     5.991263E+00     1.000024E+04     1.000000E+00 
  604  6555   604     6.086006E+00     2.376578E+00     3.438153E-01     5.990446E+00     1.000024E+04     1.000000E+00 
  605  6566   605     6.086013E+00     2.376578E+00     3.438693E-01     5.991427E+00     1.000024E+04     1.000000E+00 
  606  6577   606     6.086008E+00     2.376578E+00     3.438257E-01     5.990538E+00     1.000024E+04     1.000000E+00 
  607  6588   607     6.086014E+00     2.376578E+00     3.438732E-01     5.991497E+00     1.000024E+04     1.000000E+00 
  608  6599   608     6.086011E+00     2.376578E+00     3.438420E-01     5.990708E+00     1.000024E+04     1.000000E+00 
  609  6610   609     6.086014E+00     2.376578E+00     3.438766E-01     5.991551E+00     1.000024E+04     1.000000E+00 
  610  6621   610     6.086012E+00     2.376578E+00     3.438491E-01     5.990763E+00     1.000024E+04     1.000000E+00 
  611  6632   611     6.086015E+00     2.376578E+00     3.438787E-01     5.991603E+00     1.000024E+04     1.000000E+00 
  612  6643   612     6.086014E+00     2.376578E+00     3.438590E-01     5.990869E+00     1.000024E+04     1.000000E+00 
  613  6654   613     6.086015E+00     2.376578E+00     3.438752E-01     5.991571E+00     1.000024E+04     1.000000E+00 
  614  6665   614     6.086014E+00     2.376578E+00     3.438625E-01     5.990893E+00     1.000024E+04     1.000000E+00 
  615  6676   615     6.086013E+00     2.376578E+00     3.438654E-01     5.991455E+00     1.000024E+04     1.000000E+00 
  616  6687   616     6.086015E+00     2.376578E+00     3.438688E-01     5.990956E+00     1.000024E+04     1.000000E+00 
  617  6698   617     6.086011E+00     2.376578E+00     3.438509E-01     5.991242E+00     1.000024E+04     1.000000E+00 
  618  6709   618     6.086013E+00     2.376578E+00     3.438630E-01     5.990890E+00     1.000024E+04     1.000000E+00 
  619  6720   619     6.086010E+00     2.376578E+00     3.438459E-01     5.991177E+00     1.000024E+04     1.000000E+00 
  620  6731   620     6.086011E+00     2.376578E+00     3.438534E-01     5.990759E+00     1.000024E+04     1.000000E+00 
  621  6742   621     6.086008E+00     2.376578E+00     3.438323E-01     5.990995E+00     1.000024E+04     1.000000E+00 
  622  6753   622     6.086010E+00     2.376578E+00     3.438509E-01     5.990735E+00     1.000024E+04     1.000000E+00 
  623  6764   623     6.086006E+00     2.376578E+00     3.438131E-01     5.990746E+00     1.000024E+04     1.000000E+00 
  624  6775   624     6.086008E+00     2.376578E+00     3.438455E-01     5.990693E+00     1.000024E+04     1.000000E+00 
  625  6786   625     6.086004E+00     2.376578E+00     3.438003E-01     5.990571E+00     1.000024E+04     1.000000E+00 
  626  6797   626     6.086008E+00     2.376578E+00     3.438505E-01     5.990796E+00     1.000024E+04     1.000000E+00 
  627  6808   627     6.086002E+00     2.376578E+00     3.437844E-01     5.990367E+00     1.000024E+04     1.000000E+00 
  628  6819   628     6.086007E+00     2.376578E+00     3.438472E-01     5.990774E+00     1.000024E+04     1.000000E+00 
  629  6830   629     6.086002E+00     2.376578E+00     3.437787E-01     5.990275E+00     1.000024E+04     1.000000E+00 
  630  6841   630     6.086007E+00     2.376578E+00     3.438481E-01     5.990817E+00     1.000024E+04     1.000000E+00 
  631  6852   631     6.086001E+00     2.376578E+00     3.437670E-01     5.990132E+00     1.000024E+04     1.000000E+00 
  632  6863   632     6.086007E+00     2.376578E+00     3.438541E-01     5.990906E+00     1.000024E+04     1.000000E+00 
  633  6874   633     6.086002E+00     2.376578E+00     3.437665E-01     5.990120E+00     1.000024E+04     1.000000E+00 
  634  6885   634     6.086007E+00     2.376578E+00     3.438609E-01     5.991026E+00     1.000024E+04     1.000000E+00 
  635  6896   635     6.086003E+00     2.376578E+00     3.437686E-01     5.990160E+00     1.000024E+04     1.000000E+00 
  636  6907   636     6.086008E+00     2.376578E+00     3.438711E-01     5.991157E+00     1.000024E+04     1.000000E+00 
  637  6918   637     6.086004E+00     2.376578E+00     3.437703E-01     5.990174E+00     1.000024E+04     1.000000E+00 
  638  6929   638     6.086009E+00     2.376578E+00     3.438787E-01     5.991272E+00     1.000024E+04     1.000000E+00 
  639  6940   639     6.086005E+00     2.376578E+00     3.437703E-01     5.990182E+00     1.000024E+04     1.000000E+00 
  640  6951   640     6.086011E+00     2.376578E+00     3.438926E-01     5.991462E+00     1.000024E+04     1.000000E+00 
  641  6962   641     6.086007E+00     2.376578E+00     3.437779E-01     5.990302E+00     1.000024E+04     1.000000E+00 
  642  6973   642     6.086010E+00     2.376578E+00     3.438936E-01     5.991455E+00     1.000024E+04     1.000000E+00 
  643  6984   643     6.086009E+00     2.376578E+00     3.437820E-01     5.990371E+00     1.000024E+04     1.000000E+00 
  644  6995   644     6.086011E+00     2.376578E+00     3.439042E-01     5.991578E+00     1.000024E+04     1.000000E+00 
  645  7006   645     6.086010E+00     2.376578E+00     3.437853E-01     5.990425E+00     1.000024E+04     1.000000E+00 
  646  7017   646     6.086011E+00     2.376578E+00     3.439046E-01     5.991553E+00     1.000024E+04     1.000000E+00 
  647  7028   647     6.086010E+00     2.376578E+00     3.437859E-01     5.990460E+00     1.000024E+04     1.000000E+00 
  648  7039   648     6.086011E+00     2.376578E+00     3.439074E-01     5.991586E+00     1.000024E+04     1.000000E+00 
  649  7050   649     6.086011E+00     2.376578E+00     3.437879E-01     5.990512E+00     1.000024E+04     1.000000E+00 
  650  7061   650     6.086011E+00     2.376578E+00     3.439069E-01     5.991542E+00     1.000024E+04     1.000000E+00 
  651  7072   651     6.086010E+00     2.376578E+00     3.437832E-01     5.990498E+00     1.000024E+04     1.000000E+00 
  652  7083   652     6.086008E+00     2.376578E+00     3.438897E-01     5.991275E+00     1.000024E+04     1.000000E+00 
  653  7094   653     6.086011E+00     2.376578E+00     3.437875E-01     5.990604E+00     1.000024E+04     1.000000E+00 
  654  7105   654     6.086007E+00     2.376578E+00     3.438885E-01     5.991219E+00     1.000024E+04     1.000000E+00 
  655  7116   655     6.086010E+00     2.376578E+00     3.437820E-01     5.990565E+00     1.000024E+04     1.000000E+00 
  656  7127   656     6.086006E+00     2.376578E+00     3.438813E-01     5.991075E+00     1.000024E+04     1.000000E+00 
  657  7138   657     6.086009E+00     2.376578E+00     3.437773E-01     5.990561E+00     1.000024E+04     1.000000E+00 
  658  7149   658     6.086005E+00     2.376578E+00     3.438735E-01     5.990938E+00     1.000024E+04     1.000000E+00 
  659  7160   659     6.086009E+00     2.376578E+00     3.437807E-01     5.990636E+00     1.000024E+04     1.000000E+00 
  660  7171   660     6.086004E+00     2.376578E+00     3.438674E-01     5.990788E+00     1.000024E+04     1.000000E+00 
  661  7182   661     6.086009E+00     2.376578E+00     3.437809E-01     5.990733E+00     1.000024E+04     1.000000E+00 
  662  7193   662     6.086004E+00     2.376578E+00     3.438639E-01     5.990689E+00     1.000024E+04     1.000000E+00 
  663  7204   663     6.086010E+00     2.376578E+00     3.437861E-01     5.990847E+00     1.000024E+04     1.000000E+00 
  664  7215   664     6.086004E+00     2.376578E+00     3.438625E-01     5.990615E+00     1.000024E+04     1.000000E+00 
  665  7226   665     6.086010E+00     2.376578E+00     3.437876E-01     5.990921E+00     1.000024E+04     1.000000E+00 
  666  7237   666     6.086006E+00     2.376578E+00     3.438660E-01     5.990587E+00     1.000024E+04     1.000000E+00 
  667  7248   667     6.086012E+00     2.376578E+00     3.438025E-01     5.991194E+00     1.000024E+04     1.000000E+00 
  668  7259   668     6.086006E+00     2.376578E+00     3.438623E-01     5.990484E+00     1.000024E+04     1.000000E+00 
  669  7270   669     6.086012E+00     2.376578E+00     3.438076E-01     5.991305E+00     1.000024E+04     1.000000E+00 
  670  7281   670     6.086008E+00     2.376578E+00     3.438717E-01     5.990538E+00     1.000024E+04     1.000000E+00 
  671  7292   671     6.086014E+00     2.376578E+00     3.438179E-01     5.991500E+00     1.000024E+04     1.000000E+00 
  672  7303   672     6.086009E+00     2.376578E+00     3.438745E-01     5.990524E+00     1.000024E+04     1.000000E+00 
  673  7314   673     6.086015E+00     2.376578E+00     3.438291E-01     5.991684E+00     1.000024E+04     1.000000E+00 
  674  7325   674     6.086010E+00     2.376578E+00     3.438759E-01     5.990496E+00     1.000024E+04     1.000000E+00 
  675  7336   675     6.086015E+00     2.376578E+00     3.438359E-01     5.991813E+00     1.000024E+04     1.000000E+00 
  676  7347   676     6.086012E+00     2.376578E+00     3.438791E-01     5.990521E+00     1.000024E+04     1.000000E+00 
  677  7358   677     6.086015E+00     2.376578E+00     3.438406E-01     5.991914E+00     1.000024E+04     1.000000E+00 
  678  7369   678     6.086012E+00     2.376578E+00     3.438755E-01     5.990457E+00     1.000024E+04     1.000000E+00 
  679  7380   679     6.086015E+00     2.376578E+00     3.438416E-01     5.991913E+00     1.000024E+04     1.000000E+00 
  680  7391   680     6.086012E+00     2.376578E+00     3.438686E-01     5.990364E+00     1.000024E+04     1.000000E+00 
  681  7402   681     6.086014E+00     2.376578E+00     3.438464E-01     5.991988E+00     1.000024E+04     1.000000E+00 
  682  7413   682     6.086011E+00     2.376578E+00     3.438577E-01     5.990238E+00     1.000024E+04     1.000000E+00 
  683  7424   683     6.086013E+00     2.376578E+00     3.438462E-01     5.991952E+00     1.000024E+04     1.000000E+00 
  684  7435   684     6.086010E+00     2.376578E+00     3.438469E-01     5.990127E+00     1.000024E+04     1.000000E+00 
  685  7446   685     6.086012E+00     2.376578E+00     3.438430E-01     5.991891E+00     1.000024E+04     1.000000E+00 
  686  7457   686     6.086008E+00     2.376578E+00     3.438340E-01     5.989997E+00     1.000024E+04     1.000000E+00 
  687  7468   687     6.086010E+00     2.376578E+00     3.438394E-01     5.991818E+00     1.000024E+04     1.000000E+00 
  688  7479   688     6.086007E+00     2.376578E+00     3.438246E-01     5.989931E+00     1.000024E+04     1.000000E+00 
  689  7490   689     6.086009E+00     2.376578E+00     3.438353E-01     5.991721E+00     1.000024E+04     1.000000E+00 
  690  7501   690     6.086005E+00     2.376578E+00     3.438085E-01     5.989776E+00     1.000024E+04     1.000000E+00 
  691  7512   691     6.086009E+00     2.376578E+00     3.438382E-01     5.991718E+00     1.000024E+04     1.000000E+00 
  692  7523   692     6.086005E+00     2.376578E+00     3.438038E-01     5.989773E+00     1.000024E+04     1.000000E+00 
  693  7534   693     6.086007E+00     2.376578E+00     3.438321E-01     5.991579E+00     1.000024E+04     1.000000E+00 
  694  7545   694     6.086004E+00     2.376578E+00     3.437949E-01     5.989723E+00     1.000024E+04     1.000000E+00 
  695  7556   695     6.086008E+00     2.376578E+00     3.438389E-01     5.991607E+00     1.000024E+04     1.000000E+00 
  696  7567   696     6.086004E+00     2.376578E+00     3.437896E-01     5.989718E+00     1.000024E+04     1.000000E+00 
  697  7578   697     6.086007E+00     2.376578E+00     3.438381E-01     5.991557E+00     1.000024E+04     1.000000E+00 
  698  7589   698     6.086005E+00     2.376578E+00     3.437916E-01     5.989804E+00     1.000024E+04     1.000000E+00 
  699  7600   699     6.086008E+00     2.376578E+00     3.438432E-01     5.991594E+00     1.000024E+04     1.000000E+00 
  700  7611   700     6.086004E+00     2.376578E+00     3.437863E-01     5.989787E+00     1.000024E+04     1.000000E+00 
  701  7622   701     6.086008E+00     2.376578E+00     3.438484E-01     5.991593E+00     1.000024E+04     1.000000E+00 
  702  7633   702     6.086004E+00     2.376578E+00     3.437860E-01     5.989840E+00     1.000024E+04     1.000000E+00 
  703  7644   703     6.086009E+00     2.376578E+00     3.438514E-01     5.991573E+00     1.000024E+04     1.000000E+00 
  704  7655   704     6.086005E+00     2.376578E+00     3.437924E-01     5.989983E+00     1.000024E+04     1.000000E+00 
  705  7666   705     6.086009E+00     2.376578E+00     3.438527E-01     5.991518E+00     1.000024E+04     1.000000E+00 
  706  7677   706     6.086005E+00     2.376578E+00     3.437924E-01     5.990030E+00     1.000024E+04     1.000000E+00 
  707  7688   707     6.086009E+00     2.376578E+00     3.438511E-01     5.991453E+00     1.000024E+04     1.000000E+00 
  708  7699   708     6.086005E+00     2.376578E+00     3.437938E-01     5.990095E+00     1.000024E+04     1.000000E+00 
  709  7710   709     6.086009E+00     2.376578E+00     3.438507E-01     5.991398E+00     1.000024E+04     1.000000E+00 
  710  7721   710     6.086005E+00     2.376578E+00     3.437913E-01     5.990105E+00     1.000024E+04     1.000000E+00 
  711  7732   711     6.086009E+00     2.376578E+00     3.438521E-01     5.991366E+00     1.000024E+04     1.000000E+00 
  712  7743   712     6.086004E+00     2.376578E+00     3.437909E-01     5.990131E+00     1.000024E+04     1.000000E+00 
  713  7754   713     6.086008E+00     2.376578E+00     3.438450E-01     5.991206E+00     1.000024E+04     1.000000E+00 
  714  7765   714     6.086003E+00     2.376578E+00     3.437905E-01     5.990162E+00     1.000024E+04     1.000000E+00 
  715  7776   715     6.086008E+00     2.376578E+00     3.438423E-01     5.991136E+00     1.000024E+04     1.000000E+00 
  716  7787   716     6.086003E+00     2.376578E+00     3.437966E-01     5.990261E+00     1.000024E+04     1.000000E+00 
  717  7798   717     6.086006E+00     2.376578E+00     3.438262E-01     5.990865E+00     1.000024E+04     1.000000E+00 
  718  7809   718     6.086002E+00     2.376578E+00     3.437895E-01     5.990203E+00     1.000024E+04     1.000000E+00 
  719  7820   719     6.086006E+00     2.376578E+00     3.438233E-01     5.990798E+00     1.000024E+04     1.000000E+00 
  720  7831   720     6.086002E+00     2.376578E+00     3.437947E-01     5.990276E+00     1.000024E+04     1.000000E+00 
  721  7842   721     6.086005E+00     2.376578E+00     3.438161E-01     5.990668E+00     1.000024E+04     1.000000E+00 
  722  7853   722     6.086002E+00     2.376578E+00     3.438016E-01     5.990401E+00     1.000024E+04     1.000000E+00 
  723  7864   723     6.086005E+00     2.376578E+00     3.438143E-01     5.990586E+00     1.000024E+04     1.000000E+00 
  724  7875   724     6.086003E+00     2.376578E+00     3.438100E-01     5.990532E+00     1.000024E+04     1.000000E+00 
  725  7886   725     6.086005E+00     2.376578E+00     3.438086E-01     5.990485E+00     1.000024E+04     1.000000E+00 
  726  7897   726     6.086003E+00     2.376578E+00     3.438140E-01     5.990587E+00     1.000024E+04     1.000000E+00 
  727  7908   727     6.086006E+00     2.376578E+00     3.438095E-01     5.990449E+00     1.000024E+04     1.000000E+00 
  728  7919   728     6.086006E+00     2.376578E+00     3.438308E-01     5.990825E+00     1.000024E+04     1.000000E+00 
  729  7930   729     6.086007E+00     2.376578E+00     3.438127E-01     5.990482E+00     1.000024E+04     1.000000E+00 
  730  7941   730     6.086008E+00     2.376578E+00     3.438471E-01     5.991043E+00     1.000024E+04     1.000000E+00 
  731  7952   731     6.086008E+00     2.376578E+00     3.438111E-01     5.990435E+00     1.000024E+04     1.000000E+00 
  732  7963   732     6.086010E+00     2.376578E+00     3.438650E-01     5.991303E+00     1.000024E+04     1.000000E+00 
  733  7974   733     6.086010E+00     2.376578E+00     3.438215E-01     5.990529E+00     1.000024E+04     1.000000E+00 
  734  7985   734     6.086014E+00     2.376578E+00     3.438893E-01     5.991640E+00     1.000024E+04     1.000000E+00 
  735  7996   735     6.086011E+00     2.376578E+00     3.438245E-01     5.990555E+00     1.000024E+04     1.000000E+00 
  736  8007   736     6.086015E+00     2.376578E+00     3.438942E-01     5.991709E+00     1.000024E+04     1.000000E+00 
  737  8018   737     6.086012E+00     2.376578E+00     3.438279E-01     5.990578E+00     1.000024E+04     1.000000E+00 
  738  8029   738     6.086018E+00     2.376578E+00     3.439147E-01     5.992007E+00     1.000024E+04     1.000000E+00 
  739  8040   739     6.086013E+00     2.376578E+00     3.438325E-01     5.990600E+00     1.000024E+04     1.000000E+00 
  740  8051   740     6.086019E+00     2.376578E+00     3.439168E-01     5.992062E+00     1.000024E+04     1.000000E+00 
  741  8062   741     6.086013E+00     2.376578E+00     3.438315E-01     5.990577E+00     1.000024E+04     1.000000E+00 
  742  8073   742     6.086019E+00     2.376578E+00     3.439214E-01     5.992149E+00     1.000024E+04     1.000000E+00 
  743  8084   743     6.086012E+00     2.376578E+00     3.438253E-01     5.990462E+00     1.000024E+04     1.000000E+00 
  744  8095   744     6.086018E+00     2.376578E+00     3.439108E-01     5.992066E+00     1.000024E+04     1.000000E+00 
  745  8106   745     6.086011E+00     2.376578E+00     3.438246E-01     5.990435E+00     1.000024E+04     1.000000E+00 
  746  8117   746     6.086016E+00     2.376578E+00     3.438995E-01     5.991941E+00     1.000024E+04     1.000000E+00 
  747  8128   747     6.086008E+00     2.376578E+00     3.438117E-01     5.990239E+00     1.000024E+04     1.000000E+00 
  748  8139   748     6.086014E+00     2.376578E+00     3.438866E-01     5.991819E+00     1.000024E+04     1.000000E+00 
  749  8150   749     6.086005E+00     2.376578E+00     3.438003E-01     5.990073E+00     1.000024E+04     1.000000E+00 
  750  8161   750     6.086012E+00     2.376578E+00     3.438690E-01     5.991636E+00     1.000024E+04     1.000000E+00 
  751  8172   751     6.086003E+00     2.376578E+00     3.437953E-01     5.989970E+00     1.000024E+04     1.000000E+00 
  752  8183   752     6.086009E+00     2.376578E+00     3.438465E-01     5.991390E+00     1.000024E+04     1.000000E+00 
  753  8194   753     6.086002E+00     2.376578E+00     3.437897E-01     5.989862E+00     1.000024E+04     1.000000E+00 
  754  8205   754     6.086007E+00     2.376578E+00     3.438335E-01     5.991282E+00     1.000024E+04     1.000000E+00 
  755  8216   755     6.086000E+00     2.376578E+00     3.437866E-01     5.989793E+00     1.000024E+04     1.000000E+00 
  756  8227   756     6.086005E+00     2.376578E+00     3.438118E-01     5.991036E+00     1.000024E+04     1.000000E+00 
  757  8238   757     6.085999E+00     2.376578E+00     3.437897E-01     5.989777E+00     1.000024E+04     1.000000E+00 
  758  8249   758     6.086005E+00     2.376578E+00     3.438050E-01     5.991027E+00     1.000024E+04     1.000000E+00 
  759  8260   759     6.086000E+00     2.376578E+00     3.437956E-01     5.989800E+00     1.000024E+04     1.000000E+00 
  760  8271   760     6.086005E+00     2.376578E+00     3.437986E-01     5.991009E+00     1.000024E+04     1.000000E+00 
  761  8282   761     6.086000E+00     2.376578E+00     3.438029E-01     5.989839E+00     1.000024E+04     1.000000E+00 
  762  8293   762     6.086004E+00     2.376578E+00     3.437830E-01     5.990869E+00     1.000024E+04     1.000000E+00 
  763  8304   763     6.086002E+00     2.376578E+00     3.438252E-01     5.990084E+00     1.000024E+04     1.000000E+00 
  764  8315   764     6.086005E+00     2.376578E+00     3.437801E-01     5.990891E+00     1.000024E+04     1.000000E+00 
  765  8326   765     6.086005E+00     2.376578E+00     3.438482E-01     5.990316E+00     1.000024E+04     1.000000E+00 
  766  8337   766     6.086006E+00     2.376578E+00     3.437757E-01     5.990921E+00     1.000024E+04     1.000000E+00 
  767  8348   767     6.086007E+00     2.376578E+00     3.438659E-01     5.990472E+00     1.000024E+04     1.000000E+00 
  768  8359   768     6.086008E+00     2.376578E+00     3.437771E-01     5.991006E+00     1.000024E+04     1.000000E+00 
  769  8370   769     6.086009E+00     2.376578E+00     3.438852E-01     5.990659E+00     1.000024E+04     1.000000E+00 
  770  8381   770     6.086010E+00     2.376578E+00     3.437846E-01     5.991176E+00     1.000024E+04     1.000000E+00 
  771  8392   771     6.086011E+00     2.376578E+00     3.439055E-01     5.990867E+00     1.000024E+04     1.000000E+00 
  772  8403   772     6.086012E+00     2.376578E+00     3.437834E-01     5.991200E+00     1.000024E+04     1.000000E+00 
  773  8414   773     6.086014E+00     2.376578E+00     3.439285E-01     5.991105E+00     1.000024E+04     1.000000E+00 
  774  8425   774     6.086012E+00     2.376578E+00     3.437779E-01     5.991139E+00     1.000024E+04     1.000000E+00 
  775  8436   775     6.086016E+00     2.376578E+00     3.439479E-01     5.991343E+00     1.000024E+04     1.000000E+00 
  776  8447   776     6.086012E+00     2.376578E+00     3.437761E-01     5.991134E+00     1.000024E+04     1.000000E+00 
  777  8458   777     6.086017E+00     2.376578E+00     3.439602E-01     5.991486E+00     1.000024E+04     1.000000E+00 
  778  8469   778     6.086013E+00     2.376578E+00     3.437759E-01     5.991126E+00     1.000024E+04     1.000000E+00 
  779  8480   779     6.086016E+00     2.376578E+00     3.439571E-01     5.991452E+00     1.000024E+04     1.000000E+00 
  780  8491   780     6.086011E+00     2.376578E+00     3.437646E-01     5.990936E+00     1.000024E+04     1.000000E+00 
  781  8502   781     6.086015E+00     2.376578E+00     3.439573E-01     5.991483E+00     1.000024E+04     1.000000E+00 
  782  8513   782     6.086010E+00     2.376578E+00     3.437609E-01     5.990855E+00     1.000024E+04     1.000000E+00 
  783  8524   783     6.086013E+00     2.376578E+00     3.439470E-01     5.991399E+00     1.000024E+04     1.000000E+00 
  784  8535   784     6.086009E+00     2.376578E+00     3.437526E-01     5.990685E+00     1.000024E+04     1.000000E+00 
  785  8546   785     6.086012E+00     2.376578E+00     3.439423E-01     5.991400E+00     1.000024E+04     1.000000E+00 
  786  8557   786     6.086007E+00     2.376578E+00     3.437447E-01     5.990526E+00     1.000024E+04     1.000000E+00 
  787  8568   787     6.086011E+00     2.376578E+00     3.439325E-01     5.991306E+00     1.000024E+04     1.000000E+00 
  788  8579   788     6.086006E+00     2.376578E+00     3.437464E-01     5.990482E+00     1.000024E+04     1.000000E+00 
  789  8590   789     6.086009E+00     2.376578E+00     3.439161E-01     5.991161E+00     1.000024E+04     1.000000E+00 
  790  8601   790     6.086006E+00     2.376578E+00     3.437489E-01     5.990460E+00     1.000024E+04     1.000000E+00 
  791  8612   791     6.086008E+00     2.376578E+00     3.439102E-01     5.991169E+00     1.000024E+04     1.000000E+00 
  792  8623   792     6.086006E+00     2.376578E+00     3.437488E-01     5.990389E+00     1.000024E+04     1.000000E+00 
  793  8634   793     6.086008E+00     2.376578E+00     3.439027E-01     5.991166E+00     1.000024E+04     1.000000E+00 
  794  8645   794     6.086006E+00     2.376578E+00     3.437566E-01     5.990407E+00     1.000024E+04     1.000000E+00 
  795  8656   795     6.086009E+00     2.376578E+00     3.438972E-01     5.991197E+00     1.000024E+04     1.000000E+00 
  796  8667   796     6.086008E+00     2.376578E+00     3.437689E-01     5.990498E+00     1.000024E+04     1.000000E+00 
  797  8678   797     6.086009E+00     2.376578E+00     3.438941E-01     5.991242E+00     1.000024E+04     1.000000E+00 
  798  8689   798     6.086009E+00     2.376578E+00     3.437787E-01     5.990540E+00     1.000024E+04     1.000000E+00 
  799  8700   799     6.086010E+00     2.376578E+00     3.438884E-01     5.991269E+00     1.000024E+04     1.000000E+00 
  800  8710   800     6.080737E+00     2.376578E+00     2.593684E-01     4.887135E+00     1.562659E-22     1.000000E-01 
