2025-08-12 14:09:16,097 - __main__ - INFO - Starting ring partition optimization with 2 refinement levels
2025-08-12 14:09:16,097 - __main__ - INFO - Results will be saved in: results/run_20250812_140916_npart2_nr10-18_incr8_na24-30_inca6_lam0.0_seed42
2025-08-12 14:09:16,097 - __main__ - INFO - ================================================================================
2025-08-12 14:09:16,097 - __main__ - INFO - Refinement Level 1/2
2025-08-12 14:09:16,097 - __main__ - INFO - ================================================================================
2025-08-12 14:09:16,097 - __main__ - INFO - Creating mesh with parameters: {'n_radial': 10, 'n_angular': 24, 'r_inner': 0.5, 'r_outer': 1.0}
2025-08-12 14:09:16,098 - ring_mesh - INFO - Creating ring mesh: n_radial=10, n_angular=24, r_inner=0.5, r_outer=1.0
2025-08-12 14:09:16,113 - ring_mesh - INFO - Mesh created: 240 vertices, 432 triangles
2025-08-12 14:09:16,113 - ring_mesh - INFO - Theoretical area: 2.356194
2025-08-12 14:09:16,114 - __main__ - INFO - Mesh created: 240 vertices, 432 triangles
2025-08-12 14:09:16,114 - __main__ - INFO - Computing FEM matrices...
2025-08-12 14:09:16,131 - ring_mesh - INFO - Starting matrix computation
2025-08-12 14:09:16,131 - ring_mesh - INFO - Starting matrix computation...
2025-08-12 14:09:16,201 - ring_mesh - INFO - Matrix computation completed: Mass matrix (240, 240), Stiffness matrix (240, 240)
2025-08-12 14:09:16,201 - ring_mesh - INFO - matrix computation completed: 0.070s, memory: 0.50MB
2025-08-12 14:09:16,201 - __main__ - INFO - Matrices computed successfully
2025-08-12 14:09:16,202 - ring_mesh - INFO - Mesh statistics: 240 vertices, 432 triangles, area=2.329371
2025-08-12 14:09:16,202 - __main__ - INFO - Setting epsilon to sqrt(mean_triangle_area): 7.343067e-02
2025-08-12 14:09:16,202 - pyslsqp_optimizer - INFO - PySLSQPOptimizer initialized:
2025-08-12 14:09:16,202 - pyslsqp_optimizer - INFO -   Ring: r_inner=0.500, r_outer=1.000
2025-08-12 14:09:16,202 - pyslsqp_optimizer - INFO -   Partitions: 2
2025-08-12 14:09:16,202 - pyslsqp_optimizer - INFO -   Epsilon: 7.34e-02
2025-08-12 14:09:16,202 - pyslsqp_optimizer - INFO -   Theoretical area: 2.356194
2025-08-12 14:09:16,202 - pyslsqp_optimizer - INFO -   Discretized area: 2.329371
2025-08-12 14:09:16,202 - __main__ - INFO - PySLSQP optimizer created
2025-08-12 14:09:16,203 - __main__ - INFO - Creating random initial condition using orthogonal projection
2025-08-12 14:09:16,204 - projection_iterative - INFO - Creating initial condition: 240x2, method=iterative
2025-08-12 14:09:16,204 - projection_iterative - INFO - Projection converged after 1 iterations
2025-08-12 14:09:16,204 - projection_iterative - INFO - Final errors: row=1.67e-10, area=1.00e-10
2025-08-12 14:09:16,205 - __main__ - INFO - Initial condition validation passed
2025-08-12 14:09:16,205 - __main__ - INFO - Checking analytic vs finite-difference gradients...
2025-08-12 14:09:16,205 - __main__ - INFO - Checking analytic vs finite-difference gradients...
2025-08-12 14:09:16,340 - __main__ - WARNING - Large gradient error at point 0: 9.13e-03
2025-08-12 14:09:16,469 - __main__ - WARNING - Large gradient error at point 1: 9.13e-03
2025-08-12 14:09:16,595 - __main__ - WARNING - Large gradient error at point 2: 9.13e-03
2025-08-12 14:09:16,722 - __main__ - WARNING - Large gradient error at point 3: 9.13e-03
2025-08-12 14:09:16,844 - __main__ - WARNING - Large gradient error at point 4: 9.11e-03
2025-08-12 14:09:16,970 - __main__ - WARNING - Large gradient error at point 5: 9.12e-03
2025-08-12 14:09:17,095 - __main__ - WARNING - Large gradient error at point 6: 9.14e-03
2025-08-12 14:09:17,221 - __main__ - WARNING - Large gradient error at point 7: 9.12e-03
2025-08-12 14:09:17,350 - __main__ - WARNING - Large gradient error at point 8: 9.13e-03
2025-08-12 14:09:17,484 - __main__ - WARNING - Large gradient error at point 9: 9.13e-03
2025-08-12 14:09:17,484 - __main__ - INFO - Gradient check completed: avg_error=9.13e-03, max_error=9.14e-03
2025-08-12 14:09:17,484 - __main__ - WARNING - Gradient errors are larger than expected
2025-08-12 14:09:17,485 - pyslsqp_optimizer - INFO - Starting optimization
2025-08-12 14:09:17,485 - pyslsqp_optimizer - INFO - Processing initial condition...
2025-08-12 14:09:17,486 - pyslsqp_optimizer - INFO - ✓ Initial condition processed
2025-08-12 14:09:17,486 - pyslsqp_optimizer - INFO - ✓ Initial condition validation passed
2025-08-12 14:09:17,487 - pyslsqp_optimizer - INFO - Initial state before optimization:
2025-08-12 14:09:17,487 - pyslsqp_optimizer - INFO -   Energy: 1.706245e+01
2025-08-12 14:09:17,487 - pyslsqp_optimizer - INFO -   Initial condition shape: (480,)
2025-08-12 14:09:17,487 - pyslsqp_optimizer - INFO -   Detailed optimization data will be saved to:
2025-08-12 14:09:17,487 - pyslsqp_optimizer - INFO -     Summary: results/run_20250812_140916_npart2_nr10-18_incr8_na24-30_inca6_lam0.0_seed42/pyslsqp_part2_nt10_np24_lam0.0_seed42_level0_summary.out
2025-08-12 14:09:17,487 - pyslsqp_optimizer - INFO -     Internal data: results/run_20250812_140916_npart2_nr10-18_incr8_na24-30_inca6_lam0.0_seed42/pyslsqp_part2_nt10_np24_lam0.0_seed42_level0_internal_data.hdf5
2025-08-12 14:09:17,487 - pyslsqp_optimizer - INFO - Starting PySLSQP optimization with analytic gradients...
2025-08-12 14:09:48,036 - pyslsqp_optimizer - INFO -   Iteration 50:
2025-08-12 14:09:48,036 - pyslsqp_optimizer - INFO -     Energy: 7.577714e+00
2025-08-12 14:09:48,036 - pyslsqp_optimizer - INFO -     Energy change: 6.240220e-07
2025-08-12 14:09:48,036 - pyslsqp_optimizer - INFO -     Theoretical target area per partition: 1.178097e+00
2025-08-12 14:09:48,036 - pyslsqp_optimizer - INFO -     Current partition areas: [1.13358074 1.19612329]
2025-08-12 14:10:18,974 - pyslsqp_optimizer - INFO -   Iteration 100:
2025-08-12 14:10:18,975 - pyslsqp_optimizer - INFO -     Energy: 7.577716e+00
2025-08-12 14:10:18,975 - pyslsqp_optimizer - INFO -     Energy change: 4.577985e-07
2025-08-12 14:10:18,975 - pyslsqp_optimizer - INFO -     Theoretical target area per partition: 1.178097e+00
2025-08-12 14:10:18,975 - pyslsqp_optimizer - INFO -     Current partition areas: [1.1335757 1.1961311]
2025-08-12 14:10:50,529 - pyslsqp_optimizer - INFO -   Iteration 150:
2025-08-12 14:10:50,529 - pyslsqp_optimizer - INFO -     Energy: 7.577715e+00
2025-08-12 14:10:50,529 - pyslsqp_optimizer - INFO -     Energy change: -4.397633e-07
2025-08-12 14:10:50,530 - pyslsqp_optimizer - INFO -     Theoretical target area per partition: 1.178097e+00
2025-08-12 14:10:50,530 - pyslsqp_optimizer - INFO -     Current partition areas: [1.13357523 1.19613151]
2025-08-12 14:11:29,600 - pyslsqp_optimizer - INFO -   Iteration 200:
2025-08-12 14:11:29,600 - pyslsqp_optimizer - INFO -     Energy: 7.577716e+00
2025-08-12 14:11:29,600 - pyslsqp_optimizer - INFO -     Energy change: -8.723294e-09
2025-08-12 14:11:29,600 - pyslsqp_optimizer - INFO -     Theoretical target area per partition: 1.178097e+00
2025-08-12 14:11:29,601 - pyslsqp_optimizer - INFO -     Current partition areas: [1.13357555 1.196131  ]
2025-08-12 14:12:00,451 - pyslsqp_optimizer - INFO -   Iteration 250:
2025-08-12 14:12:00,451 - pyslsqp_optimizer - INFO -     Energy: 7.577717e+00
2025-08-12 14:12:00,451 - pyslsqp_optimizer - INFO -     Energy change: 1.781218e-06
2025-08-12 14:12:00,451 - pyslsqp_optimizer - INFO -     Theoretical target area per partition: 1.178097e+00
2025-08-12 14:12:00,451 - pyslsqp_optimizer - INFO -     Current partition areas: [1.13357503 1.19613223]
2025-08-12 14:12:30,204 - pyslsqp_optimizer - INFO -   Iteration 300:
2025-08-12 14:12:30,204 - pyslsqp_optimizer - INFO -     Energy: 7.577715e+00
2025-08-12 14:12:30,204 - pyslsqp_optimizer - INFO -     Energy change: -3.037874e-08
2025-08-12 14:12:30,204 - pyslsqp_optimizer - INFO -     Theoretical target area per partition: 1.178097e+00
2025-08-12 14:12:30,204 - pyslsqp_optimizer - INFO -     Current partition areas: [1.13357542 1.19613135]
2025-08-12 14:12:59,943 - pyslsqp_optimizer - INFO -   Iteration 350:
2025-08-12 14:12:59,943 - pyslsqp_optimizer - INFO -     Energy: 7.577716e+00
2025-08-12 14:12:59,944 - pyslsqp_optimizer - INFO -     Energy change: 4.453660e-07
2025-08-12 14:12:59,944 - pyslsqp_optimizer - INFO -     Theoretical target area per partition: 1.178097e+00
2025-08-12 14:12:59,944 - pyslsqp_optimizer - INFO -     Current partition areas: [1.13357539 1.19613144]
2025-08-12 14:13:30,613 - pyslsqp_optimizer - INFO -   Iteration 400:
2025-08-12 14:13:30,613 - pyslsqp_optimizer - INFO -     Energy: 7.577715e+00
2025-08-12 14:13:30,613 - pyslsqp_optimizer - INFO -     Energy change: 4.877978e-07
2025-08-12 14:13:30,613 - pyslsqp_optimizer - INFO -     Theoretical target area per partition: 1.178097e+00
2025-08-12 14:13:30,613 - pyslsqp_optimizer - INFO -     Current partition areas: [1.13357568 1.1961312 ]
2025-08-12 14:14:00,306 - pyslsqp_optimizer - INFO -   Iteration 450:
2025-08-12 14:14:00,306 - pyslsqp_optimizer - INFO -     Energy: 7.577715e+00
2025-08-12 14:14:00,306 - pyslsqp_optimizer - INFO -     Energy change: 9.797118e-07
2025-08-12 14:14:00,306 - pyslsqp_optimizer - INFO -     Theoretical target area per partition: 1.178097e+00
2025-08-12 14:14:00,306 - pyslsqp_optimizer - INFO -     Current partition areas: [1.13357559 1.19613122]
2025-08-12 14:14:29,018 - pyslsqp_optimizer - INFO -   Iteration 500:
2025-08-12 14:14:29,018 - pyslsqp_optimizer - INFO -     Energy: 7.577714e+00
2025-08-12 14:14:29,018 - pyslsqp_optimizer - INFO -     Energy change: 8.414143e-07
2025-08-12 14:14:29,018 - pyslsqp_optimizer - INFO -     Theoretical target area per partition: 1.178097e+00
2025-08-12 14:14:29,018 - pyslsqp_optimizer - INFO -     Current partition areas: [1.13357573 1.19613098]
2025-08-12 14:14:57,553 - pyslsqp_optimizer - INFO -   Iteration 550:
2025-08-12 14:14:57,553 - pyslsqp_optimizer - INFO -     Energy: 7.577715e+00
2025-08-12 14:14:57,553 - pyslsqp_optimizer - INFO -     Energy change: 1.498103e-06
2025-08-12 14:14:57,553 - pyslsqp_optimizer - INFO -     Theoretical target area per partition: 1.178097e+00
2025-08-12 14:14:57,554 - pyslsqp_optimizer - INFO -     Current partition areas: [1.1335754  1.19613133]
2025-08-12 14:15:26,189 - pyslsqp_optimizer - INFO -   Iteration 600:
2025-08-12 14:15:26,189 - pyslsqp_optimizer - INFO -     Energy: 7.577714e+00
2025-08-12 14:15:26,189 - pyslsqp_optimizer - INFO -     Energy change: -8.607554e-07
2025-08-12 14:15:26,189 - pyslsqp_optimizer - INFO -     Theoretical target area per partition: 1.178097e+00
2025-08-12 14:15:26,190 - pyslsqp_optimizer - INFO -     Current partition areas: [1.13357586 1.19613069]
2025-08-12 14:15:54,967 - pyslsqp_optimizer - INFO -   Iteration 650:
2025-08-12 14:15:54,967 - pyslsqp_optimizer - INFO -     Energy: 7.577714e+00
2025-08-12 14:15:54,968 - pyslsqp_optimizer - INFO -     Energy change: -1.195086e-07
2025-08-12 14:15:54,968 - pyslsqp_optimizer - INFO -     Theoretical target area per partition: 1.178097e+00
2025-08-12 14:15:54,968 - pyslsqp_optimizer - INFO -     Current partition areas: [1.13357604 1.19613087]
2025-08-12 14:16:23,630 - pyslsqp_optimizer - INFO -   Iteration 700:
2025-08-12 14:16:23,630 - pyslsqp_optimizer - INFO -     Energy: 7.577716e+00
2025-08-12 14:16:23,630 - pyslsqp_optimizer - INFO -     Energy change: 2.295983e-06
2025-08-12 14:16:23,630 - pyslsqp_optimizer - INFO -     Theoretical target area per partition: 1.178097e+00
2025-08-12 14:16:23,630 - pyslsqp_optimizer - INFO -     Current partition areas: [1.13357549 1.19613158]
2025-08-12 14:16:52,197 - pyslsqp_optimizer - INFO -   Iteration 750:
2025-08-12 14:16:52,197 - pyslsqp_optimizer - INFO -     Energy: 7.577714e+00
2025-08-12 14:16:52,197 - pyslsqp_optimizer - INFO -     Energy change: 6.751048e-07
2025-08-12 14:16:52,197 - pyslsqp_optimizer - INFO -     Theoretical target area per partition: 1.178097e+00
2025-08-12 14:16:52,197 - pyslsqp_optimizer - INFO -     Current partition areas: [1.13357575 1.19613057]
2025-08-12 14:17:20,521 - pyslsqp_optimizer - INFO -   Iteration 800:
2025-08-12 14:17:20,522 - pyslsqp_optimizer - INFO -     Energy: 7.577665e+00
2025-08-12 14:17:20,522 - pyslsqp_optimizer - INFO -     Energy change: -4.770484e-05
2025-08-12 14:17:20,522 - pyslsqp_optimizer - INFO -     Theoretical target area per partition: 1.178097e+00
2025-08-12 14:17:20,522 - pyslsqp_optimizer - INFO -     Current partition areas: [1.13450943 1.19447011]
2025-08-12 14:17:20,558 - pyslsqp_optimizer - INFO - PySLSQP optimization completed:
2025-08-12 14:17:20,559 - pyslsqp_optimizer - INFO -   Success: False
2025-08-12 14:17:20,559 - pyslsqp_optimizer - INFO -   Summary saved to: results/run_20250812_140916_npart2_nr10-18_incr8_na24-30_inca6_lam0.0_seed42/pyslsqp_part2_nt10_np24_lam0.0_seed42_level0_summary.out
2025-08-12 14:17:20,559 - pyslsqp_optimizer - INFO -   Internal data saved to: results/run_20250812_140916_npart2_nr10-18_incr8_na24-30_inca6_lam0.0_seed42/pyslsqp_part2_nt10_np24_lam0.0_seed42_level0_internal_data.hdf5
2025-08-12 14:17:20,559 - pyslsqp_optimizer - WARNING - Returning last valid iterate before unsuccessful termination.
2025-08-12 14:17:20,560 - pyslsqp_optimizer - INFO - optimization completed: 483.075s, memory: 47.40MB
2025-08-12 14:17:20,561 - __main__ - INFO - Results for level 1:
2025-08-12 14:17:20,561 - __main__ - INFO -   Energy: 7.577713e+00
2025-08-12 14:17:20,561 - __main__ - INFO -   Iterations: 800
2025-08-12 14:17:20,561 - __main__ - INFO -   Time: 483.08s
2025-08-12 14:17:20,561 - __main__ - INFO -   Success: False
2025-08-12 14:17:20,561 - __main__ - INFO - ================================================================================
2025-08-12 14:17:20,561 - __main__ - INFO - Refinement Level 2/2
2025-08-12 14:17:20,561 - __main__ - INFO - ================================================================================
2025-08-12 14:17:20,561 - __main__ - INFO - Creating mesh with parameters: {'n_radial': 18, 'n_angular': 30, 'r_inner': 0.5, 'r_outer': 1.0}
2025-08-12 14:17:20,561 - ring_mesh - INFO - Creating ring mesh: n_radial=18, n_angular=30, r_inner=0.5, r_outer=1.0
2025-08-12 14:17:20,595 - ring_mesh - INFO - Mesh created: 540 vertices, 1020 triangles
2025-08-12 14:17:20,595 - ring_mesh - INFO - Theoretical area: 2.356194
2025-08-12 14:17:20,595 - __main__ - INFO - Mesh created: 540 vertices, 1020 triangles
2025-08-12 14:17:20,595 - __main__ - INFO - Computing FEM matrices...
2025-08-12 14:17:20,595 - ring_mesh - INFO - Starting matrix computation
2025-08-12 14:17:20,595 - ring_mesh - INFO - Starting matrix computation...
2025-08-12 14:17:20,739 - ring_mesh - INFO - Matrix computation completed: Mass matrix (540, 540), Stiffness matrix (540, 540)
2025-08-12 14:17:20,740 - ring_mesh - INFO - matrix computation completed: 0.144s, memory: 0.45MB
2025-08-12 14:17:20,740 - __main__ - INFO - Matrices computed successfully
2025-08-12 14:17:20,740 - ring_mesh - INFO - Mesh statistics: 540 vertices, 1020 triangles, area=2.339007
2025-08-12 14:17:20,740 - __main__ - INFO - Setting epsilon to sqrt(mean_triangle_area): 4.788678e-02
2025-08-12 14:17:20,741 - pyslsqp_optimizer - INFO - PySLSQPOptimizer initialized:
2025-08-12 14:17:20,741 - pyslsqp_optimizer - INFO -   Ring: r_inner=0.500, r_outer=1.000
2025-08-12 14:17:20,742 - pyslsqp_optimizer - INFO -   Partitions: 2
2025-08-12 14:17:20,742 - pyslsqp_optimizer - INFO -   Epsilon: 4.79e-02
2025-08-12 14:17:20,742 - pyslsqp_optimizer - INFO -   Theoretical area: 2.356194
2025-08-12 14:17:20,742 - pyslsqp_optimizer - INFO -   Discretized area: 2.339007
2025-08-12 14:17:20,742 - __main__ - INFO - PySLSQP optimizer created
2025-08-12 14:17:20,742 - __main__ - INFO - Mesh resolution changed. Interpolating solution from previous mesh to current mesh...
2025-08-12 14:17:20,752 - __main__ - INFO - Projecting interpolated solution to feasible region (orthogonal projection)
2025-08-12 14:17:20,754 - projection_iterative - INFO - Projection converged after 4 iterations
2025-08-12 14:17:20,754 - projection_iterative - INFO - Final errors: row=1.56e-09, area=1.00e-10
2025-08-12 14:17:20,754 - __main__ - INFO - Initial condition validation passed
2025-08-12 14:17:20,755 - __main__ - INFO - Initial condition validation passed
2025-08-12 14:17:20,755 - __main__ - INFO - Checking analytic vs finite-difference gradients...
2025-08-12 14:17:20,755 - __main__ - INFO - Checking analytic vs finite-difference gradients...
2025-08-12 14:17:21,068 - __main__ - WARNING - Large gradient error at point 0: 1.45e-02
2025-08-12 14:17:21,376 - __main__ - WARNING - Large gradient error at point 1: 1.45e-02
2025-08-12 14:17:21,682 - __main__ - WARNING - Large gradient error at point 2: 1.45e-02
2025-08-12 14:17:21,989 - __main__ - WARNING - Large gradient error at point 3: 1.45e-02
2025-08-12 14:17:22,294 - __main__ - WARNING - Large gradient error at point 4: 1.45e-02
2025-08-12 14:17:22,602 - __main__ - WARNING - Large gradient error at point 5: 1.45e-02
2025-08-12 14:17:22,909 - __main__ - WARNING - Large gradient error at point 6: 1.44e-02
2025-08-12 14:17:23,216 - __main__ - WARNING - Large gradient error at point 7: 1.44e-02
2025-08-12 14:17:23,520 - __main__ - WARNING - Large gradient error at point 8: 1.44e-02
2025-08-12 14:17:23,827 - __main__ - WARNING - Large gradient error at point 9: 1.44e-02
2025-08-12 14:17:23,828 - __main__ - INFO - Gradient check completed: avg_error=1.44e-02, max_error=1.45e-02
2025-08-12 14:17:23,828 - __main__ - WARNING - Gradient errors are larger than expected
2025-08-12 14:17:23,828 - pyslsqp_optimizer - INFO - Starting optimization
2025-08-12 14:17:23,828 - pyslsqp_optimizer - INFO - Processing initial condition...
2025-08-12 14:17:23,831 - pyslsqp_optimizer - INFO - ✓ Initial condition processed
2025-08-12 14:17:23,831 - pyslsqp_optimizer - INFO - ✓ Initial condition validation passed
2025-08-12 14:17:23,831 - pyslsqp_optimizer - INFO - Starting PySLSQP optimization with analytic gradients...
2025-08-12 14:17:32,378 - pyslsqp_optimizer - INFO -   Iteration 0:
2025-08-12 14:17:32,378 - pyslsqp_optimizer - INFO -     Energy: 7.155558e+00
2025-08-12 14:17:32,378 - pyslsqp_optimizer - INFO -     Theoretical target area per partition: 1.178097e+00
2025-08-12 14:17:32,378 - pyslsqp_optimizer - INFO -     Current partition areas: [1.16606336 1.17100768]
2025-08-12 14:37:06,543 - pyslsqp_optimizer - INFO -   Iteration 50:
2025-08-12 14:37:06,543 - pyslsqp_optimizer - INFO -     Energy: 6.085485e+00
2025-08-12 14:37:06,543 - pyslsqp_optimizer - INFO -     Energy change: 3.010105e-05
2025-08-12 14:37:06,543 - pyslsqp_optimizer - INFO -     Theoretical target area per partition: 1.178097e+00
2025-08-12 14:37:06,544 - pyslsqp_optimizer - INFO -     Current partition areas: [1.16208047 1.17562847]
2025-08-12 14:58:08,647 - pyslsqp_optimizer - INFO -   Iteration 100:
2025-08-12 14:58:08,647 - pyslsqp_optimizer - INFO -     Energy: 6.085940e+00
2025-08-12 14:58:08,647 - pyslsqp_optimizer - INFO -     Energy change: 1.311520e-05
2025-08-12 14:58:08,647 - pyslsqp_optimizer - INFO -     Theoretical target area per partition: 1.178097e+00
2025-08-12 14:58:08,648 - pyslsqp_optimizer - INFO -     Current partition areas: [1.16179881 1.17594345]
2025-08-12 15:19:22,751 - pyslsqp_optimizer - INFO -   Iteration 150:
2025-08-12 15:19:22,752 - pyslsqp_optimizer - INFO -     Energy: 6.086002e+00
2025-08-12 15:19:22,753 - pyslsqp_optimizer - INFO -     Energy change: 2.431414e-06
2025-08-12 15:19:22,753 - pyslsqp_optimizer - INFO -     Theoretical target area per partition: 1.178097e+00
2025-08-12 15:19:22,753 - pyslsqp_optimizer - INFO -     Current partition areas: [1.16173443 1.17601799]
2025-08-12 15:38:38,410 - pyslsqp_optimizer - INFO -   Iteration 200:
2025-08-12 15:38:38,411 - pyslsqp_optimizer - INFO -     Energy: 6.086009e+00
2025-08-12 15:38:38,411 - pyslsqp_optimizer - INFO -     Energy change: -2.920652e-06
2025-08-12 15:38:38,411 - pyslsqp_optimizer - INFO -     Theoretical target area per partition: 1.178097e+00
2025-08-12 15:38:38,411 - pyslsqp_optimizer - INFO -     Current partition areas: [1.16171767 1.1760386 ]
2025-08-12 15:59:07,268 - pyslsqp_optimizer - INFO -   Iteration 250:
2025-08-12 15:59:07,268 - pyslsqp_optimizer - INFO -     Energy: 6.086006e+00
2025-08-12 15:59:07,268 - pyslsqp_optimizer - INFO -     Energy change: -9.728932e-06
2025-08-12 15:59:07,268 - pyslsqp_optimizer - INFO -     Theoretical target area per partition: 1.178097e+00
2025-08-12 15:59:07,269 - pyslsqp_optimizer - INFO -     Current partition areas: [1.16171282 1.17604526]
2025-08-12 16:19:13,727 - pyslsqp_optimizer - INFO -   Iteration 300:
2025-08-12 16:19:13,728 - pyslsqp_optimizer - INFO -     Energy: 6.086007e+00
2025-08-12 16:19:13,728 - pyslsqp_optimizer - INFO -     Energy change: 1.056886e-06
2025-08-12 16:19:13,728 - pyslsqp_optimizer - INFO -     Theoretical target area per partition: 1.178097e+00
2025-08-12 16:19:13,729 - pyslsqp_optimizer - INFO -     Current partition areas: [1.16171127 1.1760475 ]
2025-08-12 16:38:47,707 - pyslsqp_optimizer - INFO -   Iteration 350:
2025-08-12 16:38:47,708 - pyslsqp_optimizer - INFO -     Energy: 6.086015e+00
2025-08-12 16:38:47,708 - pyslsqp_optimizer - INFO -     Energy change: 2.454966e-06
2025-08-12 16:38:47,708 - pyslsqp_optimizer - INFO -     Theoretical target area per partition: 1.178097e+00
2025-08-12 16:38:47,709 - pyslsqp_optimizer - INFO -     Current partition areas: [1.1617097  1.17604925]
2025-08-12 16:58:04,292 - pyslsqp_optimizer - INFO -   Iteration 400:
2025-08-12 16:58:04,293 - pyslsqp_optimizer - INFO -     Energy: 6.086007e+00
2025-08-12 16:58:04,293 - pyslsqp_optimizer - INFO -     Energy change: 2.385914e-06
2025-08-12 16:58:04,293 - pyslsqp_optimizer - INFO -     Theoretical target area per partition: 1.178097e+00
2025-08-12 16:58:04,293 - pyslsqp_optimizer - INFO -     Current partition areas: [1.16171015 1.17604839]
2025-08-12 17:17:46,422 - pyslsqp_optimizer - INFO -   Iteration 450:
2025-08-12 17:17:46,423 - pyslsqp_optimizer - INFO -     Energy: 6.086018e+00
2025-08-12 17:17:46,423 - pyslsqp_optimizer - INFO -     Energy change: 5.278024e-06
2025-08-12 17:17:46,423 - pyslsqp_optimizer - INFO -     Theoretical target area per partition: 1.178097e+00
2025-08-12 17:17:46,423 - pyslsqp_optimizer - INFO -     Current partition areas: [1.16170927 1.17604993]
2025-08-12 17:37:00,185 - pyslsqp_optimizer - INFO -   Iteration 500:
2025-08-12 17:37:00,186 - pyslsqp_optimizer - INFO -     Energy: 6.086008e+00
2025-08-12 17:37:00,186 - pyslsqp_optimizer - INFO -     Energy change: -7.965100e-06
2025-08-12 17:37:00,186 - pyslsqp_optimizer - INFO -     Theoretical target area per partition: 1.178097e+00
2025-08-12 17:37:00,187 - pyslsqp_optimizer - INFO -     Current partition areas: [1.16170996 1.17604888]
2025-08-12 17:56:32,130 - pyslsqp_optimizer - INFO -   Iteration 550:
2025-08-12 17:56:32,131 - pyslsqp_optimizer - INFO -     Energy: 6.086010e+00
2025-08-12 17:56:32,131 - pyslsqp_optimizer - INFO -     Energy change: -1.228740e-06
2025-08-12 17:56:32,131 - pyslsqp_optimizer - INFO -     Theoretical target area per partition: 1.178097e+00
2025-08-12 17:56:32,132 - pyslsqp_optimizer - INFO -     Current partition areas: [1.16170996 1.17604883]
2025-08-12 18:17:34,730 - pyslsqp_optimizer - INFO -   Iteration 600:
2025-08-12 18:17:34,731 - pyslsqp_optimizer - INFO -     Energy: 6.086011e+00
2025-08-12 18:17:34,731 - pyslsqp_optimizer - INFO -     Energy change: 7.085064e-06
2025-08-12 18:17:34,731 - pyslsqp_optimizer - INFO -     Theoretical target area per partition: 1.178097e+00
2025-08-12 18:17:34,731 - pyslsqp_optimizer - INFO -     Current partition areas: [1.16171038 1.17604895]
2025-08-12 18:37:43,290 - pyslsqp_optimizer - INFO -   Iteration 650:
2025-08-12 18:37:43,290 - pyslsqp_optimizer - INFO -     Energy: 6.086010e+00
2025-08-12 18:37:43,290 - pyslsqp_optimizer - INFO -     Energy change: -5.473409e-07
2025-08-12 18:37:43,290 - pyslsqp_optimizer - INFO -     Theoretical target area per partition: 1.178097e+00
2025-08-12 18:37:43,290 - pyslsqp_optimizer - INFO -     Current partition areas: [1.16170922 1.1760492 ]
2025-08-12 18:58:22,956 - pyslsqp_optimizer - INFO -   Iteration 700:
2025-08-12 18:58:22,956 - pyslsqp_optimizer - INFO -     Energy: 6.086008e+00
2025-08-12 18:58:22,956 - pyslsqp_optimizer - INFO -     Energy change: 4.240008e-06
2025-08-12 18:58:22,956 - pyslsqp_optimizer - INFO -     Theoretical target area per partition: 1.178097e+00
2025-08-12 18:58:22,956 - pyslsqp_optimizer - INFO -     Current partition areas: [1.16170936 1.1760492 ]
2025-08-12 19:18:28,821 - pyslsqp_optimizer - INFO -   Iteration 750:
2025-08-12 19:18:28,821 - pyslsqp_optimizer - INFO -     Energy: 6.086003e+00
2025-08-12 19:18:28,821 - pyslsqp_optimizer - INFO -     Energy change: -8.524250e-06
2025-08-12 19:18:28,821 - pyslsqp_optimizer - INFO -     Theoretical target area per partition: 1.178097e+00
2025-08-12 19:18:28,822 - pyslsqp_optimizer - INFO -     Current partition areas: [1.16171104 1.17604802]
2025-08-12 19:38:14,235 - pyslsqp_optimizer - INFO - PySLSQP optimization completed:
2025-08-12 19:38:14,235 - pyslsqp_optimizer - INFO -   Success: False
2025-08-12 19:38:14,235 - pyslsqp_optimizer - INFO -   Summary saved to: results/run_20250812_140916_npart2_nr10-18_incr8_na24-30_inca6_lam0.0_seed42/pyslsqp_part2_nt18_np30_lam0.0_seed42_level1_summary.out
2025-08-12 19:38:14,236 - pyslsqp_optimizer - INFO -   Internal data saved to: results/run_20250812_140916_npart2_nr10-18_incr8_na24-30_inca6_lam0.0_seed42/pyslsqp_part2_nt18_np30_lam0.0_seed42_level1_internal_data.hdf5
2025-08-12 19:38:14,236 - pyslsqp_optimizer - WARNING - Returning last valid iterate before unsuccessful termination.
2025-08-12 19:38:14,241 - pyslsqp_optimizer - INFO - optimization completed: 19250.413s, memory: 37.10MB
2025-08-12 19:38:14,243 - __main__ - INFO - Results for level 2:
2025-08-12 19:38:14,244 - __main__ - INFO -   Energy: 6.086010e+00
2025-08-12 19:38:14,244 - __main__ - INFO -   Iterations: 799
2025-08-12 19:38:14,244 - __main__ - INFO -   Time: 19250.41s
2025-08-12 19:38:14,244 - __main__ - INFO -   Success: False
2025-08-12 19:38:14,244 - __main__ - INFO - Refinement Summary:
2025-08-12 19:38:14,244 - __main__ - INFO - ================================================================================
2025-08-12 19:38:14,244 - __main__ - INFO -  Level    Mesh Size       Energy Iterations   Time (s)
2025-08-12 19:38:14,244 - __main__ - INFO - --------------------------------------------------------------------------------
2025-08-12 19:38:14,244 - __main__ - INFO -      1        10x24 7.577713e+00        800     483.08
2025-08-12 19:38:14,244 - __main__ - INFO -      2        18x30 6.086010e+00        799   19250.41
2025-08-12 19:38:14,246 - __main__ - INFO - ✅ Solution file saved: results/run_20250812_140916_npart2_nr10-18_incr8_na24-30_inca6_lam0.0_seed42/ring_part2_nr10-18_incr8_na24-30_inca6_lam0.0_seed42_20250812_140916.h5
