MAJOR  NFEV  NGEV           OBJFUN            GNORM            CNORM             FEAS              OPT             STEP 
    0     1     1     1.706245E+01     6.869655E+00     1.341154E-02     9.900000E+01     9.900000E+01     9.900000E+01 
    1     2     1     1.256780E+01     6.869655E+00     4.395989E-01     2.438976E+00     1.245369E-02     1.000000E+00 
    2     3     2     8.028772E+00     5.774083E+00     6.903435E-01     7.088867E+00     4.307726E-01     1.000000E+00 
    3     4     3     7.914709E+00     3.859412E+00     1.074761E+00     1.115131E+01     2.624002E+03     1.000000E+00 
    4    15     4     7.747810E+00     3.859293E+00     1.116999E+00     1.171090E+01     2.632362E+03     1.000000E+00 
    5    26     5     7.648750E+00     3.859118E+00     1.169254E+00     1.260200E+01     2.641850E+03     1.000000E+00 
    6    37     6     7.607158E+00     3.858887E+00     1.215174E+00     1.323955E+01     2.651160E+03     1.000000E+00 
    7    48     7     7.591403E+00     3.858482E+00     1.245748E+00     1.364561E+01     2.665432E+03     1.000000E+00 
    8    59     8     7.584556E+00     3.858009E+00     1.269508E+00     1.396024E+01     2.681368E+03     1.000000E+00 
    9    60     9     7.581198E+00     3.755122E+00     1.286540E+00     1.417613E+01     1.000183E+04     1.000000E+00 
   10    61    10     7.578239E+00     3.755375E+00     1.314302E+00     1.452844E+01     1.000186E+04     1.000000E+00 
   11    62    11     7.577665E+00     3.750967E+00     1.348657E+00     1.494955E+01     1.000190E+04     1.000000E+00 
   12    63    12     7.577348E+00     3.748932E+00     1.357881E+00     1.505341E+01     1.000195E+04     1.000000E+00 
   13    74    13     7.577294E+00     3.748932E+00     1.370697E+00     1.521077E+01     1.000195E+04     1.000000E+00 
   14    85    14     7.577403E+00     3.748932E+00     1.375143E+00     1.526162E+01     1.000195E+04     1.000000E+00 
   15    96    15     7.577422E+00     3.748932E+00     1.376694E+00     1.528028E+01     1.000195E+04     1.000000E+00 
   16   107    16     7.577459E+00     3.748932E+00     1.378317E+00     1.529696E+01     1.000195E+04     1.000000E+00 
   17   118    17     7.577491E+00     3.748932E+00     1.379445E+00     1.530986E+01     1.000195E+04     1.000000E+00 
   18   129    18     7.577524E+00     3.748932E+00     1.380687E+00     1.532190E+01     1.000195E+04     1.000000E+00 
   19   140    19     7.577551E+00     3.748932E+00     1.381554E+00     1.533186E+01     1.000195E+04     1.000000E+00 
   20   151    20     7.577577E+00     3.748932E+00     1.382518E+00     1.534064E+01     1.000195E+04     1.000000E+00 
   21   162    21     7.577597E+00     3.748932E+00     1.383190E+00     1.534814E+01     1.000195E+04     1.000000E+00 
   22   173    22     7.577615E+00     3.748932E+00     1.383955E+00     1.535470E+01     1.000195E+04     1.000000E+00 
   23   184    23     7.577630E+00     3.748932E+00     1.384480E+00     1.536082E+01     1.000195E+04     1.000000E+00 
   24   195    24     7.577643E+00     3.748932E+00     1.385103E+00     1.536618E+01     1.000195E+04     1.000000E+00 
   25   206    25     7.577654E+00     3.748932E+00     1.385516E+00     1.537120E+01     1.000195E+04     1.000000E+00 
   26   217    26     7.577663E+00     3.748932E+00     1.386034E+00     1.537548E+01     1.000195E+04     1.000000E+00 
   27   228    27     7.577670E+00     3.748932E+00     1.386358E+00     1.537955E+01     1.000195E+04     1.000000E+00 
   28   239    28     7.577677E+00     3.748932E+00     1.386797E+00     1.538307E+01     1.000195E+04     1.000000E+00 
   29   250    29     7.577683E+00     3.748932E+00     1.387054E+00     1.538647E+01     1.000195E+04     1.000000E+00 
   30   261    30     7.577687E+00     3.748932E+00     1.387422E+00     1.538930E+01     1.000195E+04     1.000000E+00 
   31   272    31     7.577691E+00     3.748932E+00     1.387623E+00     1.539214E+01     1.000195E+04     1.000000E+00 
   32   283    32     7.577695E+00     3.748932E+00     1.387941E+00     1.539449E+01     1.000195E+04     1.000000E+00 
   33   294    33     7.577697E+00     3.748932E+00     1.388097E+00     1.539689E+01     1.000195E+04     1.000000E+00 
   34   305    34     7.577700E+00     3.748932E+00     1.388374E+00     1.539884E+01     1.000195E+04     1.000000E+00 
   35   316    35     7.577702E+00     3.748932E+00     1.388495E+00     1.540092E+01     1.000195E+04     1.000000E+00 
   36   327    36     7.577704E+00     3.748932E+00     1.388735E+00     1.540249E+01     1.000195E+04     1.000000E+00 
   37   338    37     7.577705E+00     3.748932E+00     1.388822E+00     1.540425E+01     1.000195E+04     1.000000E+00 
   38   349    38     7.577707E+00     3.748932E+00     1.389036E+00     1.540555E+01     1.000195E+04     1.000000E+00 
   39   360    39     7.577708E+00     3.748932E+00     1.389097E+00     1.540706E+01     1.000195E+04     1.000000E+00 
   40   371    40     7.577709E+00     3.748932E+00     1.389288E+00     1.540813E+01     1.000195E+04     1.000000E+00 
   41   382    41     7.577710E+00     3.748932E+00     1.389330E+00     1.540949E+01     1.000195E+04     1.000000E+00 
   42   393    42     7.577710E+00     3.748932E+00     1.389497E+00     1.541028E+01     1.000195E+04     1.000000E+00 
   43   404    43     7.577711E+00     3.748932E+00     1.389525E+00     1.541152E+01     1.000195E+04     1.000000E+00 
   44   415    44     7.577712E+00     3.748932E+00     1.389676E+00     1.541215E+01     1.000195E+04     1.000000E+00 
   45   426    45     7.577712E+00     3.748932E+00     1.389685E+00     1.541319E+01     1.000195E+04     1.000000E+00 
   46   437    46     7.577713E+00     3.748932E+00     1.389826E+00     1.541372E+01     1.000195E+04     1.000000E+00 
   47   448    47     7.577712E+00     3.748932E+00     1.389818E+00     1.541460E+01     1.000195E+04     1.000000E+00 
   48   459    48     7.577713E+00     3.748932E+00     1.389952E+00     1.541503E+01     1.000195E+04     1.000000E+00 
   49   470    49     7.577713E+00     3.748932E+00     1.389937E+00     1.541586E+01     1.000195E+04     1.000000E+00 
   50   481    50     7.577714E+00     3.748932E+00     1.390054E+00     1.541612E+01     1.000195E+04     1.000000E+00 
   51   492    51     7.577714E+00     3.748932E+00     1.390034E+00     1.541690E+01     1.000195E+04     1.000000E+00 
   52   503    52     7.577714E+00     3.748932E+00     1.390140E+00     1.541701E+01     1.000195E+04     1.000000E+00 
   53   514    53     7.577714E+00     3.748932E+00     1.390116E+00     1.541778E+01     1.000195E+04     1.000000E+00 
   54   525    54     7.577714E+00     3.748932E+00     1.390214E+00     1.541781E+01     1.000195E+04     1.000000E+00 
   55   536    55     7.577714E+00     3.748932E+00     1.390189E+00     1.541859E+01     1.000195E+04     1.000000E+00 
   56   547    56     7.577714E+00     3.748932E+00     1.390274E+00     1.541844E+01     1.000195E+04     1.000000E+00 
   57   558    57     7.577715E+00     3.748932E+00     1.390248E+00     1.541922E+01     1.000195E+04     1.000000E+00 
   58   569    58     7.577715E+00     3.748932E+00     1.390324E+00     1.541897E+01     1.000195E+04     1.000000E+00 
   59   580    59     7.577715E+00     3.748932E+00     1.390298E+00     1.541978E+01     1.000195E+04     1.000000E+00 
   60   591    60     7.577715E+00     3.748932E+00     1.390371E+00     1.541947E+01     1.000195E+04     1.000000E+00 
   61   602    61     7.577715E+00     3.748932E+00     1.390336E+00     1.542018E+01     1.000195E+04     1.000000E+00 
   62   613    62     7.577715E+00     3.748932E+00     1.390410E+00     1.541990E+01     1.000195E+04     1.000000E+00 
   63   624    63     7.577715E+00     3.748932E+00     1.390376E+00     1.542061E+01     1.000195E+04     1.000000E+00 
   64   635    64     7.577715E+00     3.748932E+00     1.390440E+00     1.542024E+01     1.000195E+04     1.000000E+00 
   65   646    65     7.577715E+00     3.748932E+00     1.390405E+00     1.542093E+01     1.000195E+04     1.000000E+00 
   66   657    66     7.577715E+00     3.748932E+00     1.390463E+00     1.542050E+01     1.000195E+04     1.000000E+00 
   67   668    67     7.577715E+00     3.748932E+00     1.390433E+00     1.542125E+01     1.000195E+04     1.000000E+00 
   68   679    68     7.577716E+00     3.748932E+00     1.390486E+00     1.542075E+01     1.000195E+04     1.000000E+00 
   69   690    69     7.577715E+00     3.748932E+00     1.390454E+00     1.542145E+01     1.000195E+04     1.000000E+00 
   70   701    70     7.577716E+00     3.748932E+00     1.390503E+00     1.542097E+01     1.000195E+04     1.000000E+00 
   71   712    71     7.577716E+00     3.748932E+00     1.390475E+00     1.542168E+01     1.000195E+04     1.000000E+00 
   72   723    72     7.577715E+00     3.748932E+00     1.390515E+00     1.542110E+01     1.000195E+04     1.000000E+00 
   73   734    73     7.577716E+00     3.748932E+00     1.390494E+00     1.542188E+01     1.000195E+04     1.000000E+00 
   74   745    74     7.577716E+00     3.748932E+00     1.390526E+00     1.542125E+01     1.000195E+04     1.000000E+00 
   75   756    75     7.577716E+00     3.748932E+00     1.390508E+00     1.542203E+01     1.000195E+04     1.000000E+00 
   76   767    76     7.577716E+00     3.748932E+00     1.390534E+00     1.542134E+01     1.000195E+04     1.000000E+00 
   77   778    77     7.577716E+00     3.748932E+00     1.390520E+00     1.542213E+01     1.000195E+04     1.000000E+00 
   78   789    78     7.577716E+00     3.748932E+00     1.390544E+00     1.542148E+01     1.000195E+04     1.000000E+00 
   79   800    79     7.577716E+00     3.748932E+00     1.390533E+00     1.542226E+01     1.000195E+04     1.000000E+00 
   80   811    80     7.577715E+00     3.748932E+00     1.390541E+00     1.542148E+01     1.000195E+04     1.000000E+00 
   81   822    81     7.577716E+00     3.748932E+00     1.390544E+00     1.542234E+01     1.000195E+04     1.000000E+00 
   82   833    82     7.577716E+00     3.748932E+00     1.390549E+00     1.542160E+01     1.000195E+04     1.000000E+00 
   83   844    83     7.577716E+00     3.748932E+00     1.390551E+00     1.542238E+01     1.000195E+04     1.000000E+00 
   84   855    84     7.577716E+00     3.748932E+00     1.390549E+00     1.542165E+01     1.000195E+04     1.000000E+00 
   85   866    85     7.577716E+00     3.748932E+00     1.390559E+00     1.542244E+01     1.000195E+04     1.000000E+00 
   86   877    86     7.577716E+00     3.748932E+00     1.390551E+00     1.542168E+01     1.000195E+04     1.000000E+00 
   87   888    87     7.577715E+00     3.748932E+00     1.390565E+00     1.542248E+01     1.000195E+04     1.000000E+00 
   88   899    88     7.577716E+00     3.748932E+00     1.390553E+00     1.542174E+01     1.000195E+04     1.000000E+00 
   89   910    89     7.577715E+00     3.748932E+00     1.390573E+00     1.542254E+01     1.000195E+04     1.000000E+00 
   90   921    90     7.577715E+00     3.748932E+00     1.390550E+00     1.542173E+01     1.000195E+04     1.000000E+00 
   91   932    91     7.577715E+00     3.748932E+00     1.390576E+00     1.542254E+01     1.000195E+04     1.000000E+00 
   92   943    92     7.577715E+00     3.748932E+00     1.390548E+00     1.542172E+01     1.000195E+04     1.000000E+00 
   93   954    93     7.577715E+00     3.748932E+00     1.390586E+00     1.542263E+01     1.000195E+04     1.000000E+00 
   94   965    94     7.577715E+00     3.748932E+00     1.390548E+00     1.542176E+01     1.000195E+04     1.000000E+00 
   95   976    95     7.577715E+00     3.748932E+00     1.390589E+00     1.542263E+01     1.000195E+04     1.000000E+00 
   96   987    96     7.577715E+00     3.748932E+00     1.390548E+00     1.542178E+01     1.000195E+04     1.000000E+00 
   97   998    97     7.577715E+00     3.748932E+00     1.390597E+00     1.542270E+01     1.000195E+04     1.000000E+00 
   98  1009    98     7.577715E+00     3.748932E+00     1.390544E+00     1.542177E+01     1.000195E+04     1.000000E+00 
   99  1020    99     7.577715E+00     3.748932E+00     1.390598E+00     1.542268E+01     1.000195E+04     1.000000E+00 
  100  1031   100     7.577716E+00     3.748932E+00     1.390544E+00     1.542180E+01     1.000195E+04     1.000000E+00 
  101  1042   101     7.577715E+00     3.748932E+00     1.390603E+00     1.542270E+01     1.000195E+04     1.000000E+00 
  102  1053   102     7.577716E+00     3.748932E+00     1.390543E+00     1.542181E+01     1.000195E+04     1.000000E+00 
  103  1064   103     7.577715E+00     3.748932E+00     1.390611E+00     1.542277E+01     1.000195E+04     1.000000E+00 
  104  1075   104     7.577716E+00     3.748932E+00     1.390543E+00     1.542183E+01     1.000195E+04     1.000000E+00 
  105  1086   105     7.577715E+00     3.748932E+00     1.390611E+00     1.542275E+01     1.000195E+04     1.000000E+00 
  106  1097   106     7.577716E+00     3.748932E+00     1.390542E+00     1.542184E+01     1.000195E+04     1.000000E+00 
  107  1108   107     7.577716E+00     3.748932E+00     1.390619E+00     1.542284E+01     1.000195E+04     1.000000E+00 
  108  1119   108     7.577716E+00     3.748932E+00     1.390540E+00     1.542183E+01     1.000195E+04     1.000000E+00 
  109  1130   109     7.577716E+00     3.748932E+00     1.390620E+00     1.542282E+01     1.000195E+04     1.000000E+00 
  110  1141   110     7.577716E+00     3.748932E+00     1.390546E+00     1.542191E+01     1.000195E+04     1.000000E+00 
  111  1152   111     7.577716E+00     3.748932E+00     1.390622E+00     1.542285E+01     1.000195E+04     1.000000E+00 
  112  1163   112     7.577716E+00     3.748932E+00     1.390547E+00     1.542192E+01     1.000195E+04     1.000000E+00 
  113  1174   113     7.577716E+00     3.748932E+00     1.390627E+00     1.542290E+01     1.000195E+04     1.000000E+00 
  114  1185   114     7.577717E+00     3.748932E+00     1.390546E+00     1.542192E+01     1.000195E+04     1.000000E+00 
  115  1196   115     7.577716E+00     3.748932E+00     1.390631E+00     1.542294E+01     1.000195E+04     1.000000E+00 
  116  1207   116     7.577717E+00     3.748932E+00     1.390545E+00     1.542191E+01     1.000195E+04     1.000000E+00 
  117  1218   117     7.577716E+00     3.748932E+00     1.390631E+00     1.542294E+01     1.000195E+04     1.000000E+00 
  118  1229   118     7.577717E+00     3.748932E+00     1.390549E+00     1.542197E+01     1.000195E+04     1.000000E+00 
  119  1240   119     7.577716E+00     3.748932E+00     1.390631E+00     1.542293E+01     1.000195E+04     1.000000E+00 
  120  1251   120     7.577717E+00     3.748932E+00     1.390552E+00     1.542202E+01     1.000195E+04     1.000000E+00 
  121  1262   121     7.577716E+00     3.748932E+00     1.390631E+00     1.542291E+01     1.000195E+04     1.000000E+00 
  122  1273   122     7.577717E+00     3.748932E+00     1.390553E+00     1.542203E+01     1.000195E+04     1.000000E+00 
  123  1284   123     7.577716E+00     3.748932E+00     1.390631E+00     1.542290E+01     1.000195E+04     1.000000E+00 
  124  1295   124     7.577717E+00     3.748932E+00     1.390553E+00     1.542204E+01     1.000195E+04     1.000000E+00 
  125  1306   125     7.577716E+00     3.748932E+00     1.390628E+00     1.542286E+01     1.000195E+04     1.000000E+00 
  126  1317   126     7.577717E+00     3.748932E+00     1.390557E+00     1.542207E+01     1.000195E+04     1.000000E+00 
  127  1328   127     7.577716E+00     3.748932E+00     1.390624E+00     1.542281E+01     1.000195E+04     1.000000E+00 
  128  1339   128     7.577717E+00     3.748932E+00     1.390560E+00     1.542213E+01     1.000195E+04     1.000000E+00 
  129  1350   129     7.577716E+00     3.748932E+00     1.390617E+00     1.542272E+01     1.000195E+04     1.000000E+00 
  130  1361   130     7.577717E+00     3.748932E+00     1.390563E+00     1.542215E+01     1.000195E+04     1.000000E+00 
  131  1372   131     7.577716E+00     3.748932E+00     1.390621E+00     1.542277E+01     1.000195E+04     1.000000E+00 
  132  1383   132     7.577717E+00     3.748932E+00     1.390563E+00     1.542216E+01     1.000195E+04     1.000000E+00 
  133  1394   133     7.577716E+00     3.748932E+00     1.390611E+00     1.542264E+01     1.000195E+04     1.000000E+00 
  134  1405   134     7.577716E+00     3.748932E+00     1.390561E+00     1.542213E+01     1.000195E+04     1.000000E+00 
  135  1416   135     7.577716E+00     3.748932E+00     1.390612E+00     1.542265E+01     1.000195E+04     1.000000E+00 
  136  1427   136     7.577716E+00     3.748932E+00     1.390562E+00     1.542213E+01     1.000195E+04     1.000000E+00 
  137  1438   137     7.577716E+00     3.748932E+00     1.390604E+00     1.542257E+01     1.000195E+04     1.000000E+00 
  138  1449   138     7.577716E+00     3.748932E+00     1.390566E+00     1.542219E+01     1.000195E+04     1.000000E+00 
  139  1460   139     7.577716E+00     3.748932E+00     1.390603E+00     1.542254E+01     1.000195E+04     1.000000E+00 
  140  1471   140     7.577715E+00     3.748932E+00     1.390561E+00     1.542214E+01     1.000195E+04     1.000000E+00 
  141  1482   141     7.577715E+00     3.748932E+00     1.390598E+00     1.542247E+01     1.000195E+04     1.000000E+00 
  142  1493   142     7.577716E+00     3.748932E+00     1.390569E+00     1.542224E+01     1.000195E+04     1.000000E+00 
  143  1504   143     7.577715E+00     3.748932E+00     1.390593E+00     1.542240E+01     1.000195E+04     1.000000E+00 
  144  1515   144     7.577715E+00     3.748932E+00     1.390565E+00     1.542220E+01     1.000195E+04     1.000000E+00 
  145  1526   145     7.577715E+00     3.748932E+00     1.390594E+00     1.542241E+01     1.000195E+04     1.000000E+00 
  146  1537   146     7.577715E+00     3.748932E+00     1.390565E+00     1.542223E+01     1.000195E+04     1.000000E+00 
  147  1548   147     7.577715E+00     3.748932E+00     1.390591E+00     1.542236E+01     1.000195E+04     1.000000E+00 
  148  1559   148     7.577715E+00     3.748932E+00     1.390568E+00     1.542227E+01     1.000195E+04     1.000000E+00 
  149  1570   149     7.577715E+00     3.748932E+00     1.390588E+00     1.542230E+01     1.000195E+04     1.000000E+00 
  150  1581   150     7.577715E+00     3.748932E+00     1.390567E+00     1.542227E+01     1.000195E+04     1.000000E+00 
  151  1592   151     7.577716E+00     3.748932E+00     1.390589E+00     1.542231E+01     1.000195E+04     1.000000E+00 
  152  1603   152     7.577715E+00     3.748932E+00     1.390570E+00     1.542233E+01     1.000195E+04     1.000000E+00 
  153  1614   153     7.577715E+00     3.748932E+00     1.390586E+00     1.542223E+01     1.000195E+04     1.000000E+00 
  154  1625   154     7.577715E+00     3.748932E+00     1.390573E+00     1.542239E+01     1.000195E+04     1.000000E+00 
  155  1636   155     7.577716E+00     3.748932E+00     1.390587E+00     1.542223E+01     1.000195E+04     1.000000E+00 
  156  1647   156     7.577715E+00     3.748932E+00     1.390569E+00     1.542238E+01     1.000195E+04     1.000000E+00 
  157  1658   157     7.577716E+00     3.748932E+00     1.390587E+00     1.542221E+01     1.000195E+04     1.000000E+00 
  158  1669   158     7.577715E+00     3.748932E+00     1.390574E+00     1.542245E+01     1.000195E+04     1.000000E+00 
  159  1680   159     7.577716E+00     3.748932E+00     1.390593E+00     1.542225E+01     1.000195E+04     1.000000E+00 
  160  1691   160     7.577715E+00     3.748932E+00     1.390570E+00     1.542242E+01     1.000195E+04     1.000000E+00 
  161  1702   161     7.577716E+00     3.748932E+00     1.390597E+00     1.542228E+01     1.000195E+04     1.000000E+00 
  162  1713   162     7.577715E+00     3.748932E+00     1.390568E+00     1.542243E+01     1.000195E+04     1.000000E+00 
  163  1724   163     7.577716E+00     3.748932E+00     1.390598E+00     1.542226E+01     1.000195E+04     1.000000E+00 
  164  1735   164     7.577715E+00     3.748932E+00     1.390567E+00     1.542246E+01     1.000195E+04     1.000000E+00 
  165  1746   165     7.577717E+00     3.748932E+00     1.390602E+00     1.542228E+01     1.000195E+04     1.000000E+00 
  166  1757   166     7.577715E+00     3.748932E+00     1.390570E+00     1.542251E+01     1.000195E+04     1.000000E+00 
  167  1768   167     7.577717E+00     3.748932E+00     1.390607E+00     1.542232E+01     1.000195E+04     1.000000E+00 
  168  1779   168     7.577715E+00     3.748932E+00     1.390570E+00     1.542254E+01     1.000195E+04     1.000000E+00 
  169  1790   169     7.577717E+00     3.748932E+00     1.390607E+00     1.542229E+01     1.000195E+04     1.000000E+00 
  170  1801   170     7.577715E+00     3.748932E+00     1.390567E+00     1.542254E+01     1.000195E+04     1.000000E+00 
  171  1812   171     7.577717E+00     3.748932E+00     1.390613E+00     1.542236E+01     1.000195E+04     1.000000E+00 
  172  1823   172     7.577715E+00     3.748932E+00     1.390561E+00     1.542248E+01     1.000195E+04     1.000000E+00 
  173  1834   173     7.577717E+00     3.748932E+00     1.390616E+00     1.542236E+01     1.000195E+04     1.000000E+00 
  174  1845   174     7.577715E+00     3.748932E+00     1.390561E+00     1.542250E+01     1.000195E+04     1.000000E+00 
  175  1856   175     7.577717E+00     3.748932E+00     1.390620E+00     1.542239E+01     1.000195E+04     1.000000E+00 
  176  1867   176     7.577716E+00     3.748932E+00     1.390564E+00     1.542255E+01     1.000195E+04     1.000000E+00 
  177  1878   177     7.577717E+00     3.748932E+00     1.390619E+00     1.542237E+01     1.000195E+04     1.000000E+00 
  178  1889   178     7.577715E+00     3.748932E+00     1.390559E+00     1.542250E+01     1.000195E+04     1.000000E+00 
  179  1900   179     7.577717E+00     3.748932E+00     1.390620E+00     1.542238E+01     1.000195E+04     1.000000E+00 
  180  1911   180     7.577716E+00     3.748932E+00     1.390558E+00     1.542249E+01     1.000195E+04     1.000000E+00 
  181  1922   181     7.577717E+00     3.748932E+00     1.390623E+00     1.542241E+01     1.000195E+04     1.000000E+00 
  182  1933   182     7.577715E+00     3.748932E+00     1.390553E+00     1.542243E+01     1.000195E+04     1.000000E+00 
  183  1944   183     7.577717E+00     3.748932E+00     1.390626E+00     1.542246E+01     1.000195E+04     1.000000E+00 
  184  1955   184     7.577715E+00     3.748932E+00     1.390551E+00     1.542240E+01     1.000195E+04     1.000000E+00 
  185  1966   185     7.577717E+00     3.748932E+00     1.390627E+00     1.542246E+01     1.000195E+04     1.000000E+00 
  186  1977   186     7.577715E+00     3.748932E+00     1.390550E+00     1.542237E+01     1.000195E+04     1.000000E+00 
  187  1988   187     7.577717E+00     3.748932E+00     1.390624E+00     1.542245E+01     1.000195E+04     1.000000E+00 
  188  1999   188     7.577715E+00     3.748932E+00     1.390549E+00     1.542235E+01     1.000195E+04     1.000000E+00 
  189  2010   189     7.577716E+00     3.748932E+00     1.390624E+00     1.542246E+01     1.000195E+04     1.000000E+00 
  190  2021   190     7.577715E+00     3.748932E+00     1.390547E+00     1.542230E+01     1.000195E+04     1.000000E+00 
  191  2032   191     7.577716E+00     3.748932E+00     1.390622E+00     1.542246E+01     1.000195E+04     1.000000E+00 
  192  2043   192     7.577715E+00     3.748932E+00     1.390546E+00     1.542226E+01     1.000195E+04     1.000000E+00 
  193  2054   193     7.577716E+00     3.748932E+00     1.390625E+00     1.542254E+01     1.000195E+04     1.000000E+00 
  194  2065   194     7.577715E+00     3.748932E+00     1.390544E+00     1.542218E+01     1.000195E+04     1.000000E+00 
  195  2076   195     7.577716E+00     3.748932E+00     1.390623E+00     1.542256E+01     1.000195E+04     1.000000E+00 
  196  2087   196     7.577715E+00     3.748932E+00     1.390543E+00     1.542213E+01     1.000195E+04     1.000000E+00 
  197  2098   197     7.577716E+00     3.748932E+00     1.390621E+00     1.542256E+01     1.000195E+04     1.000000E+00 
  198  2109   198     7.577716E+00     3.748932E+00     1.390546E+00     1.542213E+01     1.000195E+04     1.000000E+00 
  199  2120   199     7.577716E+00     3.748932E+00     1.390620E+00     1.542260E+01     1.000195E+04     1.000000E+00 
  200  2131   200     7.577716E+00     3.748932E+00     1.390547E+00     1.542209E+01     1.000195E+04     1.000000E+00 
  201  2142   201     7.577715E+00     3.748932E+00     1.390616E+00     1.542259E+01     1.000195E+04     1.000000E+00 
  202  2153   202     7.577716E+00     3.748932E+00     1.390553E+00     1.542212E+01     1.000195E+04     1.000000E+00 
  203  2164   203     7.577715E+00     3.748932E+00     1.390614E+00     1.542262E+01     1.000195E+04     1.000000E+00 
  204  2175   204     7.577716E+00     3.748932E+00     1.390549E+00     1.542201E+01     1.000195E+04     1.000000E+00 
  205  2186   205     7.577716E+00     3.748932E+00     1.390615E+00     1.542271E+01     1.000195E+04     1.000000E+00 
  206  2197   206     7.577716E+00     3.748932E+00     1.390554E+00     1.542203E+01     1.000195E+04     1.000000E+00 
  207  2208   207     7.577715E+00     3.748932E+00     1.390613E+00     1.542271E+01     1.000195E+04     1.000000E+00 
  208  2219   208     7.577716E+00     3.748932E+00     1.390557E+00     1.542201E+01     1.000195E+04     1.000000E+00 
  209  2230   209     7.577715E+00     3.748932E+00     1.390606E+00     1.542269E+01     1.000195E+04     1.000000E+00 
  210  2241   210     7.577716E+00     3.748932E+00     1.390564E+00     1.542203E+01     1.000195E+04     1.000000E+00 
  211  2252   211     7.577715E+00     3.748932E+00     1.390601E+00     1.542269E+01     1.000195E+04     1.000000E+00 
  212  2263   212     7.577717E+00     3.748932E+00     1.390571E+00     1.542205E+01     1.000195E+04     1.000000E+00 
  213  2274   213     7.577715E+00     3.748932E+00     1.390601E+00     1.542275E+01     1.000195E+04     1.000000E+00 
  214  2285   214     7.577717E+00     3.748932E+00     1.390575E+00     1.542204E+01     1.000195E+04     1.000000E+00 
  215  2296   215     7.577715E+00     3.748932E+00     1.390593E+00     1.542273E+01     1.000195E+04     1.000000E+00 
  216  2307   216     7.577717E+00     3.748932E+00     1.390581E+00     1.542205E+01     1.000195E+04     1.000000E+00 
  217  2318   217     7.577715E+00     3.748932E+00     1.390590E+00     1.542276E+01     1.000195E+04     1.000000E+00 
  218  2329   218     7.577717E+00     3.748932E+00     1.390584E+00     1.542201E+01     1.000195E+04     1.000000E+00 
  219  2340   219     7.577715E+00     3.748932E+00     1.390586E+00     1.542277E+01     1.000195E+04     1.000000E+00 
  220  2351   220     7.577717E+00     3.748932E+00     1.390595E+00     1.542209E+01     1.000195E+04     1.000000E+00 
  221  2362   221     7.577715E+00     3.748932E+00     1.390580E+00     1.542274E+01     1.000195E+04     1.000000E+00 
  222  2373   222     7.577717E+00     3.748932E+00     1.390596E+00     1.542204E+01     1.000195E+04     1.000000E+00 
  223  2384   223     7.577715E+00     3.748932E+00     1.390575E+00     1.542275E+01     1.000195E+04     1.000000E+00 
  224  2395   224     7.577717E+00     3.748932E+00     1.390606E+00     1.542211E+01     1.000195E+04     1.000000E+00 
  225  2406   225     7.577715E+00     3.748932E+00     1.390566E+00     1.542268E+01     1.000195E+04     1.000000E+00 
  226  2417   226     7.577717E+00     3.748932E+00     1.390611E+00     1.542214E+01     1.000195E+04     1.000000E+00 
  227  2428   227     7.577715E+00     3.748932E+00     1.390564E+00     1.542270E+01     1.000195E+04     1.000000E+00 
  228  2439   228     7.577717E+00     3.748932E+00     1.390615E+00     1.542215E+01     1.000195E+04     1.000000E+00 
  229  2450   229     7.577715E+00     3.748932E+00     1.390557E+00     1.542264E+01     1.000195E+04     1.000000E+00 
  230  2461   230     7.577717E+00     3.748932E+00     1.390621E+00     1.542219E+01     1.000195E+04     1.000000E+00 
  231  2472   231     7.577715E+00     3.748932E+00     1.390549E+00     1.542257E+01     1.000195E+04     1.000000E+00 
  232  2483   232     7.577717E+00     3.748932E+00     1.390627E+00     1.542225E+01     1.000195E+04     1.000000E+00 
  233  2494   233     7.577715E+00     3.748932E+00     1.390547E+00     1.542257E+01     1.000195E+04     1.000000E+00 
  234  2505   234     7.577717E+00     3.748932E+00     1.390631E+00     1.542228E+01     1.000195E+04     1.000000E+00 
  235  2516   235     7.577715E+00     3.748932E+00     1.390541E+00     1.542252E+01     1.000195E+04     1.000000E+00 
  236  2527   236     7.577717E+00     3.748932E+00     1.390634E+00     1.542229E+01     1.000195E+04     1.000000E+00 
  237  2538   237     7.577715E+00     3.748932E+00     1.390539E+00     1.542251E+01     1.000195E+04     1.000000E+00 
  238  2549   238     7.577717E+00     3.748932E+00     1.390638E+00     1.542234E+01     1.000195E+04     1.000000E+00 
  239  2560   239     7.577715E+00     3.748932E+00     1.390534E+00     1.542244E+01     1.000195E+04     1.000000E+00 
  240  2571   240     7.577717E+00     3.748932E+00     1.390641E+00     1.542236E+01     1.000195E+04     1.000000E+00 
  241  2582   241     7.577715E+00     3.748932E+00     1.390529E+00     1.542241E+01     1.000195E+04     1.000000E+00 
  242  2593   242     7.577717E+00     3.748932E+00     1.390643E+00     1.542239E+01     1.000195E+04     1.000000E+00 
  243  2604   243     7.577715E+00     3.748932E+00     1.390527E+00     1.542236E+01     1.000195E+04     1.000000E+00 
  244  2615   244     7.577717E+00     3.748932E+00     1.390647E+00     1.542246E+01     1.000195E+04     1.000000E+00 
  245  2626   245     7.577715E+00     3.748932E+00     1.390523E+00     1.542230E+01     1.000195E+04     1.000000E+00 
  246  2637   246     7.577717E+00     3.748932E+00     1.390648E+00     1.542248E+01     1.000195E+04     1.000000E+00 
  247  2648   247     7.577715E+00     3.748932E+00     1.390521E+00     1.542226E+01     1.000195E+04     1.000000E+00 
  248  2659   248     7.577717E+00     3.748932E+00     1.390652E+00     1.542255E+01     1.000195E+04     1.000000E+00 
  249  2670   249     7.577715E+00     3.748932E+00     1.390520E+00     1.542222E+01     1.000195E+04     1.000000E+00 
  250  2681   250     7.577717E+00     3.748932E+00     1.390651E+00     1.542258E+01     1.000195E+04     1.000000E+00 
  251  2692   251     7.577715E+00     3.748932E+00     1.390517E+00     1.542215E+01     1.000195E+04     1.000000E+00 
  252  2703   252     7.577717E+00     3.748932E+00     1.390653E+00     1.542263E+01     1.000195E+04     1.000000E+00 
  253  2714   253     7.577715E+00     3.748932E+00     1.390518E+00     1.542213E+01     1.000195E+04     1.000000E+00 
  254  2725   254     7.577717E+00     3.748932E+00     1.390653E+00     1.542266E+01     1.000195E+04     1.000000E+00 
  255  2736   255     7.577715E+00     3.748932E+00     1.390518E+00     1.542210E+01     1.000195E+04     1.000000E+00 
  256  2747   256     7.577716E+00     3.748932E+00     1.390650E+00     1.542266E+01     1.000195E+04     1.000000E+00 
  257  2758   257     7.577715E+00     3.748932E+00     1.390518E+00     1.542205E+01     1.000195E+04     1.000000E+00 
  258  2769   258     7.577716E+00     3.748932E+00     1.390646E+00     1.542265E+01     1.000195E+04     1.000000E+00 
  259  2780   259     7.577715E+00     3.748932E+00     1.390520E+00     1.542205E+01     1.000195E+04     1.000000E+00 
  260  2791   260     7.577716E+00     3.748932E+00     1.390646E+00     1.542270E+01     1.000195E+04     1.000000E+00 
  261  2802   261     7.577715E+00     3.748932E+00     1.390520E+00     1.542201E+01     1.000195E+04     1.000000E+00 
  262  2813   262     7.577716E+00     3.748932E+00     1.390642E+00     1.542266E+01     1.000195E+04     1.000000E+00 
  263  2824   263     7.577715E+00     3.748932E+00     1.390524E+00     1.542203E+01     1.000195E+04     1.000000E+00 
  264  2835   264     7.577716E+00     3.748932E+00     1.390637E+00     1.542263E+01     1.000195E+04     1.000000E+00 
  265  2846   265     7.577715E+00     3.748932E+00     1.390524E+00     1.542199E+01     1.000195E+04     1.000000E+00 
  266  2857   266     7.577715E+00     3.748932E+00     1.390635E+00     1.542263E+01     1.000195E+04     1.000000E+00 
  267  2868   267     7.577715E+00     3.748932E+00     1.390527E+00     1.542200E+01     1.000195E+04     1.000000E+00 
  268  2879   268     7.577715E+00     3.748932E+00     1.390631E+00     1.542263E+01     1.000195E+04     1.000000E+00 
  269  2890   269     7.577715E+00     3.748932E+00     1.390529E+00     1.542198E+01     1.000195E+04     1.000000E+00 
  270  2901   270     7.577715E+00     3.748932E+00     1.390628E+00     1.542260E+01     1.000195E+04     1.000000E+00 
  271  2912   271     7.577715E+00     3.748932E+00     1.390531E+00     1.542200E+01     1.000195E+04     1.000000E+00 
  272  2923   272     7.577715E+00     3.748932E+00     1.390624E+00     1.542257E+01     1.000195E+04     1.000000E+00 
  273  2934   273     7.577715E+00     3.748932E+00     1.390535E+00     1.542202E+01     1.000195E+04     1.000000E+00 
  274  2945   274     7.577715E+00     3.748932E+00     1.390619E+00     1.542254E+01     1.000195E+04     1.000000E+00 
  275  2956   275     7.577715E+00     3.748932E+00     1.390534E+00     1.542199E+01     1.000195E+04     1.000000E+00 
  276  2967   276     7.577715E+00     3.748932E+00     1.390617E+00     1.542252E+01     1.000195E+04     1.000000E+00 
  277  2978   277     7.577715E+00     3.748932E+00     1.390539E+00     1.542203E+01     1.000195E+04     1.000000E+00 
  278  2989   278     7.577715E+00     3.748932E+00     1.390613E+00     1.542248E+01     1.000195E+04     1.000000E+00 
  279  3000   279     7.577715E+00     3.748932E+00     1.390544E+00     1.542211E+01     1.000195E+04     1.000000E+00 
  280  3011   280     7.577715E+00     3.748932E+00     1.390607E+00     1.542240E+01     1.000195E+04     1.000000E+00 
  281  3022   281     7.577715E+00     3.748932E+00     1.390546E+00     1.542213E+01     1.000195E+04     1.000000E+00 
  282  3033   282     7.577715E+00     3.748932E+00     1.390605E+00     1.542238E+01     1.000195E+04     1.000000E+00 
  283  3044   283     7.577715E+00     3.748932E+00     1.390550E+00     1.542218E+01     1.000195E+04     1.000000E+00 
  284  3055   284     7.577715E+00     3.748932E+00     1.390603E+00     1.542235E+01     1.000195E+04     1.000000E+00 
  285  3066   285     7.577715E+00     3.748932E+00     1.390552E+00     1.542221E+01     1.000195E+04     1.000000E+00 
  286  3077   286     7.577715E+00     3.748932E+00     1.390601E+00     1.542231E+01     1.000195E+04     1.000000E+00 
  287  3088   287     7.577715E+00     3.748932E+00     1.390553E+00     1.542226E+01     1.000195E+04     1.000000E+00 
  288  3099   288     7.577715E+00     3.748932E+00     1.390600E+00     1.542228E+01     1.000195E+04     1.000000E+00 
  289  3110   289     7.577715E+00     3.748932E+00     1.390558E+00     1.542234E+01     1.000195E+04     1.000000E+00 
  290  3121   290     7.577715E+00     3.748932E+00     1.390595E+00     1.542218E+01     1.000195E+04     1.000000E+00 
  291  3132   291     7.577715E+00     3.748932E+00     1.390562E+00     1.542241E+01     1.000195E+04     1.000000E+00 
  292  3143   292     7.577715E+00     3.748932E+00     1.390595E+00     1.542216E+01     1.000195E+04     1.000000E+00 
  293  3154   293     7.577715E+00     3.748932E+00     1.390565E+00     1.542248E+01     1.000195E+04     1.000000E+00 
  294  3165   294     7.577715E+00     3.748932E+00     1.390591E+00     1.542207E+01     1.000195E+04     1.000000E+00 
  295  3176   295     7.577715E+00     3.748932E+00     1.390567E+00     1.542255E+01     1.000195E+04     1.000000E+00 
  296  3187   296     7.577715E+00     3.748932E+00     1.390590E+00     1.542202E+01     1.000195E+04     1.000000E+00 
  297  3198   297     7.577716E+00     3.748932E+00     1.390574E+00     1.542268E+01     1.000195E+04     1.000000E+00 
  298  3209   298     7.577715E+00     3.748932E+00     1.390590E+00     1.542198E+01     1.000195E+04     1.000000E+00 
  299  3220   299     7.577716E+00     3.748932E+00     1.390573E+00     1.542271E+01     1.000195E+04     1.000000E+00 
  300  3231   300     7.577715E+00     3.748932E+00     1.390590E+00     1.542193E+01     1.000195E+04     1.000000E+00 
  301  3242   301     7.577715E+00     3.748932E+00     1.390573E+00     1.542275E+01     1.000195E+04     1.000000E+00 
  302  3253   302     7.577716E+00     3.748932E+00     1.390589E+00     1.542187E+01     1.000195E+04     1.000000E+00 
  303  3264   303     7.577716E+00     3.748932E+00     1.390578E+00     1.542287E+01     1.000195E+04     1.000000E+00 
  304  3275   304     7.577716E+00     3.748932E+00     1.390590E+00     1.542183E+01     1.000195E+04     1.000000E+00 
  305  3286   305     7.577716E+00     3.748932E+00     1.390578E+00     1.542292E+01     1.000195E+04     1.000000E+00 
  306  3297   306     7.577716E+00     3.748932E+00     1.390587E+00     1.542174E+01     1.000195E+04     1.000000E+00 
  307  3308   307     7.577716E+00     3.748932E+00     1.390581E+00     1.542301E+01     1.000195E+04     1.000000E+00 
  308  3319   308     7.577716E+00     3.748932E+00     1.390586E+00     1.542169E+01     1.000195E+04     1.000000E+00 
  309  3330   309     7.577716E+00     3.748932E+00     1.390579E+00     1.542303E+01     1.000195E+04     1.000000E+00 
  310  3341   310     7.577716E+00     3.748932E+00     1.390588E+00     1.542165E+01     1.000195E+04     1.000000E+00 
  311  3352   311     7.577715E+00     3.748932E+00     1.390577E+00     1.542307E+01     1.000195E+04     1.000000E+00 
  312  3363   312     7.577716E+00     3.748932E+00     1.390587E+00     1.542159E+01     1.000195E+04     1.000000E+00 
  313  3374   313     7.577716E+00     3.748932E+00     1.390578E+00     1.542312E+01     1.000195E+04     1.000000E+00 
  314  3385   314     7.577716E+00     3.748932E+00     1.390589E+00     1.542156E+01     1.000195E+04     1.000000E+00 
  315  3396   315     7.577715E+00     3.748932E+00     1.390576E+00     1.542314E+01     1.000195E+04     1.000000E+00 
  316  3407   316     7.577716E+00     3.748932E+00     1.390587E+00     1.542150E+01     1.000195E+04     1.000000E+00 
  317  3418   317     7.577715E+00     3.748932E+00     1.390575E+00     1.542316E+01     1.000195E+04     1.000000E+00 
  318  3429   318     7.577716E+00     3.748932E+00     1.390590E+00     1.542149E+01     1.000195E+04     1.000000E+00 
  319  3440   319     7.577715E+00     3.748932E+00     1.390571E+00     1.542316E+01     1.000195E+04     1.000000E+00 
  320  3451   320     7.577715E+00     3.748932E+00     1.390588E+00     1.542144E+01     1.000195E+04     1.000000E+00 
  321  3462   321     7.577715E+00     3.748932E+00     1.390571E+00     1.542319E+01     1.000195E+04     1.000000E+00 
  322  3473   322     7.577715E+00     3.748932E+00     1.390588E+00     1.542140E+01     1.000195E+04     1.000000E+00 
  323  3484   323     7.577715E+00     3.748932E+00     1.390569E+00     1.542320E+01     1.000195E+04     1.000000E+00 
  324  3495   324     7.577715E+00     3.748932E+00     1.390589E+00     1.542139E+01     1.000195E+04     1.000000E+00 
  325  3506   325     7.577715E+00     3.748932E+00     1.390564E+00     1.542317E+01     1.000195E+04     1.000000E+00 
  326  3517   326     7.577715E+00     3.748932E+00     1.390592E+00     1.542138E+01     1.000195E+04     1.000000E+00 
  327  3528   327     7.577715E+00     3.748932E+00     1.390559E+00     1.542315E+01     1.000195E+04     1.000000E+00 
  328  3539   328     7.577715E+00     3.748932E+00     1.390595E+00     1.542139E+01     1.000195E+04     1.000000E+00 
  329  3550   329     7.577715E+00     3.748932E+00     1.390557E+00     1.542315E+01     1.000195E+04     1.000000E+00 
  330  3561   330     7.577715E+00     3.748932E+00     1.390594E+00     1.542135E+01     1.000195E+04     1.000000E+00 
  331  3572   331     7.577714E+00     3.748932E+00     1.390551E+00     1.542311E+01     1.000195E+04     1.000000E+00 
  332  3583   332     7.577715E+00     3.748932E+00     1.390601E+00     1.542140E+01     1.000195E+04     1.000000E+00 
  333  3594   333     7.577714E+00     3.748932E+00     1.390549E+00     1.542311E+01     1.000195E+04     1.000000E+00 
  334  3605   334     7.577715E+00     3.748932E+00     1.390602E+00     1.542139E+01     1.000195E+04     1.000000E+00 
  335  3616   335     7.577714E+00     3.748932E+00     1.390545E+00     1.542308E+01     1.000195E+04     1.000000E+00 
  336  3627   336     7.577715E+00     3.748932E+00     1.390600E+00     1.542136E+01     1.000195E+04     1.000000E+00 
  337  3638   337     7.577715E+00     3.748932E+00     1.390550E+00     1.542315E+01     1.000195E+04     1.000000E+00 
  338  3649   338     7.577715E+00     3.748932E+00     1.390601E+00     1.542135E+01     1.000195E+04     1.000000E+00 
  339  3660   339     7.577715E+00     3.748932E+00     1.390544E+00     1.542309E+01     1.000195E+04     1.000000E+00 
  340  3671   340     7.577715E+00     3.748932E+00     1.390605E+00     1.542140E+01     1.000195E+04     1.000000E+00 
  341  3682   341     7.577715E+00     3.748932E+00     1.390551E+00     1.542319E+01     1.000195E+04     1.000000E+00 
  342  3693   342     7.577715E+00     3.748932E+00     1.390606E+00     1.542140E+01     1.000195E+04     1.000000E+00 
  343  3704   343     7.577715E+00     3.748932E+00     1.390541E+00     1.542309E+01     1.000195E+04     1.000000E+00 
  344  3715   344     7.577715E+00     3.748932E+00     1.390608E+00     1.542141E+01     1.000195E+04     1.000000E+00 
  345  3726   345     7.577715E+00     3.748932E+00     1.390542E+00     1.542310E+01     1.000195E+04     1.000000E+00 
  346  3737   346     7.577715E+00     3.748932E+00     1.390616E+00     1.542150E+01     1.000195E+04     1.000000E+00 
  347  3748   347     7.577715E+00     3.748932E+00     1.390541E+00     1.542309E+01     1.000195E+04     1.000000E+00 
  348  3759   348     7.577715E+00     3.748932E+00     1.390621E+00     1.542157E+01     1.000195E+04     1.000000E+00 
  349  3770   349     7.577715E+00     3.748932E+00     1.390538E+00     1.542305E+01     1.000195E+04     1.000000E+00 
  350  3781   350     7.577716E+00     3.748932E+00     1.390627E+00     1.542164E+01     1.000195E+04     1.000000E+00 
  351  3792   351     7.577715E+00     3.748932E+00     1.390538E+00     1.542304E+01     1.000195E+04     1.000000E+00 
  352  3803   352     7.577716E+00     3.748932E+00     1.390632E+00     1.542171E+01     1.000195E+04     1.000000E+00 
  353  3814   353     7.577716E+00     3.748932E+00     1.390538E+00     1.542303E+01     1.000195E+04     1.000000E+00 
  354  3825   354     7.577716E+00     3.748932E+00     1.390633E+00     1.542176E+01     1.000195E+04     1.000000E+00 
  355  3836   355     7.577716E+00     3.748932E+00     1.390540E+00     1.542302E+01     1.000195E+04     1.000000E+00 
  356  3847   356     7.577716E+00     3.748932E+00     1.390638E+00     1.542184E+01     1.000195E+04     1.000000E+00 
  357  3858   357     7.577716E+00     3.748932E+00     1.390541E+00     1.542300E+01     1.000195E+04     1.000000E+00 
  358  3869   358     7.577716E+00     3.748932E+00     1.390639E+00     1.542189E+01     1.000195E+04     1.000000E+00 
  359  3880   359     7.577716E+00     3.748932E+00     1.390541E+00     1.542295E+01     1.000195E+04     1.000000E+00 
  360  3891   360     7.577717E+00     3.748932E+00     1.390643E+00     1.542200E+01     1.000195E+04     1.000000E+00 
  361  3902   361     7.577717E+00     3.748932E+00     1.390542E+00     1.542290E+01     1.000195E+04     1.000000E+00 
  362  3913   362     7.577717E+00     3.748932E+00     1.390644E+00     1.542207E+01     1.000195E+04     1.000000E+00 
  363  3924   363     7.577717E+00     3.748932E+00     1.390542E+00     1.542284E+01     1.000195E+04     1.000000E+00 
  364  3935   364     7.577717E+00     3.748932E+00     1.390643E+00     1.542213E+01     1.000195E+04     1.000000E+00 
  365  3946   365     7.577717E+00     3.748932E+00     1.390543E+00     1.542277E+01     1.000195E+04     1.000000E+00 
  366  3957   366     7.577717E+00     3.748932E+00     1.390643E+00     1.542223E+01     1.000195E+04     1.000000E+00 
  367  3968   367     7.577717E+00     3.748932E+00     1.390546E+00     1.542271E+01     1.000195E+04     1.000000E+00 
  368  3979   368     7.577716E+00     3.748932E+00     1.390639E+00     1.542228E+01     1.000195E+04     1.000000E+00 
  369  3990   369     7.577716E+00     3.748932E+00     1.390543E+00     1.542258E+01     1.000195E+04     1.000000E+00 
  370  4001   370     7.577716E+00     3.748932E+00     1.390639E+00     1.542236E+01     1.000195E+04     1.000000E+00 
  371  4012   371     7.577716E+00     3.748932E+00     1.390544E+00     1.542250E+01     1.000195E+04     1.000000E+00 
  372  4023   372     7.577716E+00     3.748932E+00     1.390631E+00     1.542236E+01     1.000195E+04     1.000000E+00 
  373  4034   373     7.577716E+00     3.748932E+00     1.390548E+00     1.542245E+01     1.000195E+04     1.000000E+00 
  374  4045   374     7.577716E+00     3.748932E+00     1.390629E+00     1.542243E+01     1.000195E+04     1.000000E+00 
  375  4056   375     7.577716E+00     3.748932E+00     1.390546E+00     1.542232E+01     1.000195E+04     1.000000E+00 
  376  4067   376     7.577716E+00     3.748932E+00     1.390623E+00     1.542247E+01     1.000195E+04     1.000000E+00 
  377  4078   377     7.577715E+00     3.748932E+00     1.390545E+00     1.542222E+01     1.000195E+04     1.000000E+00 
  378  4089   378     7.577716E+00     3.748932E+00     1.390618E+00     1.542248E+01     1.000195E+04     1.000000E+00 
  379  4100   379     7.577715E+00     3.748932E+00     1.390548E+00     1.542216E+01     1.000195E+04     1.000000E+00 
  380  4111   380     7.577715E+00     3.748932E+00     1.390614E+00     1.542254E+01     1.000195E+04     1.000000E+00 
  381  4122   381     7.577715E+00     3.748932E+00     1.390550E+00     1.542209E+01     1.000195E+04     1.000000E+00 
  382  4133   382     7.577715E+00     3.748932E+00     1.390607E+00     1.542253E+01     1.000195E+04     1.000000E+00 
  383  4144   383     7.577715E+00     3.748932E+00     1.390548E+00     1.542200E+01     1.000195E+04     1.000000E+00 
  384  4155   384     7.577715E+00     3.748932E+00     1.390603E+00     1.542256E+01     1.000195E+04     1.000000E+00 
  385  4166   385     7.577715E+00     3.748932E+00     1.390549E+00     1.542194E+01     1.000195E+04     1.000000E+00 
  386  4177   386     7.577715E+00     3.748932E+00     1.390598E+00     1.542257E+01     1.000195E+04     1.000000E+00 
  387  4188   387     7.577715E+00     3.748932E+00     1.390555E+00     1.542194E+01     1.000195E+04     1.000000E+00 
  388  4199   388     7.577714E+00     3.748932E+00     1.390590E+00     1.542253E+01     1.000195E+04     1.000000E+00 
  389  4210   389     7.577715E+00     3.748932E+00     1.390554E+00     1.542186E+01     1.000195E+04     1.000000E+00 
  390  4221   390     7.577715E+00     3.748932E+00     1.390595E+00     1.542265E+01     1.000195E+04     1.000000E+00 
  391  4232   391     7.577714E+00     3.748932E+00     1.390550E+00     1.542175E+01     1.000195E+04     1.000000E+00 
  392  4243   392     7.577715E+00     3.748932E+00     1.390590E+00     1.542265E+01     1.000195E+04     1.000000E+00 
  393  4254   393     7.577714E+00     3.748932E+00     1.390556E+00     1.542178E+01     1.000195E+04     1.000000E+00 
  394  4265   394     7.577714E+00     3.748932E+00     1.390583E+00     1.542261E+01     1.000195E+04     1.000000E+00 
  395  4276   395     7.577714E+00     3.748932E+00     1.390559E+00     1.542176E+01     1.000195E+04     1.000000E+00 
  396  4287   396     7.577714E+00     3.748932E+00     1.390583E+00     1.542266E+01     1.000195E+04     1.000000E+00 
  397  4298   397     7.577714E+00     3.748932E+00     1.390559E+00     1.542172E+01     1.000195E+04     1.000000E+00 
  398  4309   398     7.577715E+00     3.748932E+00     1.390582E+00     1.542270E+01     1.000195E+04     1.000000E+00 
  399  4320   399     7.577714E+00     3.748932E+00     1.390561E+00     1.542170E+01     1.000195E+04     1.000000E+00 
  400  4331   400     7.577715E+00     3.748932E+00     1.390581E+00     1.542272E+01     1.000195E+04     1.000000E+00 
  401  4342   401     7.577714E+00     3.748932E+00     1.390562E+00     1.542168E+01     1.000195E+04     1.000000E+00 
  402  4353   402     7.577715E+00     3.748932E+00     1.390578E+00     1.542271E+01     1.000195E+04     1.000000E+00 
  403  4364   403     7.577714E+00     3.748932E+00     1.390566E+00     1.542172E+01     1.000195E+04     1.000000E+00 
  404  4375   404     7.577715E+00     3.748932E+00     1.390578E+00     1.542273E+01     1.000195E+04     1.000000E+00 
  405  4386   405     7.577714E+00     3.748932E+00     1.390567E+00     1.542171E+01     1.000195E+04     1.000000E+00 
  406  4397   406     7.577715E+00     3.748932E+00     1.390577E+00     1.542273E+01     1.000195E+04     1.000000E+00 
  407  4408   407     7.577714E+00     3.748932E+00     1.390569E+00     1.542170E+01     1.000195E+04     1.000000E+00 
  408  4419   408     7.577715E+00     3.748932E+00     1.390579E+00     1.542278E+01     1.000195E+04     1.000000E+00 
  409  4430   409     7.577714E+00     3.748932E+00     1.390569E+00     1.542169E+01     1.000195E+04     1.000000E+00 
  410  4441   410     7.577715E+00     3.748932E+00     1.390581E+00     1.542281E+01     1.000195E+04     1.000000E+00 
  411  4452   411     7.577714E+00     3.748932E+00     1.390567E+00     1.542167E+01     1.000195E+04     1.000000E+00 
  412  4463   412     7.577716E+00     3.748932E+00     1.390584E+00     1.542286E+01     1.000195E+04     1.000000E+00 
  413  4474   413     7.577715E+00     3.748932E+00     1.390574E+00     1.542176E+01     1.000195E+04     1.000000E+00 
  414  4485   414     7.577715E+00     3.748932E+00     1.390578E+00     1.542277E+01     1.000195E+04     1.000000E+00 
  415  4496   415     7.577715E+00     3.748932E+00     1.390575E+00     1.542177E+01     1.000195E+04     1.000000E+00 
  416  4507   416     7.577716E+00     3.748932E+00     1.390584E+00     1.542284E+01     1.000195E+04     1.000000E+00 
  417  4518   417     7.577714E+00     3.748932E+00     1.390572E+00     1.542174E+01     1.000195E+04     1.000000E+00 
  418  4529   418     7.577716E+00     3.748932E+00     1.390582E+00     1.542280E+01     1.000195E+04     1.000000E+00 
  419  4540   419     7.577715E+00     3.748932E+00     1.390578E+00     1.542184E+01     1.000195E+04     1.000000E+00 
  420  4551   420     7.577716E+00     3.748932E+00     1.390582E+00     1.542280E+01     1.000195E+04     1.000000E+00 
  421  4562   421     7.577715E+00     3.748932E+00     1.390578E+00     1.542183E+01     1.000195E+04     1.000000E+00 
  422  4573   422     7.577716E+00     3.748932E+00     1.390582E+00     1.542280E+01     1.000195E+04     1.000000E+00 
  423  4584   423     7.577715E+00     3.748932E+00     1.390578E+00     1.542187E+01     1.000195E+04     1.000000E+00 
  424  4595   424     7.577716E+00     3.748932E+00     1.390586E+00     1.542280E+01     1.000195E+04     1.000000E+00 
  425  4606   425     7.577715E+00     3.748932E+00     1.390580E+00     1.542192E+01     1.000195E+04     1.000000E+00 
  426  4617   426     7.577716E+00     3.748932E+00     1.390585E+00     1.542278E+01     1.000195E+04     1.000000E+00 
  427  4628   427     7.577715E+00     3.748932E+00     1.390579E+00     1.542193E+01     1.000195E+04     1.000000E+00 
  428  4639   428     7.577716E+00     3.748932E+00     1.390587E+00     1.542277E+01     1.000195E+04     1.000000E+00 
  429  4650   429     7.577715E+00     3.748932E+00     1.390573E+00     1.542188E+01     1.000195E+04     1.000000E+00 
  430  4661   430     7.577717E+00     3.748932E+00     1.390592E+00     1.542280E+01     1.000195E+04     1.000000E+00 
  431  4672   431     7.577715E+00     3.748932E+00     1.390574E+00     1.542192E+01     1.000195E+04     1.000000E+00 
  432  4683   432     7.577716E+00     3.748932E+00     1.390589E+00     1.542273E+01     1.000195E+04     1.000000E+00 
  433  4694   433     7.577715E+00     3.748932E+00     1.390575E+00     1.542197E+01     1.000195E+04     1.000000E+00 
  434  4705   434     7.577716E+00     3.748932E+00     1.390588E+00     1.542269E+01     1.000195E+04     1.000000E+00 
  435  4716   435     7.577715E+00     3.748932E+00     1.390575E+00     1.542200E+01     1.000195E+04     1.000000E+00 
  436  4727   436     7.577716E+00     3.748932E+00     1.390585E+00     1.542262E+01     1.000195E+04     1.000000E+00 
  437  4738   437     7.577715E+00     3.748932E+00     1.390578E+00     1.542207E+01     1.000195E+04     1.000000E+00 
  438  4749   438     7.577716E+00     3.748932E+00     1.390586E+00     1.542259E+01     1.000195E+04     1.000000E+00 
  439  4760   439     7.577715E+00     3.748932E+00     1.390574E+00     1.542205E+01     1.000195E+04     1.000000E+00 
  440  4771   440     7.577716E+00     3.748932E+00     1.390585E+00     1.542256E+01     1.000195E+04     1.000000E+00 
  441  4782   441     7.577715E+00     3.748932E+00     1.390571E+00     1.542203E+01     1.000195E+04     1.000000E+00 
  442  4793   442     7.577716E+00     3.748932E+00     1.390586E+00     1.542254E+01     1.000195E+04     1.000000E+00 
  443  4804   443     7.577714E+00     3.748932E+00     1.390570E+00     1.542205E+01     1.000195E+04     1.000000E+00 
  444  4815   444     7.577716E+00     3.748932E+00     1.390584E+00     1.542250E+01     1.000195E+04     1.000000E+00 
  445  4826   445     7.577714E+00     3.748932E+00     1.390568E+00     1.542206E+01     1.000195E+04     1.000000E+00 
  446  4837   446     7.577715E+00     3.748932E+00     1.390582E+00     1.542245E+01     1.000195E+04     1.000000E+00 
  447  4848   447     7.577714E+00     3.748932E+00     1.390566E+00     1.542206E+01     1.000195E+04     1.000000E+00 
  448  4859   448     7.577715E+00     3.748932E+00     1.390586E+00     1.542245E+01     1.000195E+04     1.000000E+00 
  449  4870   449     7.577714E+00     3.748932E+00     1.390565E+00     1.542207E+01     1.000195E+04     1.000000E+00 
  450  4881   450     7.577715E+00     3.748932E+00     1.390578E+00     1.542235E+01     1.000195E+04     1.000000E+00 
  451  4892   451     7.577714E+00     3.748932E+00     1.390564E+00     1.542208E+01     1.000195E+04     1.000000E+00 
  452  4903   452     7.577715E+00     3.748932E+00     1.390578E+00     1.542233E+01     1.000195E+04     1.000000E+00 
  453  4914   453     7.577714E+00     3.748932E+00     1.390566E+00     1.542211E+01     1.000195E+04     1.000000E+00 
  454  4925   454     7.577715E+00     3.748932E+00     1.390578E+00     1.542233E+01     1.000195E+04     1.000000E+00 
  455  4936   455     7.577714E+00     3.748932E+00     1.390562E+00     1.542207E+01     1.000195E+04     1.000000E+00 
  456  4947   456     7.577715E+00     3.748932E+00     1.390579E+00     1.542231E+01     1.000195E+04     1.000000E+00 
  457  4958   457     7.577714E+00     3.748932E+00     1.390560E+00     1.542208E+01     1.000195E+04     1.000000E+00 
  458  4969   458     7.577715E+00     3.748932E+00     1.390576E+00     1.542226E+01     1.000195E+04     1.000000E+00 
  459  4980   459     7.577714E+00     3.748932E+00     1.390565E+00     1.542213E+01     1.000195E+04     1.000000E+00 
  460  4991   460     7.577714E+00     3.748932E+00     1.390574E+00     1.542224E+01     1.000195E+04     1.000000E+00 
  461  5002   461     7.577714E+00     3.748932E+00     1.390563E+00     1.542211E+01     1.000195E+04     1.000000E+00 
  462  5013   462     7.577714E+00     3.748932E+00     1.390573E+00     1.542222E+01     1.000195E+04     1.000000E+00 
  463  5024   463     7.577714E+00     3.748932E+00     1.390562E+00     1.542211E+01     1.000195E+04     1.000000E+00 
  464  5035   464     7.577714E+00     3.748932E+00     1.390575E+00     1.542223E+01     1.000195E+04     1.000000E+00 
  465  5046   465     7.577714E+00     3.748932E+00     1.390562E+00     1.542212E+01     1.000195E+04     1.000000E+00 
  466  5057   466     7.577714E+00     3.748932E+00     1.390574E+00     1.542222E+01     1.000195E+04     1.000000E+00 
  467  5068   467     7.577714E+00     3.748932E+00     1.390557E+00     1.542205E+01     1.000195E+04     1.000000E+00 
  468  5079   468     7.577714E+00     3.748932E+00     1.390575E+00     1.542222E+01     1.000195E+04     1.000000E+00 
  469  5090   469     7.577714E+00     3.748932E+00     1.390560E+00     1.542210E+01     1.000195E+04     1.000000E+00 
  470  5101   470     7.577714E+00     3.748932E+00     1.390575E+00     1.542223E+01     1.000195E+04     1.000000E+00 
  471  5112   471     7.577714E+00     3.748932E+00     1.390559E+00     1.542207E+01     1.000195E+04     1.000000E+00 
  472  5123   472     7.577714E+00     3.748932E+00     1.390575E+00     1.542224E+01     1.000195E+04     1.000000E+00 
  473  5134   473     7.577714E+00     3.748932E+00     1.390559E+00     1.542207E+01     1.000195E+04     1.000000E+00 
  474  5145   474     7.577714E+00     3.748932E+00     1.390572E+00     1.542221E+01     1.000195E+04     1.000000E+00 
  475  5156   475     7.577714E+00     3.748932E+00     1.390560E+00     1.542208E+01     1.000195E+04     1.000000E+00 
  476  5167   476     7.577714E+00     3.748932E+00     1.390572E+00     1.542220E+01     1.000195E+04     1.000000E+00 
  477  5178   477     7.577713E+00     3.748932E+00     1.390557E+00     1.542204E+01     1.000195E+04     1.000000E+00 
  478  5189   478     7.577714E+00     3.748932E+00     1.390571E+00     1.542220E+01     1.000195E+04     1.000000E+00 
  479  5200   479     7.577714E+00     3.748932E+00     1.390565E+00     1.542212E+01     1.000195E+04     1.000000E+00 
  480  5211   480     7.577714E+00     3.748932E+00     1.390568E+00     1.542218E+01     1.000195E+04     1.000000E+00 
  481  5222   481     7.577713E+00     3.748932E+00     1.390558E+00     1.542202E+01     1.000195E+04     1.000000E+00 
  482  5233   482     7.577714E+00     3.748932E+00     1.390570E+00     1.542221E+01     1.000195E+04     1.000000E+00 
  483  5244   483     7.577714E+00     3.748932E+00     1.390559E+00     1.542204E+01     1.000195E+04     1.000000E+00 
  484  5255   484     7.577714E+00     3.748932E+00     1.390571E+00     1.542224E+01     1.000195E+04     1.000000E+00 
  485  5266   485     7.577713E+00     3.748932E+00     1.390559E+00     1.542201E+01     1.000195E+04     1.000000E+00 
  486  5277   486     7.577714E+00     3.748932E+00     1.390572E+00     1.542227E+01     1.000195E+04     1.000000E+00 
  487  5288   487     7.577713E+00     3.748932E+00     1.390557E+00     1.542199E+01     1.000195E+04     1.000000E+00 
  488  5299   488     7.577714E+00     3.748932E+00     1.390569E+00     1.542223E+01     1.000195E+04     1.000000E+00 
  489  5310   489     7.577713E+00     3.748932E+00     1.390559E+00     1.542201E+01     1.000195E+04     1.000000E+00 
  490  5321   490     7.577714E+00     3.748932E+00     1.390572E+00     1.542227E+01     1.000195E+04     1.000000E+00 
  491  5332   491     7.577713E+00     3.748932E+00     1.390560E+00     1.542200E+01     1.000195E+04     1.000000E+00 
  492  5343   492     7.577714E+00     3.748932E+00     1.390570E+00     1.542227E+01     1.000195E+04     1.000000E+00 
  493  5354   493     7.577713E+00     3.748932E+00     1.390559E+00     1.542197E+01     1.000195E+04     1.000000E+00 
  494  5365   494     7.577714E+00     3.748932E+00     1.390567E+00     1.542222E+01     1.000195E+04     1.000000E+00 
  495  5376   495     7.577713E+00     3.748932E+00     1.390559E+00     1.542198E+01     1.000195E+04     1.000000E+00 
  496  5387   496     7.577714E+00     3.748932E+00     1.390571E+00     1.542228E+01     1.000195E+04     1.000000E+00 
  497  5398   497     7.577713E+00     3.748932E+00     1.390558E+00     1.542195E+01     1.000195E+04     1.000000E+00 
  498  5409   498     7.577714E+00     3.748932E+00     1.390571E+00     1.542228E+01     1.000195E+04     1.000000E+00 
  499  5420   499     7.577713E+00     3.748932E+00     1.390558E+00     1.542196E+01     1.000195E+04     1.000000E+00 
  500  5431   500     7.577714E+00     3.748932E+00     1.390569E+00     1.542227E+01     1.000195E+04     1.000000E+00 
  501  5442   501     7.577713E+00     3.748932E+00     1.390560E+00     1.542196E+01     1.000195E+04     1.000000E+00 
  502  5453   502     7.577714E+00     3.748932E+00     1.390564E+00     1.542223E+01     1.000195E+04     1.000000E+00 
  503  5464   503     7.577713E+00     3.748932E+00     1.390558E+00     1.542193E+01     1.000195E+04     1.000000E+00 
  504  5475   504     7.577714E+00     3.748932E+00     1.390567E+00     1.542227E+01     1.000195E+04     1.000000E+00 
  505  5486   505     7.577713E+00     3.748932E+00     1.390560E+00     1.542194E+01     1.000195E+04     1.000000E+00 
  506  5497   506     7.577714E+00     3.748932E+00     1.390568E+00     1.542228E+01     1.000195E+04     1.000000E+00 
  507  5508   507     7.577713E+00     3.748932E+00     1.390560E+00     1.542194E+01     1.000195E+04     1.000000E+00 
  508  5519   508     7.577714E+00     3.748932E+00     1.390568E+00     1.542230E+01     1.000195E+04     1.000000E+00 
  509  5530   509     7.577713E+00     3.748932E+00     1.390556E+00     1.542188E+01     1.000195E+04     1.000000E+00 
  510  5541   510     7.577714E+00     3.748932E+00     1.390570E+00     1.542232E+01     1.000195E+04     1.000000E+00 
  511  5552   511     7.577713E+00     3.748932E+00     1.390557E+00     1.542187E+01     1.000195E+04     1.000000E+00 
  512  5563   512     7.577714E+00     3.748932E+00     1.390571E+00     1.542236E+01     1.000195E+04     1.000000E+00 
  513  5574   513     7.577713E+00     3.748932E+00     1.390557E+00     1.542188E+01     1.000195E+04     1.000000E+00 
  514  5585   514     7.577714E+00     3.748932E+00     1.390568E+00     1.542234E+01     1.000195E+04     1.000000E+00 
  515  5596   515     7.577713E+00     3.748932E+00     1.390555E+00     1.542183E+01     1.000195E+04     1.000000E+00 
  516  5607   516     7.577714E+00     3.748932E+00     1.390569E+00     1.542237E+01     1.000195E+04     1.000000E+00 
  517  5618   517     7.577713E+00     3.748932E+00     1.390556E+00     1.542183E+01     1.000195E+04     1.000000E+00 
  518  5629   518     7.577714E+00     3.748932E+00     1.390567E+00     1.542237E+01     1.000195E+04     1.000000E+00 
  519  5640   519     7.577713E+00     3.748932E+00     1.390561E+00     1.542186E+01     1.000195E+04     1.000000E+00 
  520  5651   520     7.577714E+00     3.748932E+00     1.390568E+00     1.542239E+01     1.000195E+04     1.000000E+00 
  521  5662   521     7.577713E+00     3.748932E+00     1.390557E+00     1.542180E+01     1.000195E+04     1.000000E+00 
  522  5673   522     7.577714E+00     3.748932E+00     1.390567E+00     1.542237E+01     1.000195E+04     1.000000E+00 
  523  5684   523     7.577713E+00     3.748932E+00     1.390558E+00     1.542182E+01     1.000195E+04     1.000000E+00 
  524  5695   524     7.577714E+00     3.748932E+00     1.390568E+00     1.542240E+01     1.000195E+04     1.000000E+00 
  525  5706   525     7.577713E+00     3.748932E+00     1.390559E+00     1.542179E+01     1.000195E+04     1.000000E+00 
  526  5717   526     7.577714E+00     3.748932E+00     1.390566E+00     1.542242E+01     1.000195E+04     1.000000E+00 
  527  5728   527     7.577713E+00     3.748932E+00     1.390560E+00     1.542179E+01     1.000195E+04     1.000000E+00 
  528  5739   528     7.577714E+00     3.748932E+00     1.390567E+00     1.542244E+01     1.000195E+04     1.000000E+00 
  529  5750   529     7.577713E+00     3.748932E+00     1.390559E+00     1.542176E+01     1.000195E+04     1.000000E+00 
  530  5761   530     7.577714E+00     3.748932E+00     1.390566E+00     1.542245E+01     1.000195E+04     1.000000E+00 
  531  5772   531     7.577713E+00     3.748932E+00     1.390560E+00     1.542176E+01     1.000195E+04     1.000000E+00 
  532  5783   532     7.577714E+00     3.748932E+00     1.390568E+00     1.542248E+01     1.000195E+04     1.000000E+00 
  533  5794   533     7.577713E+00     3.748932E+00     1.390560E+00     1.542175E+01     1.000195E+04     1.000000E+00 
  534  5805   534     7.577714E+00     3.748932E+00     1.390567E+00     1.542248E+01     1.000195E+04     1.000000E+00 
  535  5816   535     7.577713E+00     3.748932E+00     1.390560E+00     1.542173E+01     1.000195E+04     1.000000E+00 
  536  5827   536     7.577714E+00     3.748932E+00     1.390565E+00     1.542247E+01     1.000195E+04     1.000000E+00 
  537  5838   537     7.577713E+00     3.748932E+00     1.390562E+00     1.542175E+01     1.000195E+04     1.000000E+00 
  538  5849   538     7.577715E+00     3.748932E+00     1.390570E+00     1.542254E+01     1.000195E+04     1.000000E+00 
  539  5860   539     7.577713E+00     3.748932E+00     1.390558E+00     1.542167E+01     1.000195E+04     1.000000E+00 
  540  5871   540     7.577715E+00     3.748932E+00     1.390570E+00     1.542257E+01     1.000195E+04     1.000000E+00 
  541  5882   541     7.577713E+00     3.748932E+00     1.390559E+00     1.542166E+01     1.000195E+04     1.000000E+00 
  542  5893   542     7.577715E+00     3.748932E+00     1.390576E+00     1.542266E+01     1.000195E+04     1.000000E+00 
  543  5904   543     7.577713E+00     3.748932E+00     1.390557E+00     1.542163E+01     1.000195E+04     1.000000E+00 
  544  5915   544     7.577715E+00     3.748932E+00     1.390574E+00     1.542266E+01     1.000195E+04     1.000000E+00 
  545  5926   545     7.577713E+00     3.748932E+00     1.390562E+00     1.542168E+01     1.000195E+04     1.000000E+00 
  546  5937   546     7.577715E+00     3.748932E+00     1.390571E+00     1.542263E+01     1.000195E+04     1.000000E+00 
  547  5948   547     7.577714E+00     3.748932E+00     1.390563E+00     1.542167E+01     1.000195E+04     1.000000E+00 
  548  5959   548     7.577715E+00     3.748932E+00     1.390576E+00     1.542269E+01     1.000195E+04     1.000000E+00 
  549  5970   549     7.577714E+00     3.748932E+00     1.390562E+00     1.542166E+01     1.000195E+04     1.000000E+00 
  550  5981   550     7.577715E+00     3.748932E+00     1.390578E+00     1.542273E+01     1.000195E+04     1.000000E+00 
  551  5992   551     7.577714E+00     3.748932E+00     1.390562E+00     1.542165E+01     1.000195E+04     1.000000E+00 
  552  6003   552     7.577715E+00     3.748932E+00     1.390579E+00     1.542277E+01     1.000195E+04     1.000000E+00 
  553  6014   553     7.577714E+00     3.748932E+00     1.390565E+00     1.542165E+01     1.000195E+04     1.000000E+00 
  554  6025   554     7.577715E+00     3.748932E+00     1.390580E+00     1.542280E+01     1.000195E+04     1.000000E+00 
  555  6036   555     7.577714E+00     3.748932E+00     1.390567E+00     1.542168E+01     1.000195E+04     1.000000E+00 
  556  6047   556     7.577715E+00     3.748932E+00     1.390576E+00     1.542276E+01     1.000195E+04     1.000000E+00 
  557  6058   557     7.577714E+00     3.748932E+00     1.390570E+00     1.542170E+01     1.000195E+04     1.000000E+00 
  558  6069   558     7.577715E+00     3.748932E+00     1.390582E+00     1.542284E+01     1.000195E+04     1.000000E+00 
  559  6080   559     7.577714E+00     3.748932E+00     1.390567E+00     1.542165E+01     1.000195E+04     1.000000E+00 
  560  6091   560     7.577716E+00     3.748932E+00     1.390585E+00     1.542289E+01     1.000195E+04     1.000000E+00 
  561  6102   561     7.577715E+00     3.748932E+00     1.390571E+00     1.542169E+01     1.000195E+04     1.000000E+00 
  562  6113   562     7.577716E+00     3.748932E+00     1.390583E+00     1.542287E+01     1.000195E+04     1.000000E+00 
  563  6124   563     7.577715E+00     3.748932E+00     1.390571E+00     1.542169E+01     1.000195E+04     1.000000E+00 
  564  6135   564     7.577716E+00     3.748932E+00     1.390588E+00     1.542293E+01     1.000195E+04     1.000000E+00 
  565  6146   565     7.577715E+00     3.748932E+00     1.390569E+00     1.542167E+01     1.000195E+04     1.000000E+00 
  566  6157   566     7.577716E+00     3.748932E+00     1.390591E+00     1.542297E+01     1.000195E+04     1.000000E+00 
  567  6168   567     7.577715E+00     3.748932E+00     1.390571E+00     1.542168E+01     1.000195E+04     1.000000E+00 
  568  6179   568     7.577716E+00     3.748932E+00     1.390590E+00     1.542297E+01     1.000195E+04     1.000000E+00 
  569  6190   569     7.577715E+00     3.748932E+00     1.390570E+00     1.542166E+01     1.000195E+04     1.000000E+00 
  570  6201   570     7.577716E+00     3.748932E+00     1.390594E+00     1.542302E+01     1.000195E+04     1.000000E+00 
  571  6212   571     7.577715E+00     3.748932E+00     1.390568E+00     1.542165E+01     1.000195E+04     1.000000E+00 
  572  6223   572     7.577716E+00     3.748932E+00     1.390592E+00     1.542299E+01     1.000195E+04     1.000000E+00 
  573  6234   573     7.577715E+00     3.748932E+00     1.390571E+00     1.542169E+01     1.000195E+04     1.000000E+00 
  574  6245   574     7.577716E+00     3.748932E+00     1.390593E+00     1.542299E+01     1.000195E+04     1.000000E+00 
  575  6256   575     7.577715E+00     3.748932E+00     1.390570E+00     1.542170E+01     1.000195E+04     1.000000E+00 
  576  6267   576     7.577716E+00     3.748932E+00     1.390589E+00     1.542292E+01     1.000195E+04     1.000000E+00 
  577  6278   577     7.577715E+00     3.748932E+00     1.390571E+00     1.542171E+01     1.000195E+04     1.000000E+00 
  578  6289   578     7.577715E+00     3.748932E+00     1.390588E+00     1.542289E+01     1.000195E+04     1.000000E+00 
  579  6300   579     7.577715E+00     3.748932E+00     1.390574E+00     1.542178E+01     1.000195E+04     1.000000E+00 
  580  6311   580     7.577715E+00     3.748932E+00     1.390584E+00     1.542282E+01     1.000195E+04     1.000000E+00 
  581  6322   581     7.577715E+00     3.748932E+00     1.390571E+00     1.542176E+01     1.000195E+04     1.000000E+00 
  582  6333   582     7.577715E+00     3.748932E+00     1.390586E+00     1.542284E+01     1.000195E+04     1.000000E+00 
  583  6344   583     7.577715E+00     3.748932E+00     1.390569E+00     1.542176E+01     1.000195E+04     1.000000E+00 
  584  6355   584     7.577715E+00     3.748932E+00     1.390582E+00     1.542276E+01     1.000195E+04     1.000000E+00 
  585  6366   585     7.577715E+00     3.748932E+00     1.390568E+00     1.542177E+01     1.000195E+04     1.000000E+00 
  586  6377   586     7.577715E+00     3.748932E+00     1.390584E+00     1.542276E+01     1.000195E+04     1.000000E+00 
  587  6388   587     7.577715E+00     3.748932E+00     1.390567E+00     1.542177E+01     1.000195E+04     1.000000E+00 
  588  6399   588     7.577715E+00     3.748932E+00     1.390583E+00     1.542272E+01     1.000195E+04     1.000000E+00 
  589  6410   589     7.577715E+00     3.748932E+00     1.390564E+00     1.542175E+01     1.000195E+04     1.000000E+00 
  590  6421   590     7.577714E+00     3.748932E+00     1.390579E+00     1.542265E+01     1.000195E+04     1.000000E+00 
  591  6432   591     7.577715E+00     3.748932E+00     1.390561E+00     1.542176E+01     1.000195E+04     1.000000E+00 
  592  6443   592     7.577714E+00     3.748932E+00     1.390580E+00     1.542263E+01     1.000195E+04     1.000000E+00 
  593  6454   593     7.577715E+00     3.748932E+00     1.390563E+00     1.542181E+01     1.000195E+04     1.000000E+00 
  594  6465   594     7.577714E+00     3.748932E+00     1.390575E+00     1.542254E+01     1.000195E+04     1.000000E+00 
  595  6476   595     7.577715E+00     3.748932E+00     1.390566E+00     1.542186E+01     1.000195E+04     1.000000E+00 
  596  6487   596     7.577714E+00     3.748932E+00     1.390572E+00     1.542247E+01     1.000195E+04     1.000000E+00 
  597  6498   597     7.577714E+00     3.748932E+00     1.390564E+00     1.542186E+01     1.000195E+04     1.000000E+00 
  598  6509   598     7.577714E+00     3.748932E+00     1.390572E+00     1.542247E+01     1.000195E+04     1.000000E+00 
  599  6520   599     7.577714E+00     3.748932E+00     1.390560E+00     1.542184E+01     1.000195E+04     1.000000E+00 
  600  6531   600     7.577714E+00     3.748932E+00     1.390571E+00     1.542243E+01     1.000195E+04     1.000000E+00 
  601  6542   601     7.577714E+00     3.748932E+00     1.390560E+00     1.542185E+01     1.000195E+04     1.000000E+00 
  602  6553   602     7.577713E+00     3.748932E+00     1.390571E+00     1.542241E+01     1.000195E+04     1.000000E+00 
  603  6564   603     7.577714E+00     3.748932E+00     1.390558E+00     1.542184E+01     1.000195E+04     1.000000E+00 
  604  6575   604     7.577713E+00     3.748932E+00     1.390570E+00     1.542238E+01     1.000195E+04     1.000000E+00 
  605  6586   605     7.577714E+00     3.748932E+00     1.390564E+00     1.542193E+01     1.000195E+04     1.000000E+00 
  606  6597   606     7.577713E+00     3.748932E+00     1.390567E+00     1.542232E+01     1.000195E+04     1.000000E+00 
  607  6608   607     7.577714E+00     3.748932E+00     1.390557E+00     1.542187E+01     1.000195E+04     1.000000E+00 
  608  6619   608     7.577713E+00     3.748932E+00     1.390570E+00     1.542234E+01     1.000195E+04     1.000000E+00 
  609  6630   609     7.577714E+00     3.748932E+00     1.390560E+00     1.542191E+01     1.000195E+04     1.000000E+00 
  610  6641   610     7.577713E+00     3.748932E+00     1.390567E+00     1.542230E+01     1.000195E+04     1.000000E+00 
  611  6652   611     7.577714E+00     3.748932E+00     1.390558E+00     1.542192E+01     1.000195E+04     1.000000E+00 
  612  6663   612     7.577713E+00     3.748932E+00     1.390564E+00     1.542224E+01     1.000195E+04     1.000000E+00 
  613  6674   613     7.577714E+00     3.748932E+00     1.390562E+00     1.542196E+01     1.000195E+04     1.000000E+00 
  614  6685   614     7.577713E+00     3.748932E+00     1.390564E+00     1.542224E+01     1.000195E+04     1.000000E+00 
  615  6696   615     7.577714E+00     3.748932E+00     1.390560E+00     1.542194E+01     1.000195E+04     1.000000E+00 
  616  6707   616     7.577713E+00     3.748932E+00     1.390566E+00     1.542226E+01     1.000195E+04     1.000000E+00 
  617  6718   617     7.577714E+00     3.748932E+00     1.390561E+00     1.542196E+01     1.000195E+04     1.000000E+00 
  618  6729   618     7.577713E+00     3.748932E+00     1.390564E+00     1.542223E+01     1.000195E+04     1.000000E+00 
  619  6740   619     7.577714E+00     3.748932E+00     1.390554E+00     1.542189E+01     1.000195E+04     1.000000E+00 
  620  6751   620     7.577713E+00     3.748932E+00     1.390568E+00     1.542227E+01     1.000195E+04     1.000000E+00 
  621  6762   621     7.577714E+00     3.748932E+00     1.390558E+00     1.542195E+01     1.000195E+04     1.000000E+00 
  622  6773   622     7.577713E+00     3.748932E+00     1.390565E+00     1.542223E+01     1.000195E+04     1.000000E+00 
  623  6784   623     7.577714E+00     3.748932E+00     1.390559E+00     1.542198E+01     1.000195E+04     1.000000E+00 
  624  6795   624     7.577713E+00     3.748932E+00     1.390563E+00     1.542219E+01     1.000195E+04     1.000000E+00 
  625  6806   625     7.577714E+00     3.748932E+00     1.390558E+00     1.542197E+01     1.000195E+04     1.000000E+00 
  626  6817   626     7.577713E+00     3.748932E+00     1.390566E+00     1.542222E+01     1.000195E+04     1.000000E+00 
  627  6828   627     7.577714E+00     3.748932E+00     1.390554E+00     1.542193E+01     1.000195E+04     1.000000E+00 
  628  6839   628     7.577713E+00     3.748932E+00     1.390571E+00     1.542226E+01     1.000195E+04     1.000000E+00 
  629  6850   629     7.577714E+00     3.748932E+00     1.390553E+00     1.542193E+01     1.000195E+04     1.000000E+00 
  630  6861   630     7.577713E+00     3.748932E+00     1.390569E+00     1.542223E+01     1.000195E+04     1.000000E+00 
  631  6872   631     7.577714E+00     3.748932E+00     1.390555E+00     1.542195E+01     1.000195E+04     1.000000E+00 
  632  6883   632     7.577713E+00     3.748932E+00     1.390568E+00     1.542220E+01     1.000195E+04     1.000000E+00 
  633  6894   633     7.577714E+00     3.748932E+00     1.390558E+00     1.542202E+01     1.000195E+04     1.000000E+00 
  634  6905   634     7.577713E+00     3.748932E+00     1.390564E+00     1.542216E+01     1.000195E+04     1.000000E+00 
  635  6916   635     7.577714E+00     3.748932E+00     1.390558E+00     1.542202E+01     1.000195E+04     1.000000E+00 
  636  6927   636     7.577713E+00     3.748932E+00     1.390566E+00     1.542218E+01     1.000195E+04     1.000000E+00 
  637  6938   637     7.577714E+00     3.748932E+00     1.390558E+00     1.542201E+01     1.000195E+04     1.000000E+00 
  638  6949   638     7.577713E+00     3.748932E+00     1.390567E+00     1.542217E+01     1.000195E+04     1.000000E+00 
  639  6960   639     7.577714E+00     3.748932E+00     1.390559E+00     1.542202E+01     1.000195E+04     1.000000E+00 
  640  6971   640     7.577713E+00     3.748932E+00     1.390568E+00     1.542219E+01     1.000195E+04     1.000000E+00 
  641  6982   641     7.577714E+00     3.748932E+00     1.390553E+00     1.542197E+01     1.000195E+04     1.000000E+00 
  642  6993   642     7.577713E+00     3.748932E+00     1.390571E+00     1.542220E+01     1.000195E+04     1.000000E+00 
  643  7004   643     7.577714E+00     3.748932E+00     1.390557E+00     1.542203E+01     1.000195E+04     1.000000E+00 
  644  7015   644     7.577713E+00     3.748932E+00     1.390568E+00     1.542217E+01     1.000195E+04     1.000000E+00 
  645  7026   645     7.577714E+00     3.748932E+00     1.390557E+00     1.542204E+01     1.000195E+04     1.000000E+00 
  646  7037   646     7.577714E+00     3.748932E+00     1.390573E+00     1.542222E+01     1.000195E+04     1.000000E+00 
  647  7048   647     7.577714E+00     3.748932E+00     1.390554E+00     1.542201E+01     1.000195E+04     1.000000E+00 
  648  7059   648     7.577714E+00     3.748932E+00     1.390571E+00     1.542219E+01     1.000195E+04     1.000000E+00 
  649  7070   649     7.577714E+00     3.748932E+00     1.390554E+00     1.542201E+01     1.000195E+04     1.000000E+00 
  650  7081   650     7.577714E+00     3.748932E+00     1.390571E+00     1.542218E+01     1.000195E+04     1.000000E+00 
  651  7092   651     7.577714E+00     3.748932E+00     1.390555E+00     1.542204E+01     1.000195E+04     1.000000E+00 
  652  7103   652     7.577714E+00     3.748932E+00     1.390572E+00     1.542219E+01     1.000195E+04     1.000000E+00 
  653  7114   653     7.577714E+00     3.748932E+00     1.390553E+00     1.542203E+01     1.000195E+04     1.000000E+00 
  654  7125   654     7.577714E+00     3.748932E+00     1.390576E+00     1.542222E+01     1.000195E+04     1.000000E+00 
  655  7136   655     7.577714E+00     3.748932E+00     1.390552E+00     1.542202E+01     1.000195E+04     1.000000E+00 
  656  7147   656     7.577714E+00     3.748932E+00     1.390574E+00     1.542220E+01     1.000195E+04     1.000000E+00 
  657  7158   657     7.577714E+00     3.748932E+00     1.390551E+00     1.542202E+01     1.000195E+04     1.000000E+00 
  658  7169   658     7.577714E+00     3.748932E+00     1.390578E+00     1.542223E+01     1.000195E+04     1.000000E+00 
  659  7180   659     7.577714E+00     3.748932E+00     1.390552E+00     1.542203E+01     1.000195E+04     1.000000E+00 
  660  7191   660     7.577714E+00     3.748932E+00     1.390575E+00     1.542218E+01     1.000195E+04     1.000000E+00 
  661  7202   661     7.577714E+00     3.748932E+00     1.390555E+00     1.542207E+01     1.000195E+04     1.000000E+00 
  662  7213   662     7.577714E+00     3.748932E+00     1.390577E+00     1.542220E+01     1.000195E+04     1.000000E+00 
  663  7224   663     7.577714E+00     3.748932E+00     1.390551E+00     1.542204E+01     1.000195E+04     1.000000E+00 
  664  7235   664     7.577714E+00     3.748932E+00     1.390582E+00     1.542226E+01     1.000195E+04     1.000000E+00 
  665  7246   665     7.577713E+00     3.748932E+00     1.390550E+00     1.542202E+01     1.000195E+04     1.000000E+00 
  666  7257   666     7.577714E+00     3.748932E+00     1.390580E+00     1.542223E+01     1.000195E+04     1.000000E+00 
  667  7268   667     7.577714E+00     3.748932E+00     1.390553E+00     1.542207E+01     1.000195E+04     1.000000E+00 
  668  7279   668     7.577714E+00     3.748932E+00     1.390574E+00     1.542216E+01     1.000195E+04     1.000000E+00 
  669  7290   669     7.577714E+00     3.748932E+00     1.390556E+00     1.542210E+01     1.000195E+04     1.000000E+00 
  670  7301   670     7.577714E+00     3.748932E+00     1.390577E+00     1.542219E+01     1.000195E+04     1.000000E+00 
  671  7312   671     7.577714E+00     3.748932E+00     1.390553E+00     1.542206E+01     1.000195E+04     1.000000E+00 
  672  7323   672     7.577715E+00     3.748932E+00     1.390584E+00     1.542228E+01     1.000195E+04     1.000000E+00 
  673  7334   673     7.577713E+00     3.748932E+00     1.390551E+00     1.542206E+01     1.000195E+04     1.000000E+00 
  674  7345   674     7.577715E+00     3.748932E+00     1.390583E+00     1.542226E+01     1.000195E+04     1.000000E+00 
  675  7356   675     7.577713E+00     3.748932E+00     1.390551E+00     1.542206E+01     1.000195E+04     1.000000E+00 
  676  7367   676     7.577715E+00     3.748932E+00     1.390583E+00     1.542225E+01     1.000195E+04     1.000000E+00 
  677  7378   677     7.577714E+00     3.748932E+00     1.390553E+00     1.542209E+01     1.000195E+04     1.000000E+00 
  678  7389   678     7.577715E+00     3.748932E+00     1.390581E+00     1.542221E+01     1.000195E+04     1.000000E+00 
  679  7400   679     7.577714E+00     3.748932E+00     1.390554E+00     1.542211E+01     1.000195E+04     1.000000E+00 
  680  7411   680     7.577715E+00     3.748932E+00     1.390584E+00     1.542225E+01     1.000195E+04     1.000000E+00 
  681  7422   681     7.577713E+00     3.748932E+00     1.390553E+00     1.542208E+01     1.000195E+04     1.000000E+00 
  682  7433   682     7.577715E+00     3.748932E+00     1.390586E+00     1.542228E+01     1.000195E+04     1.000000E+00 
  683  7444   683     7.577714E+00     3.748932E+00     1.390554E+00     1.542211E+01     1.000195E+04     1.000000E+00 
  684  7455   684     7.577715E+00     3.748932E+00     1.390584E+00     1.542225E+01     1.000195E+04     1.000000E+00 
  685  7466   685     7.577713E+00     3.748932E+00     1.390553E+00     1.542211E+01     1.000195E+04     1.000000E+00 
  686  7477   686     7.577715E+00     3.748932E+00     1.390587E+00     1.542227E+01     1.000195E+04     1.000000E+00 
  687  7488   687     7.577714E+00     3.748932E+00     1.390556E+00     1.542214E+01     1.000195E+04     1.000000E+00 
  688  7499   688     7.577715E+00     3.748932E+00     1.390583E+00     1.542223E+01     1.000195E+04     1.000000E+00 
  689  7510   689     7.577714E+00     3.748932E+00     1.390558E+00     1.542218E+01     1.000195E+04     1.000000E+00 
  690  7521   690     7.577715E+00     3.748932E+00     1.390583E+00     1.542223E+01     1.000195E+04     1.000000E+00 
  691  7532   691     7.577714E+00     3.748932E+00     1.390557E+00     1.542215E+01     1.000195E+04     1.000000E+00 
  692  7543   692     7.577715E+00     3.748932E+00     1.390584E+00     1.542225E+01     1.000195E+04     1.000000E+00 
  693  7554   693     7.577714E+00     3.748932E+00     1.390557E+00     1.542216E+01     1.000195E+04     1.000000E+00 
  694  7565   694     7.577715E+00     3.748932E+00     1.390584E+00     1.542225E+01     1.000195E+04     1.000000E+00 
  695  7576   695     7.577713E+00     3.748932E+00     1.390557E+00     1.542216E+01     1.000195E+04     1.000000E+00 
  696  7587   696     7.577715E+00     3.748932E+00     1.390585E+00     1.542225E+01     1.000195E+04     1.000000E+00 
  697  7598   697     7.577714E+00     3.748932E+00     1.390559E+00     1.542218E+01     1.000195E+04     1.000000E+00 
  698  7609   698     7.577715E+00     3.748932E+00     1.390585E+00     1.542224E+01     1.000195E+04     1.000000E+00 
  699  7620   699     7.577713E+00     3.748932E+00     1.390555E+00     1.542213E+01     1.000195E+04     1.000000E+00 
  700  7631   700     7.577716E+00     3.748932E+00     1.390588E+00     1.542229E+01     1.000195E+04     1.000000E+00 
  701  7642   701     7.577713E+00     3.748932E+00     1.390555E+00     1.542213E+01     1.000195E+04     1.000000E+00 
  702  7653   702     7.577716E+00     3.748932E+00     1.390585E+00     1.542227E+01     1.000195E+04     1.000000E+00 
  703  7664   703     7.577713E+00     3.748932E+00     1.390559E+00     1.542216E+01     1.000195E+04     1.000000E+00 
  704  7675   704     7.577715E+00     3.748932E+00     1.390584E+00     1.542226E+01     1.000195E+04     1.000000E+00 
  705  7686   705     7.577713E+00     3.748932E+00     1.390557E+00     1.542213E+01     1.000195E+04     1.000000E+00 
  706  7697   706     7.577715E+00     3.748932E+00     1.390582E+00     1.542225E+01     1.000195E+04     1.000000E+00 
  707  7708   707     7.577713E+00     3.748932E+00     1.390558E+00     1.542213E+01     1.000195E+04     1.000000E+00 
  708  7719   708     7.577715E+00     3.748932E+00     1.390582E+00     1.542226E+01     1.000195E+04     1.000000E+00 
  709  7730   709     7.577713E+00     3.748932E+00     1.390557E+00     1.542212E+01     1.000195E+04     1.000000E+00 
  710  7741   710     7.577715E+00     3.748932E+00     1.390582E+00     1.542227E+01     1.000195E+04     1.000000E+00 
  711  7752   711     7.577713E+00     3.748932E+00     1.390558E+00     1.542212E+01     1.000195E+04     1.000000E+00 
  712  7763   712     7.577715E+00     3.748932E+00     1.390575E+00     1.542219E+01     1.000195E+04     1.000000E+00 
  713  7774   713     7.577713E+00     3.748932E+00     1.390561E+00     1.542215E+01     1.000195E+04     1.000000E+00 
  714  7785   714     7.577715E+00     3.748932E+00     1.390576E+00     1.542220E+01     1.000195E+04     1.000000E+00 
  715  7796   715     7.577713E+00     3.748932E+00     1.390560E+00     1.542212E+01     1.000195E+04     1.000000E+00 
  716  7807   716     7.577715E+00     3.748932E+00     1.390573E+00     1.542217E+01     1.000195E+04     1.000000E+00 
  717  7818   717     7.577713E+00     3.748932E+00     1.390562E+00     1.542215E+01     1.000195E+04     1.000000E+00 
  718  7829   718     7.577715E+00     3.748932E+00     1.390572E+00     1.542217E+01     1.000195E+04     1.000000E+00 
  719  7840   719     7.577713E+00     3.748932E+00     1.390561E+00     1.542213E+01     1.000195E+04     1.000000E+00 
  720  7851   720     7.577715E+00     3.748932E+00     1.390570E+00     1.542215E+01     1.000195E+04     1.000000E+00 
  721  7862   721     7.577713E+00     3.748932E+00     1.390561E+00     1.542213E+01     1.000195E+04     1.000000E+00 
  722  7873   722     7.577714E+00     3.748932E+00     1.390566E+00     1.542211E+01     1.000195E+04     1.000000E+00 
  723  7884   723     7.577713E+00     3.748932E+00     1.390563E+00     1.542213E+01     1.000195E+04     1.000000E+00 
  724  7895   724     7.577714E+00     3.748932E+00     1.390567E+00     1.542213E+01     1.000195E+04     1.000000E+00 
  725  7906   725     7.577713E+00     3.748932E+00     1.390563E+00     1.542212E+01     1.000195E+04     1.000000E+00 
  726  7917   726     7.577714E+00     3.748932E+00     1.390564E+00     1.542209E+01     1.000195E+04     1.000000E+00 
  727  7928   727     7.577713E+00     3.748932E+00     1.390562E+00     1.542212E+01     1.000195E+04     1.000000E+00 
  728  7939   728     7.577714E+00     3.748932E+00     1.390564E+00     1.542209E+01     1.000195E+04     1.000000E+00 
  729  7950   729     7.577713E+00     3.748932E+00     1.390562E+00     1.542211E+01     1.000195E+04     1.000000E+00 
  730  7961   730     7.577714E+00     3.748932E+00     1.390561E+00     1.542210E+01     1.000195E+04     1.000000E+00 
  731  7972   731     7.577713E+00     3.748932E+00     1.390563E+00     1.542211E+01     1.000195E+04     1.000000E+00 
  732  7983   732     7.577714E+00     3.748932E+00     1.390559E+00     1.542204E+01     1.000195E+04     1.000000E+00 
  733  7994   733     7.577713E+00     3.748932E+00     1.390562E+00     1.542210E+01     1.000195E+04     1.000000E+00 
  734  8005   734     7.577714E+00     3.748932E+00     1.390562E+00     1.542210E+01     1.000195E+04     1.000000E+00 
  735  8016   735     7.577713E+00     3.748932E+00     1.390565E+00     1.542212E+01     1.000195E+04     1.000000E+00 
  736  8027   736     7.577714E+00     3.748932E+00     1.390557E+00     1.542205E+01     1.000195E+04     1.000000E+00 
  737  8038   737     7.577713E+00     3.748932E+00     1.390561E+00     1.542205E+01     1.000195E+04     1.000000E+00 
  738  8049   738     7.577714E+00     3.748932E+00     1.390557E+00     1.542206E+01     1.000195E+04     1.000000E+00 
  739  8060   739     7.577713E+00     3.748932E+00     1.390561E+00     1.542204E+01     1.000195E+04     1.000000E+00 
  740  8071   740     7.577714E+00     3.748932E+00     1.390559E+00     1.542209E+01     1.000195E+04     1.000000E+00 
  741  8082   741     7.577713E+00     3.748932E+00     1.390562E+00     1.542206E+01     1.000195E+04     1.000000E+00 
  742  8093   742     7.577713E+00     3.748932E+00     1.390554E+00     1.542204E+01     1.000195E+04     1.000000E+00 
  743  8104   743     7.577713E+00     3.748932E+00     1.390564E+00     1.542207E+01     1.000195E+04     1.000000E+00 
  744  8115   744     7.577714E+00     3.748932E+00     1.390557E+00     1.542209E+01     1.000195E+04     1.000000E+00 
  745  8126   745     7.577713E+00     3.748932E+00     1.390560E+00     1.542201E+01     1.000195E+04     1.000000E+00 
  746  8137   746     7.577713E+00     3.748932E+00     1.390554E+00     1.542204E+01     1.000195E+04     1.000000E+00 
  747  8148   747     7.577713E+00     3.748932E+00     1.390563E+00     1.542204E+01     1.000195E+04     1.000000E+00 
  748  8159   748     7.577713E+00     3.748932E+00     1.390554E+00     1.542204E+01     1.000195E+04     1.000000E+00 
  749  8170   749     7.577713E+00     3.748932E+00     1.390560E+00     1.542201E+01     1.000195E+04     1.000000E+00 
  750  8181   750     7.577714E+00     3.748932E+00     1.390556E+00     1.542210E+01     1.000195E+04     1.000000E+00 
  751  8192   751     7.577713E+00     3.748932E+00     1.390562E+00     1.542201E+01     1.000195E+04     1.000000E+00 
  752  8203   752     7.577713E+00     3.748932E+00     1.390553E+00     1.542206E+01     1.000195E+04     1.000000E+00 
  753  8214   753     7.577713E+00     3.748932E+00     1.390561E+00     1.542201E+01     1.000195E+04     1.000000E+00 
  754  8225   754     7.577713E+00     3.748932E+00     1.390552E+00     1.542204E+01     1.000195E+04     1.000000E+00 
  755  8236   755     7.577713E+00     3.748932E+00     1.390561E+00     1.542203E+01     1.000195E+04     1.000000E+00 
  756  8247   756     7.577713E+00     3.748932E+00     1.390550E+00     1.542201E+01     1.000195E+04     1.000000E+00 
  757  8258   757     7.577713E+00     3.748932E+00     1.390562E+00     1.542201E+01     1.000195E+04     1.000000E+00 
  758  8269   758     7.577713E+00     3.748932E+00     1.390556E+00     1.542209E+01     1.000195E+04     1.000000E+00 
  759  8280   759     7.577713E+00     3.748932E+00     1.390559E+00     1.542198E+01     1.000195E+04     1.000000E+00 
  760  8291   760     7.577713E+00     3.748932E+00     1.390553E+00     1.542205E+01     1.000195E+04     1.000000E+00 
  761  8302   761     7.577713E+00     3.748932E+00     1.390564E+00     1.542205E+01     1.000195E+04     1.000000E+00 
  762  8313   762     7.577713E+00     3.748932E+00     1.390550E+00     1.542204E+01     1.000195E+04     1.000000E+00 
  763  8324   763     7.577713E+00     3.748932E+00     1.390560E+00     1.542198E+01     1.000195E+04     1.000000E+00 
  764  8335   764     7.577713E+00     3.748932E+00     1.390554E+00     1.542209E+01     1.000195E+04     1.000000E+00 
  765  8346   765     7.577713E+00     3.748932E+00     1.390562E+00     1.542200E+01     1.000195E+04     1.000000E+00 
  766  8357   766     7.577713E+00     3.748932E+00     1.390548E+00     1.542201E+01     1.000195E+04     1.000000E+00 
  767  8368   767     7.577713E+00     3.748932E+00     1.390562E+00     1.542200E+01     1.000195E+04     1.000000E+00 
  768  8379   768     7.577713E+00     3.748932E+00     1.390551E+00     1.542206E+01     1.000195E+04     1.000000E+00 
  769  8390   769     7.577713E+00     3.748932E+00     1.390564E+00     1.542202E+01     1.000195E+04     1.000000E+00 
  770  8401   770     7.577713E+00     3.748932E+00     1.390547E+00     1.542200E+01     1.000195E+04     1.000000E+00 
  771  8412   771     7.577713E+00     3.748932E+00     1.390565E+00     1.542204E+01     1.000195E+04     1.000000E+00 
  772  8423   772     7.577713E+00     3.748932E+00     1.390547E+00     1.542200E+01     1.000195E+04     1.000000E+00 
  773  8434   773     7.577713E+00     3.748932E+00     1.390559E+00     1.542196E+01     1.000195E+04     1.000000E+00 
  774  8445   774     7.577713E+00     3.748932E+00     1.390548E+00     1.542200E+01     1.000195E+04     1.000000E+00 
  775  8456   775     7.577713E+00     3.748932E+00     1.390564E+00     1.542203E+01     1.000195E+04     1.000000E+00 
  776  8467   776     7.577713E+00     3.748932E+00     1.390549E+00     1.542201E+01     1.000195E+04     1.000000E+00 
  777  8478   777     7.577713E+00     3.748932E+00     1.390562E+00     1.542201E+01     1.000195E+04     1.000000E+00 
  778  8489   778     7.577713E+00     3.748932E+00     1.390549E+00     1.542201E+01     1.000195E+04     1.000000E+00 
  779  8500   779     7.577713E+00     3.748932E+00     1.390564E+00     1.542204E+01     1.000195E+04     1.000000E+00 
  780  8511   780     7.577713E+00     3.748932E+00     1.390545E+00     1.542197E+01     1.000195E+04     1.000000E+00 
  781  8522   781     7.577713E+00     3.748932E+00     1.390564E+00     1.542203E+01     1.000195E+04     1.000000E+00 
  782  8533   782     7.577713E+00     3.748932E+00     1.390550E+00     1.542203E+01     1.000195E+04     1.000000E+00 
  783  8544   783     7.577713E+00     3.748932E+00     1.390558E+00     1.542195E+01     1.000195E+04     1.000000E+00 
  784  8555   784     7.577713E+00     3.748932E+00     1.390549E+00     1.542202E+01     1.000195E+04     1.000000E+00 
  785  8566   785     7.577713E+00     3.748932E+00     1.390564E+00     1.542204E+01     1.000195E+04     1.000000E+00 
  786  8577   786     7.577713E+00     3.748932E+00     1.390547E+00     1.542198E+01     1.000195E+04     1.000000E+00 
  787  8588   787     7.577713E+00     3.748932E+00     1.390563E+00     1.542201E+01     1.000195E+04     1.000000E+00 
  788  8599   788     7.577713E+00     3.748932E+00     1.390547E+00     1.542200E+01     1.000195E+04     1.000000E+00 
  789  8610   789     7.577713E+00     3.748932E+00     1.390561E+00     1.542199E+01     1.000195E+04     1.000000E+00 
  790  8621   790     7.577713E+00     3.748932E+00     1.390551E+00     1.542205E+01     1.000195E+04     1.000000E+00 
  791  8632   791     7.577713E+00     3.748932E+00     1.390559E+00     1.542196E+01     1.000195E+04     1.000000E+00 
  792  8643   792     7.577713E+00     3.748932E+00     1.390550E+00     1.542204E+01     1.000195E+04     1.000000E+00 
  793  8654   793     7.577713E+00     3.748932E+00     1.390557E+00     1.542193E+01     1.000195E+04     1.000000E+00 
  794  8665   794     7.577713E+00     3.748932E+00     1.390550E+00     1.542204E+01     1.000195E+04     1.000000E+00 
  795  8676   795     7.577713E+00     3.748932E+00     1.390563E+00     1.542202E+01     1.000195E+04     1.000000E+00 
  796  8687   796     7.577713E+00     3.748932E+00     1.390548E+00     1.542200E+01     1.000195E+04     1.000000E+00 
  797  8698   797     7.577713E+00     3.748932E+00     1.390562E+00     1.542200E+01     1.000195E+04     1.000000E+00 
  798  8709   798     7.577713E+00     3.748932E+00     1.390549E+00     1.542202E+01     1.000195E+04     1.000000E+00 
  799  8720   799     7.577713E+00     3.748932E+00     1.390559E+00     1.542195E+01     1.000195E+04     1.000000E+00 
  800  8730   800     7.577665E+00     3.748932E+00     1.348657E+00     1.494955E+01     4.280702E-23     1.000000E-01 
