MAJOR  NFEV  NGEV           OBJFUN            GNORM            CNORM             FEAS              OPT             STEP 
    0     1     1     9.206160E+00     4.152154E+00     1.143338E-02     9.900000E+01     9.900000E+01     9.900000E+01 
    1     2     1     8.831108E+00     4.152154E+00     2.254362E-01     4.296961E+00     2.104500E-02     1.000000E+00 
    2     4     2     6.384180E+00     2.828085E+00     1.406409E-01     2.213793E+00     1.000014E+04     1.000000E+00 
    3    15     3     6.280922E+00     2.828085E+00     1.416912E-01     2.287159E+00     1.000013E+04     1.000000E+00 
    4    26     4     6.273538E+00     2.828085E+00     1.422837E-01     2.388790E+00     1.000013E+04     1.000000E+00 
    5    37     5     6.269242E+00     2.828085E+00     1.472308E-01     2.434436E+00     1.000012E+04     1.000000E+00 
    6    48     6     6.266113E+00     2.828085E+00     1.492773E-01     2.488730E+00     1.000012E+04     1.000000E+00 
    7    59     7     6.264576E+00     2.828085E+00     1.535932E-01     2.540837E+00     1.000012E+04     1.000000E+00 
    8    70     8     6.264142E+00     2.828085E+00     1.573109E-01     2.614412E+00     1.000012E+04     1.000000E+00 
    9    81     9     6.264844E+00     2.828085E+00     1.616030E-01     2.682651E+00     1.000012E+04     1.000000E+00 
   10    92    10     6.266137E+00     2.828085E+00     1.665809E-01     2.752365E+00     1.000012E+04     1.000000E+00 
   11   103    11     6.267395E+00     2.828085E+00     1.706832E-01     2.814665E+00     1.000012E+04     1.000000E+00 
   12   114    12     6.267783E+00     2.828085E+00     1.760105E-01     2.878598E+00     1.000012E+04     1.000000E+00 
   13   125    13     6.266744E+00     2.828085E+00     1.794698E-01     2.927689E+00     1.000012E+04     1.000000E+00 
   14   136    14     6.265251E+00     2.828085E+00     1.841243E-01     2.984125E+00     1.000000E+06     1.000000E+00 
   15   147    15     6.263598E+00     2.828085E+00     1.873006E-01     3.023098E+00     5.050001E+05     1.000000E+00 
   16   158    16     6.262694E+00     2.828085E+00     1.915142E-01     3.075455E+00     2.575001E+05     1.000000E+00 
   17   169    17     6.262374E+00     2.828085E+00     1.951392E-01     3.112757E+00     9.999999E+07     1.000000E+00 
   18   180    18     6.263220E+00     2.828085E+00     1.993617E-01     3.165610E+00     5.000500E+07     1.000000E+00 
   19   191    19     6.264920E+00     2.828085E+00     2.037161E-01     3.208119E+00     2.500750E+07     1.000000E+00 
   20   202    20     6.267409E+00     2.828085E+00     2.080638E-01     3.258075E+00     1.250875E+07     1.000000E+00 
   21   213    21     6.269195E+00     2.828085E+00     2.125647E-01     3.304394E+00     6.259375E+06     1.000000E+00 
   22   224    22     6.268878E+00     2.828085E+00     2.160907E-01     3.338423E+00     3.134687E+06     1.000000E+00 
   23   235    23     6.266508E+00     2.828085E+00     2.189582E-01     3.380875E+00     2.067344E+06     1.000000E+00 
   24   246    24     6.263627E+00     2.828085E+00     2.210129E-01     3.393212E+00     1.533672E+06     1.000000E+00 
   25   257    25     6.261605E+00     2.828085E+00     2.233233E-01     3.430564E+00     7.718360E+05     1.000000E+00 
   26   268    26     6.260774E+00     2.828085E+00     2.261336E-01     3.452511E+00     3.909181E+05     1.000000E+00 
   27   279    27     6.261360E+00     2.828085E+00     2.292589E-01     3.502272E+00     2.004591E+05     1.000000E+00 
   28   290    28     6.263349E+00     2.828085E+00     2.332073E-01     3.540314E+00     1.052296E+05     1.000000E+00 
   29   301    29     6.267130E+00     2.828085E+00     2.375951E-01     3.601147E+00     5.761486E+04     1.000000E+00 
   30   312    30     6.271168E+00     2.828085E+00     2.420060E-01     3.637154E+00     3.380749E+04     1.000000E+00 
   31   323    31     6.273189E+00     2.828085E+00     2.456194E-01     3.668865E+00     2.190381E+04     1.000000E+00 
   32   334    32     6.270877E+00     2.828085E+00     2.471388E-01     3.678926E+00     1.595196E+04     1.000000E+00 
   33   345    33     6.267056E+00     2.828085E+00     2.478815E-01     3.691339E+00     1.000000E+06     1.000000E+00 
   34   356    34     6.263856E+00     2.828085E+00     2.487881E-01     3.712456E+00     1.000000E+08     1.000000E+00 
   35   367    35     6.262553E+00     2.828085E+00     2.509729E-01     3.753508E+00     5.000500E+07     1.000000E+00 
   36   378    36     6.262528E+00     2.828085E+00     2.540364E-01     3.815132E+00     2.500750E+07     1.000000E+00 
   37   389    37     6.263768E+00     2.828085E+00     2.578376E-01     3.863298E+00     1.250875E+07     1.000000E+00 
   38   400    38     6.266053E+00     2.828085E+00     2.624216E-01     3.936304E+00     6.259376E+06     1.000000E+00 
   39   411    39     6.269041E+00     2.828085E+00     2.658878E-01     3.971661E+00     3.134688E+06     1.000000E+00 
   40   422    40     6.271805E+00     2.828085E+00     2.688667E-01     4.011804E+00     1.572344E+06     1.000000E+00 
   41   433    41     6.272817E+00     2.828085E+00     2.688133E-01     3.984220E+00     7.911721E+05     1.000000E+00 
   42   444    42     6.271925E+00     2.828085E+00     2.692311E-01     3.945678E+00     4.005861E+05     1.000000E+00 
   43   455    43     6.269842E+00     2.828085E+00     2.696130E-01     3.952801E+00     2.052931E+05     1.000000E+00 
   44   466    44     6.268234E+00     2.828085E+00     2.723319E-01     4.032707E+00     1.076466E+05     1.000000E+00 
   45   477    45     6.266963E+00     2.828085E+00     2.757143E-01     4.104399E+00     5.882337E+04     1.000000E+00 
   46   488    46     6.266511E+00     2.828085E+00     2.796898E-01     4.155694E+00     3.441174E+04     1.000000E+00 
   47   499    47     6.266057E+00     2.828085E+00     2.831779E-01     4.217151E+00     2.220593E+04     1.000000E+00 
   48   510    48     6.266064E+00     2.828085E+00     2.855618E-01     4.239531E+00     1.610303E+04     1.000000E+00 
   49   521    49     6.265925E+00     2.828085E+00     2.871585E-01     4.286911E+00     1.305157E+04     1.000000E+00 
   50   532    50     6.266408E+00     2.828085E+00     2.875529E-01     4.288017E+00     1.152585E+04     1.000000E+00 
   51   543    51     6.267065E+00     2.828085E+00     2.876299E-01     4.309746E+00     1.076298E+04     1.000000E+00 
   52   554    52     6.268642E+00     2.828085E+00     2.873895E-01     4.288038E+00     1.038155E+04     1.000000E+00 
   53   565    53     6.270702E+00     2.828085E+00     2.874878E-01     4.274041E+00     1.019084E+04     1.000000E+00 
   54   576    54     6.273049E+00     2.828085E+00     2.888610E-01     4.248610E+00     1.009548E+04     1.000000E+00 
   55   587    55     6.274622E+00     2.828085E+00     2.907972E-01     4.272665E+00     1.004780E+04     1.000000E+00 
   56   598    56     6.274011E+00     2.828085E+00     2.934655E-01     4.333248E+00     1.002396E+04     1.000000E+00 
   57   609    57     6.272287E+00     2.828085E+00     2.946480E-01     4.346555E+00     1.000000E+06     1.000000E+00 
   58   620    58     6.269783E+00     2.828085E+00     2.953819E-01     4.378369E+00     5.050001E+05     1.000000E+00 
   59   631    59     6.268333E+00     2.828085E+00     2.951940E-01     4.366560E+00     2.575001E+05     1.000000E+00 
   60   642    60     6.267403E+00     2.828085E+00     2.956387E-01     4.401930E+00     1.337501E+05     1.000000E+00 
   61   653    61     6.267728E+00     2.828085E+00     2.963626E-01     4.407286E+00     1.000000E+06     1.000000E+00 
   62   664    62     6.268748E+00     2.828085E+00     2.983467E-01     4.436807E+00     5.050001E+05     1.000000E+00 
   63   675    63     6.270898E+00     2.828085E+00     3.008888E-01     4.440287E+00     2.575001E+05     1.000000E+00 
   64   686    64     6.273420E+00     2.828085E+00     3.045369E-01     4.480165E+00     1.337501E+05     1.000000E+00 
   65   697    65     6.275242E+00     2.828085E+00     3.065018E-01     4.496114E+00     7.187512E+04     1.000000E+00 
   66   708    66     6.275189E+00     2.828085E+00     3.074154E-01     4.536879E+00     4.093762E+04     1.000000E+00 
   67   719    67     6.273161E+00     2.828085E+00     3.046949E-01     4.505883E+00     2.546887E+04     1.000000E+00 
   68   730    68     6.270780E+00     2.828085E+00     3.029525E-01     4.453304E+00     1.773450E+04     1.000000E+00 
   69   741    69     6.269156E+00     2.828085E+00     3.010951E-01     4.425038E+00     1.386731E+04     1.000000E+00 
   70   752    70     6.268537E+00     2.828085E+00     3.022946E-01     4.448809E+00     1.193371E+04     1.000000E+00 
   71   763    71     6.269214E+00     2.828085E+00     3.046704E-01     4.495184E+00     1.096692E+04     1.000000E+00 
   72   774    72     6.270473E+00     2.828085E+00     3.094628E-01     4.551008E+00     1.048352E+04     1.000000E+00 
   73   785    73     6.272659E+00     2.828085E+00     3.154384E-01     4.623320E+00     1.000000E+08     1.000000E+00 
   74   796    74     6.273864E+00     2.828085E+00     3.197308E-01     4.666652E+00     5.000500E+07     1.000000E+00 
   75   807    75     6.274222E+00     2.828085E+00     3.217279E-01     4.690855E+00     1.000004E+10     1.000000E+00 
   76   818    76     6.272785E+00     2.828085E+00     3.189482E-01     4.666357E+00     5.000522E+09     1.000000E+00 
   77   829    77     6.270953E+00     2.828085E+00     3.150796E-01     4.634723E+00     2.500266E+09     1.000000E+00 
   78   840    78     6.269456E+00     2.828085E+00     3.103699E-01     4.572609E+00     1.250138E+09     1.000000E+00 
   79   851    79     6.268824E+00     2.828085E+00     3.080347E-01     4.518961E+00     6.250740E+08     1.000000E+00 
   80   862    80     6.269628E+00     2.828085E+00     3.072236E-01     4.474849E+00     3.125420E+08     1.000000E+00 
   81   873    81     6.271240E+00     2.828085E+00     3.088847E-01     4.492026E+00     1.562760E+08     1.000000E+00 
   82   884    82     6.274205E+00     2.828085E+00     3.124805E-01     4.559405E+00     7.863800E+07     1.000000E+00 
   83   895    83     6.276120E+00     2.828085E+00     3.168619E-01     4.638234E+00     3.932400E+07     1.000000E+00 
   84   906    84     6.276503E+00     2.828085E+00     3.196925E-01     4.679892E+00     1.966700E+07     1.000000E+00 
   85   917    85     6.274216E+00     2.828085E+00     3.198569E-01     4.682478E+00     9.838500E+06     1.000000E+00 
   86   928    86     6.271356E+00     2.828085E+00     3.173727E-01     4.650071E+00     1.000005E+10     1.000000E+00 
   87   939    87     6.269225E+00     2.828085E+00     3.153898E-01     4.625126E+00     5.000032E+09     1.000000E+00 
   88   950    88     6.268145E+00     2.828085E+00     3.131950E-01     4.603813E+00     2.500021E+09     1.000000E+00 
   89   961    89     6.268567E+00     2.828085E+00     3.136059E-01     4.604626E+00     1.250016E+09     1.000000E+00 
   90   972    90     6.269401E+00     2.828085E+00     3.129486E-01     4.589093E+00     6.250128E+08     1.000000E+00 
   91   983    91     6.271673E+00     2.828085E+00     3.153919E-01     4.601279E+00     3.125114E+08     1.000000E+00 
   92   994    92     6.273057E+00     2.828085E+00     3.154889E-01     4.589390E+00     1.562607E+08     1.000000E+00 
   93  1005    93     6.274471E+00     2.828085E+00     3.176825E-01     4.593212E+00     7.813535E+07     1.000000E+00 
   94  1016    94     6.274011E+00     2.828085E+00     3.174545E-01     4.605891E+00     3.907267E+07     1.000000E+00 
   95  1027    95     6.273285E+00     2.828085E+00     3.181268E-01     4.605334E+00     1.954134E+07     1.000000E+00 
   96  1038    96     6.272645E+00     2.828085E+00     3.184072E-01     4.642573E+00     9.775669E+06     1.000000E+00 
   97  1049    97     6.272701E+00     2.828085E+00     3.192534E-01     4.642001E+00     4.892834E+06     1.000000E+00 
   98  1060    98     6.273572E+00     2.828085E+00     3.208154E-01     4.698895E+00     2.451417E+06     1.000000E+00 
   99  1071    99     6.273455E+00     2.828085E+00     3.208625E-01     4.680840E+00     1.725709E+06     1.000000E+00 
  100  1082   100     6.273411E+00     2.828085E+00     3.217576E-01     4.715707E+00     8.678544E+05     1.000000E+00 
  101  1093   101     6.271358E+00     2.828085E+00     3.198949E-01     4.661779E+00     4.389273E+05     1.000000E+00 
  102  1104   102     6.270152E+00     2.828085E+00     3.188689E-01     4.659283E+00     1.000000E+08     1.000000E+00 
  103  1115   103     6.268562E+00     2.828085E+00     3.175202E-01     4.617370E+00     5.000500E+07     1.000000E+00 
  104  1126   104     6.268560E+00     2.828085E+00     3.169197E-01     4.612862E+00     2.500750E+07     1.000000E+00 
  105  1137   105     6.269082E+00     2.828085E+00     3.180835E-01     4.616448E+00     1.300375E+07     1.000000E+00 
  106  1148   106     6.271380E+00     2.828085E+00     3.188420E-01     4.629119E+00     7.001875E+06     1.000000E+00 
  107  1159   107     6.274288E+00     2.828085E+00     3.231624E-01     4.661212E+00     3.505938E+06     1.000000E+00 
  108  1170   108     6.272513E+00     2.828085E+00     3.255968E-01     4.651095E+00     6.254694E+12     1.000000E+00 
  109  1181   109     6.277834E+00     2.828085E+00     3.270921E-01     4.729053E+00     3.127347E+12     1.000000E+00 
  110  1192   110     6.275931E+00     2.828085E+00     3.248126E-01     4.700954E+00     1.563674E+12     1.000000E+00 
  111  1203   111     6.272833E+00     2.828085E+00     3.246578E-01     4.690086E+00     7.818368E+11     1.000000E+00 
  112  1214   112     6.269962E+00     2.828085E+00     3.203129E-01     4.658917E+00     3.909184E+11     1.000000E+00 
  113  1225   113     6.268436E+00     2.828085E+00     3.205447E-01     4.650203E+00     1.954592E+11     1.000000E+00 
  114  1236   114     6.267672E+00     2.828085E+00     3.185031E-01     4.645820E+00     9.772960E+10     1.000000E+00 
  115  1247   115     6.267852E+00     2.828085E+00     3.203056E-01     4.636782E+00     4.886481E+10     1.000000E+00 
  116  1258   116     6.268785E+00     2.828085E+00     3.203854E-01     4.661458E+00     2.443241E+10     1.000000E+00 
  117  1269   117     6.270889E+00     2.828085E+00     3.245826E-01     4.654919E+00     1.221621E+10     1.000000E+00 
  118  1280   118     6.274200E+00     2.828085E+00     3.271538E-01     4.727469E+00     6.108110E+09     1.000000E+00 
  119  1291   119     6.277883E+00     2.828085E+00     3.335618E-01     4.745599E+00     3.054060E+09     1.000000E+00 
  120  1302   120     6.279567E+00     2.828085E+00     3.343307E-01     4.814677E+00     1.527035E+09     1.000000E+00 
  121  1313   121     6.277329E+00     2.828085E+00     3.338019E-01     4.748391E+00     7.635224E+08     1.000000E+00 
  122  1324   122     6.273334E+00     2.828085E+00     3.284379E-01     4.734525E+00     3.817662E+08     1.000000E+00 
  123  1335   123     6.269559E+00     2.828085E+00     3.246529E-01     4.674456E+00     1.908881E+08     1.000000E+00 
  124  1346   124     6.267363E+00     2.828085E+00     3.215033E-01     4.668616E+00     9.544906E+07     1.000000E+00 
  125  1357   125     6.266349E+00     2.828085E+00     3.205097E-01     4.655193E+00     4.772953E+07     1.000000E+00 
  126  1368   126     6.266530E+00     2.828085E+00     3.206625E-01     4.652059E+00     2.386976E+07     1.000000E+00 
  127  1379   127     6.268087E+00     2.828085E+00     3.227045E-01     4.671717E+00     1.193988E+07     1.000000E+00 
  128  1390   128     6.271404E+00     2.828085E+00     3.264074E-01     4.676189E+00     5.974941E+06     1.000000E+00 
  129  1401   129     6.276582E+00     2.828085E+00     3.330300E-01     4.756614E+00     2.992471E+06     1.000000E+00 
  130  1412   130     6.280491E+00     2.828085E+00     3.372729E-01     4.775441E+00     1.501235E+06     1.000000E+00 
  131  1423   131     6.279957E+00     2.828085E+00     3.390551E-01     4.826345E+00     7.556177E+05     1.000000E+00 
  132  1434   132     6.274790E+00     2.828085E+00     3.326981E-01     4.737457E+00     3.828089E+05     1.000000E+00 
  133  1445   133     6.269967E+00     2.828085E+00     3.282030E-01     4.728202E+00     1.964045E+05     1.000000E+00 
  134  1456   134     6.266892E+00     2.828085E+00     3.229026E-01     4.679724E+00     1.032023E+05     1.000000E+00 
  135  1467   135     6.265635E+00     2.828085E+00     3.224004E-01     4.676518E+00     5.660122E+04     1.000000E+00 
  136  1478   136     6.265435E+00     2.828085E+00     3.210358E-01     4.673034E+00     3.330067E+04     1.000000E+00 
  137  1489   137     6.266263E+00     2.828085E+00     3.238434E-01     4.670727E+00     2.165040E+04     1.000000E+00 
  138  1500   138     6.268319E+00     2.828085E+00     3.262151E-01     4.711198E+00     1.582526E+04     1.000000E+00 
  139  1511   139     6.271986E+00     2.828085E+00     3.342422E-01     4.757341E+00     1.291269E+04     1.000000E+00 
  140  1522   140     6.276885E+00     2.828085E+00     3.419470E-01     4.933630E+00     1.145640E+04     1.000000E+00 
  141  1533   141     6.280345E+00     2.828085E+00     3.502485E-01     4.954854E+00     1.072826E+04     1.000000E+00 
  142  1544   142     6.279324E+00     2.828085E+00     3.489100E-01     5.023506E+00     1.036419E+04     1.000000E+00 
  143  1555   143     6.275074E+00     2.828085E+00     3.428161E-01     4.845290E+00     1.018216E+04     1.000000E+00 
  144  1566   144     6.270912E+00     2.828085E+00     3.345499E-01     4.792880E+00     1.009114E+04     1.000000E+00 
  145  1577   145     6.268597E+00     2.828085E+00     3.296362E-01     4.692727E+00     1.004563E+04     1.000000E+00 
  146  1588   146     6.267734E+00     2.828085E+00     3.268995E-01     4.708305E+00     1.002287E+04     1.000000E+00 
  147  1599   147     6.267982E+00     2.828085E+00     3.273838E-01     4.691021E+00     1.001150E+04     1.000000E+00 
  148  1610   148     6.269155E+00     2.828085E+00     3.277052E-01     4.698114E+00     1.000581E+04     1.000000E+00 
  149  1621   149     6.271254E+00     2.828085E+00     3.336312E-01     4.739844E+00     1.000296E+04     1.000000E+00 
  150  1632   150     6.274476E+00     2.828085E+00     3.355541E-01     4.757299E+00     1.000154E+04     1.000000E+00 
  151  1643   151     6.277548E+00     2.828085E+00     3.461054E-01     4.896430E+00     1.000083E+04     1.000000E+00 
  152  1654   152     6.279297E+00     2.828085E+00     3.433222E-01     4.861177E+00     1.000048E+04     1.000000E+00 
  153  1665   153     6.277555E+00     2.828085E+00     3.476775E-01     4.922040E+00     1.000030E+04     1.000000E+00 
  154  1676   154     6.274351E+00     2.828085E+00     3.359624E-01     4.786950E+00     1.000021E+04     1.000000E+00 
  155  1687   155     6.270842E+00     2.828085E+00     3.357713E-01     4.783427E+00     1.000016E+04     1.000000E+00 
  156  1698   156     6.268645E+00     2.828085E+00     3.269890E-01     4.709646E+00     1.000014E+04     1.000000E+00 
  157  1709   157     6.267281E+00     2.828085E+00     3.287284E-01     4.721414E+00     1.000013E+04     1.000000E+00 
  158  1720   158     6.266956E+00     2.828085E+00     3.249740E-01     4.705437E+00     1.000013E+04     1.000000E+00 
  159  1731   159     6.267609E+00     2.828085E+00     3.292647E-01     4.710148E+00     1.000012E+04     1.000000E+00 
  160  1742   160     6.269611E+00     2.828085E+00     3.304006E-01     4.765279E+00     1.000012E+04     1.000000E+00 
  161  1753   161     6.273626E+00     2.828085E+00     3.398054E-01     4.844392E+00     1.000012E+04     1.000000E+00 
  162  1764   162     6.278374E+00     2.828085E+00     3.458160E-01     4.989650E+00     1.000012E+04     1.000000E+00 
  163  1775   163     6.281278E+00     2.828085E+00     3.528524E-01     5.022443E+00     1.000012E+04     1.000000E+00 
  164  1786   164     6.278601E+00     2.828085E+00     3.479874E-01     4.995337E+00     1.000012E+04     1.000000E+00 
  165  1797   165     6.273581E+00     2.828085E+00     3.405017E-01     4.838354E+00     1.000012E+04     1.000000E+00 
  166  1808   166     6.269209E+00     2.828085E+00     3.325324E-01     4.761402E+00     1.000012E+04     1.000000E+00 
  167  1819   167     6.267003E+00     2.828085E+00     3.280086E-01     4.710779E+00     1.000012E+04     1.000000E+00 
  168  1830   168     6.266177E+00     2.828085E+00     3.265265E-01     4.706307E+00     1.000012E+04     1.000000E+00 
  169  1841   169     6.266699E+00     2.828085E+00     3.264641E-01     4.712369E+00     1.000012E+04     1.000000E+00 
  170  1852   170     6.268474E+00     2.828085E+00     3.296465E-01     4.729159E+00     1.000012E+04     1.000000E+00 
  171  1863   171     6.271957E+00     2.828085E+00     3.340821E-01     4.788217E+00     1.000012E+04     1.000000E+00 
  172  1874   172     6.276737E+00     2.828085E+00     3.422095E-01     4.881059E+00     1.000012E+04     1.000000E+00 
  173  1885   173     6.280236E+00     2.828085E+00     3.472934E-01     4.965455E+00     1.000012E+04     1.000000E+00 
  174  1896   174     6.279505E+00     2.828085E+00     3.477844E-01     4.954075E+00     1.000012E+04     1.000000E+00 
  175  1907   175     6.275353E+00     2.828085E+00     3.418332E-01     4.869101E+00     1.000012E+04     1.000000E+00 
  176  1918   176     6.271095E+00     2.828085E+00     3.350615E-01     4.784806E+00     1.000012E+04     1.000000E+00 
  177  1929   177     6.268596E+00     2.828085E+00     3.303776E-01     4.727014E+00     1.000012E+04     1.000000E+00 
  178  1940   178     6.267579E+00     2.828085E+00     3.282113E-01     4.725279E+00     1.000012E+04     1.000000E+00 
  179  1951   179     6.267608E+00     2.828085E+00     3.276447E-01     4.708507E+00     1.000012E+04     1.000000E+00 
  180  1962   180     6.268477E+00     2.828085E+00     3.292828E-01     4.727496E+00     1.000012E+04     1.000000E+00 
  181  1973   181     6.270140E+00     2.828085E+00     3.311277E-01     4.727181E+00     1.000012E+04     1.000000E+00 
  182  1984   182     6.272820E+00     2.828085E+00     3.370417E-01     4.767876E+00     1.000012E+04     1.000000E+00 
  183  1995   183     6.276021E+00     2.828085E+00     3.406203E-01     4.829413E+00     1.000012E+04     1.000000E+00 
  184  2006   184     6.278619E+00     2.828085E+00     3.480513E-01     4.898853E+00     1.000012E+04     1.000000E+00 
  185  2017   185     6.278480E+00     2.828085E+00     3.454396E-01     4.910026E+00     1.000012E+04     1.000000E+00 
  186  2028   186     6.275935E+00     2.828085E+00     3.449436E-01     4.878553E+00     1.000012E+04     1.000000E+00 
  187  2039   187     6.272358E+00     2.828085E+00     3.361612E-01     4.810702E+00     1.000012E+04     1.000000E+00 
  188  2050   188     6.269656E+00     2.828085E+00     3.343402E-01     4.780658E+00     1.000012E+04     1.000000E+00 
  189  2061   189     6.267943E+00     2.828085E+00     3.290934E-01     4.750904E+00     1.000012E+04     1.000000E+00 
  190  2072   190     6.267405E+00     2.828085E+00     3.307727E-01     4.767010E+00     1.000012E+04     1.000000E+00 
  191  2083   191     6.268011E+00     2.828085E+00     3.301991E-01     4.815973E+00     1.000012E+04     1.000000E+00 
  192  2094   192     6.270235E+00     2.828085E+00     3.371534E-01     4.909017E+00     1.000012E+04     1.000000E+00 
  193  2105   193     6.274310E+00     2.828085E+00     3.423529E-01     5.045648E+00     1.000012E+04     1.000000E+00 
  194  2116   194     6.279334E+00     2.828085E+00     3.543690E-01     5.183802E+00     1.000012E+04     1.000000E+00 
  195  2127   195     6.281127E+00     2.828085E+00     3.546791E-01     5.219173E+00     1.000012E+04     1.000000E+00 
  196  2138   196     6.278053E+00     2.828085E+00     3.521331E-01     5.115199E+00     1.000012E+04     1.000000E+00 
  197  2149   197     6.272659E+00     2.828085E+00     3.401089E-01     4.957077E+00     1.000012E+04     1.000000E+00 
  198  2160   198     6.268666E+00     2.828085E+00     3.338608E-01     4.796315E+00     1.000012E+04     1.000000E+00 
  199  2171   199     6.266618E+00     2.828085E+00     3.283256E-01     4.751639E+00     1.000012E+04     1.000000E+00 
  200  2182   200     6.266136E+00     2.828085E+00     3.282617E-01     4.717852E+00     1.000012E+04     1.000000E+00 
  201  2193   201     6.266969E+00     2.828085E+00     3.283476E-01     4.774316E+00     1.000012E+04     1.000000E+00 
  202  2204   202     6.269448E+00     2.828085E+00     3.344972E-01     4.838886E+00     1.000012E+04     1.000000E+00 
  203  2215   203     6.273837E+00     2.828085E+00     3.400809E-01     4.965046E+00     1.000012E+04     1.000000E+00 
  204  2226   204     6.278668E+00     2.828085E+00     3.519111E-01     5.094531E+00     1.000012E+04     1.000000E+00 
  205  2237   205     6.281026E+00     2.828085E+00     3.532812E-01     5.140600E+00     1.000012E+04     1.000000E+00 
  206  2248   206     6.277807E+00     2.828085E+00     3.525442E-01     5.102654E+00     1.000012E+04     1.000000E+00 
  207  2259   207     6.273012E+00     2.828085E+00     3.402538E-01     4.967797E+00     1.000012E+04     1.000000E+00 
  208  2270   208     6.269314E+00     2.828085E+00     3.365005E-01     4.879115E+00     1.000012E+04     1.000000E+00 
  209  2281   209     6.267551E+00     2.828085E+00     3.289584E-01     4.788865E+00     1.000012E+04     1.000000E+00 
  210  2292   210     6.267110E+00     2.828085E+00     3.309523E-01     4.773286E+00     1.000012E+04     1.000000E+00 
  211  2303   211     6.267571E+00     2.828085E+00     3.276826E-01     4.726791E+00     1.000012E+04     1.000000E+00 
  212  2314   212     6.268856E+00     2.828085E+00     3.342115E-01     4.764053E+00     1.000012E+04     1.000000E+00 
  213  2325   213     6.270925E+00     2.828085E+00     3.335500E-01     4.795317E+00     1.000012E+04     1.000000E+00 
  214  2336   214     6.273955E+00     2.828085E+00     3.456611E-01     4.898725E+00     1.000012E+04     1.000000E+00 
  215  2347   215     6.276963E+00     2.828085E+00     3.460445E-01     4.984581E+00     1.000012E+04     1.000000E+00 
  216  2358   216     6.278818E+00     2.828085E+00     3.568043E-01     5.040440E+00     1.000012E+04     1.000000E+00 
  217  2369   217     6.277631E+00     2.828085E+00     3.487001E-01     5.007105E+00     1.000012E+04     1.000000E+00 
  218  2380   218     6.274768E+00     2.828085E+00     3.480227E-01     4.931656E+00     1.000012E+04     1.000000E+00 
  219  2391   219     6.271528E+00     2.828085E+00     3.370550E-01     4.843689E+00     1.000012E+04     1.000000E+00 
  220  2402   220     6.269154E+00     2.828085E+00     3.348864E-01     4.757452E+00     1.000012E+04     1.000000E+00 
  221  2413   221     6.267658E+00     2.828085E+00     3.292825E-01     4.735731E+00     1.000012E+04     1.000000E+00 
  222  2424   222     6.267130E+00     2.828085E+00     3.301653E-01     4.730327E+00     1.000012E+04     1.000000E+00 
  223  2435   223     6.267544E+00     2.828085E+00     3.285232E-01     4.741910E+00     1.000012E+04     1.000000E+00 
  224  2446   224     6.269456E+00     2.828085E+00     3.343078E-01     4.795737E+00     1.000012E+04     1.000000E+00 
  225  2457   225     6.273196E+00     2.828085E+00     3.365608E-01     4.831785E+00     1.000012E+04     1.000000E+00 
  226  2468   226     6.278265E+00     2.828085E+00     3.489878E-01     4.952360E+00     1.000012E+04     1.000000E+00 
  227  2479   227     6.281296E+00     2.828085E+00     3.486158E-01     4.959094E+00     1.000012E+04     1.000000E+00 
  228  2490   228     6.279198E+00     2.828085E+00     3.521919E-01     4.990582E+00     1.000012E+04     1.000000E+00 
  229  2501   229     6.273815E+00     2.828085E+00     3.392359E-01     4.878573E+00     1.000012E+04     1.000000E+00 
  230  2512   230     6.269372E+00     2.828085E+00     3.364542E-01     4.829115E+00     1.000012E+04     1.000000E+00 
  231  2523   231     6.266847E+00     2.828085E+00     3.284626E-01     4.775121E+00     1.000012E+04     1.000000E+00 
  232  2534   232     6.265992E+00     2.828085E+00     3.295128E-01     4.742432E+00     1.000012E+04     1.000000E+00 
  233  2545   233     6.266349E+00     2.828085E+00     3.272433E-01     4.750064E+00     1.000012E+04     1.000000E+00 
  234  2556   234     6.268002E+00     2.828085E+00     3.314373E-01     4.737305E+00     1.000012E+04     1.000000E+00 
  235  2567   235     6.271368E+00     2.828085E+00     3.332837E-01     4.800905E+00     1.000012E+04     1.000000E+00 
  236  2578   236     6.276176E+00     2.828085E+00     3.416218E-01     4.836180E+00     1.000012E+04     1.000000E+00 
  237  2589   237     6.280358E+00     2.828085E+00     3.447261E-01     4.911988E+00     1.000012E+04     1.000000E+00 
  238  2600   238     6.280155E+00     2.828085E+00     3.476446E-01     4.908897E+00     1.000012E+04     1.000000E+00 
  239  2611   239     6.276048E+00     2.828085E+00     3.413719E-01     4.863936E+00     1.000012E+04     1.000000E+00 
  240  2622   240     6.271440E+00     2.828085E+00     3.367386E-01     4.806880E+00     1.000012E+04     1.000000E+00 
  241  2633   241     6.268676E+00     2.828085E+00     3.319384E-01     4.760861E+00     1.000012E+04     1.000000E+00 
  242  2644   242     6.267420E+00     2.828085E+00     3.303591E-01     4.753693E+00     1.000012E+04     1.000000E+00 
  243  2655   243     6.267301E+00     2.828085E+00     3.299415E-01     4.733517E+00     1.000012E+04     1.000000E+00 
  244  2666   244     6.267920E+00     2.828085E+00     3.306895E-01     4.751791E+00     1.000012E+04     1.000000E+00 
  245  2677   245     6.269321E+00     2.828085E+00     3.331376E-01     4.746583E+00     1.000012E+04     1.000000E+00 
  246  2688   246     6.271673E+00     2.828085E+00     3.361745E-01     4.790855E+00     1.000012E+04     1.000000E+00 
  247  2699   247     6.274863E+00     2.828085E+00     3.420919E-01     4.839988E+00     1.000012E+04     1.000000E+00 
  248  2710   248     6.277953E+00     2.828085E+00     3.460699E-01     4.888903E+00     1.000012E+04     1.000000E+00 
  249  2721   249     6.278966E+00     2.828085E+00     3.496818E-01     4.941355E+00     1.000012E+04     1.000000E+00 
  250  2732   250     6.276961E+00     2.828085E+00     3.458767E-01     4.892032E+00     1.000012E+04     1.000000E+00 
  251  2743   251     6.273499E+00     2.828085E+00     3.422335E-01     4.853569E+00     1.000012E+04     1.000000E+00 
  252  2754   252     6.270299E+00     2.828085E+00     3.358558E-01     4.790775E+00     1.000012E+04     1.000000E+00 
  253  2765   253     6.268192E+00     2.828085E+00     3.333401E-01     4.765787E+00     1.000012E+04     1.000000E+00 
  254  2776   254     6.266968E+00     2.828085E+00     3.302921E-01     4.749192E+00     1.000012E+04     1.000000E+00 
  255  2787   255     6.266541E+00     2.828085E+00     3.305862E-01     4.746706E+00     1.000012E+04     1.000000E+00 
  256  2798   256     6.266783E+00     2.828085E+00     3.302117E-01     4.756259E+00     1.000012E+04     1.000000E+00 
  257  2809   257     6.268034E+00     2.828085E+00     3.337338E-01     4.784940E+00     1.000012E+04     1.000000E+00 
  258  2820   258     6.270681E+00     2.828085E+00     3.372365E-01     4.825919E+00     1.000012E+04     1.000000E+00 
  259  2831   259     6.275015E+00     2.828085E+00     3.466713E-01     4.897749E+00     1.000012E+04     1.000000E+00 
  260  2842   260     6.279595E+00     2.828085E+00     3.529175E-01     4.970802E+00     1.000012E+04     1.000000E+00 
  261  2853   261     6.280836E+00     2.828085E+00     3.576138E-01     5.029027E+00     1.000012E+04     1.000000E+00 
  262  2864   262     6.277459E+00     2.828085E+00     3.504482E-01     4.937065E+00     1.000012E+04     1.000000E+00 
  263  2875   263     6.272462E+00     2.828085E+00     3.432411E-01     4.874638E+00     1.000012E+04     1.000000E+00 
  264  2886   264     6.268902E+00     2.828085E+00     3.350616E-01     4.790038E+00     1.000012E+04     1.000000E+00 
  265  2897   265     6.267023E+00     2.828085E+00     3.319483E-01     4.779275E+00     1.000012E+04     1.000000E+00 
  266  2908   266     6.266533E+00     2.828085E+00     3.301110E-01     4.747890E+00     1.000012E+04     1.000000E+00 
  267  2919   267     6.266993E+00     2.828085E+00     3.308908E-01     4.747626E+00     1.000012E+04     1.000000E+00 
  268  2930   268     6.268719E+00     2.828085E+00     3.339944E-01     4.763358E+00     1.000012E+04     1.000000E+00 
  269  2941   269     6.271804E+00     2.828085E+00     3.390654E-01     4.770756E+00     1.000012E+04     1.000000E+00 
  270  2952   270     6.276190E+00     2.828085E+00     3.481771E-01     4.882154E+00     1.000012E+04     1.000000E+00 
  271  2963   271     6.279575E+00     2.828085E+00     3.535321E-01     4.914195E+00     1.000012E+04     1.000000E+00 
  272  2974   272     6.279364E+00     2.828085E+00     3.561485E-01     4.980300E+00     1.000012E+04     1.000000E+00 
  273  2985   273     6.275559E+00     2.828085E+00     3.480630E-01     4.862862E+00     1.000012E+04     1.000000E+00 
  274  2996   274     6.271479E+00     2.828085E+00     3.423622E-01     4.834515E+00     1.000012E+04     1.000000E+00 
  275  3007   275     6.268782E+00     2.828085E+00     3.347636E-01     4.749700E+00     1.000012E+04     1.000000E+00 
  276  3018   276     6.267630E+00     2.828085E+00     3.336015E-01     4.756332E+00     1.000012E+04     1.000000E+00 
  277  3029   277     6.267594E+00     2.828085E+00     3.313223E-01     4.733627E+00     1.000012E+04     1.000000E+00 
  278  3040   278     6.268597E+00     2.828085E+00     3.343273E-01     4.770940E+00     1.000012E+04     1.000000E+00 
  279  3051   279     6.270713E+00     2.828085E+00     3.364051E-01     4.799548E+00     1.000012E+04     1.000000E+00 
  280  3062   280     6.273933E+00     2.828085E+00     3.433730E-01     4.872678E+00     1.000012E+04     1.000000E+00 
  281  3073   281     6.277554E+00     2.828085E+00     3.486173E-01     4.976045E+00     1.000012E+04     1.000000E+00 
  282  3084   282     6.279230E+00     2.828085E+00     3.526414E-01     4.989977E+00     1.000012E+04     1.000000E+00 
  283  3095   283     6.277924E+00     2.828085E+00     3.503619E-01     4.990969E+00     1.000012E+04     1.000000E+00 
  284  3106   284     6.274338E+00     2.828085E+00     3.442399E-01     4.867182E+00     1.000012E+04     1.000000E+00 
  285  3117   285     6.271072E+00     2.828085E+00     3.384456E-01     4.824088E+00     1.000012E+04     1.000000E+00 
  286  3128   286     6.268718E+00     2.828085E+00     3.335143E-01     4.748082E+00     1.000012E+04     1.000000E+00 
  287  3139   287     6.267419E+00     2.828085E+00     3.314866E-01     4.748550E+00     1.000012E+04     1.000000E+00 
  288  3150   288     6.266690E+00     2.828085E+00     3.297355E-01     4.748137E+00     1.000012E+04     1.000000E+00 
  289  3161   289     6.266591E+00     2.828085E+00     3.302217E-01     4.742808E+00     1.000012E+04     1.000000E+00 
  290  3172   290     6.267072E+00     2.828085E+00     3.313102E-01     4.769138E+00     1.000012E+04     1.000000E+00 
  291  3183   291     6.268687E+00     2.828085E+00     3.353368E-01     4.802420E+00     1.000012E+04     1.000000E+00 
  292  3194   292     6.271869E+00     2.828085E+00     3.425129E-01     4.924842E+00     1.000012E+04     1.000000E+00 
  293  3205   293     6.276672E+00     2.828085E+00     3.528862E-01     5.024997E+00     1.000012E+04     1.000000E+00 
  294  3216   294     6.280734E+00     2.828085E+00     3.619416E-01     5.133349E+00     1.000012E+04     1.000000E+00 
  295  3227   295     6.280167E+00     2.828085E+00     3.609870E-01     5.103785E+00     1.000012E+04     1.000000E+00 
  296  3238   296     6.275612E+00     2.828085E+00     3.523176E-01     4.997079E+00     1.000012E+04     1.000000E+00 
  297  3249   297     6.270637E+00     2.828085E+00     3.412922E-01     4.865752E+00     1.000012E+04     1.000000E+00 
  298  3260   298     6.267651E+00     2.828085E+00     3.340442E-01     4.784143E+00     1.000012E+04     1.000000E+00 
  299  3271   299     6.266341E+00     2.828085E+00     3.311325E-01     4.747995E+00     1.000012E+04     1.000000E+00 
  300  3282   300     6.266494E+00     2.828085E+00     3.301764E-01     4.726517E+00     1.000012E+04     1.000000E+00 
  301  3293   301     6.267989E+00     2.828085E+00     3.347800E-01     4.769266E+00     1.000012E+04     1.000000E+00 
  302  3304   302     6.271379E+00     2.828085E+00     3.397951E-01     4.821119E+00     1.000012E+04     1.000000E+00 
  303  3315   303     6.276347E+00     2.828085E+00     3.536046E-01     4.991527E+00     1.000012E+04     1.000000E+00 
  304  3326   304     6.280736E+00     2.828085E+00     3.593603E-01     5.072468E+00     1.000012E+04     1.000000E+00 
  305  3337   305     6.280427E+00     2.828085E+00     3.639929E-01     5.133648E+00     1.000012E+04     1.000000E+00 
  306  3348   306     6.275919E+00     2.828085E+00     3.508529E-01     4.965836E+00     1.000012E+04     1.000000E+00 
  307  3359   307     6.271165E+00     2.828085E+00     3.440172E-01     4.864076E+00     1.000012E+04     1.000000E+00 
  308  3370   308     6.268295E+00     2.828085E+00     3.334618E-01     4.774369E+00     1.000012E+04     1.000000E+00 
  309  3381   309     6.267024E+00     2.828085E+00     3.325773E-01     4.752746E+00     1.000012E+04     1.000000E+00 
  310  3392   310     6.266780E+00     2.828085E+00     3.284642E-01     4.725849E+00     1.000012E+04     1.000000E+00 
  311  3403   311     6.267068E+00     2.828085E+00     3.315964E-01     4.738511E+00     1.000012E+04     1.000000E+00 
  312  3414   312     6.267780E+00     2.828085E+00     3.294259E-01     4.734870E+00     1.000012E+04     1.000000E+00 
  313  3425   313     6.268924E+00     2.828085E+00     3.361817E-01     4.769839E+00     1.000012E+04     1.000000E+00 
  314  3436   314     6.270766E+00     2.828085E+00     3.352907E-01     4.798393E+00     1.000012E+04     1.000000E+00 
  315  3447   315     6.273530E+00     2.828085E+00     3.479245E-01     4.894975E+00     1.000012E+04     1.000000E+00 
  316  3458   316     6.276808E+00     2.828085E+00     3.480684E-01     4.959327E+00     1.000012E+04     1.000000E+00 
  317  3459   317     6.278368E+00     2.666692E+00     3.582752E-01     5.021129E+00     1.000031E+04     1.000000E+00 
  318  3470   318     6.262288E+00     2.666692E+00     3.198616E-01     4.664089E+00     1.000031E+04     1.000000E+00 
  319  3481   319     6.262280E+00     2.666692E+00     3.200283E-01     4.669282E+00     1.000031E+04     1.000000E+00 
  320  3492   320     6.262180E+00     2.666692E+00     3.198082E-01     4.664444E+00     1.000031E+04     1.000000E+00 
  321  3503   321     6.262112E+00     2.666692E+00     3.194525E-01     4.662541E+00     1.000031E+04     1.000000E+00 
  322  3514   322     6.262052E+00     2.666692E+00     3.194786E-01     4.660305E+00     1.000031E+04     1.000000E+00 
  323  3525   323     6.262011E+00     2.666692E+00     3.190196E-01     4.656804E+00     1.000031E+04     1.000000E+00 
  324  3536   324     6.262012E+00     2.666692E+00     3.193384E-01     4.656373E+00     1.000031E+04     1.000000E+00 
  325  3547   325     6.262059E+00     2.666692E+00     3.187785E-01     4.650273E+00     1.000031E+04     1.000000E+00 
  326  3558   326     6.262176E+00     2.666692E+00     3.195743E-01     4.651900E+00     1.000031E+04     1.000000E+00 
  327  3569   327     6.262279E+00     2.666692E+00     3.188183E-01     4.642391E+00     1.000031E+04     1.000000E+00 
  328  3580   328     6.262253E+00     2.666692E+00     3.195258E-01     4.646223E+00     1.000031E+04     1.000000E+00 
  329  3591   329     6.262067E+00     2.666692E+00     3.183010E-01     4.638274E+00     1.000031E+04     1.000000E+00 
  330  3602   330     6.261863E+00     2.666692E+00     3.186016E-01     4.642631E+00     1.000031E+04     1.000000E+00 
  331  3613   331     6.261728E+00     2.666692E+00     3.177250E-01     4.637701E+00     1.000031E+04     1.000000E+00 
  332  3624   332     6.261646E+00     2.666692E+00     3.179939E-01     4.640331E+00     1.000031E+04     1.000000E+00 
  333  3635   333     6.261601E+00     2.666692E+00     3.173801E-01     4.635052E+00     1.000031E+04     1.000000E+00 
  334  3646   334     6.261589E+00     2.666692E+00     3.177153E-01     4.636938E+00     1.000031E+04     1.000000E+00 
  335  3657   335     6.261603E+00     2.666692E+00     3.171828E-01     4.631087E+00     1.000031E+04     1.000000E+00 
  336  3668   336     6.261651E+00     2.666692E+00     3.177201E-01     4.632948E+00     1.000031E+04     1.000000E+00 
  337  3679   337     6.261735E+00     2.666692E+00     3.171387E-01     4.625700E+00     1.000031E+04     1.000000E+00 
  338  3690   338     6.261826E+00     2.666692E+00     3.179237E-01     4.628591E+00     1.000031E+04     1.000000E+00 
  339  3701   339     6.261846E+00     2.666692E+00     3.170891E-01     4.620425E+00     1.000031E+04     1.000000E+00 
  340  3712   340     6.261770E+00     2.666692E+00     3.175801E-01     4.624521E+00     1.000031E+04     1.000000E+00 
  341  3723   341     6.261614E+00     2.666692E+00     3.167424E-01     4.619426E+00     1.000031E+04     1.000000E+00 
  342  3734   342     6.261488E+00     2.666692E+00     3.168329E-01     4.622448E+00     1.000031E+04     1.000000E+00 
  343  3745   343     6.261385E+00     2.666692E+00     3.165094E-01     4.620140E+00     1.000031E+04     1.000000E+00 
  344  3756   344     6.261335E+00     2.666692E+00     3.163831E-01     4.620169E+00     1.000031E+04     1.000000E+00 
  345  3767   345     6.261298E+00     2.666692E+00     3.164521E-01     4.619782E+00     1.000031E+04     1.000000E+00 
  346  3778   346     6.261307E+00     2.666692E+00     3.161287E-01     4.616577E+00     1.000031E+04     1.000000E+00 
  347  3789   347     6.261353E+00     2.666692E+00     3.166050E-01     4.619212E+00     1.000031E+04     1.000000E+00 
  348  3800   348     6.261467E+00     2.666692E+00     3.161186E-01     4.610850E+00     1.000031E+04     1.000000E+00 
  349  3811   349     6.261625E+00     2.666692E+00     3.170619E-01     4.618083E+00     1.000031E+04     1.000000E+00 
  350  3822   350     6.261698E+00     2.666692E+00     3.161954E-01     4.604075E+00     1.000031E+04     1.000000E+00 
  351  3833   351     6.261602E+00     2.666692E+00     3.167789E-01     4.614600E+00     1.000031E+04     1.000000E+00 
  352  3844   352     6.261396E+00     2.666692E+00     3.157430E-01     4.604861E+00     1.000031E+04     1.000000E+00 
  353  3855   353     6.261254E+00     2.666692E+00     3.159692E-01     4.612074E+00     1.000031E+04     1.000000E+00 
  354  3866   354     6.261164E+00     2.666692E+00     3.155307E-01     4.607819E+00     1.000031E+04     1.000000E+00 
  355  3877   355     6.261138E+00     2.666692E+00     3.156137E-01     4.609965E+00     1.000031E+04     1.000000E+00 
  356  3888   356     6.261130E+00     2.666692E+00     3.154867E-01     4.608010E+00     1.000031E+04     1.000000E+00 
  357  3899   357     6.261165E+00     2.666692E+00     3.155096E-01     4.607211E+00     1.000031E+04     1.000000E+00 
  358  3910   358     6.261221E+00     2.666692E+00     3.155464E-01     4.606683E+00     1.000031E+04     1.000000E+00 
  359  3921   359     6.261335E+00     2.666692E+00     3.156627E-01     4.603674E+00     1.000031E+04     1.000000E+00 
  360  3932   360     6.261458E+00     2.666692E+00     3.159008E-01     4.604714E+00     1.000031E+04     1.000000E+00 
  361  3943   361     6.261515E+00     2.666692E+00     3.158570E-01     4.600624E+00     1.000031E+04     1.000000E+00 
  362  3954   362     6.261461E+00     2.666692E+00     3.158209E-01     4.602589E+00     1.000031E+04     1.000000E+00 
  363  3965   363     6.261325E+00     2.666692E+00     3.154596E-01     4.598087E+00     1.000031E+04     1.000000E+00 
  364  3976   364     6.261223E+00     2.666692E+00     3.153179E-01     4.601975E+00     1.000031E+04     1.000000E+00 
  365  3987   365     6.261136E+00     2.666692E+00     3.150372E-01     4.598641E+00     1.000031E+04     1.000000E+00 
  366  3998   366     6.261110E+00     2.666692E+00     3.150595E-01     4.601721E+00     1.000031E+04     1.000000E+00 
  367  4009   367     6.261080E+00     2.666692E+00     3.148709E-01     4.598112E+00     1.000031E+04     1.000000E+00 
  368  4020   368     6.261092E+00     2.666692E+00     3.149996E-01     4.600751E+00     1.000031E+04     1.000000E+00 
  369  4031   369     6.261120E+00     2.666692E+00     3.148959E-01     4.596158E+00     1.000031E+04     1.000000E+00 
  370  4042   370     6.261195E+00     2.666692E+00     3.151304E-01     4.600050E+00     1.000031E+04     1.000000E+00 
  371  4053   371     6.261317E+00     2.666692E+00     3.151579E-01     4.591815E+00     1.000031E+04     1.000000E+00 
  372  4064   372     6.261430E+00     2.666692E+00     3.153346E-01     4.597728E+00     1.000031E+04     1.000000E+00 
  373  4075   373     6.261448E+00     2.666692E+00     3.152786E-01     4.587823E+00     1.000031E+04     1.000000E+00 
  374  4086   374     6.261315E+00     2.666692E+00     3.149423E-01     4.595741E+00     1.000031E+04     1.000000E+00 
  375  4097   375     6.261166E+00     2.666692E+00     3.148439E-01     4.589861E+00     1.000031E+04     1.000000E+00 
  376  4108   376     6.261049E+00     2.666692E+00     3.145222E-01     4.595819E+00     1.000031E+04     1.000000E+00 
  377  4119   377     6.260999E+00     2.666692E+00     3.146689E-01     4.593082E+00     1.000031E+04     1.000000E+00 
  378  4130   378     6.260978E+00     2.666692E+00     3.143959E-01     4.594302E+00     1.000031E+04     1.000000E+00 
  379  4141   379     6.261001E+00     2.666692E+00     3.147289E-01     4.594391E+00     1.000031E+04     1.000000E+00 
  380  4152   380     6.261064E+00     2.666692E+00     3.144758E-01     4.590492E+00     1.000031E+04     1.000000E+00 
  381  4163   381     6.261190E+00     2.666692E+00     3.150886E-01     4.594333E+00     1.000031E+04     1.000000E+00 
  382  4174   382     6.261353E+00     2.666692E+00     3.148937E-01     4.584270E+00     1.000031E+04     1.000000E+00 
  383  4185   383     6.261444E+00     2.666692E+00     3.154278E-01     4.592231E+00     1.000031E+04     1.000000E+00 
  384  4196   384     6.261366E+00     2.666692E+00     3.148812E-01     4.581275E+00     1.000031E+04     1.000000E+00 
  385  4207   385     6.261196E+00     2.666692E+00     3.147566E-01     4.591937E+00     1.000031E+04     1.000000E+00 
  386  4218   386     6.261066E+00     2.666692E+00     3.144546E-01     4.585007E+00     1.000031E+04     1.000000E+00 
  387  4229   387     6.261003E+00     2.666692E+00     3.142860E-01     4.592063E+00     1.000031E+04     1.000000E+00 
  388  4240   388     6.260978E+00     2.666692E+00     3.143644E-01     4.588209E+00     1.000031E+04     1.000000E+00 
  389  4251   389     6.260993E+00     2.666692E+00     3.141411E-01     4.590463E+00     1.000031E+04     1.000000E+00 
  390  4262   390     6.261016E+00     2.666692E+00     3.144557E-01     4.589436E+00     1.000031E+04     1.000000E+00 
  391  4273   391     6.261087E+00     2.666692E+00     3.141828E-01     4.586870E+00     1.000031E+04     1.000000E+00 
  392  4284   392     6.261177E+00     2.666692E+00     3.148654E-01     4.589947E+00     1.000031E+04     1.000000E+00 
  393  4295   393     6.261283E+00     2.666692E+00     3.144075E-01     4.581816E+00     1.000031E+04     1.000000E+00 
  394  4306   394     6.261334E+00     2.666692E+00     3.151777E-01     4.588817E+00     1.000031E+04     1.000000E+00 
  395  4317   395     6.261292E+00     2.666692E+00     3.143266E-01     4.579033E+00     1.000031E+04     1.000000E+00 
  396  4328   396     6.261186E+00     2.666692E+00     3.147530E-01     4.588547E+00     1.000031E+04     1.000000E+00 
  397  4339   397     6.261063E+00     2.666692E+00     3.139231E-01     4.581498E+00     1.000031E+04     1.000000E+00 
  398  4350   398     6.260997E+00     2.666692E+00     3.143222E-01     4.588939E+00     1.000031E+04     1.000000E+00 
  399  4361   399     6.260943E+00     2.666692E+00     3.137752E-01     4.584426E+00     1.000031E+04     1.000000E+00 
  400  4372   400     6.260931E+00     2.666692E+00     3.142252E-01     4.588523E+00     1.000031E+04     1.000000E+00 
  401  4383   401     6.260922E+00     2.666692E+00     3.136700E-01     4.585050E+00     1.000031E+04     1.000000E+00 
  402  4394   402     6.260954E+00     2.666692E+00     3.143535E-01     4.588067E+00     1.000031E+04     1.000000E+00 
  403  4405   403     6.261005E+00     2.666692E+00     3.135470E-01     4.583169E+00     1.000031E+04     1.000000E+00 
  404  4416   404     6.261123E+00     2.666692E+00     3.147557E-01     4.587449E+00     1.000031E+04     1.000000E+00 
  405  4427   405     6.261254E+00     2.666692E+00     3.135171E-01     4.577921E+00     1.000031E+04     1.000000E+00 
  406  4438   406     6.261348E+00     2.666692E+00     3.151197E-01     4.585638E+00     1.000031E+04     1.000000E+00 
  407  4449   407     6.261292E+00     2.666692E+00     3.134797E-01     4.575520E+00     1.000031E+04     1.000000E+00 
  408  4460   408     6.261153E+00     2.666692E+00     3.146027E-01     4.585867E+00     1.000031E+04     1.000000E+00 
  409  4471   409     6.261031E+00     2.666692E+00     3.135146E-01     4.578506E+00     1.000031E+04     1.000000E+00 
  410  4482   410     6.260960E+00     2.666692E+00     3.140761E-01     4.587209E+00     1.000031E+04     1.000000E+00 
  411  4493   411     6.260935E+00     2.666692E+00     3.136564E-01     4.580800E+00     1.000031E+04     1.000000E+00 
  412  4504   412     6.260927E+00     2.666692E+00     3.138420E-01     4.586871E+00     1.000031E+04     1.000000E+00 
  413  4515   413     6.260934E+00     2.666692E+00     3.137047E-01     4.581235E+00     1.000031E+04     1.000000E+00 
  414  4526   414     6.260953E+00     2.666692E+00     3.137729E-01     4.586070E+00     1.000031E+04     1.000000E+00 
  415  4537   415     6.260977E+00     2.666692E+00     3.137172E-01     4.581253E+00     1.000031E+04     1.000000E+00 
  416  4548   416     6.261039E+00     2.666692E+00     3.139012E-01     4.583461E+00     1.000031E+04     1.000000E+00 
  417  4559   417     6.261130E+00     2.666692E+00     3.138217E-01     4.581363E+00     1.000031E+04     1.000000E+00 
  418  4570   418     6.261260E+00     2.666692E+00     3.142828E-01     4.582873E+00     1.000031E+04     1.000000E+00 
  419  4581   419     6.261342E+00     2.666692E+00     3.138305E-01     4.580574E+00     1.000031E+04     1.000000E+00 
  420  4592   420     6.261327E+00     2.666692E+00     3.143822E-01     4.580602E+00     1.000031E+04     1.000000E+00 
  421  4603   421     6.261187E+00     2.666692E+00     3.135293E-01     4.580932E+00     1.000031E+04     1.000000E+00 
  422  4614   422     6.261050E+00     2.666692E+00     3.140060E-01     4.578508E+00     1.000031E+04     1.000000E+00 
  423  4625   423     6.260954E+00     2.666692E+00     3.133965E-01     4.582983E+00     1.000031E+04     1.000000E+00 
  424  4636   424     6.260905E+00     2.666692E+00     3.138939E-01     4.581441E+00     1.000031E+04     1.000000E+00 
  425  4647   425     6.260888E+00     2.666692E+00     3.133992E-01     4.582806E+00     1.000031E+04     1.000000E+00 
  426  4658   426     6.260896E+00     2.666692E+00     3.139557E-01     4.583678E+00     1.000031E+04     1.000000E+00 
  427  4669   427     6.260946E+00     2.666692E+00     3.134024E-01     4.580232E+00     1.000031E+04     1.000000E+00 
  428  4680   428     6.261041E+00     2.666692E+00     3.141742E-01     4.584887E+00     1.000031E+04     1.000000E+00 
  429  4691   429     6.261209E+00     2.666692E+00     3.134964E-01     4.574384E+00     1.000031E+04     1.000000E+00 
  430  4702   430     6.261347E+00     2.666692E+00     3.143757E-01     4.583530E+00     1.000031E+04     1.000000E+00 
  431  4713   431     6.261351E+00     2.666692E+00     3.135236E-01     4.569701E+00     1.000031E+04     1.000000E+00 
  432  4724   432     6.261184E+00     2.666692E+00     3.139193E-01     4.582074E+00     1.000031E+04     1.000000E+00 
  433  4735   433     6.261026E+00     2.666692E+00     3.134491E-01     4.575360E+00     1.000031E+04     1.000000E+00 
  434  4746   434     6.260930E+00     2.666692E+00     3.135520E-01     4.582656E+00     1.000031E+04     1.000000E+00 
  435  4757   435     6.260895E+00     2.666692E+00     3.136034E-01     4.580619E+00     1.000031E+04     1.000000E+00 
  436  4768   436     6.260897E+00     2.666692E+00     3.133809E-01     4.580967E+00     1.000031E+04     1.000000E+00 
  437  4779   437     6.260925E+00     2.666692E+00     3.137514E-01     4.582828E+00     1.000031E+04     1.000000E+00 
  438  4790   438     6.260993E+00     2.666692E+00     3.132620E-01     4.577345E+00     1.000031E+04     1.000000E+00 
  439  4801   439     6.261093E+00     2.666692E+00     3.138534E-01     4.583254E+00     1.000031E+04     1.000000E+00 
  440  4812   440     6.261223E+00     2.666692E+00     3.132191E-01     4.571837E+00     1.000031E+04     1.000000E+00 
  441  4823   441     6.261305E+00     2.666692E+00     3.137736E-01     4.581837E+00     1.000031E+04     1.000000E+00 
  442  4834   442     6.261288E+00     2.666692E+00     3.133106E-01     4.570295E+00     1.000031E+04     1.000000E+00 
  443  4845   443     6.261183E+00     2.666692E+00     3.134770E-01     4.580692E+00     1.000031E+04     1.000000E+00 
  444  4856   444     6.261076E+00     2.666692E+00     3.135227E-01     4.574275E+00     1.000031E+04     1.000000E+00 
  445  4867   445     6.261004E+00     2.666692E+00     3.133037E-01     4.580450E+00     1.000031E+04     1.000000E+00 
  446  4878   446     6.260959E+00     2.666692E+00     3.136860E-01     4.578709E+00     1.000031E+04     1.000000E+00 
  447  4889   447     6.260932E+00     2.666692E+00     3.132344E-01     4.579516E+00     1.000031E+04     1.000000E+00 
  448  4900   448     6.260912E+00     2.666692E+00     3.137134E-01     4.581048E+00     1.000031E+04     1.000000E+00 
  449  4911   449     6.260901E+00     2.666692E+00     3.132393E-01     4.578528E+00     1.000031E+04     1.000000E+00 
  450  4922   450     6.260904E+00     2.666692E+00     3.136655E-01     4.582503E+00     1.000031E+04     1.000000E+00 
  451  4933   451     6.260928E+00     2.666692E+00     3.133283E-01     4.577227E+00     1.000031E+04     1.000000E+00 
  452  4944   452     6.261003E+00     2.666692E+00     3.135970E-01     4.582979E+00     1.000031E+04     1.000000E+00 
  453  4955   453     6.261131E+00     2.666692E+00     3.135498E-01     4.574963E+00     1.000031E+04     1.000000E+00 
  454  4966   454     6.261313E+00     2.666692E+00     3.135117E-01     4.580709E+00     1.000031E+04     1.000000E+00 
  455  4977   455     6.261393E+00     2.666692E+00     3.137476E-01     4.575531E+00     1.000031E+04     1.000000E+00 
  456  4988   456     6.261297E+00     2.666692E+00     3.132259E-01     4.577346E+00     1.000031E+04     1.000000E+00 
  457  4999   457     6.261104E+00     2.666692E+00     3.136051E-01     4.576430E+00     1.000031E+04     1.000000E+00 
  458  5010   458     6.260972E+00     2.666692E+00     3.131346E-01     4.578049E+00     1.000031E+04     1.000000E+00 
  459  5021   459     6.260910E+00     2.666692E+00     3.135839E-01     4.579632E+00     1.000031E+04     1.000000E+00 
  460  5032   460     6.260890E+00     2.666692E+00     3.131891E-01     4.577271E+00     1.000031E+04     1.000000E+00 
  461  5043   461     6.260912E+00     2.666692E+00     3.136568E-01     4.582907E+00     1.000031E+04     1.000000E+00 
  462  5054   462     6.260953E+00     2.666692E+00     3.132091E-01     4.573868E+00     1.000031E+04     1.000000E+00 
  463  5065   463     6.261044E+00     2.666692E+00     3.139382E-01     4.585125E+00     1.000031E+04     1.000000E+00 
  464  5076   464     6.261145E+00     2.666692E+00     3.132658E-01     4.571771E+00     1.000031E+04     1.000000E+00 
  465  5087   465     6.261256E+00     2.666692E+00     3.144193E-01     4.585769E+00     1.000031E+04     1.000000E+00 
  466  5098   466     6.261269E+00     2.666692E+00     3.132603E-01     4.570455E+00     1.000031E+04     1.000000E+00 
  467  5109   467     6.261211E+00     2.666692E+00     3.144276E-01     4.584632E+00     1.000031E+04     1.000000E+00 
  468  5120   468     6.261105E+00     2.666692E+00     3.130340E-01     4.571821E+00     1.000031E+04     1.000000E+00 
  469  5131   469     6.261031E+00     2.666692E+00     3.140719E-01     4.582998E+00     1.000031E+04     1.000000E+00 
  470  5142   470     6.260980E+00     2.666692E+00     3.129562E-01     4.573404E+00     1.000031E+04     1.000000E+00 
  471  5153   471     6.260952E+00     2.666692E+00     3.138138E-01     4.580950E+00     1.000031E+04     1.000000E+00 
  472  5164   472     6.260932E+00     2.666692E+00     3.130111E-01     4.576812E+00     1.000031E+04     1.000000E+00 
  473  5175   473     6.260922E+00     2.666692E+00     3.136306E-01     4.578797E+00     1.000031E+04     1.000000E+00 
  474  5186   474     6.260923E+00     2.666692E+00     3.131766E-01     4.579686E+00     1.000031E+04     1.000000E+00 
  475  5197   475     6.260946E+00     2.666692E+00     3.134423E-01     4.575777E+00     1.000031E+04     1.000000E+00 
  476  5208   476     6.261010E+00     2.666692E+00     3.135047E-01     4.582516E+00     1.000031E+04     1.000000E+00 
  477  5219   477     6.261127E+00     2.666692E+00     3.131807E-01     4.570651E+00     1.000031E+04     1.000000E+00 
  478  5230   478     6.261283E+00     2.666692E+00     3.140098E-01     4.583853E+00     1.000031E+04     1.000000E+00 
  479  5241   479     6.261359E+00     2.666692E+00     3.127821E-01     4.566368E+00     1.000031E+04     1.000000E+00 
  480  5252   480     6.261284E+00     2.666692E+00     3.140720E-01     4.582763E+00     1.000031E+04     1.000000E+00 
  481  5263   481     6.261107E+00     2.666692E+00     3.126369E-01     4.567549E+00     1.000031E+04     1.000000E+00 
  482  5274   482     6.260983E+00     2.666692E+00     3.137543E-01     4.582598E+00     1.000031E+04     1.000000E+00 
  483  5285   483     6.260903E+00     2.666692E+00     3.129198E-01     4.573517E+00     1.000031E+04     1.000000E+00 
  484  5296   484     6.260885E+00     2.666692E+00     3.135578E-01     4.581118E+00     1.000031E+04     1.000000E+00 
  485  5307   485     6.260879E+00     2.666692E+00     3.132205E-01     4.577890E+00     1.000031E+04     1.000000E+00 
  486  5318   486     6.260916E+00     2.666692E+00     3.134080E-01     4.577862E+00     1.000031E+04     1.000000E+00 
  487  5329   487     6.260974E+00     2.666692E+00     3.136395E-01     4.581413E+00     1.000031E+04     1.000000E+00 
  488  5340   488     6.261095E+00     2.666692E+00     3.133267E-01     4.571329E+00     1.000031E+04     1.000000E+00 
  489  5351   489     6.261233E+00     2.666692E+00     3.143135E-01     4.584277E+00     1.000031E+04     1.000000E+00 
  490  5362   490     6.261329E+00     2.666692E+00     3.132732E-01     4.566184E+00     1.000031E+04     1.000000E+00 
  491  5373   491     6.261284E+00     2.666692E+00     3.144675E-01     4.584947E+00     1.000031E+04     1.000000E+00 
  492  5384   492     6.261140E+00     2.666692E+00     3.130419E-01     4.566440E+00     1.000031E+04     1.000000E+00 
  493  5395   493     6.261021E+00     2.666692E+00     3.139411E-01     4.584758E+00     1.000031E+04     1.000000E+00 
  494  5406   494     6.260940E+00     2.666692E+00     3.130960E-01     4.571044E+00     1.000031E+04     1.000000E+00 
  495  5417   495     6.260912E+00     2.666692E+00     3.136135E-01     4.582890E+00     1.000031E+04     1.000000E+00 
  496  5428   496     6.260891E+00     2.666692E+00     3.132723E-01     4.575057E+00     1.000031E+04     1.000000E+00 
  497  5439   497     6.260898E+00     2.666692E+00     3.134505E-01     4.580246E+00     1.000031E+04     1.000000E+00 
  498  5450   498     6.260904E+00     2.666692E+00     3.134585E-01     4.577666E+00     1.000031E+04     1.000000E+00 
  499  5461   499     6.260936E+00     2.666692E+00     3.133914E-01     4.576820E+00     1.000031E+04     1.000000E+00 
  500  5472   500     6.260990E+00     2.666692E+00     3.137579E-01     4.580599E+00     1.000031E+04     1.000000E+00 
  501  5483   501     6.261083E+00     2.666692E+00     3.135411E-01     4.575134E+00     1.000031E+04     1.000000E+00 
  502  5494   502     6.261206E+00     2.666692E+00     3.142748E-01     4.582730E+00     1.000031E+04     1.000000E+00 
  503  5505   503     6.261293E+00     2.666692E+00     3.138308E-01     4.571069E+00     1.000031E+04     1.000000E+00 
  504  5516   504     6.261283E+00     2.666692E+00     3.143642E-01     4.582219E+00     1.000031E+04     1.000000E+00 
  505  5527   505     6.261167E+00     2.666692E+00     3.136322E-01     4.567460E+00     1.000031E+04     1.000000E+00 
  506  5538   506     6.261050E+00     2.666692E+00     3.137832E-01     4.580704E+00     1.000031E+04     1.000000E+00 
  507  5549   507     6.260966E+00     2.666692E+00     3.134072E-01     4.573568E+00     1.000031E+04     1.000000E+00 
  508  5560   508     6.260922E+00     2.666692E+00     3.134627E-01     4.578975E+00     1.000031E+04     1.000000E+00 
  509  5571   509     6.260903E+00     2.666692E+00     3.133665E-01     4.577542E+00     1.000031E+04     1.000000E+00 
  510  5582   510     6.260893E+00     2.666692E+00     3.133689E-01     4.577300E+00     1.000031E+04     1.000000E+00 
  511  5593   511     6.260902E+00     2.666692E+00     3.133804E-01     4.579344E+00     1.000031E+04     1.000000E+00 
  512  5604   512     6.260915E+00     2.666692E+00     3.134077E-01     4.575906E+00     1.000031E+04     1.000000E+00 
  513  5615   513     6.260964E+00     2.666692E+00     3.134859E-01     4.579549E+00     1.000031E+04     1.000000E+00 
  514  5626   514     6.261037E+00     2.666692E+00     3.136536E-01     4.575607E+00     1.000031E+04     1.000000E+00 
  515  5637   515     6.261170E+00     2.666692E+00     3.138424E-01     4.577319E+00     1.000031E+04     1.000000E+00 
  516  5648   516     6.261289E+00     2.666692E+00     3.140852E-01     4.575910E+00     1.000031E+04     1.000000E+00 
  517  5659   517     6.261326E+00     2.666692E+00     3.140547E-01     4.572809E+00     1.000031E+04     1.000000E+00 
  518  5670   518     6.261218E+00     2.666692E+00     3.138566E-01     4.575780E+00     1.000031E+04     1.000000E+00 
  519  5681   519     6.261072E+00     2.666692E+00     3.136279E-01     4.572612E+00     1.000031E+04     1.000000E+00 
  520  5692   520     6.260964E+00     2.666692E+00     3.134269E-01     4.578266E+00     1.000031E+04     1.000000E+00 
  521  5703   521     6.260904E+00     2.666692E+00     3.134378E-01     4.574432E+00     1.000031E+04     1.000000E+00 
  522  5714   522     6.260882E+00     2.666692E+00     3.133279E-01     4.581160E+00     1.000031E+04     1.000000E+00 
  523  5725   523     6.260879E+00     2.666692E+00     3.134349E-01     4.574442E+00     1.000031E+04     1.000000E+00 
  524  5736   524     6.260906E+00     2.666692E+00     3.134099E-01     4.582879E+00     1.000031E+04     1.000000E+00 
  525  5747   525     6.260956E+00     2.666692E+00     3.135213E-01     4.572837E+00     1.000031E+04     1.000000E+00 
  526  5758   526     6.261059E+00     2.666692E+00     3.137197E-01     4.583961E+00     1.000031E+04     1.000000E+00 
  527  5769   527     6.261184E+00     2.666692E+00     3.137157E-01     4.569396E+00     1.000031E+04     1.000000E+00 
  528  5780   528     6.261294E+00     2.666692E+00     3.141507E-01     4.582489E+00     1.000031E+04     1.000000E+00 
  529  5791   529     6.261277E+00     2.666692E+00     3.136228E-01     4.567425E+00     1.000031E+04     1.000000E+00 
  530  5802   530     6.261169E+00     2.666692E+00     3.139819E-01     4.580157E+00     1.000031E+04     1.000000E+00 
  531  5813   531     6.261043E+00     2.666692E+00     3.132570E-01     4.571675E+00     1.000031E+04     1.000000E+00 
  532  5824   532     6.260969E+00     2.666692E+00     3.137226E-01     4.579477E+00     1.000031E+04     1.000000E+00 
  533  5835   533     6.260927E+00     2.666692E+00     3.131826E-01     4.575772E+00     1.000031E+04     1.000000E+00 
  534  5846   534     6.260913E+00     2.666692E+00     3.136263E-01     4.578797E+00     1.000031E+04     1.000000E+00 
  535  5857   535     6.260902E+00     2.666692E+00     3.132128E-01     4.577227E+00     1.000031E+04     1.000000E+00 
  536  5868   536     6.260897E+00     2.666692E+00     3.135511E-01     4.578164E+00     1.000031E+04     1.000000E+00 
  537  5879   537     6.260886E+00     2.666692E+00     3.132574E-01     4.577821E+00     1.000031E+04     1.000000E+00 
  538  5890   538     6.260880E+00     2.666692E+00     3.134573E-01     4.577776E+00     1.000031E+04     1.000000E+00 
  539  5901   539     6.260871E+00     2.666692E+00     3.133166E-01     4.578440E+00     1.000031E+04     1.000000E+00 
  540  5912   540     6.260875E+00     2.666692E+00     3.133495E-01     4.577151E+00     1.000031E+04     1.000000E+00 
  541  5923   541     6.260889E+00     2.666692E+00     3.134280E-01     4.579518E+00     1.000031E+04     1.000000E+00 
  542  5934   542     6.260939E+00     2.666692E+00     3.132422E-01     4.575492E+00     1.000031E+04     1.000000E+00 
  543  5945   543     6.261032E+00     2.666692E+00     3.136662E-01     4.580116E+00     1.000031E+04     1.000000E+00 
  544  5956   544     6.261190E+00     2.666692E+00     3.131379E-01     4.571472E+00     1.000031E+04     1.000000E+00 
  545  5967   545     6.261320E+00     2.666692E+00     3.139790E-01     4.578435E+00     1.000031E+04     1.000000E+00 
  546  5978   546     6.261328E+00     2.666692E+00     3.129751E-01     4.567603E+00     1.000031E+04     1.000000E+00 
  547  5989   547     6.261167E+00     2.666692E+00     3.137655E-01     4.577782E+00     1.000031E+04     1.000000E+00 
  548  6000   548     6.261016E+00     2.666692E+00     3.129965E-01     4.572021E+00     1.000031E+04     1.000000E+00 
  549  6011   549     6.260910E+00     2.666692E+00     3.135256E-01     4.579557E+00     1.000031E+04     1.000000E+00 
  550  6022   550     6.260873E+00     2.666692E+00     3.131652E-01     4.576111E+00     1.000031E+04     1.000000E+00 
  551  6033   551     6.260849E+00     2.666692E+00     3.134674E-01     4.579598E+00     1.000031E+04     1.000000E+00 
  552  6044   552     6.260856E+00     2.666692E+00     3.132575E-01     4.577556E+00     1.000031E+04     1.000000E+00 
  553  6055   553     6.260856E+00     2.666692E+00     3.134777E-01     4.578922E+00     1.000031E+04     1.000000E+00 
  554  6066   554     6.260876E+00     2.666692E+00     3.133042E-01     4.577756E+00     1.000031E+04     1.000000E+00 
  555  6077   555     6.260882E+00     2.666692E+00     3.135130E-01     4.578156E+00     1.000031E+04     1.000000E+00 
  556  6088   556     6.260907E+00     2.666692E+00     3.133370E-01     4.577487E+00     1.000031E+04     1.000000E+00 
  557  6099   557     6.260914E+00     2.666692E+00     3.135340E-01     4.577579E+00     1.000031E+04     1.000000E+00 
  558  6110   558     6.260943E+00     2.666692E+00     3.133850E-01     4.576924E+00     1.000031E+04     1.000000E+00 
  559  6121   559     6.260971E+00     2.666692E+00     3.135135E-01     4.577400E+00     1.000031E+04     1.000000E+00 
  560  6132   560     6.261038E+00     2.666692E+00     3.135407E-01     4.575749E+00     1.000031E+04     1.000000E+00 
  561  6143   561     6.261135E+00     2.666692E+00     3.134697E-01     4.576224E+00     1.000031E+04     1.000000E+00 
  562  6154   562     6.261237E+00     2.666692E+00     3.138651E-01     4.573394E+00     1.000031E+04     1.000000E+00 
  563  6165   563     6.261288E+00     2.666692E+00     3.133284E-01     4.573365E+00     1.000031E+04     1.000000E+00 
  564  6176   564     6.261205E+00     2.666692E+00     3.139201E-01     4.572610E+00     1.000031E+04     1.000000E+00 
  565  6187   565     6.261086E+00     2.666692E+00     3.130990E-01     4.574754E+00     1.000031E+04     1.000000E+00 
  566  6198   566     6.260961E+00     2.666692E+00     3.137149E-01     4.575830E+00     1.000031E+04     1.000000E+00 
  567  6209   567     6.260900E+00     2.666692E+00     3.130582E-01     4.577403E+00     1.000031E+04     1.000000E+00 
  568  6220   568     6.260853E+00     2.666692E+00     3.136278E-01     4.578110E+00     1.000031E+04     1.000000E+00 
  569  6231   569     6.260838E+00     2.666692E+00     3.130701E-01     4.578518E+00     1.000031E+04     1.000000E+00 
  570  6242   570     6.260825E+00     2.666692E+00     3.136140E-01     4.578956E+00     1.000031E+04     1.000000E+00 
  571  6253   571     6.260825E+00     2.666692E+00     3.130702E-01     4.579330E+00     1.000031E+04     1.000000E+00 
  572  6264   572     6.260827E+00     2.666692E+00     3.136448E-01     4.579185E+00     1.000031E+04     1.000000E+00 
  573  6275   573     6.260835E+00     2.666692E+00     3.130640E-01     4.579965E+00     1.000031E+04     1.000000E+00 
  574  6286   574     6.260849E+00     2.666692E+00     3.137110E-01     4.578993E+00     1.000031E+04     1.000000E+00 
  575  6297   575     6.260863E+00     2.666692E+00     3.130668E-01     4.579874E+00     1.000031E+04     1.000000E+00 
  576  6308   576     6.260886E+00     2.666692E+00     3.137902E-01     4.578349E+00     1.000031E+04     1.000000E+00 
  577  6319   577     6.260899E+00     2.666692E+00     3.130862E-01     4.578679E+00     1.000031E+04     1.000000E+00 
  578  6330   578     6.260916E+00     2.666692E+00     3.138195E-01     4.577450E+00     1.000031E+04     1.000000E+00 
  579  6341   579     6.260911E+00     2.666692E+00     3.131184E-01     4.577554E+00     1.000031E+04     1.000000E+00 
  580  6352   580     6.260909E+00     2.666692E+00     3.137446E-01     4.576834E+00     1.000031E+04     1.000000E+00 
  581  6363   581     6.260886E+00     2.666692E+00     3.131477E-01     4.578293E+00     1.000031E+04     1.000000E+00 
  582  6374   582     6.260874E+00     2.666692E+00     3.136039E-01     4.576713E+00     1.000031E+04     1.000000E+00 
  583  6385   583     6.260849E+00     2.666692E+00     3.131944E-01     4.579429E+00     1.000031E+04     1.000000E+00 
  584  6396   584     6.260840E+00     2.666692E+00     3.134718E-01     4.578041E+00     1.000031E+04     1.000000E+00 
  585  6407   585     6.260825E+00     2.666692E+00     3.132490E-01     4.580496E+00     1.000031E+04     1.000000E+00 
  586  6418   586     6.260823E+00     2.666692E+00     3.133855E-01     4.580190E+00     1.000031E+04     1.000000E+00 
  587  6429   587     6.260815E+00     2.666692E+00     3.132991E-01     4.581587E+00     1.000031E+04     1.000000E+00 
  588  6440   588     6.260821E+00     2.666692E+00     3.133397E-01     4.581652E+00     1.000031E+04     1.000000E+00 
  589  6451   589     6.260820E+00     2.666692E+00     3.133483E-01     4.582843E+00     1.000031E+04     1.000000E+00 
  590  6462   590     6.260832E+00     2.666692E+00     3.133257E-01     4.582394E+00     1.000031E+04     1.000000E+00 
  591  6473   591     6.260837E+00     2.666692E+00     3.133933E-01     4.583593E+00     1.000031E+04     1.000000E+00 
  592  6484   592     6.260854E+00     2.666692E+00     3.133394E-01     4.582187E+00     1.000031E+04     1.000000E+00 
  593  6495   593     6.260863E+00     2.666692E+00     3.134355E-01     4.583446E+00     1.000031E+04     1.000000E+00 
  594  6506   594     6.260882E+00     2.666692E+00     3.133693E-01     4.580710E+00     1.000031E+04     1.000000E+00 
  595  6517   595     6.260886E+00     2.666692E+00     3.134565E-01     4.582010E+00     1.000031E+04     1.000000E+00 
  596  6528   596     6.260896E+00     2.666692E+00     3.133917E-01     4.577854E+00     1.000031E+04     1.000000E+00 
  597  6539   597     6.260888E+00     2.666692E+00     3.134411E-01     4.580368E+00     1.000031E+04     1.000000E+00 
  598  6550   598     6.260885E+00     2.666692E+00     3.133884E-01     4.575656E+00     1.000031E+04     1.000000E+00 
  599  6561   599     6.260867E+00     2.666692E+00     3.133951E-01     4.579193E+00     1.000031E+04     1.000000E+00 
  600  6572   600     6.260859E+00     2.666692E+00     3.133740E-01     4.577546E+00     1.000031E+04     1.000000E+00 
  601  6583   601     6.260842E+00     2.666692E+00     3.133541E-01     4.579868E+00     1.000031E+04     1.000000E+00 
  602  6594   602     6.260837E+00     2.666692E+00     3.133630E-01     4.579374E+00     1.000031E+04     1.000000E+00 
  603  6605   603     6.260827E+00     2.666692E+00     3.133395E-01     4.582976E+00     1.000031E+04     1.000000E+00 
  604  6616   604     6.260827E+00     2.666692E+00     3.133570E-01     4.582224E+00     1.000031E+04     1.000000E+00 
  605  6627   605     6.260823E+00     2.666692E+00     3.133448E-01     4.585109E+00     1.000031E+04     1.000000E+00 
  606  6638   606     6.260828E+00     2.666692E+00     3.133570E-01     4.584284E+00     1.000031E+04     1.000000E+00 
  607  6649   607     6.260831E+00     2.666692E+00     3.133741E-01     4.586288E+00     1.000031E+04     1.000000E+00 
  608  6660   608     6.260841E+00     2.666692E+00     3.133603E-01     4.585360E+00     1.000031E+04     1.000000E+00 
  609  6671   609     6.260849E+00     2.666692E+00     3.134262E-01     4.586210E+00     1.000031E+04     1.000000E+00 
  610  6682   610     6.260862E+00     2.666692E+00     3.133683E-01     4.585146E+00     1.000031E+04     1.000000E+00 
  611  6693   611     6.260872E+00     2.666692E+00     3.134847E-01     4.584379E+00     1.000031E+04     1.000000E+00 
  612  6704   612     6.260884E+00     2.666692E+00     3.133699E-01     4.583096E+00     1.000031E+04     1.000000E+00 
  613  6715   613     6.260889E+00     2.666692E+00     3.135320E-01     4.580655E+00     1.000031E+04     1.000000E+00 
  614  6726   614     6.260891E+00     2.666692E+00     3.133597E-01     4.579893E+00     1.000031E+04     1.000000E+00 
  615  6737   615     6.260887E+00     2.666692E+00     3.135417E-01     4.576660E+00     1.000031E+04     1.000000E+00 
  616  6748   616     6.260880E+00     2.666692E+00     3.133412E-01     4.578074E+00     1.000031E+04     1.000000E+00 
  617  6759   617     6.260870E+00     2.666692E+00     3.135177E-01     4.578856E+00     1.000031E+04     1.000000E+00 
  618  6770   618     6.260860E+00     2.666692E+00     3.133325E-01     4.580555E+00     1.000031E+04     1.000000E+00 
  619  6781   619     6.260851E+00     2.666692E+00     3.134759E-01     4.581974E+00     1.000031E+04     1.000000E+00 
  620  6792   620     6.260844E+00     2.666692E+00     3.133406E-01     4.584360E+00     1.000031E+04     1.000000E+00 
  621  6803   621     6.260840E+00     2.666692E+00     3.134325E-01     4.585127E+00     1.000031E+04     1.000000E+00 
  622  6814   622     6.260837E+00     2.666692E+00     3.133697E-01     4.586579E+00     1.000031E+04     1.000000E+00 
  623  6825   623     6.260837E+00     2.666692E+00     3.133869E-01     4.586796E+00     1.000031E+04     1.000000E+00 
  624  6836   624     6.260840E+00     2.666692E+00     3.134127E-01     4.587146E+00     1.000031E+04     1.000000E+00 
  625  6847   625     6.260844E+00     2.666692E+00     3.133423E-01     4.586949E+00     1.000031E+04     1.000000E+00 
  626  6858   626     6.260850E+00     2.666692E+00     3.134667E-01     4.585965E+00     1.000031E+04     1.000000E+00 
  627  6869   627     6.260857E+00     2.666692E+00     3.132905E-01     4.585312E+00     1.000031E+04     1.000000E+00 
  628  6880   628     6.260865E+00     2.666692E+00     3.135248E-01     4.582934E+00     1.000031E+04     1.000000E+00 
  629  6891   629     6.260873E+00     2.666692E+00     3.132406E-01     4.581855E+00     1.000031E+04     1.000000E+00 
  630  6902   630     6.260880E+00     2.666692E+00     3.135790E-01     4.578239E+00     1.000031E+04     1.000000E+00 
  631  6913   631     6.260883E+00     2.666692E+00     3.131991E-01     4.578948E+00     1.000031E+04     1.000000E+00 
  632  6924   632     6.260885E+00     2.666692E+00     3.136130E-01     4.577914E+00     1.000031E+04     1.000000E+00 
  633  6935   633     6.260881E+00     2.666692E+00     3.131719E-01     4.578272E+00     1.000031E+04     1.000000E+00 
  634  6946   634     6.260876E+00     2.666692E+00     3.136208E-01     4.580631E+00     1.000031E+04     1.000000E+00 
  635  6957   635     6.260869E+00     2.666692E+00     3.131695E-01     4.582807E+00     1.000031E+04     1.000000E+00 
  636  6968   636     6.260860E+00     2.666692E+00     3.136087E-01     4.584548E+00     1.000031E+04     1.000000E+00 
  637  6979   637     6.260853E+00     2.666692E+00     3.131783E-01     4.585595E+00     1.000031E+04     1.000000E+00 
  638  6990   638     6.260845E+00     2.666692E+00     3.135889E-01     4.586784E+00     1.000031E+04     1.000000E+00 
  639  7001   639     6.260841E+00     2.666692E+00     3.131901E-01     4.586516E+00     1.000031E+04     1.000000E+00 
  640  7012   640     6.260836E+00     2.666692E+00     3.135742E-01     4.587365E+00     1.000031E+04     1.000000E+00 
  641  7023   641     6.260836E+00     2.666692E+00     3.131991E-01     4.585797E+00     1.000031E+04     1.000000E+00 
  642  7034   642     6.260835E+00     2.666692E+00     3.135735E-01     4.586313E+00     1.000031E+04     1.000000E+00 
  643  7045   643     6.260840E+00     2.666692E+00     3.131986E-01     4.583628E+00     1.000031E+04     1.000000E+00 
  644  7056   644     6.260844E+00     2.666692E+00     3.135942E-01     4.583761E+00     1.000031E+04     1.000000E+00 
  645  7067   645     6.260854E+00     2.666692E+00     3.131939E-01     4.580171E+00     1.000031E+04     1.000000E+00 
  646  7078   646     6.260862E+00     2.666692E+00     3.136345E-01     4.580494E+00     1.000031E+04     1.000000E+00 
  647  7089   647     6.260874E+00     2.666692E+00     3.131852E-01     4.576562E+00     1.000031E+04     1.000000E+00 
  648  7100   648     6.260882E+00     2.666692E+00     3.136811E-01     4.578001E+00     1.000031E+04     1.000000E+00 
  649  7111   649     6.260890E+00     2.666692E+00     3.131812E-01     4.578608E+00     1.000031E+04     1.000000E+00 
  650  7122   650     6.260890E+00     2.666692E+00     3.137009E-01     4.579122E+00     1.000031E+04     1.000000E+00 
  651  7133   651     6.260888E+00     2.666692E+00     3.131765E-01     4.581793E+00     1.000031E+04     1.000000E+00 
  652  7144   652     6.260879E+00     2.666692E+00     3.136773E-01     4.582059E+00     1.000031E+04     1.000000E+00 
  653  7155   653     6.260868E+00     2.666692E+00     3.131747E-01     4.584945E+00     1.000031E+04     1.000000E+00 
  654  7166   654     6.260857E+00     2.666692E+00     3.136209E-01     4.583330E+00     1.000031E+04     1.000000E+00 
  655  7177   655     6.260845E+00     2.666692E+00     3.131842E-01     4.586363E+00     1.000031E+04     1.000000E+00 
  656  7188   656     6.260838E+00     2.666692E+00     3.135631E-01     4.582954E+00     1.000031E+04     1.000000E+00 
  657  7199   657     6.260830E+00     2.666692E+00     3.132044E-01     4.586300E+00     1.000031E+04     1.000000E+00 
  658  7210   658     6.260829E+00     2.666692E+00     3.135172E-01     4.581315E+00     1.000031E+04     1.000000E+00 
  659  7221   659     6.260825E+00     2.666692E+00     3.132316E-01     4.585075E+00     1.000031E+04     1.000000E+00 
  660  7232   660     6.260831E+00     2.666692E+00     3.134844E-01     4.578696E+00     1.000031E+04     1.000000E+00 
  661  7243   661     6.260833E+00     2.666692E+00     3.132695E-01     4.583276E+00     1.000031E+04     1.000000E+00 
  662  7254   662     6.260846E+00     2.666692E+00     3.134689E-01     4.575374E+00     1.000031E+04     1.000000E+00 
  663  7265   663     6.260852E+00     2.666692E+00     3.133234E-01     4.582024E+00     1.000031E+04     1.000000E+00 
  664  7276   664     6.260870E+00     2.666692E+00     3.134600E-01     4.574961E+00     1.000031E+04     1.000000E+00 
  665  7287   665     6.260876E+00     2.666692E+00     3.133856E-01     4.580194E+00     1.000031E+04     1.000000E+00 
  666  7298   666     6.260892E+00     2.666692E+00     3.134403E-01     4.576152E+00     1.000031E+04     1.000000E+00 
  667  7309   667     6.260890E+00     2.666692E+00     3.134394E-01     4.581342E+00     1.000031E+04     1.000000E+00 
  668  7320   668     6.260894E+00     2.666692E+00     3.133975E-01     4.578309E+00     1.000031E+04     1.000000E+00 
  669  7331   669     6.260880E+00     2.666692E+00     3.134614E-01     4.582554E+00     1.000031E+04     1.000000E+00 
  670  7342   670     6.260873E+00     2.666692E+00     3.133442E-01     4.580846E+00     1.000031E+04     1.000000E+00 
  671  7353   671     6.260856E+00     2.666692E+00     3.134599E-01     4.582345E+00     1.000031E+04     1.000000E+00 
  672  7364   672     6.260848E+00     2.666692E+00     3.133012E-01     4.582267E+00     1.000031E+04     1.000000E+00 
  673  7375   673     6.260836E+00     2.666692E+00     3.134557E-01     4.581015E+00     1.000031E+04     1.000000E+00 
  674  7386   674     6.260832E+00     2.666692E+00     3.132788E-01     4.582570E+00     1.000031E+04     1.000000E+00 
  675  7397   675     6.260827E+00     2.666692E+00     3.134548E-01     4.578940E+00     1.000031E+04     1.000000E+00 
  676  7408   676     6.260829E+00     2.666692E+00     3.132800E-01     4.582490E+00     1.000031E+04     1.000000E+00 
  677  7419   677     6.260831E+00     2.666692E+00     3.134654E-01     4.576518E+00     1.000031E+04     1.000000E+00 
  678  7430   678     6.260839E+00     2.666692E+00     3.133000E-01     4.582436E+00     1.000031E+04     1.000000E+00 
  679  7441   679     6.260849E+00     2.666692E+00     3.134810E-01     4.574979E+00     1.000031E+04     1.000000E+00 
  680  7452   680     6.260861E+00     2.666692E+00     3.133377E-01     4.581946E+00     1.000031E+04     1.000000E+00 
  681  7463   681     6.260873E+00     2.666692E+00     3.134972E-01     4.575218E+00     1.000031E+04     1.000000E+00 
  682  7474   682     6.260884E+00     2.666692E+00     3.133777E-01     4.581020E+00     1.000031E+04     1.000000E+00 
  683  7485   683     6.260891E+00     2.666692E+00     3.134909E-01     4.575749E+00     1.000031E+04     1.000000E+00 
  684  7496   684     6.260891E+00     2.666692E+00     3.133972E-01     4.580394E+00     1.000031E+04     1.000000E+00 
  685  7507   685     6.260887E+00     2.666692E+00     3.134489E-01     4.576750E+00     1.000031E+04     1.000000E+00 
  686  7518   686     6.260876E+00     2.666692E+00     3.133912E-01     4.580156E+00     1.000031E+04     1.000000E+00 
  687  7529   687     6.260865E+00     2.666692E+00     3.133999E-01     4.577969E+00     1.000031E+04     1.000000E+00 
  688  7540   688     6.260852E+00     2.666692E+00     3.133749E-01     4.579107E+00     1.000031E+04     1.000000E+00 
  689  7551   689     6.260843E+00     2.666692E+00     3.133685E-01     4.578917E+00     1.000031E+04     1.000000E+00 
  690  7562   690     6.260835E+00     2.666692E+00     3.133617E-01     4.578026E+00     1.000031E+04     1.000000E+00 
  691  7573   691     6.260831E+00     2.666692E+00     3.133665E-01     4.579431E+00     1.000031E+04     1.000000E+00 
  692  7584   692     6.260828E+00     2.666692E+00     3.133549E-01     4.577857E+00     1.000031E+04     1.000000E+00 
  693  7595   693     6.260831E+00     2.666692E+00     3.133952E-01     4.579505E+00     1.000031E+04     1.000000E+00 
  694  7606   694     6.260833E+00     2.666692E+00     3.133486E-01     4.577873E+00     1.000031E+04     1.000000E+00 
  695  7617   695     6.260841E+00     2.666692E+00     3.134459E-01     4.579219E+00     1.000031E+04     1.000000E+00 
  696  7628   696     6.260847E+00     2.666692E+00     3.133398E-01     4.577953E+00     1.000031E+04     1.000000E+00 
  697  7639   697     6.260857E+00     2.666692E+00     3.135120E-01     4.579061E+00     1.000031E+04     1.000000E+00 
  698  7650   698     6.260864E+00     2.666692E+00     3.133272E-01     4.578231E+00     1.000031E+04     1.000000E+00 
  699  7661   699     6.260873E+00     2.666692E+00     3.135713E-01     4.579501E+00     1.000031E+04     1.000000E+00 
  700  7672   700     6.260876E+00     2.666692E+00     3.132965E-01     4.578695E+00     1.000031E+04     1.000000E+00 
  701  7683   701     6.260879E+00     2.666692E+00     3.136022E-01     4.579058E+00     1.000031E+04     1.000000E+00 
  702  7694   702     6.260876E+00     2.666692E+00     3.132589E-01     4.579275E+00     1.000031E+04     1.000000E+00 
  703  7705   703     6.260873E+00     2.666692E+00     3.135966E-01     4.577690E+00     1.000031E+04     1.000000E+00 
  704  7716   704     6.260866E+00     2.666692E+00     3.132290E-01     4.579788E+00     1.000031E+04     1.000000E+00 
  705  7727   705     6.260861E+00     2.666692E+00     3.135692E-01     4.576280E+00     1.000031E+04     1.000000E+00 
  706  7738   706     6.260855E+00     2.666692E+00     3.132236E-01     4.580105E+00     1.000031E+04     1.000000E+00 
  707  7749   707     6.260851E+00     2.666692E+00     3.135402E-01     4.576335E+00     1.000031E+04     1.000000E+00 
  708  7760   708     6.260847E+00     2.666692E+00     3.132404E-01     4.580081E+00     1.000031E+04     1.000000E+00 
  709  7771   709     6.260845E+00     2.666692E+00     3.135096E-01     4.576617E+00     1.000031E+04     1.000000E+00 
  710  7782   710     6.260844E+00     2.666692E+00     3.132750E-01     4.579844E+00     1.000031E+04     1.000000E+00 
  711  7793   711     6.260842E+00     2.666692E+00     3.134785E-01     4.577008E+00     1.000031E+04     1.000000E+00 
  712  7804   712     6.260843E+00     2.666692E+00     3.133132E-01     4.580293E+00     1.000031E+04     1.000000E+00 
  713  7815   713     6.260841E+00     2.666692E+00     3.134426E-01     4.577457E+00     1.000031E+04     1.000000E+00 
  714  7826   714     6.260842E+00     2.666692E+00     3.133477E-01     4.581002E+00     1.000031E+04     1.000000E+00 
  715  7837   715     6.260840E+00     2.666692E+00     3.134051E-01     4.577938E+00     1.000031E+04     1.000000E+00 
  716  7848   716     6.260842E+00     2.666692E+00     3.133709E-01     4.580907E+00     1.000031E+04     1.000000E+00 
  717  7859   717     6.260840E+00     2.666692E+00     3.133667E-01     4.578336E+00     1.000031E+04     1.000000E+00 
  718  7870   718     6.260844E+00     2.666692E+00     3.133888E-01     4.579979E+00     1.000031E+04     1.000000E+00 
  719  7881   719     6.260845E+00     2.666692E+00     3.133430E-01     4.578598E+00     1.000031E+04     1.000000E+00 
  720  7892   720     6.260853E+00     2.666692E+00     3.134092E-01     4.578375E+00     1.000031E+04     1.000000E+00 
  721  7903   721     6.260857E+00     2.666692E+00     3.133430E-01     4.578660E+00     1.000031E+04     1.000000E+00 
  722  7914   722     6.260868E+00     2.666692E+00     3.134282E-01     4.577651E+00     1.000031E+04     1.000000E+00 
  723  7925   723     6.260875E+00     2.666692E+00     3.133656E-01     4.578423E+00     1.000031E+04     1.000000E+00 
  724  7936   724     6.260884E+00     2.666692E+00     3.134449E-01     4.577805E+00     1.000031E+04     1.000000E+00 
  725  7947   725     6.260888E+00     2.666692E+00     3.134039E-01     4.578067E+00     1.000031E+04     1.000000E+00 
  726  7958   726     6.260889E+00     2.666692E+00     3.134370E-01     4.577905E+00     1.000031E+04     1.000000E+00 
  727  7969   727     6.260884E+00     2.666692E+00     3.134363E-01     4.578182E+00     1.000031E+04     1.000000E+00 
  728  7980   728     6.260875E+00     2.666692E+00     3.133988E-01     4.578023E+00     1.000031E+04     1.000000E+00 
  729  7991   729     6.260864E+00     2.666692E+00     3.134484E-01     4.579254E+00     1.000031E+04     1.000000E+00 
  730  8002   730     6.260851E+00     2.666692E+00     3.133426E-01     4.578399E+00     1.000031E+04     1.000000E+00 
  731  8013   731     6.260841E+00     2.666692E+00     3.134527E-01     4.579702E+00     1.000031E+04     1.000000E+00 
  732  8024   732     6.260831E+00     2.666692E+00     3.132861E-01     4.578969E+00     1.000031E+04     1.000000E+00 
  733  8035   733     6.260826E+00     2.666692E+00     3.134629E-01     4.579496E+00     1.000031E+04     1.000000E+00 
  734  8046   734     6.260820E+00     2.666692E+00     3.132388E-01     4.579352E+00     1.000031E+04     1.000000E+00 
  735  8057   735     6.260821E+00     2.666692E+00     3.134833E-01     4.578724E+00     1.000031E+04     1.000000E+00 
  736  8068   736     6.260821E+00     2.666692E+00     3.131991E-01     4.579437E+00     1.000031E+04     1.000000E+00 
  737  8079   737     6.260828E+00     2.666692E+00     3.135253E-01     4.578070E+00     1.000031E+04     1.000000E+00 
  738  8090   738     6.260835E+00     2.666692E+00     3.131721E-01     4.579280E+00     1.000031E+04     1.000000E+00 
  739  8101   739     6.260848E+00     2.666692E+00     3.135907E-01     4.579016E+00     1.000031E+04     1.000000E+00 
  740  8112   740     6.260862E+00     2.666692E+00     3.131589E-01     4.578791E+00     1.000031E+04     1.000000E+00 
  741  8123   741     6.260879E+00     2.666692E+00     3.136710E-01     4.580191E+00     1.000031E+04     1.000000E+00 
  742  8134   742     6.260893E+00     2.666692E+00     3.131637E-01     4.578219E+00     1.000031E+04     1.000000E+00 
  743  8145   743     6.260903E+00     2.666692E+00     3.137253E-01     4.580821E+00     1.000031E+04     1.000000E+00 
  744  8156   744     6.260904E+00     2.666692E+00     3.131753E-01     4.577964E+00     1.000031E+04     1.000000E+00 
  745  8167   745     6.260897E+00     2.666692E+00     3.137104E-01     4.580676E+00     1.000031E+04     1.000000E+00 
  746  8178   746     6.260884E+00     2.666692E+00     3.131835E-01     4.578117E+00     1.000031E+04     1.000000E+00 
  747  8189   747     6.260867E+00     2.666692E+00     3.136416E-01     4.579901E+00     1.000031E+04     1.000000E+00 
  748  8200   748     6.260852E+00     2.666692E+00     3.131879E-01     4.578374E+00     1.000031E+04     1.000000E+00 
  749  8211   749     6.260839E+00     2.666692E+00     3.135721E-01     4.578826E+00     1.000031E+04     1.000000E+00 
  750  8222   750     6.260831E+00     2.666692E+00     3.131935E-01     4.578755E+00     1.000031E+04     1.000000E+00 
  751  8233   751     6.260827E+00     2.666692E+00     3.135337E-01     4.578242E+00     1.000031E+04     1.000000E+00 
  752  8244   752     6.260826E+00     2.666692E+00     3.131885E-01     4.579096E+00     1.000031E+04     1.000000E+00 
  753  8255   753     6.260830E+00     2.666692E+00     3.135304E-01     4.577797E+00     1.000031E+04     1.000000E+00 
  754  8266   754     6.260838E+00     2.666692E+00     3.131720E-01     4.579622E+00     1.000031E+04     1.000000E+00 
  755  8277   755     6.260849E+00     2.666692E+00     3.135611E-01     4.576935E+00     1.000031E+04     1.000000E+00 
  756  8288   756     6.260862E+00     2.666692E+00     3.131409E-01     4.580088E+00     1.000031E+04     1.000000E+00 
  757  8299   757     6.260878E+00     2.666692E+00     3.136038E-01     4.575759E+00     1.000031E+04     1.000000E+00 
  758  8310   758     6.260888E+00     2.666692E+00     3.131055E-01     4.580446E+00     1.000031E+04     1.000000E+00 
  759  8321   759     6.260896E+00     2.666692E+00     3.136244E-01     4.574711E+00     1.000031E+04     1.000000E+00 
  760  8332   760     6.260893E+00     2.666692E+00     3.130762E-01     4.580756E+00     1.000031E+04     1.000000E+00 
  761  8343   761     6.260887E+00     2.666692E+00     3.136044E-01     4.574470E+00     1.000031E+04     1.000000E+00 
  762  8354   762     6.260871E+00     2.666692E+00     3.130708E-01     4.581000E+00     1.000031E+04     1.000000E+00 
  763  8365   763     6.260857E+00     2.666692E+00     3.135528E-01     4.575001E+00     1.000031E+04     1.000000E+00 
  764  8376   764     6.260840E+00     2.666692E+00     3.130974E-01     4.581173E+00     1.000031E+04     1.000000E+00 
  765  8387   765     6.260830E+00     2.666692E+00     3.135010E-01     4.575804E+00     1.000031E+04     1.000000E+00 
  766  8398   766     6.260818E+00     2.666692E+00     3.131358E-01     4.581140E+00     1.000031E+04     1.000000E+00 
  767  8409   767     6.260815E+00     2.666692E+00     3.134612E-01     4.576520E+00     1.000031E+04     1.000000E+00 
  768  8420   768     6.260809E+00     2.666692E+00     3.131787E-01     4.580959E+00     1.000031E+04     1.000000E+00 
  769  8431   769     6.260812E+00     2.666692E+00     3.134344E-01     4.576948E+00     1.000031E+04     1.000000E+00 
  770  8442   770     6.260812E+00     2.666692E+00     3.132206E-01     4.580620E+00     1.000031E+04     1.000000E+00 
  771  8453   771     6.260821E+00     2.666692E+00     3.134249E-01     4.577165E+00     1.000031E+04     1.000000E+00 
  772  8464   772     6.260829E+00     2.666692E+00     3.132774E-01     4.580149E+00     1.000031E+04     1.000000E+00 
  773  8475   773     6.260846E+00     2.666692E+00     3.134275E-01     4.577139E+00     1.000031E+04     1.000000E+00 
  774  8486   774     6.260862E+00     2.666692E+00     3.133505E-01     4.579417E+00     1.000031E+04     1.000000E+00 
  775  8497   775     6.260883E+00     2.666692E+00     3.134392E-01     4.576915E+00     1.000031E+04     1.000000E+00 
  776  8508   776     6.260898E+00     2.666692E+00     3.134293E-01     4.578371E+00     1.000031E+04     1.000000E+00 
  777  8519   777     6.260911E+00     2.666692E+00     3.134315E-01     4.576881E+00     1.000031E+04     1.000000E+00 
  778  8530   778     6.260910E+00     2.666692E+00     3.134736E-01     4.577505E+00     1.000031E+04     1.000000E+00 
  779  8541   779     6.260901E+00     2.666692E+00     3.133795E-01     4.577383E+00     1.000031E+04     1.000000E+00 
  780  8552   780     6.260883E+00     2.666692E+00     3.134641E-01     4.577216E+00     1.000031E+04     1.000000E+00 
  781  8563   781     6.260864E+00     2.666692E+00     3.133150E-01     4.578349E+00     1.000031E+04     1.000000E+00 
  782  8574   782     6.260846E+00     2.666692E+00     3.134340E-01     4.577406E+00     1.000031E+04     1.000000E+00 
  783  8585   783     6.260830E+00     2.666692E+00     3.132704E-01     4.579219E+00     1.000031E+04     1.000000E+00 
  784  8596   784     6.260820E+00     2.666692E+00     3.134112E-01     4.577611E+00     1.000031E+04     1.000000E+00 
  785  8607   785     6.260813E+00     2.666692E+00     3.132549E-01     4.579806E+00     1.000031E+04     1.000000E+00 
  786  8618   786     6.260811E+00     2.666692E+00     3.133963E-01     4.577666E+00     1.000031E+04     1.000000E+00 
  787  8629   787     6.260809E+00     2.666692E+00     3.132575E-01     4.580057E+00     1.000031E+04     1.000000E+00 
  788  8640   788     6.260814E+00     2.666692E+00     3.133939E-01     4.577611E+00     1.000031E+04     1.000000E+00 
  789  8651   789     6.260818E+00     2.666692E+00     3.132730E-01     4.580059E+00     1.000031E+04     1.000000E+00 
  790  8662   790     6.260831E+00     2.666692E+00     3.133965E-01     4.577336E+00     1.000031E+04     1.000000E+00 
  791  8673   791     6.260842E+00     2.666692E+00     3.133033E-01     4.579726E+00     1.000031E+04     1.000000E+00 
  792  8684   792     6.260862E+00     2.666692E+00     3.134031E-01     4.576934E+00     1.000031E+04     1.000000E+00 
  793  8695   793     6.260876E+00     2.666692E+00     3.133518E-01     4.579131E+00     1.000031E+04     1.000000E+00 
  794  8706   794     6.260895E+00     2.666692E+00     3.134010E-01     4.576582E+00     1.000031E+04     1.000000E+00 
  795  8717   795     6.260901E+00     2.666692E+00     3.133905E-01     4.578299E+00     1.000031E+04     1.000000E+00 
  796  8728   796     6.260905E+00     2.666692E+00     3.133666E-01     4.576658E+00     1.000031E+04     1.000000E+00 
  797  8739   797     6.260893E+00     2.666692E+00     3.134045E-01     4.577774E+00     1.000031E+04     1.000000E+00 
  798  8750   798     6.260880E+00     2.666692E+00     3.133077E-01     4.577444E+00     1.000031E+04     1.000000E+00 
  799  8761   799     6.260860E+00     2.666692E+00     3.134079E-01     4.577716E+00     1.000031E+04     1.000000E+00 
  800  8771   800     6.276807E+00     2.666692E+00     3.480684E-01     4.959327E+00     2.706844E-22     1.000000E-01 
