2025-08-11 18:28:38,904 - __main__ - INFO - Starting ring partition optimization with 2 refinement levels
2025-08-11 18:28:38,904 - __main__ - INFO - Results will be saved in: results/run_20250811_182838_npart2_nr10-18_incr8_na24-26_inca2_lam0.0_seed42
2025-08-11 18:28:38,904 - __main__ - INFO - ================================================================================
2025-08-11 18:28:38,904 - __main__ - INFO - Refinement Level 1/2
2025-08-11 18:28:38,904 - __main__ - INFO - ================================================================================
2025-08-11 18:28:38,904 - __main__ - INFO - Creating mesh with parameters: {'n_radial': 10, 'n_angular': 24, 'r_inner': 0.5, 'r_outer': 1.0}
2025-08-11 18:28:38,904 - ring_mesh - INFO - Creating ring mesh: n_radial=10, n_angular=24, r_inner=0.5, r_outer=1.0
2025-08-11 18:28:38,919 - ring_mesh - INFO - Mesh created: 240 vertices, 432 triangles
2025-08-11 18:28:38,919 - ring_mesh - INFO - Theoretical area: 2.356194
2025-08-11 18:28:38,919 - __main__ - INFO - Mesh created: 240 vertices, 432 triangles
2025-08-11 18:28:38,919 - __main__ - INFO - Computing FEM matrices...
2025-08-11 18:28:38,938 - ring_mesh - INFO - Starting matrix computation
2025-08-11 18:28:38,939 - ring_mesh - INFO - Starting matrix computation...
2025-08-11 18:28:39,009 - ring_mesh - INFO - Matrix computation completed: Mass matrix (240, 240), Stiffness matrix (240, 240)
2025-08-11 18:28:39,009 - ring_mesh - INFO - matrix computation completed: 0.071s, memory: 0.36MB
2025-08-11 18:28:39,009 - __main__ - INFO - Matrices computed successfully
2025-08-11 18:28:39,010 - ring_mesh - INFO - Mesh statistics: 240 vertices, 432 triangles, area=2.329371
2025-08-11 18:28:39,010 - __main__ - INFO - Setting epsilon to sqrt(mean_triangle_area): 7.343067e-02
2025-08-11 18:28:39,010 - pyslsqp_optimizer - INFO - PySLSQPOptimizer initialized:
2025-08-11 18:28:39,011 - pyslsqp_optimizer - INFO -   Ring: r_inner=0.500, r_outer=1.000
2025-08-11 18:28:39,011 - pyslsqp_optimizer - INFO -   Partitions: 2
2025-08-11 18:28:39,011 - pyslsqp_optimizer - INFO -   Epsilon: 7.34e-02
2025-08-11 18:28:39,011 - pyslsqp_optimizer - INFO -   Theoretical area: 2.356194
2025-08-11 18:28:39,011 - pyslsqp_optimizer - INFO -   Discretized area: 2.329371
2025-08-11 18:28:39,011 - __main__ - INFO - PySLSQP optimizer created
2025-08-11 18:28:39,011 - __main__ - INFO - Creating random initial condition using orthogonal projection
2025-08-11 18:28:39,012 - projection_iterative - INFO - Creating initial condition: 240x2, method=iterative
2025-08-11 18:28:39,012 - projection_iterative - INFO - Projection converged after 1 iterations
2025-08-11 18:28:39,012 - projection_iterative - INFO - Final errors: row=1.67e-10, area=1.00e-10
2025-08-11 18:28:39,013 - __main__ - INFO - Initial condition validation passed
2025-08-11 18:28:39,013 - __main__ - INFO - Checking analytic vs finite-difference gradients...
2025-08-11 18:28:39,013 - __main__ - INFO - Checking analytic vs finite-difference gradients...
2025-08-11 18:28:39,145 - __main__ - WARNING - Large gradient error at point 0: 9.13e-03
2025-08-11 18:28:39,273 - __main__ - WARNING - Large gradient error at point 1: 9.13e-03
2025-08-11 18:28:39,400 - __main__ - WARNING - Large gradient error at point 2: 9.13e-03
2025-08-11 18:28:39,528 - __main__ - WARNING - Large gradient error at point 3: 9.13e-03
2025-08-11 18:28:39,694 - __main__ - WARNING - Large gradient error at point 4: 9.11e-03
2025-08-11 18:28:39,831 - __main__ - WARNING - Large gradient error at point 5: 9.12e-03
2025-08-11 18:28:39,959 - __main__ - WARNING - Large gradient error at point 6: 9.14e-03
2025-08-11 18:28:40,097 - __main__ - WARNING - Large gradient error at point 7: 9.12e-03
2025-08-11 18:28:40,235 - __main__ - WARNING - Large gradient error at point 8: 9.13e-03
2025-08-11 18:28:40,366 - __main__ - WARNING - Large gradient error at point 9: 9.13e-03
2025-08-11 18:28:40,366 - __main__ - INFO - Gradient check completed: avg_error=9.13e-03, max_error=9.14e-03
2025-08-11 18:28:40,366 - __main__ - WARNING - Gradient errors are larger than expected
2025-08-11 18:28:40,366 - pyslsqp_optimizer - INFO - Starting optimization
2025-08-11 18:28:40,366 - pyslsqp_optimizer - INFO - Processing initial condition...
2025-08-11 18:28:40,368 - pyslsqp_optimizer - INFO - ✓ Initial condition processed
2025-08-11 18:28:40,368 - pyslsqp_optimizer - INFO - ✓ Initial condition validation passed
2025-08-11 18:28:40,368 - pyslsqp_optimizer - INFO - Initial state before optimization:
2025-08-11 18:28:40,368 - pyslsqp_optimizer - INFO -   Energy: 1.706245e+01
2025-08-11 18:28:40,368 - pyslsqp_optimizer - INFO -   Initial condition shape: (480,)
2025-08-11 18:28:40,368 - pyslsqp_optimizer - INFO -   Detailed optimization data will be saved to:
2025-08-11 18:28:40,368 - pyslsqp_optimizer - INFO -     Summary: results/run_20250811_182838_npart2_nr10-18_incr8_na24-26_inca2_lam0.0_seed42/pyslsqp_part2_nt10_np24_lam0.0_seed42_level0_summary.out
2025-08-11 18:28:40,368 - pyslsqp_optimizer - INFO -     Internal data: results/run_20250811_182838_npart2_nr10-18_incr8_na24-26_inca2_lam0.0_seed42/pyslsqp_part2_nt10_np24_lam0.0_seed42_level0_internal_data.hdf5
2025-08-11 18:28:40,369 - pyslsqp_optimizer - INFO - Starting PySLSQP optimization with analytic gradients...
2025-08-11 18:29:11,065 - pyslsqp_optimizer - INFO -   Iteration 50:
2025-08-11 18:29:11,065 - pyslsqp_optimizer - INFO -     Energy: 7.577714e+00
2025-08-11 18:29:11,065 - pyslsqp_optimizer - INFO -     Energy change: 6.240220e-07
2025-08-11 18:29:11,065 - pyslsqp_optimizer - INFO -     Theoretical target area per partition: 1.178097e+00
2025-08-11 18:29:11,065 - pyslsqp_optimizer - INFO -     Current partition areas: [1.13358074 1.19612329]
2025-08-11 18:29:44,204 - pyslsqp_optimizer - INFO -   Iteration 100:
2025-08-11 18:29:44,204 - pyslsqp_optimizer - INFO -     Energy: 7.577716e+00
2025-08-11 18:29:44,204 - pyslsqp_optimizer - INFO -     Energy change: 4.577985e-07
2025-08-11 18:29:44,204 - pyslsqp_optimizer - INFO -     Theoretical target area per partition: 1.178097e+00
2025-08-11 18:29:44,205 - pyslsqp_optimizer - INFO -     Current partition areas: [1.1335757 1.1961311]
2025-08-11 18:30:18,209 - pyslsqp_optimizer - INFO -   Iteration 150:
2025-08-11 18:30:18,209 - pyslsqp_optimizer - INFO -     Energy: 7.577715e+00
2025-08-11 18:30:18,210 - pyslsqp_optimizer - INFO -     Energy change: -4.397633e-07
2025-08-11 18:30:18,210 - pyslsqp_optimizer - INFO -     Theoretical target area per partition: 1.178097e+00
2025-08-11 18:30:18,210 - pyslsqp_optimizer - INFO -     Current partition areas: [1.13357523 1.19613151]
2025-08-11 18:31:04,312 - pyslsqp_optimizer - INFO -   Iteration 200:
2025-08-11 18:31:04,313 - pyslsqp_optimizer - INFO -     Energy: 7.577716e+00
2025-08-11 18:31:04,313 - pyslsqp_optimizer - INFO -     Energy change: -8.723294e-09
2025-08-11 18:31:04,313 - pyslsqp_optimizer - INFO -     Theoretical target area per partition: 1.178097e+00
2025-08-11 18:31:04,313 - pyslsqp_optimizer - INFO -     Current partition areas: [1.13357555 1.196131  ]
2025-08-11 18:31:33,510 - pyslsqp_optimizer - INFO -   Iteration 250:
2025-08-11 18:31:33,511 - pyslsqp_optimizer - INFO -     Energy: 7.577717e+00
2025-08-11 18:31:33,511 - pyslsqp_optimizer - INFO -     Energy change: 1.781218e-06
2025-08-11 18:31:33,511 - pyslsqp_optimizer - INFO -     Theoretical target area per partition: 1.178097e+00
2025-08-11 18:31:33,511 - pyslsqp_optimizer - INFO -     Current partition areas: [1.13357503 1.19613223]
2025-08-11 18:32:03,518 - pyslsqp_optimizer - INFO -   Iteration 300:
2025-08-11 18:32:03,518 - pyslsqp_optimizer - INFO -     Energy: 7.577715e+00
2025-08-11 18:32:03,518 - pyslsqp_optimizer - INFO -     Energy change: -3.037874e-08
2025-08-11 18:32:03,519 - pyslsqp_optimizer - INFO -     Theoretical target area per partition: 1.178097e+00
2025-08-11 18:32:03,519 - pyslsqp_optimizer - INFO -     Current partition areas: [1.13357542 1.19613135]
2025-08-11 18:32:33,255 - pyslsqp_optimizer - INFO -   Iteration 350:
2025-08-11 18:32:33,255 - pyslsqp_optimizer - INFO -     Energy: 7.577716e+00
2025-08-11 18:32:33,255 - pyslsqp_optimizer - INFO -     Energy change: 4.453660e-07
2025-08-11 18:32:33,255 - pyslsqp_optimizer - INFO -     Theoretical target area per partition: 1.178097e+00
2025-08-11 18:32:33,255 - pyslsqp_optimizer - INFO -     Current partition areas: [1.13357539 1.19613144]
2025-08-11 18:33:02,853 - pyslsqp_optimizer - INFO -   Iteration 400:
2025-08-11 18:33:02,853 - pyslsqp_optimizer - INFO -     Energy: 7.577715e+00
2025-08-11 18:33:02,854 - pyslsqp_optimizer - INFO -     Energy change: 4.877978e-07
2025-08-11 18:33:02,854 - pyslsqp_optimizer - INFO -     Theoretical target area per partition: 1.178097e+00
2025-08-11 18:33:02,854 - pyslsqp_optimizer - INFO -     Current partition areas: [1.13357568 1.1961312 ]
2025-08-11 18:33:32,103 - pyslsqp_optimizer - INFO -   Iteration 450:
2025-08-11 18:33:32,103 - pyslsqp_optimizer - INFO -     Energy: 7.577715e+00
2025-08-11 18:33:32,104 - pyslsqp_optimizer - INFO -     Energy change: 9.797118e-07
2025-08-11 18:33:32,104 - pyslsqp_optimizer - INFO -     Theoretical target area per partition: 1.178097e+00
2025-08-11 18:33:32,104 - pyslsqp_optimizer - INFO -     Current partition areas: [1.13357559 1.19613122]
2025-08-11 18:34:01,474 - pyslsqp_optimizer - INFO -   Iteration 500:
2025-08-11 18:34:01,475 - pyslsqp_optimizer - INFO -     Energy: 7.577714e+00
2025-08-11 18:34:01,475 - pyslsqp_optimizer - INFO -     Energy change: 8.414143e-07
2025-08-11 18:34:01,475 - pyslsqp_optimizer - INFO -     Theoretical target area per partition: 1.178097e+00
2025-08-11 18:34:01,475 - pyslsqp_optimizer - INFO -     Current partition areas: [1.13357573 1.19613098]
2025-08-11 18:34:30,681 - pyslsqp_optimizer - INFO -   Iteration 550:
2025-08-11 18:34:30,681 - pyslsqp_optimizer - INFO -     Energy: 7.577715e+00
2025-08-11 18:34:30,681 - pyslsqp_optimizer - INFO -     Energy change: 1.498103e-06
2025-08-11 18:34:30,681 - pyslsqp_optimizer - INFO -     Theoretical target area per partition: 1.178097e+00
2025-08-11 18:34:30,681 - pyslsqp_optimizer - INFO -     Current partition areas: [1.1335754  1.19613133]
2025-08-11 18:34:59,868 - pyslsqp_optimizer - INFO -   Iteration 600:
2025-08-11 18:34:59,868 - pyslsqp_optimizer - INFO -     Energy: 7.577714e+00
2025-08-11 18:34:59,868 - pyslsqp_optimizer - INFO -     Energy change: -8.607554e-07
2025-08-11 18:34:59,868 - pyslsqp_optimizer - INFO -     Theoretical target area per partition: 1.178097e+00
2025-08-11 18:34:59,869 - pyslsqp_optimizer - INFO -     Current partition areas: [1.13357586 1.19613069]
2025-08-11 18:35:29,168 - pyslsqp_optimizer - INFO -   Iteration 650:
2025-08-11 18:35:29,169 - pyslsqp_optimizer - INFO -     Energy: 7.577714e+00
2025-08-11 18:35:29,169 - pyslsqp_optimizer - INFO -     Energy change: -1.195086e-07
2025-08-11 18:35:29,169 - pyslsqp_optimizer - INFO -     Theoretical target area per partition: 1.178097e+00
2025-08-11 18:35:29,169 - pyslsqp_optimizer - INFO -     Current partition areas: [1.13357604 1.19613087]
2025-08-11 18:35:58,327 - pyslsqp_optimizer - INFO -   Iteration 700:
2025-08-11 18:35:58,327 - pyslsqp_optimizer - INFO -     Energy: 7.577716e+00
2025-08-11 18:35:58,327 - pyslsqp_optimizer - INFO -     Energy change: 2.295983e-06
2025-08-11 18:35:58,327 - pyslsqp_optimizer - INFO -     Theoretical target area per partition: 1.178097e+00
2025-08-11 18:35:58,327 - pyslsqp_optimizer - INFO -     Current partition areas: [1.13357549 1.19613158]
2025-08-11 18:36:27,438 - pyslsqp_optimizer - INFO -   Iteration 750:
2025-08-11 18:36:27,438 - pyslsqp_optimizer - INFO -     Energy: 7.577714e+00
2025-08-11 18:36:27,438 - pyslsqp_optimizer - INFO -     Energy change: 6.751048e-07
2025-08-11 18:36:27,438 - pyslsqp_optimizer - INFO -     Theoretical target area per partition: 1.178097e+00
2025-08-11 18:36:27,439 - pyslsqp_optimizer - INFO -     Current partition areas: [1.13357575 1.19613057]
2025-08-11 18:36:55,996 - pyslsqp_optimizer - INFO -   Iteration 800:
2025-08-11 18:36:55,996 - pyslsqp_optimizer - INFO -     Energy: 7.577665e+00
2025-08-11 18:36:55,996 - pyslsqp_optimizer - INFO -     Energy change: -4.770484e-05
2025-08-11 18:36:55,996 - pyslsqp_optimizer - INFO -     Theoretical target area per partition: 1.178097e+00
2025-08-11 18:36:55,996 - pyslsqp_optimizer - INFO -     Current partition areas: [1.13450943 1.19447011]
2025-08-11 18:36:56,041 - pyslsqp_optimizer - INFO - PySLSQP optimization completed:
2025-08-11 18:36:56,041 - pyslsqp_optimizer - INFO -   Success: False
2025-08-11 18:36:56,041 - pyslsqp_optimizer - INFO -   Summary saved to: results/run_20250811_182838_npart2_nr10-18_incr8_na24-26_inca2_lam0.0_seed42/pyslsqp_part2_nt10_np24_lam0.0_seed42_level0_summary.out
2025-08-11 18:36:56,041 - pyslsqp_optimizer - INFO -   Internal data saved to: results/run_20250811_182838_npart2_nr10-18_incr8_na24-26_inca2_lam0.0_seed42/pyslsqp_part2_nt10_np24_lam0.0_seed42_level0_internal_data.hdf5
2025-08-11 18:36:56,041 - pyslsqp_optimizer - WARNING - Returning last valid iterate before unsuccessful termination.
2025-08-11 18:36:56,043 - pyslsqp_optimizer - INFO - optimization completed: 495.676s, memory: 46.27MB
2025-08-11 18:36:56,043 - __main__ - INFO - Results for level 1:
2025-08-11 18:36:56,043 - __main__ - INFO -   Energy: 7.577713e+00
2025-08-11 18:36:56,043 - __main__ - INFO -   Iterations: 800
2025-08-11 18:36:56,043 - __main__ - INFO -   Time: 495.68s
2025-08-11 18:36:56,043 - __main__ - INFO -   Success: False
2025-08-11 18:36:56,043 - __main__ - INFO - ================================================================================
2025-08-11 18:36:56,043 - __main__ - INFO - Refinement Level 2/2
2025-08-11 18:36:56,043 - __main__ - INFO - ================================================================================
2025-08-11 18:36:56,044 - __main__ - INFO - Creating mesh with parameters: {'n_radial': 18, 'n_angular': 26, 'r_inner': 0.5, 'r_outer': 1.0}
2025-08-11 18:36:56,044 - ring_mesh - INFO - Creating ring mesh: n_radial=18, n_angular=26, r_inner=0.5, r_outer=1.0
2025-08-11 18:36:56,070 - ring_mesh - INFO - Mesh created: 468 vertices, 884 triangles
2025-08-11 18:36:56,071 - ring_mesh - INFO - Theoretical area: 2.356194
2025-08-11 18:36:56,071 - __main__ - INFO - Mesh created: 468 vertices, 884 triangles
2025-08-11 18:36:56,071 - __main__ - INFO - Computing FEM matrices...
2025-08-11 18:36:56,071 - ring_mesh - INFO - Starting matrix computation
2025-08-11 18:36:56,071 - ring_mesh - INFO - Starting matrix computation...
2025-08-11 18:36:56,200 - ring_mesh - INFO - Matrix computation completed: Mass matrix (468, 468), Stiffness matrix (468, 468)
2025-08-11 18:36:56,201 - ring_mesh - INFO - matrix computation completed: 0.130s, memory: 0.39MB
2025-08-11 18:36:56,201 - __main__ - INFO - Matrices computed successfully
2025-08-11 18:36:56,201 - ring_mesh - INFO - Mesh statistics: 468 vertices, 884 triangles, area=2.333328
2025-08-11 18:36:56,201 - __main__ - INFO - Setting epsilon to sqrt(mean_triangle_area): 5.137617e-02
2025-08-11 18:36:56,202 - pyslsqp_optimizer - INFO - PySLSQPOptimizer initialized:
2025-08-11 18:36:56,202 - pyslsqp_optimizer - INFO -   Ring: r_inner=0.500, r_outer=1.000
2025-08-11 18:36:56,202 - pyslsqp_optimizer - INFO -   Partitions: 2
2025-08-11 18:36:56,202 - pyslsqp_optimizer - INFO -   Epsilon: 5.14e-02
2025-08-11 18:36:56,203 - pyslsqp_optimizer - INFO -   Theoretical area: 2.356194
2025-08-11 18:36:56,203 - pyslsqp_optimizer - INFO -   Discretized area: 2.333328
2025-08-11 18:36:56,203 - __main__ - INFO - PySLSQP optimizer created
2025-08-11 18:36:56,203 - __main__ - INFO - Mesh resolution changed. Interpolating solution from previous mesh to current mesh...
2025-08-11 18:36:56,210 - __main__ - INFO - Projecting interpolated solution to feasible region (orthogonal projection)
2025-08-11 18:36:56,212 - projection_iterative - INFO - Projection converged after 4 iterations
2025-08-11 18:36:56,212 - projection_iterative - INFO - Final errors: row=2.58e-09, area=1.00e-10
2025-08-11 18:36:56,212 - __main__ - INFO - Initial condition validation passed
2025-08-11 18:36:56,212 - __main__ - INFO - Initial condition validation passed
2025-08-11 18:36:56,212 - __main__ - INFO - Checking analytic vs finite-difference gradients...
2025-08-11 18:36:56,213 - __main__ - INFO - Checking analytic vs finite-difference gradients...
2025-08-11 18:36:56,477 - __main__ - WARNING - Large gradient error at point 0: 1.28e-02
2025-08-11 18:36:56,735 - __main__ - WARNING - Large gradient error at point 1: 1.28e-02
2025-08-11 18:36:56,999 - __main__ - WARNING - Large gradient error at point 2: 1.27e-02
2025-08-11 18:36:57,272 - __main__ - WARNING - Large gradient error at point 3: 1.27e-02
2025-08-11 18:36:57,533 - __main__ - WARNING - Large gradient error at point 4: 1.28e-02
2025-08-11 18:36:57,792 - __main__ - WARNING - Large gradient error at point 5: 1.28e-02
2025-08-11 18:36:58,050 - __main__ - WARNING - Large gradient error at point 6: 1.28e-02
2025-08-11 18:36:58,310 - __main__ - WARNING - Large gradient error at point 7: 1.27e-02
2025-08-11 18:36:58,571 - __main__ - WARNING - Large gradient error at point 8: 1.28e-02
2025-08-11 18:36:58,830 - __main__ - WARNING - Large gradient error at point 9: 1.28e-02
2025-08-11 18:36:58,830 - __main__ - INFO - Gradient check completed: avg_error=1.28e-02, max_error=1.28e-02
2025-08-11 18:36:58,830 - __main__ - WARNING - Gradient errors are larger than expected
2025-08-11 18:36:58,830 - pyslsqp_optimizer - INFO - Starting optimization
2025-08-11 18:36:58,830 - pyslsqp_optimizer - INFO - Processing initial condition...
2025-08-11 18:36:58,833 - pyslsqp_optimizer - INFO - ✓ Initial condition processed
2025-08-11 18:36:58,833 - pyslsqp_optimizer - INFO - ✓ Initial condition validation passed
2025-08-11 18:36:58,834 - pyslsqp_optimizer - INFO - Starting PySLSQP optimization with analytic gradients...
2025-08-11 18:37:02,393 - pyslsqp_optimizer - INFO -   Iteration 0:
2025-08-11 18:37:02,393 - pyslsqp_optimizer - INFO -     Energy: 8.831108e+00
2025-08-11 18:37:02,393 - pyslsqp_optimizer - INFO -     Theoretical target area per partition: 1.178097e+00
2025-08-11 18:37:02,393 - pyslsqp_optimizer - INFO -     Current partition areas: [1.16294513 1.16787901]
2025-08-11 18:45:37,223 - pyslsqp_optimizer - INFO -   Iteration 50:
2025-08-11 18:45:37,223 - pyslsqp_optimizer - INFO -     Energy: 6.267065e+00
2025-08-11 18:45:37,223 - pyslsqp_optimizer - INFO -     Energy change: 6.566367e-04
2025-08-11 18:45:37,223 - pyslsqp_optimizer - INFO -     Theoretical target area per partition: 1.178097e+00
2025-08-11 18:45:37,223 - pyslsqp_optimizer - INFO -     Current partition areas: [1.16126769 1.17168961]
2025-08-11 18:54:43,103 - pyslsqp_optimizer - INFO -   Iteration 100:
2025-08-11 18:54:43,103 - pyslsqp_optimizer - INFO -     Energy: 6.271358e+00
2025-08-11 18:54:43,103 - pyslsqp_optimizer - INFO -     Energy change: -2.052833e-03
2025-08-11 18:54:43,103 - pyslsqp_optimizer - INFO -     Theoretical target area per partition: 1.178097e+00
2025-08-11 18:54:43,103 - pyslsqp_optimizer - INFO -     Current partition areas: [1.16049562 1.17250938]
2025-08-11 19:02:59,068 - pyslsqp_optimizer - INFO -   Iteration 150:
2025-08-11 19:02:59,068 - pyslsqp_optimizer - INFO -     Energy: 6.277548e+00
2025-08-11 19:02:59,068 - pyslsqp_optimizer - INFO -     Energy change: 3.072151e-03
2025-08-11 19:02:59,068 - pyslsqp_optimizer - INFO -     Theoretical target area per partition: 1.178097e+00
2025-08-11 19:02:59,068 - pyslsqp_optimizer - INFO -     Current partition areas: [1.16044904 1.17265651]
2025-08-11 19:10:49,074 - pyslsqp_optimizer - INFO -   Iteration 200:
2025-08-11 19:10:49,075 - pyslsqp_optimizer - INFO -     Energy: 6.266969e+00
2025-08-11 19:10:49,075 - pyslsqp_optimizer - INFO -     Energy change: 8.330158e-04
2025-08-11 19:10:49,076 - pyslsqp_optimizer - INFO -     Theoretical target area per partition: 1.178097e+00
2025-08-11 19:10:49,076 - pyslsqp_optimizer - INFO -     Current partition areas: [1.16048734 1.1725607 ]
2025-08-11 19:18:34,273 - pyslsqp_optimizer - INFO -   Iteration 250:
2025-08-11 19:18:34,273 - pyslsqp_optimizer - INFO -     Energy: 6.273499e+00
2025-08-11 19:18:34,273 - pyslsqp_optimizer - INFO -     Energy change: -3.462809e-03
2025-08-11 19:18:34,273 - pyslsqp_optimizer - INFO -     Theoretical target area per partition: 1.178097e+00
2025-08-11 19:18:34,273 - pyslsqp_optimizer - INFO -     Current partition areas: [1.16038194 1.17267902]
2025-08-11 19:26:08,984 - pyslsqp_optimizer - INFO -   Iteration 300:
2025-08-11 19:26:08,984 - pyslsqp_optimizer - INFO -     Energy: 6.267989e+00
2025-08-11 19:26:08,984 - pyslsqp_optimizer - INFO -     Energy change: 1.495622e-03
2025-08-11 19:26:08,984 - pyslsqp_optimizer - INFO -     Theoretical target area per partition: 1.178097e+00
2025-08-11 19:26:08,985 - pyslsqp_optimizer - INFO -     Current partition areas: [1.16047216 1.17259455]
2025-08-11 19:33:48,338 - pyslsqp_optimizer - INFO -   Iteration 350:
2025-08-11 19:33:48,338 - pyslsqp_optimizer - INFO -     Energy: 6.261602e+00
2025-08-11 19:33:48,338 - pyslsqp_optimizer - INFO -     Energy change: -9.634772e-05
2025-08-11 19:33:48,339 - pyslsqp_optimizer - INFO -     Theoretical target area per partition: 1.178097e+00
2025-08-11 19:33:48,339 - pyslsqp_optimizer - INFO -     Current partition areas: [1.16080719 1.17221587]
2025-08-11 19:41:27,163 - pyslsqp_optimizer - INFO -   Iteration 400:
2025-08-11 19:41:27,164 - pyslsqp_optimizer - INFO -     Energy: 6.260922e+00
2025-08-11 19:41:27,164 - pyslsqp_optimizer - INFO -     Energy change: -8.889753e-06
2025-08-11 19:41:27,165 - pyslsqp_optimizer - INFO -     Theoretical target area per partition: 1.178097e+00
2025-08-11 19:41:27,165 - pyslsqp_optimizer - INFO -     Current partition areas: [1.16087546 1.1721539 ]
2025-08-11 19:49:06,058 - pyslsqp_optimizer - INFO -   Iteration 450:
2025-08-11 19:49:06,059 - pyslsqp_optimizer - INFO -     Energy: 6.260928e+00
2025-08-11 19:49:06,059 - pyslsqp_optimizer - INFO -     Energy change: 2.356910e-05
2025-08-11 19:49:06,059 - pyslsqp_optimizer - INFO -     Theoretical target area per partition: 1.178097e+00
2025-08-11 19:49:06,060 - pyslsqp_optimizer - INFO -     Current partition areas: [1.16089061 1.17213892]
2025-08-11 19:56:53,522 - pyslsqp_optimizer - INFO -   Iteration 500:
2025-08-11 19:56:53,524 - pyslsqp_optimizer - INFO -     Energy: 6.261083e+00
2025-08-11 19:56:53,524 - pyslsqp_optimizer - INFO -     Energy change: 9.330459e-05
2025-08-11 19:56:53,524 - pyslsqp_optimizer - INFO -     Theoretical target area per partition: 1.178097e+00
2025-08-11 19:56:53,524 - pyslsqp_optimizer - INFO -     Current partition areas: [1.16090549 1.17213325]
2025-08-11 20:04:43,890 - pyslsqp_optimizer - INFO -   Iteration 550:
2025-08-11 20:04:43,890 - pyslsqp_optimizer - INFO -     Energy: 6.260849e+00
2025-08-11 20:04:43,890 - pyslsqp_optimizer - INFO -     Energy change: -2.371110e-05
2025-08-11 20:04:43,890 - pyslsqp_optimizer - INFO -     Theoretical target area per partition: 1.178097e+00
2025-08-11 20:04:43,890 - pyslsqp_optimizer - INFO -     Current partition areas: [1.1609006  1.17213929]
2025-08-11 20:12:35,438 - pyslsqp_optimizer - INFO -   Iteration 600:
2025-08-11 20:12:35,438 - pyslsqp_optimizer - INFO -     Energy: 6.260842e+00
2025-08-11 20:12:35,438 - pyslsqp_optimizer - INFO -     Energy change: -1.695214e-05
2025-08-11 20:12:35,438 - pyslsqp_optimizer - INFO -     Theoretical target area per partition: 1.178097e+00
2025-08-11 20:12:35,438 - pyslsqp_optimizer - INFO -     Current partition areas: [1.16089463 1.17213858]
2025-08-11 20:20:26,745 - pyslsqp_optimizer - INFO -   Iteration 650:
2025-08-11 20:20:26,746 - pyslsqp_optimizer - INFO -     Energy: 6.260888e+00
2025-08-11 20:20:26,746 - pyslsqp_optimizer - INFO -     Energy change: -2.649925e-06
2025-08-11 20:20:26,746 - pyslsqp_optimizer - INFO -     Theoretical target area per partition: 1.178097e+00
2025-08-11 20:20:26,746 - pyslsqp_optimizer - INFO -     Current partition areas: [1.16089104 1.17214482]
2025-08-11 20:28:06,736 - pyslsqp_optimizer - INFO -   Iteration 700:
2025-08-11 20:28:06,736 - pyslsqp_optimizer - INFO -     Energy: 6.260879e+00
2025-08-11 20:28:06,736 - pyslsqp_optimizer - INFO -     Energy change: 3.364793e-06
2025-08-11 20:28:06,736 - pyslsqp_optimizer - INFO -     Theoretical target area per partition: 1.178097e+00
2025-08-11 20:28:06,736 - pyslsqp_optimizer - INFO -     Current partition areas: [1.16089826 1.17213403]
2025-08-11 20:35:45,464 - pyslsqp_optimizer - INFO -   Iteration 750:
2025-08-11 20:35:45,464 - pyslsqp_optimizer - INFO -     Energy: 6.260827e+00
2025-08-11 20:35:45,464 - pyslsqp_optimizer - INFO -     Energy change: -4.739817e-06
2025-08-11 20:35:45,464 - pyslsqp_optimizer - INFO -     Theoretical target area per partition: 1.178097e+00
2025-08-11 20:35:45,464 - pyslsqp_optimizer - INFO -     Current partition areas: [1.16089099 1.17213754]
2025-08-11 20:43:05,838 - pyslsqp_optimizer - INFO - PySLSQP optimization completed:
2025-08-11 20:43:05,838 - pyslsqp_optimizer - INFO -   Success: False
2025-08-11 20:43:05,838 - pyslsqp_optimizer - INFO -   Summary saved to: results/run_20250811_182838_npart2_nr10-18_incr8_na24-26_inca2_lam0.0_seed42/pyslsqp_part2_nt18_np26_lam0.0_seed42_level1_summary.out
2025-08-11 20:43:05,838 - pyslsqp_optimizer - INFO -   Internal data saved to: results/run_20250811_182838_npart2_nr10-18_incr8_na24-26_inca2_lam0.0_seed42/pyslsqp_part2_nt18_np26_lam0.0_seed42_level1_internal_data.hdf5
2025-08-11 20:43:05,838 - pyslsqp_optimizer - WARNING - Returning last valid iterate before unsuccessful termination.
2025-08-11 20:43:05,842 - pyslsqp_optimizer - INFO - optimization completed: 7567.012s, memory: 51.07MB
2025-08-11 20:43:05,844 - __main__ - INFO - Results for level 2:
2025-08-11 20:43:05,844 - __main__ - INFO -   Energy: 6.260860e+00
2025-08-11 20:43:05,844 - __main__ - INFO -   Iterations: 799
2025-08-11 20:43:05,844 - __main__ - INFO -   Time: 7567.01s
2025-08-11 20:43:05,844 - __main__ - INFO -   Success: False
2025-08-11 20:43:05,844 - __main__ - INFO - Refinement Summary:
2025-08-11 20:43:05,844 - __main__ - INFO - ================================================================================
2025-08-11 20:43:05,844 - __main__ - INFO -  Level    Mesh Size       Energy Iterations   Time (s)
2025-08-11 20:43:05,844 - __main__ - INFO - --------------------------------------------------------------------------------
2025-08-11 20:43:05,844 - __main__ - INFO -      1        10x24 7.577713e+00        800     495.68
2025-08-11 20:43:05,845 - __main__ - INFO -      2        18x26 6.260860e+00        799    7567.01
2025-08-11 20:43:05,846 - __main__ - INFO - ✅ Solution file saved: results/run_20250811_182838_npart2_nr10-18_incr8_na24-26_inca2_lam0.0_seed42/ring_part2_nr10-18_incr8_na24-26_inca2_lam0.0_seed42_20250811_182838.h5
