MAJOR  NFEV  NGEV           OBJFUN            GNORM            CNORM             FEAS              OPT             STEP 
    0     1     1     1.706245E+01     6.869655E+00     1.341154E-02     9.900000E+01     9.900000E+01     9.900000E+01 
    1     2     1     1.256780E+01     6.869655E+00     4.395989E-01     2.438976E+00     1.245369E-02     1.000000E+00 
    2     3     2     8.028772E+00     5.774083E+00     6.903435E-01     7.088867E+00     4.307726E-01     1.000000E+00 
    3     4     3     7.914709E+00     3.859412E+00     1.074761E+00     1.115131E+01     2.624002E+03     1.000000E+00 
    4    15     4     7.747810E+00     3.859293E+00     1.116999E+00     1.171090E+01     2.632362E+03     1.000000E+00 
    5    26     5     7.648750E+00     3.859118E+00     1.169254E+00     1.260200E+01     2.641850E+03     1.000000E+00 
    6    37     6     7.607158E+00     3.858887E+00     1.215174E+00     1.323955E+01     2.651160E+03     1.000000E+00 
    7    48     7     7.591403E+00     3.858482E+00     1.245748E+00     1.364561E+01     2.665432E+03     1.000000E+00 
    8    59     8     7.584556E+00     3.858009E+00     1.269508E+00     1.396024E+01     2.681368E+03     1.000000E+00 
    9    60     9     7.581198E+00     3.755122E+00     1.286540E+00     1.417613E+01     1.000183E+04     1.000000E+00 
   10    61    10     7.578239E+00     3.755375E+00     1.314302E+00     1.452844E+01     1.000186E+04     1.000000E+00 
   11    62    11     7.577665E+00     3.750967E+00     1.348657E+00     1.494955E+01     1.000190E+04     1.000000E+00 
   12    63    12     7.577348E+00     3.748932E+00     1.357881E+00     1.505341E+01     1.000195E+04     1.000000E+00 
   13    74    13     7.577294E+00     3.748932E+00     1.370697E+00     1.521077E+01     1.000195E+04     1.000000E+00 
   14    85    14     7.577403E+00     3.748932E+00     1.375143E+00     1.526162E+01     1.000195E+04     1.000000E+00 
   15    96    15     7.577422E+00     3.748932E+00     1.376694E+00     1.528028E+01     1.000195E+04     1.000000E+00 
   16   107    16     7.577459E+00     3.748932E+00     1.378317E+00     1.529696E+01     1.000195E+04     1.000000E+00 
   17   118    17     7.577491E+00     3.748932E+00     1.379445E+00     1.530986E+01     1.000195E+04     1.000000E+00 
   18   129    18     7.577524E+00     3.748932E+00     1.380687E+00     1.532190E+01     1.000195E+04     1.000000E+00 
   19   140    19     7.577551E+00     3.748932E+00     1.381554E+00     1.533186E+01     1.000195E+04     1.000000E+00 
   20   151    20     7.577577E+00     3.748932E+00     1.382518E+00     1.534064E+01     1.000195E+04     1.000000E+00 
   21   162    21     7.577597E+00     3.748932E+00     1.383190E+00     1.534814E+01     1.000195E+04     1.000000E+00 
   22   173    22     7.577615E+00     3.748932E+00     1.383955E+00     1.535470E+01     1.000195E+04     1.000000E+00 
   23   184    23     7.577630E+00     3.748932E+00     1.384480E+00     1.536082E+01     1.000195E+04     1.000000E+00 
   24   195    24     7.577643E+00     3.748932E+00     1.385103E+00     1.536618E+01     1.000195E+04     1.000000E+00 
   25   206    25     7.577654E+00     3.748932E+00     1.385516E+00     1.537120E+01     1.000195E+04     1.000000E+00 
   26   217    26     7.577663E+00     3.748932E+00     1.386034E+00     1.537548E+01     1.000195E+04     1.000000E+00 
   27   228    27     7.577670E+00     3.748932E+00     1.386358E+00     1.537955E+01     1.000195E+04     1.000000E+00 
   28   239    28     7.577677E+00     3.748932E+00     1.386797E+00     1.538307E+01     1.000195E+04     1.000000E+00 
   29   250    29     7.577683E+00     3.748932E+00     1.387054E+00     1.538647E+01     1.000195E+04     1.000000E+00 
   30   260    30     7.577665E+00     3.748932E+00     1.348657E+00     1.494955E+01     4.279984E-23     1.000000E-01 
