2025-08-13 00:23:08,194 - __main__ - INFO - Starting ring partition optimization with 3 refinement levels
2025-08-13 00:23:08,194 - __main__ - INFO - Results will be saved in: results/run_20250813_002308_npart2_nr18-38_incr10_na30-46_inca8_lam0.0_seed42
2025-08-13 00:23:08,194 - __main__ - INFO - ================================================================================
2025-08-13 00:23:08,194 - __main__ - INFO - Refinement Level 1/3
2025-08-13 00:23:08,194 - __main__ - INFO - ================================================================================
2025-08-13 00:23:08,194 - __main__ - INFO - Creating mesh with parameters: {'n_radial': 18, 'n_angular': 30, 'r_inner': 0.5, 'r_outer': 1.0}
2025-08-13 00:23:08,194 - ring_mesh - INFO - Creating ring mesh: n_radial=18, n_angular=30, r_inner=0.5, r_outer=1.0
2025-08-13 00:23:08,228 - ring_mesh - INFO - Mesh created: 540 vertices, 1020 triangles
2025-08-13 00:23:08,228 - ring_mesh - INFO - Theoretical area: 2.356194
2025-08-13 00:23:08,229 - __main__ - INFO - Mesh created: 540 vertices, 1020 triangles
2025-08-13 00:23:08,229 - __main__ - INFO - Computing FEM matrices...
2025-08-13 00:23:08,247 - ring_mesh - INFO - Starting matrix computation
2025-08-13 00:23:08,247 - ring_mesh - INFO - Starting matrix computation...
2025-08-13 00:23:08,406 - ring_mesh - INFO - Matrix computation completed: Mass matrix (540, 540), Stiffness matrix (540, 540)
2025-08-13 00:23:08,407 - ring_mesh - INFO - matrix computation completed: 0.160s, memory: 0.86MB
2025-08-13 00:23:08,407 - __main__ - INFO - Matrices computed successfully
2025-08-13 00:23:08,407 - ring_mesh - INFO - Mesh statistics: 540 vertices, 1020 triangles, area=2.339007
2025-08-13 00:23:08,407 - __main__ - INFO - Setting epsilon to sqrt(mean_triangle_area): 4.788678e-02
2025-08-13 00:23:08,409 - pyslsqp_optimizer - INFO - PySLSQPOptimizer initialized:
2025-08-13 00:23:08,409 - pyslsqp_optimizer - INFO -   Ring: r_inner=0.500, r_outer=1.000
2025-08-13 00:23:08,409 - pyslsqp_optimizer - INFO -   Partitions: 2
2025-08-13 00:23:08,409 - pyslsqp_optimizer - INFO -   Epsilon: 4.79e-02
2025-08-13 00:23:08,409 - pyslsqp_optimizer - INFO -   Theoretical area: 2.356194
2025-08-13 00:23:08,409 - pyslsqp_optimizer - INFO -   Discretized area: 2.339007
2025-08-13 00:23:08,409 - __main__ - INFO - PySLSQP optimizer created
2025-08-13 00:23:08,409 - __main__ - INFO - Creating random initial condition using orthogonal projection
2025-08-13 00:23:08,409 - projection_iterative - INFO - Creating initial condition: 540x2, method=iterative
2025-08-13 00:23:08,410 - projection_iterative - INFO - Projection converged after 3 iterations
2025-08-13 00:23:08,411 - projection_iterative - INFO - Final errors: row=6.49e-09, area=1.00e-10
2025-08-13 00:23:08,411 - __main__ - INFO - Initial condition validation passed
2025-08-13 00:23:08,411 - __main__ - INFO - Checking analytic vs finite-difference gradients...
2025-08-13 00:23:08,411 - __main__ - INFO - Checking analytic vs finite-difference gradients...
2025-08-13 00:23:08,740 - __main__ - WARNING - Large gradient error at point 0: 6.58e-03
2025-08-13 00:23:09,064 - __main__ - WARNING - Large gradient error at point 1: 6.59e-03
2025-08-13 00:23:09,387 - __main__ - WARNING - Large gradient error at point 2: 6.58e-03
2025-08-13 00:23:09,723 - __main__ - WARNING - Large gradient error at point 3: 6.57e-03
2025-08-13 00:23:10,047 - __main__ - WARNING - Large gradient error at point 4: 6.57e-03
2025-08-13 00:23:10,374 - __main__ - WARNING - Large gradient error at point 5: 6.58e-03
2025-08-13 00:23:10,697 - __main__ - WARNING - Large gradient error at point 6: 6.55e-03
2025-08-13 00:23:11,022 - __main__ - WARNING - Large gradient error at point 7: 6.58e-03
2025-08-13 00:23:11,347 - __main__ - WARNING - Large gradient error at point 8: 6.57e-03
2025-08-13 00:23:11,693 - __main__ - WARNING - Large gradient error at point 9: 6.57e-03
2025-08-13 00:23:11,693 - __main__ - INFO - Gradient check completed: avg_error=6.57e-03, max_error=6.59e-03
2025-08-13 00:23:11,693 - __main__ - WARNING - Gradient errors are larger than expected
2025-08-13 00:23:11,694 - pyslsqp_optimizer - INFO - Starting optimization
2025-08-13 00:23:11,694 - pyslsqp_optimizer - INFO - Processing initial condition...
2025-08-13 00:23:11,701 - pyslsqp_optimizer - INFO - ✓ Initial condition processed
2025-08-13 00:23:11,702 - pyslsqp_optimizer - INFO - ✓ Initial condition validation passed
2025-08-13 00:23:11,702 - pyslsqp_optimizer - INFO - Initial state before optimization:
2025-08-13 00:23:11,702 - pyslsqp_optimizer - INFO -   Energy: 3.261236e+01
2025-08-13 00:23:11,702 - pyslsqp_optimizer - INFO -   Initial condition shape: (1080,)
2025-08-13 00:23:11,702 - pyslsqp_optimizer - INFO -   Detailed optimization data will be saved to:
2025-08-13 00:23:11,702 - pyslsqp_optimizer - INFO -     Summary: results/run_20250813_002308_npart2_nr18-38_incr10_na30-46_inca8_lam0.0_seed42/pyslsqp_part2_nt18_np30_lam0.0_seed42_level0_summary.out
2025-08-13 00:23:11,703 - pyslsqp_optimizer - INFO -     Internal data: results/run_20250813_002308_npart2_nr18-38_incr10_na30-46_inca8_lam0.0_seed42/pyslsqp_part2_nt18_np30_lam0.0_seed42_level0_internal_data.hdf5
2025-08-13 00:23:11,703 - pyslsqp_optimizer - INFO - Starting PySLSQP optimization with analytic gradients...
2025-08-13 00:32:14,561 - pyslsqp_optimizer - INFO -   Iteration 50:
2025-08-13 00:32:14,562 - pyslsqp_optimizer - INFO -     Energy: 1.554965e+01
2025-08-13 00:32:14,562 - pyslsqp_optimizer - INFO -     Energy change: 5.385761e-04
2025-08-13 00:32:14,562 - pyslsqp_optimizer - INFO -     Theoretical target area per partition: 1.178097e+00
2025-08-13 00:32:14,562 - pyslsqp_optimizer - INFO -     Current partition areas: [1.18378574 1.14719687]
2025-08-13 00:43:31,842 - pyslsqp_optimizer - INFO -   Iteration 100:
2025-08-13 00:43:31,843 - pyslsqp_optimizer - INFO -     Energy: 1.597428e+01
2025-08-13 00:43:31,844 - pyslsqp_optimizer - INFO -     Energy change: 4.019892e-01
2025-08-13 00:43:31,844 - pyslsqp_optimizer - INFO -     Theoretical target area per partition: 1.178097e+00
2025-08-13 00:43:31,844 - pyslsqp_optimizer - INFO -     Current partition areas: [1.16459771 1.16740277]
2025-08-13 00:43:31,920 - pyslsqp_optimizer - INFO - PySLSQP optimization completed:
2025-08-13 00:43:31,921 - pyslsqp_optimizer - INFO -   Success: False
2025-08-13 00:43:31,921 - pyslsqp_optimizer - INFO -   Summary saved to: results/run_20250813_002308_npart2_nr18-38_incr10_na30-46_inca8_lam0.0_seed42/pyslsqp_part2_nt18_np30_lam0.0_seed42_level0_summary.out
2025-08-13 00:43:31,921 - pyslsqp_optimizer - INFO -   Internal data saved to: results/run_20250813_002308_npart2_nr18-38_incr10_na30-46_inca8_lam0.0_seed42/pyslsqp_part2_nt18_np30_lam0.0_seed42_level0_internal_data.hdf5
2025-08-13 00:43:31,921 - pyslsqp_optimizer - WARNING - Returning last valid iterate before unsuccessful termination.
2025-08-13 00:43:31,929 - pyslsqp_optimizer - INFO - optimization completed: 1220.235s, memory: 61.89MB
2025-08-13 00:43:31,933 - __main__ - INFO - Results for level 1:
2025-08-13 00:43:31,933 - __main__ - INFO -   Energy: 1.557229e+01
2025-08-13 00:43:31,933 - __main__ - INFO -   Iterations: 100
2025-08-13 00:43:31,933 - __main__ - INFO -   Time: 1220.24s
2025-08-13 00:43:31,933 - __main__ - INFO -   Success: False
2025-08-13 00:43:31,933 - __main__ - INFO - ================================================================================
2025-08-13 00:43:31,933 - __main__ - INFO - Refinement Level 2/3
2025-08-13 00:43:31,933 - __main__ - INFO - ================================================================================
2025-08-13 00:43:31,934 - __main__ - INFO - Creating mesh with parameters: {'n_radial': 28, 'n_angular': 38, 'r_inner': 0.5, 'r_outer': 1.0}
2025-08-13 00:43:31,934 - ring_mesh - INFO - Creating ring mesh: n_radial=28, n_angular=38, r_inner=0.5, r_outer=1.0
2025-08-13 00:43:32,043 - ring_mesh - INFO - Mesh created: 1064 vertices, 2052 triangles
2025-08-13 00:43:32,043 - ring_mesh - INFO - Theoretical area: 2.356194
2025-08-13 00:43:32,043 - __main__ - INFO - Mesh created: 1064 vertices, 2052 triangles
2025-08-13 00:43:32,043 - __main__ - INFO - Computing FEM matrices...
2025-08-13 00:43:32,043 - ring_mesh - INFO - Starting matrix computation
2025-08-13 00:43:32,044 - ring_mesh - INFO - Starting matrix computation...
2025-08-13 00:43:32,732 - ring_mesh - INFO - Matrix computation completed: Mass matrix (1064, 1064), Stiffness matrix (1064, 1064)
2025-08-13 00:43:32,734 - ring_mesh - INFO - matrix computation completed: 0.690s, memory: 0.77MB
2025-08-13 00:43:32,734 - __main__ - INFO - Matrices computed successfully
2025-08-13 00:43:32,735 - ring_mesh - INFO - Mesh statistics: 1064 vertices, 2052 triangles, area=2.345473
2025-08-13 00:43:32,736 - __main__ - INFO - Setting epsilon to sqrt(mean_triangle_area): 3.380855e-02
2025-08-13 00:43:32,751 - pyslsqp_optimizer - INFO - PySLSQPOptimizer initialized:
2025-08-13 00:43:32,751 - pyslsqp_optimizer - INFO -   Ring: r_inner=0.500, r_outer=1.000
2025-08-13 00:43:32,752 - pyslsqp_optimizer - INFO -   Partitions: 2
2025-08-13 00:43:32,752 - pyslsqp_optimizer - INFO -   Epsilon: 3.38e-02
2025-08-13 00:43:32,752 - pyslsqp_optimizer - INFO -   Theoretical area: 2.356194
2025-08-13 00:43:32,752 - pyslsqp_optimizer - INFO -   Discretized area: 2.345473
2025-08-13 00:43:32,752 - __main__ - INFO - PySLSQP optimizer created
2025-08-13 00:43:32,756 - __main__ - INFO - Mesh resolution changed. Interpolating solution from previous mesh to current mesh...
2025-08-13 00:43:32,829 - __main__ - INFO - Projecting interpolated solution to feasible region (orthogonal projection)
2025-08-13 00:43:32,840 - projection_iterative - INFO - Projection converged after 4 iterations
2025-08-13 00:43:32,840 - projection_iterative - INFO - Final errors: row=2.63e-10, area=1.00e-10
2025-08-13 00:43:32,844 - __main__ - INFO - Initial condition validation passed
2025-08-13 00:43:32,850 - __main__ - INFO - Initial condition validation passed
2025-08-13 00:43:32,852 - __main__ - INFO - Checking analytic vs finite-difference gradients...
2025-08-13 00:43:32,853 - __main__ - INFO - Checking analytic vs finite-difference gradients...
2025-08-13 00:43:34,731 - __main__ - WARNING - Large gradient error at point 0: 1.02e-02
2025-08-13 00:43:36,345 - __main__ - WARNING - Large gradient error at point 1: 1.02e-02
2025-08-13 00:43:38,147 - __main__ - WARNING - Large gradient error at point 2: 1.02e-02
2025-08-13 00:43:39,687 - __main__ - WARNING - Large gradient error at point 3: 1.02e-02
2025-08-13 00:43:41,626 - __main__ - WARNING - Large gradient error at point 4: 1.03e-02
2025-08-13 00:43:43,355 - __main__ - WARNING - Large gradient error at point 5: 1.03e-02
2025-08-13 00:43:44,947 - __main__ - WARNING - Large gradient error at point 6: 1.03e-02
2025-08-13 00:43:47,055 - __main__ - WARNING - Large gradient error at point 7: 1.02e-02
2025-08-13 00:43:48,789 - __main__ - WARNING - Large gradient error at point 8: 1.02e-02
2025-08-13 00:43:50,570 - __main__ - WARNING - Large gradient error at point 9: 1.03e-02
2025-08-13 00:43:50,570 - __main__ - INFO - Gradient check completed: avg_error=1.02e-02, max_error=1.03e-02
2025-08-13 00:43:50,571 - __main__ - WARNING - Gradient errors are larger than expected
2025-08-13 00:43:50,571 - pyslsqp_optimizer - INFO - Starting optimization
2025-08-13 00:43:50,571 - pyslsqp_optimizer - INFO - Processing initial condition...
2025-08-13 00:43:50,587 - pyslsqp_optimizer - INFO - ✓ Initial condition processed
2025-08-13 00:43:50,588 - pyslsqp_optimizer - INFO - ✓ Initial condition validation passed
2025-08-13 00:43:50,588 - pyslsqp_optimizer - INFO - Starting PySLSQP optimization with analytic gradients...
2025-08-13 00:47:01,315 - pyslsqp_optimizer - INFO -   Iteration 0:
2025-08-13 00:47:01,316 - pyslsqp_optimizer - INFO -     Energy: 1.610111e+01
2025-08-13 00:47:01,316 - pyslsqp_optimizer - INFO -     Theoretical target area per partition: 1.178097e+00
2025-08-13 00:47:01,316 - pyslsqp_optimizer - INFO -     Current partition areas: [1.17287632 1.17094318]
2025-08-13 02:45:07,578 - pyslsqp_optimizer - INFO -   Iteration 50:
2025-08-13 02:45:07,578 - pyslsqp_optimizer - INFO -     Energy: 1.525670e+01
2025-08-13 02:45:07,578 - pyslsqp_optimizer - INFO -     Energy change: 2.919583e-04
2025-08-13 02:45:07,579 - pyslsqp_optimizer - INFO -     Theoretical target area per partition: 1.178097e+00
2025-08-13 02:45:07,579 - pyslsqp_optimizer - INFO -     Current partition areas: [1.1773336  1.16566981]
2025-08-13 04:31:01,405 - pyslsqp_optimizer - INFO - PySLSQP optimization completed:
2025-08-13 04:31:01,405 - pyslsqp_optimizer - INFO -   Success: False
2025-08-13 04:31:01,406 - pyslsqp_optimizer - INFO -   Summary saved to: results/run_20250813_002308_npart2_nr18-38_incr10_na30-46_inca8_lam0.0_seed42/pyslsqp_part2_nt28_np38_lam0.0_seed42_level1_summary.out
2025-08-13 04:31:01,406 - pyslsqp_optimizer - INFO -   Internal data saved to: results/run_20250813_002308_npart2_nr18-38_incr10_na30-46_inca8_lam0.0_seed42/pyslsqp_part2_nt28_np38_lam0.0_seed42_level1_internal_data.hdf5
2025-08-13 04:31:01,406 - pyslsqp_optimizer - WARNING - Returning last valid iterate before unsuccessful termination.
2025-08-13 04:31:01,421 - pyslsqp_optimizer - INFO - optimization completed: 13630.850s, memory: 77.11MB
2025-08-13 04:31:01,426 - __main__ - INFO - Results for level 2:
2025-08-13 04:31:01,427 - __main__ - INFO -   Energy: 1.526896e+01
2025-08-13 04:31:01,427 - __main__ - INFO -   Iterations: 99
2025-08-13 04:31:01,427 - __main__ - INFO -   Time: 13630.85s
2025-08-13 04:31:01,427 - __main__ - INFO -   Success: False
2025-08-13 04:31:01,427 - __main__ - INFO - ================================================================================
2025-08-13 04:31:01,427 - __main__ - INFO - Refinement Level 3/3
2025-08-13 04:31:01,427 - __main__ - INFO - ================================================================================
2025-08-13 04:31:01,427 - __main__ - INFO - Creating mesh with parameters: {'n_radial': 38, 'n_angular': 46, 'r_inner': 0.5, 'r_outer': 1.0}
2025-08-13 04:31:01,427 - ring_mesh - INFO - Creating ring mesh: n_radial=38, n_angular=46, r_inner=0.5, r_outer=1.0
2025-08-13 04:31:01,518 - ring_mesh - INFO - Mesh created: 1748 vertices, 3404 triangles
2025-08-13 04:31:01,518 - ring_mesh - INFO - Theoretical area: 2.356194
2025-08-13 04:31:01,518 - __main__ - INFO - Mesh created: 1748 vertices, 3404 triangles
2025-08-13 04:31:01,518 - __main__ - INFO - Computing FEM matrices...
2025-08-13 04:31:01,519 - ring_mesh - INFO - Starting matrix computation
2025-08-13 04:31:01,519 - ring_mesh - INFO - Starting matrix computation...
2025-08-13 04:31:01,986 - ring_mesh - INFO - Matrix computation completed: Mass matrix (1748, 1748), Stiffness matrix (1748, 1748)
2025-08-13 04:31:01,987 - ring_mesh - INFO - matrix computation completed: 0.468s, memory: 0.41MB
2025-08-13 04:31:01,987 - __main__ - INFO - Matrices computed successfully
2025-08-13 04:31:01,987 - ring_mesh - INFO - Mesh statistics: 1748 vertices, 3404 triangles, area=2.348875
2025-08-13 04:31:01,987 - __main__ - INFO - Setting epsilon to sqrt(mean_triangle_area): 2.626849e-02
2025-08-13 04:31:01,999 - pyslsqp_optimizer - INFO - PySLSQPOptimizer initialized:
2025-08-13 04:31:01,999 - pyslsqp_optimizer - INFO -   Ring: r_inner=0.500, r_outer=1.000
2025-08-13 04:31:01,999 - pyslsqp_optimizer - INFO -   Partitions: 2
2025-08-13 04:31:01,999 - pyslsqp_optimizer - INFO -   Epsilon: 2.63e-02
2025-08-13 04:31:01,999 - pyslsqp_optimizer - INFO -   Theoretical area: 2.356194
2025-08-13 04:31:01,999 - pyslsqp_optimizer - INFO -   Discretized area: 2.348875
2025-08-13 04:31:02,000 - __main__ - INFO - PySLSQP optimizer created
2025-08-13 04:31:02,031 - __main__ - INFO - Mesh resolution changed. Interpolating solution from previous mesh to current mesh...
2025-08-13 04:31:02,095 - __main__ - INFO - Projecting interpolated solution to feasible region (orthogonal projection)
2025-08-13 04:31:02,106 - projection_iterative - INFO - Projection converged after 3 iterations
2025-08-13 04:31:02,106 - projection_iterative - INFO - Final errors: row=7.30e-09, area=1.00e-10
2025-08-13 04:31:02,112 - __main__ - INFO - Initial condition validation passed
2025-08-13 04:31:02,117 - __main__ - INFO - Initial condition validation passed
2025-08-13 04:31:02,118 - __main__ - INFO - Checking analytic vs finite-difference gradients...
2025-08-13 04:31:02,118 - __main__ - INFO - Checking analytic vs finite-difference gradients...
2025-08-13 04:31:03,379 - __main__ - WARNING - Large gradient error at point 0: 1.12e-02
2025-08-13 04:31:04,604 - __main__ - WARNING - Large gradient error at point 1: 1.12e-02
2025-08-13 04:31:05,854 - __main__ - WARNING - Large gradient error at point 2: 1.12e-02
2025-08-13 04:31:07,095 - __main__ - WARNING - Large gradient error at point 3: 1.12e-02
2025-08-13 04:31:08,353 - __main__ - WARNING - Large gradient error at point 4: 1.12e-02
2025-08-13 04:31:09,590 - __main__ - WARNING - Large gradient error at point 5: 1.11e-02
2025-08-13 04:31:10,828 - __main__ - WARNING - Large gradient error at point 6: 1.12e-02
2025-08-13 04:31:12,213 - __main__ - WARNING - Large gradient error at point 7: 1.12e-02
2025-08-13 04:31:13,573 - __main__ - WARNING - Large gradient error at point 8: 1.12e-02
2025-08-13 04:31:14,852 - __main__ - WARNING - Large gradient error at point 9: 1.11e-02
2025-08-13 04:31:14,852 - __main__ - INFO - Gradient check completed: avg_error=1.12e-02, max_error=1.12e-02
2025-08-13 04:31:14,852 - __main__ - WARNING - Gradient errors are larger than expected
2025-08-13 04:31:14,852 - pyslsqp_optimizer - INFO - Starting optimization
2025-08-13 04:31:14,852 - pyslsqp_optimizer - INFO - Processing initial condition...
2025-08-13 04:31:14,862 - pyslsqp_optimizer - INFO - ✓ Initial condition processed
2025-08-13 04:31:14,862 - pyslsqp_optimizer - INFO - ✓ Initial condition validation passed
2025-08-13 04:31:14,862 - pyslsqp_optimizer - INFO - Starting PySLSQP optimization with analytic gradients...
2025-08-13 04:41:38,029 - pyslsqp_optimizer - INFO -   Iteration 0:
2025-08-13 04:41:38,030 - pyslsqp_optimizer - INFO -     Energy: 1.648465e+01
2025-08-13 04:41:38,030 - pyslsqp_optimizer - INFO -     Theoretical target area per partition: 1.178097e+00
2025-08-13 04:41:38,030 - pyslsqp_optimizer - INFO -     Current partition areas: [1.17392776 1.17382054]
2025-08-13 15:20:34,192 - pyslsqp_optimizer - INFO -   Iteration 50:
2025-08-13 15:20:34,197 - pyslsqp_optimizer - INFO -     Energy: 1.646110e+01
2025-08-13 15:20:34,197 - pyslsqp_optimizer - INFO -     Energy change: 2.756222e-04
2025-08-13 15:20:34,197 - pyslsqp_optimizer - INFO -     Theoretical target area per partition: 1.178097e+00
2025-08-13 15:20:34,200 - pyslsqp_optimizer - INFO -     Current partition areas: [1.17568631 1.17197132]
2025-08-14 01:14:48,747 - pyslsqp_optimizer - INFO - PySLSQP optimization completed:
2025-08-14 01:14:48,749 - pyslsqp_optimizer - INFO -   Success: False
2025-08-14 01:14:48,750 - pyslsqp_optimizer - INFO -   Summary saved to: results/run_20250813_002308_npart2_nr18-38_incr10_na30-46_inca8_lam0.0_seed42/pyslsqp_part2_nt38_np46_lam0.0_seed42_level2_summary.out
2025-08-14 01:14:48,750 - pyslsqp_optimizer - INFO -   Internal data saved to: results/run_20250813_002308_npart2_nr18-38_incr10_na30-46_inca8_lam0.0_seed42/pyslsqp_part2_nt38_np46_lam0.0_seed42_level2_internal_data.hdf5
2025-08-14 01:14:48,750 - pyslsqp_optimizer - WARNING - Returning last valid iterate before unsuccessful termination.
2025-08-14 01:14:48,804 - pyslsqp_optimizer - INFO - optimization completed: 74613.948s, memory: 60.30MB
2025-08-14 01:14:48,827 - __main__ - INFO - Results for level 3:
2025-08-14 01:14:48,828 - __main__ - INFO -   Energy: 1.647245e+01
2025-08-14 01:14:48,828 - __main__ - INFO -   Iterations: 99
2025-08-14 01:14:48,828 - __main__ - INFO -   Time: 74613.95s
2025-08-14 01:14:48,828 - __main__ - INFO -   Success: False
2025-08-14 01:14:48,828 - __main__ - INFO - Refinement Summary:
2025-08-14 01:14:48,828 - __main__ - INFO - ================================================================================
2025-08-14 01:14:48,829 - __main__ - INFO -  Level    Mesh Size       Energy Iterations   Time (s)
2025-08-14 01:14:48,829 - __main__ - INFO - --------------------------------------------------------------------------------
2025-08-14 01:14:48,829 - __main__ - INFO -      1        18x30 1.557229e+01        100    1220.24
2025-08-14 01:14:48,829 - __main__ - INFO -      2        28x38 1.526896e+01         99   13630.85
2025-08-14 01:14:48,829 - __main__ - INFO -      3        38x46 1.647245e+01         99   74613.95
2025-08-14 01:14:48,846 - __main__ - INFO - ✅ Solution file saved: results/run_20250813_002308_npart2_nr18-38_incr10_na30-46_inca8_lam0.0_seed42/ring_part2_nr18-38_incr10_na30-46_inca8_lam0.0_seed42_20250813_002308.h5
