MAJOR  NFEV  NGEV           OBJFUN            GNORM            CNORM             FEAS              OPT             STEP 
    0     1     1     2.591716E+01     1.099850E+01     1.236340E-02     9.900000E+01     9.900000E+01     9.900000E+01 
    1     2     1     2.738433E+01     1.099850E+01     2.705394E-01     6.590532E+00     3.595662E-02     1.000000E+00 
    2     4     2     2.485747E+01     1.073722E+01     3.647574E-01     8.710971E+00     5.092428E-01     1.000000E+00 
    3    15     3     2.480510E+01     1.073722E+01     3.704385E-01     8.713331E+00     4.949194E-01     1.000000E+00 
    4    26     4     2.480478E+01     1.073722E+01     3.754402E-01     8.722227E+00     4.841794E-01     1.000000E+00 
    5    37     5     2.480784E+01     1.073722E+01     3.804657E-01     8.779968E+00     4.779598E-01     1.000000E+00 
    6    48     6     2.480534E+01     1.073722E+01     3.840770E-01     8.807253E+00     4.747171E-01     1.000000E+00 
    7    59     7     2.480095E+01     1.073722E+01     3.859373E-01     8.794409E+00     4.737787E-01     1.000000E+00 
    8    70     8     2.479930E+01     1.073722E+01     3.882231E-01     8.821173E+00     4.729458E-01     1.000000E+00 
    9    81     9     2.479939E+01     1.073722E+01     3.908162E-01     8.831213E+00     4.724871E-01     1.000000E+00 
   10    92    10     2.479834E+01     1.073722E+01     3.922212E-01     8.828728E+00     4.721701E-01     1.000000E+00 
   11   103    11     2.479601E+01     1.073722E+01     3.942586E-01     8.861458E+00     4.723046E-01     1.000000E+00 
   12   114    12     2.479540E+01     1.073722E+01     3.944714E-01     8.841078E+00     4.720361E-01     1.000000E+00 
   13   125    13     2.479910E+01     1.073722E+01     3.975273E-01     8.893077E+00     4.719769E-01     1.000000E+00 
   14   136    14     2.480473E+01     1.073722E+01     3.996489E-01     8.900763E+00     4.713243E-01     1.000000E+00 
   15   147    15     2.480411E+01     1.073722E+01     4.011952E-01     8.908037E+00     4.714515E-01     1.000000E+00 
   16   158    16     2.479976E+01     1.073722E+01     4.007092E-01     8.892285E+00     4.724222E-01     1.000000E+00 
   17   169    17     2.479940E+01     1.073722E+01     4.011715E-01     8.892891E+00     4.720805E-01     1.000000E+00 
   18   180    18     2.479968E+01     1.073722E+01     4.022366E-01     8.903340E+00     4.720846E-01     1.000000E+00 
   19   191    19     2.479699E+01     1.073722E+01     4.026525E-01     8.915976E+00     4.719943E-01     1.000000E+00 
   20   202    20     2.479332E+01     1.073722E+01     4.014198E-01     8.884372E+00     4.722443E-01     1.000000E+00 
   21   213    21     2.479181E+01     1.073722E+01     4.022667E-01     8.912996E+00     4.723603E-01     1.000000E+00 
   22   224    22     2.479194E+01     1.073722E+01     4.032522E-01     8.910585E+00     4.719128E-01     1.000000E+00 
   23   235    23     2.479440E+01     1.073722E+01     4.056647E-01     8.943703E+00     4.719323E-01     1.000000E+00 
   24   246    24     2.480098E+01     1.073722E+01     4.102697E-01     8.995976E+00     4.715640E-01     1.000000E+00 
   25   257    25     2.480674E+01     1.073722E+01     4.134152E-01     9.018114E+00     4.711067E-01     1.000000E+00 
   26   268    26     2.480149E+01     1.073722E+01     4.125079E-01     8.998372E+00     4.720926E-01     1.000000E+00 
   27   279    27     2.479543E+01     1.073722E+01     4.094578E-01     8.946184E+00     4.727186E-01     1.000000E+00 
   28   290    28     2.479618E+01     1.073722E+01     4.096621E-01     8.960279E+00     4.725784E-01     1.000000E+00 
   29   301    29     2.479894E+01     1.073722E+01     4.124192E-01     9.007955E+00     4.720750E-01     1.000000E+00 
   30   312    30     2.479585E+01     1.073722E+01     4.118812E-01     8.993237E+00     4.719239E-01     1.000000E+00 
   31   323    31     2.479213E+01     1.073722E+01     4.106344E-01     8.972087E+00     4.726839E-01     1.000000E+00 
   32   334    32     2.479498E+01     1.073722E+01     4.123780E-01     9.037937E+00     4.721268E-01     1.000000E+00 
   33   345    33     2.480479E+01     1.073722E+01     4.170015E-01     9.099233E+00     4.716257E-01     1.000000E+00 
   34   356    34     2.480494E+01     1.073722E+01     4.188612E-01     9.103554E+00     4.711578E-01     1.000000E+00 
   35   367    35     2.479470E+01     1.073722E+01     4.148870E-01     9.017235E+00     4.728955E-01     1.000000E+00 
   36   378    36     2.479261E+01     1.073722E+01     4.142619E-01     9.022414E+00     4.727573E-01     1.000000E+00 
   37   389    37     2.479692E+01     1.073722E+01     4.177574E-01     9.100368E+00     4.721501E-01     1.000000E+00 
   38   400    38     2.479920E+01     1.073722E+01     4.202872E-01     9.099225E+00     4.718541E-01     1.000000E+00 
   39   411    39     2.479501E+01     1.073722E+01     4.164761E-01     9.003402E+00     4.722093E-01     1.000000E+00 
   40   422    40     2.479390E+01     1.073722E+01     4.165688E-01     8.975782E+00     4.725244E-01     1.000000E+00 
   41   433    41     2.479913E+01     1.073722E+01     4.196818E-01     9.051631E+00     4.720815E-01     1.000000E+00 
   42   444    42     2.480410E+01     1.073722E+01     4.246769E-01     9.126120E+00     4.715031E-01     1.000000E+00 
   43   455    43     2.480120E+01     1.073722E+01     4.253260E-01     9.153687E+00     4.720401E-01     1.000000E+00 
   44   466    44     2.479730E+01     1.073722E+01     4.197856E-01     9.036857E+00     4.723288E-01     1.000000E+00 
   45   477    45     2.479613E+01     1.073722E+01     4.224797E-01     9.125943E+00     4.725288E-01     1.000000E+00 
   46   488    46     2.479465E+01     1.073722E+01     4.208807E-01     9.123916E+00     4.722198E-01     1.000000E+00 
   47   499    47     2.479408E+01     1.073722E+01     4.231296E-01     9.161712E+00     4.722588E-01     1.000000E+00 
   48   510    48     2.479536E+01     1.073722E+01     4.231840E-01     9.164373E+00     4.720840E-01     1.000000E+00 
   49   521    49     2.479571E+01     1.073722E+01     4.244498E-01     9.135835E+00     4.719222E-01     1.000000E+00 
   50   532    50     2.479382E+01     1.073722E+01     4.228132E-01     9.082780E+00     4.720390E-01     1.000000E+00 
   51   543    51     2.479452E+01     1.073722E+01     4.225963E-01     9.057907E+00     4.721927E-01     1.000000E+00 
   52   554    52     2.480348E+01     1.073722E+01     4.267151E-01     9.089576E+00     4.716837E-01     1.000000E+00 
   53   565    53     2.480631E+01     1.073722E+01     4.302673E-01     9.132531E+00     4.713157E-01     1.000000E+00 
   54   576    54     2.479587E+01     1.073722E+01     4.266239E-01     9.076235E+00     4.728882E-01     1.000000E+00 
   55   587    55     2.479093E+01     1.073722E+01     4.214722E-01     9.020193E+00     4.728485E-01     1.000000E+00 
   56   598    56     2.479529E+01     1.073722E+01     4.263235E-01     9.149334E+00     4.726669E-01     1.000000E+00 
   57   609    57     2.480402E+01     1.073722E+01     4.296689E-01     9.173132E+00     4.713816E-01     1.000000E+00 
   58   620    58     2.479870E+01     1.073722E+01     4.295338E-01     9.156501E+00     4.720832E-01     1.000000E+00 
   59   631    59     2.479186E+01     1.073722E+01     4.236450E-01     9.055690E+00     4.727489E-01     1.000000E+00 
   60   642    60     2.479197E+01     1.073722E+01     4.232575E-01     9.051118E+00     4.726196E-01     1.000000E+00 
   61   653    61     2.479718E+01     1.073722E+01     4.289796E-01     9.186415E+00     4.719559E-01     1.000000E+00 
   62   664    62     2.479832E+01     1.073722E+01     4.300708E-01     9.154430E+00     4.717365E-01     1.000000E+00 
   63   675    63     2.479483E+01     1.073722E+01     4.291358E-01     9.138740E+00     4.722272E-01     1.000000E+00 
   64   686    64     2.479362E+01     1.073722E+01     4.277859E-01     9.138308E+00     4.721785E-01     1.000000E+00 
   65   697    65     2.479755E+01     1.073722E+01     4.320612E-01     9.239942E+00     4.719517E-01     1.000000E+00 
   66   708    66     2.480107E+01     1.073722E+01     4.345201E-01     9.255848E+00     4.715839E-01     1.000000E+00 
   67   719    67     2.479980E+01     1.073722E+01     4.335777E-01     9.211544E+00     4.721705E-01     1.000000E+00 
   68   730    68     2.479823E+01     1.073722E+01     4.301812E-01     9.105710E+00     4.720526E-01     1.000000E+00 
   69   741    69     2.479780E+01     1.073722E+01     4.303539E-01     9.115287E+00     4.721191E-01     1.000000E+00 
   70   752    70     2.479698E+01     1.073722E+01     4.307971E-01     9.125940E+00     4.722161E-01     1.000000E+00 
   71   763    71     2.479573E+01     1.073722E+01     4.294477E-01     9.129911E+00     4.719790E-01     1.000000E+00 
   72   774    72     2.479583E+01     1.073722E+01     4.327150E-01     9.219639E+00     4.724136E-01     1.000000E+00 
   73   785    73     2.479621E+01     1.073722E+01     4.337425E-01     9.215406E+00     4.718756E-01     1.000000E+00 
   74   796    74     2.479795E+01     1.073722E+01     4.374887E-01     9.308097E+00     4.718064E-01     1.000000E+00 
   75   807    75     2.479814E+01     1.073722E+01     4.384649E-01     9.271911E+00     4.718653E-01     1.000000E+00 
   76   818    76     2.479627E+01     1.073722E+01     4.342007E-01     9.205852E+00     4.717814E-01     1.000000E+00 
   77   829    77     2.479397E+01     1.073722E+01     4.313586E-01     9.175067E+00     4.725414E-01     1.000000E+00 
   78   840    78     2.479417E+01     1.073722E+01     4.299797E-01     9.159526E+00     4.722390E-01     1.000000E+00 
   79   851    79     2.479666E+01     1.073722E+01     4.311058E-01     9.142281E+00     4.721169E-01     1.000000E+00 
   80   862    80     2.479771E+01     1.073722E+01     4.338866E-01     9.130471E+00     4.720121E-01     1.000000E+00 
   81   873    81     2.479675E+01     1.073722E+01     4.332264E-01     9.082529E+00     4.719323E-01     1.000000E+00 
   82   884    82     2.479814E+01     1.073722E+01     4.355302E-01     9.127379E+00     4.719960E-01     1.000000E+00 
   83   895    83     2.480257E+01     1.073722E+01     4.407442E-01     9.244314E+00     4.718641E-01     1.000000E+00 
   84   906    84     2.480150E+01     1.073722E+01     4.385578E-01     9.181435E+00     4.716808E-01     1.000000E+00 
   85   917    85     2.479616E+01     1.073722E+01     4.339337E-01     9.117988E+00     4.726512E-01     1.000000E+00 
   86   928    86     2.479365E+01     1.073722E+01     4.302550E-01     9.102684E+00     4.724106E-01     1.000000E+00 
   87   939    87     2.479335E+01     1.073722E+01     4.292730E-01     9.084083E+00     4.723055E-01     1.000000E+00 
   88   950    88     2.479290E+01     1.073722E+01     4.314623E-01     9.135684E+00     4.721634E-01     1.000000E+00 
   89   961    89     2.479198E+01     1.073722E+01     4.310904E-01     9.123622E+00     4.722473E-01     1.000000E+00 
   90   972    90     2.479498E+01     1.073722E+01     4.362905E-01     9.216972E+00     4.720108E-01     1.000000E+00 
   91   983    91     2.480149E+01     1.073722E+01     4.435502E-01     9.291137E+00     4.716772E-01     1.000000E+00 
   92   994    92     2.480308E+01     1.073722E+01     4.460454E-01     9.301243E+00     4.714262E-01     1.000000E+00 
   93  1005    93     2.479855E+01     1.073722E+01     4.403806E-01     9.204267E+00     4.722356E-01     1.000000E+00 
   94  1016    94     2.479720E+01     1.073722E+01     4.396049E-01     9.232386E+00     4.726381E-01     1.000000E+00 
   95  1027    95     2.479826E+01     1.073722E+01     4.386115E-01     9.191990E+00     4.721452E-01     1.000000E+00 
   96  1038    96     2.479588E+01     1.073722E+01     4.387772E-01     9.171541E+00     4.722922E-01     1.000000E+00 
   97  1049    97     2.479330E+01     1.073722E+01     4.337823E-01     9.101369E+00     4.723808E-01     1.000000E+00 
   98  1060    98     2.479515E+01     1.073722E+01     4.357888E-01     9.168669E+00     4.721166E-01     1.000000E+00 
   99  1071    99     2.479944E+01     1.073722E+01     4.428338E-01     9.347054E+00     4.719996E-01     1.000000E+00 
  100  1082   100     2.480005E+01     1.073722E+01     4.454696E-01     9.355254E+00     4.716220E-01     1.000000E+00 
  101  1093   101     2.479884E+01     1.073722E+01     4.474481E-01     9.379025E+00     4.722674E-01     1.000000E+00 
  102  1104   102     2.479990E+01     1.073722E+01     4.451715E-01     9.340210E+00     4.720661E-01     1.000000E+00 
  103  1115   103     2.479923E+01     1.073722E+01     4.433183E-01     9.304134E+00     4.718560E-01     1.000000E+00 
  104  1126   104     2.479368E+01     1.073722E+01     4.361829E-01     9.173764E+00     4.725757E-01     1.000000E+00 
  105  1137   105     2.479034E+01     1.073722E+01     4.313965E-01     9.100879E+00     4.728142E-01     1.000000E+00 
  106  1148   106     2.479179E+01     1.073722E+01     4.334612E-01     9.136456E+00     4.724077E-01     1.000000E+00 
  107  1159   107     2.479544E+01     1.073722E+01     4.371304E-01     9.197364E+00     4.722066E-01     1.000000E+00 
  108  1170   108     2.479887E+01     1.073722E+01     4.428268E-01     9.262138E+00     4.716876E-01     1.000000E+00 
  109  1181   109     2.479989E+01     1.073722E+01     4.436736E-01     9.210626E+00     4.717892E-01     1.000000E+00 
  110  1192   110     2.480239E+01     1.073722E+01     4.464750E-01     9.268877E+00     4.719201E-01     1.000000E+00 
  111  1203   111     2.480218E+01     1.073722E+01     4.461052E-01     9.307025E+00     4.716588E-01     1.000000E+00 
  112  1214   112     2.479667E+01     1.073722E+01     4.418527E-01     9.285030E+00     4.728221E-01     1.000000E+00 
  113  1225   113     2.479360E+01     1.073722E+01     4.376234E-01     9.220374E+00     4.725825E-01     1.000000E+00 
  114  1236   114     2.479423E+01     1.073722E+01     4.381777E-01     9.217930E+00     4.724009E-01     1.000000E+00 
  115  1247   115     2.479494E+01     1.073722E+01     4.386381E-01     9.198026E+00     4.722300E-01     1.000000E+00 
  116  1258   116     2.479370E+01     1.073722E+01     4.379014E-01     9.169890E+00     4.720916E-01     1.000000E+00 
  117  1269   117     2.479243E+01     1.073722E+01     4.370949E-01     9.159266E+00     4.724430E-01     1.000000E+00 
  118  1280   118     2.479447E+01     1.073722E+01     4.379866E-01     9.196807E+00     4.721750E-01     1.000000E+00 
  119  1291   119     2.479949E+01     1.073722E+01     4.433453E-01     9.240580E+00     4.718093E-01     1.000000E+00 
  120  1302   120     2.480299E+01     1.073722E+01     4.465181E-01     9.231281E+00     4.716519E-01     1.000000E+00 
  121  1313   121     2.480256E+01     1.073722E+01     4.465569E-01     9.216083E+00     4.717534E-01     1.000000E+00 
  122  1324   122     2.479912E+01     1.073722E+01     4.444295E-01     9.214724E+00     4.724751E-01     1.000000E+00 
  123  1335   123     2.479577E+01     1.073722E+01     4.391853E-01     9.212581E+00     4.724550E-01     1.000000E+00 
  124  1346   124     2.479382E+01     1.073722E+01     4.377826E-01     9.204799E+00     4.723428E-01     1.000000E+00 
  125  1357   125     2.479260E+01     1.073722E+01     4.359054E-01     9.186057E+00     4.722914E-01     1.000000E+00 
  126  1368   126     2.479252E+01     1.073722E+01     4.365728E-01     9.226866E+00     4.721642E-01     1.000000E+00 
  127  1379   127     2.479160E+01     1.073722E+01     4.358293E-01     9.195366E+00     4.722277E-01     1.000000E+00 
  128  1390   128     2.479235E+01     1.073722E+01     4.364200E-01     9.187062E+00     4.721421E-01     1.000000E+00 
  129  1401   129     2.479591E+01     1.073722E+01     4.403280E-01     9.164002E+00     4.718906E-01     1.000000E+00 
  130  1412   130     2.480248E+01     1.073722E+01     4.476773E-01     9.158884E+00     4.715934E-01     1.000000E+00 
  131  1423   131     2.480457E+01     1.073722E+01     4.518629E-01     9.224738E+00     4.713561E-01     1.000000E+00 
  132  1434   132     2.479923E+01     1.073722E+01     4.445391E-01     9.168037E+00     4.727243E-01     1.000000E+00 
  133  1445   133     2.479646E+01     1.073722E+01     4.415938E-01     9.145338E+00     4.725325E-01     1.000000E+00 
  134  1456   134     2.479608E+01     1.073722E+01     4.380622E-01     9.126535E+00     4.723821E-01     1.000000E+00 
  135  1467   135     2.479457E+01     1.073722E+01     4.387137E-01     9.107797E+00     4.723522E-01     1.000000E+00 
  136  1478   136     2.479347E+01     1.073722E+01     4.359141E-01     9.104114E+00     4.721792E-01     1.000000E+00 
  137  1489   137     2.479344E+01     1.073722E+01     4.364050E-01     9.124395E+00     4.723206E-01     1.000000E+00 
  138  1500   138     2.479417E+01     1.073722E+01     4.370559E-01     9.137943E+00     4.719227E-01     1.000000E+00 
  139  1511   139     2.479421E+01     1.073722E+01     4.364524E-01     9.117757E+00     4.721362E-01     1.000000E+00 
  140  1522   140     2.479523E+01     1.073722E+01     4.379249E-01     9.104721E+00     4.719015E-01     1.000000E+00 
  141  1533   141     2.480041E+01     1.073722E+01     4.433619E-01     9.130173E+00     4.718063E-01     1.000000E+00 
  142  1544   142     2.480504E+01     1.073722E+01     4.480243E-01     9.122514E+00     4.713968E-01     1.000000E+00 
  143  1555   143     2.480131E+01     1.073722E+01     4.458523E-01     9.138513E+00     4.721231E-01     1.000000E+00 
  144  1566   144     2.479584E+01     1.073722E+01     4.385353E-01     9.110782E+00     4.725241E-01     1.000000E+00 
  145  1577   145     2.479336E+01     1.073722E+01     4.355041E-01     9.146485E+00     4.726854E-01     1.000000E+00 
  146  1588   146     2.479262E+01     1.073722E+01     4.356830E-01     9.175261E+00     4.723967E-01     1.000000E+00 
  147  1599   147     2.479168E+01     1.073722E+01     4.342672E-01     9.164667E+00     4.722772E-01     1.000000E+00 
  148  1610   148     2.479264E+01     1.073722E+01     4.355775E-01     9.184532E+00     4.720913E-01     1.000000E+00 
  149  1621   149     2.479587E+01     1.073722E+01     4.387654E-01     9.191784E+00     4.717829E-01     1.000000E+00 
  150  1632   150     2.479813E+01     1.073722E+01     4.406530E-01     9.196104E+00     4.718076E-01     1.000000E+00 
  151  1643   151     2.479692E+01     1.073722E+01     4.398837E-01     9.126772E+00     4.718181E-01     1.000000E+00 
  152  1654   152     2.479826E+01     1.073722E+01     4.399171E-01     9.093975E+00     4.723119E-01     1.000000E+00 
  153  1665   153     2.480423E+01     1.073722E+01     4.462032E-01     9.181194E+00     4.717349E-01     1.000000E+00 
  154  1676   154     2.480346E+01     1.073722E+01     4.476464E-01     9.234347E+00     4.716780E-01     1.000000E+00 
  155  1687   155     2.479484E+01     1.073722E+01     4.386798E-01     9.127742E+00     4.728996E-01     1.000000E+00 
  156  1698   156     2.479073E+01     1.073722E+01     4.327022E-01     9.095572E+00     4.728750E-01     1.000000E+00 
  157  1709   157     2.479218E+01     1.073722E+01     4.343832E-01     9.125811E+00     4.726054E-01     1.000000E+00 
  158  1720   158     2.479458E+01     1.073722E+01     4.366395E-01     9.181732E+00     4.719595E-01     1.000000E+00 
  159  1731   159     2.479485E+01     1.073722E+01     4.404197E-01     9.229817E+00     4.721790E-01     1.000000E+00 
  160  1742   160     2.479323E+01     1.073722E+01     4.372862E-01     9.163724E+00     4.720066E-01     1.000000E+00 
  161  1753   161     2.479432E+01     1.073722E+01     4.385271E-01     9.176731E+00     4.723541E-01     1.000000E+00 
  162  1764   162     2.479778E+01     1.073722E+01     4.399225E-01     9.159486E+00     4.718340E-01     1.000000E+00 
  163  1775   163     2.480169E+01     1.073722E+01     4.428989E-01     9.138886E+00     4.718298E-01     1.000000E+00 
  164  1786   164     2.480202E+01     1.073722E+01     4.441724E-01     9.130214E+00     4.717692E-01     1.000000E+00 
  165  1797   165     2.480049E+01     1.073722E+01     4.433784E-01     9.153571E+00     4.721509E-01     1.000000E+00 
  166  1808   166     2.479829E+01     1.073722E+01     4.426753E-01     9.200221E+00     4.723216E-01     1.000000E+00 
  167  1819   167     2.479547E+01     1.073722E+01     4.390882E-01     9.186214E+00     4.723385E-01     1.000000E+00 
  168  1830   168     2.479421E+01     1.073722E+01     4.373105E-01     9.164233E+00     4.724537E-01     1.000000E+00 
  169  1841   169     2.479267E+01     1.073722E+01     4.346676E-01     9.152042E+00     4.722760E-01     1.000000E+00 
  170  1852   170     2.479154E+01     1.073722E+01     4.347806E-01     9.143223E+00     4.722937E-01     1.000000E+00 
  171  1863   171     2.479144E+01     1.073722E+01     4.332938E-01     9.122285E+00     4.722163E-01     1.000000E+00 
  172  1874   172     2.479553E+01     1.073722E+01     4.382075E-01     9.145604E+00     4.717621E-01     1.000000E+00 
  173  1885   173     2.480230E+01     1.073722E+01     4.444543E-01     9.147066E+00     4.717632E-01     1.000000E+00 
  174  1896   174     2.480246E+01     1.073722E+01     4.455870E-01     9.129608E+00     4.713695E-01     1.000000E+00 
  175  1907   175     2.479742E+01     1.073722E+01     4.428564E-01     9.149907E+00     4.726187E-01     1.000000E+00 
  176  1918   176     2.479813E+01     1.073722E+01     4.407239E-01     9.183394E+00     4.723523E-01     1.000000E+00 
  177  1929   177     2.480109E+01     1.073722E+01     4.445577E-01     9.233799E+00     4.719531E-01     1.000000E+00 
  178  1940   178     2.479817E+01     1.073722E+01     4.416657E-01     9.183541E+00     4.721727E-01     1.000000E+00 
  179  1951   179     2.479240E+01     1.073722E+01     4.355679E-01     9.093894E+00     4.726463E-01     1.000000E+00 
  180  1962   180     2.479042E+01     1.073722E+01     4.338674E-01     9.153821E+00     4.727545E-01     1.000000E+00 
  181  1973   181     2.479195E+01     1.073722E+01     4.351642E-01     9.201723E+00     4.722710E-01     1.000000E+00 
  182  1984   182     2.479391E+01     1.073722E+01     4.378394E-01     9.233502E+00     4.720978E-01     1.000000E+00 
  183  1995   183     2.479657E+01     1.073722E+01     4.407656E-01     9.218740E+00     4.718372E-01     1.000000E+00 
  184  2006   184     2.479991E+01     1.073722E+01     4.420443E-01     9.147208E+00     4.717483E-01     1.000000E+00 
  185  2017   185     2.480340E+01     1.073722E+01     4.455036E-01     9.163045E+00     4.715660E-01     1.000000E+00 
  186  2028   186     2.480229E+01     1.073722E+01     4.456167E-01     9.196270E+00     4.718962E-01     1.000000E+00 
  187  2039   187     2.479754E+01     1.073722E+01     4.408317E-01     9.187149E+00     4.723978E-01     1.000000E+00 
  188  2050   188     2.479462E+01     1.073722E+01     4.387647E-01     9.231045E+00     4.725737E-01     1.000000E+00 
  189  2061   189     2.479268E+01     1.073722E+01     4.366614E-01     9.206451E+00     4.724525E-01     1.000000E+00 
  190  2072   190     2.479171E+01     1.073722E+01     4.362813E-01     9.199549E+00     4.722814E-01     1.000000E+00 
  191  2083   191     2.479187E+01     1.073722E+01     4.365274E-01     9.155851E+00     4.722764E-01     1.000000E+00 
  192  2094   192     2.479410E+01     1.073722E+01     4.381536E-01     9.158408E+00     4.719453E-01     1.000000E+00 
  193  2105   193     2.479627E+01     1.073722E+01     4.399391E-01     9.180236E+00     4.719444E-01     1.000000E+00 
  194  2116   194     2.479602E+01     1.073722E+01     4.414249E-01     9.157142E+00     4.719467E-01     1.000000E+00 
  195  2127   195     2.479612E+01     1.073722E+01     4.409598E-01     9.156703E+00     4.720791E-01     1.000000E+00 
  196  2138   196     2.480107E+01     1.073722E+01     4.478316E-01     9.236075E+00     4.717787E-01     1.000000E+00 
  197  2149   197     2.480535E+01     1.073722E+01     4.505331E-01     9.231691E+00     4.715440E-01     1.000000E+00 
  198  2160   198     2.480032E+01     1.073722E+01     4.465436E-01     9.196763E+00     4.720329E-01     1.000000E+00 
  199  2171   199     2.479366E+01     1.073722E+01     4.394336E-01     9.140663E+00     4.730983E-01     1.000000E+00 
  200  2182   200     2.479269E+01     1.073722E+01     4.381081E-01     9.214779E+00     4.727164E-01     1.000000E+00 
  201  2193   201     2.479432E+01     1.073722E+01     4.397056E-01     9.287032E+00     4.723532E-01     1.000000E+00 
  202  2204   202     2.479447E+01     1.073722E+01     4.413313E-01     9.312485E+00     4.720823E-01     1.000000E+00 
  203  2215   203     2.479245E+01     1.073722E+01     4.373980E-01     9.213282E+00     4.721164E-01     1.000000E+00 
  204  2226   204     2.479048E+01     1.073722E+01     4.365476E-01     9.145389E+00     4.726055E-01     1.000000E+00 
  205  2237   205     2.479209E+01     1.073722E+01     4.368262E-01     9.106183E+00     4.722830E-01     1.000000E+00 
  206  2248   206     2.479896E+01     1.073722E+01     4.444965E-01     9.159827E+00     4.718302E-01     1.000000E+00 
  207  2259   207     2.480663E+01     1.073722E+01     4.561730E-01     9.256291E+00     4.713767E-01     1.000000E+00 
  208  2270   208     2.480243E+01     1.073722E+01     4.498210E-01     9.158680E+00     4.715634E-01     1.000000E+00 
  209  2281   209     2.479502E+01     1.073722E+01     4.426308E-01     9.137333E+00     4.732211E-01     1.000000E+00 
  210  2292   210     2.479430E+01     1.073722E+01     4.383921E-01     9.170357E+00     4.727548E-01     1.000000E+00 
  211  2303   211     2.479703E+01     1.073722E+01     4.422582E-01     9.312951E+00     4.722718E-01     1.000000E+00 
  212  2314   212     2.479565E+01     1.073722E+01     4.418354E-01     9.294475E+00     4.721379E-01     1.000000E+00 
  213  2325   213     2.479158E+01     1.073722E+01     4.361152E-01     9.172996E+00     4.723669E-01     1.000000E+00 
  214  2336   214     2.478899E+01     1.073722E+01     4.324091E-01     9.101193E+00     4.726839E-01     1.000000E+00 
  215  2347   215     2.479035E+01     1.073722E+01     4.329820E-01     9.060862E+00     4.722194E-01     1.000000E+00 
  216  2358   216     2.479561E+01     1.073722E+01     4.380641E-01     9.082712E+00     4.719892E-01     1.000000E+00 
  217  2369   217     2.480196E+01     1.073722E+01     4.471853E-01     9.135801E+00     4.715631E-01     1.000000E+00 
  218  2380   218     2.480304E+01     1.073722E+01     4.501007E-01     9.163743E+00     4.714848E-01     1.000000E+00 
  219  2391   219     2.479973E+01     1.073722E+01     4.463028E-01     9.127093E+00     4.723045E-01     1.000000E+00 
  220  2402   220     2.479854E+01     1.073722E+01     4.439884E-01     9.119237E+00     4.722256E-01     1.000000E+00 
  221  2413   221     2.479788E+01     1.073722E+01     4.408371E-01     9.086227E+00     4.722589E-01     1.000000E+00 
  222  2424   222     2.479578E+01     1.073722E+01     4.386014E-01     9.079849E+00     4.722207E-01     1.000000E+00 
  223  2435   223     2.479390E+01     1.073722E+01     4.371981E-01     9.104315E+00     4.723380E-01     1.000000E+00 
  224  2446   224     2.479232E+01     1.073722E+01     4.351350E-01     9.112216E+00     4.722766E-01     1.000000E+00 
  225  2457   225     2.479203E+01     1.073722E+01     4.356104E-01     9.131912E+00     4.722340E-01     1.000000E+00 
  226  2468   226     2.479366E+01     1.073722E+01     4.355611E-01     9.130952E+00     4.719667E-01     1.000000E+00 
  227  2479   227     2.479623E+01     1.073722E+01     4.387219E-01     9.127523E+00     4.719621E-01     1.000000E+00 
  228  2490   228     2.479886E+01     1.073722E+01     4.414652E-01     9.113288E+00     4.716494E-01     1.000000E+00 
  229  2501   229     2.480067E+01     1.073722E+01     4.457304E-01     9.108221E+00     4.718763E-01     1.000000E+00 
  230  2512   230     2.480342E+01     1.073722E+01     4.460453E-01     9.112099E+00     4.716898E-01     1.000000E+00 
  231  2523   231     2.480241E+01     1.073722E+01     4.475058E-01     9.212754E+00     4.717834E-01     1.000000E+00 
  232  2534   232     2.479441E+01     1.073722E+01     4.364940E-01     9.083263E+00     4.727821E-01     1.000000E+00 
  233  2545   233     2.478901E+01     1.073722E+01     4.322204E-01     9.054711E+00     4.729776E-01     1.000000E+00 
  234  2556   234     2.478780E+01     1.073722E+01     4.290098E-01     9.001862E+00     4.727165E-01     1.000000E+00 
  235  2567   235     2.479027E+01     1.073722E+01     4.321294E-01     9.042403E+00     4.722655E-01     1.000000E+00 
  236  2578   236     2.479536E+01     1.073722E+01     4.384159E-01     9.094122E+00     4.719336E-01     1.000000E+00 
  237  2589   237     2.479885E+01     1.073722E+01     4.428870E-01     9.127031E+00     4.716232E-01     1.000000E+00 
  238  2600   238     2.479766E+01     1.073722E+01     4.436881E-01     9.109426E+00     4.719145E-01     1.000000E+00 
  239  2611   239     2.479657E+01     1.073722E+01     4.417376E-01     9.051887E+00     4.721094E-01     1.000000E+00 
  240  2622   240     2.479925E+01     1.073722E+01     4.455574E-01     9.107267E+00     4.721160E-01     1.000000E+00 
  241  2633   241     2.480334E+01     1.073722E+01     4.500252E-01     9.135466E+00     4.716693E-01     1.000000E+00 
  242  2644   242     2.480178E+01     1.073722E+01     4.489348E-01     9.117810E+00     4.719566E-01     1.000000E+00 
  243  2655   243     2.479607E+01     1.073722E+01     4.407354E-01     9.061851E+00     4.724203E-01     1.000000E+00 
  244  2666   244     2.479280E+01     1.073722E+01     4.375719E-01     9.096542E+00     4.727093E-01     1.000000E+00 
  245  2677   245     2.479114E+01     1.073722E+01     4.346578E-01     9.082727E+00     4.725882E-01     1.000000E+00 
  246  2688   246     2.479186E+01     1.073722E+01     4.358104E-01     9.119414E+00     4.721531E-01     1.000000E+00 
  247  2699   247     2.479225E+01     1.073722E+01     4.367485E-01     9.112762E+00     4.721207E-01     1.000000E+00 
  248  2710   248     2.479386E+01     1.073722E+01     4.373729E-01     9.055508E+00     4.718312E-01     1.000000E+00 
  249  2721   249     2.479946E+01     1.073722E+01     4.462906E-01     9.091057E+00     4.718141E-01     1.000000E+00 
  250  2732   250     2.480760E+01     1.073722E+01     4.537358E-01     9.156319E+00     4.711738E-01     1.000000E+00 
  251  2743   251     2.480403E+01     1.073722E+01     4.526640E-01     9.165122E+00     4.716829E-01     1.000000E+00 
  252  2754   252     2.479312E+01     1.073722E+01     4.388196E-01     9.034538E+00     4.731924E-01     1.000000E+00 
  253  2765   253     2.478933E+01     1.073722E+01     4.322273E-01     8.975199E+00     4.730130E-01     1.000000E+00 
  254  2776   254     2.479215E+01     1.073722E+01     4.346328E-01     9.046964E+00     4.725799E-01     1.000000E+00 
  255  2787   255     2.479774E+01     1.073722E+01     4.403285E-01     9.105818E+00     4.719157E-01     1.000000E+00 
  256  2798   256     2.479807E+01     1.073722E+01     4.410178E-01     9.112091E+00     4.717951E-01     1.000000E+00 
  257  2809   257     2.479175E+01     1.073722E+01     4.368528E-01     9.040934E+00     4.726664E-01     1.000000E+00 
  258  2820   258     2.478890E+01     1.073722E+01     4.316818E-01     8.993679E+00     4.726893E-01     1.000000E+00 
  259  2831   259     2.479082E+01     1.073722E+01     4.356360E-01     9.083015E+00     4.723331E-01     1.000000E+00 
  260  2842   260     2.479662E+01     1.073722E+01     4.423793E-01     9.143941E+00     4.718840E-01     1.000000E+00 
  261  2853   261     2.480299E+01     1.073722E+01     4.510198E-01     9.138421E+00     4.714634E-01     1.000000E+00 
  262  2864   262     2.480357E+01     1.073722E+01     4.553796E-01     9.148932E+00     4.716440E-01     1.000000E+00 
  263  2875   263     2.480117E+01     1.073722E+01     4.488372E-01     9.117235E+00     4.720298E-01     1.000000E+00 
  264  2886   264     2.479821E+01     1.073722E+01     4.452607E-01     9.156047E+00     4.723046E-01     1.000000E+00 
  265  2897   265     2.479414E+01     1.073722E+01     4.386591E-01     9.109866E+00     4.725735E-01     1.000000E+00 
  266  2908   266     2.479118E+01     1.073722E+01     4.347099E-01     9.050294E+00     4.724881E-01     1.000000E+00 
  267  2919   267     2.478986E+01     1.073722E+01     4.342134E-01     9.082114E+00     4.724750E-01     1.000000E+00 
  268  2930   268     2.479025E+01     1.073722E+01     4.343128E-01     9.069347E+00     4.722200E-01     1.000000E+00 
  269  2941   269     2.479364E+01     1.073722E+01     4.370968E-01     9.081529E+00     4.719661E-01     1.000000E+00 
  270  2952   270     2.480096E+01     1.073722E+01     4.467940E-01     9.148922E+00     4.714919E-01     1.000000E+00 
  271  2963   271     2.480509E+01     1.073722E+01     4.495316E-01     9.126028E+00     4.714595E-01     1.000000E+00 
  272  2974   272     2.479929E+01     1.073722E+01     4.477953E-01     9.161479E+00     4.722181E-01     1.000000E+00 
  273  2985   273     2.479534E+01     1.073722E+01     4.408310E-01     9.090704E+00     4.727838E-01     1.000000E+00 
  274  2996   274     2.479835E+01     1.073722E+01     4.416843E-01     9.077606E+00     4.722017E-01     1.000000E+00 
  275  3007   275     2.480117E+01     1.073722E+01     4.464028E-01     9.141005E+00     4.719859E-01     1.000000E+00 
  276  3018   276     2.479659E+01     1.073722E+01     4.407332E-01     9.100134E+00     4.721683E-01     1.000000E+00 
  277  3029   277     2.479096E+01     1.073722E+01     4.360061E-01     9.094562E+00     4.728618E-01     1.000000E+00 
  278  3040   278     2.478885E+01     1.073722E+01     4.338678E-01     9.099268E+00     4.727858E-01     1.000000E+00 
  279  3051   279     2.478919E+01     1.073722E+01     4.337306E-01     9.078040E+00     4.722944E-01     1.000000E+00 
  280  3062   280     2.479175E+01     1.073722E+01     4.385764E-01     9.120907E+00     4.721559E-01     1.000000E+00 
  281  3073   281     2.479849E+01     1.073722E+01     4.467522E-01     9.084657E+00     4.716850E-01     1.000000E+00 
  282  3084   282     2.480754E+01     1.073722E+01     4.602785E-01     9.194041E+00     4.712103E-01     1.000000E+00 
  283  3095   283     2.480436E+01     1.073722E+01     4.594023E-01     9.244192E+00     4.715621E-01     1.000000E+00 
  284  3106   284     2.479511E+01     1.073722E+01     4.432176E-01     9.090459E+00     4.729901E-01     1.000000E+00 
  285  3117   285     2.479214E+01     1.073722E+01     4.364324E-01     9.038169E+00     4.729270E-01     1.000000E+00 
  286  3128   286     2.479310E+01     1.073722E+01     4.351777E-01     9.031977E+00     4.724640E-01     1.000000E+00 
  287  3139   287     2.479349E+01     1.073722E+01     4.370089E-01     9.060451E+00     4.721851E-01     1.000000E+00 
  288  3150   288     2.479212E+01     1.073722E+01     4.378088E-01     9.099776E+00     4.722034E-01     1.000000E+00 
  289  3161   289     2.479198E+01     1.073722E+01     4.380488E-01     9.071267E+00     4.721959E-01     1.000000E+00 
  290  3172   290     2.479581E+01     1.073722E+01     4.413768E-01     9.074185E+00     4.718887E-01     1.000000E+00 
  291  3183   291     2.480028E+01     1.073722E+01     4.474729E-01     9.110566E+00     4.716423E-01     1.000000E+00 
  292  3194   292     2.479862E+01     1.073722E+01     4.470819E-01     9.130361E+00     4.718520E-01     1.000000E+00 
  293  3205   293     2.479719E+01     1.073722E+01     4.457779E-01     9.161357E+00     4.723060E-01     1.000000E+00 
  294  3216   294     2.480163E+01     1.073722E+01     4.516990E-01     9.206478E+00     4.720755E-01     1.000000E+00 
  295  3227   295     2.480465E+01     1.073722E+01     4.530828E-01     9.178195E+00     4.716670E-01     1.000000E+00 
  296  3238   296     2.479791E+01     1.073722E+01     4.470669E-01     9.135627E+00     4.723138E-01     1.000000E+00 
  297  3249   297     2.479175E+01     1.073722E+01     4.375915E-01     9.095338E+00     4.731438E-01     1.000000E+00 
  298  3260   298     2.479038E+01     1.073722E+01     4.341574E-01     9.089111E+00     4.725198E-01     1.000000E+00 
  299  3271   299     2.478972E+01     1.073722E+01     4.349380E-01     9.112932E+00     4.725957E-01     1.000000E+00 
  300  3282   300     2.478931E+01     1.073722E+01     4.326299E-01     9.044615E+00     4.720842E-01     1.000000E+00 
  301  3293   301     2.479070E+01     1.073722E+01     4.367282E-01     9.042377E+00     4.721910E-01     1.000000E+00 
  302  3304   302     2.479733E+01     1.073722E+01     4.421919E-01     9.045970E+00     4.717389E-01     1.000000E+00 
  303  3315   303     2.480638E+01     1.073722E+01     4.574660E-01     9.191883E+00     4.712166E-01     1.000000E+00 
  304  3326   304     2.480277E+01     1.073722E+01     4.538229E-01     9.159295E+00     4.717729E-01     1.000000E+00 
  305  3337   305     2.479655E+01     1.073722E+01     4.448680E-01     9.075644E+00     4.727561E-01     1.000000E+00 
  306  3348   306     2.479700E+01     1.073722E+01     4.417429E-01     9.074316E+00     4.725660E-01     1.000000E+00 
  307  3359   307     2.479660E+01     1.073722E+01     4.406567E-01     9.109254E+00     4.722884E-01     1.000000E+00 
  308  3370   308     2.479272E+01     1.073722E+01     4.375675E-01     9.070470E+00     4.723425E-01     1.000000E+00 
  309  3381   309     2.479102E+01     1.073722E+01     4.351125E-01     9.022271E+00     4.726008E-01     1.000000E+00 
  310  3392   310     2.479465E+01     1.073722E+01     4.392939E-01     9.052548E+00     4.721568E-01     1.000000E+00 
  311  3403   311     2.479933E+01     1.073722E+01     4.426057E-01     9.063496E+00     4.717713E-01     1.000000E+00 
  312  3414   312     2.479578E+01     1.073722E+01     4.425708E-01     9.110920E+00     4.719317E-01     1.000000E+00 
  313  3425   313     2.479121E+01     1.073722E+01     4.363245E-01     9.023587E+00     4.728014E-01     1.000000E+00 
  314  3436   314     2.479476E+01     1.073722E+01     4.432759E-01     9.090585E+00     4.724080E-01     1.000000E+00 
  315  3447   315     2.480706E+01     1.073722E+01     4.568404E-01     9.141328E+00     4.715532E-01     1.000000E+00 
  316  3458   316     2.480763E+01     1.073722E+01     4.609107E-01     9.197378E+00     4.713249E-01     1.000000E+00 
  317  3469   317     2.479403E+01     1.073722E+01     4.423241E-01     9.077127E+00     4.730720E-01     1.000000E+00 
  318  3480   318     2.478869E+01     1.073722E+01     4.346579E-01     9.068453E+00     4.734189E-01     1.000000E+00 
  319  3491   319     2.478847E+01     1.073722E+01     4.334591E-01     9.083422E+00     4.727630E-01     1.000000E+00 
  320  3502   320     2.478913E+01     1.073722E+01     4.353033E-01     9.078519E+00     4.724597E-01     1.000000E+00 
  321  3513   321     2.479039E+01     1.073722E+01     4.363355E-01     9.057825E+00     4.720687E-01     1.000000E+00 
  322  3524   322     2.479339E+01     1.073722E+01     4.401177E-01     9.069277E+00     4.718855E-01     1.000000E+00 
  323  3535   323     2.479859E+01     1.073722E+01     4.448867E-01     9.113493E+00     4.716562E-01     1.000000E+00 
  324  3546   324     2.480195E+01     1.073722E+01     4.478668E-01     9.134366E+00     4.715017E-01     1.000000E+00 
  325  3557   325     2.480120E+01     1.073722E+01     4.477493E-01     9.119807E+00     4.718483E-01     1.000000E+00 
  326  3568   326     2.480050E+01     1.073722E+01     4.464494E-01     9.090981E+00     4.721082E-01     1.000000E+00 
  327  3579   327     2.479951E+01     1.073722E+01     4.468854E-01     9.130148E+00     4.720151E-01     1.000000E+00 
  328  3590   328     2.479584E+01     1.073722E+01     4.420191E-01     9.082705E+00     4.723583E-01     1.000000E+00 
  329  3601   329     2.479394E+01     1.073722E+01     4.399062E-01     9.042763E+00     4.724968E-01     1.000000E+00 
  330  3612   330     2.479541E+01     1.073722E+01     4.425129E-01     9.094869E+00     4.722789E-01     1.000000E+00 
  331  3623   331     2.479591E+01     1.073722E+01     4.443246E-01     9.126562E+00     4.720077E-01     1.000000E+00 
  332  3634   332     2.479278E+01     1.073722E+01     4.410159E-01     9.100151E+00     4.722312E-01     1.000000E+00 
  333  3645   333     2.478970E+01     1.073722E+01     4.350895E-01     9.018583E+00     4.724355E-01     1.000000E+00 
  334  3656   334     2.479074E+01     1.073722E+01     4.349128E-01     9.028277E+00     4.723616E-01     1.000000E+00 
  335  3667   335     2.479780E+01     1.073722E+01     4.419649E-01     9.076879E+00     4.717771E-01     1.000000E+00 
  336  3678   336     2.480741E+01     1.073722E+01     4.516706E-01     9.127290E+00     4.713460E-01     1.000000E+00 
  337  3689   337     2.480477E+01     1.073722E+01     4.517776E-01     9.139614E+00     4.714145E-01     1.000000E+00 
  338  3700   338     2.479628E+01     1.073722E+01     4.412859E-01     9.065402E+00     4.728103E-01     1.000000E+00 
  339  3711   339     2.479232E+01     1.073722E+01     4.390407E-01     9.076838E+00     4.729375E-01     1.000000E+00 
  340  3722   340     2.479116E+01     1.073722E+01     4.372922E-01     9.082854E+00     4.726385E-01     1.000000E+00 
  341  3733   341     2.479117E+01     1.073722E+01     4.384696E-01     9.062250E+00     4.722695E-01     1.000000E+00 
  342  3744   342     2.479213E+01     1.073722E+01     4.395094E-01     9.093906E+00     4.722190E-01     1.000000E+00 
  343  3755   343     2.479303E+01     1.073722E+01     4.405927E-01     9.070172E+00     4.718554E-01     1.000000E+00 
  344  3766   344     2.479382E+01     1.073722E+01     4.421497E-01     9.095649E+00     4.721517E-01     1.000000E+00 
  345  3777   345     2.479627E+01     1.073722E+01     4.441747E-01     9.083919E+00     4.718184E-01     1.000000E+00 
  346  3788   346     2.480046E+01     1.073722E+01     4.490115E-01     9.113155E+00     4.717453E-01     1.000000E+00 
  347  3799   347     2.480028E+01     1.073722E+01     4.501071E-01     9.159438E+00     4.717722E-01     1.000000E+00 
  348  3810   348     2.479687E+01     1.073722E+01     4.458526E-01     9.094016E+00     4.722986E-01     1.000000E+00 
  349  3821   349     2.479965E+01     1.073722E+01     4.482335E-01     9.086526E+00     4.721419E-01     1.000000E+00 
  350  3832   350     2.480506E+01     1.073722E+01     4.542982E-01     9.137886E+00     4.717340E-01     1.000000E+00 
  351  3843   351     2.479889E+01     1.073722E+01     4.488681E-01     9.113440E+00     4.720118E-01     1.000000E+00 
  352  3854   352     2.478897E+01     1.073722E+01     4.368436E-01     9.041631E+00     4.733952E-01     1.000000E+00 
  353  3865   353     2.478519E+01     1.073722E+01     4.308572E-01     9.014977E+00     4.731004E-01     1.000000E+00 
  354  3876   354     2.478561E+01     1.073722E+01     4.307314E-01     9.001717E+00     4.726514E-01     1.000000E+00 
  355  3887   355     2.478992E+01     1.073722E+01     4.364948E-01     9.073300E+00     4.721037E-01     1.000000E+00 
  356  3898   356     2.480061E+01     1.073722E+01     4.504211E-01     9.123340E+00     4.715017E-01     1.000000E+00 
  357  3909   357     2.480785E+01     1.073722E+01     4.606461E-01     9.218452E+00     4.709590E-01     1.000000E+00 
  358  3920   358     2.480059E+01     1.073722E+01     4.539985E-01     9.189255E+00     4.722691E-01     1.000000E+00 
  359  3931   359     2.479606E+01     1.073722E+01     4.442015E-01     9.051711E+00     4.726931E-01     1.000000E+00 
  360  3942   360     2.479659E+01     1.073722E+01     4.463259E-01     9.134281E+00     4.723900E-01     1.000000E+00 
  361  3953   361     2.479655E+01     1.073722E+01     4.445816E-01     9.081342E+00     4.722946E-01     1.000000E+00 
  362  3964   362     2.479464E+01     1.073722E+01     4.436578E-01     9.080519E+00     4.720721E-01     1.000000E+00 
  363  3975   363     2.479288E+01     1.073722E+01     4.410836E-01     9.111264E+00     4.725385E-01     1.000000E+00 
  364  3986   364     2.479271E+01     1.073722E+01     4.392921E-01     9.041765E+00     4.721980E-01     1.000000E+00 
  365  3997   365     2.479368E+01     1.073722E+01     4.424360E-01     9.114642E+00     4.721138E-01     1.000000E+00 
  366  4008   366     2.479492E+01     1.073722E+01     4.419819E-01     9.081315E+00     4.719995E-01     1.000000E+00 
  367  4019   367     2.479513E+01     1.073722E+01     4.449908E-01     9.113322E+00     4.718782E-01     1.000000E+00 
  368  4030   368     2.479373E+01     1.073722E+01     4.416461E-01     9.088625E+00     4.723048E-01     1.000000E+00 
  369  4041   369     2.479611E+01     1.073722E+01     4.459055E-01     9.064465E+00     4.720409E-01     1.000000E+00 
  370  4052   370     2.480535E+01     1.073722E+01     4.568451E-01     9.136369E+00     4.715103E-01     1.000000E+00 
  371  4063   371     2.480784E+01     1.073722E+01     4.618879E-01     9.219201E+00     4.713785E-01     1.000000E+00 
  372  4074   372     2.479559E+01     1.073722E+01     4.457133E-01     9.079813E+00     4.727250E-01     1.000000E+00 
  373  4085   373     2.478792E+01     1.073722E+01     4.340656E-01     9.044686E+00     4.735590E-01     1.000000E+00 
  374  4096   374     2.478625E+01     1.073722E+01     4.306693E-01     9.015371E+00     4.730066E-01     1.000000E+00 
  375  4107   375     2.478758E+01     1.073722E+01     4.329181E-01     9.053948E+00     4.724668E-01     1.000000E+00 
  376  4118   376     2.479153E+01     1.073722E+01     4.384540E-01     9.082258E+00     4.720888E-01     1.000000E+00 
  377  4129   377     2.479951E+01     1.073722E+01     4.488751E-01     9.112390E+00     4.715778E-01     1.000000E+00 
  378  4140   378     2.480509E+01     1.073722E+01     4.555887E-01     9.143193E+00     4.712025E-01     1.000000E+00 
  379  4151   379     2.480022E+01     1.073722E+01     4.509644E-01     9.140710E+00     4.720989E-01     1.000000E+00 
  380  4162   380     2.479602E+01     1.073722E+01     4.442446E-01     9.084038E+00     4.726652E-01     1.000000E+00 
  381  4173   381     2.479846E+01     1.073722E+01     4.481655E-01     9.092116E+00     4.723901E-01     1.000000E+00 
  382  4184   382     2.480289E+01     1.073722E+01     4.532722E-01     9.151265E+00     4.719726E-01     1.000000E+00 
  383  4195   383     2.479840E+01     1.073722E+01     4.501164E-01     9.143411E+00     4.718749E-01     1.000000E+00 
  384  4206   384     2.479047E+01     1.073722E+01     4.391921E-01     9.079362E+00     4.732853E-01     1.000000E+00 
  385  4217   385     2.478745E+01     1.073722E+01     4.337746E-01     9.020527E+00     4.728865E-01     1.000000E+00 
  386  4228   386     2.478896E+01     1.073722E+01     4.356433E-01     9.032362E+00     4.725480E-01     1.000000E+00 
  387  4239   387     2.479407E+01     1.073722E+01     4.422138E-01     9.122221E+00     4.719113E-01     1.000000E+00 
  388  4250   388     2.479863E+01     1.073722E+01     4.492224E-01     9.145844E+00     4.716229E-01     1.000000E+00 
  389  4261   389     2.479803E+01     1.073722E+01     4.478103E-01     9.126919E+00     4.717771E-01     1.000000E+00 
  390  4272   390     2.479996E+01     1.073722E+01     4.480635E-01     9.087497E+00     4.720601E-01     1.000000E+00 
  391  4283   391     2.480634E+01     1.073722E+01     4.557337E-01     9.157099E+00     4.714973E-01     1.000000E+00 
  392  4294   392     2.480132E+01     1.073722E+01     4.527124E-01     9.203818E+00     4.718873E-01     1.000000E+00 
  393  4305   393     2.479072E+01     1.073722E+01     4.392080E-01     9.046533E+00     4.733298E-01     1.000000E+00 
  394  4316   394     2.478660E+01     1.073722E+01     4.316876E-01     9.007005E+00     4.731115E-01     1.000000E+00 
  395  4327   395     2.478699E+01     1.073722E+01     4.316901E-01     9.038128E+00     4.727473E-01     1.000000E+00 
  396  4338   396     2.479056E+01     1.073722E+01     4.350532E-01     9.053475E+00     4.720359E-01     1.000000E+00 
  397  4349   397     2.479681E+01     1.073722E+01     4.448753E-01     9.144063E+00     4.718046E-01     1.000000E+00 
  398  4360   398     2.480055E+01     1.073722E+01     4.485936E-01     9.108498E+00     4.714269E-01     1.000000E+00 
  399  4371   399     2.479792E+01     1.073722E+01     4.467534E-01     9.120639E+00     4.718521E-01     1.000000E+00 
  400  4382   400     2.479502E+01     1.073722E+01     4.413652E-01     9.100211E+00     4.727758E-01     1.000000E+00 
  401  4393   401     2.479785E+01     1.073722E+01     4.438140E-01     9.077280E+00     4.720772E-01     1.000000E+00 
  402  4404   402     2.480494E+01     1.073722E+01     4.524750E-01     9.132734E+00     4.718650E-01     1.000000E+00 
  403  4415   403     2.480370E+01     1.073722E+01     4.525332E-01     9.137734E+00     4.715465E-01     1.000000E+00 
  404  4426   404     2.479449E+01     1.073722E+01     4.409812E-01     9.078766E+00     4.727982E-01     1.000000E+00 
  405  4437   405     2.478897E+01     1.073722E+01     4.354126E-01     9.073450E+00     4.732355E-01     1.000000E+00 
  406  4448   406     2.478790E+01     1.073722E+01     4.321729E-01     9.013243E+00     4.727063E-01     1.000000E+00 
  407  4459   407     2.478970E+01     1.073722E+01     4.380710E-01     9.083148E+00     4.724022E-01     1.000000E+00 
  408  4470   408     2.479287E+01     1.073722E+01     4.403752E-01     9.080218E+00     4.719187E-01     1.000000E+00 
  409  4481   409     2.479528E+01     1.073722E+01     4.462466E-01     9.112788E+00     4.717532E-01     1.000000E+00 
  410  4492   410     2.479625E+01     1.073722E+01     4.436127E-01     9.111103E+00     4.718467E-01     1.000000E+00 
  411  4503   411     2.479969E+01     1.073722E+01     4.477617E-01     9.115398E+00     4.716949E-01     1.000000E+00 
  412  4514   412     2.480586E+01     1.073722E+01     4.554282E-01     9.162316E+00     4.715292E-01     1.000000E+00 
  413  4525   413     2.480261E+01     1.073722E+01     4.538555E-01     9.177835E+00     4.717177E-01     1.000000E+00 
  414  4536   414     2.479418E+01     1.073722E+01     4.423330E-01     9.060145E+00     4.728818E-01     1.000000E+00 
  415  4547   415     2.479118E+01     1.073722E+01     4.370413E-01     9.039687E+00     4.728986E-01     1.000000E+00 
  416  4558   416     2.479315E+01     1.073722E+01     4.400095E-01     9.036798E+00     4.723957E-01     1.000000E+00 
  417  4569   417     2.479778E+01     1.073722E+01     4.468247E-01     9.058370E+00     4.720329E-01     1.000000E+00 
  418  4580   418     2.479816E+01     1.073722E+01     4.493535E-01     9.135933E+00     4.717378E-01     1.000000E+00 
  419  4591   419     2.479293E+01     1.073722E+01     4.411567E-01     9.053334E+00     4.724962E-01     1.000000E+00 
  420  4602   420     2.478970E+01     1.073722E+01     4.358634E-01     9.041058E+00     4.727596E-01     1.000000E+00 
  421  4613   421     2.479185E+01     1.073722E+01     4.375167E-01     9.054527E+00     4.723940E-01     1.000000E+00 
  422  4624   422     2.480247E+01     1.073722E+01     4.488551E-01     9.120832E+00     4.717516E-01     1.000000E+00 
  423  4635   423     2.481084E+01     1.073722E+01     4.609696E-01     9.281860E+00     4.710861E-01     1.000000E+00 
  424  4646   424     2.479854E+01     1.073722E+01     4.476894E-01     9.145903E+00     4.724329E-01     1.000000E+00 
  425  4657   425     2.479040E+01     1.073722E+01     4.369994E-01     9.028100E+00     4.735807E-01     1.000000E+00 
  426  4668   426     2.479056E+01     1.073722E+01     4.382861E-01     9.074710E+00     4.729545E-01     1.000000E+00 
  427  4679   427     2.479335E+01     1.073722E+01     4.425310E-01     9.093625E+00     4.723620E-01     1.000000E+00 
  428  4690   428     2.479359E+01     1.073722E+01     4.452787E-01     9.154231E+00     4.720344E-01     1.000000E+00 
  429  4701   429     2.479029E+01     1.073722E+01     4.392081E-01     9.074170E+00     4.723440E-01     1.000000E+00 
  430  4712   430     2.478903E+01     1.073722E+01     4.364539E-01     9.023341E+00     4.724935E-01     1.000000E+00 
  431  4723   431     2.479367E+01     1.073722E+01     4.404126E-01     9.085382E+00     4.719882E-01     1.000000E+00 
  432  4734   432     2.480491E+01     1.073722E+01     4.555244E-01     9.188633E+00     4.715033E-01     1.000000E+00 
  433  4745   433     2.480664E+01     1.073722E+01     4.593610E-01     9.203248E+00     4.711245E-01     1.000000E+00 
  434  4756   434     2.479621E+01     1.073722E+01     4.468487E-01     9.106502E+00     4.729881E-01     1.000000E+00 
  435  4767   435     2.479311E+01     1.073722E+01     4.407285E-01     9.042169E+00     4.730276E-01     1.000000E+00 
  436  4778   436     2.479744E+01     1.073722E+01     4.441632E-01     9.111635E+00     4.721874E-01     1.000000E+00 
  437  4789   437     2.480023E+01     1.073722E+01     4.518717E-01     9.162223E+00     4.721121E-01     1.000000E+00 
  438  4800   438     2.479584E+01     1.073722E+01     4.436628E-01     9.077071E+00     4.718894E-01     1.000000E+00 
  439  4811   439     2.479076E+01     1.073722E+01     4.395502E-01     9.120233E+00     4.731005E-01     1.000000E+00 
  440  4822   440     2.478812E+01     1.073722E+01     4.327118E-01     9.034681E+00     4.727137E-01     1.000000E+00 
  441  4833   441     2.478753E+01     1.073722E+01     4.328836E-01     9.090344E+00     4.724856E-01     1.000000E+00 
  442  4844   442     2.478817E+01     1.073722E+01     4.331519E-01     9.044586E+00     4.721757E-01     1.000000E+00 
  443  4855   443     2.479180E+01     1.073722E+01     4.367773E-01     9.068078E+00     4.719113E-01     1.000000E+00 
  444  4866   444     2.480056E+01     1.073722E+01     4.479818E-01     9.155148E+00     4.715005E-01     1.000000E+00 
  445  4877   445     2.480665E+01     1.073722E+01     4.545774E-01     9.235484E+00     4.711275E-01     1.000000E+00 
  446  4888   446     2.480189E+01     1.073722E+01     4.501118E-01     9.179131E+00     4.719773E-01     1.000000E+00 
  447  4899   447     2.479677E+01     1.073722E+01     4.443682E-01     9.096457E+00     4.725980E-01     1.000000E+00 
  448  4910   448     2.479623E+01     1.073722E+01     4.422270E-01     9.064792E+00     4.725256E-01     1.000000E+00 
  449  4921   449     2.479564E+01     1.073722E+01     4.433489E-01     9.104570E+00     4.722291E-01     1.000000E+00 
  450  4932   450     2.479280E+01     1.073722E+01     4.399343E-01     9.071269E+00     4.723049E-01     1.000000E+00 
  451  4943   451     2.479107E+01     1.073722E+01     4.366336E-01     9.036574E+00     4.723888E-01     1.000000E+00 
  452  4954   452     2.479220E+01     1.073722E+01     4.395042E-01     9.059747E+00     4.722616E-01     1.000000E+00 
  453  4965   453     2.479544E+01     1.073722E+01     4.420231E-01     9.065085E+00     4.719195E-01     1.000000E+00 
  454  4976   454     2.479694E+01     1.073722E+01     4.461279E-01     9.107144E+00     4.718748E-01     1.000000E+00 
  455  4987   455     2.479326E+01     1.073722E+01     4.410851E-01     9.082798E+00     4.720758E-01     1.000000E+00 
  456  4998   456     2.478914E+01     1.073722E+01     4.348270E-01     9.019382E+00     4.727934E-01     1.000000E+00 
  457  5009   457     2.478933E+01     1.073722E+01     4.355698E-01     9.036425E+00     4.724300E-01     1.000000E+00 
  458  5020   458     2.479791E+01     1.073722E+01     4.444378E-01     9.056687E+00     4.719772E-01     1.000000E+00 
  459  5031   459     2.481338E+01     1.073722E+01     4.660306E-01     9.245631E+00     4.711423E-01     1.000000E+00 
  460  5042   460     2.480350E+01     1.073722E+01     4.560346E-01     9.178200E+00     4.715789E-01     1.000000E+00 
  461  5053   461     2.478835E+01     1.073722E+01     4.354737E-01     9.003238E+00     4.740871E-01     1.000000E+00 
  462  5064   462     2.478471E+01     1.073722E+01     4.289846E-01     8.994201E+00     4.735127E-01     1.000000E+00 
  463  5075   463     2.478564E+01     1.073722E+01     4.301211E-01     9.008498E+00     4.728582E-01     1.000000E+00 
  464  5086   464     2.479066E+01     1.073722E+01     4.363717E-01     9.062967E+00     4.721484E-01     1.000000E+00 
  465  5097   465     2.479912E+01     1.073722E+01     4.487224E-01     9.173648E+00     4.715112E-01     1.000000E+00 
  466  5108   466     2.479956E+01     1.073722E+01     4.498626E-01     9.166041E+00     4.715118E-01     1.000000E+00 
  467  5119   467     2.479259E+01     1.073722E+01     4.412521E-01     9.104226E+00     4.724901E-01     1.000000E+00 
  468  5130   468     2.479060E+01     1.073722E+01     4.388045E-01     9.095522E+00     4.729066E-01     1.000000E+00 
  469  5141   469     2.479479E+01     1.073722E+01     4.428896E-01     9.142828E+00     4.722191E-01     1.000000E+00 
  470  5152   470     2.480202E+01     1.073722E+01     4.552445E-01     9.241563E+00     4.718058E-01     1.000000E+00 
  471  5163   471     2.480429E+01     1.073722E+01     4.567566E-01     9.247020E+00     4.714697E-01     1.000000E+00 
  472  5174   472     2.480139E+01     1.073722E+01     4.524302E-01     9.232005E+00     4.721779E-01     1.000000E+00 
  473  5185   473     2.479740E+01     1.073722E+01     4.486845E-01     9.177301E+00     4.723599E-01     1.000000E+00 
  474  5196   474     2.479354E+01     1.073722E+01     4.426670E-01     9.103868E+00     4.726111E-01     1.000000E+00 
  475  5207   475     2.479143E+01     1.073722E+01     4.415486E-01     9.109814E+00     4.724494E-01     1.000000E+00 
  476  5218   476     2.479129E+01     1.073722E+01     4.407279E-01     9.152501E+00     4.724146E-01     1.000000E+00 
  477  5229   477     2.479103E+01     1.073722E+01     4.400167E-01     9.187732E+00     4.720955E-01     1.000000E+00 
  478  5240   478     2.478967E+01     1.073722E+01     4.381799E-01     9.141368E+00     4.722435E-01     1.000000E+00 
  479  5251   479     2.478906E+01     1.073722E+01     4.362208E-01     9.074864E+00     4.721433E-01     1.000000E+00 
  480  5262   480     2.479396E+01     1.073722E+01     4.429941E-01     9.022304E+00     4.719676E-01     1.000000E+00 
  481  5273   481     2.480639E+01     1.073722E+01     4.622039E-01     9.214705E+00     4.712656E-01     1.000000E+00 
  482  5284   482     2.480651E+01     1.073722E+01     4.639740E-01     9.277308E+00     4.711159E-01     1.000000E+00 
  483  5295   483     2.479396E+01     1.073722E+01     4.464439E-01     9.105829E+00     4.732453E-01     1.000000E+00 
  484  5306   484     2.479196E+01     1.073722E+01     4.402344E-01     9.054776E+00     4.730364E-01     1.000000E+00 
  485  5317   485     2.479944E+01     1.073722E+01     4.488463E-01     9.098683E+00     4.722507E-01     1.000000E+00 
  486  5328   486     2.480308E+01     1.073722E+01     4.558073E-01     9.184512E+00     4.716961E-01     1.000000E+00 
  487  5339   487     2.479340E+01     1.073722E+01     4.433581E-01     9.092331E+00     4.726294E-01     1.000000E+00 
  488  5350   488     2.478691E+01     1.073722E+01     4.326542E-01     8.985343E+00     4.732815E-01     1.000000E+00 
  489  5361   489     2.478589E+01     1.073722E+01     4.311885E-01     9.052266E+00     4.728792E-01     1.000000E+00 
  490  5372   490     2.478773E+01     1.073722E+01     4.324346E-01     9.040825E+00     4.723583E-01     1.000000E+00 
  491  5383   491     2.479245E+01     1.073722E+01     4.396180E-01     9.156985E+00     4.719337E-01     1.000000E+00 
  492  5394   492     2.479988E+01     1.073722E+01     4.465099E-01     9.187509E+00     4.715413E-01     1.000000E+00 
  493  5405   493     2.480485E+01     1.073722E+01     4.489520E-01     9.143113E+00     4.712666E-01     1.000000E+00 
  494  5416   494     2.480243E+01     1.073722E+01     4.493893E-01     9.215058E+00     4.720341E-01     1.000000E+00 
  495  5427   495     2.479848E+01     1.073722E+01     4.438801E-01     9.150629E+00     4.722873E-01     1.000000E+00 
  496  5438   496     2.479666E+01     1.073722E+01     4.456261E-01     9.182271E+00     4.725114E-01     1.000000E+00 
  497  5449   497     2.479465E+01     1.073722E+01     4.432645E-01     9.165604E+00     4.723406E-01     1.000000E+00 
  498  5460   498     2.479180E+01     1.073722E+01     4.398973E-01     9.117993E+00     4.724321E-01     1.000000E+00 
  499  5471   499     2.479015E+01     1.073722E+01     4.385877E-01     9.146691E+00     4.724473E-01     1.000000E+00 
  500  5482   500     2.479131E+01     1.073722E+01     4.396263E-01     9.110180E+00     4.722154E-01     1.000000E+00 
  501  5493   501     2.479550E+01     1.073722E+01     4.447240E-01     9.119545E+00     4.718683E-01     1.000000E+00 
  502  5504   502     2.479811E+01     1.073722E+01     4.507370E-01     9.204860E+00     4.717770E-01     1.000000E+00 
  503  5515   503     2.479380E+01     1.073722E+01     4.431597E-01     9.116772E+00     4.719679E-01     1.000000E+00 
  504  5526   504     2.478878E+01     1.073722E+01     4.386496E-01     9.162864E+00     4.730616E-01     1.000000E+00 
  505  5537   505     2.478657E+01     1.073722E+01     4.327896E-01     9.098293E+00     4.726463E-01     1.000000E+00 
  506  5548   506     2.478612E+01     1.073722E+01     4.334130E-01     9.129988E+00     4.724534E-01     1.000000E+00 
  507  5559   507     2.478628E+01     1.073722E+01     4.327274E-01     9.140037E+00     4.721308E-01     1.000000E+00 
  508  5570   508     2.478665E+01     1.073722E+01     4.334142E-01     9.089747E+00     4.720385E-01     1.000000E+00 
  509  5581   509     2.478833E+01     1.073722E+01     4.360996E-01     9.110319E+00     4.719594E-01     1.000000E+00 
  510  5592   510     2.479319E+01     1.073722E+01     4.419343E-01     9.071825E+00     4.716339E-01     1.000000E+00 
  511  5603   511     2.479950E+01     1.073722E+01     4.521994E-01     9.218405E+00     4.714843E-01     1.000000E+00 
  512  5614   512     2.479726E+01     1.073722E+01     4.493429E-01     9.189296E+00     4.714600E-01     1.000000E+00 
  513  5625   513     2.478979E+01     1.073722E+01     4.390939E-01     9.073728E+00     4.729715E-01     1.000000E+00 
  514  5636   514     2.478683E+01     1.073722E+01     4.337002E-01     9.043162E+00     4.728051E-01     1.000000E+00 
  515  5647   515     2.478848E+01     1.073722E+01     4.361205E-01     9.060927E+00     4.723841E-01     1.000000E+00 
  516  5658   516     2.479304E+01     1.073722E+01     4.436292E-01     9.195220E+00     4.719594E-01     1.000000E+00 
  517  5669   517     2.479511E+01     1.073722E+01     4.483030E-01     9.245479E+00     4.716478E-01     1.000000E+00 
  518  5680   518     2.479062E+01     1.073722E+01     4.411514E-01     9.138529E+00     4.722051E-01     1.000000E+00 
  519  5691   519     2.478648E+01     1.073722E+01     4.343912E-01     9.054353E+00     4.728148E-01     1.000000E+00 
  520  5702   520     2.478573E+01     1.073722E+01     4.312384E-01     8.999131E+00     4.724814E-01     1.000000E+00 
  521  5713   521     2.478832E+01     1.073722E+01     4.351782E-01     9.050438E+00     4.722014E-01     1.000000E+00 
  522  5724   522     2.479392E+01     1.073722E+01     4.430165E-01     9.099863E+00     4.716264E-01     1.000000E+00 
  523  5735   523     2.479817E+01     1.073722E+01     4.499098E-01     9.124937E+00     4.714610E-01     1.000000E+00 
  524  5746   524     2.479585E+01     1.073722E+01     4.483673E-01     9.118804E+00     4.720173E-01     1.000000E+00 
  525  5757   525     2.479203E+01     1.073722E+01     4.409893E-01     9.040915E+00     4.722431E-01     1.000000E+00 
  526  5768   526     2.479011E+01     1.073722E+01     4.391384E-01     9.124859E+00     4.727287E-01     1.000000E+00 
  527  5779   527     2.478823E+01     1.073722E+01     4.351539E-01     9.074459E+00     4.723387E-01     1.000000E+00 
  528  5790   528     2.478620E+01     1.073722E+01     4.334301E-01     9.087223E+00     4.725090E-01     1.000000E+00 
  529  5801   529     2.478499E+01     1.073722E+01     4.309313E-01     9.038482E+00     4.722567E-01     1.000000E+00 
  530  5812   530     2.478567E+01     1.073722E+01     4.321577E-01     9.042597E+00     4.721540E-01     1.000000E+00 
  531  5823   531     2.478957E+01     1.073722E+01     4.382541E-01     9.106175E+00     4.718936E-01     1.000000E+00 
  532  5834   532     2.479578E+01     1.073722E+01     4.476094E-01     9.162547E+00     4.714717E-01     1.000000E+00 
  533  5845   533     2.479664E+01     1.073722E+01     4.513090E-01     9.217996E+00     4.716455E-01     1.000000E+00 
  534  5856   534     2.479088E+01     1.073722E+01     4.425213E-01     9.078725E+00     4.722227E-01     1.000000E+00 
  535  5867   535     2.478879E+01     1.073722E+01     4.387054E-01     9.050477E+00     4.729320E-01     1.000000E+00 
  536  5878   536     2.479268E+01     1.073722E+01     4.438200E-01     9.079543E+00     4.722760E-01     1.000000E+00 
  537  5889   537     2.479825E+01     1.073722E+01     4.525064E-01     9.166923E+00     4.718658E-01     1.000000E+00 
  538  5900   538     2.479558E+01     1.073722E+01     4.499675E-01     9.182284E+00     4.717810E-01     1.000000E+00 
  539  5911   539     2.478850E+01     1.073722E+01     4.382772E-01     9.070365E+00     4.729911E-01     1.000000E+00 
  540  5922   540     2.478529E+01     1.073722E+01     4.324571E-01     9.026490E+00     4.728801E-01     1.000000E+00 
  541  5933   541     2.478496E+01     1.073722E+01     4.315239E-01     9.032721E+00     4.725280E-01     1.000000E+00 
  542  5944   542     2.478587E+01     1.073722E+01     4.330941E-01     9.036550E+00     4.722137E-01     1.000000E+00 
  543  5955   543     2.478832E+01     1.073722E+01     4.376379E-01     9.073452E+00     4.719102E-01     1.000000E+00 
  544  5966   544     2.479296E+01     1.073722E+01     4.436262E-01     9.053998E+00     4.716910E-01     1.000000E+00 
  545  5977   545     2.479873E+01     1.073722E+01     4.532765E-01     9.123170E+00     4.713108E-01     1.000000E+00 
  546  5988   546     2.479830E+01     1.073722E+01     4.520079E-01     9.142174E+00     4.715818E-01     1.000000E+00 
  547  5999   547     2.479167E+01     1.073722E+01     4.444112E-01     9.099869E+00     4.725207E-01     1.000000E+00 
  548  6010   548     2.478720E+01     1.073722E+01     4.363361E-01     9.080277E+00     4.729226E-01     1.000000E+00 
  549  6021   549     2.478558E+01     1.073722E+01     4.330281E-01     9.011787E+00     4.725762E-01     1.000000E+00 
  550  6032   550     2.478582E+01     1.073722E+01     4.326699E-01     9.055453E+00     4.722948E-01     1.000000E+00 
  551  6043   551     2.478756E+01     1.073722E+01     4.340141E-01     9.051490E+00     4.719753E-01     1.000000E+00 
  552  6054   552     2.479048E+01     1.073722E+01     4.382088E-01     9.120064E+00     4.718233E-01     1.000000E+00 
  553  6065   553     2.479351E+01     1.073722E+01     4.431429E-01     9.165063E+00     4.716289E-01     1.000000E+00 
  554  6076   554     2.479401E+01     1.073722E+01     4.448549E-01     9.134684E+00     4.717455E-01     1.000000E+00 
  555  6087   555     2.479289E+01     1.073722E+01     4.447699E-01     9.129236E+00     4.720228E-01     1.000000E+00 
  556  6098   556     2.479198E+01     1.073722E+01     4.415351E-01     9.041805E+00     4.720999E-01     1.000000E+00 
  557  6109   557     2.479242E+01     1.073722E+01     4.436423E-01     9.122530E+00     4.721457E-01     1.000000E+00 
  558  6120   558     2.479408E+01     1.073722E+01     4.435966E-01     9.101292E+00     4.720023E-01     1.000000E+00 
  559  6131   559     2.479507E+01     1.073722E+01     4.463548E-01     9.131677E+00     4.717814E-01     1.000000E+00 
  560  6142   560     2.479295E+01     1.073722E+01     4.420282E-01     9.125185E+00     4.721934E-01     1.000000E+00 
  561  6153   561     2.478907E+01     1.073722E+01     4.369314E-01     9.071414E+00     4.723019E-01     1.000000E+00 
  562  6164   562     2.478603E+01     1.073722E+01     4.325001E-01     9.052778E+00     4.728838E-01     1.000000E+00 
  563  6175   563     2.478480E+01     1.073722E+01     4.306189E-01     9.024063E+00     4.723819E-01     1.000000E+00 
  564  6186   564     2.478504E+01     1.073722E+01     4.313474E-01     9.038767E+00     4.723591E-01     1.000000E+00 
  565  6197   565     2.478756E+01     1.073722E+01     4.354354E-01     9.057663E+00     4.718292E-01     1.000000E+00 
  566  6208   566     2.479316E+01     1.073722E+01     4.429768E-01     9.091788E+00     4.717215E-01     1.000000E+00 
  567  6219   567     2.479895E+01     1.073722E+01     4.523981E-01     9.134614E+00     4.712454E-01     1.000000E+00 
  568  6230   568     2.479708E+01     1.073722E+01     4.495048E-01     9.102157E+00     4.718352E-01     1.000000E+00 
  569  6241   569     2.479165E+01     1.073722E+01     4.430510E-01     9.087462E+00     4.726214E-01     1.000000E+00 
  570  6252   570     2.478902E+01     1.073722E+01     4.380413E-01     9.074840E+00     4.725124E-01     1.000000E+00 
  571  6263   571     2.478812E+01     1.073722E+01     4.367242E-01     9.070998E+00     4.723568E-01     1.000000E+00 
  572  6274   572     2.478791E+01     1.073722E+01     4.358274E-01     9.066564E+00     4.722055E-01     1.000000E+00 
  573  6285   573     2.478892E+01     1.073722E+01     4.363541E-01     9.054161E+00     4.719918E-01     1.000000E+00 
  574  6296   574     2.479162E+01     1.073722E+01     4.400880E-01     9.099845E+00     4.719422E-01     1.000000E+00 
  575  6307   575     2.479415E+01     1.073722E+01     4.436646E-01     9.127271E+00     4.715767E-01     1.000000E+00 
  576  6318   576     2.479266E+01     1.073722E+01     4.440462E-01     9.109038E+00     4.719445E-01     1.000000E+00 
  577  6329   577     2.478936E+01     1.073722E+01     4.391168E-01     9.039851E+00     4.724487E-01     1.000000E+00 
  578  6340   578     2.478946E+01     1.073722E+01     4.397308E-01     9.025048E+00     4.723224E-01     1.000000E+00 
  579  6351   579     2.479480E+01     1.073722E+01     4.452938E-01     9.071526E+00     4.720045E-01     1.000000E+00 
  580  6362   580     2.480020E+01     1.073722E+01     4.549788E-01     9.169566E+00     4.714255E-01     1.000000E+00 
  581  6373   581     2.479470E+01     1.073722E+01     4.467631E-01     9.111842E+00     4.722125E-01     1.000000E+00 
  582  6384   582     2.478697E+01     1.073722E+01     4.359774E-01     9.038995E+00     4.731311E-01     1.000000E+00 
  583  6395   583     2.478408E+01     1.073722E+01     4.296796E-01     9.001591E+00     4.729063E-01     1.000000E+00 
  584  6406   584     2.478366E+01     1.073722E+01     4.286174E-01     9.017650E+00     4.725289E-01     1.000000E+00 
  585  6417   585     2.478479E+01     1.073722E+01     4.299766E-01     9.033745E+00     4.720801E-01     1.000000E+00 
  586  6428   586     2.478764E+01     1.073722E+01     4.334258E-01     9.077297E+00     4.718670E-01     1.000000E+00 
  587  6439   587     2.479256E+01     1.073722E+01     4.410632E-01     9.114989E+00     4.715313E-01     1.000000E+00 
  588  6450   588     2.479664E+01     1.073722E+01     4.459271E-01     9.152647E+00     4.713820E-01     1.000000E+00 
  589  6461   589     2.479516E+01     1.073722E+01     4.458042E-01     9.140376E+00     4.718989E-01     1.000000E+00 
  590  6472   590     2.479228E+01     1.073722E+01     4.395991E-01     9.088124E+00     4.722099E-01     1.000000E+00 
  591  6483   591     2.479150E+01     1.073722E+01     4.387177E-01     9.082365E+00     4.724450E-01     1.000000E+00 
  592  6494   592     2.479239E+01     1.073722E+01     4.397101E-01     9.072346E+00     4.720424E-01     1.000000E+00 
  593  6505   593     2.479283E+01     1.073722E+01     4.413854E-01     9.127233E+00     4.720928E-01     1.000000E+00 
  594  6516   594     2.479212E+01     1.073722E+01     4.411330E-01     9.145404E+00     4.719850E-01     1.000000E+00 
  595  6527   595     2.479074E+01     1.073722E+01     4.384089E-01     9.135475E+00     4.721632E-01     1.000000E+00 
  596  6538   596     2.478930E+01     1.073722E+01     4.363106E-01     9.090593E+00     4.722292E-01     1.000000E+00 
  597  6549   597     2.478785E+01     1.073722E+01     4.333772E-01     9.036705E+00     4.721616E-01     1.000000E+00 
  598  6560   598     2.478689E+01     1.073722E+01     4.323112E-01     9.030558E+00     4.721725E-01     1.000000E+00 
  599  6571   599     2.478648E+01     1.073722E+01     4.312929E-01     9.024113E+00     4.720947E-01     1.000000E+00 
  600  6581   600     2.491011E+01     1.073722E+01     8.804932E-02     2.132595E+00     1.896340E-16     1.765508E-01 
