MAJOR  NFEV  NGEV           OBJFUN            GNORM            CNORM             FEAS              OPT             STEP 
    0     1     1     5.044306E+01     1.575513E+01     1.341154E-02     9.900000E+01     9.900000E+01     9.900000E+01 
    1     2     1     7.908396E+01     1.575513E+01     2.957640E-01     6.390776E+00     4.254473E-02     1.000000E+00 
    2     4     2     2.783451E+01     1.147227E+01     4.045500E-01     8.924111E+00     7.289308E-01     1.000000E+00 
    3     6     3     2.579979E+01     1.107037E+01     5.910261E-01     1.192779E+01     1.501211E+00     1.000000E+00 
    4    17     4     2.538877E+01     1.107016E+01     6.039868E-01     1.214663E+01     1.454205E+00     1.000000E+00 
    5    28     5     2.533572E+01     1.106998E+01     6.151677E-01     1.229720E+01     1.428672E+00     1.000000E+00 
    6    35     6     2.533605E+01     1.106609E+01     6.288191E-01     1.247506E+01     1.443130E+00     1.000000E+00 
    7    40     7     2.532706E+01     1.105452E+01     6.616001E-01     1.286709E+01     1.540466E+00     1.000000E+00 
    8    51     8     2.525421E+01     1.105423E+01     6.644130E-01     1.289309E+01     1.538210E+00     1.000000E+00 
    9    62     9     2.523083E+01     1.105391E+01     6.662963E-01     1.289136E+01     1.538437E+00     1.000000E+00 
   10    73    10     2.525754E+01     1.105361E+01     6.713466E-01     1.298902E+01     1.540126E+00     1.000000E+00 
   11    78    11     2.523455E+01     1.104036E+01     6.968537E-01     1.318959E+01     1.639558E+00     1.000000E+00 
   12    89    12     2.514881E+01     1.104012E+01     6.958630E-01     1.318302E+01     1.643827E+00     1.000000E+00 
   13   100    13     2.512646E+01     1.103986E+01     6.957243E-01     1.315715E+01     1.643158E+00     1.000000E+00 
   14   111    14     2.514190E+01     1.103963E+01     6.997124E-01     1.323930E+01     1.645555E+00     1.000000E+00 
   15   122    15     2.513566E+01     1.103935E+01     7.022497E-01     1.326476E+01     1.647245E+00     1.000000E+00 
   16   133    16     2.511220E+01     1.103905E+01     7.038421E-01     1.329166E+01     1.650379E+00     1.000000E+00 
   17   142    17     2.513114E+01     1.103802E+01     7.093147E-01     1.334916E+01     1.658338E+00     1.000000E+00 
   18   152    18     2.517789E+01     1.103747E+01     7.158335E-01     1.349701E+01     1.663119E+00     1.000000E+00 
   19   157    19     2.514190E+01     1.102577E+01     7.365030E-01     1.369073E+01     1.759413E+00     1.000000E+00 
   20   168    20     2.508158E+01     1.102554E+01     7.347666E-01     1.367446E+01     1.762245E+00     1.000000E+00 
   21   179    21     2.509842E+01     1.102532E+01     7.349430E-01     1.367197E+01     1.762189E+00     1.000000E+00 
   22   190    22     2.511131E+01     1.102511E+01     7.382338E-01     1.374246E+01     1.763803E+00     1.000000E+00 
   23   201    23     2.505846E+01     1.102488E+01     7.367244E-01     1.365962E+01     1.767504E+00     1.000000E+00 
   24   212    24     2.501296E+01     1.102466E+01     7.347732E-01     1.366083E+01     1.767001E+00     1.000000E+00 
   25   223    25     2.500972E+01     1.102446E+01     7.386322E-01     1.369708E+01     1.770053E+00     1.000000E+00 
   26   234    26     2.504562E+01     1.102428E+01     7.427768E-01     1.383369E+01     1.768188E+00     1.000000E+00 
   27   245    27     2.509027E+01     1.102408E+01     7.552069E-01     1.402828E+01     1.772973E+00     1.000000E+00 
   28   256    28     2.510951E+01     1.102385E+01     7.602034E-01     1.409862E+01     1.774690E+00     1.000000E+00 
   29   267    29     2.510951E+01     1.102361E+01     7.647579E-01     1.420652E+01     1.776286E+00     1.000000E+00 
   30   278    30     2.509025E+01     1.102336E+01     7.617388E-01     1.414004E+01     1.781603E+00     1.000000E+00 
   31   289    31     2.504735E+01     1.102312E+01     7.546207E-01     1.400554E+01     1.781791E+00     1.000000E+00 
   32   300    32     2.501806E+01     1.102287E+01     7.526996E-01     1.399413E+01     1.784086E+00     1.000000E+00 
   33   311    33     2.502677E+01     1.102267E+01     7.535138E-01     1.398503E+01     1.785234E+00     1.000000E+00 
   34   322    34     2.507404E+01     1.102246E+01     7.629376E-01     1.421956E+01     1.785959E+00     1.000000E+00 
   35   333    35     2.508811E+01     1.102224E+01     7.661094E-01     1.422399E+01     1.789154E+00     1.000000E+00 
   36   344    36     2.505858E+01     1.102201E+01     7.697546E-01     1.428499E+01     1.793423E+00     1.000000E+00 
   37   355    37     2.505290E+01     1.102175E+01     7.743605E-01     1.439681E+01     1.792317E+00     1.000000E+00 
   38   366    38     2.506884E+01     1.102156E+01     7.854824E-01     1.459802E+01     1.797415E+00     1.000000E+00 
   39   377    39     2.508036E+01     1.102131E+01     7.932022E-01     1.475815E+01     1.796113E+00     1.000000E+00 
   40   388    40     2.507051E+01     1.102113E+01     7.928650E-01     1.472394E+01     1.799889E+00     1.000000E+00 
   41   399    41     2.505257E+01     1.102087E+01     7.894152E-01     1.469044E+01     1.802658E+00     1.000000E+00 
   42   410    42     2.503874E+01     1.102067E+01     7.836314E-01     1.457532E+01     1.803440E+00     1.000000E+00 
   43   421    43     2.502707E+01     1.102046E+01     7.848037E-01     1.457425E+01     1.806576E+00     1.000000E+00 
   44   432    44     2.504100E+01     1.102025E+01     7.871251E-01     1.456169E+01     1.805226E+00     1.000000E+00 
   45   443    45     2.509881E+01     1.102009E+01     7.980092E-01     1.471875E+01     1.809915E+00     1.000000E+00 
   46   454    46     2.510795E+01     1.101983E+01     8.038665E-01     1.484069E+01     1.809532E+00     1.000000E+00 
   47   465    47     2.505590E+01     1.101965E+01     7.963460E-01     1.475175E+01     1.814915E+00     1.000000E+00 
   48   476    48     2.502495E+01     1.101941E+01     8.001455E-01     1.480545E+01     1.814552E+00     1.000000E+00 
   49   487    49     2.504026E+01     1.101922E+01     8.118324E-01     1.498564E+01     1.815943E+00     1.000000E+00 
   50   498    50     2.507819E+01     1.101906E+01     8.321938E-01     1.529320E+01     1.817007E+00     1.000000E+00 
   51   509    51     2.506094E+01     1.101882E+01     8.257753E-01     1.520132E+01     1.819977E+00     1.000000E+00 
   52   520    52     2.503125E+01     1.101866E+01     8.115510E-01     1.509452E+01     1.821738E+00     1.000000E+00 
   53   531    53     2.502620E+01     1.101846E+01     8.042123E-01     1.491698E+01     1.822151E+00     1.000000E+00 
   54   542    54     2.505348E+01     1.101828E+01     8.111578E-01     1.504015E+01     1.823805E+00     1.000000E+00 
   55   553    55     2.506913E+01     1.101812E+01     8.160423E-01     1.504113E+01     1.826284E+00     1.000000E+00 
   56   564    56     2.506957E+01     1.101788E+01     8.224745E-01     1.519610E+01     1.827233E+00     1.000000E+00 
   57   575    57     2.504998E+01     1.101774E+01     8.245484E-01     1.525132E+01     1.830176E+00     1.000000E+00 
   58   586    58     2.506659E+01     1.101750E+01     8.288457E-01     1.527064E+01     1.830603E+00     1.000000E+00 
   59   597    59     2.507876E+01     1.101736E+01     8.418379E-01     1.551773E+01     1.834130E+00     1.000000E+00 
   60   608    60     2.506582E+01     1.101713E+01     8.259835E-01     1.521581E+01     1.834815E+00     1.000000E+00 
   61   619    61     2.505735E+01     1.101697E+01     8.232460E-01     1.521397E+01     1.837576E+00     1.000000E+00 
   62   630    62     2.504248E+01     1.101676E+01     8.138411E-01     1.500103E+01     1.836979E+00     1.000000E+00 
   63   641    63     2.506006E+01     1.101661E+01     8.159631E-01     1.510927E+01     1.839762E+00     1.000000E+00 
   64   652    64     2.505481E+01     1.101642E+01     8.266419E-01     1.529297E+01     1.842837E+00     1.000000E+00 
   65   663    65     2.506526E+01     1.101626E+01     8.276888E-01     1.528062E+01     1.842273E+00     1.000000E+00 
   66   674    66     2.504847E+01     1.101609E+01     8.312624E-01     1.542249E+01     1.846242E+00     1.000000E+00 
   67   685    67     2.504151E+01     1.101592E+01     8.263039E-01     1.527679E+01     1.843478E+00     1.000000E+00 
   68   696    68     2.503605E+01     1.101577E+01     8.293784E-01     1.535196E+01     1.847513E+00     1.000000E+00 
   69   707    69     2.505100E+01     1.101559E+01     8.312501E-01     1.529339E+01     1.848108E+00     1.000000E+00 
   70   718    70     2.509551E+01     1.101546E+01     8.469317E-01     1.556386E+01     1.848275E+00     1.000000E+00 
   71   729    71     2.507542E+01     1.101526E+01     8.290402E-01     1.527116E+01     1.854046E+00     1.000000E+00 
   72   740    72     2.505322E+01     1.101511E+01     8.217413E-01     1.507985E+01     1.851605E+00     1.000000E+00 
   73   751    73     2.503349E+01     1.101493E+01     8.131526E-01     1.495439E+01     1.855722E+00     1.000000E+00 
   74   762    74     2.504794E+01     1.101478E+01     8.237399E-01     1.508043E+01     1.855433E+00     1.000000E+00 
   75   773    75     2.505719E+01     1.101463E+01     8.331163E-01     1.535082E+01     1.856880E+00     1.000000E+00 
   76   784    76     2.505215E+01     1.101447E+01     8.333729E-01     1.528073E+01     1.860415E+00     1.000000E+00 
   77   795    77     2.507016E+01     1.101432E+01     8.425905E-01     1.551787E+01     1.859577E+00     1.000000E+00 
   78   806    78     2.507745E+01     1.101418E+01     8.442476E-01     1.539061E+01     1.863135E+00     1.000000E+00 
   79   817    79     2.507000E+01     1.101400E+01     8.418820E-01     1.548526E+01     1.863254E+00     1.000000E+00 
   80   828    80     2.504574E+01     1.101386E+01     8.280988E-01     1.519332E+01     1.864500E+00     1.000000E+00 
   81   839    81     2.504157E+01     1.101369E+01     8.245579E-01     1.518865E+01     1.866228E+00     1.000000E+00 
   82   850    82     2.504638E+01     1.101355E+01     8.224141E-01     1.512780E+01     1.866924E+00     1.000000E+00 
   83   861    83     2.504495E+01     1.101341E+01     8.261289E-01     1.511047E+01     1.869715E+00     1.000000E+00 
   84   872    84     2.503522E+01     1.101324E+01     8.247170E-01     1.510327E+01     1.870018E+00     1.000000E+00 
   85   883    85     2.504176E+01     1.101312E+01     8.329956E-01     1.519010E+01     1.871965E+00     1.000000E+00 
   86   894    86     2.505887E+01     1.101294E+01     8.368285E-01     1.532050E+01     1.872099E+00     1.000000E+00 
   87   905    87     2.508071E+01     1.101283E+01     8.381263E-01     1.530587E+01     1.875344E+00     1.000000E+00 
   88   916    88     2.507621E+01     1.101265E+01     8.301602E-01     1.519494E+01     1.875098E+00     1.000000E+00 
   89   927    89     2.505534E+01     1.101251E+01     8.312689E-01     1.521153E+01     1.878194E+00     1.000000E+00 
   90   938    90     2.505077E+01     1.101236E+01     8.390270E-01     1.543617E+01     1.877994E+00     1.000000E+00 
   91   949    91     2.505713E+01     1.101221E+01     8.512237E-01     1.554965E+01     1.880237E+00     1.000000E+00 
   92   960    92     2.506331E+01     1.101208E+01     8.496394E-01     1.550702E+01     1.880661E+00     1.000000E+00 
   93   971    93     2.504139E+01     1.101193E+01     8.397047E-01     1.525346E+01     1.882045E+00     1.000000E+00 
   94   982    94     2.503094E+01     1.101179E+01     8.367088E-01     1.531694E+01     1.884160E+00     1.000000E+00 
   95   993    95     2.504681E+01     1.101167E+01     8.370580E-01     1.533100E+01     1.883770E+00     1.000000E+00 
   96  1004    96     2.506976E+01     1.101153E+01     8.389945E-01     1.542903E+01     1.887136E+00     1.000000E+00 
   97  1015    97     2.506364E+01     1.101140E+01     8.300354E-01     1.525972E+01     1.886847E+00     1.000000E+00 
   98  1026    98     2.504143E+01     1.101125E+01     8.225732E-01     1.506801E+01     1.888937E+00     1.000000E+00 
   99  1037    99     2.505709E+01     1.101113E+01     8.367980E-01     1.532830E+01     1.890348E+00     1.000000E+00 
  100  1048   100     2.507918E+01     1.101100E+01     8.454543E-01     1.543332E+01     1.890485E+00     1.000000E+00 
  101  1059   101     2.505889E+01     1.101086E+01     8.441648E-01     1.542381E+01     1.894991E+00     1.000000E+00 
  102  1070   102     2.502867E+01     1.101073E+01     8.318933E-01     1.528233E+01     1.892912E+00     1.000000E+00 
  103  1081   103     2.502184E+01     1.101059E+01     8.259986E-01     1.513725E+01     1.895170E+00     1.000000E+00 
  104  1092   104     2.504096E+01     1.101048E+01     8.319375E-01     1.526592E+01     1.894799E+00     1.000000E+00 
  105  1103   105     2.505682E+01     1.101035E+01     8.284133E-01     1.506392E+01     1.897642E+00     1.000000E+00 
  106  1114   106     2.507242E+01     1.101023E+01     8.384947E-01     1.519276E+01     1.898741E+00     1.000000E+00 
  107  1125   107     2.507728E+01     1.101009E+01     8.350535E-01     1.523944E+01     1.899334E+00     1.000000E+00 
  108  1136   108     2.506565E+01     1.100996E+01     8.366324E-01     1.523851E+01     1.902239E+00     1.000000E+00 
  109  1147   109     2.505874E+01     1.100982E+01     8.338443E-01     1.520557E+01     1.901115E+00     1.000000E+00 
  110  1158   110     2.505510E+01     1.100971E+01     8.389819E-01     1.540240E+01     1.904754E+00     1.000000E+00 
  111  1169   111     2.504506E+01     1.100955E+01     8.361136E-01     1.530702E+01     1.904706E+00     1.000000E+00 
  112  1180   112     2.501422E+01     1.100945E+01     8.264521E-01     1.516295E+01     1.905255E+00     1.000000E+00 
  113  1191   113     2.499389E+01     1.100931E+01     8.187569E-01     1.492134E+01     1.906450E+00     1.000000E+00 
  114  1202   114     2.500234E+01     1.100920E+01     8.204587E-01     1.503000E+01     1.904866E+00     1.000000E+00 
  115  1213   115     2.504384E+01     1.100909E+01     8.381709E-01     1.522344E+01     1.908859E+00     1.000000E+00 
  116  1224   116     2.509014E+01     1.100896E+01     8.507145E-01     1.554538E+01     1.908549E+00     1.000000E+00 
  117  1235   117     2.507508E+01     1.100886E+01     8.515844E-01     1.549384E+01     1.912730E+00     1.000000E+00 
  118  1246   118     2.506297E+01     1.100869E+01     8.448720E-01     1.543171E+01     1.912968E+00     1.000000E+00 
  119  1257   119     2.507605E+01     1.100859E+01     8.537456E-01     1.557350E+01     1.913430E+00     1.000000E+00 
  120  1268   120     2.505671E+01     1.100844E+01     8.468786E-01     1.539980E+01     1.916522E+00     1.000000E+00 
  121  1279   121     2.502422E+01     1.100833E+01     8.365181E-01     1.526343E+01     1.917044E+00     1.000000E+00 
  122  1290   122     2.502082E+01     1.100819E+01     8.296515E-01     1.515870E+01     1.916311E+00     1.000000E+00 
  123  1301   123     2.504000E+01     1.100810E+01     8.355791E-01     1.530164E+01     1.918703E+00     1.000000E+00 
  124  1312   124     2.503767E+01     1.100796E+01     8.331549E-01     1.522782E+01     1.918026E+00     1.000000E+00 
  125  1323   125     2.502554E+01     1.100787E+01     8.359309E-01     1.521846E+01     1.921523E+00     1.000000E+00 
  126  1334   126     2.504250E+01     1.100774E+01     8.466441E-01     1.546505E+01     1.919798E+00     1.000000E+00 
  127  1345   127     2.509257E+01     1.100763E+01     8.595684E-01     1.569147E+01     1.922658E+00     1.000000E+00 
  128  1356   128     2.510000E+01     1.100753E+01     8.627874E-01     1.571288E+01     1.923050E+00     1.000000E+00 
  129  1367   129     2.505044E+01     1.100737E+01     8.408964E-01     1.536771E+01     1.925811E+00     1.000000E+00 
  130  1378   130     2.503721E+01     1.100727E+01     8.458944E-01     1.541509E+01     1.925788E+00     1.000000E+00 
  131  1389   131     2.503976E+01     1.100715E+01     8.544356E-01     1.560063E+01     1.927264E+00     1.000000E+00 
  132  1400   132     2.502119E+01     1.100704E+01     8.498653E-01     1.550943E+01     1.927607E+00     1.000000E+00 
  133  1411   133     2.500892E+01     1.100695E+01     8.438770E-01     1.538690E+01     1.928528E+00     1.000000E+00 
  134  1422   134     2.501018E+01     1.100683E+01     8.368946E-01     1.523930E+01     1.928586E+00     1.000000E+00 
  135  1433   135     2.502306E+01     1.100674E+01     8.407317E-01     1.534335E+01     1.930608E+00     1.000000E+00 
  136  1444   136     2.502950E+01     1.100663E+01     8.407499E-01     1.535592E+01     1.931083E+00     1.000000E+00 
  137  1455   137     2.503844E+01     1.100653E+01     8.461781E-01     1.543325E+01     1.932532E+00     1.000000E+00 
  138  1466   138     2.508766E+01     1.100642E+01     8.617619E-01     1.562301E+01     1.933891E+00     1.000000E+00 
  139  1477   139     2.510753E+01     1.100631E+01     8.748610E-01     1.586312E+01     1.934685E+00     1.000000E+00 
  140  1488   140     2.504828E+01     1.100619E+01     8.523664E-01     1.548869E+01     1.938170E+00     1.000000E+00 
  141  1499   141     2.501622E+01     1.100608E+01     8.408855E-01     1.533778E+01     1.937103E+00     1.000000E+00 
  142  1510   142     2.502565E+01     1.100598E+01     8.357419E-01     1.526071E+01     1.937680E+00     1.000000E+00 
  143  1521   143     2.505373E+01     1.100587E+01     8.423140E-01     1.537157E+01     1.939208E+00     1.000000E+00 
  144  1532   144     2.504197E+01     1.100578E+01     8.449846E-01     1.539521E+01     1.940214E+00     1.000000E+00 
  145  1543   145     2.501452E+01     1.100566E+01     8.395095E-01     1.534159E+01     1.942771E+00     1.000000E+00 
  146  1554   146     2.501504E+01     1.100558E+01     8.434803E-01     1.534056E+01     1.940614E+00     1.000000E+00 
  147  1565   147     2.503428E+01     1.100547E+01     8.455648E-01     1.540535E+01     1.943521E+00     1.000000E+00 
  148  1576   148     2.507028E+01     1.100538E+01     8.597322E-01     1.565961E+01     1.942459E+00     1.000000E+00 
  149  1587   149     2.509423E+01     1.100527E+01     8.664236E-01     1.568377E+01     1.946220E+00     1.000000E+00 
  150  1598   150     2.508408E+01     1.100517E+01     8.678154E-01     1.585554E+01     1.946117E+00     1.000000E+00 
  151  1609   151     2.504418E+01     1.100506E+01     8.488477E-01     1.537658E+01     1.947815E+00     1.000000E+00 
  152  1620   152     2.500535E+01     1.100496E+01     8.407296E-01     1.539969E+01     1.948470E+00     1.000000E+00 
  153  1631   153     2.499427E+01     1.100486E+01     8.321641E-01     1.517850E+01     1.947872E+00     1.000000E+00 
  154  1642   154     2.501011E+01     1.100478E+01     8.371777E-01     1.529485E+01     1.948204E+00     1.000000E+00 
  155  1653   155     2.503882E+01     1.100469E+01     8.399377E-01     1.535473E+01     1.950170E+00     1.000000E+00 
  156  1664   156     2.505494E+01     1.100460E+01     8.452731E-01     1.530856E+01     1.950885E+00     1.000000E+00 
  157  1675   157     2.503860E+01     1.100451E+01     8.508295E-01     1.560692E+01     1.953663E+00     1.000000E+00 
  158  1686   158     2.504315E+01     1.100440E+01     8.561066E-01     1.555354E+01     1.952626E+00     1.000000E+00 
  159  1697   159     2.507345E+01     1.100432E+01     8.702558E-01     1.594181E+01     1.953925E+00     1.000000E+00 
  160  1708   160     2.508427E+01     1.100421E+01     8.745987E-01     1.588683E+01     1.955429E+00     1.000000E+00 
  161  1719   161     2.506552E+01     1.100412E+01     8.631171E-01     1.576471E+01     1.956345E+00     1.000000E+00 
  162  1730   162     2.504145E+01     1.100402E+01     8.544451E-01     1.556474E+01     1.957692E+00     1.000000E+00 
  163  1741   163     2.502524E+01     1.100392E+01     8.436045E-01     1.541562E+01     1.957366E+00     1.000000E+00 
  164  1752   164     2.501017E+01     1.100383E+01     8.388521E-01     1.524717E+01     1.957742E+00     1.000000E+00 
  165  1763   165     2.499926E+01     1.100374E+01     8.411717E-01     1.541052E+01     1.958842E+00     1.000000E+00 
  166  1774   166     2.500386E+01     1.100366E+01     8.421010E-01     1.536217E+01     1.958416E+00     1.000000E+00 
  167  1785   167     2.502756E+01     1.100358E+01     8.571102E-01     1.569143E+01     1.960182E+00     1.000000E+00 
  168  1796   168     2.507139E+01     1.100350E+01     8.724338E-01     1.600312E+01     1.960915E+00     1.000000E+00 
  169  1807   169     2.509779E+01     1.100340E+01     8.819872E-01     1.602526E+01     1.963415E+00     1.000000E+00 
  170  1818   170     2.506262E+01     1.100331E+01     8.760138E-01     1.610966E+01     1.965367E+00     1.000000E+00 
  171  1829   171     2.503693E+01     1.100322E+01     8.578964E-01     1.559927E+01     1.965372E+00     1.000000E+00 
  172  1840   172     2.504218E+01     1.100313E+01     8.615757E-01     1.572218E+01     1.965310E+00     1.000000E+00 
  173  1851   173     2.504514E+01     1.100305E+01     8.537842E-01     1.551287E+01     1.966676E+00     1.000000E+00 
  174  1862   174     2.503335E+01     1.100295E+01     8.499651E-01     1.540327E+01     1.966910E+00     1.000000E+00 
  175  1873   175     2.500818E+01     1.100288E+01     8.418397E-01     1.538803E+01     1.968109E+00     1.000000E+00 
  176  1884   176     2.500524E+01     1.100280E+01     8.417207E-01     1.533421E+01     1.967983E+00     1.000000E+00 
  177  1895   177     2.502666E+01     1.100272E+01     8.518483E-01     1.552685E+01     1.967420E+00     1.000000E+00 
  178  1906   178     2.504892E+01     1.100265E+01     8.617066E-01     1.568650E+01     1.971360E+00     1.000000E+00 
  179  1917   179     2.506106E+01     1.100256E+01     8.759716E-01     1.592634E+01     1.970077E+00     1.000000E+00 
  180  1928   180     2.505360E+01     1.100249E+01     8.778772E-01     1.593761E+01     1.972195E+00     1.000000E+00 
  181  1939   181     2.507922E+01     1.100240E+01     8.930764E-01     1.623171E+01     1.973785E+00     1.000000E+00 
  182  1950   182     2.508395E+01     1.100232E+01     8.832353E-01     1.597692E+01     1.972430E+00     1.000000E+00 
  183  1961   183     2.503446E+01     1.100224E+01     8.586859E-01     1.564219E+01     1.977015E+00     1.000000E+00 
  184  1972   184     2.501219E+01     1.100214E+01     8.499381E-01     1.546673E+01     1.974411E+00     1.000000E+00 
  185  1983   185     2.500807E+01     1.100208E+01     8.488704E-01     1.556727E+01     1.975515E+00     1.000000E+00 
  186  1994   186     2.502003E+01     1.100200E+01     8.575451E-01     1.565581E+01     1.977151E+00     1.000000E+00 
  187  2005   187     2.502514E+01     1.100194E+01     8.585810E-01     1.569948E+01     1.975374E+00     1.000000E+00 
  188  2016   188     2.503512E+01     1.100186E+01     8.637590E-01     1.567620E+01     1.979418E+00     1.000000E+00 
  189  2027   189     2.507093E+01     1.100179E+01     8.795859E-01     1.590457E+01     1.976635E+00     1.000000E+00 
  190  2038   190     2.508473E+01     1.100173E+01     8.870415E-01     1.614450E+01     1.982026E+00     1.000000E+00 
  191  2049   191     2.506205E+01     1.100162E+01     8.821173E-01     1.598306E+01     1.980647E+00     1.000000E+00 
  192  2060   192     2.504179E+01     1.100156E+01     8.670025E-01     1.581894E+01     1.981814E+00     1.000000E+00 
  193  2071   193     2.503857E+01     1.100147E+01     8.584922E-01     1.557472E+01     1.982634E+00     1.000000E+00 
  194  2082   194     2.503788E+01     1.100141E+01     8.555690E-01     1.557431E+01     1.982890E+00     1.000000E+00 
  195  2093   195     2.501614E+01     1.100133E+01     8.488179E-01     1.547377E+01     1.983539E+00     1.000000E+00 
  196  2104   196     2.500627E+01     1.100126E+01     8.470781E-01     1.541088E+01     1.983218E+00     1.000000E+00 
  197  2115   197     2.500885E+01     1.100120E+01     8.462268E-01     1.547488E+01     1.983725E+00     1.000000E+00 
  198  2126   198     2.502495E+01     1.100113E+01     8.524777E-01     1.551059E+01     1.984884E+00     1.000000E+00 
  199  2137   199     2.504710E+01     1.100106E+01     8.623250E-01     1.568228E+01     1.986034E+00     1.000000E+00 
  200  2148   200     2.507197E+01     1.100099E+01     8.836499E-01     1.596366E+01     1.987773E+00     1.000000E+00 
  201  2159   201     2.508638E+01     1.100091E+01     8.879611E-01     1.601722E+01     1.987963E+00     1.000000E+00 
  202  2170   202     2.505959E+01     1.100084E+01     8.722254E-01     1.581986E+01     1.990005E+00     1.000000E+00 
  203  2181   203     2.502960E+01     1.100076E+01     8.574106E-01     1.560765E+01     1.990064E+00     1.000000E+00 
  204  2192   204     2.502573E+01     1.100069E+01     8.540077E-01     1.555466E+01     1.990357E+00     1.000000E+00 
  205  2203   205     2.503609E+01     1.100061E+01     8.568728E-01     1.556781E+01     1.991276E+00     1.000000E+00 
  206  2214   206     2.503906E+01     1.100055E+01     8.545988E-01     1.553215E+01     1.991567E+00     1.000000E+00 
  207  2225   207     2.501638E+01     1.100047E+01     8.471543E-01     1.539861E+01     1.992269E+00     1.000000E+00 
  208  2236   208     2.500505E+01     1.100041E+01     8.489732E-01     1.548612E+01     1.992497E+00     1.000000E+00 
  209  2247   209     2.501848E+01     1.100034E+01     8.567251E-01     1.563509E+01     1.992191E+00     1.000000E+00 
  210  2258   210     2.505620E+01     1.100027E+01     8.793634E-01     1.598848E+01     1.995021E+00     1.000000E+00 
  211  2269   211     2.508666E+01     1.100021E+01     8.901112E-01     1.603028E+01     1.994487E+00     1.000000E+00 
  212  2280   212     2.507241E+01     1.100012E+01     8.854057E-01     1.603862E+01     1.997021E+00     1.000000E+00 
  213  2291   213     2.505125E+01     1.100005E+01     8.741237E-01     1.586970E+01     1.996986E+00     1.000000E+00 
  214  2302   214     2.503327E+01     1.099997E+01     8.650662E-01     1.573326E+01     1.997851E+00     1.000000E+00 
  215  2313   215     2.501013E+01     1.099991E+01     8.576570E-01     1.558026E+01     1.998419E+00     1.000000E+00 
  216  2324   216     2.500004E+01     1.099984E+01     8.507796E-01     1.549862E+01     1.997898E+00     1.000000E+00 
  217  2335   217     2.500733E+01     1.099978E+01     8.550237E-01     1.561546E+01     1.997933E+00     1.000000E+00 
  218  2346   218     2.503344E+01     1.099972E+01     8.611006E-01     1.571234E+01     1.999165E+00     1.000000E+00 
  219  2357   219     2.504644E+01     1.099965E+01     8.677273E-01     1.583645E+01     2.000593E+00     1.000000E+00 
  220  2368   220     2.503504E+01     1.099959E+01     8.659033E-01     1.579862E+01     2.002499E+00     1.000000E+00 
  221  2379   221     2.504293E+01     1.099951E+01     8.780340E-01     1.604306E+01     2.002281E+00     1.000000E+00 
  222  2390   222     2.508229E+01     1.099946E+01     9.016079E-01     1.644125E+01     2.003634E+00     1.000000E+00 
  223  2401   223     2.508491E+01     1.099937E+01     8.991710E-01     1.633147E+01     2.003475E+00     1.000000E+00 
  224  2412   224     2.503319E+01     1.099931E+01     8.678064E-01     1.582510E+01     2.006121E+00     1.000000E+00 
  225  2423   225     2.501500E+01     1.099923E+01     8.567012E-01     1.563073E+01     2.004611E+00     1.000000E+00 
  226  2434   226     2.502957E+01     1.099917E+01     8.583392E-01     1.568469E+01     2.006573E+00     1.000000E+00 
  227  2445   227     2.503900E+01     1.099911E+01     8.676425E-01     1.581441E+01     2.006226E+00     1.000000E+00 
  228  2456   228     2.502274E+01     1.099905E+01     8.639677E-01     1.577739E+01     2.007491E+00     1.000000E+00 
  229  2467   229     2.500393E+01     1.099899E+01     8.582635E-01     1.562427E+01     2.007619E+00     1.000000E+00 
  230  2478   230     2.500771E+01     1.099892E+01     8.628896E-01     1.578565E+01     2.006281E+00     1.000000E+00 
  231  2489   231     2.503304E+01     1.099887E+01     8.723090E-01     1.592003E+01     2.009816E+00     1.000000E+00 
  232  2500   232     2.507412E+01     1.099880E+01     8.962221E-01     1.634834E+01     2.007765E+00     1.000000E+00 
  233  2511   233     2.508780E+01     1.099875E+01     8.998188E-01     1.638358E+01     2.011559E+00     1.000000E+00 
  234  2522   234     2.506153E+01     1.099866E+01     8.891192E-01     1.620264E+01     2.011081E+00     1.000000E+00 
  235  2533   235     2.503123E+01     1.099861E+01     8.727652E-01     1.591337E+01     2.012036E+00     1.000000E+00 
  236  2544   236     2.500922E+01     1.099854E+01     8.632314E-01     1.577201E+01     2.013115E+00     1.000000E+00 
  237  2555   237     2.500300E+01     1.099848E+01     8.573177E-01     1.562395E+01     2.011948E+00     1.000000E+00 
  238  2566   238     2.500790E+01     1.099843E+01     8.586042E-01     1.573119E+01     2.012673E+00     1.000000E+00 
  239  2577   239     2.502867E+01     1.099837E+01     8.583432E-01     1.559678E+01     2.012594E+00     1.000000E+00 
  240  2588   240     2.504738E+01     1.099832E+01     8.680883E-01     1.577071E+01     2.014531E+00     1.000000E+00 
  241  2599   241     2.504975E+01     1.099824E+01     8.729392E-01     1.590284E+01     2.015772E+00     1.000000E+00 
  242  2610   242     2.504655E+01     1.099819E+01     8.842201E-01     1.601275E+01     2.016616E+00     1.000000E+00 
  243  2621   243     2.505211E+01     1.099812E+01     8.871975E-01     1.611687E+01     2.016526E+00     1.000000E+00 
  244  2632   244     2.507051E+01     1.099806E+01     8.907961E-01     1.605108E+01     2.017587E+00     1.000000E+00 
  245  2643   245     2.507223E+01     1.099799E+01     8.843129E-01     1.602700E+01     2.018616E+00     1.000000E+00 
  246  2654   246     2.503940E+01     1.099792E+01     8.757579E-01     1.602083E+01     2.019106E+00     1.000000E+00 
  247  2665   247     2.501098E+01     1.099786E+01     8.602469E-01     1.564765E+01     2.019609E+00     1.000000E+00 
  248  2676   248     2.499449E+01     1.099780E+01     8.536675E-01     1.565071E+01     2.018790E+00     1.000000E+00 
  249  2687   249     2.499171E+01     1.099775E+01     8.505450E-01     1.546302E+01     2.019468E+00     1.000000E+00 
  250  2698   250     2.500284E+01     1.099769E+01     8.563525E-01     1.563317E+01     2.019631E+00     1.000000E+00 
  251  2709   251     2.503652E+01     1.099764E+01     8.770565E-01     1.599984E+01     2.020809E+00     1.000000E+00 
  252  2720   252     2.508987E+01     1.099758E+01     9.018560E-01     1.649268E+01     2.022403E+00     1.000000E+00 
  253  2731   253     2.508681E+01     1.099752E+01     9.008716E-01     1.643549E+01     2.023244E+00     1.000000E+00 
  254  2742   254     2.503832E+01     1.099745E+01     8.800329E-01     1.609583E+01     2.025334E+00     1.000000E+00 
  255  2753   255     2.501899E+01     1.099739E+01     8.654033E-01     1.586456E+01     2.023995E+00     1.000000E+00 
  256  2764   256     2.502590E+01     1.099732E+01     8.705867E-01     1.600004E+01     2.024657E+00     1.000000E+00 
  257  2775   257     2.503450E+01     1.099727E+01     8.695424E-01     1.597133E+01     2.025124E+00     1.000000E+00 
  258  2786   258     2.503002E+01     1.099720E+01     8.715587E-01     1.592304E+01     2.027570E+00     1.000000E+00 
  259  2797   259     2.501999E+01     1.099715E+01     8.667238E-01     1.583703E+01     2.026629E+00     1.000000E+00 
  260  2808   260     2.501976E+01     1.099709E+01     8.668464E-01     1.585160E+01     2.028116E+00     1.000000E+00 
  261  2819   261     2.502929E+01     1.099703E+01     8.733119E-01     1.605922E+01     2.027313E+00     1.000000E+00 
  262  2830   262     2.503182E+01     1.099698E+01     8.778427E-01     1.610102E+01     2.028943E+00     1.000000E+00 
  263  2841   263     2.504763E+01     1.099691E+01     8.852383E-01     1.623484E+01     2.029063E+00     1.000000E+00 
  264  2852   264     2.508246E+01     1.099686E+01     8.979913E-01     1.646169E+01     2.028912E+00     1.000000E+00 
  265  2863   265     2.508073E+01     1.099679E+01     8.922842E-01     1.625889E+01     2.031472E+00     1.000000E+00 
  266  2874   266     2.502651E+01     1.099673E+01     8.731803E-01     1.597370E+01     2.031893E+00     1.000000E+00 
  267  2885   267     2.499523E+01     1.099667E+01     8.593118E-01     1.572931E+01     2.031829E+00     1.000000E+00 
  268  2896   268     2.500970E+01     1.099661E+01     8.638321E-01     1.580595E+01     2.030169E+00     1.000000E+00 
  269  2907   269     2.505442E+01     1.099656E+01     8.837132E-01     1.617678E+01     2.032671E+00     1.000000E+00 
  270  2918   270     2.507239E+01     1.099650E+01     8.904248E-01     1.622316E+01     2.032658E+00     1.000000E+00 
  271  2929   271     2.501757E+01     1.099645E+01     8.751718E-01     1.600890E+01     2.036143E+00     1.000000E+00 
  272  2940   272     2.499348E+01     1.099639E+01     8.636964E-01     1.585272E+01     2.033898E+00     1.000000E+00 
  273  2951   273     2.500258E+01     1.099634E+01     8.684580E-01     1.585081E+01     2.034288E+00     1.000000E+00 
  274  2962   274     2.504681E+01     1.099629E+01     8.858340E-01     1.623769E+01     2.034840E+00     1.000000E+00 
  275  2973   275     2.507528E+01     1.099624E+01     8.913119E-01     1.609726E+01     2.034774E+00     1.000000E+00 
  276  2984   276     2.506320E+01     1.099618E+01     8.895481E-01     1.622215E+01     2.038884E+00     1.000000E+00 
  277  2995   277     2.505150E+01     1.099611E+01     8.839337E-01     1.620425E+01     2.035399E+00     1.000000E+00 
  278  3006   278     2.503981E+01     1.099607E+01     8.856149E-01     1.618779E+01     2.040327E+00     1.000000E+00 
  279  3017   279     2.503215E+01     1.099600E+01     8.774755E-01     1.609597E+01     2.038007E+00     1.000000E+00 
  280  3028   280     2.503064E+01     1.099595E+01     8.737571E-01     1.592146E+01     2.038708E+00     1.000000E+00 
  281  3039   281     2.504111E+01     1.099590E+01     8.765791E-01     1.606762E+01     2.040502E+00     1.000000E+00 
  282  3050   282     2.503664E+01     1.099584E+01     8.786863E-01     1.611803E+01     2.039377E+00     1.000000E+00 
  283  3061   283     2.500814E+01     1.099579E+01     8.716404E-01     1.596118E+01     2.041653E+00     1.000000E+00 
  284  3072   284     2.499706E+01     1.099573E+01     8.671884E-01     1.590457E+01     2.040413E+00     1.000000E+00 
  285  3083   285     2.500972E+01     1.099569E+01     8.726156E-01     1.602878E+01     2.040476E+00     1.000000E+00 
  286  3094   286     2.504666E+01     1.099563E+01     8.870897E-01     1.623859E+01     2.042176E+00     1.000000E+00 
  287  3105   287     2.508437E+01     1.099558E+01     9.015666E-01     1.648413E+01     2.042608E+00     1.000000E+00 
  288  3116   288     2.507488E+01     1.099553E+01     8.994343E-01     1.647098E+01     2.044286E+00     1.000000E+00 
  289  3127   289     2.504437E+01     1.099547E+01     8.882366E-01     1.626536E+01     2.045409E+00     1.000000E+00 
  290  3138   290     2.501709E+01     1.099542E+01     8.758339E-01     1.610530E+01     2.045173E+00     1.000000E+00 
  291  3149   291     2.499625E+01     1.099537E+01     8.630355E-01     1.573548E+01     2.044863E+00     1.000000E+00 
  292  3160   292     2.499655E+01     1.099532E+01     8.614407E-01     1.571103E+01     2.044296E+00     1.000000E+00 
  293  3171   293     2.501982E+01     1.099527E+01     8.663602E-01     1.580718E+01     2.044503E+00     1.000000E+00 
  294  3182   294     2.505452E+01     1.099522E+01     8.823282E-01     1.597878E+01     2.046675E+00     1.000000E+00 
  295  3193   295     2.504141E+01     1.099517E+01     8.770220E-01     1.605689E+01     2.047893E+00     1.000000E+00 
  296  3204   296     2.501693E+01     1.099512E+01     8.717263E-01     1.584138E+01     2.048898E+00     1.000000E+00 
  297  3215   297     2.503442E+01     1.099507E+01     8.797852E-01     1.611600E+01     2.047423E+00     1.000000E+00 
  298  3226   298     2.507662E+01     1.099502E+01     8.977880E-01     1.641674E+01     2.049396E+00     1.000000E+00 
  299  3237   299     2.507858E+01     1.099497E+01     8.971571E-01     1.633060E+01     2.050313E+00     1.000000E+00 
  300  3248   300     2.503980E+01     1.099492E+01     8.801325E-01     1.609925E+01     2.051277E+00     1.000000E+00 
  301  3259   301     2.502269E+01     1.099486E+01     8.738620E-01     1.594086E+01     2.051701E+00     1.000000E+00 
  302  3270   302     2.501522E+01     1.099481E+01     8.692992E-01     1.589945E+01     2.050682E+00     1.000000E+00 
  303  3281   303     2.499596E+01     1.099477E+01     8.620362E-01     1.574248E+01     2.051848E+00     1.000000E+00 
  304  3292   304     2.498486E+01     1.099472E+01     8.566449E-01     1.558523E+01     2.050857E+00     1.000000E+00 
  305  3303   305     2.498860E+01     1.099468E+01     8.577112E-01     1.570774E+01     2.050840E+00     1.000000E+00 
  306  3314   306     2.502088E+01     1.099463E+01     8.750934E-01     1.587706E+01     2.052243E+00     1.000000E+00 
  307  3325   307     2.508276E+01     1.099459E+01     8.951800E-01     1.622396E+01     2.052224E+00     1.000000E+00 
  308  3336   308     2.508685E+01     1.099454E+01     9.027413E-01     1.620291E+01     2.056118E+00     1.000000E+00 
  309  3347   309     2.504075E+01     1.099448E+01     8.805019E-01     1.590985E+01     2.055375E+00     1.000000E+00 
  310  3358   310     2.502292E+01     1.099444E+01     8.783220E-01     1.609650E+01     2.055317E+00     1.000000E+00 
  311  3369   311     2.502625E+01     1.099438E+01     8.762077E-01     1.595282E+01     2.056271E+00     1.000000E+00 
  312  3380   312     2.503968E+01     1.099434E+01     8.829459E-01     1.619133E+01     2.055243E+00     1.000000E+00 
  313  3391   313     2.503941E+01     1.099429E+01     8.797314E-01     1.603217E+01     2.057808E+00     1.000000E+00 
  314  3402   314     2.502318E+01     1.099423E+01     8.776950E-01     1.611265E+01     2.057173E+00     1.000000E+00 
  315  3413   315     2.500817E+01     1.099420E+01     8.687095E-01     1.591304E+01     2.058046E+00     1.000000E+00 
  316  3424   316     2.500567E+01     1.099414E+01     8.684800E-01     1.588617E+01     2.056963E+00     1.000000E+00 
  317  3435   317     2.503174E+01     1.099410E+01     8.774126E-01     1.607474E+01     2.057919E+00     1.000000E+00 
  318  3446   318     2.507283E+01     1.099405E+01     8.905383E-01     1.627332E+01     2.058276E+00     1.000000E+00 
  319  3457   319     2.508377E+01     1.099400E+01     8.995274E-01     1.640050E+01     2.060610E+00     1.000000E+00 
  320  3468   320     2.505113E+01     1.099395E+01     8.853145E-01     1.618822E+01     2.061572E+00     1.000000E+00 
  321  3479   321     2.501888E+01     1.099389E+01     8.761557E-01     1.598238E+01     2.060757E+00     1.000000E+00 
  322  3490   322     2.500220E+01     1.099385E+01     8.673840E-01     1.583714E+01     2.061804E+00     1.000000E+00 
  323  3501   323     2.499358E+01     1.099380E+01     8.644960E-01     1.574319E+01     2.060275E+00     1.000000E+00 
  324  3512   324     2.500088E+01     1.099376E+01     8.694754E-01     1.583692E+01     2.061910E+00     1.000000E+00 
  325  3523   325     2.502260E+01     1.099372E+01     8.843873E-01     1.608300E+01     2.061788E+00     1.000000E+00 
  326  3534   326     2.504391E+01     1.099367E+01     8.947760E-01     1.634213E+01     2.063288E+00     1.000000E+00 
  327  3545   327     2.504014E+01     1.099363E+01     8.939022E-01     1.623982E+01     2.065157E+00     1.000000E+00 
  328  3556   328     2.503410E+01     1.099358E+01     8.811917E-01     1.613752E+01     2.064395E+00     1.000000E+00 
  329  3567   329     2.505106E+01     1.099353E+01     8.893052E-01     1.622866E+01     2.065565E+00     1.000000E+00 
  330  3578   330     2.506545E+01     1.099349E+01     8.974708E-01     1.639640E+01     2.065801E+00     1.000000E+00 
  331  3589   331     2.506033E+01     1.099343E+01     8.973871E-01     1.642474E+01     2.066180E+00     1.000000E+00 
  332  3600   332     2.504462E+01     1.099339E+01     8.938708E-01     1.625772E+01     2.067399E+00     1.000000E+00 
  333  3611   333     2.502036E+01     1.099334E+01     8.789389E-01     1.612789E+01     2.067286E+00     1.000000E+00 
  334  3622   334     2.499969E+01     1.099330E+01     8.726920E-01     1.594969E+01     2.067392E+00     1.000000E+00 
  335  3633   335     2.498901E+01     1.099325E+01     8.661859E-01     1.580325E+01     2.066703E+00     1.000000E+00 
  336  3644   336     2.499588E+01     1.099321E+01     8.704785E-01     1.598684E+01     2.066799E+00     1.000000E+00 
  337  3655   337     2.502570E+01     1.099317E+01     8.854681E-01     1.616283E+01     2.067018E+00     1.000000E+00 
  338  3666   338     2.505637E+01     1.099313E+01     9.019071E-01     1.649471E+01     2.070185E+00     1.000000E+00 
  339  3677   339     2.507115E+01     1.099309E+01     9.076212E-01     1.654936E+01     2.069378E+00     1.000000E+00 
  340  3688   340     2.506418E+01     1.099304E+01     9.045046E-01     1.653086E+01     2.072116E+00     1.000000E+00 
  341  3699   341     2.504369E+01     1.099299E+01     8.942869E-01     1.638651E+01     2.071134E+00     1.000000E+00 
  342  3710   342     2.502342E+01     1.099295E+01     8.872125E-01     1.620414E+01     2.071848E+00     1.000000E+00 
  343  3721   343     2.501830E+01     1.099290E+01     8.856688E-01     1.607964E+01     2.072093E+00     1.000000E+00 
  344  3732   344     2.504030E+01     1.099286E+01     8.935604E-01     1.624172E+01     2.070926E+00     1.000000E+00 
  345  3743   345     2.504715E+01     1.099282E+01     8.987001E-01     1.631188E+01     2.073718E+00     1.000000E+00 
  346  3754   346     2.500763E+01     1.099278E+01     8.771198E-01     1.592407E+01     2.073540E+00     1.000000E+00 
  347  3765   347     2.498392E+01     1.099274E+01     8.692592E-01     1.595053E+01     2.073512E+00     1.000000E+00 
  348  3776   348     2.498677E+01     1.099270E+01     8.668798E-01     1.577810E+01     2.071937E+00     1.000000E+00 
  349  3787   349     2.503635E+01     1.099266E+01     8.952543E-01     1.649192E+01     2.073103E+00     1.000000E+00 
  350  3798   350     2.511098E+01     1.099262E+01     9.239311E-01     1.681152E+01     2.074018E+00     1.000000E+00 
  351  3809   351     2.506605E+01     1.099257E+01     9.097540E-01     1.648895E+01     2.077602E+00     1.000000E+00 
  352  3820   352     2.501075E+01     1.099252E+01     8.845572E-01     1.627838E+01     2.076434E+00     1.000000E+00 
  353  3831   353     2.500793E+01     1.099248E+01     8.776584E-01     1.598440E+01     2.076459E+00     1.000000E+00 
  354  3842   354     2.501831E+01     1.099244E+01     8.836235E-01     1.620359E+01     2.076227E+00     1.000000E+00 
  355  3853   355     2.502209E+01     1.099240E+01     8.776819E-01     1.600785E+01     2.076848E+00     1.000000E+00 
  356  3864   356     2.501923E+01     1.099236E+01     8.821864E-01     1.608847E+01     2.078039E+00     1.000000E+00 
  357  3875   357     2.502605E+01     1.099232E+01     8.866766E-01     1.618588E+01     2.077456E+00     1.000000E+00 
  358  3886   358     2.503234E+01     1.099228E+01     8.889116E-01     1.616801E+01     2.079563E+00     1.000000E+00 
  359  3897   359     2.502620E+01     1.099224E+01     8.890813E-01     1.621981E+01     2.078261E+00     1.000000E+00 
  360  3908   360     2.503116E+01     1.099220E+01     8.891780E-01     1.632981E+01     2.080652E+00     1.000000E+00 
  361  3919   361     2.506241E+01     1.099216E+01     9.058665E-01     1.655799E+01     2.078932E+00     1.000000E+00 
  362  3930   362     2.508260E+01     1.099211E+01     9.178056E-01     1.678671E+01     2.081445E+00     1.000000E+00 
  363  3941   363     2.505226E+01     1.099207E+01     8.993226E-01     1.647608E+01     2.081898E+00     1.000000E+00 
  364  3952   364     2.501977E+01     1.099203E+01     8.858751E-01     1.616096E+01     2.081671E+00     1.000000E+00 
  365  3963   365     2.500514E+01     1.099198E+01     8.794307E-01     1.613096E+01     2.083011E+00     1.000000E+00 
  366  3974   366     2.499646E+01     1.099195E+01     8.718903E-01     1.581929E+01     2.080813E+00     1.000000E+00 
  367  3985   367     2.498861E+01     1.099191E+01     8.748858E-01     1.593446E+01     2.082195E+00     1.000000E+00 
  368  3996   368     2.499018E+01     1.099187E+01     8.702971E-01     1.584782E+01     2.081167E+00     1.000000E+00 
  369  4007   369     2.501291E+01     1.099184E+01     8.880062E-01     1.615708E+01     2.082080E+00     1.000000E+00 
  370  4018   370     2.506703E+01     1.099180E+01     9.069512E-01     1.653393E+01     2.084266E+00     1.000000E+00 
  371  4029   371     2.509496E+01     1.099176E+01     9.171646E-01     1.670037E+01     2.084113E+00     1.000000E+00 
  372  4040   372     2.504115E+01     1.099172E+01     9.013071E-01     1.634042E+01     2.086520E+00     1.000000E+00 
  373  4051   373     2.500889E+01     1.099167E+01     8.814212E-01     1.615446E+01     2.085965E+00     1.000000E+00 
  374  4062   374     2.501687E+01     1.099164E+01     8.887604E-01     1.623203E+01     2.084584E+00     1.000000E+00 
  375  4073   375     2.504026E+01     1.099159E+01     8.952976E-01     1.634452E+01     2.086690E+00     1.000000E+00 
  376  4084   376     2.505018E+01     1.099157E+01     9.006241E-01     1.643425E+01     2.086014E+00     1.000000E+00 
  377  4095   377     2.502081E+01     1.099152E+01     8.914955E-01     1.621537E+01     2.087803E+00     1.000000E+00 
  378  4106   378     2.499290E+01     1.099148E+01     8.756266E-01     1.601255E+01     2.087774E+00     1.000000E+00 
  379  4117   379     2.499531E+01     1.099145E+01     8.762019E-01     1.600302E+01     2.085859E+00     1.000000E+00 
  380  4128   380     2.503283E+01     1.099141E+01     8.954308E-01     1.629985E+01     2.087522E+00     1.000000E+00 
  381  4139   381     2.510063E+01     1.099138E+01     9.236320E-01     1.678381E+01     2.088055E+00     1.000000E+00 
  382  4150   382     2.507577E+01     1.099134E+01     9.175968E-01     1.666324E+01     2.088810E+00     1.000000E+00 
  383  4161   383     2.501615E+01     1.099130E+01     8.863608E-01     1.618930E+01     2.091263E+00     1.000000E+00 
  384  4172   384     2.501059E+01     1.099126E+01     8.830101E-01     1.615411E+01     2.088528E+00     1.000000E+00 
  385  4183   385     2.501579E+01     1.099123E+01     8.867505E-01     1.622887E+01     2.090179E+00     1.000000E+00 
  386  4194   386     2.500571E+01     1.099120E+01     8.796097E-01     1.614648E+01     2.089561E+00     1.000000E+00 
  387  4205   387     2.499296E+01     1.099116E+01     8.758670E-01     1.602545E+01     2.089483E+00     1.000000E+00 
  388  4216   388     2.499105E+01     1.099114E+01     8.739674E-01     1.596300E+01     2.090913E+00     1.000000E+00 
  389  4227   389     2.502319E+01     1.099110E+01     8.902197E-01     1.633149E+01     2.089399E+00     1.000000E+00 
  390  4238   390     2.506413E+01     1.099107E+01     9.062392E-01     1.646992E+01     2.092924E+00     1.000000E+00 
  391  4249   391     2.505112E+01     1.099103E+01     8.979110E-01     1.636458E+01     2.093225E+00     1.000000E+00 
  392  4260   392     2.502470E+01     1.099100E+01     8.833503E-01     1.613353E+01     2.093435E+00     1.000000E+00 
  393  4271   393     2.504118E+01     1.099097E+01     8.911999E-01     1.625839E+01     2.093686E+00     1.000000E+00 
  394  4282   394     2.507809E+01     1.099093E+01     9.060536E-01     1.664586E+01     2.093280E+00     1.000000E+00 
  395  4293   395     2.505572E+01     1.099090E+01     9.018822E-01     1.648161E+01     2.095038E+00     1.000000E+00 
  396  4304   396     2.501174E+01     1.099086E+01     8.848187E-01     1.614400E+01     2.095562E+00     1.000000E+00 
  397  4315   397     2.499865E+01     1.099083E+01     8.792857E-01     1.610729E+01     2.094824E+00     1.000000E+00 
  398  4326   398     2.499306E+01     1.099080E+01     8.763365E-01     1.602633E+01     2.093569E+00     1.000000E+00 
  399  4337   399     2.498773E+01     1.099077E+01     8.727588E-01     1.597187E+01     2.094437E+00     1.000000E+00 
  400  4348   400     2.498838E+01     1.099075E+01     8.738722E-01     1.598323E+01     2.092914E+00     1.000000E+00 
  401  4359   401     2.500690E+01     1.099072E+01     8.826242E-01     1.621150E+01     2.096089E+00     1.000000E+00 
  402  4370   402     2.506495E+01     1.099069E+01     9.092410E-01     1.654468E+01     2.095078E+00     1.000000E+00 
  403  4381   403     2.508900E+01     1.099066E+01     9.161073E-01     1.681180E+01     2.098464E+00     1.000000E+00 
  404  4392   404     2.503543E+01     1.099062E+01     8.965269E-01     1.638449E+01     2.098990E+00     1.000000E+00 
  405  4403   405     2.501819E+01     1.099059E+01     8.891763E-01     1.633144E+01     2.096830E+00     1.000000E+00 
  406  4414   406     2.503727E+01     1.099056E+01     9.004137E-01     1.645662E+01     2.099029E+00     1.000000E+00 
  407  4425   407     2.504805E+01     1.099053E+01     9.050277E-01     1.648599E+01     2.097854E+00     1.000000E+00 
  408  4436   408     2.502391E+01     1.099050E+01     8.924277E-01     1.637266E+01     2.099672E+00     1.000000E+00 
  409  4447   409     2.500475E+01     1.099046E+01     8.869063E-01     1.609941E+01     2.099752E+00     1.000000E+00 
  410  4458   410     2.501002E+01     1.099044E+01     8.886106E-01     1.625002E+01     2.098346E+00     1.000000E+00 
  411  4469   411     2.501556E+01     1.099041E+01     8.927191E-01     1.629878E+01     2.100228E+00     1.000000E+00 
  412  4480   412     2.500956E+01     1.099038E+01     8.862843E-01     1.613775E+01     2.099718E+00     1.000000E+00 
  413  4491   413     2.500459E+01     1.099035E+01     8.803592E-01     1.615072E+01     2.099975E+00     1.000000E+00 
  414  4502   414     2.503014E+01     1.099032E+01     8.854323E-01     1.619277E+01     2.100928E+00     1.000000E+00 
  415  4513   415     2.509828E+01     1.099029E+01     9.059807E-01     1.664372E+01     2.100614E+00     1.000000E+00 
  416  4524   416     2.508111E+01     1.099025E+01     9.050401E-01     1.661597E+01     2.103526E+00     1.000000E+00 
  417  4535   417     2.500530E+01     1.099022E+01     8.808128E-01     1.608214E+01     2.103665E+00     1.000000E+00 
  418  4546   418     2.498234E+01     1.099019E+01     8.714214E-01     1.597732E+01     2.102274E+00     1.000000E+00 
  419  4557   419     2.498798E+01     1.099016E+01     8.753494E-01     1.596820E+01     2.101110E+00     1.000000E+00 
  420  4568   420     2.501950E+01     1.099013E+01     8.876027E-01     1.625404E+01     2.101804E+00     1.000000E+00 
  421  4579   421     2.505145E+01     1.099010E+01     9.030869E-01     1.656291E+01     2.102831E+00     1.000000E+00 
  422  4590   422     2.503368E+01     1.099007E+01     8.966472E-01     1.640086E+01     2.105263E+00     1.000000E+00 
  423  4601   423     2.500610E+01     1.099004E+01     8.817265E-01     1.618901E+01     2.104272E+00     1.000000E+00 
  424  4612   424     2.500937E+01     1.099001E+01     8.888549E-01     1.630254E+01     2.104185E+00     1.000000E+00 
  425  4623   425     2.504598E+01     1.098998E+01     9.000777E-01     1.643861E+01     2.105016E+00     1.000000E+00 
  426  4634   426     2.507957E+01     1.098994E+01     9.198232E-01     1.674916E+01     2.104750E+00     1.000000E+00 
  427  4645   427     2.505983E+01     1.098992E+01     9.085315E-01     1.657929E+01     2.108541E+00     1.000000E+00 
  428  4656   428     2.503445E+01     1.098988E+01     8.971705E-01     1.629410E+01     2.105650E+00     1.000000E+00 
  429  4667   429     2.502253E+01     1.098985E+01     8.956365E-01     1.647474E+01     2.107850E+00     1.000000E+00 
  430  4678   430     2.500815E+01     1.098982E+01     8.863414E-01     1.610737E+01     2.106245E+00     1.000000E+00 
  431  4689   431     2.499354E+01     1.098979E+01     8.806621E-01     1.608937E+01     2.106994E+00     1.000000E+00 
  432  4700   432     2.498748E+01     1.098976E+01     8.781375E-01     1.611294E+01     2.106446E+00     1.000000E+00 
  433  4711   433     2.499652E+01     1.098973E+01     8.786241E-01     1.598831E+01     2.106461E+00     1.000000E+00 
  434  4722   434     2.502710E+01     1.098970E+01     8.978200E-01     1.656296E+01     2.107561E+00     1.000000E+00 
  435  4733   435     2.507540E+01     1.098968E+01     9.134567E-01     1.665355E+01     2.108519E+00     1.000000E+00 
  436  4744   436     2.507233E+01     1.098964E+01     9.173268E-01     1.684215E+01     2.110208E+00     1.000000E+00 
  437  4755   437     2.503276E+01     1.098961E+01     9.010082E-01     1.655419E+01     2.110646E+00     1.000000E+00 
  438  4766   438     2.502021E+01     1.098959E+01     8.892661E-01     1.628023E+01     2.110597E+00     1.000000E+00 
  439  4777   439     2.503235E+01     1.098955E+01     9.001268E-01     1.642146E+01     2.108737E+00     1.000000E+00 
  440  4788   440     2.504477E+01     1.098953E+01     9.040954E-01     1.651295E+01     2.112254E+00     1.000000E+00 
  441  4799   441     2.503373E+01     1.098949E+01     9.003535E-01     1.635364E+01     2.109352E+00     1.000000E+00 
  442  4810   442     2.500770E+01     1.098946E+01     8.889963E-01     1.625946E+01     2.112898E+00     1.000000E+00 
  443  4821   443     2.499108E+01     1.098943E+01     8.757555E-01     1.586879E+01     2.110097E+00     1.000000E+00 
  444  4832   444     2.498271E+01     1.098940E+01     8.760163E-01     1.599943E+01     2.111059E+00     1.000000E+00 
  445  4843   445     2.497925E+01     1.098938E+01     8.713260E-01     1.587330E+01     2.110294E+00     1.000000E+00 
  446  4854   446     2.498080E+01     1.098935E+01     8.762953E-01     1.596506E+01     2.110447E+00     1.000000E+00 
  447  4865   447     2.498662E+01     1.098933E+01     8.779528E-01     1.601687E+01     2.111672E+00     1.000000E+00 
  448  4876   448     2.500312E+01     1.098930E+01     8.878484E-01     1.620650E+01     2.111421E+00     1.000000E+00 
  449  4887   449     2.502245E+01     1.098928E+01     8.983533E-01     1.632570E+01     2.113752E+00     1.000000E+00 
  450  4898   450     2.502782E+01     1.098924E+01     9.036341E-01     1.659328E+01     2.113737E+00     1.000000E+00 
  451  4909   451     2.502131E+01     1.098922E+01     9.013454E-01     1.637799E+01     2.114481E+00     1.000000E+00 
  452  4920   452     2.502909E+01     1.098919E+01     9.044555E-01     1.658073E+01     2.114579E+00     1.000000E+00 
  453  4931   453     2.505690E+01     1.098916E+01     9.172965E-01     1.671435E+01     2.114863E+00     1.000000E+00 
  454  4942   454     2.505838E+01     1.098914E+01     9.182797E-01     1.668952E+01     2.115827E+00     1.000000E+00 
  455  4953   455     2.503846E+01     1.098910E+01     9.115174E-01     1.673818E+01     2.116320E+00     1.000000E+00 
  456  4964   456     2.504822E+01     1.098908E+01     9.157372E-01     1.664394E+01     2.115533E+00     1.000000E+00 
  457  4975   457     2.505444E+01     1.098905E+01     9.159464E-01     1.676567E+01     2.116495E+00     1.000000E+00 
  458  4986   458     2.501770E+01     1.098902E+01     8.996135E-01     1.645842E+01     2.117690E+00     1.000000E+00 
  459  4997   459     2.498271E+01     1.098899E+01     8.783692E-01     1.600486E+01     2.116545E+00     1.000000E+00 
  460  5008   460     2.496715E+01     1.098896E+01     8.717571E-01     1.590218E+01     2.115972E+00     1.000000E+00 
  461  5019   461     2.496720E+01     1.098894E+01     8.690046E-01     1.583640E+01     2.114097E+00     1.000000E+00 
  462  5030   462     2.498106E+01     1.098891E+01     8.794129E-01     1.604091E+01     2.115375E+00     1.000000E+00 
  463  5041   463     2.502189E+01     1.098889E+01     9.004841E-01     1.636803E+01     2.115689E+00     1.000000E+00 
  464  5052   464     2.505495E+01     1.098886E+01     9.211681E-01     1.671258E+01     2.118727E+00     1.000000E+00 
  465  5063   465     2.502078E+01     1.098883E+01     9.049219E-01     1.645237E+01     2.119698E+00     1.000000E+00 
  466  5074   466     2.498867E+01     1.098881E+01     8.834907E-01     1.610256E+01     2.118765E+00     1.000000E+00 
  467  5085   467     2.498636E+01     1.098878E+01     8.833220E-01     1.619976E+01     2.118363E+00     1.000000E+00 
  468  5096   468     2.499999E+01     1.098875E+01     8.853296E-01     1.622364E+01     2.117978E+00     1.000000E+00 
  469  5107   469     2.500762E+01     1.098873E+01     8.911330E-01     1.635366E+01     2.118800E+00     1.000000E+00 
  470  5118   470     2.499708E+01     1.098870E+01     8.854182E-01     1.617960E+01     2.119778E+00     1.000000E+00 
  471  5129   471     2.498709E+01     1.098868E+01     8.798471E-01     1.603243E+01     2.119129E+00     1.000000E+00 
  472  5140   472     2.499037E+01     1.098865E+01     8.845576E-01     1.620131E+01     2.120278E+00     1.000000E+00 
  473  5151   473     2.500916E+01     1.098863E+01     8.900825E-01     1.621176E+01     2.119750E+00     1.000000E+00 
  474  5162   474     2.502531E+01     1.098860E+01     9.030987E-01     1.651577E+01     2.121489E+00     1.000000E+00 
  475  5173   475     2.502055E+01     1.098858E+01     8.996214E-01     1.637075E+01     2.122097E+00     1.000000E+00 
  476  5184   476     2.501615E+01     1.098855E+01     8.984870E-01     1.632838E+01     2.122108E+00     1.000000E+00 
  477  5195   477     2.501822E+01     1.098852E+01     8.983952E-01     1.642767E+01     2.122883E+00     1.000000E+00 
  478  5206   478     2.501134E+01     1.098850E+01     8.930202E-01     1.624075E+01     2.122415E+00     1.000000E+00 
  479  5217   479     2.498998E+01     1.098847E+01     8.832976E-01     1.623326E+01     2.122522E+00     1.000000E+00 
  480  5228   480     2.497208E+01     1.098845E+01     8.755036E-01     1.590337E+01     2.122140E+00     1.000000E+00 
  481  5239   481     2.496589E+01     1.098842E+01     8.720061E-01     1.595873E+01     2.120936E+00     1.000000E+00 
  482  5250   482     2.496854E+01     1.098840E+01     8.769435E-01     1.593218E+01     2.121158E+00     1.000000E+00 
  483  5261   483     2.499161E+01     1.098838E+01     8.888018E-01     1.625745E+01     2.121790E+00     1.000000E+00 
  484  5272   484     2.503665E+01     1.098836E+01     9.199769E-01     1.668827E+01     2.123569E+00     1.000000E+00 
  485  5283   485     2.504994E+01     1.098833E+01     9.254764E-01     1.688924E+01     2.126084E+00     1.000000E+00 
  486  5294   486     2.500786E+01     1.098831E+01     9.015384E-01     1.634197E+01     2.125522E+00     1.000000E+00 
  487  5305   487     2.498443E+01     1.098828E+01     8.896472E-01     1.621838E+01     2.126564E+00     1.000000E+00 
  488  5316   488     2.499201E+01     1.098826E+01     8.894184E-01     1.617009E+01     2.125133E+00     1.000000E+00 
  489  5327   489     2.500928E+01     1.098824E+01     9.022155E-01     1.647521E+01     2.125902E+00     1.000000E+00 
  490  5338   490     2.501297E+01     1.098821E+01     9.000624E-01     1.640902E+01     2.127156E+00     1.000000E+00 
  491  5349   491     2.499631E+01     1.098819E+01     8.932550E-01     1.625968E+01     2.126232E+00     1.000000E+00 
  492  5360   492     2.497997E+01     1.098817E+01     8.857024E-01     1.622424E+01     2.128086E+00     1.000000E+00 
  493  5371   493     2.498240E+01     1.098814E+01     8.862892E-01     1.615685E+01     2.125392E+00     1.000000E+00 
  494  5382   494     2.500034E+01     1.098812E+01     9.006385E-01     1.652476E+01     2.127385E+00     1.000000E+00 
  495  5393   495     2.503532E+01     1.098810E+01     9.179980E-01     1.669898E+01     2.126502E+00     1.000000E+00 
  496  5404   496     2.504100E+01     1.098808E+01     9.233640E-01     1.680184E+01     2.129099E+00     1.000000E+00 
  497  5415   497     2.500867E+01     1.098805E+01     9.041851E-01     1.650287E+01     2.129004E+00     1.000000E+00 
  498  5426   498     2.499129E+01     1.098803E+01     8.925173E-01     1.626564E+01     2.128552E+00     1.000000E+00 
  499  5437   499     2.498600E+01     1.098801E+01     8.893314E-01     1.625966E+01     2.128608E+00     1.000000E+00 
  500  5448   500     2.498724E+01     1.098799E+01     8.881884E-01     1.619282E+01     2.127911E+00     1.000000E+00 
  501  5459   501     2.498688E+01     1.098796E+01     8.863947E-01     1.625993E+01     2.128111E+00     1.000000E+00 
  502  5470   502     2.498577E+01     1.098794E+01     8.877948E-01     1.618860E+01     2.128270E+00     1.000000E+00 
  503  5481   503     2.498826E+01     1.098792E+01     8.872246E-01     1.621257E+01     2.128692E+00     1.000000E+00 
  504  5492   504     2.499420E+01     1.098790E+01     8.947014E-01     1.628907E+01     2.130470E+00     1.000000E+00 
  505  5503   505     2.500955E+01     1.098788E+01     8.973938E-01     1.640007E+01     2.130528E+00     1.000000E+00 
  506  5514   506     2.502314E+01     1.098785E+01     9.014016E-01     1.642269E+01     2.131556E+00     1.000000E+00 
  507  5525   507     2.502225E+01     1.098783E+01     9.007933E-01     1.647201E+01     2.131670E+00     1.000000E+00 
  508  5536   508     2.501497E+01     1.098780E+01     8.981896E-01     1.635673E+01     2.132151E+00     1.000000E+00 
  509  5547   509     2.501041E+01     1.098778E+01     9.016626E-01     1.654763E+01     2.132683E+00     1.000000E+00 
  510  5558   510     2.500897E+01     1.098776E+01     8.957317E-01     1.626393E+01     2.133564E+00     1.000000E+00 
  511  5569   511     2.500291E+01     1.098773E+01     8.905162E-01     1.639866E+01     2.132166E+00     1.000000E+00 
  512  5580   512     2.498811E+01     1.098771E+01     8.844336E-01     1.607482E+01     2.133507E+00     1.000000E+00 
  513  5591   513     2.497766E+01     1.098769E+01     8.788905E-01     1.608021E+01     2.131679E+00     1.000000E+00 
  514  5602   514     2.497181E+01     1.098767E+01     8.809501E-01     1.606205E+01     2.132301E+00     1.000000E+00 
  515  5613   515     2.497923E+01     1.098765E+01     8.848312E-01     1.614523E+01     2.131438E+00     1.000000E+00 
  516  5624   516     2.500488E+01     1.098762E+01     9.003946E-01     1.646910E+01     2.132102E+00     1.000000E+00 
  517  5635   517     2.504172E+01     1.098760E+01     9.169501E-01     1.668790E+01     2.135214E+00     1.000000E+00 
  518  5646   518     2.503738E+01     1.098758E+01     9.122058E-01     1.662767E+01     2.134662E+00     1.000000E+00 
  519  5657   519     2.499998E+01     1.098755E+01     8.972916E-01     1.635504E+01     2.137515E+00     1.000000E+00 
  520  5668   520     2.499053E+01     1.098753E+01     8.893276E-01     1.620444E+01     2.134461E+00     1.000000E+00 
  521  5679   521     2.500400E+01     1.098751E+01     8.959211E-01     1.644383E+01     2.134700E+00     1.000000E+00 
  522  5690   522     2.501355E+01     1.098749E+01     8.959837E-01     1.632277E+01     2.135809E+00     1.000000E+00 
  523  5701   523     2.500127E+01     1.098746E+01     8.881310E-01     1.633100E+01     2.135964E+00     1.000000E+00 
  524  5712   524     2.497881E+01     1.098744E+01     8.799523E-01     1.601058E+01     2.136454E+00     1.000000E+00 
  525  5723   525     2.496931E+01     1.098742E+01     8.731169E-01     1.596705E+01     2.134798E+00     1.000000E+00 
  526  5734   526     2.497198E+01     1.098739E+01     8.776326E-01     1.600441E+01     2.134120E+00     1.000000E+00 
  527  5745   527     2.499119E+01     1.098737E+01     8.852215E-01     1.619478E+01     2.135010E+00     1.000000E+00 
  528  5756   528     2.502693E+01     1.098735E+01     9.100259E-01     1.666035E+01     2.135664E+00     1.000000E+00 
  529  5767   529     2.503967E+01     1.098733E+01     9.154779E-01     1.658836E+01     2.139440E+00     1.000000E+00 
  530  5778   530     2.501617E+01     1.098730E+01     9.057822E-01     1.647505E+01     2.138385E+00     1.000000E+00 
  531  5789   531     2.500298E+01     1.098728E+01     8.938984E-01     1.629472E+01     2.139163E+00     1.000000E+00 
  532  5800   532     2.500286E+01     1.098726E+01     8.936716E-01     1.638827E+01     2.138036E+00     1.000000E+00 
  533  5811   533     2.499676E+01     1.098723E+01     8.885163E-01     1.632913E+01     2.138291E+00     1.000000E+00 
  534  5822   534     2.498328E+01     1.098721E+01     8.826993E-01     1.616040E+01     2.138362E+00     1.000000E+00 
  535  5833   535     2.497629E+01     1.098718E+01     8.783707E-01     1.604057E+01     2.137549E+00     1.000000E+00 
  536  5844   536     2.498343E+01     1.098716E+01     8.818637E-01     1.614659E+01     2.137646E+00     1.000000E+00 
  537  5855   537     2.500795E+01     1.098714E+01     8.953808E-01     1.638703E+01     2.138279E+00     1.000000E+00 
  538  5866   538     2.502879E+01     1.098712E+01     9.050133E-01     1.665621E+01     2.140570E+00     1.000000E+00 
  539  5877   539     2.501433E+01     1.098710E+01     9.017884E-01     1.648758E+01     2.141521E+00     1.000000E+00 
  540  5888   540     2.499959E+01     1.098707E+01     8.925511E-01     1.632454E+01     2.141155E+00     1.000000E+00 
  541  5899   541     2.501470E+01     1.098705E+01     9.016651E-01     1.638908E+01     2.140315E+00     1.000000E+00 
  542  5910   542     2.503740E+01     1.098703E+01     9.117162E-01     1.664813E+01     2.141661E+00     1.000000E+00 
  543  5921   543     2.501666E+01     1.098700E+01     9.011597E-01     1.644739E+01     2.142845E+00     1.000000E+00 
  544  5932   544     2.498056E+01     1.098698E+01     8.826693E-01     1.612509E+01     2.142669E+00     1.000000E+00 
  545  5943   545     2.496402E+01     1.098696E+01     8.726500E-01     1.592438E+01     2.140738E+00     1.000000E+00 
  546  5954   546     2.495952E+01     1.098694E+01     8.711168E-01     1.586929E+01     2.139482E+00     1.000000E+00 
  547  5965   547     2.496263E+01     1.098692E+01     8.709732E-01     1.590241E+01     2.138669E+00     1.000000E+00 
  548  5976   548     2.497849E+01     1.098690E+01     8.847310E-01     1.613618E+01     2.140379E+00     1.000000E+00 
  549  5987   549     2.501774E+01     1.098688E+01     9.037861E-01     1.645071E+01     2.140959E+00     1.000000E+00 
  550  5998   550     2.505119E+01     1.098685E+01     9.327967E-01     1.689699E+01     2.146198E+00     1.000000E+00 
  551  6009   551     2.502013E+01     1.098683E+01     9.073921E-01     1.649349E+01     2.144608E+00     1.000000E+00 
  552  6020   552     2.499209E+01     1.098681E+01     8.950063E-01     1.627234E+01     2.146295E+00     1.000000E+00 
  553  6031   553     2.499477E+01     1.098678E+01     8.920523E-01     1.637296E+01     2.143441E+00     1.000000E+00 
  554  6042   554     2.500736E+01     1.098676E+01     9.014326E-01     1.650917E+01     2.144729E+00     1.000000E+00 
  555  6053   555     2.500578E+01     1.098674E+01     9.012285E-01     1.658701E+01     2.144777E+00     1.000000E+00 
  556  6064   556     2.499029E+01     1.098672E+01     8.924519E-01     1.623028E+01     2.145241E+00     1.000000E+00 
  557  6075   557     2.498397E+01     1.098670E+01     8.896835E-01     1.628331E+01     2.144796E+00     1.000000E+00 
  558  6086   558     2.499369E+01     1.098668E+01     8.930849E-01     1.623945E+01     2.144321E+00     1.000000E+00 
  559  6097   559     2.501297E+01     1.098666E+01     9.066055E-01     1.660287E+01     2.145616E+00     1.000000E+00 
  560  6108   560     2.501952E+01     1.098663E+01     9.097517E-01     1.654349E+01     2.146355E+00     1.000000E+00 
  561  6119   561     2.501336E+01     1.098661E+01     9.095506E-01     1.661114E+01     2.146853E+00     1.000000E+00 
  562  6130   562     2.501960E+01     1.098659E+01     9.132470E-01     1.663234E+01     2.147059E+00     1.000000E+00 
  563  6141   563     2.503031E+01     1.098657E+01     9.177459E-01     1.685905E+01     2.146865E+00     1.000000E+00 
  564  6152   564     2.501211E+01     1.098654E+01     9.063285E-01     1.665742E+01     2.148281E+00     1.000000E+00 
  565  6163   565     2.498236E+01     1.098652E+01     8.868425E-01     1.623227E+01     2.147723E+00     1.000000E+00 
  566  6174   566     2.496646E+01     1.098650E+01     8.777623E-01     1.602815E+01     2.146405E+00     1.000000E+00 
  567  6185   567     2.496163E+01     1.098648E+01     8.735356E-01     1.592785E+01     2.145537E+00     1.000000E+00 
  568  6196   568     2.496712E+01     1.098646E+01     8.782170E-01     1.602231E+01     2.144690E+00     1.000000E+00 
  569  6207   569     2.499174E+01     1.098644E+01     8.914370E-01     1.618556E+01     2.146890E+00     1.000000E+00 
  570  6218   570     2.504183E+01     1.098642E+01     9.260384E-01     1.682085E+01     2.147585E+00     1.000000E+00 
  571  6229   571     2.504722E+01     1.098640E+01     9.264055E-01     1.675483E+01     2.151659E+00     1.000000E+00 
  572  6240   572     2.499906E+01     1.098638E+01     9.026107E-01     1.642411E+01     2.150988E+00     1.000000E+00 
  573  6251   573     2.498194E+01     1.098635E+01     8.865411E-01     1.610190E+01     2.149625E+00     1.000000E+00 
  574  6262   574     2.499427E+01     1.098634E+01     8.938493E-01     1.631901E+01     2.149573E+00     1.000000E+00 
  575  6273   575     2.501617E+01     1.098631E+01     9.007456E-01     1.643116E+01     2.149095E+00     1.000000E+00 
  576  6284   576     2.501211E+01     1.098629E+01     9.013943E-01     1.648873E+01     2.151972E+00     1.000000E+00 
  577  6295   577     2.498622E+01     1.098627E+01     8.870270E-01     1.616233E+01     2.150474E+00     1.000000E+00 
  578  6306   578     2.497218E+01     1.098625E+01     8.808308E-01     1.611318E+01     2.150352E+00     1.000000E+00 
  579  6317   579     2.497275E+01     1.098623E+01     8.807389E-01     1.604016E+01     2.149146E+00     1.000000E+00 
  580  6328   580     2.498638E+01     1.098621E+01     8.879181E-01     1.628613E+01     2.149553E+00     1.000000E+00 
  581  6339   581     2.500869E+01     1.098619E+01     8.993503E-01     1.643835E+01     2.150905E+00     1.000000E+00 
  582  6350   582     2.502267E+01     1.098617E+01     9.056981E-01     1.655752E+01     2.152281E+00     1.000000E+00 
  583  6361   583     2.502239E+01     1.098615E+01     9.047705E-01     1.643146E+01     2.152860E+00     1.000000E+00 
  584  6372   584     2.502467E+01     1.098613E+01     9.069096E-01     1.658853E+01     2.153094E+00     1.000000E+00 
  585  6383   585     2.502038E+01     1.098611E+01     9.057191E-01     1.666010E+01     2.153215E+00     1.000000E+00 
  586  6394   586     2.499811E+01     1.098609E+01     8.958268E-01     1.650927E+01     2.153796E+00     1.000000E+00 
  587  6405   587     2.497619E+01     1.098607E+01     8.845578E-01     1.618998E+01     2.152951E+00     1.000000E+00 
  588  6416   588     2.496599E+01     1.098605E+01     8.778282E-01     1.604687E+01     2.151818E+00     1.000000E+00 
  589  6427   589     2.496632E+01     1.098603E+01     8.782946E-01     1.601342E+01     2.151504E+00     1.000000E+00 
  590  6438   590     2.498133E+01     1.098601E+01     8.825661E-01     1.611285E+01     2.151303E+00     1.000000E+00 
  591  6449   591     2.501794E+01     1.098599E+01     9.014706E-01     1.639083E+01     2.154229E+00     1.000000E+00 
  592  6460   592     2.504196E+01     1.098597E+01     9.084264E-01     1.658755E+01     2.154627E+00     1.000000E+00 
  593  6471   593     2.501292E+01     1.098595E+01     8.992727E-01     1.634979E+01     2.157683E+00     1.000000E+00 
  594  6482   594     2.499392E+01     1.098593E+01     8.888954E-01     1.619561E+01     2.155012E+00     1.000000E+00 
  595  6493   595     2.501008E+01     1.098591E+01     8.965615E-01     1.640387E+01     2.156452E+00     1.000000E+00 
  596  6504   596     2.503234E+01     1.098589E+01     9.078579E-01     1.657852E+01     2.155723E+00     1.000000E+00 
  597  6515   597     2.501228E+01     1.098587E+01     9.004079E-01     1.649831E+01     2.158730E+00     1.000000E+00 
  598  6526   598     2.497910E+01     1.098585E+01     8.856115E-01     1.614862E+01     2.156785E+00     1.000000E+00 
  599  6537   599     2.496451E+01     1.098583E+01     8.785222E-01     1.607399E+01     2.155790E+00     1.000000E+00 
  600  6547   600     2.545842E+01     1.098581E+01     4.064338E-01     7.974106E+00     3.130226E-08     4.410760E-01 
